<?xml version="1.0" encoding="utf-8"?>
<TestRun id="7ef759c7-63a6-423e-8745-aad1845bdac6" name="@cursor 2025-08-11 23:17:38" xmlns="http://microsoft.com/schemas/VisualStudio/TeamTest/2010">
  <Times creation="2025-08-11T23:17:38.8237869+00:00" queuing="2025-08-11T23:17:38.8237870+00:00" start="2025-08-11T23:17:36.9103713+00:00" finish="2025-08-11T23:17:39.5796455+00:00" />
  <TestSettings name="default" id="42924a4a-2d17-4351-9612-7d5ed15573a9">
    <Deployment runDeploymentRoot="_cursor_2025-08-11_23_17_38" />
  </TestSettings>
  <Results>
    <UnitTestResult executionId="bec8fd0d-e425-4626-893a-ab8712500821" testId="24920700-cbf0-845b-81d7-78958082ce63" testName="RegisterLauncher_WithValidLauncher_RegistersSuccessfully" computerName="cursor" duration="00:00:00.0002370" startTime="2025-08-11T23:17:39.0348222+00:00" endTime="2025-08-11T23:17:39.0350590+00:00" testType="13cdc9d9-ddb5-4fa4-a97d-d965ccfc6d4b" outcome="Passed" testListId="8c84fa94-04c1-424b-9868-57a2d4851a1d" relativeResultsDirectory="bec8fd0d-e425-4626-893a-ab8712500821" />
    <UnitTestResult executionId="a7225b3d-affa-4806-9aac-007d98f1186c" testId="5ecd0d47-634a-f5a5-e7c4-807c1c8c5935" testName="WithSlowMo_WithZeroValue_SetsSlowMoToZero" computerName="cursor" duration="00:00:00.0003840" startTime="2025-08-11T23:17:38.8674616+00:00" endTime="2025-08-11T23:17:38.8678451+00:00" testType="13cdc9d9-ddb5-4fa4-a97d-d965ccfc6d4b" outcome="Passed" testListId="8c84fa94-04c1-424b-9868-57a2d4851a1d" relativeResultsDirectory="a7225b3d-affa-4806-9aac-007d98f1186c" />
    <UnitTestResult executionId="42669e84-ade2-46c3-a4a9-670e7c2ba0e1" testId="cc28fd0d-aeb1-6068-03cf-a613121c3154" testName="First_WithEmptyCollection_ShouldThrowInvalidOperationException" computerName="cursor" duration="00:00:00.0020390" startTime="2025-08-11T23:17:38.7997101+00:00" endTime="2025-08-11T23:17:38.8017426+00:00" testType="13cdc9d9-ddb5-4fa4-a97d-d965ccfc6d4b" outcome="Passed" testListId="8c84fa94-04c1-424b-9868-57a2d4851a1d" relativeResultsDirectory="42669e84-ade2-46c3-a4a9-670e7c2ba0e1" />
    <UnitTestResult executionId="919e59b7-0097-470a-8db6-7bc107e82674" testId="c48c7a66-1a74-12aa-2595-2e164ad6c470" testName="DotNet_CustomArguments_AreAppended" computerName="cursor" duration="00:00:00.0001030" startTime="2025-08-11T23:17:39.0297883+00:00" endTime="2025-08-11T23:17:39.0298911+00:00" testType="13cdc9d9-ddb5-4fa4-a97d-d965ccfc6d4b" outcome="Passed" testListId="8c84fa94-04c1-424b-9868-57a2d4851a1d" relativeResultsDirectory="919e59b7-0097-470a-8db6-7bc107e82674" />
    <UnitTestResult executionId="043168cd-b548-4a5b-b58e-97e9c1f30ebc" testId="869c75f3-f0d3-ccd1-94b9-b347ceeefe6e" testName="CreateConfigurationWithDetection_WithValidParameters_ReturnsConfiguration" computerName="cursor" duration="00:00:00.0014189" startTime="2025-08-11T23:17:39.0328017+00:00" endTime="2025-08-11T23:17:39.0342202+00:00" testType="13cdc9d9-ddb5-4fa4-a97d-d965ccfc6d4b" outcome="Passed" testListId="8c84fa94-04c1-424b-9868-57a2d4851a1d" relativeResultsDirectory="043168cd-b548-4a5b-b58e-97e9c1f30ebc" />
    <UnitTestResult executionId="8064c90b-394d-419a-ae4c-47f5593f0b7e" testId="3297f400-bb31-d8da-0f7d-46758c3d7554" testName="StartServerAsync_ServerAlreadyRunning_SetsRunningState" computerName="cursor" duration="00:00:00.1567160" startTime="2025-08-11T23:17:39.2171224+00:00" endTime="2025-08-11T23:17:39.3738383+00:00" testType="13cdc9d9-ddb5-4fa4-a97d-d965ccfc6d4b" outcome="Passed" testListId="8c84fa94-04c1-424b-9868-57a2d4851a1d" relativeResultsDirectory="8064c90b-394d-419a-ae4c-47f5593f0b7e" />
    <UnitTestResult executionId="44c0df05-1694-4be0-9810-f2ecba5a1b97" testId="12ff9ff8-18aa-7b6e-4922-4d2923a6060b" testName="RegisterPlugin_WithValidPluginInstance_RegistersPlugin" computerName="cursor" duration="00:00:00.0003289" startTime="2025-08-11T23:17:39.0163238+00:00" endTime="2025-08-11T23:17:39.0166526+00:00" testType="13cdc9d9-ddb5-4fa4-a97d-d965ccfc6d4b" outcome="Passed" testListId="8c84fa94-04c1-424b-9868-57a2d4851a1d" relativeResultsDirectory="44c0df05-1694-4be0-9810-f2ecba5a1b97" />
    <UnitTestResult executionId="c849fe93-e031-413c-8c23-854096c2c940" testId="75c5db20-bc00-63de-91f7-e74098d22990" testName="CreateElement_WithNullConfiguration_ShouldThrowArgumentNullException" computerName="cursor" duration="00:00:00.0001520" startTime="2025-08-11T23:17:38.8172036+00:00" endTime="2025-08-11T23:17:38.8173557+00:00" testType="13cdc9d9-ddb5-4fa4-a97d-d965ccfc6d4b" outcome="Passed" testListId="8c84fa94-04c1-424b-9868-57a2d4851a1d" relativeResultsDirectory="c849fe93-e031-413c-8c23-854096c2c940" />
    <UnitTestResult executionId="21acc0c3-617a-4d08-b44f-1b49b1138c79" testId="ab102e48-216b-a6e1-6a1e-ce5492770c81" testName="ValidatePlugins_WithInvalidPlugin_ThrowsPluginException" computerName="cursor" duration="00:00:00.0006390" startTime="2025-08-11T23:17:39.0168603+00:00" endTime="2025-08-11T23:17:39.0174988+00:00" testType="13cdc9d9-ddb5-4fa4-a97d-d965ccfc6d4b" outcome="Passed" testListId="8c84fa94-04c1-424b-9868-57a2d4851a1d" relativeResultsDirectory="21acc0c3-617a-4d08-b44f-1b49b1138c79" />
    <UnitTestResult executionId="324a61ef-34bf-4602-b924-0972969dc04e" testId="0cc5a016-6448-c184-75cf-5538243062ce" testName="WithServerConfiguration_WithNullConfiguration_Removed" computerName="cursor" duration="00:00:00.0001640" startTime="2025-08-11T23:17:38.8668165+00:00" endTime="2025-08-11T23:17:38.8669805+00:00" testType="13cdc9d9-ddb5-4fa4-a97d-d965ccfc6d4b" outcome="Passed" testListId="8c84fa94-04c1-424b-9868-57a2d4851a1d" relativeResultsDirectory="324a61ef-34bf-4602-b924-0972969dc04e">
      <Output>
        <StdOut>Removed</StdOut>
      </Output>
    </UnitTestResult>
    <UnitTestResult executionId="81d57376-ed76-4bbe-83ca-a293a5e650bf" testId="3060bcb3-7dbb-52ae-d898-6c736e92902a" testName="RegisterDetector_WithValidDetector_RegistersSuccessfully" computerName="cursor" duration="00:00:00.0003230" startTime="2025-08-11T23:17:39.0344887+00:00" endTime="2025-08-11T23:17:39.0348112+00:00" testType="13cdc9d9-ddb5-4fa4-a97d-d965ccfc6d4b" outcome="Passed" testListId="8c84fa94-04c1-424b-9868-57a2d4851a1d" relativeResultsDirectory="81d57376-ed76-4bbe-83ca-a293a5e650bf">
      <Output>
        <StdOut>Detector registered successfully</StdOut>
      </Output>
    </UnitTestResult>
    <UnitTestResult executionId="6b1193be-2b8c-499b-bddd-b5f58ee688b1" testId="8ae62a86-1c76-a105-6718-7582f48ad523" testName="WithRetryInterval_ShouldSetRetryInterval" computerName="cursor" duration="00:00:00.0001110" startTime="2025-08-11T23:17:38.7783128+00:00" endTime="2025-08-11T23:17:38.7784239+00:00" testType="13cdc9d9-ddb5-4fa4-a97d-d965ccfc6d4b" outcome="Passed" testListId="8c84fa94-04c1-424b-9868-57a2d4851a1d" relativeResultsDirectory="6b1193be-2b8c-499b-bddd-b5f58ee688b1" />
    <UnitTestResult executionId="b08a1fcb-c859-4c34-93bb-c47e9cf49f58" testId="ce884f09-4916-a854-a0cc-dbdac776383b" testName="WithServerConfiguration_Removed_FromBuilder" computerName="cursor" duration="00:00:00.0003180" startTime="2025-08-11T23:17:38.8664875+00:00" endTime="2025-08-11T23:17:38.8668049+00:00" testType="13cdc9d9-ddb5-4fa4-a97d-d965ccfc6d4b" outcome="Passed" testListId="8c84fa94-04c1-424b-9868-57a2d4851a1d" relativeResultsDirectory="b08a1fcb-c859-4c34-93bb-c47e9cf49f58">
      <Output>
        <StdOut>Server configuration is now provided only to WebServerManager</StdOut>
      </Output>
    </UnitTestResult>
    <UnitTestResult executionId="ab0b7380-8f14-480b-a835-3e9b611c9114" testId="37cb0dcf-4168-cbb7-f50e-73ed6d374e4a" testName="GetCssValue_ShouldReturnEmptyString" computerName="cursor" duration="00:00:00.0001220" startTime="2025-08-11T23:17:38.8256028+00:00" endTime="2025-08-11T23:17:38.8257245+00:00" testType="13cdc9d9-ddb5-4fa4-a97d-d965ccfc6d4b" outcome="Passed" testListId="8c84fa94-04c1-424b-9868-57a2d4851a1d" relativeResultsDirectory="ab0b7380-8f14-480b-a835-3e9b611c9114" />
    <UnitTestResult executionId="b0bde0bb-2872-4eeb-9b26-ad7b93c3bf7a" testId="677131f5-8f9b-a5d7-51f3-8830f5479d4d" testName="WithHeadlessMode_WithNullValue_SetsHeadlessModeToNull" computerName="cursor" duration="00:00:00.0001750" startTime="2025-08-11T23:17:38.8659310+00:00" endTime="2025-08-11T23:17:38.8661064+00:00" testType="13cdc9d9-ddb5-4fa4-a97d-d965ccfc6d4b" outcome="Passed" testListId="8c84fa94-04c1-424b-9868-57a2d4851a1d" relativeResultsDirectory="b0bde0bb-2872-4eeb-9b26-ad7b93c3bf7a" />
    <UnitTestResult executionId="b744f6a4-937e-4d7e-9c2e-b6d6f5aba113" testId="19dd36e1-31f9-3753-0a72-7dc6f09188c0" testName="VerificationException_Constructors_Work" computerName="cursor" duration="00:00:00.0001350" startTime="2025-08-11T23:17:38.8450819+00:00" endTime="2025-08-11T23:17:38.8452172+00:00" testType="13cdc9d9-ddb5-4fa4-a97d-d965ccfc6d4b" outcome="Passed" testListId="8c84fa94-04c1-424b-9868-57a2d4851a1d" relativeResultsDirectory="b744f6a4-937e-4d7e-9c2e-b6d6f5aba113" />
    <UnitTestResult executionId="79a4167f-abe8-441c-928a-583af4e10c89" testId="33a7bbde-5ce9-4487-c1d1-eb748c5080db" testName="CreateDriver_WithNullOptions_ThrowsArgumentNullException" computerName="cursor" duration="00:00:00.0001550" startTime="2025-08-11T23:17:39.0146856+00:00" endTime="2025-08-11T23:17:39.0148407+00:00" testType="13cdc9d9-ddb5-4fa4-a97d-d965ccfc6d4b" outcome="Passed" testListId="8c84fa94-04c1-424b-9868-57a2d4851a1d" relativeResultsDirectory="79a4167f-abe8-441c-928a-583af4e10c89" />
    <UnitTestResult executionId="76b202b9-e657-4dcd-9fa5-0f651f16f5e5" testId="1dbd60f0-8bf8-0e06-1bea-3397a47d2afd" testName="HeadlessMode_WithValidValue_SetsHeadlessMode" computerName="cursor" duration="00:00:00.0001900" startTime="2025-08-11T23:17:39.0037101+00:00" endTime="2025-08-11T23:17:39.0039003+00:00" testType="13cdc9d9-ddb5-4fa4-a97d-d965ccfc6d4b" outcome="Passed" testListId="8c84fa94-04c1-424b-9868-57a2d4851a1d" relativeResultsDirectory="76b202b9-e657-4dcd-9fa5-0f651f16f5e5" />
    <UnitTestResult executionId="571f7ab7-ac95-4a03-915f-1853397948f6" testId="ba86690a-e524-5b30-0581-e7c61fd4694c" testName="SpaProxyEnv_PropagatesToStartInfo" computerName="cursor" duration="00:00:00.0009680" startTime="2025-08-11T23:17:38.6646262+00:00" endTime="2025-08-11T23:17:38.6655944+00:00" testType="13cdc9d9-ddb5-4fa4-a97d-d965ccfc6d4b" outcome="Passed" testListId="8c84fa94-04c1-424b-9868-57a2d4851a1d" relativeResultsDirectory="571f7ab7-ac95-4a03-915f-1853397948f6" />
    <UnitTestResult executionId="061c3e05-8ec0-441d-97b2-5f059fca3594" testId="ecd0e042-7358-e08b-c8ac-f95b7ed8f0a9" testName="That_DelegatesThrowOnFalse" computerName="cursor" duration="00:00:00.0009200" startTime="2025-08-11T23:17:39.0380518+00:00" endTime="2025-08-11T23:17:39.0389715+00:00" testType="13cdc9d9-ddb5-4fa4-a97d-d965ccfc6d4b" outcome="Passed" testListId="8c84fa94-04c1-424b-9868-57a2d4851a1d" relativeResultsDirectory="061c3e05-8ec0-441d-97b2-5f059fca3594" />
    <UnitTestResult executionId="d755987d-805d-44ca-984b-43445ae30b1f" testId="fab6990d-3c1c-2c65-5826-c4e429096956" testName="GetOrCreateElement_WithEmptyKey_ShouldThrowArgumentException" computerName="cursor" duration="00:00:00.0001150" startTime="2025-08-11T23:17:38.8175767+00:00" endTime="2025-08-11T23:17:38.8176914+00:00" testType="13cdc9d9-ddb5-4fa4-a97d-d965ccfc6d4b" outcome="Passed" testListId="8c84fa94-04c1-424b-9868-57a2d4851a1d" relativeResultsDirectory="d755987d-805d-44ca-984b-43445ae30b1f" />
    <UnitTestResult executionId="56efa087-8a1e-489a-879f-ab82ad4e7dad" testId="63abd0f8-5814-164f-7950-4ad186521ab4" testName="CreateDriver_WithNoPlugins_ThrowsFluentUIScaffoldPluginException" computerName="cursor" duration="00:00:00.0003810" startTime="2025-08-11T23:17:39.0142916+00:00" endTime="2025-08-11T23:17:39.0146729+00:00" testType="13cdc9d9-ddb5-4fa4-a97d-d965ccfc6d4b" outcome="Passed" testListId="8c84fa94-04c1-424b-9868-57a2d4851a1d" relativeResultsDirectory="56efa087-8a1e-489a-879f-ab82ad4e7dad" />
    <UnitTestResult executionId="83740c09-3d9d-4830-ba4e-a54187c0401c" testId="58c799eb-3510-390d-5f8b-eb2a700feeb4" testName="Build_ShouldReturnConfiguredElement" computerName="cursor" duration="00:00:00.0455230" startTime="2025-08-11T23:17:38.7273495+00:00" endTime="2025-08-11T23:17:38.7728724+00:00" testType="13cdc9d9-ddb5-4fa4-a97d-d965ccfc6d4b" outcome="Passed" testListId="8c84fa94-04c1-424b-9868-57a2d4851a1d" relativeResultsDirectory="83740c09-3d9d-4830-ba4e-a54187c0401c" />
    <UnitTestResult executionId="6e1fe452-12bc-4f2a-a959-7c4757f29bcf" testId="ecd11cad-395d-4d5e-d9ae-03e7b8295be8" testName="WithAttribute_ShouldAddAttribute" computerName="cursor" duration="00:00:00.0002150" startTime="2025-08-11T23:17:38.7768964+00:00" endTime="2025-08-11T23:17:38.7771115+00:00" testType="13cdc9d9-ddb5-4fa4-a97d-d965ccfc6d4b" outcome="Passed" testListId="8c84fa94-04c1-424b-9868-57a2d4851a1d" relativeResultsDirectory="6e1fe452-12bc-4f2a-a959-7c4757f29bcf" />
    <UnitTestResult executionId="0148e8be-57f7-4f2b-a304-a7ad7e650c11" testId="7ca0cb73-aeb1-887f-1af1-2afb19198c6a" testName="AspNetCore_ServerSpecificUrlsInjectedIntoStartInfo" computerName="cursor" duration="00:00:00.0002570" startTime="2025-08-11T23:17:39.0290304+00:00" endTime="2025-08-11T23:17:39.0292876+00:00" testType="13cdc9d9-ddb5-4fa4-a97d-d965ccfc6d4b" outcome="Passed" testListId="8c84fa94-04c1-424b-9868-57a2d4851a1d" relativeResultsDirectory="0148e8be-57f7-4f2b-a304-a7ad7e650c11" />
    <UnitTestResult executionId="629d9beb-f6b5-4816-a0ea-8b4ebe6025e0" testId="5d00fc9b-986f-8e7a-5894-fe21deab4d76" testName="FilterByText_WithEmptyText_ShouldReturnEmptyCollection" computerName="cursor" duration="00:00:00.0002830" startTime="2025-08-11T23:17:38.7990080+00:00" endTime="2025-08-11T23:17:38.7992908+00:00" testType="13cdc9d9-ddb5-4fa4-a97d-d965ccfc6d4b" outcome="Passed" testListId="8c84fa94-04c1-424b-9868-57a2d4851a1d" relativeResultsDirectory="629d9beb-f6b5-4816-a0ea-8b4ebe6025e0" />
    <UnitTestResult executionId="37956def-a1a1-492b-8a81-10cd9b6c5db0" testId="e08a08af-210e-a1c2-6824-5a7b54cc2338" testName="Constructor_WithNullSelector_ShouldThrowArgumentNullException" computerName="cursor" duration="00:00:00.0003760" startTime="2025-08-11T23:17:38.8232413+00:00" endTime="2025-08-11T23:17:38.8236175+00:00" testType="13cdc9d9-ddb5-4fa4-a97d-d965ccfc6d4b" outcome="Passed" testListId="8c84fa94-04c1-424b-9868-57a2d4851a1d" relativeResultsDirectory="37956def-a1a1-492b-8a81-10cd9b6c5db0" />
    <UnitTestResult executionId="0b640026-89bb-451a-bc3d-1f5af3f5e3e2" testId="db9ada96-dcf3-e037-db10-b7563d6669b8" testName="SlowMo_WithNullValue_SetsSlowMoToNull" computerName="cursor" duration="00:00:00.0001740" startTime="2025-08-11T23:17:39.0043108+00:00" endTime="2025-08-11T23:17:39.0044845+00:00" testType="13cdc9d9-ddb5-4fa4-a97d-d965ccfc6d4b" outcome="Passed" testListId="8c84fa94-04c1-424b-9868-57a2d4851a1d" relativeResultsDirectory="0b640026-89bb-451a-bc3d-1f5af3f5e3e2" />
    <UnitTestResult executionId="de502d2e-f349-41c7-8c38-7a642bfd3a7b" testId="d52fd675-05c7-c95c-d1f1-981f3a4f3701" testName="WithDescription_WithNullDescription_ShouldSetEmptyString" computerName="cursor" duration="00:00:00.0000900" startTime="2025-08-11T23:17:38.7782194+00:00" endTime="2025-08-11T23:17:38.7783090+00:00" testType="13cdc9d9-ddb5-4fa4-a97d-d965ccfc6d4b" outcome="Passed" testListId="8c84fa94-04c1-424b-9868-57a2d4851a1d" relativeResultsDirectory="de502d2e-f349-41c7-8c38-7a642bfd3a7b" />
    <UnitTestResult executionId="11ae8214-46ef-4891-a1e1-fad645f96975" testId="71ed1687-d25f-f0b2-eee1-f1f69754d207" testName="Indexer_WithIndexEqualToCount_ShouldThrowArgumentOutOfRangeException" computerName="cursor" duration="00:00:00.0005470" startTime="2025-08-11T23:17:38.8111055+00:00" endTime="2025-08-11T23:17:38.8116529+00:00" testType="13cdc9d9-ddb5-4fa4-a97d-d965ccfc6d4b" outcome="Passed" testListId="8c84fa94-04c1-424b-9868-57a2d4851a1d" relativeResultsDirectory="11ae8214-46ef-4891-a1e1-fad645f96975" />
    <UnitTestResult executionId="7740ec0e-04e5-40e2-b080-1ee84a66012f" testId="4d23582b-dfd6-378d-ff6d-4da2dfba9dba" testName="FluentUIScaffoldException_Constructors_Work" computerName="cursor" duration="00:00:00.0002250" startTime="2025-08-11T23:17:38.8444579+00:00" endTime="2025-08-11T23:17:38.8446826+00:00" testType="13cdc9d9-ddb5-4fa4-a97d-d965ccfc6d4b" outcome="Passed" testListId="8c84fa94-04c1-424b-9868-57a2d4851a1d" relativeResultsDirectory="7740ec0e-04e5-40e2-b080-1ee84a66012f" />
    <UnitTestResult executionId="4f2fccfb-34b9-4ddf-ba22-cab75b296811" testId="a1f4b443-1603-0539-0dc0-d4ce95853134" testName="RegisterElement_WithNullElement_ShouldThrowArgumentNullException" computerName="cursor" duration="00:00:00.0001340" startTime="2025-08-11T23:17:38.8187859+00:00" endTime="2025-08-11T23:17:38.8189199+00:00" testType="13cdc9d9-ddb5-4fa4-a97d-d965ccfc6d4b" outcome="Passed" testListId="8c84fa94-04c1-424b-9868-57a2d4851a1d" relativeResultsDirectory="4f2fccfb-34b9-4ddf-ba22-cab75b296811" />
    <UnitTestResult executionId="24a83e31-7db1-4ed3-9df5-a968cc7cf067" testId="8ca40265-bff9-35e5-4c05-5311e5fae258" testName="DetectProjectPath_FromEnvironmentVariable_ReturnsPath" computerName="cursor" duration="00:00:00.0003350" startTime="2025-08-11T23:17:38.8431661+00:00" endTime="2025-08-11T23:17:38.8435012+00:00" testType="13cdc9d9-ddb5-4fa4-a97d-d965ccfc6d4b" outcome="Passed" testListId="8c84fa94-04c1-424b-9868-57a2d4851a1d" relativeResultsDirectory="24a83e31-7db1-4ed3-9df5-a968cc7cf067" />
    <UnitTestResult executionId="d52de6f0-19b7-4fae-af70-7c88ec2be8f7" testId="9878c4ec-2f1a-e8e4-b5a4-d9a2cba55d4b" testName="WithAttribute_WithEmptyName_ShouldThrowArgumentException" computerName="cursor" duration="00:00:00.0002080" startTime="2025-08-11T23:17:38.7771192+00:00" endTime="2025-08-11T23:17:38.7773274+00:00" testType="13cdc9d9-ddb5-4fa4-a97d-d965ccfc6d4b" outcome="Passed" testListId="8c84fa94-04c1-424b-9868-57a2d4851a1d" relativeResultsDirectory="d52de6f0-19b7-4fae-af70-7c88ec2be8f7" />
    <UnitTestResult executionId="9ba37f8e-8a87-4779-8b8d-e8f38f28772c" testId="629e7f8f-acc1-6486-7ee3-d596d40e2188" testName="FilterByAttribute_WithCaseInsensitiveMatch_ShouldReturnFilteredCollection" computerName="cursor" duration="00:00:00.0008400" startTime="2025-08-11T23:17:38.7959812+00:00" endTime="2025-08-11T23:17:38.7968210+00:00" testType="13cdc9d9-ddb5-4fa4-a97d-d965ccfc6d4b" outcome="Passed" testListId="8c84fa94-04c1-424b-9868-57a2d4851a1d" relativeResultsDirectory="9ba37f8e-8a87-4779-8b8d-e8f38f28772c" />
    <UnitTestResult executionId="e5130621-7d06-449f-82b9-4300b3749135" testId="3f49ee74-f47f-14db-402b-a5606f508f18" testName="CreateDriver_WithValidOptions_ReturnsDriver" computerName="cursor" duration="00:00:00.0004580" startTime="2025-08-11T23:17:39.0148474+00:00" endTime="2025-08-11T23:17:39.0153053+00:00" testType="13cdc9d9-ddb5-4fa4-a97d-d965ccfc6d4b" outcome="Passed" testListId="8c84fa94-04c1-424b-9868-57a2d4851a1d" relativeResultsDirectory="e5130621-7d06-449f-82b9-4300b3749135" />
    <UnitTestResult executionId="77b9c79a-04b9-4297-86b9-7fa83d5b8794" testId="ab73f926-d1a2-00f0-bb5d-c38f897fb557" testName="CreateElement_WithEmptySelector_ShouldThrowArgumentException" computerName="cursor" duration="00:00:00.0001700" startTime="2025-08-11T23:17:38.8170266+00:00" endTime="2025-08-11T23:17:38.8171962+00:00" testType="13cdc9d9-ddb5-4fa4-a97d-d965ccfc6d4b" outcome="Passed" testListId="8c84fa94-04c1-424b-9868-57a2d4851a1d" relativeResultsDirectory="77b9c79a-04b9-4297-86b9-7fa83d5b8794" />
    <UnitTestResult executionId="2dd054d7-805d-4b77-9a92-82465a14e6a3" testId="46ffc5ad-c340-b767-44fb-d87ee75aad26" testName="NavigateToUrl_WithValidUrl_IsValid" computerName="cursor" duration="00:00:00.0002430" startTime="2025-08-11T23:17:39.0094496+00:00" endTime="2025-08-11T23:17:39.0096924+00:00" testType="13cdc9d9-ddb5-4fa4-a97d-d965ccfc6d4b" outcome="Passed" testListId="8c84fa94-04c1-424b-9868-57a2d4851a1d" relativeResultsDirectory="2dd054d7-805d-4b77-9a92-82465a14e6a3" />
    <UnitTestResult executionId="47df483d-338b-4fb2-a89e-fedb1da748d0" testId="a50fff13-3cd0-5b60-212f-066525a03c8a" testName="FluentUIScaffoldValidationException_Constructors_Work" computerName="cursor" duration="00:00:00.0001840" startTime="2025-08-11T23:17:38.8448918+00:00" endTime="2025-08-11T23:17:38.8450759+00:00" testType="13cdc9d9-ddb5-4fa4-a97d-d965ccfc6d4b" outcome="Passed" testListId="8c84fa94-04c1-424b-9868-57a2d4851a1d" relativeResultsDirectory="47df483d-338b-4fb2-a89e-fedb1da748d0" />
    <UnitTestResult executionId="1e7d8fbe-84ff-49c1-ac3b-8159e1580d28" testId="0b3109f8-d2a8-47f7-ae01-04faf34ff615" testName="BuildCommandArguments_ReturnsExpectedFormat" computerName="cursor" duration="00:00:00.0005320" startTime="2025-08-11T23:17:38.6640797+00:00" endTime="2025-08-11T23:17:38.6646114+00:00" testType="13cdc9d9-ddb5-4fa4-a97d-d965ccfc6d4b" outcome="Passed" testListId="8c84fa94-04c1-424b-9868-57a2d4851a1d" relativeResultsDirectory="1e7d8fbe-84ff-49c1-ac3b-8159e1580d28" />
    <UnitTestResult executionId="8dbec274-0919-48be-93aa-22aa4f78b212" testId="27bf1d8f-6db2-9d4a-565f-5fca061cc8f1" testName="Placeholder_NoOp_ToMaintainTestStructure" computerName="cursor" duration="00:00:00.0002290" startTime="2025-08-11T23:17:39.0039079+00:00" endTime="2025-08-11T23:17:39.0041371+00:00" testType="13cdc9d9-ddb5-4fa4-a97d-d965ccfc6d4b" outcome="Passed" testListId="8c84fa94-04c1-424b-9868-57a2d4851a1d" relativeResultsDirectory="8dbec274-0919-48be-93aa-22aa4f78b212" />
    <UnitTestResult executionId="d8c61360-8188-44f6-b6b6-feeabb6e6f58" testId="2e23022d-866f-3ace-93c9-9c504b47228e" testName="RegisterPlugin_WithNullPlugin_ThrowsArgumentNullException" computerName="cursor" duration="00:00:00.0001910" startTime="2025-08-11T23:17:39.0161248+00:00" endTime="2025-08-11T23:17:39.0163160+00:00" testType="13cdc9d9-ddb5-4fa4-a97d-d965ccfc6d4b" outcome="Passed" testListId="8c84fa94-04c1-424b-9868-57a2d4851a1d" relativeResultsDirectory="d8c61360-8188-44f6-b6b6-feeabb6e6f58" />
    <UnitTestResult executionId="6668b29e-f91f-4b80-b360-ddeed8bfaeb5" testId="ddff61cf-6c8e-562e-62f7-c9fb5ab0fb05" testName="Constructor_WithValidOptions_CreatesInstance" computerName="cursor" duration="00:00:00.1334460" startTime="2025-08-11T23:17:38.8700500+00:00" endTime="2025-08-11T23:17:39.0034959+00:00" testType="13cdc9d9-ddb5-4fa4-a97d-d965ccfc6d4b" outcome="Passed" testListId="8c84fa94-04c1-424b-9868-57a2d4851a1d" relativeResultsDirectory="6668b29e-f91f-4b80-b360-ddeed8bfaeb5">
      <Output>
        <StdOut>PluginRegistry count before seeding: 1
PluginManager count after seeding: 1</StdOut>
      </Output>
    </UnitTestResult>
    <UnitTestResult executionId="855761b8-7119-48ed-a1f0-6e7c975de11a" testId="268d744c-88c8-b894-11b0-d59382621120" testName="Exists_WhenElementExists_ShouldReturnTrue" computerName="cursor" duration="00:00:00.0002900" startTime="2025-08-11T23:17:38.8248070+00:00" endTime="2025-08-11T23:17:38.8250974+00:00" testType="13cdc9d9-ddb5-4fa4-a97d-d965ccfc6d4b" outcome="Passed" testListId="8c84fa94-04c1-424b-9868-57a2d4851a1d" relativeResultsDirectory="855761b8-7119-48ed-a1f0-6e7c975de11a" />
    <UnitTestResult executionId="e8f67931-f8db-430a-8dc9-7b0b2b0af93c" testId="0c1cd9e9-2bf5-8e4c-5cc4-d59debbae135" testName="ElementIsEnabled_PositiveAndNegative" computerName="cursor" duration="00:00:00.0004200" startTime="2025-08-11T23:17:39.0371307+00:00" endTime="2025-08-11T23:17:39.0375508+00:00" testType="13cdc9d9-ddb5-4fa4-a97d-d965ccfc6d4b" outcome="Passed" testListId="8c84fa94-04c1-424b-9868-57a2d4851a1d" relativeResultsDirectory="e8f67931-f8db-430a-8dc9-7b0b2b0af93c" />
    <UnitTestResult executionId="5ffbe48f-3659-42f3-b21d-905fd2dbecc5" testId="551fc6ac-b856-8cac-3508-c2c42f5670a1" testName="FluentChaining_ShouldWorkCorrectly" computerName="cursor" duration="00:00:00.0004290" startTime="2025-08-11T23:17:38.7764565+00:00" endTime="2025-08-11T23:17:38.7768856+00:00" testType="13cdc9d9-ddb5-4fa4-a97d-d965ccfc6d4b" outcome="Passed" testListId="8c84fa94-04c1-424b-9868-57a2d4851a1d" relativeResultsDirectory="5ffbe48f-3659-42f3-b21d-905fd2dbecc5" />
    <UnitTestResult executionId="d083f5e7-6fd4-4895-879b-973cbefce9b8" testId="eeb41d66-bc8a-3f24-dae1-82048046740c" testName="WithSlowMo_WithNullValue_SetsSlowMoToNull" computerName="cursor" duration="00:00:00.0001640" startTime="2025-08-11T23:17:38.8671607+00:00" endTime="2025-08-11T23:17:38.8673242+00:00" testType="13cdc9d9-ddb5-4fa4-a97d-d965ccfc6d4b" outcome="Passed" testListId="8c84fa94-04c1-424b-9868-57a2d4851a1d" relativeResultsDirectory="d083f5e7-6fd4-4895-879b-973cbefce9b8" />
    <UnitTestResult executionId="6b233bd7-2bd2-44fa-9968-fac641fe0ef3" testId="95cf8d21-caaa-bf90-a4bb-f43f9e880ae1" testName="IsDisplayed_ShouldReturnIsVisibleResult" computerName="cursor" duration="00:00:00.0010570" startTime="2025-08-11T23:17:38.8263570+00:00" endTime="2025-08-11T23:17:38.8274135+00:00" testType="13cdc9d9-ddb5-4fa4-a97d-d965ccfc6d4b" outcome="Passed" testListId="8c84fa94-04c1-424b-9868-57a2d4851a1d" relativeResultsDirectory="6b233bd7-2bd2-44fa-9968-fac641fe0ef3" />
    <UnitTestResult executionId="1638299e-6b8c-4c33-a04d-0ef6a0de9c55" testId="179b7383-7c66-19a3-5099-a84ccfda3312" testName="GetText_ShouldCallDriverGetText" computerName="cursor" duration="00:00:00.0006130" startTime="2025-08-11T23:17:38.8257310+00:00" endTime="2025-08-11T23:17:38.8263434+00:00" testType="13cdc9d9-ddb5-4fa4-a97d-d965ccfc6d4b" outcome="Passed" testListId="8c84fa94-04c1-424b-9868-57a2d4851a1d" relativeResultsDirectory="1638299e-6b8c-4c33-a04d-0ef6a0de9c55" />
    <UnitTestResult executionId="35f91e18-34ac-49e9-953e-9c56e64e1c16" testId="dd2018e8-67f8-175b-29d6-c073c16953d1" testName="Constructor_WithValidElements_ShouldInitializeCollection" computerName="cursor" duration="00:00:00.0010210" startTime="2025-08-11T23:17:38.7896239+00:00" endTime="2025-08-11T23:17:38.7906447+00:00" testType="13cdc9d9-ddb5-4fa4-a97d-d965ccfc6d4b" outcome="Passed" testListId="8c84fa94-04c1-424b-9868-57a2d4851a1d" relativeResultsDirectory="35f91e18-34ac-49e9-953e-9c56e64e1c16" />
    <UnitTestResult executionId="1dab7187-bd47-44f7-a962-73659480465c" testId="8383728b-b15a-a0ae-e2d4-37daa1d150cf" testName="WithTimeout_ShouldSetTimeout" computerName="cursor" duration="00:00:00.0001210" startTime="2025-08-11T23:17:38.7784279+00:00" endTime="2025-08-11T23:17:38.7785485+00:00" testType="13cdc9d9-ddb5-4fa4-a97d-d965ccfc6d4b" outcome="Passed" testListId="8c84fa94-04c1-424b-9868-57a2d4851a1d" relativeResultsDirectory="1dab7187-bd47-44f7-a962-73659480465c" />
    <UnitTestResult executionId="2b8edf34-0723-41f4-b140-ee524efec24b" testId="3972325b-780e-8149-0501-afcdb2e51733" testName="IsEnabled_ShouldCallDriverIsEnabled" computerName="cursor" duration="00:00:00.0005780" startTime="2025-08-11T23:17:38.8274285+00:00" endTime="2025-08-11T23:17:38.8280061+00:00" testType="13cdc9d9-ddb5-4fa4-a97d-d965ccfc6d4b" outcome="Passed" testListId="8c84fa94-04c1-424b-9868-57a2d4851a1d" relativeResultsDirectory="2b8edf34-0723-41f4-b140-ee524efec24b" />
    <UnitTestResult executionId="9f9a462e-49d9-48c0-aeee-e20c5f8a5797" testId="180a8a6f-cd05-0144-2ab5-cc27cf6b3780" testName="ElementIsVisible_Positive" computerName="cursor" duration="00:00:00.0001620" startTime="2025-08-11T23:17:39.0378831+00:00" endTime="2025-08-11T23:17:39.0380452+00:00" testType="13cdc9d9-ddb5-4fa4-a97d-d965ccfc6d4b" outcome="Passed" testListId="8c84fa94-04c1-424b-9868-57a2d4851a1d" relativeResultsDirectory="9f9a462e-49d9-48c0-aeee-e20c5f8a5797" />
    <UnitTestResult executionId="8a2c3ce0-5e7c-45e2-b957-dfb7a42a1a5f" testId="c6b038af-0bc0-b632-00c4-3ef8ea29ed6e" testName="RemoveFromCache_WithExistingKey_ShouldRemoveElement" computerName="cursor" duration="00:00:00.0001520" startTime="2025-08-11T23:17:38.8192272+00:00" endTime="2025-08-11T23:17:38.8193787+00:00" testType="13cdc9d9-ddb5-4fa4-a97d-d965ccfc6d4b" outcome="Passed" testListId="8c84fa94-04c1-424b-9868-57a2d4851a1d" relativeResultsDirectory="8a2c3ce0-5e7c-45e2-b957-dfb7a42a1a5f" />
    <UnitTestResult executionId="182704df-1b30-43d4-93a6-3acab1bc1c7a" testId="7b7eece1-efca-5e39-6f9c-7c2cf05500c2" testName="DotNet_EnvironmentSetters_AreApplied" computerName="cursor" duration="00:00:00.0001820" startTime="2025-08-11T23:17:39.0298956+00:00" endTime="2025-08-11T23:17:39.0300772+00:00" testType="13cdc9d9-ddb5-4fa4-a97d-d965ccfc6d4b" outcome="Passed" testListId="8c84fa94-04c1-424b-9868-57a2d4851a1d" relativeResultsDirectory="182704df-1b30-43d4-93a6-3acab1bc1c7a" />
    <UnitTestResult executionId="b0ec4474-74f0-4228-9208-16c787712d4e" testId="bf999a1f-994b-fb2b-0916-7df6581792db" testName="FilterByAttribute_WithMatchingAttribute_ShouldReturnFilteredCollection" computerName="cursor" duration="00:00:00.0007870" startTime="2025-08-11T23:17:38.7972236+00:00" endTime="2025-08-11T23:17:38.7980104+00:00" testType="13cdc9d9-ddb5-4fa4-a97d-d965ccfc6d4b" outcome="Passed" testListId="8c84fa94-04c1-424b-9868-57a2d4851a1d" relativeResultsDirectory="b0ec4474-74f0-4228-9208-16c787712d4e" />
    <UnitTestResult executionId="58690342-1897-4ba9-b8d9-b8e68ab756d3" testId="770867d9-ec05-f95d-4f86-cd135b847493" testName="WithWaitStrategy_ShouldSetWaitStrategy" computerName="cursor" duration="00:00:00.0001150" startTime="2025-08-11T23:17:38.7785589+00:00" endTime="2025-08-11T23:17:38.7786739+00:00" testType="13cdc9d9-ddb5-4fa4-a97d-d965ccfc6d4b" outcome="Passed" testListId="8c84fa94-04c1-424b-9868-57a2d4851a1d" relativeResultsDirectory="58690342-1897-4ba9-b8d9-b8e68ab756d3" />
    <UnitTestResult executionId="f643f3a9-4697-45d2-826c-4bc292510a7e" testId="dd8f8349-d619-3359-a263-b07e1bc2b428" testName="Indexer_WithIndexGreaterThanCount_ShouldThrowArgumentOutOfRangeException" computerName="cursor" duration="00:00:00.0003570" startTime="2025-08-11T23:17:38.8116656+00:00" endTime="2025-08-11T23:17:38.8120224+00:00" testType="13cdc9d9-ddb5-4fa4-a97d-d965ccfc6d4b" outcome="Passed" testListId="8c84fa94-04c1-424b-9868-57a2d4851a1d" relativeResultsDirectory="f643f3a9-4697-45d2-826c-4bc292510a7e" />
    <UnitTestResult executionId="72a6bb88-b0b7-46a4-a358-4448d60140dd" testId="5b0b0b21-c836-f769-4fb0-bf7c584f610d" testName="FilterByText_WithCaseInsensitiveMatch_ShouldReturnFilteredCollection" computerName="cursor" duration="00:00:00.0005150" startTime="2025-08-11T23:17:38.7984803+00:00" endTime="2025-08-11T23:17:38.7989950+00:00" testType="13cdc9d9-ddb5-4fa4-a97d-d965ccfc6d4b" outcome="Passed" testListId="8c84fa94-04c1-424b-9868-57a2d4851a1d" relativeResultsDirectory="72a6bb88-b0b7-46a4-a358-4448d60140dd" />
    <UnitTestResult executionId="0c77ffd0-189c-445b-bef0-5d051fae33f8" testId="471622d6-a01c-acdb-82c5-f00f72212509" testName="WithHeadlessMode_WithNull_SetsNull" computerName="cursor" duration="00:00:00.0001299" startTime="2025-08-11T23:17:38.8657945+00:00" endTime="2025-08-11T23:17:38.8659240+00:00" testType="13cdc9d9-ddb5-4fa4-a97d-d965ccfc6d4b" outcome="Passed" testListId="8c84fa94-04c1-424b-9868-57a2d4851a1d" relativeResultsDirectory="0c77ffd0-189c-445b-bef0-5d051fae33f8" />
    <UnitTestResult executionId="3ef5c855-2086-4015-9816-1557eacb30c4" testId="691a1ada-8b81-1eeb-9198-2480eca9bcb5" testName="ServerConfiguration_Removed_FromOptions" computerName="cursor" duration="00:00:00.0001590" startTime="2025-08-11T23:17:39.0041458+00:00" endTime="2025-08-11T23:17:39.0043044+00:00" testType="13cdc9d9-ddb5-4fa4-a97d-d965ccfc6d4b" outcome="Passed" testListId="8c84fa94-04c1-424b-9868-57a2d4851a1d" relativeResultsDirectory="3ef5c855-2086-4015-9816-1557eacb30c4">
      <Output>
        <StdOut>Server configuration removed from options; managed by WebServerManager</StdOut>
      </Output>
    </UnitTestResult>
    <UnitTestResult executionId="280a76bc-7739-4bc1-808d-e84f9e4a9b38" testId="91a71ac4-590c-9e24-6500-b1be939120d3" testName="GetOrCreateElement_WithNullKey_ShouldThrowArgumentException" computerName="cursor" duration="00:00:00.0001440" startTime="2025-08-11T23:17:38.8181776+00:00" endTime="2025-08-11T23:17:38.8183216+00:00" testType="13cdc9d9-ddb5-4fa4-a97d-d965ccfc6d4b" outcome="Passed" testListId="8c84fa94-04c1-424b-9868-57a2d4851a1d" relativeResultsDirectory="280a76bc-7739-4bc1-808d-e84f9e4a9b38" />
    <UnitTestResult executionId="05e99b6d-14a5-43a7-8a3b-b62a00ee3a73" testId="ac2caede-1993-10f2-1269-ecc9a1cb91c8" testName="Aspire_WithFrameworkAndDefaults_ProducesExpectedRunCommandAndEnv" computerName="cursor" duration="00:00:00.0028170" startTime="2025-08-11T23:17:39.0261895+00:00" endTime="2025-08-11T23:17:39.0290065+00:00" testType="13cdc9d9-ddb5-4fa4-a97d-d965ccfc6d4b" outcome="Passed" testListId="8c84fa94-04c1-424b-9868-57a2d4851a1d" relativeResultsDirectory="05e99b6d-14a5-43a7-8a3b-b62a00ee3a73">
      <Output>
        <StdOut>=== Aspire (dotnet run) ===
Builder methods:
ServerConfiguration
    .CreateAspireServer(new Uri("http://localhost:6066"), "/path/to/AspireApp.AppHost.csproj")
    .WithFramework("net9.0")
    .WithConfiguration("Release")
Run command:
dotnet run --framework net9.0 --configuration Release --no-launch-profile
Environment variables:
ASPNETCORE_ENVIRONMENT=Development
ASPNETCORE_FORWARDEDHEADERS_ENABLED=false
ASPNETCORE_HOSTINGSTARTUPASSEMBLIES=
ASPNETCORE_URLS=http://localhost:6066/
DOTNET_DASHBOARD_OTLP_ENDPOINT_URL=https://localhost:21097
DOTNET_ENVIRONMENT=Development
DOTNET_RESOURCE_SERVICE_ENDPOINT_URL=https://localhost:22268
====================</StdOut>
      </Output>
    </UnitTestResult>
    <UnitTestResult executionId="4a43b9fd-08bb-491d-bfae-7ec63e02f95e" testId="a5af218b-8bb2-00fd-6d22-0e1ead0c9ffa" testName="FilterOutputByPort_MatchesCorrectLines" computerName="cursor" duration="00:00:00.0076970" startTime="2025-08-11T23:17:39.0183217+00:00" endTime="2025-08-11T23:17:39.0260186+00:00" testType="13cdc9d9-ddb5-4fa4-a97d-d965ccfc6d4b" outcome="Passed" testListId="8c84fa94-04c1-424b-9868-57a2d4851a1d" relativeResultsDirectory="4a43b9fd-08bb-491d-bfae-7ec63e02f95e" />
    <UnitTestResult executionId="0cce4c85-3a95-4976-bed1-7e7e2d6d844c" testId="9a47f56b-5bfd-fc11-0334-5ee2c89f0d7c" testName="CacheCount_ShouldReturnCorrectCount" computerName="cursor" duration="00:00:00.0019550" startTime="2025-08-11T23:17:38.8137013+00:00" endTime="2025-08-11T23:17:38.8156560+00:00" testType="13cdc9d9-ddb5-4fa4-a97d-d965ccfc6d4b" outcome="Passed" testListId="8c84fa94-04c1-424b-9868-57a2d4851a1d" relativeResultsDirectory="0cce4c85-3a95-4976-bed1-7e7e2d6d844c" />
    <UnitTestResult executionId="3c05a84f-de6b-41b7-88e3-acc834aa3c35" testId="1d0c7a95-619b-8f87-d712-932128165f7a" testName="ElementValidationException_Constructors_Work" computerName="cursor" duration="00:00:00.0002110" startTime="2025-08-11T23:17:38.8441285+00:00" endTime="2025-08-11T23:17:38.8443391+00:00" testType="13cdc9d9-ddb5-4fa4-a97d-d965ccfc6d4b" outcome="Passed" testListId="8c84fa94-04c1-424b-9868-57a2d4851a1d" relativeResultsDirectory="3c05a84f-de6b-41b7-88e3-acc834aa3c35" />
    <UnitTestResult executionId="c7281426-89be-4aa1-b9b7-82e0b9d93d73" testId="9f3021c1-925a-71da-e253-d006455bc8e9" testName="WaitFor_WithNoneStrategy_ShouldNotCallAnyWaitMethods" computerName="cursor" duration="00:00:00.0031210" startTime="2025-08-11T23:17:38.8347375+00:00" endTime="2025-08-11T23:17:38.8378588+00:00" testType="13cdc9d9-ddb5-4fa4-a97d-d965ccfc6d4b" outcome="Passed" testListId="8c84fa94-04c1-424b-9868-57a2d4851a1d" relativeResultsDirectory="c7281426-89be-4aa1-b9b7-82e0b9d93d73" />
    <UnitTestResult executionId="0662fe57-798b-47d1-8028-e8b93c17bcd3" testId="ffb66a76-a7d1-dfa1-aa9c-bf5163813cc6" testName="First_WithNonEmptyCollection_ShouldReturnFirstElement" computerName="cursor" duration="00:00:00.0004100" startTime="2025-08-11T23:17:38.8064567+00:00" endTime="2025-08-11T23:17:38.8068666+00:00" testType="13cdc9d9-ddb5-4fa4-a97d-d965ccfc6d4b" outcome="Passed" testListId="8c84fa94-04c1-424b-9868-57a2d4851a1d" relativeResultsDirectory="0662fe57-798b-47d1-8028-e8b93c17bcd3" />
    <UnitTestResult executionId="a9210373-fc14-4f47-8e30-2dfc873cb01d" testId="5b0f8305-1a07-717d-f99d-cd7dc78eb59e" testName="WaitFor_WithUnsupportedStrategy_ShouldThrowArgumentException" computerName="cursor" duration="00:00:00.0010640" startTime="2025-08-11T23:17:38.8378747+00:00" endTime="2025-08-11T23:17:38.8389382+00:00" testType="13cdc9d9-ddb5-4fa4-a97d-d965ccfc6d4b" outcome="Passed" testListId="8c84fa94-04c1-424b-9868-57a2d4851a1d" relativeResultsDirectory="a9210373-fc14-4f47-8e30-2dfc873cb01d" />
    <UnitTestResult executionId="76d65900-d00d-4fad-a178-dff44b90fe78" testId="bba98ce8-0e46-19a1-add2-e0e6659866ca" testName="Constructor_WithNoParameters_CreatesInstance" computerName="cursor" duration="00:00:00.0000430" startTime="2025-08-11T23:17:38.8461206+00:00" endTime="2025-08-11T23:17:38.8461632+00:00" testType="13cdc9d9-ddb5-4fa4-a97d-d965ccfc6d4b" outcome="Passed" testListId="8c84fa94-04c1-424b-9868-57a2d4851a1d" relativeResultsDirectory="76d65900-d00d-4fad-a178-dff44b90fe78" />
    <UnitTestResult executionId="5e42f1bd-0e74-4f63-bd3b-f8699ec2a7f6" testId="894f94b1-efcc-7bbe-43c4-5aa998a01fba" testName="SetServerSpecificEnvironmentVariables_AspNetCore_SetsAspNetCoreUrls" computerName="cursor" duration="00:00:00.0002900" startTime="2025-08-11T23:17:38.7263364+00:00" endTime="2025-08-11T23:17:38.7266265+00:00" testType="13cdc9d9-ddb5-4fa4-a97d-d965ccfc6d4b" outcome="Passed" testListId="8c84fa94-04c1-424b-9868-57a2d4851a1d" relativeResultsDirectory="5e42f1bd-0e74-4f63-bd3b-f8699ec2a7f6" />
    <UnitTestResult executionId="f1c20fd6-fa17-478e-a1d8-d13587756a48" testId="ae197987-6a6c-0f53-9053-aa2a52fada6c" testName="CreateConfiguration_WithValidParameters_ReturnsConfiguration" computerName="cursor" duration="00:00:00.0005860" startTime="2025-08-11T23:17:39.0322044+00:00" endTime="2025-08-11T23:17:39.0327899+00:00" testType="13cdc9d9-ddb5-4fa4-a97d-d965ccfc6d4b" outcome="Passed" testListId="8c84fa94-04c1-424b-9868-57a2d4851a1d" relativeResultsDirectory="f1c20fd6-fa17-478e-a1d8-d13587756a48" />
    <UnitTestResult executionId="520a9791-ab28-4d80-b14b-0ae7a5955a2a" testId="5fc1ac23-88fa-ea50-bc84-f014c480a778" testName="BuildCommandArguments_UsesFrameworkAndConfiguration_FromBuilder" computerName="cursor" duration="00:00:00.0010490" startTime="2025-08-11T23:17:38.7248271+00:00" endTime="2025-08-11T23:17:38.7258760+00:00" testType="13cdc9d9-ddb5-4fa4-a97d-d965ccfc6d4b" outcome="Passed" testListId="8c84fa94-04c1-424b-9868-57a2d4851a1d" relativeResultsDirectory="520a9791-ab28-4d80-b14b-0ae7a5955a2a" />
    <UnitTestResult executionId="06e6f5ad-dd3b-4ac0-aed4-de32b60200d8" testId="0857da33-b4ef-b236-6099-02a532ef2a14" testName="CreateElement_WithNullSelector_ShouldThrowArgumentException" computerName="cursor" duration="00:00:00.0001240" startTime="2025-08-11T23:17:38.8173629+00:00" endTime="2025-08-11T23:17:38.8174868+00:00" testType="13cdc9d9-ddb5-4fa4-a97d-d965ccfc6d4b" outcome="Passed" testListId="8c84fa94-04c1-424b-9868-57a2d4851a1d" relativeResultsDirectory="06e6f5ad-dd3b-4ac0-aed4-de32b60200d8" />
    <UnitTestResult executionId="fa05d700-3a85-47c6-95f9-83a71992a35d" testId="020a6f08-c481-d586-c35b-71ffdcdf77ae" testName="Build_WithValidConfiguration_ReturnsConfiguredOptions" computerName="cursor" duration="00:00:00.0003959" startTime="2025-08-11T23:17:38.8456119+00:00" endTime="2025-08-11T23:17:38.8460075+00:00" testType="13cdc9d9-ddb5-4fa4-a97d-d965ccfc6d4b" outcome="Passed" testListId="8c84fa94-04c1-424b-9868-57a2d4851a1d" relativeResultsDirectory="fa05d700-3a85-47c6-95f9-83a71992a35d" />
    <UnitTestResult executionId="d60e1285-e4ce-402d-93b8-5733558400e0" testId="e694388c-e9b9-a1d2-ef93-70adf5bded0d" testName="WithBaseUrl_WithValidUrl_SetsBaseUrl" computerName="cursor" duration="00:00:00.0002160" startTime="2025-08-11T23:17:38.8629951+00:00" endTime="2025-08-11T23:17:38.8632112+00:00" testType="13cdc9d9-ddb5-4fa4-a97d-d965ccfc6d4b" outcome="Passed" testListId="8c84fa94-04c1-424b-9868-57a2d4851a1d" relativeResultsDirectory="d60e1285-e4ce-402d-93b8-5733558400e0" />
    <UnitTestResult executionId="694f91ab-64b1-4207-a757-ba7957e40e7e" testId="405fd94c-1e16-06c6-669b-4f6514668f24" testName="DotNet_WithFrameworkAndConfiguration_ProducesExpectedRunCommand" computerName="cursor" duration="00:00:00.0001840" startTime="2025-08-11T23:17:39.0302083+00:00" endTime="2025-08-11T23:17:39.0303920+00:00" testType="13cdc9d9-ddb5-4fa4-a97d-d965ccfc6d4b" outcome="Passed" testListId="8c84fa94-04c1-424b-9868-57a2d4851a1d" relativeResultsDirectory="694f91ab-64b1-4207-a757-ba7957e40e7e">
      <Output>
        <StdOut>=== ASP.NET Core (dotnet run) ===
Builder methods:
ServerConfiguration
    .CreateDotNetServer(new Uri("http://localhost:5055"), "/path/to/MyApp.csproj")
    .WithFramework("net9.0")
    .WithConfiguration("Debug")
Run command:
dotnet run --framework net9.0 --configuration Debug --no-launch-profile
Environment variables:
ASPNETCORE_ENVIRONMENT=Development
ASPNETCORE_HOSTINGSTARTUPASSEMBLIES=
====================</StdOut>
      </Output>
    </UnitTestResult>
    <UnitTestResult executionId="9fb9d420-e645-46e0-b19d-5a8950c4ffee" testId="8f39af80-f58e-71ee-14e2-037e33d2ca9e" testName="ClearCache_ShouldRemoveAllElements" computerName="cursor" duration="00:00:00.0004520" startTime="2025-08-11T23:17:38.8156737+00:00" endTime="2025-08-11T23:17:38.8161257+00:00" testType="13cdc9d9-ddb5-4fa4-a97d-d965ccfc6d4b" outcome="Passed" testListId="8c84fa94-04c1-424b-9868-57a2d4851a1d" relativeResultsDirectory="9fb9d420-e645-46e0-b19d-5a8950c4ffee" />
    <UnitTestResult executionId="2ceed77a-a2d7-44e2-8156-52f0d9707836" testId="2c985496-df4a-5947-e2dc-50422705efcf" testName="SlowMo_WithValidValue_SetsSlowMo" computerName="cursor" duration="00:00:00.0001310" startTime="2025-08-11T23:17:39.0044921+00:00" endTime="2025-08-11T23:17:39.0046232+00:00" testType="13cdc9d9-ddb5-4fa4-a97d-d965ccfc6d4b" outcome="Passed" testListId="8c84fa94-04c1-424b-9868-57a2d4851a1d" relativeResultsDirectory="2ceed77a-a2d7-44e2-8156-52f0d9707836" />
    <UnitTestResult executionId="3fd5ed33-fb31-4146-9174-f78567825951" testId="9277c687-d1ec-06a3-91ef-9c2756a13404" testName="Filter_WithValidPredicate_ShouldReturnFilteredCollection" computerName="cursor" duration="00:00:00.0005790" startTime="2025-08-11T23:17:38.7953881+00:00" endTime="2025-08-11T23:17:38.7959674+00:00" testType="13cdc9d9-ddb5-4fa4-a97d-d965ccfc6d4b" outcome="Passed" testListId="8c84fa94-04c1-424b-9868-57a2d4851a1d" relativeResultsDirectory="3fd5ed33-fb31-4146-9174-f78567825951" />
    <UnitTestResult executionId="63c88423-f2db-42f3-94e1-9228346bb18b" testId="11c6e8b9-63df-e19b-bf9f-452e7d9c0dd7" testName="WithBaseUrl_WithNullUrl_ThrowsException" computerName="cursor" duration="00:00:00.0002599" startTime="2025-08-11T23:17:38.8627259+00:00" endTime="2025-08-11T23:17:38.8629860+00:00" testType="13cdc9d9-ddb5-4fa4-a97d-d965ccfc6d4b" outcome="Passed" testListId="8c84fa94-04c1-424b-9868-57a2d4851a1d" relativeResultsDirectory="63c88423-f2db-42f3-94e1-9228346bb18b" />
    <UnitTestResult executionId="54d2bc39-fc18-4dda-ba62-3d5ee4a9d99a" testId="b301e5a2-6274-43e4-8d33-13911ec17a00" testName="GetPlugins_ReturnsRegisteredPlugins" computerName="cursor" duration="00:00:00.0003170" startTime="2025-08-11T23:17:39.0154865+00:00" endTime="2025-08-11T23:17:39.0158029+00:00" testType="13cdc9d9-ddb5-4fa4-a97d-d965ccfc6d4b" outcome="Passed" testListId="8c84fa94-04c1-424b-9868-57a2d4851a1d" relativeResultsDirectory="54d2bc39-fc18-4dda-ba62-3d5ee4a9d99a" />
    <UnitTestResult executionId="73284085-351d-4525-9264-2ecaacebae1e" testId="2ea41be2-ee63-3a11-0613-d95c2f91bed0" testName="Placeholder_NoOp_ToMaintainTestStructure" computerName="cursor" duration="00:00:00.0163750" startTime="2025-08-11T23:17:38.8463062+00:00" endTime="2025-08-11T23:17:38.8626805+00:00" testType="13cdc9d9-ddb5-4fa4-a97d-d965ccfc6d4b" outcome="Passed" testListId="8c84fa94-04c1-424b-9868-57a2d4851a1d" relativeResultsDirectory="73284085-351d-4525-9264-2ecaacebae1e" />
    <UnitTestResult executionId="15369e48-2bb7-4f30-b8c5-e06fb1a719d6" testId="09311360-5b2a-d8bb-bda7-c830483aca7e" testName="EnvironmentDefaults_AreApplied_WhenNotProvided" computerName="cursor" duration="00:00:00.0066030" startTime="2025-08-11T23:17:38.6553739+00:00" endTime="2025-08-11T23:17:38.6619430+00:00" testType="13cdc9d9-ddb5-4fa4-a97d-d965ccfc6d4b" outcome="Passed" testListId="8c84fa94-04c1-424b-9868-57a2d4851a1d" relativeResultsDirectory="15369e48-2bb7-4f30-b8c5-e06fb1a719d6" />
    <UnitTestResult executionId="59d82e63-e08f-4d40-b214-ab6d61e7f5e8" testId="6d5a4486-b343-0cdc-4507-2918b358e5b5" testName="DotNet_WorkingDirectory_IsApplied" computerName="cursor" duration="00:00:00.0000960" startTime="2025-08-11T23:17:39.0303967+00:00" endTime="2025-08-11T23:17:39.0304929+00:00" testType="13cdc9d9-ddb5-4fa4-a97d-d965ccfc6d4b" outcome="Passed" testListId="8c84fa94-04c1-424b-9868-57a2d4851a1d" relativeResultsDirectory="59d82e63-e08f-4d40-b214-ab6d61e7f5e8" />
    <UnitTestResult executionId="d8397c8d-8eb0-4b19-80f1-99e32394351c" testId="a8ccc846-1ff4-1690-63b6-362e0b40f521" testName="ValidatePlugins_WithValidPlugins_DoesNotThrow" computerName="cursor" duration="00:00:00.0001800" startTime="2025-08-11T23:17:39.0175126+00:00" endTime="2025-08-11T23:17:39.0176930+00:00" testType="13cdc9d9-ddb5-4fa4-a97d-d965ccfc6d4b" outcome="Passed" testListId="8c84fa94-04c1-424b-9868-57a2d4851a1d" relativeResultsDirectory="d8397c8d-8eb0-4b19-80f1-99e32394351c" />
    <UnitTestResult executionId="8d9e8d77-1eda-404f-961a-b18e9d48079d" testId="c288cdf5-4c17-bd42-bf19-8d1a299a2747" testName="LastOrDefault_WithEmptyCollection_ShouldReturnNull" computerName="cursor" duration="00:00:00.0002140" startTime="2025-08-11T23:17:38.8131840+00:00" endTime="2025-08-11T23:17:38.8133983+00:00" testType="13cdc9d9-ddb5-4fa4-a97d-d965ccfc6d4b" outcome="Passed" testListId="8c84fa94-04c1-424b-9868-57a2d4851a1d" relativeResultsDirectory="8d9e8d77-1eda-404f-961a-b18e9d48079d" />
    <UnitTestResult executionId="3a45b303-50d6-4016-9c0b-206e9ea3a8f0" testId="6b94290b-4ed9-8c2a-b695-d80186249086" testName="Builder_SetsNodeEnvAndPort_FromFluentMethods" computerName="cursor" duration="00:00:00.0001280" startTime="2025-08-11T23:17:39.0109318+00:00" endTime="2025-08-11T23:17:39.0110598+00:00" testType="13cdc9d9-ddb5-4fa4-a97d-d965ccfc6d4b" outcome="Passed" testListId="8c84fa94-04c1-424b-9868-57a2d4851a1d" relativeResultsDirectory="3a45b303-50d6-4016-9c0b-206e9ea3a8f0" />
    <UnitTestResult executionId="68b08576-6182-4f67-9cfc-0aa541d6bae1" testId="c3234fde-006b-d3a0-c6d3-0d9f12720c48" testName="TitleContains_PositiveAndNegative" computerName="cursor" duration="00:00:00.0004610" startTime="2025-08-11T23:17:39.0389861+00:00" endTime="2025-08-11T23:17:39.0394469+00:00" testType="13cdc9d9-ddb5-4fa4-a97d-d965ccfc6d4b" outcome="Passed" testListId="8c84fa94-04c1-424b-9868-57a2d4851a1d" relativeResultsDirectory="68b08576-6182-4f67-9cfc-0aa541d6bae1" />
    <UnitTestResult executionId="16811165-d7c5-460a-b085-badd7893248f" testId="6c726527-cdae-6f0e-e424-af9055e97f92" testName="HeadlessMode_WithNullValue_SetsHeadlessModeToNull" computerName="cursor" duration="00:00:00.0001650" startTime="2025-08-11T23:17:39.0035378+00:00" endTime="2025-08-11T23:17:39.0037029+00:00" testType="13cdc9d9-ddb5-4fa4-a97d-d965ccfc6d4b" outcome="Passed" testListId="8c84fa94-04c1-424b-9868-57a2d4851a1d" relativeResultsDirectory="16811165-d7c5-460a-b085-badd7893248f" />
    <UnitTestResult executionId="4b95047d-0fc0-4916-9781-01837db818df" testId="20de0f10-a260-56ec-7409-45cd1f921704" testName="WebApplicationFactory_WithUnhealthyEndpoint_TimesOutPathsCovered" computerName="cursor" duration="00:00:00.0002670" startTime="2025-08-11T23:17:38.7244506+00:00" endTime="2025-08-11T23:17:38.7247180+00:00" testType="13cdc9d9-ddb5-4fa4-a97d-d965ccfc6d4b" outcome="Passed" testListId="8c84fa94-04c1-424b-9868-57a2d4851a1d" relativeResultsDirectory="4b95047d-0fc0-4916-9781-01837db818df" />
    <UnitTestResult executionId="0f8726c3-da3f-4885-910f-0c1f4195b4b9" testId="2d7af110-a47a-3498-5f06-ff20a980bae8" testName="Constructor_WithValidParameters_ShouldInitializeWithDefaultValues" computerName="cursor" duration="00:00:00.0003490" startTime="2025-08-11T23:17:38.7760963+00:00" endTime="2025-08-11T23:17:38.7764454+00:00" testType="13cdc9d9-ddb5-4fa4-a97d-d965ccfc6d4b" outcome="Passed" testListId="8c84fa94-04c1-424b-9868-57a2d4851a1d" relativeResultsDirectory="0f8726c3-da3f-4885-910f-0c1f4195b4b9" />
    <UnitTestResult executionId="1612d021-9e56-4170-93f1-401e159de13c" testId="121b3ea7-a273-e796-8c2e-1aff78536d24" testName="Click_ShouldCallDriverClick" computerName="cursor" duration="00:00:00.0037270" startTime="2025-08-11T23:17:38.8194985+00:00" endTime="2025-08-11T23:17:38.8232250+00:00" testType="13cdc9d9-ddb5-4fa4-a97d-d965ccfc6d4b" outcome="Passed" testListId="8c84fa94-04c1-424b-9868-57a2d4851a1d" relativeResultsDirectory="1612d021-9e56-4170-93f1-401e159de13c" />
    <UnitTestResult executionId="877d1043-d277-416b-80a9-db0dfe8d8736" testId="dddb8e0d-1bc6-fd59-4ffa-24cd6ce629ee" testName="IsCached_WithExistingKey_ShouldReturnTrue" computerName="cursor" duration="00:00:00.0000690" startTime="2025-08-11T23:17:38.8184561+00:00" endTime="2025-08-11T23:17:38.8185252+00:00" testType="13cdc9d9-ddb5-4fa4-a97d-d965ccfc6d4b" outcome="Passed" testListId="8c84fa94-04c1-424b-9868-57a2d4851a1d" relativeResultsDirectory="877d1043-d277-416b-80a9-db0dfe8d8736" />
    <UnitTestResult executionId="42619328-58f9-4d2d-aeca-71ace0d66343" testId="ff506097-7a61-9dd6-1df2-d3c8d75a82f3" testName="WithHeadlessMode_AndSlowMo_SetProperly" computerName="cursor" duration="00:00:00.0021260" startTime="2025-08-11T23:17:38.8636510+00:00" endTime="2025-08-11T23:17:38.8657769+00:00" testType="13cdc9d9-ddb5-4fa4-a97d-d965ccfc6d4b" outcome="Passed" testListId="8c84fa94-04c1-424b-9868-57a2d4851a1d" relativeResultsDirectory="42619328-58f9-4d2d-aeca-71ace0d66343" />
    <UnitTestResult executionId="662c4629-7121-496d-8b32-3f2f1dfe0f8c" testId="6ba06a82-9046-fcca-a49b-be1345ecbc51" testName="WaitFor_WithHiddenStrategy_ShouldCallWaitForHidden" computerName="cursor" duration="00:00:00.0004330" startTime="2025-08-11T23:17:38.8320208+00:00" endTime="2025-08-11T23:17:38.8324541+00:00" testType="13cdc9d9-ddb5-4fa4-a97d-d965ccfc6d4b" outcome="Passed" testListId="8c84fa94-04c1-424b-9868-57a2d4851a1d" relativeResultsDirectory="662c4629-7121-496d-8b32-3f2f1dfe0f8c" />
    <UnitTestResult executionId="7033455b-2bb9-4f59-9a4f-fc4cbac1d5e1" testId="2ac82e10-080e-2b5b-2d3d-5685bb444717" testName="SetServerSpecificEnvironmentVariables_Aspire_DoesNotOverrideAspNetCoreUrls" computerName="cursor" duration="00:00:00.0004280" startTime="2025-08-11T23:17:38.7258952+00:00" endTime="2025-08-11T23:17:38.7263229+00:00" testType="13cdc9d9-ddb5-4fa4-a97d-d965ccfc6d4b" outcome="Passed" testListId="8c84fa94-04c1-424b-9868-57a2d4851a1d" relativeResultsDirectory="7033455b-2bb9-4f59-9a4f-fc4cbac1d5e1" />
    <UnitTestResult executionId="b706454c-0470-4572-a83a-14f1a9fe01bb" testId="c9f61712-9fd7-d6bb-db15-07624030c6e4" testName="Last_WithEmptyCollection_ShouldThrowInvalidOperationException" computerName="cursor" duration="00:00:00.0004010" startTime="2025-08-11T23:17:38.8125393+00:00" endTime="2025-08-11T23:17:38.8129399+00:00" testType="13cdc9d9-ddb5-4fa4-a97d-d965ccfc6d4b" outcome="Passed" testListId="8c84fa94-04c1-424b-9868-57a2d4851a1d" relativeResultsDirectory="b706454c-0470-4572-a83a-14f1a9fe01bb" />
    <UnitTestResult executionId="09027bdf-1ac2-4a81-914a-e7675307fe21" testId="32cab928-a934-2b6a-7a60-1dfa1c7f9abb" testName="WaitForHidden_ShouldCallDriverWaitForElementToBeHidden" computerName="cursor" duration="00:00:00.0002480" startTime="2025-08-11T23:17:38.8392874+00:00" endTime="2025-08-11T23:17:38.8395350+00:00" testType="13cdc9d9-ddb5-4fa4-a97d-d965ccfc6d4b" outcome="Passed" testListId="8c84fa94-04c1-424b-9868-57a2d4851a1d" relativeResultsDirectory="09027bdf-1ac2-4a81-914a-e7675307fe21" />
    <UnitTestResult executionId="ebc85caa-e317-41f0-86c6-50dbd9cf7952" testId="c2f5de2f-6096-d57c-95e5-fec26b8d796d" testName="Constructor_WithNullElements_ShouldInitializeEmptyCollection" computerName="cursor" duration="00:00:00.0003210" startTime="2025-08-11T23:17:38.7892915+00:00" endTime="2025-08-11T23:17:38.7896121+00:00" testType="13cdc9d9-ddb5-4fa4-a97d-d965ccfc6d4b" outcome="Passed" testListId="8c84fa94-04c1-424b-9868-57a2d4851a1d" relativeResultsDirectory="ebc85caa-e317-41f0-86c6-50dbd9cf7952" />
    <UnitTestResult executionId="41648496-d84d-4b30-b10b-09cc34df5a81" testId="38f64a32-373c-d336-108a-9833491623db" testName="CreateElement_WithConfiguration_ShouldReturnConfiguredElement" computerName="cursor" duration="00:00:00.0004740" startTime="2025-08-11T23:17:38.8165399+00:00" endTime="2025-08-11T23:17:38.8170138+00:00" testType="13cdc9d9-ddb5-4fa4-a97d-d965ccfc6d4b" outcome="Passed" testListId="8c84fa94-04c1-424b-9868-57a2d4851a1d" relativeResultsDirectory="41648496-d84d-4b30-b10b-09cc34df5a81" />
    <UnitTestResult executionId="3f646475-a5aa-405c-8a7b-3b63ad7fb970" testId="d93cec4f-53d9-403d-a92c-21324eed1dc2" testName="FilterByAttribute_WithNoMatchingAttribute_ShouldReturnEmptyCollection" computerName="cursor" duration="00:00:00.0002200" startTime="2025-08-11T23:17:38.7980239+00:00" endTime="2025-08-11T23:17:38.7982441+00:00" testType="13cdc9d9-ddb5-4fa4-a97d-d965ccfc6d4b" outcome="Passed" testListId="8c84fa94-04c1-424b-9868-57a2d4851a1d" relativeResultsDirectory="3f646475-a5aa-405c-8a7b-3b63ad7fb970" />
    <UnitTestResult executionId="1e5c829b-5b59-4627-8a1e-69a6bd77feca" testId="b7012c97-f966-55dc-c35d-274095149e5d" testName="RegisterElement_WithEmptyKey_ShouldThrowArgumentException" computerName="cursor" duration="00:00:00.0001910" startTime="2025-08-11T23:17:38.8185824+00:00" endTime="2025-08-11T23:17:38.8187731+00:00" testType="13cdc9d9-ddb5-4fa4-a97d-d965ccfc6d4b" outcome="Passed" testListId="8c84fa94-04c1-424b-9868-57a2d4851a1d" relativeResultsDirectory="1e5c829b-5b59-4627-8a1e-69a6bd77feca" />
    <UnitTestResult executionId="693f942d-8626-4122-a88f-f590156d2b3c" testId="d6e5f7f2-25f3-210a-1f00-1f733c0e9da8" testName="Filter_WithNoMatchingElements_ShouldReturnEmptyCollection" computerName="cursor" duration="00:00:00.0042900" startTime="2025-08-11T23:17:38.7906612+00:00" endTime="2025-08-11T23:17:38.7949509+00:00" testType="13cdc9d9-ddb5-4fa4-a97d-d965ccfc6d4b" outcome="Passed" testListId="8c84fa94-04c1-424b-9868-57a2d4851a1d" relativeResultsDirectory="693f942d-8626-4122-a88f-f590156d2b3c" />
    <UnitTestResult executionId="0a5eaa64-d51c-422a-a877-47713750fdc9" testId="fd9a3db3-8264-a883-4b5b-0fadb4e27885" testName="FluentUIScaffoldBaseException_Constructors_Work" computerName="cursor" duration="00:00:00.0001090" startTime="2025-08-11T23:17:38.8443453+00:00" endTime="2025-08-11T23:17:38.8444543+00:00" testType="13cdc9d9-ddb5-4fa4-a97d-d965ccfc6d4b" outcome="Passed" testListId="8c84fa94-04c1-424b-9868-57a2d4851a1d" relativeResultsDirectory="0a5eaa64-d51c-422a-a877-47713750fdc9" />
    <UnitTestResult executionId="e3326ece-edb9-4ecf-8f4c-ba7000823190" testId="0c9cdc29-691b-c84f-d982-5575012bff55" testName="IsVisible_ShouldCallDriverIsVisible" computerName="cursor" duration="00:00:00.0003300" startTime="2025-08-11T23:17:38.8281514+00:00" endTime="2025-08-11T23:17:38.8284812+00:00" testType="13cdc9d9-ddb5-4fa4-a97d-d965ccfc6d4b" outcome="Passed" testListId="8c84fa94-04c1-424b-9868-57a2d4851a1d" relativeResultsDirectory="e3326ece-edb9-4ecf-8f4c-ba7000823190" />
    <UnitTestResult executionId="2ec3fe54-c202-408b-941c-b479da41eb56" testId="0d8a6f68-b892-8208-9f84-b0a607e9693d" testName="Filter_WithNullPredicate_ShouldThrowArgumentNullException" computerName="cursor" duration="00:00:00.0004100" startTime="2025-08-11T23:17:38.7949661+00:00" endTime="2025-08-11T23:17:38.7953759+00:00" testType="13cdc9d9-ddb5-4fa4-a97d-d965ccfc6d4b" outcome="Passed" testListId="8c84fa94-04c1-424b-9868-57a2d4851a1d" relativeResultsDirectory="2ec3fe54-c202-408b-941c-b479da41eb56" />
    <UnitTestResult executionId="8722d79f-1219-4067-bb7e-ced20ea8d91b" testId="e78cb7dd-0751-e11c-f830-882cb6a69d14" testName="Constructor_WithNullOptions_ShouldThrowArgumentNullException" computerName="cursor" duration="00:00:00.0001440" startTime="2025-08-11T23:17:38.8163292+00:00" endTime="2025-08-11T23:17:38.8164729+00:00" testType="13cdc9d9-ddb5-4fa4-a97d-d965ccfc6d4b" outcome="Passed" testListId="8c84fa94-04c1-424b-9868-57a2d4851a1d" relativeResultsDirectory="8722d79f-1219-4067-bb7e-ced20ea8d91b" />
    <UnitTestResult executionId="6f3c50e7-fcb6-4d85-b51d-6085eecc2443" testId="18f05ca5-b5fb-a8dd-f454-c581d558cbe9" testName="FilterByAttribute_WithEmptyAttributeName_ShouldThrowArgumentException" computerName="cursor" duration="00:00:00.0003740" startTime="2025-08-11T23:17:38.7968378+00:00" endTime="2025-08-11T23:17:38.7972118+00:00" testType="13cdc9d9-ddb5-4fa4-a97d-d965ccfc6d4b" outcome="Passed" testListId="8c84fa94-04c1-424b-9868-57a2d4851a1d" relativeResultsDirectory="6f3c50e7-fcb6-4d85-b51d-6085eecc2443" />
    <UnitTestResult executionId="d8014286-a561-4678-a0dd-0025d8149620" testId="73a1b770-4a5e-0a29-6a9c-524092b48888" testName="FirstOrDefault_WithNonEmptyCollection_ShouldReturnFirstElement" computerName="cursor" duration="00:00:00.0001640" startTime="2025-08-11T23:17:38.8071501+00:00" endTime="2025-08-11T23:17:38.8073144+00:00" testType="13cdc9d9-ddb5-4fa4-a97d-d965ccfc6d4b" outcome="Passed" testListId="8c84fa94-04c1-424b-9868-57a2d4851a1d" relativeResultsDirectory="d8014286-a561-4678-a0dd-0025d8149620" />
    <UnitTestResult executionId="2206b740-53f6-4eb2-92b9-80ef18051a91" testId="f2c0b89c-869a-b8e1-4f97-bcdc75425150" testName="FilterByText_WithMatchingText_ShouldReturnFilteredCollection" computerName="cursor" duration="00:00:00.0002160" startTime="2025-08-11T23:17:38.7993008+00:00" endTime="2025-08-11T23:17:38.7995168+00:00" testType="13cdc9d9-ddb5-4fa4-a97d-d965ccfc6d4b" outcome="Passed" testListId="8c84fa94-04c1-424b-9868-57a2d4851a1d" relativeResultsDirectory="2206b740-53f6-4eb2-92b9-80ef18051a91" />
    <UnitTestResult executionId="305bad96-43c1-4e37-ac75-d633a9f4123f" testId="4f345fbb-6a64-45b0-3c3e-0ecb27e08e28" testName="FluentUIScaffoldPluginException_Constructors_Work" computerName="cursor" duration="00:00:00.0001960" startTime="2025-08-11T23:17:38.8446894+00:00" endTime="2025-08-11T23:17:38.8448853+00:00" testType="13cdc9d9-ddb5-4fa4-a97d-d965ccfc6d4b" outcome="Passed" testListId="8c84fa94-04c1-424b-9868-57a2d4851a1d" relativeResultsDirectory="305bad96-43c1-4e37-ac75-d633a9f4123f" />
    <UnitTestResult executionId="bdcc85e8-4109-4ac4-9b35-cff54b60d847" testId="4c88da48-1cf2-2ce5-51d9-4c397983aa27" testName="WithDefaultWaitTimeout_WithValidTimeout_SetsDefaultWaitTimeout" computerName="cursor" duration="00:00:00.0000920" startTime="2025-08-11T23:17:39.0054458+00:00" endTime="2025-08-11T23:17:39.0055382+00:00" testType="13cdc9d9-ddb5-4fa4-a97d-d965ccfc6d4b" outcome="Passed" testListId="8c84fa94-04c1-424b-9868-57a2d4851a1d" relativeResultsDirectory="bdcc85e8-4109-4ac4-9b35-cff54b60d847" />
    <UnitTestResult executionId="271ea0f5-f29e-4388-8518-ca09a46ff338" testId="fcd32eae-1929-9e13-f2a2-ebf52e2ea1bb" testName="WebApplicationFactory_GetLauncher_SelectsCorrectLauncher" computerName="cursor" duration="00:00:00.0002970" startTime="2025-08-11T23:17:39.0318239+00:00" endTime="2025-08-11T23:17:39.0321210+00:00" testType="13cdc9d9-ddb5-4fa4-a97d-d965ccfc6d4b" outcome="Passed" testListId="8c84fa94-04c1-424b-9868-57a2d4851a1d" relativeResultsDirectory="271ea0f5-f29e-4388-8518-ca09a46ff338" />
    <UnitTestResult executionId="ea34d9b7-d14f-4e64-bbf6-cb8ceebc4b35" testId="d2d2e102-f707-129a-9483-a3a753e80312" testName="FilterOutputByPort_EmptyOutput_ReturnsEmpty" computerName="cursor" duration="00:00:00.0002690" startTime="2025-08-11T23:17:39.0180452+00:00" endTime="2025-08-11T23:17:39.0183136+00:00" testType="13cdc9d9-ddb5-4fa4-a97d-d965ccfc6d4b" outcome="Passed" testListId="8c84fa94-04c1-424b-9868-57a2d4851a1d" relativeResultsDirectory="ea34d9b7-d14f-4e64-bbf6-cb8ceebc4b35" />
    <UnitTestResult executionId="5d53e0c7-654a-455a-965c-989be37ae6be" testId="53b308dd-208a-388e-c5f9-16f490d67de6" testName="NavigateToUrl_WithNullUrl_IsValid" computerName="cursor" duration="00:00:00.0006089" startTime="2025-08-11T23:17:39.0088279+00:00" endTime="2025-08-11T23:17:39.0094370+00:00" testType="13cdc9d9-ddb5-4fa4-a97d-d965ccfc6d4b" outcome="Passed" testListId="8c84fa94-04c1-424b-9868-57a2d4851a1d" relativeResultsDirectory="5d53e0c7-654a-455a-965c-989be37ae6be" />
    <UnitTestResult executionId="b1197a30-3d17-43eb-9e3d-d4cbdff16e3e" testId="f6b53d12-55a1-6cea-cf6b-996b794f8a7d" testName="Select_ShouldCallDriverSelectOption" computerName="cursor" duration="00:00:00.0005810" startTime="2025-08-11T23:17:38.8284922+00:00" endTime="2025-08-11T23:17:38.8290729+00:00" testType="13cdc9d9-ddb5-4fa4-a97d-d965ccfc6d4b" outcome="Passed" testListId="8c84fa94-04c1-424b-9868-57a2d4851a1d" relativeResultsDirectory="b1197a30-3d17-43eb-9e3d-d4cbdff16e3e" />
    <UnitTestResult executionId="5e253438-c8d9-43e1-9eb5-96b4d6613926" testId="b16522d5-763c-5079-f175-3132fe0bb3ec" testName="GetPlugins_ReturnsReadOnlyCollection" computerName="cursor" duration="00:00:00.0001640" startTime="2025-08-11T23:17:39.0153168+00:00" endTime="2025-08-11T23:17:39.0154804+00:00" testType="13cdc9d9-ddb5-4fa4-a97d-d965ccfc6d4b" outcome="Passed" testListId="8c84fa94-04c1-424b-9868-57a2d4851a1d" relativeResultsDirectory="5e253438-c8d9-43e1-9eb5-96b4d6613926" />
    <UnitTestResult executionId="b233fec3-856d-4cf6-83ef-763ce8130a6d" testId="c3694fbe-f799-3b5e-9ff5-0d754eb65db7" testName="FilterByAttribute_WithNullAttributeName_ShouldThrowArgumentException" computerName="cursor" duration="00:00:00.0002200" startTime="2025-08-11T23:17:38.7982531+00:00" endTime="2025-08-11T23:17:38.7984734+00:00" testType="13cdc9d9-ddb5-4fa4-a97d-d965ccfc6d4b" outcome="Passed" testListId="8c84fa94-04c1-424b-9868-57a2d4851a1d" relativeResultsDirectory="b233fec3-856d-4cf6-83ef-763ce8130a6d" />
    <UnitTestResult executionId="5ca41481-0b1e-4e5d-b592-061760f2fe53" testId="6112ca55-caad-863b-bca3-e844e296c7b3" testName="CreateElement_WithValidSelector_ShouldReturnElement" computerName="cursor" duration="00:00:00.0000800" startTime="2025-08-11T23:17:38.8174927+00:00" endTime="2025-08-11T23:17:38.8175729+00:00" testType="13cdc9d9-ddb5-4fa4-a97d-d965ccfc6d4b" outcome="Passed" testListId="8c84fa94-04c1-424b-9868-57a2d4851a1d" relativeResultsDirectory="5ca41481-0b1e-4e5d-b592-061760f2fe53" />
    <UnitTestResult executionId="773cd762-4085-41dc-92cf-79f705d3b0f0" testId="bf028da6-1617-4eb8-985e-f133f6495b1c" testName="IsCached_WithNonExistingKey_ShouldReturnFalse" computerName="cursor" duration="00:00:00.0000490" startTime="2025-08-11T23:17:38.8185303+00:00" endTime="2025-08-11T23:17:38.8185789+00:00" testType="13cdc9d9-ddb5-4fa4-a97d-d965ccfc6d4b" outcome="Passed" testListId="8c84fa94-04c1-424b-9868-57a2d4851a1d" relativeResultsDirectory="773cd762-4085-41dc-92cf-79f705d3b0f0" />
    <UnitTestResult executionId="dcd85410-53fc-449d-8e1d-d970729786a0" testId="280bec51-23dc-ffba-208c-c20000ad7909" testName="Constructor_WithNullDriver_ShouldThrowArgumentNullException" computerName="cursor" duration="00:00:00.0023030" startTime="2025-08-11T23:17:38.7728987+00:00" endTime="2025-08-11T23:17:38.7752017+00:00" testType="13cdc9d9-ddb5-4fa4-a97d-d965ccfc6d4b" outcome="Passed" testListId="8c84fa94-04c1-424b-9868-57a2d4851a1d" relativeResultsDirectory="dcd85410-53fc-449d-8e1d-d970729786a0" />
    <UnitTestResult executionId="2a839886-95ba-4c79-b5c5-b75e08f811da" testId="5c65ae72-bd3b-fa7d-0bed-249316c4e40e" testName="ElementIsVisible_Negative_Throws" computerName="cursor" duration="00:00:00.0003110" startTime="2025-08-11T23:17:39.0375619+00:00" endTime="2025-08-11T23:17:39.0378731+00:00" testType="13cdc9d9-ddb5-4fa4-a97d-d965ccfc6d4b" outcome="Passed" testListId="8c84fa94-04c1-424b-9868-57a2d4851a1d" relativeResultsDirectory="2a839886-95ba-4c79-b5c5-b75e08f811da" />
    <UnitTestResult executionId="6474fabf-4d25-49a1-932e-1f7bece08024" testId="0f9360de-cd99-435c-c549-ccd3fe79a633" testName="WebServerProjectPath_Removed_FromOptions" computerName="cursor" duration="00:00:00.0001810" startTime="2025-08-11T23:17:39.0046270+00:00" endTime="2025-08-11T23:17:39.0048074+00:00" testType="13cdc9d9-ddb5-4fa4-a97d-d965ccfc6d4b" outcome="Passed" testListId="8c84fa94-04c1-424b-9868-57a2d4851a1d" relativeResultsDirectory="6474fabf-4d25-49a1-932e-1f7bece08024">
      <Output>
        <StdOut>Server project path removed from options; managed by WebServerManager</StdOut>
      </Output>
    </UnitTestResult>
    <UnitTestResult executionId="f0fa3413-993c-429f-a6f2-052a52778bac" testId="179ad534-942e-3d0d-8cd9-ff68b706f3bf" testName="IsSelected_ShouldReturnFalse" computerName="cursor" duration="00:00:00.0001260" startTime="2025-08-11T23:17:38.8280198+00:00" endTime="2025-08-11T23:17:38.8281457+00:00" testType="13cdc9d9-ddb5-4fa4-a97d-d965ccfc6d4b" outcome="Passed" testListId="8c84fa94-04c1-424b-9868-57a2d4851a1d" relativeResultsDirectory="f0fa3413-993c-429f-a6f2-052a52778bac" />
    <UnitTestResult executionId="db381f3d-911c-40b4-a641-a9f3f3fac378" testId="2ae1304c-81ac-a359-4734-cee502a63ccd" testName="NavigateToUrl_WithValidUrl_NavigatesSuccessfully" computerName="cursor" duration="00:00:00.0004010" startTime="2025-08-11T23:17:39.0097040+00:00" endTime="2025-08-11T23:17:39.0101051+00:00" testType="13cdc9d9-ddb5-4fa4-a97d-d965ccfc6d4b" outcome="Passed" testListId="8c84fa94-04c1-424b-9868-57a2d4851a1d" relativeResultsDirectory="db381f3d-911c-40b4-a641-a9f3f3fac378" />
    <UnitTestResult executionId="8fe207a2-1c2b-421a-8d76-549869ed9a40" testId="fff58572-0076-1d30-45fe-03dd6cfeccd1" testName="DetectProjectPath_FromConfigFile_ReturnsPath" computerName="cursor" duration="00:00:00.0009300" startTime="2025-08-11T23:17:38.8422149+00:00" endTime="2025-08-11T23:17:38.8431448+00:00" testType="13cdc9d9-ddb5-4fa4-a97d-d965ccfc6d4b" outcome="Passed" testListId="8c84fa94-04c1-424b-9868-57a2d4851a1d" relativeResultsDirectory="8fe207a2-1c2b-421a-8d76-549869ed9a40" />
    <UnitTestResult executionId="959813eb-1586-48c4-b743-9c0196e773e4" testId="7af08328-43c6-c4ff-4de5-161f93857df3" testName="StartServerAsync_MutexHeldByOther_AndServerBecomesReady_Completes" computerName="cursor" duration="00:00:00.1769540" startTime="2025-08-11T23:17:39.0401447+00:00" endTime="2025-08-11T23:17:39.2170987+00:00" testType="13cdc9d9-ddb5-4fa4-a97d-d965ccfc6d4b" outcome="Passed" testListId="8c84fa94-04c1-424b-9868-57a2d4851a1d" relativeResultsDirectory="959813eb-1586-48c4-b743-9c0196e773e4" />
    <UnitTestResult executionId="bac01044-eb0d-40db-ac93-27f034b031a7" testId="2ac27a39-0887-ff83-8ecd-f4b873b52bce" testName="GetOrCreateElement_WithNullSelector_ShouldThrowArgumentException" computerName="cursor" duration="00:00:00.0001080" startTime="2025-08-11T23:17:38.8183280+00:00" endTime="2025-08-11T23:17:38.8184364+00:00" testType="13cdc9d9-ddb5-4fa4-a97d-d965ccfc6d4b" outcome="Passed" testListId="8c84fa94-04c1-424b-9868-57a2d4851a1d" relativeResultsDirectory="bac01044-eb0d-40db-ac93-27f034b031a7" />
    <UnitTestResult executionId="b1016a00-d4cd-4e4e-a84e-4f5b09ad057f" testId="b877d3bb-b67c-3d6a-02a1-248c2c6a7c36" testName="DetectProjectPath_NoGit_FallsBackToDirectorySearch" computerName="cursor" duration="00:00:00.0008420" startTime="2025-08-11T23:17:39.0078246+00:00" endTime="2025-08-11T23:17:39.0086664+00:00" testType="13cdc9d9-ddb5-4fa4-a97d-d965ccfc6d4b" outcome="Passed" testListId="8c84fa94-04c1-424b-9868-57a2d4851a1d" relativeResultsDirectory="b1016a00-d4cd-4e4e-a84e-4f5b09ad057f" />
    <UnitTestResult executionId="5cfaf18e-323a-4b3b-97c1-a2e95048cfb8" testId="3c6f06c4-eda4-678a-9f31-78ef1574d012" testName="ElementTimeoutException_Constructors_Work" computerName="cursor" duration="00:00:00.0004929" startTime="2025-08-11T23:17:38.8436220+00:00" endTime="2025-08-11T23:17:38.8441148+00:00" testType="13cdc9d9-ddb5-4fa4-a97d-d965ccfc6d4b" outcome="Passed" testListId="8c84fa94-04c1-424b-9868-57a2d4851a1d" relativeResultsDirectory="5cfaf18e-323a-4b3b-97c1-a2e95048cfb8" />
    <UnitTestResult executionId="e50aba01-ef83-4a41-8f81-902b0b314335" testId="6bd0c540-38a9-699a-6e83-30afb294a184" testName="Constructor_WithNullOptions_ThrowsException" computerName="cursor" duration="00:00:00.0009530" startTime="2025-08-11T23:17:38.8690805+00:00" endTime="2025-08-11T23:17:38.8700333+00:00" testType="13cdc9d9-ddb5-4fa4-a97d-d965ccfc6d4b" outcome="Passed" testListId="8c84fa94-04c1-424b-9868-57a2d4851a1d" relativeResultsDirectory="e50aba01-ef83-4a41-8f81-902b0b314335" />
    <UnitTestResult executionId="c24637ed-1991-4160-95f9-fbe2b6467714" testId="5dbab36b-8bf9-b94a-886b-0679437303ac" testName="Build_WithInvalidConfiguration_ThrowsException" computerName="cursor" duration="00:00:00.0003130" startTime="2025-08-11T23:17:38.8452895+00:00" endTime="2025-08-11T23:17:38.8456026+00:00" testType="13cdc9d9-ddb5-4fa4-a97d-d965ccfc6d4b" outcome="Passed" testListId="8c84fa94-04c1-424b-9868-57a2d4851a1d" relativeResultsDirectory="c24637ed-1991-4160-95f9-fbe2b6467714" />
    <UnitTestResult executionId="9d38c09a-fe8f-4ec3-8054-10066935ddcb" testId="7fb7363f-268a-d980-fb84-31f8b492a262" testName="FirstOrDefault_WithEmptyCollection_ShouldReturnNull" computerName="cursor" duration="00:00:00.0002620" startTime="2025-08-11T23:17:38.8068794+00:00" endTime="2025-08-11T23:17:38.8071415+00:00" testType="13cdc9d9-ddb5-4fa4-a97d-d965ccfc6d4b" outcome="Passed" testListId="8c84fa94-04c1-424b-9868-57a2d4851a1d" relativeResultsDirectory="9d38c09a-fe8f-4ec3-8054-10066935ddcb" />
    <UnitTestResult executionId="165531e0-70f9-47d1-bbf7-112cc7b6f34f" testId="d8390e41-bd5a-fe7f-3b98-f2190b4f7ae8" testName="RemoveFromCache_WithNonExistingKey_ShouldReturnFalse" computerName="cursor" duration="00:00:00.0000440" startTime="2025-08-11T23:17:38.8193827+00:00" endTime="2025-08-11T23:17:38.8194266+00:00" testType="13cdc9d9-ddb5-4fa4-a97d-d965ccfc6d4b" outcome="Passed" testListId="8c84fa94-04c1-424b-9868-57a2d4851a1d" relativeResultsDirectory="165531e0-70f9-47d1-bbf7-112cc7b6f34f" />
    <UnitTestResult executionId="7216ad44-406c-4fa7-b4e0-cb18453ab172" testId="1c0d19b9-1bef-846e-5c51-324c55f41975" testName="Constructor_WithValidParameters_ShouldSetProperties" computerName="cursor" duration="00:00:00.0002990" startTime="2025-08-11T23:17:38.8236302+00:00" endTime="2025-08-11T23:17:38.8239291+00:00" testType="13cdc9d9-ddb5-4fa4-a97d-d965ccfc6d4b" outcome="Passed" testListId="8c84fa94-04c1-424b-9868-57a2d4851a1d" relativeResultsDirectory="7216ad44-406c-4fa7-b4e0-cb18453ab172" />
    <UnitTestResult executionId="7e4906bf-9cab-4839-86fb-3399585ae33d" testId="4b5ed4f4-cca7-3210-3b0c-b7d6cb410605" testName="GetEnumerator_ShouldReturnAllElements" computerName="cursor" duration="00:00:00.0005270" startTime="2025-08-11T23:17:38.8073203+00:00" endTime="2025-08-11T23:17:38.8078473+00:00" testType="13cdc9d9-ddb5-4fa4-a97d-d965ccfc6d4b" outcome="Passed" testListId="8c84fa94-04c1-424b-9868-57a2d4851a1d" relativeResultsDirectory="7e4906bf-9cab-4839-86fb-3399585ae33d" />
    <UnitTestResult executionId="316d64f8-2976-47c5-8d26-7dde375ad0fb" testId="44803fba-616e-b64e-f070-676eb27c9592" testName="Type_ShouldCallDriverType" computerName="cursor" duration="00:00:00.0021100" startTime="2025-08-11T23:17:38.8290873+00:00" endTime="2025-08-11T23:17:38.8311968+00:00" testType="13cdc9d9-ddb5-4fa4-a97d-d965ccfc6d4b" outcome="Passed" testListId="8c84fa94-04c1-424b-9868-57a2d4851a1d" relativeResultsDirectory="316d64f8-2976-47c5-8d26-7dde375ad0fb" />
    <UnitTestResult executionId="08c9c8c3-eb62-47e7-9f61-3ef47dc1f590" testId="2944cbda-271d-8e00-031a-dd03321c1f09" testName="WithHeadlessMode_WithValidValue_SetsHeadlessMode" computerName="cursor" duration="00:00:00.0003590" startTime="2025-08-11T23:17:38.8661146+00:00" endTime="2025-08-11T23:17:38.8664738+00:00" testType="13cdc9d9-ddb5-4fa4-a97d-d965ccfc6d4b" outcome="Passed" testListId="8c84fa94-04c1-424b-9868-57a2d4851a1d" relativeResultsDirectory="08c9c8c3-eb62-47e7-9f61-3ef47dc1f590" />
    <UnitTestResult executionId="67069ac9-e5db-47eb-bfa4-609843f261c4" testId="5e045292-2424-2536-e9a7-78679c446a8a" testName="WebApplicationFactory_FrameworkAndConfiguration_ProducesExpectedRunCommand" computerName="cursor" duration="00:00:00.0002270" startTime="2025-08-11T23:17:39.0315872+00:00" endTime="2025-08-11T23:17:39.0318137+00:00" testType="13cdc9d9-ddb5-4fa4-a97d-d965ccfc6d4b" outcome="Passed" testListId="8c84fa94-04c1-424b-9868-57a2d4851a1d" relativeResultsDirectory="67069ac9-e5db-47eb-bfa4-609843f261c4">
      <Output>
        <StdOut>=== WebApplicationFactory (fallback to dotnet run) ===
Builder methods:
.WithFramework("net9.0").WithConfiguration("Debug")
Run command:
dotnet run --framework net9.0 --configuration Debug --no-launch-profile
Environment variables:
ASPNETCORE_HOSTINGSTARTUPASSEMBLIES=
====================</StdOut>
      </Output>
    </UnitTestResult>
    <UnitTestResult executionId="38ebf698-6b73-43d8-9596-d0b6f53065da" testId="f1c510fe-f632-6958-5421-3d34e26a9b68" testName="GetOrCreateElement_WithNewKey_ShouldCreateAndCacheElement" computerName="cursor" duration="00:00:00.0002200" startTime="2025-08-11T23:17:38.8179497+00:00" endTime="2025-08-11T23:17:38.8181697+00:00" testType="13cdc9d9-ddb5-4fa4-a97d-d965ccfc6d4b" outcome="Passed" testListId="8c84fa94-04c1-424b-9868-57a2d4851a1d" relativeResultsDirectory="38ebf698-6b73-43d8-9596-d0b6f53065da" />
    <UnitTestResult executionId="10ef7554-eab8-4d22-95d7-11f457253390" testId="f46fda5d-5750-4db5-4e78-e68e765afd13" testName="Register_SamePluginTypeTwice_DeduplicatesByType" computerName="cursor" duration="00:00:00.0001910" startTime="2025-08-11T23:17:39.0177850+00:00" endTime="2025-08-11T23:17:39.0179756+00:00" testType="13cdc9d9-ddb5-4fa4-a97d-d965ccfc6d4b" outcome="Passed" testListId="8c84fa94-04c1-424b-9868-57a2d4851a1d" relativeResultsDirectory="10ef7554-eab8-4d22-95d7-11f457253390" />
    <UnitTestResult executionId="0b3b7cf0-9f4f-409f-8296-f7f8b505435c" testId="475357e7-c128-1ac1-651e-32f7af1e435a" testName="IEnumerableGetEnumerator_ShouldReturnAllElements" computerName="cursor" duration="00:00:00.0005160" startTime="2025-08-11T23:17:38.8078600+00:00" endTime="2025-08-11T23:17:38.8083762+00:00" testType="13cdc9d9-ddb5-4fa4-a97d-d965ccfc6d4b" outcome="Passed" testListId="8c84fa94-04c1-424b-9868-57a2d4851a1d" relativeResultsDirectory="0b3b7cf0-9f4f-409f-8296-f7f8b505435c" />
    <UnitTestResult executionId="df2de4aa-4458-4f95-8461-ec4908ad2cad" testId="4cd43b66-f3f8-8df6-5266-95b6a332d485" testName="BuildCommandArguments_PrependsScript_AndAppendsArgs" computerName="cursor" duration="00:00:00.0007110" startTime="2025-08-11T23:17:39.0102074+00:00" endTime="2025-08-11T23:17:39.0109181+00:00" testType="13cdc9d9-ddb5-4fa4-a97d-d965ccfc6d4b" outcome="Passed" testListId="8c84fa94-04c1-424b-9868-57a2d4851a1d" relativeResultsDirectory="df2de4aa-4458-4f95-8461-ec4908ad2cad" />
    <UnitTestResult executionId="2fe801ef-ea21-45bf-b946-82640e6b01c6" testId="cbefd2c6-af4f-b601-5e3c-99959e055433" testName="LastOrDefault_WithNonEmptyCollection_ShouldReturnLastElement" computerName="cursor" duration="00:00:00.0001860" startTime="2025-08-11T23:17:38.8134055+00:00" endTime="2025-08-11T23:17:38.8135911+00:00" testType="13cdc9d9-ddb5-4fa4-a97d-d965ccfc6d4b" outcome="Passed" testListId="8c84fa94-04c1-424b-9868-57a2d4851a1d" relativeResultsDirectory="2fe801ef-ea21-45bf-b946-82640e6b01c6" />
    <UnitTestResult executionId="e5ca3376-fcba-4f52-a318-6b2446210f01" testId="202af691-80fb-dfa6-d9ed-de360fd56509" testName="Last_WithNonEmptyCollection_ShouldReturnLastElement" computerName="cursor" duration="00:00:00.0002270" startTime="2025-08-11T23:17:38.8129501+00:00" endTime="2025-08-11T23:17:38.8131766+00:00" testType="13cdc9d9-ddb5-4fa4-a97d-d965ccfc6d4b" outcome="Passed" testListId="8c84fa94-04c1-424b-9868-57a2d4851a1d" relativeResultsDirectory="e5ca3376-fcba-4f52-a318-6b2446210f01" />
    <UnitTestResult executionId="bb26ca79-28f4-4ad2-af15-f22e02aace16" testId="280bf3f0-72fb-f486-cff4-df88da493c15" testName="WebApplicationFactory_WithHealthyEndpoint_ReadinessPathsCovered" computerName="cursor" duration="00:00:00.0586240" startTime="2025-08-11T23:17:38.6658063+00:00" endTime="2025-08-11T23:17:38.7244299+00:00" testType="13cdc9d9-ddb5-4fa4-a97d-d965ccfc6d4b" outcome="Passed" testListId="8c84fa94-04c1-424b-9868-57a2d4851a1d" relativeResultsDirectory="bb26ca79-28f4-4ad2-af15-f22e02aace16" />
    <UnitTestResult executionId="ec59434a-0c41-4a55-8f4a-e3e4d1cfb480" testId="a646cbbd-eb04-f9aa-5695-780998d26368" testName="WithDescription_ShouldSetDescription" computerName="cursor" duration="00:00:00.0001410" startTime="2025-08-11T23:17:38.7780719+00:00" endTime="2025-08-11T23:17:38.7782124+00:00" testType="13cdc9d9-ddb5-4fa4-a97d-d965ccfc6d4b" outcome="Passed" testListId="8c84fa94-04c1-424b-9868-57a2d4851a1d" relativeResultsDirectory="ec59434a-0c41-4a55-8f4a-e3e4d1cfb480" />
    <UnitTestResult executionId="f9262298-04f8-4bd7-beb5-b029175e14a1" testId="46930332-f66d-a8f0-6df4-449ab0a9cd10" testName="Indexer_WithNegativeIndex_ShouldThrowArgumentOutOfRangeException" computerName="cursor" duration="00:00:00.0002509" startTime="2025-08-11T23:17:38.8120334+00:00" endTime="2025-08-11T23:17:38.8122839+00:00" testType="13cdc9d9-ddb5-4fa4-a97d-d965ccfc6d4b" outcome="Passed" testListId="8c84fa94-04c1-424b-9868-57a2d4851a1d" relativeResultsDirectory="f9262298-04f8-4bd7-beb5-b029175e14a1" />
    <UnitTestResult executionId="d971d35d-df33-4ac1-830b-13cde9792d6d" testId="6343243c-dfd7-4b0b-0e3c-4021f44a4a0d" testName="WaitFor_WithClickableStrategy_ShouldCallWaitForClickable" computerName="cursor" duration="00:00:00.0003980" startTime="2025-08-11T23:17:38.8312113+00:00" endTime="2025-08-11T23:17:38.8316093+00:00" testType="13cdc9d9-ddb5-4fa4-a97d-d965ccfc6d4b" outcome="Passed" testListId="8c84fa94-04c1-424b-9868-57a2d4851a1d" relativeResultsDirectory="d971d35d-df33-4ac1-830b-13cde9792d6d" />
    <UnitTestResult executionId="325c782b-05cc-4efe-96ec-bfdabcfb0846" testId="85b3a0e0-be33-c2c1-998a-6dc53854bf16" testName="WaitFor_WithVisibleStrategy_ShouldCallWaitForVisible" computerName="cursor" duration="00:00:00.0003230" startTime="2025-08-11T23:17:38.8389544+00:00" endTime="2025-08-11T23:17:38.8392772+00:00" testType="13cdc9d9-ddb5-4fa4-a97d-d965ccfc6d4b" outcome="Passed" testListId="8c84fa94-04c1-424b-9868-57a2d4851a1d" relativeResultsDirectory="325c782b-05cc-4efe-96ec-bfdabcfb0846" />
    <UnitTestResult executionId="28cf68c4-5f67-47a2-baf4-6b207bedb442" testId="d0ef1a67-943c-e03c-80e8-cb9d77933072" testName="WithBaseUrl_WithValidUrl_SetsBaseUrl" computerName="cursor" duration="00:00:00.0006160" startTime="2025-08-11T23:17:39.0048147+00:00" endTime="2025-08-11T23:17:39.0054308+00:00" testType="13cdc9d9-ddb5-4fa4-a97d-d965ccfc6d4b" outcome="Passed" testListId="8c84fa94-04c1-424b-9868-57a2d4851a1d" relativeResultsDirectory="28cf68c4-5f67-47a2-baf4-6b207bedb442" />
    <UnitTestResult executionId="eef3866d-9ed6-4a1c-af8b-280173f2f4d7" testId="68cc5f29-514d-38dc-c438-33585cc74aa4" testName="Constructor_WithExistingOptions_CreatesInstance" computerName="cursor" duration="00:00:00.0001000" startTime="2025-08-11T23:17:38.8460160+00:00" endTime="2025-08-11T23:17:38.8461160+00:00" testType="13cdc9d9-ddb5-4fa4-a97d-d965ccfc6d4b" outcome="Passed" testListId="8c84fa94-04c1-424b-9868-57a2d4851a1d" relativeResultsDirectory="eef3866d-9ed6-4a1c-af8b-280173f2f4d7" />
    <UnitTestResult executionId="97a5d81f-a033-46e8-9128-1dbb82affee5" testId="f02c83be-628b-c901-c0e0-b0c07da04720" testName="GetLauncher_WithUnregisteredServerType_ThrowsException" computerName="cursor" duration="00:00:00.0002420" startTime="2025-08-11T23:17:39.0342369+00:00" endTime="2025-08-11T23:17:39.0344790+00:00" testType="13cdc9d9-ddb5-4fa4-a97d-d965ccfc6d4b" outcome="Passed" testListId="8c84fa94-04c1-424b-9868-57a2d4851a1d" relativeResultsDirectory="97a5d81f-a033-46e8-9128-1dbb82affee5" />
    <UnitTestResult executionId="a3cd2410-2c7b-4ec1-acbd-37311b4a6bab" testId="8a43bd3c-a801-bb4f-9167-9cddc20d64b5" testName="WithWebServerProjectPath_WithEmptyPath_Removed" computerName="cursor" duration="00:00:00.0001450" startTime="2025-08-11T23:17:38.8680739+00:00" endTime="2025-08-11T23:17:38.8682190+00:00" testType="13cdc9d9-ddb5-4fa4-a97d-d965ccfc6d4b" outcome="Passed" testListId="8c84fa94-04c1-424b-9868-57a2d4851a1d" relativeResultsDirectory="a3cd2410-2c7b-4ec1-acbd-37311b4a6bab">
      <Output>
        <StdOut>Removed</StdOut>
      </Output>
    </UnitTestResult>
    <UnitTestResult executionId="e4dcce8b-8edb-45e2-994f-26e7c5253d45" testId="a8ade4ba-35e4-f1b1-b29c-1221576ebc2c" testName="WithDefaultWaitTimeout_WithNegativeTimeout_ThrowsException" computerName="cursor" duration="00:00:00.0001530" startTime="2025-08-11T23:17:38.8632202+00:00" endTime="2025-08-11T23:17:38.8633730+00:00" testType="13cdc9d9-ddb5-4fa4-a97d-d965ccfc6d4b" outcome="Passed" testListId="8c84fa94-04c1-424b-9868-57a2d4851a1d" relativeResultsDirectory="e4dcce8b-8edb-45e2-994f-26e7c5253d45" />
    <UnitTestResult executionId="7792ecfb-a8d4-4c88-8f24-2ee64a522191" testId="6dd2c663-126f-c692-d442-51f4ddb16f47" testName="WithSlowMo_WithNegativeValue_ThrowsException" computerName="cursor" duration="00:00:00.0001680" startTime="2025-08-11T23:17:38.8669872+00:00" endTime="2025-08-11T23:17:38.8671550+00:00" testType="13cdc9d9-ddb5-4fa4-a97d-d965ccfc6d4b" outcome="Passed" testListId="8c84fa94-04c1-424b-9868-57a2d4851a1d" relativeResultsDirectory="7792ecfb-a8d4-4c88-8f24-2ee64a522191" />
    <UnitTestResult executionId="64e14779-578c-4a0a-8a8b-d1cbbaace8e5" testId="9db3b268-6657-af98-9f75-1b63df5c1b61" testName="CustomEnvironmentVariables_ArePreserved" computerName="cursor" duration="00:00:00.0004790" startTime="2025-08-11T23:17:39.0292978+00:00" endTime="2025-08-11T23:17:39.0297769+00:00" testType="13cdc9d9-ddb5-4fa4-a97d-d965ccfc6d4b" outcome="Passed" testListId="8c84fa94-04c1-424b-9868-57a2d4851a1d" relativeResultsDirectory="64e14779-578c-4a0a-8a8b-d1cbbaace8e5">
      <Output>
        <StdOut>=== Custom env vars ===
Builder methods:
.WithEnvironmentVariable("MY_SETTING", "abc").WithEnvironmentVariables(...) 
Run command:
dotnet run --framework net8.0 --configuration Release --no-launch-profile
Environment variables:
ASPNETCORE_ENVIRONMENT=Staging
ASPNETCORE_HOSTINGSTARTUPASSEMBLIES=
FOO=bar
MY_SETTING=abc
====================</StdOut>
      </Output>
    </UnitTestResult>
    <UnitTestResult executionId="441f1ea1-9334-46ed-8329-2703c5478b62" testId="7f949d80-13b6-78ce-6336-64f88eac33b7" testName="FilterByText_WithNoMatchingText_ShouldReturnEmptyCollection" computerName="cursor" duration="00:00:00.0001780" startTime="2025-08-11T23:17:38.7995251+00:00" endTime="2025-08-11T23:17:38.7997033+00:00" testType="13cdc9d9-ddb5-4fa4-a97d-d965ccfc6d4b" outcome="Passed" testListId="8c84fa94-04c1-424b-9868-57a2d4851a1d" relativeResultsDirectory="441f1ea1-9334-46ed-8329-2703c5478b62" />
    <UnitTestResult executionId="930c48ce-4030-4be0-88d6-9d8c2da326a1" testId="1c8b7bab-7237-42e0-5fb5-c55615089994" testName="RegisterElement_WithValidParameters_ShouldCacheElement" computerName="cursor" duration="00:00:00.0001390" startTime="2025-08-11T23:17:38.8190823+00:00" endTime="2025-08-11T23:17:38.8192211+00:00" testType="13cdc9d9-ddb5-4fa4-a97d-d965ccfc6d4b" outcome="Passed" testListId="8c84fa94-04c1-424b-9868-57a2d4851a1d" relativeResultsDirectory="930c48ce-4030-4be0-88d6-9d8c2da326a1" />
    <UnitTestResult executionId="993bfdb0-003d-40bd-b69c-3a3f31b6cf51" testId="b7f18d4e-e8c0-3285-6e79-21ddd24f3d41" testName="DotNet_ForwardedHeadersFlag_SerializesAsLowercaseBoolean" computerName="cursor" duration="00:00:00.0001190" startTime="2025-08-11T23:17:39.0300851+00:00" endTime="2025-08-11T23:17:39.0302041+00:00" testType="13cdc9d9-ddb5-4fa4-a97d-d965ccfc6d4b" outcome="Passed" testListId="8c84fa94-04c1-424b-9868-57a2d4851a1d" relativeResultsDirectory="993bfdb0-003d-40bd-b69c-3a3f31b6cf51" />
    <UnitTestResult executionId="228a2dee-9f3d-4afe-aaeb-f6696d3e1df3" testId="0b5f1728-7b8a-73cb-1723-24feb2bf7d3d" testName="Constructor_WithNullDriver_ShouldThrowArgumentNullException" computerName="cursor" duration="00:00:00.0001830" startTime="2025-08-11T23:17:38.8161385+00:00" endTime="2025-08-11T23:17:38.8163213+00:00" testType="13cdc9d9-ddb5-4fa4-a97d-d965ccfc6d4b" outcome="Passed" testListId="8c84fa94-04c1-424b-9868-57a2d4851a1d" relativeResultsDirectory="228a2dee-9f3d-4afe-aaeb-f6696d3e1df3" />
    <UnitTestResult executionId="766aa121-37ea-4133-aec6-2af55bb44cc1" testId="c6d9c40f-adc6-4edb-6a83-6f4ac42882d1" testName="GetAttribute_ShouldReturnEmptyString" computerName="cursor" duration="00:00:00.0004850" startTime="2025-08-11T23:17:38.8251075+00:00" endTime="2025-08-11T23:17:38.8255926+00:00" testType="13cdc9d9-ddb5-4fa4-a97d-d965ccfc6d4b" outcome="Passed" testListId="8c84fa94-04c1-424b-9868-57a2d4851a1d" relativeResultsDirectory="766aa121-37ea-4133-aec6-2af55bb44cc1" />
    <UnitTestResult executionId="35827022-7220-4a16-81df-98da1aedeede" testId="28f45f08-f929-d021-87bf-ac7bea3175f6" testName="WithWebServerProjectPath_WithNullPath_Removed" computerName="cursor" duration="00:00:00.0001260" startTime="2025-08-11T23:17:38.8682248+00:00" endTime="2025-08-11T23:17:38.8683509+00:00" testType="13cdc9d9-ddb5-4fa4-a97d-d965ccfc6d4b" outcome="Passed" testListId="8c84fa94-04c1-424b-9868-57a2d4851a1d" relativeResultsDirectory="35827022-7220-4a16-81df-98da1aedeede">
      <Output>
        <StdOut>Removed</StdOut>
      </Output>
    </UnitTestResult>
    <UnitTestResult executionId="a433b4f7-84f1-4a04-8d3a-b0cc8f6f9ace" testId="5457ec9d-b666-cb43-0581-94c4ccf2eefc" testName="NodeJs_WithScriptAndEnv_ProducesExpectedCommandAndEnv" computerName="cursor" duration="00:00:00.0008970" startTime="2025-08-11T23:17:39.0304965+00:00" endTime="2025-08-11T23:17:39.0313936+00:00" testType="13cdc9d9-ddb5-4fa4-a97d-d965ccfc6d4b" outcome="Passed" testListId="8c84fa94-04c1-424b-9868-57a2d4851a1d" relativeResultsDirectory="a433b4f7-84f1-4a04-8d3a-b0cc8f6f9ace">
      <Output>
        <StdOut>=== Node.js (npm run) ===
Builder methods: WithNpmScript("dev").WithNodeEnvironment("production").WithPort(7777).WithArguments("--", "--open")
npm start dev -- --open
NODE_ENV=production
PORT=7777
====================</StdOut>
      </Output>
    </UnitTestResult>
    <UnitTestResult executionId="94214e35-d440-431c-8e49-2c43eb1ddf19" testId="cc50075c-462e-8b57-d394-e1d716bb8f7e" testName="Constructor_WithEmptyElements_ShouldInitializeEmptyCollection" computerName="cursor" duration="00:00:00.0103900" startTime="2025-08-11T23:17:38.7788851+00:00" endTime="2025-08-11T23:17:38.7892747+00:00" testType="13cdc9d9-ddb5-4fa4-a97d-d965ccfc6d4b" outcome="Passed" testListId="8c84fa94-04c1-424b-9868-57a2d4851a1d" relativeResultsDirectory="94214e35-d440-431c-8e49-2c43eb1ddf19" />
    <UnitTestResult executionId="cf188d28-00b6-402f-9a62-8dadf8cf4f5a" testId="5bf46c48-3055-37d6-fef8-c9d126207b04" testName="Constructor_WithLogger_CreatesInstance" computerName="cursor" duration="00:00:00.0031240" startTime="2025-08-11T23:17:39.0111449+00:00" endTime="2025-08-11T23:17:39.0142687+00:00" testType="13cdc9d9-ddb5-4fa4-a97d-d965ccfc6d4b" outcome="Passed" testListId="8c84fa94-04c1-424b-9868-57a2d4851a1d" relativeResultsDirectory="cf188d28-00b6-402f-9a62-8dadf8cf4f5a" />
    <UnitTestResult executionId="af756503-6c5f-4e25-b057-9d45e25cac54" testId="3c6ae5e7-2078-93c7-0cb9-170c4974fe27" testName="WithSlowMo_WithValidValue_SetsSlowMo" computerName="cursor" duration="00:00:00.0001280" startTime="2025-08-11T23:17:38.8673290+00:00" endTime="2025-08-11T23:17:38.8674574+00:00" testType="13cdc9d9-ddb5-4fa4-a97d-d965ccfc6d4b" outcome="Passed" testListId="8c84fa94-04c1-424b-9868-57a2d4851a1d" relativeResultsDirectory="af756503-6c5f-4e25-b057-9d45e25cac54" />
    <UnitTestResult executionId="3dd24b68-05d7-4e70-8453-519b1b4854db" testId="4d36eff3-cb8c-cc2b-ae0a-7341e46f417f" testName="Constructor_WithNullOptions_ThrowsArgumentNullException" computerName="cursor" duration="00:00:00.0001360" startTime="2025-08-11T23:17:38.8461662+00:00" endTime="2025-08-11T23:17:38.8463022+00:00" testType="13cdc9d9-ddb5-4fa4-a97d-d965ccfc6d4b" outcome="Passed" testListId="8c84fa94-04c1-424b-9868-57a2d4851a1d" relativeResultsDirectory="3dd24b68-05d7-4e70-8453-519b1b4854db" />
    <UnitTestResult executionId="2f7047fe-3b31-469a-b48d-7c70616ccaaf" testId="aa2ad8c9-644e-352f-745e-635b81ae401d" testName="DetectProjectPath_FromAdditionalPaths_ReturnsPath" computerName="cursor" duration="00:00:00.0023680" startTime="2025-08-11T23:17:38.8398294+00:00" endTime="2025-08-11T23:17:38.8421975+00:00" testType="13cdc9d9-ddb5-4fa4-a97d-d965ccfc6d4b" outcome="Passed" testListId="8c84fa94-04c1-424b-9868-57a2d4851a1d" relativeResultsDirectory="2f7047fe-3b31-469a-b48d-7c70616ccaaf" />
    <UnitTestResult executionId="edd25d77-a41f-428c-9b19-b258d8a6358d" testId="d9c1e874-b98e-f314-cfca-82dd9dc7660b" testName="DetectProjectPath_InGitRepo_FindsProjectInSrc" computerName="cursor" duration="00:00:00.0020060" startTime="2025-08-11T23:17:39.0058026+00:00" endTime="2025-08-11T23:17:39.0078081+00:00" testType="13cdc9d9-ddb5-4fa4-a97d-d965ccfc6d4b" outcome="Passed" testListId="8c84fa94-04c1-424b-9868-57a2d4851a1d" relativeResultsDirectory="edd25d77-a41f-428c-9b19-b258d8a6358d" />
    <UnitTestResult executionId="c4f06c9f-9a04-4770-93b9-b6c911cfc03c" testId="8edbc9e8-8106-4e2b-446e-15afc8cb2e79" testName="WaitForVisible_ShouldCallDriverWaitForElementToBeVisible" computerName="cursor" duration="00:00:00.0001740" startTime="2025-08-11T23:17:38.8395440+00:00" endTime="2025-08-11T23:17:38.8397180+00:00" testType="13cdc9d9-ddb5-4fa4-a97d-d965ccfc6d4b" outcome="Passed" testListId="8c84fa94-04c1-424b-9868-57a2d4851a1d" relativeResultsDirectory="c4f06c9f-9a04-4770-93b9-b6c911cfc03c" />
    <UnitTestResult executionId="54295e5f-3d48-4a6c-bdc4-0186bd58bdfc" testId="28f7c59d-b5d1-8620-75b4-446e721774f0" testName="Indexer_WithValidIndex_ShouldReturnElement" computerName="cursor" duration="00:00:00.0002380" startTime="2025-08-11T23:17:38.8122926+00:00" endTime="2025-08-11T23:17:38.8125307+00:00" testType="13cdc9d9-ddb5-4fa4-a97d-d965ccfc6d4b" outcome="Passed" testListId="8c84fa94-04c1-424b-9868-57a2d4851a1d" relativeResultsDirectory="54295e5f-3d48-4a6c-bdc4-0186bd58bdfc" />
    <UnitTestResult executionId="2471c659-358c-438d-9687-ca64fea6843d" testId="5f7c4701-d824-4b97-c114-36e1e6a4c33e" testName="UrlMatches_PositiveAndNegative" computerName="cursor" duration="00:00:00.0005650" startTime="2025-08-11T23:17:39.0394577+00:00" endTime="2025-08-11T23:17:39.0400220+00:00" testType="13cdc9d9-ddb5-4fa4-a97d-d965ccfc6d4b" outcome="Passed" testListId="8c84fa94-04c1-424b-9868-57a2d4851a1d" relativeResultsDirectory="2471c659-358c-438d-9687-ca64fea6843d" />
    <UnitTestResult executionId="67b1f6c3-1412-4fe2-9ea4-8d83c1bbe4bb" testId="99f01ded-3ca2-e651-a7da-fe562e1e4884" testName="WithDefaultWaitTimeout_WithValidTimeout_SetsDefaultWaitTimeout" computerName="cursor" duration="00:00:00.0001460" startTime="2025-08-11T23:17:38.8633811+00:00" endTime="2025-08-11T23:17:38.8635275+00:00" testType="13cdc9d9-ddb5-4fa4-a97d-d965ccfc6d4b" outcome="Passed" testListId="8c84fa94-04c1-424b-9868-57a2d4851a1d" relativeResultsDirectory="67b1f6c3-1412-4fe2-9ea4-8d83c1bbe4bb" />
    <UnitTestResult executionId="3ca6fc58-d229-4cef-8c12-6384a606bef0" testId="4346959c-3e94-4c0e-1880-3b5ac77fbbde" testName="RegisterPlugin_WithDuplicatePlugin_DoesNotAddDuplicate" computerName="cursor" duration="00:00:00.0002999" startTime="2025-08-11T23:17:39.0158150+00:00" endTime="2025-08-11T23:17:39.0161146+00:00" testType="13cdc9d9-ddb5-4fa4-a97d-d965ccfc6d4b" outcome="Passed" testListId="8c84fa94-04c1-424b-9868-57a2d4851a1d" relativeResultsDirectory="3ca6fc58-d229-4cef-8c12-6384a606bef0" />
    <UnitTestResult executionId="bc23861f-996c-407b-bffb-b5acb3c86cac" testId="e46f5d7d-393e-88b9-1a00-80ae274b5f6e" testName="RegisterElement_WithNullKey_ShouldThrowArgumentException" computerName="cursor" duration="00:00:00.0001530" startTime="2025-08-11T23:17:38.8189246+00:00" endTime="2025-08-11T23:17:38.8190773+00:00" testType="13cdc9d9-ddb5-4fa4-a97d-d965ccfc6d4b" outcome="Passed" testListId="8c84fa94-04c1-424b-9868-57a2d4851a1d" relativeResultsDirectory="bc23861f-996c-407b-bffb-b5acb3c86cac" />
    <UnitTestResult executionId="aadb7e38-8deb-47a0-845e-f1d7355e075e" testId="22a55186-734f-9dba-b3aa-22207bab8f2a" testName="RegisterPlugin_WithValidPluginType_RegistersPlugin" computerName="cursor" duration="00:00:00.0001880" startTime="2025-08-11T23:17:39.0166637+00:00" endTime="2025-08-11T23:17:39.0168515+00:00" testType="13cdc9d9-ddb5-4fa4-a97d-d965ccfc6d4b" outcome="Passed" testListId="8c84fa94-04c1-424b-9868-57a2d4851a1d" relativeResultsDirectory="aadb7e38-8deb-47a0-845e-f1d7355e075e" />
    <UnitTestResult executionId="066da9b5-d5a7-40f2-8786-9e78455164ac" testId="d9747d07-b571-8346-80a3-fe62a8b92e46" testName="WithWebServerProjectPath_IsRemoved_FromBuilder" computerName="cursor" duration="00:00:00.0002090" startTime="2025-08-11T23:17:38.8678573+00:00" endTime="2025-08-11T23:17:38.8680665+00:00" testType="13cdc9d9-ddb5-4fa4-a97d-d965ccfc6d4b" outcome="Passed" testListId="8c84fa94-04c1-424b-9868-57a2d4851a1d" relativeResultsDirectory="066da9b5-d5a7-40f2-8786-9e78455164ac">
      <Output>
        <StdOut>Server config APIs removed from options builder; managed by WebServerManager</StdOut>
      </Output>
    </UnitTestResult>
    <UnitTestResult executionId="8e597d74-1775-40ab-80bd-185fc7fe31bd" testId="0f9f915d-f9f9-434c-81bb-640e07bacad2" testName="Constructor_WithValidParameters_ShouldInitializeFactory" computerName="cursor" duration="00:00:00.0000570" startTime="2025-08-11T23:17:38.8164790+00:00" endTime="2025-08-11T23:17:38.8165363+00:00" testType="13cdc9d9-ddb5-4fa4-a97d-d965ccfc6d4b" outcome="Passed" testListId="8c84fa94-04c1-424b-9868-57a2d4851a1d" relativeResultsDirectory="8e597d74-1775-40ab-80bd-185fc7fe31bd" />
    <UnitTestResult executionId="58b89845-0885-49ec-9bb2-8c851d453b2c" testId="e490ff0f-804e-81fe-d54a-5987cfe60093" testName="WithAttribute_WithNullValue_ShouldSetEmptyString" computerName="cursor" duration="00:00:00.0000920" startTime="2025-08-11T23:17:38.7775217+00:00" endTime="2025-08-11T23:17:38.7776136+00:00" testType="13cdc9d9-ddb5-4fa4-a97d-d965ccfc6d4b" outcome="Passed" testListId="8c84fa94-04c1-424b-9868-57a2d4851a1d" relativeResultsDirectory="58b89845-0885-49ec-9bb2-8c851d453b2c" />
    <UnitTestResult executionId="49a4cbdf-f746-45bc-9df9-7407d4973eef" testId="f886403e-9ef4-53a2-d4e1-ecec3b79370d" testName="Constructor_WithNullSelector_ShouldThrowArgumentNullException" computerName="cursor" duration="00:00:00.0002160" startTime="2025-08-11T23:17:38.7758731+00:00" endTime="2025-08-11T23:17:38.7760889+00:00" testType="13cdc9d9-ddb5-4fa4-a97d-d965ccfc6d4b" outcome="Passed" testListId="8c84fa94-04c1-424b-9868-57a2d4851a1d" relativeResultsDirectory="49a4cbdf-f746-45bc-9df9-7407d4973eef" />
    <UnitTestResult executionId="c91c61c2-a7a5-4415-b825-1b820eace8d9" testId="446583bb-1a0c-a601-da8c-b6db446288a3" testName="WithCustomWait_ShouldSetCustomWaitCondition" computerName="cursor" duration="00:00:00.0002620" startTime="2025-08-11T23:17:38.7776182+00:00" endTime="2025-08-11T23:17:38.7778799+00:00" testType="13cdc9d9-ddb5-4fa4-a97d-d965ccfc6d4b" outcome="Passed" testListId="8c84fa94-04c1-424b-9868-57a2d4851a1d" relativeResultsDirectory="c91c61c2-a7a5-4415-b825-1b820eace8d9" />
    <UnitTestResult executionId="8336dd19-ae26-4df8-abcf-937c4acee954" testId="f3b5f62e-4f46-2207-7f46-5faefe33f536" testName="Exists_WhenElementDoesNotExist_ShouldReturnFalse" computerName="cursor" duration="00:00:00.0008540" startTime="2025-08-11T23:17:38.8239382+00:00" endTime="2025-08-11T23:17:38.8247918+00:00" testType="13cdc9d9-ddb5-4fa4-a97d-d965ccfc6d4b" outcome="Passed" testListId="8c84fa94-04c1-424b-9868-57a2d4851a1d" relativeResultsDirectory="8336dd19-ae26-4df8-abcf-937c4acee954" />
    <UnitTestResult executionId="f7beb708-6c65-46b1-b100-f3ec3032a377" testId="f2f6b3ec-eeaf-c73e-5a2e-1ef2fc174766" testName="WithAttribute_WithNullName_ShouldThrowArgumentException" computerName="cursor" duration="00:00:00.0001780" startTime="2025-08-11T23:17:38.7773376+00:00" endTime="2025-08-11T23:17:38.7775159+00:00" testType="13cdc9d9-ddb5-4fa4-a97d-d965ccfc6d4b" outcome="Passed" testListId="8c84fa94-04c1-424b-9868-57a2d4851a1d" relativeResultsDirectory="f7beb708-6c65-46b1-b100-f3ec3032a377" />
    <UnitTestResult executionId="b80d25e0-148c-4079-a474-eb84bdc9c20b" testId="07d2e673-5834-e2ca-06bc-89c7780bb3c8" testName="SpaProxy_Toggle_SetsHostingStartupAssembliesEnv" computerName="cursor" duration="00:00:00.0001700" startTime="2025-08-11T23:17:39.0314112+00:00" endTime="2025-08-11T23:17:39.0315807+00:00" testType="13cdc9d9-ddb5-4fa4-a97d-d965ccfc6d4b" outcome="Passed" testListId="8c84fa94-04c1-424b-9868-57a2d4851a1d" relativeResultsDirectory="b80d25e0-148c-4079-a474-eb84bdc9c20b">
      <Output>
        <StdOut>=== SPA proxy enabled ===
Builder methods:
.WithSpaProxy(true)
Run command:
dotnet run --framework net8.0 --configuration Release --no-launch-profile
Environment variables:
ASPNETCORE_ENVIRONMENT=Development
ASPNETCORE_HOSTINGSTARTUPASSEMBLIES=Microsoft.AspNetCore.SpaProxy
====================

=== SPA proxy disabled ===
Builder methods:
.WithSpaProxy(false)
Run command:
dotnet run --framework net8.0 --configuration Release --no-launch-profile
Environment variables:
ASPNETCORE_ENVIRONMENT=Development
ASPNETCORE_HOSTINGSTARTUPASSEMBLIES=
====================</StdOut>
      </Output>
    </UnitTestResult>
    <UnitTestResult executionId="2a4117fb-61ec-4679-be29-029e771a4bd6" testId="e75b2bb9-5515-7802-e744-4a6d4013843f" testName="GetOrCreateElement_WithExistingKey_ShouldReturnCachedElement" computerName="cursor" duration="00:00:00.0002440" startTime="2025-08-11T23:17:38.8176972+00:00" endTime="2025-08-11T23:17:38.8179408+00:00" testType="13cdc9d9-ddb5-4fa4-a97d-d965ccfc6d4b" outcome="Passed" testListId="8c84fa94-04c1-424b-9868-57a2d4851a1d" relativeResultsDirectory="2a4117fb-61ec-4679-be29-029e771a4bd6" />
    <UnitTestResult executionId="1d82cfb7-1906-44a9-bdbe-21ac12640224" testId="3df7fba2-fa8b-3ca7-23f8-eddd788932a9" testName="ElementContainsText_PositiveAndNegative" computerName="cursor" duration="00:00:00.0014690" startTime="2025-08-11T23:17:39.0356457+00:00" endTime="2025-08-11T23:17:39.0371144+00:00" testType="13cdc9d9-ddb5-4fa4-a97d-d965ccfc6d4b" outcome="Passed" testListId="8c84fa94-04c1-424b-9868-57a2d4851a1d" relativeResultsDirectory="1d82cfb7-1906-44a9-bdbe-21ac12640224" />
    <UnitTestResult executionId="11eb2d90-c72f-4be3-8c83-8900fdd34ae1" testId="8ee850f6-f93d-44de-04bb-8bbc073b000b" testName="Constructor_WithNullOptions_ShouldThrowArgumentNullException" computerName="cursor" duration="00:00:00.0006290" startTime="2025-08-11T23:17:38.7752231+00:00" endTime="2025-08-11T23:17:38.7758515+00:00" testType="13cdc9d9-ddb5-4fa4-a97d-d965ccfc6d4b" outcome="Passed" testListId="8c84fa94-04c1-424b-9868-57a2d4851a1d" relativeResultsDirectory="11eb2d90-c72f-4be3-8c83-8900fdd34ae1" />
    <UnitTestResult executionId="cba60236-9b50-42c3-afd7-9ec84a900786" testId="bb6d95e1-fe2b-c7f2-f120-8406bb52b03a" testName="WithDefaultWaitTimeout_WithZeroTimeout_ThrowsException" computerName="cursor" duration="00:00:00.0001050" startTime="2025-08-11T23:17:38.8635334+00:00" endTime="2025-08-11T23:17:38.8636379+00:00" testType="13cdc9d9-ddb5-4fa4-a97d-d965ccfc6d4b" outcome="Passed" testListId="8c84fa94-04c1-424b-9868-57a2d4851a1d" relativeResultsDirectory="cba60236-9b50-42c3-afd7-9ec84a900786" />
    <UnitTestResult executionId="79b7ae86-d5d8-4095-b032-6e49496a30af" testId="0b4fc99c-eb06-94b0-bab6-1d7f1e79217a" testName="WithCustomWait_WithNullCondition_ShouldThrowArgumentNullException" computerName="cursor" duration="00:00:00.0001789" startTime="2025-08-11T23:17:38.7778880+00:00" endTime="2025-08-11T23:17:38.7780667+00:00" testType="13cdc9d9-ddb5-4fa4-a97d-d965ccfc6d4b" outcome="Passed" testListId="8c84fa94-04c1-424b-9868-57a2d4851a1d" relativeResultsDirectory="79b7ae86-d5d8-4095-b032-6e49496a30af" />
  </Results>
  <TestDefinitions>
    <UnitTest name="IEnumerableGetEnumerator_ShouldReturnAllElements" storage="/workspace/tests/fluentuiscaffold.core.tests/bin/debug/net8.0/fluentuiscaffold.core.tests.dll" id="475357e7-c128-1ac1-651e-32f7af1e435a">
      <Execution id="0b3b7cf0-9f4f-409f-8296-f7f8b505435c" />
      <TestMethod codeBase="/workspace/tests/FluentUIScaffold.Core.Tests/bin/Debug/net8.0/FluentUIScaffold.Core.Tests.dll" adapterTypeName="executor://nunit3testexecutor/" className="FluentUIScaffold.Core.Tests.ElementCollectionTests" name="IEnumerableGetEnumerator_ShouldReturnAllElements" />
    </UnitTest>
    <UnitTest name="Register_SamePluginTypeTwice_DeduplicatesByType" storage="/workspace/tests/fluentuiscaffold.core.tests/bin/debug/net8.0/fluentuiscaffold.core.tests.dll" id="f46fda5d-5750-4db5-4e78-e68e765afd13">
      <Execution id="10ef7554-eab8-4d22-95d7-11f457253390" />
      <TestMethod codeBase="/workspace/tests/FluentUIScaffold.Core.Tests/bin/Debug/net8.0/FluentUIScaffold.Core.Tests.dll" adapterTypeName="executor://nunit3testexecutor/" className="FluentUIScaffold.Core.Tests.PluginRegistryTests" name="Register_SamePluginTypeTwice_DeduplicatesByType" />
    </UnitTest>
    <UnitTest name="WithDefaultWaitTimeout_WithZeroTimeout_ThrowsException" storage="/workspace/tests/fluentuiscaffold.core.tests/bin/debug/net8.0/fluentuiscaffold.core.tests.dll" id="bb6d95e1-fe2b-c7f2-f120-8406bb52b03a">
      <Execution id="cba60236-9b50-42c3-afd7-9ec84a900786" />
      <TestMethod codeBase="/workspace/tests/FluentUIScaffold.Core.Tests/bin/Debug/net8.0/FluentUIScaffold.Core.Tests.dll" adapterTypeName="executor://nunit3testexecutor/" className="FluentUIScaffold.Core.Tests.FluentUIScaffoldOptionsBuilderTests" name="WithDefaultWaitTimeout_WithZeroTimeout_ThrowsException" />
    </UnitTest>
    <UnitTest name="RegisterPlugin_WithDuplicatePlugin_DoesNotAddDuplicate" storage="/workspace/tests/fluentuiscaffold.core.tests/bin/debug/net8.0/fluentuiscaffold.core.tests.dll" id="4346959c-3e94-4c0e-1880-3b5ac77fbbde">
      <Execution id="3ca6fc58-d229-4cef-8c12-6384a606bef0" />
      <TestMethod codeBase="/workspace/tests/FluentUIScaffold.Core.Tests/bin/Debug/net8.0/FluentUIScaffold.Core.Tests.dll" adapterTypeName="executor://nunit3testexecutor/" className="FluentUIScaffold.Core.Tests.PluginManagerTests" name="RegisterPlugin_WithDuplicatePlugin_DoesNotAddDuplicate" />
    </UnitTest>
    <UnitTest name="VerificationException_Constructors_Work" storage="/workspace/tests/fluentuiscaffold.core.tests/bin/debug/net8.0/fluentuiscaffold.core.tests.dll" id="19dd36e1-31f9-3753-0a72-7dc6f09188c0">
      <Execution id="b744f6a4-937e-4d7e-9c2e-b6d6f5aba113" />
      <TestMethod codeBase="/workspace/tests/FluentUIScaffold.Core.Tests/bin/Debug/net8.0/FluentUIScaffold.Core.Tests.dll" adapterTypeName="executor://nunit3testexecutor/" className="FluentUIScaffold.Core.Tests.ExceptionsTests" name="VerificationException_Constructors_Work" />
    </UnitTest>
    <UnitTest name="Constructor_WithNullElements_ShouldInitializeEmptyCollection" storage="/workspace/tests/fluentuiscaffold.core.tests/bin/debug/net8.0/fluentuiscaffold.core.tests.dll" id="c2f5de2f-6096-d57c-95e5-fec26b8d796d">
      <Execution id="ebc85caa-e317-41f0-86c6-50dbd9cf7952" />
      <TestMethod codeBase="/workspace/tests/FluentUIScaffold.Core.Tests/bin/Debug/net8.0/FluentUIScaffold.Core.Tests.dll" adapterTypeName="executor://nunit3testexecutor/" className="FluentUIScaffold.Core.Tests.ElementCollectionTests" name="Constructor_WithNullElements_ShouldInitializeEmptyCollection" />
    </UnitTest>
    <UnitTest name="WebApplicationFactory_FrameworkAndConfiguration_ProducesExpectedRunCommand" storage="/workspace/tests/fluentuiscaffold.core.tests/bin/debug/net8.0/fluentuiscaffold.core.tests.dll" id="5e045292-2424-2536-e9a7-78679c446a8a">
      <Execution id="67069ac9-e5db-47eb-bfa4-609843f261c4" />
      <TestMethod codeBase="/workspace/tests/FluentUIScaffold.Core.Tests/bin/Debug/net8.0/FluentUIScaffold.Core.Tests.dll" adapterTypeName="executor://nunit3testexecutor/" className="FluentUIScaffold.Core.Tests.ServerConfigurationBuilderIntegrationTests" name="WebApplicationFactory_FrameworkAndConfiguration_ProducesExpectedRunCommand" />
    </UnitTest>
    <UnitTest name="BuildCommandArguments_ReturnsExpectedFormat" storage="/workspace/tests/fluentuiscaffold.core.tests/bin/debug/net8.0/fluentuiscaffold.core.tests.dll" id="0b3109f8-d2a8-47f7-ae01-04faf34ff615">
      <Execution id="1e7d8fbe-84ff-49c1-ac3b-8159e1580d28" />
      <TestMethod codeBase="/workspace/tests/FluentUIScaffold.Core.Tests/bin/Debug/net8.0/FluentUIScaffold.Core.Tests.dll" adapterTypeName="executor://nunit3testexecutor/" className="FluentUIScaffold.Core.Tests.AspNetCoreServerLauncherTests" name="BuildCommandArguments_ReturnsExpectedFormat" />
    </UnitTest>
    <UnitTest name="WithDescription_ShouldSetDescription" storage="/workspace/tests/fluentuiscaffold.core.tests/bin/debug/net8.0/fluentuiscaffold.core.tests.dll" id="a646cbbd-eb04-f9aa-5695-780998d26368">
      <Execution id="ec59434a-0c41-4a55-8f4a-e3e4d1cfb480" />
      <TestMethod codeBase="/workspace/tests/FluentUIScaffold.Core.Tests/bin/Debug/net8.0/FluentUIScaffold.Core.Tests.dll" adapterTypeName="executor://nunit3testexecutor/" className="FluentUIScaffold.Core.Tests.ElementBuilderTests" name="WithDescription_ShouldSetDescription" />
    </UnitTest>
    <UnitTest name="IsEnabled_ShouldCallDriverIsEnabled" storage="/workspace/tests/fluentuiscaffold.core.tests/bin/debug/net8.0/fluentuiscaffold.core.tests.dll" id="3972325b-780e-8149-0501-afcdb2e51733">
      <Execution id="2b8edf34-0723-41f4-b140-ee524efec24b" />
      <TestMethod codeBase="/workspace/tests/FluentUIScaffold.Core.Tests/bin/Debug/net8.0/FluentUIScaffold.Core.Tests.dll" adapterTypeName="executor://nunit3testexecutor/" className="FluentUIScaffold.Core.Tests.ElementTests" name="IsEnabled_ShouldCallDriverIsEnabled" />
    </UnitTest>
    <UnitTest name="WithSlowMo_WithNullValue_SetsSlowMoToNull" storage="/workspace/tests/fluentuiscaffold.core.tests/bin/debug/net8.0/fluentuiscaffold.core.tests.dll" id="eeb41d66-bc8a-3f24-dae1-82048046740c">
      <Execution id="d083f5e7-6fd4-4895-879b-973cbefce9b8" />
      <TestMethod codeBase="/workspace/tests/FluentUIScaffold.Core.Tests/bin/Debug/net8.0/FluentUIScaffold.Core.Tests.dll" adapterTypeName="executor://nunit3testexecutor/" className="FluentUIScaffold.Core.Tests.FluentUIScaffoldOptionsBuilderTests" name="WithSlowMo_WithNullValue_SetsSlowMoToNull" />
    </UnitTest>
    <UnitTest name="Filter_WithNoMatchingElements_ShouldReturnEmptyCollection" storage="/workspace/tests/fluentuiscaffold.core.tests/bin/debug/net8.0/fluentuiscaffold.core.tests.dll" id="d6e5f7f2-25f3-210a-1f00-1f733c0e9da8">
      <Execution id="693f942d-8626-4122-a88f-f590156d2b3c" />
      <TestMethod codeBase="/workspace/tests/FluentUIScaffold.Core.Tests/bin/Debug/net8.0/FluentUIScaffold.Core.Tests.dll" adapterTypeName="executor://nunit3testexecutor/" className="FluentUIScaffold.Core.Tests.ElementCollectionTests" name="Filter_WithNoMatchingElements_ShouldReturnEmptyCollection" />
    </UnitTest>
    <UnitTest name="FluentUIScaffoldException_Constructors_Work" storage="/workspace/tests/fluentuiscaffold.core.tests/bin/debug/net8.0/fluentuiscaffold.core.tests.dll" id="4d23582b-dfd6-378d-ff6d-4da2dfba9dba">
      <Execution id="7740ec0e-04e5-40e2-b080-1ee84a66012f" />
      <TestMethod codeBase="/workspace/tests/FluentUIScaffold.Core.Tests/bin/Debug/net8.0/FluentUIScaffold.Core.Tests.dll" adapterTypeName="executor://nunit3testexecutor/" className="FluentUIScaffold.Core.Tests.ExceptionsTests" name="FluentUIScaffoldException_Constructors_Work" />
    </UnitTest>
    <UnitTest name="ValidatePlugins_WithInvalidPlugin_ThrowsPluginException" storage="/workspace/tests/fluentuiscaffold.core.tests/bin/debug/net8.0/fluentuiscaffold.core.tests.dll" id="ab102e48-216b-a6e1-6a1e-ce5492770c81">
      <Execution id="21acc0c3-617a-4d08-b44f-1b49b1138c79" />
      <TestMethod codeBase="/workspace/tests/FluentUIScaffold.Core.Tests/bin/Debug/net8.0/FluentUIScaffold.Core.Tests.dll" adapterTypeName="executor://nunit3testexecutor/" className="FluentUIScaffold.Core.Tests.PluginManagerTests" name="ValidatePlugins_WithInvalidPlugin_ThrowsPluginException" />
    </UnitTest>
    <UnitTest name="WithBaseUrl_WithValidUrl_SetsBaseUrl" storage="/workspace/tests/fluentuiscaffold.core.tests/bin/debug/net8.0/fluentuiscaffold.core.tests.dll" id="d0ef1a67-943c-e03c-80e8-cb9d77933072">
      <Execution id="28cf68c4-5f67-47a2-baf4-6b207bedb442" />
      <TestMethod codeBase="/workspace/tests/FluentUIScaffold.Core.Tests/bin/Debug/net8.0/FluentUIScaffold.Core.Tests.dll" adapterTypeName="executor://nunit3testexecutor/" className="FluentUIScaffold.Core.Tests.FluentUIScaffoldTests" name="WithBaseUrl_WithValidUrl_SetsBaseUrl" />
    </UnitTest>
    <UnitTest name="WithCustomWait_WithNullCondition_ShouldThrowArgumentNullException" storage="/workspace/tests/fluentuiscaffold.core.tests/bin/debug/net8.0/fluentuiscaffold.core.tests.dll" id="0b4fc99c-eb06-94b0-bab6-1d7f1e79217a">
      <Execution id="79b7ae86-d5d8-4095-b032-6e49496a30af" />
      <TestMethod codeBase="/workspace/tests/FluentUIScaffold.Core.Tests/bin/Debug/net8.0/FluentUIScaffold.Core.Tests.dll" adapterTypeName="executor://nunit3testexecutor/" className="FluentUIScaffold.Core.Tests.ElementBuilderTests" name="WithCustomWait_WithNullCondition_ShouldThrowArgumentNullException" />
    </UnitTest>
    <UnitTest name="DetectProjectPath_InGitRepo_FindsProjectInSrc" storage="/workspace/tests/fluentuiscaffold.core.tests/bin/debug/net8.0/fluentuiscaffold.core.tests.dll" id="d9c1e874-b98e-f314-cfca-82dd9dc7660b">
      <Execution id="edd25d77-a41f-428c-9b19-b258d8a6358d" />
      <TestMethod codeBase="/workspace/tests/FluentUIScaffold.Core.Tests/bin/Debug/net8.0/FluentUIScaffold.Core.Tests.dll" adapterTypeName="executor://nunit3testexecutor/" className="FluentUIScaffold.Core.Tests.GitBasedProjectDetectorTests" name="DetectProjectPath_InGitRepo_FindsProjectInSrc" />
    </UnitTest>
    <UnitTest name="Constructor_WithValidElements_ShouldInitializeCollection" storage="/workspace/tests/fluentuiscaffold.core.tests/bin/debug/net8.0/fluentuiscaffold.core.tests.dll" id="dd2018e8-67f8-175b-29d6-c073c16953d1">
      <Execution id="35f91e18-34ac-49e9-953e-9c56e64e1c16" />
      <TestMethod codeBase="/workspace/tests/FluentUIScaffold.Core.Tests/bin/Debug/net8.0/FluentUIScaffold.Core.Tests.dll" adapterTypeName="executor://nunit3testexecutor/" className="FluentUIScaffold.Core.Tests.ElementCollectionTests" name="Constructor_WithValidElements_ShouldInitializeCollection" />
    </UnitTest>
    <UnitTest name="DotNet_WorkingDirectory_IsApplied" storage="/workspace/tests/fluentuiscaffold.core.tests/bin/debug/net8.0/fluentuiscaffold.core.tests.dll" id="6d5a4486-b343-0cdc-4507-2918b358e5b5">
      <Execution id="59d82e63-e08f-4d40-b214-ab6d61e7f5e8" />
      <TestMethod codeBase="/workspace/tests/FluentUIScaffold.Core.Tests/bin/Debug/net8.0/FluentUIScaffold.Core.Tests.dll" adapterTypeName="executor://nunit3testexecutor/" className="FluentUIScaffold.Core.Tests.ServerConfigurationBuilderIntegrationTests" name="DotNet_WorkingDirectory_IsApplied" />
    </UnitTest>
    <UnitTest name="SpaProxy_Toggle_SetsHostingStartupAssembliesEnv" storage="/workspace/tests/fluentuiscaffold.core.tests/bin/debug/net8.0/fluentuiscaffold.core.tests.dll" id="07d2e673-5834-e2ca-06bc-89c7780bb3c8">
      <Execution id="b80d25e0-148c-4079-a474-eb84bdc9c20b" />
      <TestMethod codeBase="/workspace/tests/FluentUIScaffold.Core.Tests/bin/Debug/net8.0/FluentUIScaffold.Core.Tests.dll" adapterTypeName="executor://nunit3testexecutor/" className="FluentUIScaffold.Core.Tests.ServerConfigurationBuilderIntegrationTests" name="SpaProxy_Toggle_SetsHostingStartupAssembliesEnv" />
    </UnitTest>
    <UnitTest name="WithCustomWait_ShouldSetCustomWaitCondition" storage="/workspace/tests/fluentuiscaffold.core.tests/bin/debug/net8.0/fluentuiscaffold.core.tests.dll" id="446583bb-1a0c-a601-da8c-b6db446288a3">
      <Execution id="c91c61c2-a7a5-4415-b825-1b820eace8d9" />
      <TestMethod codeBase="/workspace/tests/FluentUIScaffold.Core.Tests/bin/Debug/net8.0/FluentUIScaffold.Core.Tests.dll" adapterTypeName="executor://nunit3testexecutor/" className="FluentUIScaffold.Core.Tests.ElementBuilderTests" name="WithCustomWait_ShouldSetCustomWaitCondition" />
    </UnitTest>
    <UnitTest name="WithAttribute_WithNullName_ShouldThrowArgumentException" storage="/workspace/tests/fluentuiscaffold.core.tests/bin/debug/net8.0/fluentuiscaffold.core.tests.dll" id="f2f6b3ec-eeaf-c73e-5a2e-1ef2fc174766">
      <Execution id="f7beb708-6c65-46b1-b100-f3ec3032a377" />
      <TestMethod codeBase="/workspace/tests/FluentUIScaffold.Core.Tests/bin/Debug/net8.0/FluentUIScaffold.Core.Tests.dll" adapterTypeName="executor://nunit3testexecutor/" className="FluentUIScaffold.Core.Tests.ElementBuilderTests" name="WithAttribute_WithNullName_ShouldThrowArgumentException" />
    </UnitTest>
    <UnitTest name="Constructor_WithLogger_CreatesInstance" storage="/workspace/tests/fluentuiscaffold.core.tests/bin/debug/net8.0/fluentuiscaffold.core.tests.dll" id="5bf46c48-3055-37d6-fef8-c9d126207b04">
      <Execution id="cf188d28-00b6-402f-9a62-8dadf8cf4f5a" />
      <TestMethod codeBase="/workspace/tests/FluentUIScaffold.Core.Tests/bin/Debug/net8.0/FluentUIScaffold.Core.Tests.dll" adapterTypeName="executor://nunit3testexecutor/" className="FluentUIScaffold.Core.Tests.PluginManagerTests" name="Constructor_WithLogger_CreatesInstance" />
    </UnitTest>
    <UnitTest name="Constructor_WithNullOptions_ThrowsArgumentNullException" storage="/workspace/tests/fluentuiscaffold.core.tests/bin/debug/net8.0/fluentuiscaffold.core.tests.dll" id="4d36eff3-cb8c-cc2b-ae0a-7341e46f417f">
      <Execution id="3dd24b68-05d7-4e70-8453-519b1b4854db" />
      <TestMethod codeBase="/workspace/tests/FluentUIScaffold.Core.Tests/bin/Debug/net8.0/FluentUIScaffold.Core.Tests.dll" adapterTypeName="executor://nunit3testexecutor/" className="FluentUIScaffold.Core.Tests.FluentUIScaffoldOptionsBuilderTests" name="Constructor_WithNullOptions_ThrowsArgumentNullException" />
    </UnitTest>
    <UnitTest name="IsVisible_ShouldCallDriverIsVisible" storage="/workspace/tests/fluentuiscaffold.core.tests/bin/debug/net8.0/fluentuiscaffold.core.tests.dll" id="0c9cdc29-691b-c84f-d982-5575012bff55">
      <Execution id="e3326ece-edb9-4ecf-8f4c-ba7000823190" />
      <TestMethod codeBase="/workspace/tests/FluentUIScaffold.Core.Tests/bin/Debug/net8.0/FluentUIScaffold.Core.Tests.dll" adapterTypeName="executor://nunit3testexecutor/" className="FluentUIScaffold.Core.Tests.ElementTests" name="IsVisible_ShouldCallDriverIsVisible" />
    </UnitTest>
    <UnitTest name="GetOrCreateElement_WithExistingKey_ShouldReturnCachedElement" storage="/workspace/tests/fluentuiscaffold.core.tests/bin/debug/net8.0/fluentuiscaffold.core.tests.dll" id="e75b2bb9-5515-7802-e744-4a6d4013843f">
      <Execution id="2a4117fb-61ec-4679-be29-029e771a4bd6" />
      <TestMethod codeBase="/workspace/tests/FluentUIScaffold.Core.Tests/bin/Debug/net8.0/FluentUIScaffold.Core.Tests.dll" adapterTypeName="executor://nunit3testexecutor/" className="FluentUIScaffold.Core.Tests.ElementFactoryTests" name="GetOrCreateElement_WithExistingKey_ShouldReturnCachedElement" />
    </UnitTest>
    <UnitTest name="EnvironmentDefaults_AreApplied_WhenNotProvided" storage="/workspace/tests/fluentuiscaffold.core.tests/bin/debug/net8.0/fluentuiscaffold.core.tests.dll" id="09311360-5b2a-d8bb-bda7-c830483aca7e">
      <Execution id="15369e48-2bb7-4f30-b8c5-e06fb1a719d6" />
      <TestMethod codeBase="/workspace/tests/FluentUIScaffold.Core.Tests/bin/Debug/net8.0/FluentUIScaffold.Core.Tests.dll" adapterTypeName="executor://nunit3testexecutor/" className="FluentUIScaffold.Core.Tests.AspireServerLauncherTests" name="EnvironmentDefaults_AreApplied_WhenNotProvided" />
    </UnitTest>
    <UnitTest name="Select_ShouldCallDriverSelectOption" storage="/workspace/tests/fluentuiscaffold.core.tests/bin/debug/net8.0/fluentuiscaffold.core.tests.dll" id="f6b53d12-55a1-6cea-cf6b-996b794f8a7d">
      <Execution id="b1197a30-3d17-43eb-9e3d-d4cbdff16e3e" />
      <TestMethod codeBase="/workspace/tests/FluentUIScaffold.Core.Tests/bin/Debug/net8.0/FluentUIScaffold.Core.Tests.dll" adapterTypeName="executor://nunit3testexecutor/" className="FluentUIScaffold.Core.Tests.ElementTests" name="Select_ShouldCallDriverSelectOption" />
    </UnitTest>
    <UnitTest name="CreateDriver_WithNoPlugins_ThrowsFluentUIScaffoldPluginException" storage="/workspace/tests/fluentuiscaffold.core.tests/bin/debug/net8.0/fluentuiscaffold.core.tests.dll" id="63abd0f8-5814-164f-7950-4ad186521ab4">
      <Execution id="56efa087-8a1e-489a-879f-ab82ad4e7dad" />
      <TestMethod codeBase="/workspace/tests/FluentUIScaffold.Core.Tests/bin/Debug/net8.0/FluentUIScaffold.Core.Tests.dll" adapterTypeName="executor://nunit3testexecutor/" className="FluentUIScaffold.Core.Tests.PluginManagerTests" name="CreateDriver_WithNoPlugins_ThrowsFluentUIScaffoldPluginException" />
    </UnitTest>
    <UnitTest name="WithHeadlessMode_WithNullValue_SetsHeadlessModeToNull" storage="/workspace/tests/fluentuiscaffold.core.tests/bin/debug/net8.0/fluentuiscaffold.core.tests.dll" id="677131f5-8f9b-a5d7-51f3-8830f5479d4d">
      <Execution id="b0bde0bb-2872-4eeb-9b26-ad7b93c3bf7a" />
      <TestMethod codeBase="/workspace/tests/FluentUIScaffold.Core.Tests/bin/Debug/net8.0/FluentUIScaffold.Core.Tests.dll" adapterTypeName="executor://nunit3testexecutor/" className="FluentUIScaffold.Core.Tests.FluentUIScaffoldOptionsBuilderTests" name="WithHeadlessMode_WithNullValue_SetsHeadlessModeToNull" />
    </UnitTest>
    <UnitTest name="Indexer_WithIndexGreaterThanCount_ShouldThrowArgumentOutOfRangeException" storage="/workspace/tests/fluentuiscaffold.core.tests/bin/debug/net8.0/fluentuiscaffold.core.tests.dll" id="dd8f8349-d619-3359-a263-b07e1bc2b428">
      <Execution id="f643f3a9-4697-45d2-826c-4bc292510a7e" />
      <TestMethod codeBase="/workspace/tests/FluentUIScaffold.Core.Tests/bin/Debug/net8.0/FluentUIScaffold.Core.Tests.dll" adapterTypeName="executor://nunit3testexecutor/" className="FluentUIScaffold.Core.Tests.ElementCollectionTests" name="Indexer_WithIndexGreaterThanCount_ShouldThrowArgumentOutOfRangeException" />
    </UnitTest>
    <UnitTest name="IsSelected_ShouldReturnFalse" storage="/workspace/tests/fluentuiscaffold.core.tests/bin/debug/net8.0/fluentuiscaffold.core.tests.dll" id="179ad534-942e-3d0d-8cd9-ff68b706f3bf">
      <Execution id="f0fa3413-993c-429f-a6f2-052a52778bac" />
      <TestMethod codeBase="/workspace/tests/FluentUIScaffold.Core.Tests/bin/Debug/net8.0/FluentUIScaffold.Core.Tests.dll" adapterTypeName="executor://nunit3testexecutor/" className="FluentUIScaffold.Core.Tests.ElementTests" name="IsSelected_ShouldReturnFalse" />
    </UnitTest>
    <UnitTest name="CreateDriver_WithValidOptions_ReturnsDriver" storage="/workspace/tests/fluentuiscaffold.core.tests/bin/debug/net8.0/fluentuiscaffold.core.tests.dll" id="3f49ee74-f47f-14db-402b-a5606f508f18">
      <Execution id="e5130621-7d06-449f-82b9-4300b3749135" />
      <TestMethod codeBase="/workspace/tests/FluentUIScaffold.Core.Tests/bin/Debug/net8.0/FluentUIScaffold.Core.Tests.dll" adapterTypeName="executor://nunit3testexecutor/" className="FluentUIScaffold.Core.Tests.PluginManagerTests" name="CreateDriver_WithValidOptions_ReturnsDriver" />
    </UnitTest>
    <UnitTest name="ValidatePlugins_WithValidPlugins_DoesNotThrow" storage="/workspace/tests/fluentuiscaffold.core.tests/bin/debug/net8.0/fluentuiscaffold.core.tests.dll" id="a8ccc846-1ff4-1690-63b6-362e0b40f521">
      <Execution id="d8397c8d-8eb0-4b19-80f1-99e32394351c" />
      <TestMethod codeBase="/workspace/tests/FluentUIScaffold.Core.Tests/bin/Debug/net8.0/FluentUIScaffold.Core.Tests.dll" adapterTypeName="executor://nunit3testexecutor/" className="FluentUIScaffold.Core.Tests.PluginManagerTests" name="ValidatePlugins_WithValidPlugins_DoesNotThrow" />
    </UnitTest>
    <UnitTest name="StartServerAsync_ServerAlreadyRunning_SetsRunningState" storage="/workspace/tests/fluentuiscaffold.core.tests/bin/debug/net8.0/fluentuiscaffold.core.tests.dll" id="3297f400-bb31-d8da-0f7d-46758c3d7554">
      <Execution id="8064c90b-394d-419a-ae4c-47f5593f0b7e" />
      <TestMethod codeBase="/workspace/tests/FluentUIScaffold.Core.Tests/bin/Debug/net8.0/FluentUIScaffold.Core.Tests.dll" adapterTypeName="executor://nunit3testexecutor/" className="FluentUIScaffold.Core.Tests.WebServerManagerTests" name="StartServerAsync_ServerAlreadyRunning_SetsRunningState" />
    </UnitTest>
    <UnitTest name="Build_WithValidConfiguration_ReturnsConfiguredOptions" storage="/workspace/tests/fluentuiscaffold.core.tests/bin/debug/net8.0/fluentuiscaffold.core.tests.dll" id="020a6f08-c481-d586-c35b-71ffdcdf77ae">
      <Execution id="fa05d700-3a85-47c6-95f9-83a71992a35d" />
      <TestMethod codeBase="/workspace/tests/FluentUIScaffold.Core.Tests/bin/Debug/net8.0/FluentUIScaffold.Core.Tests.dll" adapterTypeName="executor://nunit3testexecutor/" className="FluentUIScaffold.Core.Tests.FluentUIScaffoldOptionsBuilderTests" name="Build_WithValidConfiguration_ReturnsConfiguredOptions" />
    </UnitTest>
    <UnitTest name="Constructor_WithValidParameters_ShouldInitializeFactory" storage="/workspace/tests/fluentuiscaffold.core.tests/bin/debug/net8.0/fluentuiscaffold.core.tests.dll" id="0f9f915d-f9f9-434c-81bb-640e07bacad2">
      <Execution id="8e597d74-1775-40ab-80bd-185fc7fe31bd" />
      <TestMethod codeBase="/workspace/tests/FluentUIScaffold.Core.Tests/bin/Debug/net8.0/FluentUIScaffold.Core.Tests.dll" adapterTypeName="executor://nunit3testexecutor/" className="FluentUIScaffold.Core.Tests.ElementFactoryTests" name="Constructor_WithValidParameters_ShouldInitializeFactory" />
    </UnitTest>
    <UnitTest name="Exists_WhenElementExists_ShouldReturnTrue" storage="/workspace/tests/fluentuiscaffold.core.tests/bin/debug/net8.0/fluentuiscaffold.core.tests.dll" id="268d744c-88c8-b894-11b0-d59382621120">
      <Execution id="855761b8-7119-48ed-a1f0-6e7c975de11a" />
      <TestMethod codeBase="/workspace/tests/FluentUIScaffold.Core.Tests/bin/Debug/net8.0/FluentUIScaffold.Core.Tests.dll" adapterTypeName="executor://nunit3testexecutor/" className="FluentUIScaffold.Core.Tests.ElementTests" name="Exists_WhenElementExists_ShouldReturnTrue" />
    </UnitTest>
    <UnitTest name="CreateDriver_WithNullOptions_ThrowsArgumentNullException" storage="/workspace/tests/fluentuiscaffold.core.tests/bin/debug/net8.0/fluentuiscaffold.core.tests.dll" id="33a7bbde-5ce9-4487-c1d1-eb748c5080db">
      <Execution id="79a4167f-abe8-441c-928a-583af4e10c89" />
      <TestMethod codeBase="/workspace/tests/FluentUIScaffold.Core.Tests/bin/Debug/net8.0/FluentUIScaffold.Core.Tests.dll" adapterTypeName="executor://nunit3testexecutor/" className="FluentUIScaffold.Core.Tests.PluginManagerTests" name="CreateDriver_WithNullOptions_ThrowsArgumentNullException" />
    </UnitTest>
    <UnitTest name="WithHeadlessMode_WithValidValue_SetsHeadlessMode" storage="/workspace/tests/fluentuiscaffold.core.tests/bin/debug/net8.0/fluentuiscaffold.core.tests.dll" id="2944cbda-271d-8e00-031a-dd03321c1f09">
      <Execution id="08c9c8c3-eb62-47e7-9f61-3ef47dc1f590" />
      <TestMethod codeBase="/workspace/tests/FluentUIScaffold.Core.Tests/bin/Debug/net8.0/FluentUIScaffold.Core.Tests.dll" adapterTypeName="executor://nunit3testexecutor/" className="FluentUIScaffold.Core.Tests.FluentUIScaffoldOptionsBuilderTests" name="WithHeadlessMode_WithValidValue_SetsHeadlessMode" />
    </UnitTest>
    <UnitTest name="FilterByAttribute_WithMatchingAttribute_ShouldReturnFilteredCollection" storage="/workspace/tests/fluentuiscaffold.core.tests/bin/debug/net8.0/fluentuiscaffold.core.tests.dll" id="bf999a1f-994b-fb2b-0916-7df6581792db">
      <Execution id="b0ec4474-74f0-4228-9208-16c787712d4e" />
      <TestMethod codeBase="/workspace/tests/FluentUIScaffold.Core.Tests/bin/Debug/net8.0/FluentUIScaffold.Core.Tests.dll" adapterTypeName="executor://nunit3testexecutor/" className="FluentUIScaffold.Core.Tests.ElementCollectionTests" name="FilterByAttribute_WithMatchingAttribute_ShouldReturnFilteredCollection" />
    </UnitTest>
    <UnitTest name="Constructor_WithNoParameters_CreatesInstance" storage="/workspace/tests/fluentuiscaffold.core.tests/bin/debug/net8.0/fluentuiscaffold.core.tests.dll" id="bba98ce8-0e46-19a1-add2-e0e6659866ca">
      <Execution id="76d65900-d00d-4fad-a178-dff44b90fe78" />
      <TestMethod codeBase="/workspace/tests/FluentUIScaffold.Core.Tests/bin/Debug/net8.0/FluentUIScaffold.Core.Tests.dll" adapterTypeName="executor://nunit3testexecutor/" className="FluentUIScaffold.Core.Tests.FluentUIScaffoldOptionsBuilderTests" name="Constructor_WithNoParameters_CreatesInstance" />
    </UnitTest>
    <UnitTest name="RegisterPlugin_WithValidPluginInstance_RegistersPlugin" storage="/workspace/tests/fluentuiscaffold.core.tests/bin/debug/net8.0/fluentuiscaffold.core.tests.dll" id="12ff9ff8-18aa-7b6e-4922-4d2923a6060b">
      <Execution id="44c0df05-1694-4be0-9810-f2ecba5a1b97" />
      <TestMethod codeBase="/workspace/tests/FluentUIScaffold.Core.Tests/bin/Debug/net8.0/FluentUIScaffold.Core.Tests.dll" adapterTypeName="executor://nunit3testexecutor/" className="FluentUIScaffold.Core.Tests.PluginManagerTests" name="RegisterPlugin_WithValidPluginInstance_RegistersPlugin" />
    </UnitTest>
    <UnitTest name="BuildCommandArguments_PrependsScript_AndAppendsArgs" storage="/workspace/tests/fluentuiscaffold.core.tests/bin/debug/net8.0/fluentuiscaffold.core.tests.dll" id="4cd43b66-f3f8-8df6-5266-95b6a332d485">
      <Execution id="df2de4aa-4458-4f95-8461-ec4908ad2cad" />
      <TestMethod codeBase="/workspace/tests/FluentUIScaffold.Core.Tests/bin/Debug/net8.0/FluentUIScaffold.Core.Tests.dll" adapterTypeName="executor://nunit3testexecutor/" className="FluentUIScaffold.Core.Tests.NodeJsServerLauncherTests" name="BuildCommandArguments_PrependsScript_AndAppendsArgs" />
    </UnitTest>
    <UnitTest name="FilterByAttribute_WithNullAttributeName_ShouldThrowArgumentException" storage="/workspace/tests/fluentuiscaffold.core.tests/bin/debug/net8.0/fluentuiscaffold.core.tests.dll" id="c3694fbe-f799-3b5e-9ff5-0d754eb65db7">
      <Execution id="b233fec3-856d-4cf6-83ef-763ce8130a6d" />
      <TestMethod codeBase="/workspace/tests/FluentUIScaffold.Core.Tests/bin/Debug/net8.0/FluentUIScaffold.Core.Tests.dll" adapterTypeName="executor://nunit3testexecutor/" className="FluentUIScaffold.Core.Tests.ElementCollectionTests" name="FilterByAttribute_WithNullAttributeName_ShouldThrowArgumentException" />
    </UnitTest>
    <UnitTest name="WebApplicationFactory_GetLauncher_SelectsCorrectLauncher" storage="/workspace/tests/fluentuiscaffold.core.tests/bin/debug/net8.0/fluentuiscaffold.core.tests.dll" id="fcd32eae-1929-9e13-f2a2-ebf52e2ea1bb">
      <Execution id="271ea0f5-f29e-4388-8518-ca09a46ff338" />
      <TestMethod codeBase="/workspace/tests/FluentUIScaffold.Core.Tests/bin/Debug/net8.0/FluentUIScaffold.Core.Tests.dll" adapterTypeName="executor://nunit3testexecutor/" className="FluentUIScaffold.Core.Tests.ServerConfigurationBuilderIntegrationTests" name="WebApplicationFactory_GetLauncher_SelectsCorrectLauncher" />
    </UnitTest>
    <UnitTest name="FilterByText_WithEmptyText_ShouldReturnEmptyCollection" storage="/workspace/tests/fluentuiscaffold.core.tests/bin/debug/net8.0/fluentuiscaffold.core.tests.dll" id="5d00fc9b-986f-8e7a-5894-fe21deab4d76">
      <Execution id="629d9beb-f6b5-4816-a0ea-8b4ebe6025e0" />
      <TestMethod codeBase="/workspace/tests/FluentUIScaffold.Core.Tests/bin/Debug/net8.0/FluentUIScaffold.Core.Tests.dll" adapterTypeName="executor://nunit3testexecutor/" className="FluentUIScaffold.Core.Tests.ElementCollectionTests" name="FilterByText_WithEmptyText_ShouldReturnEmptyCollection" />
    </UnitTest>
    <UnitTest name="GetPlugins_ReturnsRegisteredPlugins" storage="/workspace/tests/fluentuiscaffold.core.tests/bin/debug/net8.0/fluentuiscaffold.core.tests.dll" id="b301e5a2-6274-43e4-8d33-13911ec17a00">
      <Execution id="54d2bc39-fc18-4dda-ba62-3d5ee4a9d99a" />
      <TestMethod codeBase="/workspace/tests/FluentUIScaffold.Core.Tests/bin/Debug/net8.0/FluentUIScaffold.Core.Tests.dll" adapterTypeName="executor://nunit3testexecutor/" className="FluentUIScaffold.Core.Tests.PluginManagerTests" name="GetPlugins_ReturnsRegisteredPlugins" />
    </UnitTest>
    <UnitTest name="CustomEnvironmentVariables_ArePreserved" storage="/workspace/tests/fluentuiscaffold.core.tests/bin/debug/net8.0/fluentuiscaffold.core.tests.dll" id="9db3b268-6657-af98-9f75-1b63df5c1b61">
      <Execution id="64e14779-578c-4a0a-8a8b-d1cbbaace8e5" />
      <TestMethod codeBase="/workspace/tests/FluentUIScaffold.Core.Tests/bin/Debug/net8.0/FluentUIScaffold.Core.Tests.dll" adapterTypeName="executor://nunit3testexecutor/" className="FluentUIScaffold.Core.Tests.ServerConfigurationBuilderIntegrationTests" name="CustomEnvironmentVariables_ArePreserved" />
    </UnitTest>
    <UnitTest name="NodeJs_WithScriptAndEnv_ProducesExpectedCommandAndEnv" storage="/workspace/tests/fluentuiscaffold.core.tests/bin/debug/net8.0/fluentuiscaffold.core.tests.dll" id="5457ec9d-b666-cb43-0581-94c4ccf2eefc">
      <Execution id="a433b4f7-84f1-4a04-8d3a-b0cc8f6f9ace" />
      <TestMethod codeBase="/workspace/tests/FluentUIScaffold.Core.Tests/bin/Debug/net8.0/FluentUIScaffold.Core.Tests.dll" adapterTypeName="executor://nunit3testexecutor/" className="FluentUIScaffold.Core.Tests.ServerConfigurationBuilderIntegrationTests" name="NodeJs_WithScriptAndEnv_ProducesExpectedCommandAndEnv" />
    </UnitTest>
    <UnitTest name="IsCached_WithNonExistingKey_ShouldReturnFalse" storage="/workspace/tests/fluentuiscaffold.core.tests/bin/debug/net8.0/fluentuiscaffold.core.tests.dll" id="bf028da6-1617-4eb8-985e-f133f6495b1c">
      <Execution id="773cd762-4085-41dc-92cf-79f705d3b0f0" />
      <TestMethod codeBase="/workspace/tests/FluentUIScaffold.Core.Tests/bin/Debug/net8.0/FluentUIScaffold.Core.Tests.dll" adapterTypeName="executor://nunit3testexecutor/" className="FluentUIScaffold.Core.Tests.ElementFactoryTests" name="IsCached_WithNonExistingKey_ShouldReturnFalse" />
    </UnitTest>
    <UnitTest name="ElementValidationException_Constructors_Work" storage="/workspace/tests/fluentuiscaffold.core.tests/bin/debug/net8.0/fluentuiscaffold.core.tests.dll" id="1d0c7a95-619b-8f87-d712-932128165f7a">
      <Execution id="3c05a84f-de6b-41b7-88e3-acc834aa3c35" />
      <TestMethod codeBase="/workspace/tests/FluentUIScaffold.Core.Tests/bin/Debug/net8.0/FluentUIScaffold.Core.Tests.dll" adapterTypeName="executor://nunit3testexecutor/" className="FluentUIScaffold.Core.Tests.ExceptionsTests" name="ElementValidationException_Constructors_Work" />
    </UnitTest>
    <UnitTest name="WebApplicationFactory_WithUnhealthyEndpoint_TimesOutPathsCovered" storage="/workspace/tests/fluentuiscaffold.core.tests/bin/debug/net8.0/fluentuiscaffold.core.tests.dll" id="20de0f10-a260-56ec-7409-45cd1f921704">
      <Execution id="4b95047d-0fc0-4916-9781-01837db818df" />
      <TestMethod codeBase="/workspace/tests/FluentUIScaffold.Core.Tests/bin/Debug/net8.0/FluentUIScaffold.Core.Tests.dll" adapterTypeName="executor://nunit3testexecutor/" className="FluentUIScaffold.Core.Tests.AspNetServerLauncherReadinessTests" name="WebApplicationFactory_WithUnhealthyEndpoint_TimesOutPathsCovered" />
    </UnitTest>
    <UnitTest name="Constructor_WithNullSelector_ShouldThrowArgumentNullException" storage="/workspace/tests/fluentuiscaffold.core.tests/bin/debug/net8.0/fluentuiscaffold.core.tests.dll" id="e08a08af-210e-a1c2-6824-5a7b54cc2338">
      <Execution id="37956def-a1a1-492b-8a81-10cd9b6c5db0" />
      <TestMethod codeBase="/workspace/tests/FluentUIScaffold.Core.Tests/bin/Debug/net8.0/FluentUIScaffold.Core.Tests.dll" adapterTypeName="executor://nunit3testexecutor/" className="FluentUIScaffold.Core.Tests.ElementTests" name="Constructor_WithNullSelector_ShouldThrowArgumentNullException" />
    </UnitTest>
    <UnitTest name="Constructor_WithNullOptions_ShouldThrowArgumentNullException" storage="/workspace/tests/fluentuiscaffold.core.tests/bin/debug/net8.0/fluentuiscaffold.core.tests.dll" id="8ee850f6-f93d-44de-04bb-8bbc073b000b">
      <Execution id="11eb2d90-c72f-4be3-8c83-8900fdd34ae1" />
      <TestMethod codeBase="/workspace/tests/FluentUIScaffold.Core.Tests/bin/Debug/net8.0/FluentUIScaffold.Core.Tests.dll" adapterTypeName="executor://nunit3testexecutor/" className="FluentUIScaffold.Core.Tests.ElementBuilderTests" name="Constructor_WithNullOptions_ShouldThrowArgumentNullException" />
    </UnitTest>
    <UnitTest name="SetServerSpecificEnvironmentVariables_AspNetCore_SetsAspNetCoreUrls" storage="/workspace/tests/fluentuiscaffold.core.tests/bin/debug/net8.0/fluentuiscaffold.core.tests.dll" id="894f94b1-efcc-7bbe-43c4-5aa998a01fba">
      <Execution id="5e42f1bd-0e74-4f63-bd3b-f8699ec2a7f6" />
      <TestMethod codeBase="/workspace/tests/FluentUIScaffold.Core.Tests/bin/Debug/net8.0/FluentUIScaffold.Core.Tests.dll" adapterTypeName="executor://nunit3testexecutor/" className="FluentUIScaffold.Core.Tests.AspNetServerLauncherTests" name="SetServerSpecificEnvironmentVariables_AspNetCore_SetsAspNetCoreUrls" />
    </UnitTest>
    <UnitTest name="Constructor_WithNullOptions_ShouldThrowArgumentNullException" storage="/workspace/tests/fluentuiscaffold.core.tests/bin/debug/net8.0/fluentuiscaffold.core.tests.dll" id="e78cb7dd-0751-e11c-f830-882cb6a69d14">
      <Execution id="8722d79f-1219-4067-bb7e-ced20ea8d91b" />
      <TestMethod codeBase="/workspace/tests/FluentUIScaffold.Core.Tests/bin/Debug/net8.0/FluentUIScaffold.Core.Tests.dll" adapterTypeName="executor://nunit3testexecutor/" className="FluentUIScaffold.Core.Tests.ElementFactoryTests" name="Constructor_WithNullOptions_ShouldThrowArgumentNullException" />
    </UnitTest>
    <UnitTest name="CreateConfigurationWithDetection_WithValidParameters_ReturnsConfiguration" storage="/workspace/tests/fluentuiscaffold.core.tests/bin/debug/net8.0/fluentuiscaffold.core.tests.dll" id="869c75f3-f0d3-ccd1-94b9-b347ceeefe6e">
      <Execution id="043168cd-b548-4a5b-b58e-97e9c1f30ebc" />
      <TestMethod codeBase="/workspace/tests/FluentUIScaffold.Core.Tests/bin/Debug/net8.0/FluentUIScaffold.Core.Tests.dll" adapterTypeName="executor://nunit3testexecutor/" className="FluentUIScaffold.Core.Tests.ServerLauncherFactoryTests" name="CreateConfigurationWithDetection_WithValidParameters_ReturnsConfiguration" />
    </UnitTest>
    <UnitTest name="CreateElement_WithValidSelector_ShouldReturnElement" storage="/workspace/tests/fluentuiscaffold.core.tests/bin/debug/net8.0/fluentuiscaffold.core.tests.dll" id="6112ca55-caad-863b-bca3-e844e296c7b3">
      <Execution id="5ca41481-0b1e-4e5d-b592-061760f2fe53" />
      <TestMethod codeBase="/workspace/tests/FluentUIScaffold.Core.Tests/bin/Debug/net8.0/FluentUIScaffold.Core.Tests.dll" adapterTypeName="executor://nunit3testexecutor/" className="FluentUIScaffold.Core.Tests.ElementFactoryTests" name="CreateElement_WithValidSelector_ShouldReturnElement" />
    </UnitTest>
    <UnitTest name="DotNet_WithFrameworkAndConfiguration_ProducesExpectedRunCommand" storage="/workspace/tests/fluentuiscaffold.core.tests/bin/debug/net8.0/fluentuiscaffold.core.tests.dll" id="405fd94c-1e16-06c6-669b-4f6514668f24">
      <Execution id="694f91ab-64b1-4207-a757-ba7957e40e7e" />
      <TestMethod codeBase="/workspace/tests/FluentUIScaffold.Core.Tests/bin/Debug/net8.0/FluentUIScaffold.Core.Tests.dll" adapterTypeName="executor://nunit3testexecutor/" className="FluentUIScaffold.Core.Tests.ServerConfigurationBuilderIntegrationTests" name="DotNet_WithFrameworkAndConfiguration_ProducesExpectedRunCommand" />
    </UnitTest>
    <UnitTest name="RegisterElement_WithValidParameters_ShouldCacheElement" storage="/workspace/tests/fluentuiscaffold.core.tests/bin/debug/net8.0/fluentuiscaffold.core.tests.dll" id="1c8b7bab-7237-42e0-5fb5-c55615089994">
      <Execution id="930c48ce-4030-4be0-88d6-9d8c2da326a1" />
      <TestMethod codeBase="/workspace/tests/FluentUIScaffold.Core.Tests/bin/Debug/net8.0/FluentUIScaffold.Core.Tests.dll" adapterTypeName="executor://nunit3testexecutor/" className="FluentUIScaffold.Core.Tests.ElementFactoryTests" name="RegisterElement_WithValidParameters_ShouldCacheElement" />
    </UnitTest>
    <UnitTest name="FilterByAttribute_WithNoMatchingAttribute_ShouldReturnEmptyCollection" storage="/workspace/tests/fluentuiscaffold.core.tests/bin/debug/net8.0/fluentuiscaffold.core.tests.dll" id="d93cec4f-53d9-403d-a92c-21324eed1dc2">
      <Execution id="3f646475-a5aa-405c-8a7b-3b63ad7fb970" />
      <TestMethod codeBase="/workspace/tests/FluentUIScaffold.Core.Tests/bin/Debug/net8.0/FluentUIScaffold.Core.Tests.dll" adapterTypeName="executor://nunit3testexecutor/" className="FluentUIScaffold.Core.Tests.ElementCollectionTests" name="FilterByAttribute_WithNoMatchingAttribute_ShouldReturnEmptyCollection" />
    </UnitTest>
    <UnitTest name="WithSlowMo_WithNegativeValue_ThrowsException" storage="/workspace/tests/fluentuiscaffold.core.tests/bin/debug/net8.0/fluentuiscaffold.core.tests.dll" id="6dd2c663-126f-c692-d442-51f4ddb16f47">
      <Execution id="7792ecfb-a8d4-4c88-8f24-2ee64a522191" />
      <TestMethod codeBase="/workspace/tests/FluentUIScaffold.Core.Tests/bin/Debug/net8.0/FluentUIScaffold.Core.Tests.dll" adapterTypeName="executor://nunit3testexecutor/" className="FluentUIScaffold.Core.Tests.FluentUIScaffoldOptionsBuilderTests" name="WithSlowMo_WithNegativeValue_ThrowsException" />
    </UnitTest>
    <UnitTest name="Constructor_WithValidParameters_ShouldInitializeWithDefaultValues" storage="/workspace/tests/fluentuiscaffold.core.tests/bin/debug/net8.0/fluentuiscaffold.core.tests.dll" id="2d7af110-a47a-3498-5f06-ff20a980bae8">
      <Execution id="0f8726c3-da3f-4885-910f-0c1f4195b4b9" />
      <TestMethod codeBase="/workspace/tests/FluentUIScaffold.Core.Tests/bin/Debug/net8.0/FluentUIScaffold.Core.Tests.dll" adapterTypeName="executor://nunit3testexecutor/" className="FluentUIScaffold.Core.Tests.ElementBuilderTests" name="Constructor_WithValidParameters_ShouldInitializeWithDefaultValues" />
    </UnitTest>
    <UnitTest name="GetOrCreateElement_WithNewKey_ShouldCreateAndCacheElement" storage="/workspace/tests/fluentuiscaffold.core.tests/bin/debug/net8.0/fluentuiscaffold.core.tests.dll" id="f1c510fe-f632-6958-5421-3d34e26a9b68">
      <Execution id="38ebf698-6b73-43d8-9596-d0b6f53065da" />
      <TestMethod codeBase="/workspace/tests/FluentUIScaffold.Core.Tests/bin/Debug/net8.0/FluentUIScaffold.Core.Tests.dll" adapterTypeName="executor://nunit3testexecutor/" className="FluentUIScaffold.Core.Tests.ElementFactoryTests" name="GetOrCreateElement_WithNewKey_ShouldCreateAndCacheElement" />
    </UnitTest>
    <UnitTest name="Constructor_WithEmptyElements_ShouldInitializeEmptyCollection" storage="/workspace/tests/fluentuiscaffold.core.tests/bin/debug/net8.0/fluentuiscaffold.core.tests.dll" id="cc50075c-462e-8b57-d394-e1d716bb8f7e">
      <Execution id="94214e35-d440-431c-8e49-2c43eb1ddf19" />
      <TestMethod codeBase="/workspace/tests/FluentUIScaffold.Core.Tests/bin/Debug/net8.0/FluentUIScaffold.Core.Tests.dll" adapterTypeName="executor://nunit3testexecutor/" className="FluentUIScaffold.Core.Tests.ElementCollectionTests" name="Constructor_WithEmptyElements_ShouldInitializeEmptyCollection" />
    </UnitTest>
    <UnitTest name="CreateElement_WithEmptySelector_ShouldThrowArgumentException" storage="/workspace/tests/fluentuiscaffold.core.tests/bin/debug/net8.0/fluentuiscaffold.core.tests.dll" id="ab73f926-d1a2-00f0-bb5d-c38f897fb557">
      <Execution id="77b9c79a-04b9-4297-86b9-7fa83d5b8794" />
      <TestMethod codeBase="/workspace/tests/FluentUIScaffold.Core.Tests/bin/Debug/net8.0/FluentUIScaffold.Core.Tests.dll" adapterTypeName="executor://nunit3testexecutor/" className="FluentUIScaffold.Core.Tests.ElementFactoryTests" name="CreateElement_WithEmptySelector_ShouldThrowArgumentException" />
    </UnitTest>
    <UnitTest name="DotNet_CustomArguments_AreAppended" storage="/workspace/tests/fluentuiscaffold.core.tests/bin/debug/net8.0/fluentuiscaffold.core.tests.dll" id="c48c7a66-1a74-12aa-2595-2e164ad6c470">
      <Execution id="919e59b7-0097-470a-8db6-7bc107e82674" />
      <TestMethod codeBase="/workspace/tests/FluentUIScaffold.Core.Tests/bin/Debug/net8.0/FluentUIScaffold.Core.Tests.dll" adapterTypeName="executor://nunit3testexecutor/" className="FluentUIScaffold.Core.Tests.ServerConfigurationBuilderIntegrationTests" name="DotNet_CustomArguments_AreAppended" />
    </UnitTest>
    <UnitTest name="GetPlugins_ReturnsReadOnlyCollection" storage="/workspace/tests/fluentuiscaffold.core.tests/bin/debug/net8.0/fluentuiscaffold.core.tests.dll" id="b16522d5-763c-5079-f175-3132fe0bb3ec">
      <Execution id="5e253438-c8d9-43e1-9eb5-96b4d6613926" />
      <TestMethod codeBase="/workspace/tests/FluentUIScaffold.Core.Tests/bin/Debug/net8.0/FluentUIScaffold.Core.Tests.dll" adapterTypeName="executor://nunit3testexecutor/" className="FluentUIScaffold.Core.Tests.PluginManagerTests" name="GetPlugins_ReturnsReadOnlyCollection" />
    </UnitTest>
    <UnitTest name="Build_WithInvalidConfiguration_ThrowsException" storage="/workspace/tests/fluentuiscaffold.core.tests/bin/debug/net8.0/fluentuiscaffold.core.tests.dll" id="5dbab36b-8bf9-b94a-886b-0679437303ac">
      <Execution id="c24637ed-1991-4160-95f9-fbe2b6467714" />
      <TestMethod codeBase="/workspace/tests/FluentUIScaffold.Core.Tests/bin/Debug/net8.0/FluentUIScaffold.Core.Tests.dll" adapterTypeName="executor://nunit3testexecutor/" className="FluentUIScaffold.Core.Tests.FluentUIScaffoldOptionsBuilderTests" name="Build_WithInvalidConfiguration_ThrowsException" />
    </UnitTest>
    <UnitTest name="Aspire_WithFrameworkAndDefaults_ProducesExpectedRunCommandAndEnv" storage="/workspace/tests/fluentuiscaffold.core.tests/bin/debug/net8.0/fluentuiscaffold.core.tests.dll" id="ac2caede-1993-10f2-1269-ecc9a1cb91c8">
      <Execution id="05e99b6d-14a5-43a7-8a3b-b62a00ee3a73" />
      <TestMethod codeBase="/workspace/tests/FluentUIScaffold.Core.Tests/bin/Debug/net8.0/FluentUIScaffold.Core.Tests.dll" adapterTypeName="executor://nunit3testexecutor/" className="FluentUIScaffold.Core.Tests.ServerConfigurationBuilderIntegrationTests" name="Aspire_WithFrameworkAndDefaults_ProducesExpectedRunCommandAndEnv" />
    </UnitTest>
    <UnitTest name="Click_ShouldCallDriverClick" storage="/workspace/tests/fluentuiscaffold.core.tests/bin/debug/net8.0/fluentuiscaffold.core.tests.dll" id="121b3ea7-a273-e796-8c2e-1aff78536d24">
      <Execution id="1612d021-9e56-4170-93f1-401e159de13c" />
      <TestMethod codeBase="/workspace/tests/FluentUIScaffold.Core.Tests/bin/Debug/net8.0/FluentUIScaffold.Core.Tests.dll" adapterTypeName="executor://nunit3testexecutor/" className="FluentUIScaffold.Core.Tests.ElementTests" name="Click_ShouldCallDriverClick" />
    </UnitTest>
    <UnitTest name="First_WithEmptyCollection_ShouldThrowInvalidOperationException" storage="/workspace/tests/fluentuiscaffold.core.tests/bin/debug/net8.0/fluentuiscaffold.core.tests.dll" id="cc28fd0d-aeb1-6068-03cf-a613121c3154">
      <Execution id="42669e84-ade2-46c3-a4a9-670e7c2ba0e1" />
      <TestMethod codeBase="/workspace/tests/FluentUIScaffold.Core.Tests/bin/Debug/net8.0/FluentUIScaffold.Core.Tests.dll" adapterTypeName="executor://nunit3testexecutor/" className="FluentUIScaffold.Core.Tests.ElementCollectionTests" name="First_WithEmptyCollection_ShouldThrowInvalidOperationException" />
    </UnitTest>
    <UnitTest name="RemoveFromCache_WithExistingKey_ShouldRemoveElement" storage="/workspace/tests/fluentuiscaffold.core.tests/bin/debug/net8.0/fluentuiscaffold.core.tests.dll" id="c6b038af-0bc0-b632-00c4-3ef8ea29ed6e">
      <Execution id="8a2c3ce0-5e7c-45e2-b957-dfb7a42a1a5f" />
      <TestMethod codeBase="/workspace/tests/FluentUIScaffold.Core.Tests/bin/Debug/net8.0/FluentUIScaffold.Core.Tests.dll" adapterTypeName="executor://nunit3testexecutor/" className="FluentUIScaffold.Core.Tests.ElementFactoryTests" name="RemoveFromCache_WithExistingKey_ShouldRemoveElement" />
    </UnitTest>
    <UnitTest name="NavigateToUrl_WithValidUrl_NavigatesSuccessfully" storage="/workspace/tests/fluentuiscaffold.core.tests/bin/debug/net8.0/fluentuiscaffold.core.tests.dll" id="2ae1304c-81ac-a359-4734-cee502a63ccd">
      <Execution id="db381f3d-911c-40b4-a641-a9f3f3fac378" />
      <TestMethod codeBase="/workspace/tests/FluentUIScaffold.Core.Tests/bin/Debug/net8.0/FluentUIScaffold.Core.Tests.dll" adapterTypeName="executor://nunit3testexecutor/" className="FluentUIScaffold.Core.Tests.NavigationTests" name="NavigateToUrl_WithValidUrl_NavigatesSuccessfully" />
    </UnitTest>
    <UnitTest name="ClearCache_ShouldRemoveAllElements" storage="/workspace/tests/fluentuiscaffold.core.tests/bin/debug/net8.0/fluentuiscaffold.core.tests.dll" id="8f39af80-f58e-71ee-14e2-037e33d2ca9e">
      <Execution id="9fb9d420-e645-46e0-b19d-5a8950c4ffee" />
      <TestMethod codeBase="/workspace/tests/FluentUIScaffold.Core.Tests/bin/Debug/net8.0/FluentUIScaffold.Core.Tests.dll" adapterTypeName="executor://nunit3testexecutor/" className="FluentUIScaffold.Core.Tests.ElementFactoryTests" name="ClearCache_ShouldRemoveAllElements" />
    </UnitTest>
    <UnitTest name="FilterByAttribute_WithEmptyAttributeName_ShouldThrowArgumentException" storage="/workspace/tests/fluentuiscaffold.core.tests/bin/debug/net8.0/fluentuiscaffold.core.tests.dll" id="18f05ca5-b5fb-a8dd-f454-c581d558cbe9">
      <Execution id="6f3c50e7-fcb6-4d85-b51d-6085eecc2443" />
      <TestMethod codeBase="/workspace/tests/FluentUIScaffold.Core.Tests/bin/Debug/net8.0/FluentUIScaffold.Core.Tests.dll" adapterTypeName="executor://nunit3testexecutor/" className="FluentUIScaffold.Core.Tests.ElementCollectionTests" name="FilterByAttribute_WithEmptyAttributeName_ShouldThrowArgumentException" />
    </UnitTest>
    <UnitTest name="UrlMatches_PositiveAndNegative" storage="/workspace/tests/fluentuiscaffold.core.tests/bin/debug/net8.0/fluentuiscaffold.core.tests.dll" id="5f7c4701-d824-4b97-c114-36e1e6a4c33e">
      <Execution id="2471c659-358c-438d-9687-ca64fea6843d" />
      <TestMethod codeBase="/workspace/tests/FluentUIScaffold.Core.Tests/bin/Debug/net8.0/FluentUIScaffold.Core.Tests.dll" adapterTypeName="executor://nunit3testexecutor/" className="FluentUIScaffold.Core.Tests.VerificationContextTests" name="UrlMatches_PositiveAndNegative" />
    </UnitTest>
    <UnitTest name="LastOrDefault_WithNonEmptyCollection_ShouldReturnLastElement" storage="/workspace/tests/fluentuiscaffold.core.tests/bin/debug/net8.0/fluentuiscaffold.core.tests.dll" id="cbefd2c6-af4f-b601-5e3c-99959e055433">
      <Execution id="2fe801ef-ea21-45bf-b946-82640e6b01c6" />
      <TestMethod codeBase="/workspace/tests/FluentUIScaffold.Core.Tests/bin/Debug/net8.0/FluentUIScaffold.Core.Tests.dll" adapterTypeName="executor://nunit3testexecutor/" className="FluentUIScaffold.Core.Tests.ElementCollectionTests" name="LastOrDefault_WithNonEmptyCollection_ShouldReturnLastElement" />
    </UnitTest>
    <UnitTest name="DetectProjectPath_FromConfigFile_ReturnsPath" storage="/workspace/tests/fluentuiscaffold.core.tests/bin/debug/net8.0/fluentuiscaffold.core.tests.dll" id="fff58572-0076-1d30-45fe-03dd6cfeccd1">
      <Execution id="8fe207a2-1c2b-421a-8d76-549869ed9a40" />
      <TestMethod codeBase="/workspace/tests/FluentUIScaffold.Core.Tests/bin/Debug/net8.0/FluentUIScaffold.Core.Tests.dll" adapterTypeName="executor://nunit3testexecutor/" className="FluentUIScaffold.Core.Tests.EnvironmentBasedProjectDetectorTests" name="DetectProjectPath_FromConfigFile_ReturnsPath" />
    </UnitTest>
    <UnitTest name="SlowMo_WithValidValue_SetsSlowMo" storage="/workspace/tests/fluentuiscaffold.core.tests/bin/debug/net8.0/fluentuiscaffold.core.tests.dll" id="2c985496-df4a-5947-e2dc-50422705efcf">
      <Execution id="2ceed77a-a2d7-44e2-8156-52f0d9707836" />
      <TestMethod codeBase="/workspace/tests/FluentUIScaffold.Core.Tests/bin/Debug/net8.0/FluentUIScaffold.Core.Tests.dll" adapterTypeName="executor://nunit3testexecutor/" className="FluentUIScaffold.Core.Tests.FluentUIScaffoldTests" name="SlowMo_WithValidValue_SetsSlowMo" />
    </UnitTest>
    <UnitTest name="WebApplicationFactory_WithHealthyEndpoint_ReadinessPathsCovered" storage="/workspace/tests/fluentuiscaffold.core.tests/bin/debug/net8.0/fluentuiscaffold.core.tests.dll" id="280bf3f0-72fb-f486-cff4-df88da493c15">
      <Execution id="bb26ca79-28f4-4ad2-af15-f22e02aace16" />
      <TestMethod codeBase="/workspace/tests/FluentUIScaffold.Core.Tests/bin/Debug/net8.0/FluentUIScaffold.Core.Tests.dll" adapterTypeName="executor://nunit3testexecutor/" className="FluentUIScaffold.Core.Tests.AspNetServerLauncherReadinessTests" name="WebApplicationFactory_WithHealthyEndpoint_ReadinessPathsCovered" />
    </UnitTest>
    <UnitTest name="FilterOutputByPort_MatchesCorrectLines" storage="/workspace/tests/fluentuiscaffold.core.tests/bin/debug/net8.0/fluentuiscaffold.core.tests.dll" id="a5af218b-8bb2-00fd-6d22-0e1ead0c9ffa">
      <Execution id="4a43b9fd-08bb-491d-bfae-7ec63e02f95e" />
      <TestMethod codeBase="/workspace/tests/FluentUIScaffold.Core.Tests/bin/Debug/net8.0/FluentUIScaffold.Core.Tests.dll" adapterTypeName="executor://nunit3testexecutor/" className="FluentUIScaffold.Core.Tests.PortProcessFinderTests" name="FilterOutputByPort_MatchesCorrectLines" />
    </UnitTest>
    <UnitTest name="SpaProxyEnv_PropagatesToStartInfo" storage="/workspace/tests/fluentuiscaffold.core.tests/bin/debug/net8.0/fluentuiscaffold.core.tests.dll" id="ba86690a-e524-5b30-0581-e7c61fd4694c">
      <Execution id="571f7ab7-ac95-4a03-915f-1853397948f6" />
      <TestMethod codeBase="/workspace/tests/FluentUIScaffold.Core.Tests/bin/Debug/net8.0/FluentUIScaffold.Core.Tests.dll" adapterTypeName="executor://nunit3testexecutor/" className="FluentUIScaffold.Core.Tests.AspNetCoreServerLauncherTests" name="SpaProxyEnv_PropagatesToStartInfo" />
    </UnitTest>
    <UnitTest name="WithAttribute_WithNullValue_ShouldSetEmptyString" storage="/workspace/tests/fluentuiscaffold.core.tests/bin/debug/net8.0/fluentuiscaffold.core.tests.dll" id="e490ff0f-804e-81fe-d54a-5987cfe60093">
      <Execution id="58b89845-0885-49ec-9bb2-8c851d453b2c" />
      <TestMethod codeBase="/workspace/tests/FluentUIScaffold.Core.Tests/bin/Debug/net8.0/FluentUIScaffold.Core.Tests.dll" adapterTypeName="executor://nunit3testexecutor/" className="FluentUIScaffold.Core.Tests.ElementBuilderTests" name="WithAttribute_WithNullValue_ShouldSetEmptyString" />
    </UnitTest>
    <UnitTest name="GetEnumerator_ShouldReturnAllElements" storage="/workspace/tests/fluentuiscaffold.core.tests/bin/debug/net8.0/fluentuiscaffold.core.tests.dll" id="4b5ed4f4-cca7-3210-3b0c-b7d6cb410605">
      <Execution id="7e4906bf-9cab-4839-86fb-3399585ae33d" />
      <TestMethod codeBase="/workspace/tests/FluentUIScaffold.Core.Tests/bin/Debug/net8.0/FluentUIScaffold.Core.Tests.dll" adapterTypeName="executor://nunit3testexecutor/" className="FluentUIScaffold.Core.Tests.ElementCollectionTests" name="GetEnumerator_ShouldReturnAllElements" />
    </UnitTest>
    <UnitTest name="RegisterLauncher_WithValidLauncher_RegistersSuccessfully" storage="/workspace/tests/fluentuiscaffold.core.tests/bin/debug/net8.0/fluentuiscaffold.core.tests.dll" id="24920700-cbf0-845b-81d7-78958082ce63">
      <Execution id="bec8fd0d-e425-4626-893a-ab8712500821" />
      <TestMethod codeBase="/workspace/tests/FluentUIScaffold.Core.Tests/bin/Debug/net8.0/FluentUIScaffold.Core.Tests.dll" adapterTypeName="executor://nunit3testexecutor/" className="FluentUIScaffold.Core.Tests.ServerLauncherFactoryTests" name="RegisterLauncher_WithValidLauncher_RegistersSuccessfully" />
    </UnitTest>
    <UnitTest name="CreateElement_WithNullSelector_ShouldThrowArgumentException" storage="/workspace/tests/fluentuiscaffold.core.tests/bin/debug/net8.0/fluentuiscaffold.core.tests.dll" id="0857da33-b4ef-b236-6099-02a532ef2a14">
      <Execution id="06e6f5ad-dd3b-4ac0-aed4-de32b60200d8" />
      <TestMethod codeBase="/workspace/tests/FluentUIScaffold.Core.Tests/bin/Debug/net8.0/FluentUIScaffold.Core.Tests.dll" adapterTypeName="executor://nunit3testexecutor/" className="FluentUIScaffold.Core.Tests.ElementFactoryTests" name="CreateElement_WithNullSelector_ShouldThrowArgumentException" />
    </UnitTest>
    <UnitTest name="CreateElement_WithConfiguration_ShouldReturnConfiguredElement" storage="/workspace/tests/fluentuiscaffold.core.tests/bin/debug/net8.0/fluentuiscaffold.core.tests.dll" id="38f64a32-373c-d336-108a-9833491623db">
      <Execution id="41648496-d84d-4b30-b10b-09cc34df5a81" />
      <TestMethod codeBase="/workspace/tests/FluentUIScaffold.Core.Tests/bin/Debug/net8.0/FluentUIScaffold.Core.Tests.dll" adapterTypeName="executor://nunit3testexecutor/" className="FluentUIScaffold.Core.Tests.ElementFactoryTests" name="CreateElement_WithConfiguration_ShouldReturnConfiguredElement" />
    </UnitTest>
    <UnitTest name="WithWebServerProjectPath_WithNullPath_Removed" storage="/workspace/tests/fluentuiscaffold.core.tests/bin/debug/net8.0/fluentuiscaffold.core.tests.dll" id="28f45f08-f929-d021-87bf-ac7bea3175f6">
      <Execution id="35827022-7220-4a16-81df-98da1aedeede" />
      <TestMethod codeBase="/workspace/tests/FluentUIScaffold.Core.Tests/bin/Debug/net8.0/FluentUIScaffold.Core.Tests.dll" adapterTypeName="executor://nunit3testexecutor/" className="FluentUIScaffold.Core.Tests.FluentUIScaffoldOptionsBuilderTests" name="WithWebServerProjectPath_WithNullPath_Removed" />
    </UnitTest>
    <UnitTest name="GetLauncher_WithUnregisteredServerType_ThrowsException" storage="/workspace/tests/fluentuiscaffold.core.tests/bin/debug/net8.0/fluentuiscaffold.core.tests.dll" id="f02c83be-628b-c901-c0e0-b0c07da04720">
      <Execution id="97a5d81f-a033-46e8-9128-1dbb82affee5" />
      <TestMethod codeBase="/workspace/tests/FluentUIScaffold.Core.Tests/bin/Debug/net8.0/FluentUIScaffold.Core.Tests.dll" adapterTypeName="executor://nunit3testexecutor/" className="FluentUIScaffold.Core.Tests.ServerLauncherFactoryTests" name="GetLauncher_WithUnregisteredServerType_ThrowsException" />
    </UnitTest>
    <UnitTest name="RegisterPlugin_WithNullPlugin_ThrowsArgumentNullException" storage="/workspace/tests/fluentuiscaffold.core.tests/bin/debug/net8.0/fluentuiscaffold.core.tests.dll" id="2e23022d-866f-3ace-93c9-9c504b47228e">
      <Execution id="d8c61360-8188-44f6-b6b6-feeabb6e6f58" />
      <TestMethod codeBase="/workspace/tests/FluentUIScaffold.Core.Tests/bin/Debug/net8.0/FluentUIScaffold.Core.Tests.dll" adapterTypeName="executor://nunit3testexecutor/" className="FluentUIScaffold.Core.Tests.PluginManagerTests" name="RegisterPlugin_WithNullPlugin_ThrowsArgumentNullException" />
    </UnitTest>
    <UnitTest name="FilterOutputByPort_EmptyOutput_ReturnsEmpty" storage="/workspace/tests/fluentuiscaffold.core.tests/bin/debug/net8.0/fluentuiscaffold.core.tests.dll" id="d2d2e102-f707-129a-9483-a3a753e80312">
      <Execution id="ea34d9b7-d14f-4e64-bbf6-cb8ceebc4b35" />
      <TestMethod codeBase="/workspace/tests/FluentUIScaffold.Core.Tests/bin/Debug/net8.0/FluentUIScaffold.Core.Tests.dll" adapterTypeName="executor://nunit3testexecutor/" className="FluentUIScaffold.Core.Tests.PortProcessFinderTests" name="FilterOutputByPort_EmptyOutput_ReturnsEmpty" />
    </UnitTest>
    <UnitTest name="Constructor_WithExistingOptions_CreatesInstance" storage="/workspace/tests/fluentuiscaffold.core.tests/bin/debug/net8.0/fluentuiscaffold.core.tests.dll" id="68cc5f29-514d-38dc-c438-33585cc74aa4">
      <Execution id="eef3866d-9ed6-4a1c-af8b-280173f2f4d7" />
      <TestMethod codeBase="/workspace/tests/FluentUIScaffold.Core.Tests/bin/Debug/net8.0/FluentUIScaffold.Core.Tests.dll" adapterTypeName="executor://nunit3testexecutor/" className="FluentUIScaffold.Core.Tests.FluentUIScaffoldOptionsBuilderTests" name="Constructor_WithExistingOptions_CreatesInstance" />
    </UnitTest>
    <UnitTest name="LastOrDefault_WithEmptyCollection_ShouldReturnNull" storage="/workspace/tests/fluentuiscaffold.core.tests/bin/debug/net8.0/fluentuiscaffold.core.tests.dll" id="c288cdf5-4c17-bd42-bf19-8d1a299a2747">
      <Execution id="8d9e8d77-1eda-404f-961a-b18e9d48079d" />
      <TestMethod codeBase="/workspace/tests/FluentUIScaffold.Core.Tests/bin/Debug/net8.0/FluentUIScaffold.Core.Tests.dll" adapterTypeName="executor://nunit3testexecutor/" className="FluentUIScaffold.Core.Tests.ElementCollectionTests" name="LastOrDefault_WithEmptyCollection_ShouldReturnNull" />
    </UnitTest>
    <UnitTest name="WaitFor_WithClickableStrategy_ShouldCallWaitForClickable" storage="/workspace/tests/fluentuiscaffold.core.tests/bin/debug/net8.0/fluentuiscaffold.core.tests.dll" id="6343243c-dfd7-4b0b-0e3c-4021f44a4a0d">
      <Execution id="d971d35d-df33-4ac1-830b-13cde9792d6d" />
      <TestMethod codeBase="/workspace/tests/FluentUIScaffold.Core.Tests/bin/Debug/net8.0/FluentUIScaffold.Core.Tests.dll" adapterTypeName="executor://nunit3testexecutor/" className="FluentUIScaffold.Core.Tests.ElementTests" name="WaitFor_WithClickableStrategy_ShouldCallWaitForClickable" />
    </UnitTest>
    <UnitTest name="GetCssValue_ShouldReturnEmptyString" storage="/workspace/tests/fluentuiscaffold.core.tests/bin/debug/net8.0/fluentuiscaffold.core.tests.dll" id="37cb0dcf-4168-cbb7-f50e-73ed6d374e4a">
      <Execution id="ab0b7380-8f14-480b-a835-3e9b611c9114" />
      <TestMethod codeBase="/workspace/tests/FluentUIScaffold.Core.Tests/bin/Debug/net8.0/FluentUIScaffold.Core.Tests.dll" adapterTypeName="executor://nunit3testexecutor/" className="FluentUIScaffold.Core.Tests.ElementTests" name="GetCssValue_ShouldReturnEmptyString" />
    </UnitTest>
    <UnitTest name="FilterByText_WithNoMatchingText_ShouldReturnEmptyCollection" storage="/workspace/tests/fluentuiscaffold.core.tests/bin/debug/net8.0/fluentuiscaffold.core.tests.dll" id="7f949d80-13b6-78ce-6336-64f88eac33b7">
      <Execution id="441f1ea1-9334-46ed-8329-2703c5478b62" />
      <TestMethod codeBase="/workspace/tests/FluentUIScaffold.Core.Tests/bin/Debug/net8.0/FluentUIScaffold.Core.Tests.dll" adapterTypeName="executor://nunit3testexecutor/" className="FluentUIScaffold.Core.Tests.ElementCollectionTests" name="FilterByText_WithNoMatchingText_ShouldReturnEmptyCollection" />
    </UnitTest>
    <UnitTest name="DotNet_EnvironmentSetters_AreApplied" storage="/workspace/tests/fluentuiscaffold.core.tests/bin/debug/net8.0/fluentuiscaffold.core.tests.dll" id="7b7eece1-efca-5e39-6f9c-7c2cf05500c2">
      <Execution id="182704df-1b30-43d4-93a6-3acab1bc1c7a" />
      <TestMethod codeBase="/workspace/tests/FluentUIScaffold.Core.Tests/bin/Debug/net8.0/FluentUIScaffold.Core.Tests.dll" adapterTypeName="executor://nunit3testexecutor/" className="FluentUIScaffold.Core.Tests.ServerConfigurationBuilderIntegrationTests" name="DotNet_EnvironmentSetters_AreApplied" />
    </UnitTest>
    <UnitTest name="GetOrCreateElement_WithNullSelector_ShouldThrowArgumentException" storage="/workspace/tests/fluentuiscaffold.core.tests/bin/debug/net8.0/fluentuiscaffold.core.tests.dll" id="2ac27a39-0887-ff83-8ecd-f4b873b52bce">
      <Execution id="bac01044-eb0d-40db-ac93-27f034b031a7" />
      <TestMethod codeBase="/workspace/tests/FluentUIScaffold.Core.Tests/bin/Debug/net8.0/FluentUIScaffold.Core.Tests.dll" adapterTypeName="executor://nunit3testexecutor/" className="FluentUIScaffold.Core.Tests.ElementFactoryTests" name="GetOrCreateElement_WithNullSelector_ShouldThrowArgumentException" />
    </UnitTest>
    <UnitTest name="SetServerSpecificEnvironmentVariables_Aspire_DoesNotOverrideAspNetCoreUrls" storage="/workspace/tests/fluentuiscaffold.core.tests/bin/debug/net8.0/fluentuiscaffold.core.tests.dll" id="2ac82e10-080e-2b5b-2d3d-5685bb444717">
      <Execution id="7033455b-2bb9-4f59-9a4f-fc4cbac1d5e1" />
      <TestMethod codeBase="/workspace/tests/FluentUIScaffold.Core.Tests/bin/Debug/net8.0/FluentUIScaffold.Core.Tests.dll" adapterTypeName="executor://nunit3testexecutor/" className="FluentUIScaffold.Core.Tests.AspNetServerLauncherTests" name="SetServerSpecificEnvironmentVariables_Aspire_DoesNotOverrideAspNetCoreUrls" />
    </UnitTest>
    <UnitTest name="FilterByText_WithCaseInsensitiveMatch_ShouldReturnFilteredCollection" storage="/workspace/tests/fluentuiscaffold.core.tests/bin/debug/net8.0/fluentuiscaffold.core.tests.dll" id="5b0b0b21-c836-f769-4fb0-bf7c584f610d">
      <Execution id="72a6bb88-b0b7-46a4-a358-4448d60140dd" />
      <TestMethod codeBase="/workspace/tests/FluentUIScaffold.Core.Tests/bin/Debug/net8.0/FluentUIScaffold.Core.Tests.dll" adapterTypeName="executor://nunit3testexecutor/" className="FluentUIScaffold.Core.Tests.ElementCollectionTests" name="FilterByText_WithCaseInsensitiveMatch_ShouldReturnFilteredCollection" />
    </UnitTest>
    <UnitTest name="Constructor_WithValidParameters_ShouldSetProperties" storage="/workspace/tests/fluentuiscaffold.core.tests/bin/debug/net8.0/fluentuiscaffold.core.tests.dll" id="1c0d19b9-1bef-846e-5c51-324c55f41975">
      <Execution id="7216ad44-406c-4fa7-b4e0-cb18453ab172" />
      <TestMethod codeBase="/workspace/tests/FluentUIScaffold.Core.Tests/bin/Debug/net8.0/FluentUIScaffold.Core.Tests.dll" adapterTypeName="executor://nunit3testexecutor/" className="FluentUIScaffold.Core.Tests.ElementTests" name="Constructor_WithValidParameters_ShouldSetProperties" />
    </UnitTest>
    <UnitTest name="WithHeadlessMode_WithNull_SetsNull" storage="/workspace/tests/fluentuiscaffold.core.tests/bin/debug/net8.0/fluentuiscaffold.core.tests.dll" id="471622d6-a01c-acdb-82c5-f00f72212509">
      <Execution id="0c77ffd0-189c-445b-bef0-5d051fae33f8" />
      <TestMethod codeBase="/workspace/tests/FluentUIScaffold.Core.Tests/bin/Debug/net8.0/FluentUIScaffold.Core.Tests.dll" adapterTypeName="executor://nunit3testexecutor/" className="FluentUIScaffold.Core.Tests.FluentUIScaffoldOptionsBuilderTests" name="WithHeadlessMode_WithNull_SetsNull" />
    </UnitTest>
    <UnitTest name="ElementTimeoutException_Constructors_Work" storage="/workspace/tests/fluentuiscaffold.core.tests/bin/debug/net8.0/fluentuiscaffold.core.tests.dll" id="3c6f06c4-eda4-678a-9f31-78ef1574d012">
      <Execution id="5cfaf18e-323a-4b3b-97c1-a2e95048cfb8" />
      <TestMethod codeBase="/workspace/tests/FluentUIScaffold.Core.Tests/bin/Debug/net8.0/FluentUIScaffold.Core.Tests.dll" adapterTypeName="executor://nunit3testexecutor/" className="FluentUIScaffold.Core.Tests.ExceptionsTests" name="ElementTimeoutException_Constructors_Work" />
    </UnitTest>
    <UnitTest name="IsDisplayed_ShouldReturnIsVisibleResult" storage="/workspace/tests/fluentuiscaffold.core.tests/bin/debug/net8.0/fluentuiscaffold.core.tests.dll" id="95cf8d21-caaa-bf90-a4bb-f43f9e880ae1">
      <Execution id="6b233bd7-2bd2-44fa-9968-fac641fe0ef3" />
      <TestMethod codeBase="/workspace/tests/FluentUIScaffold.Core.Tests/bin/Debug/net8.0/FluentUIScaffold.Core.Tests.dll" adapterTypeName="executor://nunit3testexecutor/" className="FluentUIScaffold.Core.Tests.ElementTests" name="IsDisplayed_ShouldReturnIsVisibleResult" />
    </UnitTest>
    <UnitTest name="WithHeadlessMode_AndSlowMo_SetProperly" storage="/workspace/tests/fluentuiscaffold.core.tests/bin/debug/net8.0/fluentuiscaffold.core.tests.dll" id="ff506097-7a61-9dd6-1df2-d3c8d75a82f3">
      <Execution id="42619328-58f9-4d2d-aeca-71ace0d66343" />
      <TestMethod codeBase="/workspace/tests/FluentUIScaffold.Core.Tests/bin/Debug/net8.0/FluentUIScaffold.Core.Tests.dll" adapterTypeName="executor://nunit3testexecutor/" className="FluentUIScaffold.Core.Tests.FluentUIScaffoldOptionsBuilderTests" name="WithHeadlessMode_AndSlowMo_SetProperly" />
    </UnitTest>
    <UnitTest name="WithWaitStrategy_ShouldSetWaitStrategy" storage="/workspace/tests/fluentuiscaffold.core.tests/bin/debug/net8.0/fluentuiscaffold.core.tests.dll" id="770867d9-ec05-f95d-4f86-cd135b847493">
      <Execution id="58690342-1897-4ba9-b8d9-b8e68ab756d3" />
      <TestMethod codeBase="/workspace/tests/FluentUIScaffold.Core.Tests/bin/Debug/net8.0/FluentUIScaffold.Core.Tests.dll" adapterTypeName="executor://nunit3testexecutor/" className="FluentUIScaffold.Core.Tests.ElementBuilderTests" name="WithWaitStrategy_ShouldSetWaitStrategy" />
    </UnitTest>
    <UnitTest name="Placeholder_NoOp_ToMaintainTestStructure" storage="/workspace/tests/fluentuiscaffold.core.tests/bin/debug/net8.0/fluentuiscaffold.core.tests.dll" id="2ea41be2-ee63-3a11-0613-d95c2f91bed0">
      <Execution id="73284085-351d-4525-9264-2ecaacebae1e" />
      <TestMethod codeBase="/workspace/tests/FluentUIScaffold.Core.Tests/bin/Debug/net8.0/FluentUIScaffold.Core.Tests.dll" adapterTypeName="executor://nunit3testexecutor/" className="FluentUIScaffold.Core.Tests.FluentUIScaffoldOptionsBuilderTests" name="Placeholder_NoOp_ToMaintainTestStructure" />
    </UnitTest>
    <UnitTest name="FluentChaining_ShouldWorkCorrectly" storage="/workspace/tests/fluentuiscaffold.core.tests/bin/debug/net8.0/fluentuiscaffold.core.tests.dll" id="551fc6ac-b856-8cac-3508-c2c42f5670a1">
      <Execution id="5ffbe48f-3659-42f3-b21d-905fd2dbecc5" />
      <TestMethod codeBase="/workspace/tests/FluentUIScaffold.Core.Tests/bin/Debug/net8.0/FluentUIScaffold.Core.Tests.dll" adapterTypeName="executor://nunit3testexecutor/" className="FluentUIScaffold.Core.Tests.ElementBuilderTests" name="FluentChaining_ShouldWorkCorrectly" />
    </UnitTest>
    <UnitTest name="WithDefaultWaitTimeout_WithNegativeTimeout_ThrowsException" storage="/workspace/tests/fluentuiscaffold.core.tests/bin/debug/net8.0/fluentuiscaffold.core.tests.dll" id="a8ade4ba-35e4-f1b1-b29c-1221576ebc2c">
      <Execution id="e4dcce8b-8edb-45e2-994f-26e7c5253d45" />
      <TestMethod codeBase="/workspace/tests/FluentUIScaffold.Core.Tests/bin/Debug/net8.0/FluentUIScaffold.Core.Tests.dll" adapterTypeName="executor://nunit3testexecutor/" className="FluentUIScaffold.Core.Tests.FluentUIScaffoldOptionsBuilderTests" name="WithDefaultWaitTimeout_WithNegativeTimeout_ThrowsException" />
    </UnitTest>
    <UnitTest name="DotNet_ForwardedHeadersFlag_SerializesAsLowercaseBoolean" storage="/workspace/tests/fluentuiscaffold.core.tests/bin/debug/net8.0/fluentuiscaffold.core.tests.dll" id="b7f18d4e-e8c0-3285-6e79-21ddd24f3d41">
      <Execution id="993bfdb0-003d-40bd-b69c-3a3f31b6cf51" />
      <TestMethod codeBase="/workspace/tests/FluentUIScaffold.Core.Tests/bin/Debug/net8.0/FluentUIScaffold.Core.Tests.dll" adapterTypeName="executor://nunit3testexecutor/" className="FluentUIScaffold.Core.Tests.ServerConfigurationBuilderIntegrationTests" name="DotNet_ForwardedHeadersFlag_SerializesAsLowercaseBoolean" />
    </UnitTest>
    <UnitTest name="FirstOrDefault_WithEmptyCollection_ShouldReturnNull" storage="/workspace/tests/fluentuiscaffold.core.tests/bin/debug/net8.0/fluentuiscaffold.core.tests.dll" id="7fb7363f-268a-d980-fb84-31f8b492a262">
      <Execution id="9d38c09a-fe8f-4ec3-8054-10066935ddcb" />
      <TestMethod codeBase="/workspace/tests/FluentUIScaffold.Core.Tests/bin/Debug/net8.0/FluentUIScaffold.Core.Tests.dll" adapterTypeName="executor://nunit3testexecutor/" className="FluentUIScaffold.Core.Tests.ElementCollectionTests" name="FirstOrDefault_WithEmptyCollection_ShouldReturnNull" />
    </UnitTest>
    <UnitTest name="WithRetryInterval_ShouldSetRetryInterval" storage="/workspace/tests/fluentuiscaffold.core.tests/bin/debug/net8.0/fluentuiscaffold.core.tests.dll" id="8ae62a86-1c76-a105-6718-7582f48ad523">
      <Execution id="6b1193be-2b8c-499b-bddd-b5f58ee688b1" />
      <TestMethod codeBase="/workspace/tests/FluentUIScaffold.Core.Tests/bin/Debug/net8.0/FluentUIScaffold.Core.Tests.dll" adapterTypeName="executor://nunit3testexecutor/" className="FluentUIScaffold.Core.Tests.ElementBuilderTests" name="WithRetryInterval_ShouldSetRetryInterval" />
    </UnitTest>
    <UnitTest name="SlowMo_WithNullValue_SetsSlowMoToNull" storage="/workspace/tests/fluentuiscaffold.core.tests/bin/debug/net8.0/fluentuiscaffold.core.tests.dll" id="db9ada96-dcf3-e037-db10-b7563d6669b8">
      <Execution id="0b640026-89bb-451a-bc3d-1f5af3f5e3e2" />
      <TestMethod codeBase="/workspace/tests/FluentUIScaffold.Core.Tests/bin/Debug/net8.0/FluentUIScaffold.Core.Tests.dll" adapterTypeName="executor://nunit3testexecutor/" className="FluentUIScaffold.Core.Tests.FluentUIScaffoldTests" name="SlowMo_WithNullValue_SetsSlowMoToNull" />
    </UnitTest>
    <UnitTest name="RegisterElement_WithNullKey_ShouldThrowArgumentException" storage="/workspace/tests/fluentuiscaffold.core.tests/bin/debug/net8.0/fluentuiscaffold.core.tests.dll" id="e46f5d7d-393e-88b9-1a00-80ae274b5f6e">
      <Execution id="bc23861f-996c-407b-bffb-b5acb3c86cac" />
      <TestMethod codeBase="/workspace/tests/FluentUIScaffold.Core.Tests/bin/Debug/net8.0/FluentUIScaffold.Core.Tests.dll" adapterTypeName="executor://nunit3testexecutor/" className="FluentUIScaffold.Core.Tests.ElementFactoryTests" name="RegisterElement_WithNullKey_ShouldThrowArgumentException" />
    </UnitTest>
    <UnitTest name="ElementContainsText_PositiveAndNegative" storage="/workspace/tests/fluentuiscaffold.core.tests/bin/debug/net8.0/fluentuiscaffold.core.tests.dll" id="3df7fba2-fa8b-3ca7-23f8-eddd788932a9">
      <Execution id="1d82cfb7-1906-44a9-bdbe-21ac12640224" />
      <TestMethod codeBase="/workspace/tests/FluentUIScaffold.Core.Tests/bin/Debug/net8.0/FluentUIScaffold.Core.Tests.dll" adapterTypeName="executor://nunit3testexecutor/" className="FluentUIScaffold.Core.Tests.VerificationContextTests" name="ElementContainsText_PositiveAndNegative" />
    </UnitTest>
    <UnitTest name="Indexer_WithValidIndex_ShouldReturnElement" storage="/workspace/tests/fluentuiscaffold.core.tests/bin/debug/net8.0/fluentuiscaffold.core.tests.dll" id="28f7c59d-b5d1-8620-75b4-446e721774f0">
      <Execution id="54295e5f-3d48-4a6c-bdc4-0186bd58bdfc" />
      <TestMethod codeBase="/workspace/tests/FluentUIScaffold.Core.Tests/bin/Debug/net8.0/FluentUIScaffold.Core.Tests.dll" adapterTypeName="executor://nunit3testexecutor/" className="FluentUIScaffold.Core.Tests.ElementCollectionTests" name="Indexer_WithValidIndex_ShouldReturnElement" />
    </UnitTest>
    <UnitTest name="FilterByText_WithMatchingText_ShouldReturnFilteredCollection" storage="/workspace/tests/fluentuiscaffold.core.tests/bin/debug/net8.0/fluentuiscaffold.core.tests.dll" id="f2c0b89c-869a-b8e1-4f97-bcdc75425150">
      <Execution id="2206b740-53f6-4eb2-92b9-80ef18051a91" />
      <TestMethod codeBase="/workspace/tests/FluentUIScaffold.Core.Tests/bin/Debug/net8.0/FluentUIScaffold.Core.Tests.dll" adapterTypeName="executor://nunit3testexecutor/" className="FluentUIScaffold.Core.Tests.ElementCollectionTests" name="FilterByText_WithMatchingText_ShouldReturnFilteredCollection" />
    </UnitTest>
    <UnitTest name="TitleContains_PositiveAndNegative" storage="/workspace/tests/fluentuiscaffold.core.tests/bin/debug/net8.0/fluentuiscaffold.core.tests.dll" id="c3234fde-006b-d3a0-c6d3-0d9f12720c48">
      <Execution id="68b08576-6182-4f67-9cfc-0aa541d6bae1" />
      <TestMethod codeBase="/workspace/tests/FluentUIScaffold.Core.Tests/bin/Debug/net8.0/FluentUIScaffold.Core.Tests.dll" adapterTypeName="executor://nunit3testexecutor/" className="FluentUIScaffold.Core.Tests.VerificationContextTests" name="TitleContains_PositiveAndNegative" />
    </UnitTest>
    <UnitTest name="FilterByAttribute_WithCaseInsensitiveMatch_ShouldReturnFilteredCollection" storage="/workspace/tests/fluentuiscaffold.core.tests/bin/debug/net8.0/fluentuiscaffold.core.tests.dll" id="629e7f8f-acc1-6486-7ee3-d596d40e2188">
      <Execution id="9ba37f8e-8a87-4779-8b8d-e8f38f28772c" />
      <TestMethod codeBase="/workspace/tests/FluentUIScaffold.Core.Tests/bin/Debug/net8.0/FluentUIScaffold.Core.Tests.dll" adapterTypeName="executor://nunit3testexecutor/" className="FluentUIScaffold.Core.Tests.ElementCollectionTests" name="FilterByAttribute_WithCaseInsensitiveMatch_ShouldReturnFilteredCollection" />
    </UnitTest>
    <UnitTest name="WebServerProjectPath_Removed_FromOptions" storage="/workspace/tests/fluentuiscaffold.core.tests/bin/debug/net8.0/fluentuiscaffold.core.tests.dll" id="0f9360de-cd99-435c-c549-ccd3fe79a633">
      <Execution id="6474fabf-4d25-49a1-932e-1f7bece08024" />
      <TestMethod codeBase="/workspace/tests/FluentUIScaffold.Core.Tests/bin/Debug/net8.0/FluentUIScaffold.Core.Tests.dll" adapterTypeName="executor://nunit3testexecutor/" className="FluentUIScaffold.Core.Tests.FluentUIScaffoldTests" name="WebServerProjectPath_Removed_FromOptions" />
    </UnitTest>
    <UnitTest name="WithBaseUrl_WithNullUrl_ThrowsException" storage="/workspace/tests/fluentuiscaffold.core.tests/bin/debug/net8.0/fluentuiscaffold.core.tests.dll" id="11c6e8b9-63df-e19b-bf9f-452e7d9c0dd7">
      <Execution id="63c88423-f2db-42f3-94e1-9228346bb18b" />
      <TestMethod codeBase="/workspace/tests/FluentUIScaffold.Core.Tests/bin/Debug/net8.0/FluentUIScaffold.Core.Tests.dll" adapterTypeName="executor://nunit3testexecutor/" className="FluentUIScaffold.Core.Tests.FluentUIScaffoldOptionsBuilderTests" name="WithBaseUrl_WithNullUrl_ThrowsException" />
    </UnitTest>
    <UnitTest name="GetAttribute_ShouldReturnEmptyString" storage="/workspace/tests/fluentuiscaffold.core.tests/bin/debug/net8.0/fluentuiscaffold.core.tests.dll" id="c6d9c40f-adc6-4edb-6a83-6f4ac42882d1">
      <Execution id="766aa121-37ea-4133-aec6-2af55bb44cc1" />
      <TestMethod codeBase="/workspace/tests/FluentUIScaffold.Core.Tests/bin/Debug/net8.0/FluentUIScaffold.Core.Tests.dll" adapterTypeName="executor://nunit3testexecutor/" className="FluentUIScaffold.Core.Tests.ElementTests" name="GetAttribute_ShouldReturnEmptyString" />
    </UnitTest>
    <UnitTest name="IsCached_WithExistingKey_ShouldReturnTrue" storage="/workspace/tests/fluentuiscaffold.core.tests/bin/debug/net8.0/fluentuiscaffold.core.tests.dll" id="dddb8e0d-1bc6-fd59-4ffa-24cd6ce629ee">
      <Execution id="877d1043-d277-416b-80a9-db0dfe8d8736" />
      <TestMethod codeBase="/workspace/tests/FluentUIScaffold.Core.Tests/bin/Debug/net8.0/FluentUIScaffold.Core.Tests.dll" adapterTypeName="executor://nunit3testexecutor/" className="FluentUIScaffold.Core.Tests.ElementFactoryTests" name="IsCached_WithExistingKey_ShouldReturnTrue" />
    </UnitTest>
    <UnitTest name="Indexer_WithNegativeIndex_ShouldThrowArgumentOutOfRangeException" storage="/workspace/tests/fluentuiscaffold.core.tests/bin/debug/net8.0/fluentuiscaffold.core.tests.dll" id="46930332-f66d-a8f0-6df4-449ab0a9cd10">
      <Execution id="f9262298-04f8-4bd7-beb5-b029175e14a1" />
      <TestMethod codeBase="/workspace/tests/FluentUIScaffold.Core.Tests/bin/Debug/net8.0/FluentUIScaffold.Core.Tests.dll" adapterTypeName="executor://nunit3testexecutor/" className="FluentUIScaffold.Core.Tests.ElementCollectionTests" name="Indexer_WithNegativeIndex_ShouldThrowArgumentOutOfRangeException" />
    </UnitTest>
    <UnitTest name="StartServerAsync_MutexHeldByOther_AndServerBecomesReady_Completes" storage="/workspace/tests/fluentuiscaffold.core.tests/bin/debug/net8.0/fluentuiscaffold.core.tests.dll" id="7af08328-43c6-c4ff-4de5-161f93857df3">
      <Execution id="959813eb-1586-48c4-b743-9c0196e773e4" />
      <TestMethod codeBase="/workspace/tests/FluentUIScaffold.Core.Tests/bin/Debug/net8.0/FluentUIScaffold.Core.Tests.dll" adapterTypeName="executor://nunit3testexecutor/" className="FluentUIScaffold.Core.Tests.WebServerManagerTests" name="StartServerAsync_MutexHeldByOther_AndServerBecomesReady_Completes" />
    </UnitTest>
    <UnitTest name="FluentUIScaffoldValidationException_Constructors_Work" storage="/workspace/tests/fluentuiscaffold.core.tests/bin/debug/net8.0/fluentuiscaffold.core.tests.dll" id="a50fff13-3cd0-5b60-212f-066525a03c8a">
      <Execution id="47df483d-338b-4fb2-a89e-fedb1da748d0" />
      <TestMethod codeBase="/workspace/tests/FluentUIScaffold.Core.Tests/bin/Debug/net8.0/FluentUIScaffold.Core.Tests.dll" adapterTypeName="executor://nunit3testexecutor/" className="FluentUIScaffold.Core.Tests.ExceptionsTests" name="FluentUIScaffoldValidationException_Constructors_Work" />
    </UnitTest>
    <UnitTest name="WithSlowMo_WithZeroValue_SetsSlowMoToZero" storage="/workspace/tests/fluentuiscaffold.core.tests/bin/debug/net8.0/fluentuiscaffold.core.tests.dll" id="5ecd0d47-634a-f5a5-e7c4-807c1c8c5935">
      <Execution id="a7225b3d-affa-4806-9aac-007d98f1186c" />
      <TestMethod codeBase="/workspace/tests/FluentUIScaffold.Core.Tests/bin/Debug/net8.0/FluentUIScaffold.Core.Tests.dll" adapterTypeName="executor://nunit3testexecutor/" className="FluentUIScaffold.Core.Tests.FluentUIScaffoldOptionsBuilderTests" name="WithSlowMo_WithZeroValue_SetsSlowMoToZero" />
    </UnitTest>
    <UnitTest name="Exists_WhenElementDoesNotExist_ShouldReturnFalse" storage="/workspace/tests/fluentuiscaffold.core.tests/bin/debug/net8.0/fluentuiscaffold.core.tests.dll" id="f3b5f62e-4f46-2207-7f46-5faefe33f536">
      <Execution id="8336dd19-ae26-4df8-abcf-937c4acee954" />
      <TestMethod codeBase="/workspace/tests/FluentUIScaffold.Core.Tests/bin/Debug/net8.0/FluentUIScaffold.Core.Tests.dll" adapterTypeName="executor://nunit3testexecutor/" className="FluentUIScaffold.Core.Tests.ElementTests" name="Exists_WhenElementDoesNotExist_ShouldReturnFalse" />
    </UnitTest>
    <UnitTest name="FluentUIScaffoldBaseException_Constructors_Work" storage="/workspace/tests/fluentuiscaffold.core.tests/bin/debug/net8.0/fluentuiscaffold.core.tests.dll" id="fd9a3db3-8264-a883-4b5b-0fadb4e27885">
      <Execution id="0a5eaa64-d51c-422a-a877-47713750fdc9" />
      <TestMethod codeBase="/workspace/tests/FluentUIScaffold.Core.Tests/bin/Debug/net8.0/FluentUIScaffold.Core.Tests.dll" adapterTypeName="executor://nunit3testexecutor/" className="FluentUIScaffold.Core.Tests.ExceptionsTests" name="FluentUIScaffoldBaseException_Constructors_Work" />
    </UnitTest>
    <UnitTest name="WithAttribute_WithEmptyName_ShouldThrowArgumentException" storage="/workspace/tests/fluentuiscaffold.core.tests/bin/debug/net8.0/fluentuiscaffold.core.tests.dll" id="9878c4ec-2f1a-e8e4-b5a4-d9a2cba55d4b">
      <Execution id="d52de6f0-19b7-4fae-af70-7c88ec2be8f7" />
      <TestMethod codeBase="/workspace/tests/FluentUIScaffold.Core.Tests/bin/Debug/net8.0/FluentUIScaffold.Core.Tests.dll" adapterTypeName="executor://nunit3testexecutor/" className="FluentUIScaffold.Core.Tests.ElementBuilderTests" name="WithAttribute_WithEmptyName_ShouldThrowArgumentException" />
    </UnitTest>
    <UnitTest name="CreateElement_WithNullConfiguration_ShouldThrowArgumentNullException" storage="/workspace/tests/fluentuiscaffold.core.tests/bin/debug/net8.0/fluentuiscaffold.core.tests.dll" id="75c5db20-bc00-63de-91f7-e74098d22990">
      <Execution id="c849fe93-e031-413c-8c23-854096c2c940" />
      <TestMethod codeBase="/workspace/tests/FluentUIScaffold.Core.Tests/bin/Debug/net8.0/FluentUIScaffold.Core.Tests.dll" adapterTypeName="executor://nunit3testexecutor/" className="FluentUIScaffold.Core.Tests.ElementFactoryTests" name="CreateElement_WithNullConfiguration_ShouldThrowArgumentNullException" />
    </UnitTest>
    <UnitTest name="WithWebServerProjectPath_IsRemoved_FromBuilder" storage="/workspace/tests/fluentuiscaffold.core.tests/bin/debug/net8.0/fluentuiscaffold.core.tests.dll" id="d9747d07-b571-8346-80a3-fe62a8b92e46">
      <Execution id="066da9b5-d5a7-40f2-8786-9e78455164ac" />
      <TestMethod codeBase="/workspace/tests/FluentUIScaffold.Core.Tests/bin/Debug/net8.0/FluentUIScaffold.Core.Tests.dll" adapterTypeName="executor://nunit3testexecutor/" className="FluentUIScaffold.Core.Tests.FluentUIScaffoldOptionsBuilderTests" name="WithWebServerProjectPath_IsRemoved_FromBuilder" />
    </UnitTest>
    <UnitTest name="RegisterElement_WithEmptyKey_ShouldThrowArgumentException" storage="/workspace/tests/fluentuiscaffold.core.tests/bin/debug/net8.0/fluentuiscaffold.core.tests.dll" id="b7012c97-f966-55dc-c35d-274095149e5d">
      <Execution id="1e5c829b-5b59-4627-8a1e-69a6bd77feca" />
      <TestMethod codeBase="/workspace/tests/FluentUIScaffold.Core.Tests/bin/Debug/net8.0/FluentUIScaffold.Core.Tests.dll" adapterTypeName="executor://nunit3testexecutor/" className="FluentUIScaffold.Core.Tests.ElementFactoryTests" name="RegisterElement_WithEmptyKey_ShouldThrowArgumentException" />
    </UnitTest>
    <UnitTest name="NavigateToUrl_WithValidUrl_IsValid" storage="/workspace/tests/fluentuiscaffold.core.tests/bin/debug/net8.0/fluentuiscaffold.core.tests.dll" id="46ffc5ad-c340-b767-44fb-d87ee75aad26">
      <Execution id="2dd054d7-805d-4b77-9a92-82465a14e6a3" />
      <TestMethod codeBase="/workspace/tests/FluentUIScaffold.Core.Tests/bin/Debug/net8.0/FluentUIScaffold.Core.Tests.dll" adapterTypeName="executor://nunit3testexecutor/" className="FluentUIScaffold.Core.Tests.NavigationTests" name="NavigateToUrl_WithValidUrl_IsValid" />
    </UnitTest>
    <UnitTest name="WithServerConfiguration_WithNullConfiguration_Removed" storage="/workspace/tests/fluentuiscaffold.core.tests/bin/debug/net8.0/fluentuiscaffold.core.tests.dll" id="0cc5a016-6448-c184-75cf-5538243062ce">
      <Execution id="324a61ef-34bf-4602-b924-0972969dc04e" />
      <TestMethod codeBase="/workspace/tests/FluentUIScaffold.Core.Tests/bin/Debug/net8.0/FluentUIScaffold.Core.Tests.dll" adapterTypeName="executor://nunit3testexecutor/" className="FluentUIScaffold.Core.Tests.FluentUIScaffoldOptionsBuilderTests" name="WithServerConfiguration_WithNullConfiguration_Removed" />
    </UnitTest>
    <UnitTest name="Constructor_WithNullDriver_ShouldThrowArgumentNullException" storage="/workspace/tests/fluentuiscaffold.core.tests/bin/debug/net8.0/fluentuiscaffold.core.tests.dll" id="0b5f1728-7b8a-73cb-1723-24feb2bf7d3d">
      <Execution id="228a2dee-9f3d-4afe-aaeb-f6696d3e1df3" />
      <TestMethod codeBase="/workspace/tests/FluentUIScaffold.Core.Tests/bin/Debug/net8.0/FluentUIScaffold.Core.Tests.dll" adapterTypeName="executor://nunit3testexecutor/" className="FluentUIScaffold.Core.Tests.ElementFactoryTests" name="Constructor_WithNullDriver_ShouldThrowArgumentNullException" />
    </UnitTest>
    <UnitTest name="WithDescription_WithNullDescription_ShouldSetEmptyString" storage="/workspace/tests/fluentuiscaffold.core.tests/bin/debug/net8.0/fluentuiscaffold.core.tests.dll" id="d52fd675-05c7-c95c-d1f1-981f3a4f3701">
      <Execution id="de502d2e-f349-41c7-8c38-7a642bfd3a7b" />
      <TestMethod codeBase="/workspace/tests/FluentUIScaffold.Core.Tests/bin/Debug/net8.0/FluentUIScaffold.Core.Tests.dll" adapterTypeName="executor://nunit3testexecutor/" className="FluentUIScaffold.Core.Tests.ElementBuilderTests" name="WithDescription_WithNullDescription_ShouldSetEmptyString" />
    </UnitTest>
    <UnitTest name="AspNetCore_ServerSpecificUrlsInjectedIntoStartInfo" storage="/workspace/tests/fluentuiscaffold.core.tests/bin/debug/net8.0/fluentuiscaffold.core.tests.dll" id="7ca0cb73-aeb1-887f-1af1-2afb19198c6a">
      <Execution id="0148e8be-57f7-4f2b-a304-a7ad7e650c11" />
      <TestMethod codeBase="/workspace/tests/FluentUIScaffold.Core.Tests/bin/Debug/net8.0/FluentUIScaffold.Core.Tests.dll" adapterTypeName="executor://nunit3testexecutor/" className="FluentUIScaffold.Core.Tests.ServerConfigurationBuilderIntegrationTests" name="AspNetCore_ServerSpecificUrlsInjectedIntoStartInfo" />
    </UnitTest>
    <UnitTest name="WithBaseUrl_WithValidUrl_SetsBaseUrl" storage="/workspace/tests/fluentuiscaffold.core.tests/bin/debug/net8.0/fluentuiscaffold.core.tests.dll" id="e694388c-e9b9-a1d2-ef93-70adf5bded0d">
      <Execution id="d60e1285-e4ce-402d-93b8-5733558400e0" />
      <TestMethod codeBase="/workspace/tests/FluentUIScaffold.Core.Tests/bin/Debug/net8.0/FluentUIScaffold.Core.Tests.dll" adapterTypeName="executor://nunit3testexecutor/" className="FluentUIScaffold.Core.Tests.FluentUIScaffoldOptionsBuilderTests" name="WithBaseUrl_WithValidUrl_SetsBaseUrl" />
    </UnitTest>
    <UnitTest name="FluentUIScaffoldPluginException_Constructors_Work" storage="/workspace/tests/fluentuiscaffold.core.tests/bin/debug/net8.0/fluentuiscaffold.core.tests.dll" id="4f345fbb-6a64-45b0-3c3e-0ecb27e08e28">
      <Execution id="305bad96-43c1-4e37-ac75-d633a9f4123f" />
      <TestMethod codeBase="/workspace/tests/FluentUIScaffold.Core.Tests/bin/Debug/net8.0/FluentUIScaffold.Core.Tests.dll" adapterTypeName="executor://nunit3testexecutor/" className="FluentUIScaffold.Core.Tests.ExceptionsTests" name="FluentUIScaffoldPluginException_Constructors_Work" />
    </UnitTest>
    <UnitTest name="GetOrCreateElement_WithEmptyKey_ShouldThrowArgumentException" storage="/workspace/tests/fluentuiscaffold.core.tests/bin/debug/net8.0/fluentuiscaffold.core.tests.dll" id="fab6990d-3c1c-2c65-5826-c4e429096956">
      <Execution id="d755987d-805d-44ca-984b-43445ae30b1f" />
      <TestMethod codeBase="/workspace/tests/FluentUIScaffold.Core.Tests/bin/Debug/net8.0/FluentUIScaffold.Core.Tests.dll" adapterTypeName="executor://nunit3testexecutor/" className="FluentUIScaffold.Core.Tests.ElementFactoryTests" name="GetOrCreateElement_WithEmptyKey_ShouldThrowArgumentException" />
    </UnitTest>
    <UnitTest name="ElementIsVisible_Negative_Throws" storage="/workspace/tests/fluentuiscaffold.core.tests/bin/debug/net8.0/fluentuiscaffold.core.tests.dll" id="5c65ae72-bd3b-fa7d-0bed-249316c4e40e">
      <Execution id="2a839886-95ba-4c79-b5c5-b75e08f811da" />
      <TestMethod codeBase="/workspace/tests/FluentUIScaffold.Core.Tests/bin/Debug/net8.0/FluentUIScaffold.Core.Tests.dll" adapterTypeName="executor://nunit3testexecutor/" className="FluentUIScaffold.Core.Tests.VerificationContextTests" name="ElementIsVisible_Negative_Throws" />
    </UnitTest>
    <UnitTest name="WithSlowMo_WithValidValue_SetsSlowMo" storage="/workspace/tests/fluentuiscaffold.core.tests/bin/debug/net8.0/fluentuiscaffold.core.tests.dll" id="3c6ae5e7-2078-93c7-0cb9-170c4974fe27">
      <Execution id="af756503-6c5f-4e25-b057-9d45e25cac54" />
      <TestMethod codeBase="/workspace/tests/FluentUIScaffold.Core.Tests/bin/Debug/net8.0/FluentUIScaffold.Core.Tests.dll" adapterTypeName="executor://nunit3testexecutor/" className="FluentUIScaffold.Core.Tests.FluentUIScaffoldOptionsBuilderTests" name="WithSlowMo_WithValidValue_SetsSlowMo" />
    </UnitTest>
    <UnitTest name="Constructor_WithValidOptions_CreatesInstance" storage="/workspace/tests/fluentuiscaffold.core.tests/bin/debug/net8.0/fluentuiscaffold.core.tests.dll" id="ddff61cf-6c8e-562e-62f7-c9fb5ab0fb05">
      <Execution id="6668b29e-f91f-4b80-b360-ddeed8bfaeb5" />
      <TestMethod codeBase="/workspace/tests/FluentUIScaffold.Core.Tests/bin/Debug/net8.0/FluentUIScaffold.Core.Tests.dll" adapterTypeName="executor://nunit3testexecutor/" className="FluentUIScaffold.Core.Tests.FluentUIScaffoldTests" name="Constructor_WithValidOptions_CreatesInstance" />
    </UnitTest>
    <UnitTest name="First_WithNonEmptyCollection_ShouldReturnFirstElement" storage="/workspace/tests/fluentuiscaffold.core.tests/bin/debug/net8.0/fluentuiscaffold.core.tests.dll" id="ffb66a76-a7d1-dfa1-aa9c-bf5163813cc6">
      <Execution id="0662fe57-798b-47d1-8028-e8b93c17bcd3" />
      <TestMethod codeBase="/workspace/tests/FluentUIScaffold.Core.Tests/bin/Debug/net8.0/FluentUIScaffold.Core.Tests.dll" adapterTypeName="executor://nunit3testexecutor/" className="FluentUIScaffold.Core.Tests.ElementCollectionTests" name="First_WithNonEmptyCollection_ShouldReturnFirstElement" />
    </UnitTest>
    <UnitTest name="Constructor_WithNullSelector_ShouldThrowArgumentNullException" storage="/workspace/tests/fluentuiscaffold.core.tests/bin/debug/net8.0/fluentuiscaffold.core.tests.dll" id="f886403e-9ef4-53a2-d4e1-ecec3b79370d">
      <Execution id="49a4cbdf-f746-45bc-9df9-7407d4973eef" />
      <TestMethod codeBase="/workspace/tests/FluentUIScaffold.Core.Tests/bin/Debug/net8.0/FluentUIScaffold.Core.Tests.dll" adapterTypeName="executor://nunit3testexecutor/" className="FluentUIScaffold.Core.Tests.ElementBuilderTests" name="Constructor_WithNullSelector_ShouldThrowArgumentNullException" />
    </UnitTest>
    <UnitTest name="FirstOrDefault_WithNonEmptyCollection_ShouldReturnFirstElement" storage="/workspace/tests/fluentuiscaffold.core.tests/bin/debug/net8.0/fluentuiscaffold.core.tests.dll" id="73a1b770-4a5e-0a29-6a9c-524092b48888">
      <Execution id="d8014286-a561-4678-a0dd-0025d8149620" />
      <TestMethod codeBase="/workspace/tests/FluentUIScaffold.Core.Tests/bin/Debug/net8.0/FluentUIScaffold.Core.Tests.dll" adapterTypeName="executor://nunit3testexecutor/" className="FluentUIScaffold.Core.Tests.ElementCollectionTests" name="FirstOrDefault_WithNonEmptyCollection_ShouldReturnFirstElement" />
    </UnitTest>
    <UnitTest name="CreateConfiguration_WithValidParameters_ReturnsConfiguration" storage="/workspace/tests/fluentuiscaffold.core.tests/bin/debug/net8.0/fluentuiscaffold.core.tests.dll" id="ae197987-6a6c-0f53-9053-aa2a52fada6c">
      <Execution id="f1c20fd6-fa17-478e-a1d8-d13587756a48" />
      <TestMethod codeBase="/workspace/tests/FluentUIScaffold.Core.Tests/bin/Debug/net8.0/FluentUIScaffold.Core.Tests.dll" adapterTypeName="executor://nunit3testexecutor/" className="FluentUIScaffold.Core.Tests.ServerLauncherFactoryTests" name="CreateConfiguration_WithValidParameters_ReturnsConfiguration" />
    </UnitTest>
    <UnitTest name="CacheCount_ShouldReturnCorrectCount" storage="/workspace/tests/fluentuiscaffold.core.tests/bin/debug/net8.0/fluentuiscaffold.core.tests.dll" id="9a47f56b-5bfd-fc11-0334-5ee2c89f0d7c">
      <Execution id="0cce4c85-3a95-4976-bed1-7e7e2d6d844c" />
      <TestMethod codeBase="/workspace/tests/FluentUIScaffold.Core.Tests/bin/Debug/net8.0/FluentUIScaffold.Core.Tests.dll" adapterTypeName="executor://nunit3testexecutor/" className="FluentUIScaffold.Core.Tests.ElementFactoryTests" name="CacheCount_ShouldReturnCorrectCount" />
    </UnitTest>
    <UnitTest name="Constructor_WithNullOptions_ThrowsException" storage="/workspace/tests/fluentuiscaffold.core.tests/bin/debug/net8.0/fluentuiscaffold.core.tests.dll" id="6bd0c540-38a9-699a-6e83-30afb294a184">
      <Execution id="e50aba01-ef83-4a41-8f81-902b0b314335" />
      <TestMethod codeBase="/workspace/tests/FluentUIScaffold.Core.Tests/bin/Debug/net8.0/FluentUIScaffold.Core.Tests.dll" adapterTypeName="executor://nunit3testexecutor/" className="FluentUIScaffold.Core.Tests.FluentUIScaffoldTests" name="Constructor_WithNullOptions_ThrowsException" />
    </UnitTest>
    <UnitTest name="ElementIsVisible_Positive" storage="/workspace/tests/fluentuiscaffold.core.tests/bin/debug/net8.0/fluentuiscaffold.core.tests.dll" id="180a8a6f-cd05-0144-2ab5-cc27cf6b3780">
      <Execution id="9f9a462e-49d9-48c0-aeee-e20c5f8a5797" />
      <TestMethod codeBase="/workspace/tests/FluentUIScaffold.Core.Tests/bin/Debug/net8.0/FluentUIScaffold.Core.Tests.dll" adapterTypeName="executor://nunit3testexecutor/" className="FluentUIScaffold.Core.Tests.VerificationContextTests" name="ElementIsVisible_Positive" />
    </UnitTest>
    <UnitTest name="BuildCommandArguments_UsesFrameworkAndConfiguration_FromBuilder" storage="/workspace/tests/fluentuiscaffold.core.tests/bin/debug/net8.0/fluentuiscaffold.core.tests.dll" id="5fc1ac23-88fa-ea50-bc84-f014c480a778">
      <Execution id="520a9791-ab28-4d80-b14b-0ae7a5955a2a" />
      <TestMethod codeBase="/workspace/tests/FluentUIScaffold.Core.Tests/bin/Debug/net8.0/FluentUIScaffold.Core.Tests.dll" adapterTypeName="executor://nunit3testexecutor/" className="FluentUIScaffold.Core.Tests.AspNetServerLauncherTests" name="BuildCommandArguments_UsesFrameworkAndConfiguration_FromBuilder" />
    </UnitTest>
    <UnitTest name="DetectProjectPath_NoGit_FallsBackToDirectorySearch" storage="/workspace/tests/fluentuiscaffold.core.tests/bin/debug/net8.0/fluentuiscaffold.core.tests.dll" id="b877d3bb-b67c-3d6a-02a1-248c2c6a7c36">
      <Execution id="b1016a00-d4cd-4e4e-a84e-4f5b09ad057f" />
      <TestMethod codeBase="/workspace/tests/FluentUIScaffold.Core.Tests/bin/Debug/net8.0/FluentUIScaffold.Core.Tests.dll" adapterTypeName="executor://nunit3testexecutor/" className="FluentUIScaffold.Core.Tests.GitBasedProjectDetectorTests" name="DetectProjectPath_NoGit_FallsBackToDirectorySearch" />
    </UnitTest>
    <UnitTest name="ServerConfiguration_Removed_FromOptions" storage="/workspace/tests/fluentuiscaffold.core.tests/bin/debug/net8.0/fluentuiscaffold.core.tests.dll" id="691a1ada-8b81-1eeb-9198-2480eca9bcb5">
      <Execution id="3ef5c855-2086-4015-9816-1557eacb30c4" />
      <TestMethod codeBase="/workspace/tests/FluentUIScaffold.Core.Tests/bin/Debug/net8.0/FluentUIScaffold.Core.Tests.dll" adapterTypeName="executor://nunit3testexecutor/" className="FluentUIScaffold.Core.Tests.FluentUIScaffoldTests" name="ServerConfiguration_Removed_FromOptions" />
    </UnitTest>
    <UnitTest name="Last_WithEmptyCollection_ShouldThrowInvalidOperationException" storage="/workspace/tests/fluentuiscaffold.core.tests/bin/debug/net8.0/fluentuiscaffold.core.tests.dll" id="c9f61712-9fd7-d6bb-db15-07624030c6e4">
      <Execution id="b706454c-0470-4572-a83a-14f1a9fe01bb" />
      <TestMethod codeBase="/workspace/tests/FluentUIScaffold.Core.Tests/bin/Debug/net8.0/FluentUIScaffold.Core.Tests.dll" adapterTypeName="executor://nunit3testexecutor/" className="FluentUIScaffold.Core.Tests.ElementCollectionTests" name="Last_WithEmptyCollection_ShouldThrowInvalidOperationException" />
    </UnitTest>
    <UnitTest name="WaitForHidden_ShouldCallDriverWaitForElementToBeHidden" storage="/workspace/tests/fluentuiscaffold.core.tests/bin/debug/net8.0/fluentuiscaffold.core.tests.dll" id="32cab928-a934-2b6a-7a60-1dfa1c7f9abb">
      <Execution id="09027bdf-1ac2-4a81-914a-e7675307fe21" />
      <TestMethod codeBase="/workspace/tests/FluentUIScaffold.Core.Tests/bin/Debug/net8.0/FluentUIScaffold.Core.Tests.dll" adapterTypeName="executor://nunit3testexecutor/" className="FluentUIScaffold.Core.Tests.ElementTests" name="WaitForHidden_ShouldCallDriverWaitForElementToBeHidden" />
    </UnitTest>
    <UnitTest name="Last_WithNonEmptyCollection_ShouldReturnLastElement" storage="/workspace/tests/fluentuiscaffold.core.tests/bin/debug/net8.0/fluentuiscaffold.core.tests.dll" id="202af691-80fb-dfa6-d9ed-de360fd56509">
      <Execution id="e5ca3376-fcba-4f52-a318-6b2446210f01" />
      <TestMethod codeBase="/workspace/tests/FluentUIScaffold.Core.Tests/bin/Debug/net8.0/FluentUIScaffold.Core.Tests.dll" adapterTypeName="executor://nunit3testexecutor/" className="FluentUIScaffold.Core.Tests.ElementCollectionTests" name="Last_WithNonEmptyCollection_ShouldReturnLastElement" />
    </UnitTest>
    <UnitTest name="Builder_SetsNodeEnvAndPort_FromFluentMethods" storage="/workspace/tests/fluentuiscaffold.core.tests/bin/debug/net8.0/fluentuiscaffold.core.tests.dll" id="6b94290b-4ed9-8c2a-b695-d80186249086">
      <Execution id="3a45b303-50d6-4016-9c0b-206e9ea3a8f0" />
      <TestMethod codeBase="/workspace/tests/FluentUIScaffold.Core.Tests/bin/Debug/net8.0/FluentUIScaffold.Core.Tests.dll" adapterTypeName="executor://nunit3testexecutor/" className="FluentUIScaffold.Core.Tests.NodeJsServerLauncherTests" name="Builder_SetsNodeEnvAndPort_FromFluentMethods" />
    </UnitTest>
    <UnitTest name="NavigateToUrl_WithNullUrl_IsValid" storage="/workspace/tests/fluentuiscaffold.core.tests/bin/debug/net8.0/fluentuiscaffold.core.tests.dll" id="53b308dd-208a-388e-c5f9-16f490d67de6">
      <Execution id="5d53e0c7-654a-455a-965c-989be37ae6be" />
      <TestMethod codeBase="/workspace/tests/FluentUIScaffold.Core.Tests/bin/Debug/net8.0/FluentUIScaffold.Core.Tests.dll" adapterTypeName="executor://nunit3testexecutor/" className="FluentUIScaffold.Core.Tests.NavigationTests" name="NavigateToUrl_WithNullUrl_IsValid" />
    </UnitTest>
    <UnitTest name="ElementIsEnabled_PositiveAndNegative" storage="/workspace/tests/fluentuiscaffold.core.tests/bin/debug/net8.0/fluentuiscaffold.core.tests.dll" id="0c1cd9e9-2bf5-8e4c-5cc4-d59debbae135">
      <Execution id="e8f67931-f8db-430a-8dc9-7b0b2b0af93c" />
      <TestMethod codeBase="/workspace/tests/FluentUIScaffold.Core.Tests/bin/Debug/net8.0/FluentUIScaffold.Core.Tests.dll" adapterTypeName="executor://nunit3testexecutor/" className="FluentUIScaffold.Core.Tests.VerificationContextTests" name="ElementIsEnabled_PositiveAndNegative" />
    </UnitTest>
    <UnitTest name="RemoveFromCache_WithNonExistingKey_ShouldReturnFalse" storage="/workspace/tests/fluentuiscaffold.core.tests/bin/debug/net8.0/fluentuiscaffold.core.tests.dll" id="d8390e41-bd5a-fe7f-3b98-f2190b4f7ae8">
      <Execution id="165531e0-70f9-47d1-bbf7-112cc7b6f34f" />
      <TestMethod codeBase="/workspace/tests/FluentUIScaffold.Core.Tests/bin/Debug/net8.0/FluentUIScaffold.Core.Tests.dll" adapterTypeName="executor://nunit3testexecutor/" className="FluentUIScaffold.Core.Tests.ElementFactoryTests" name="RemoveFromCache_WithNonExistingKey_ShouldReturnFalse" />
    </UnitTest>
    <UnitTest name="WithTimeout_ShouldSetTimeout" storage="/workspace/tests/fluentuiscaffold.core.tests/bin/debug/net8.0/fluentuiscaffold.core.tests.dll" id="8383728b-b15a-a0ae-e2d4-37daa1d150cf">
      <Execution id="1dab7187-bd47-44f7-a962-73659480465c" />
      <TestMethod codeBase="/workspace/tests/FluentUIScaffold.Core.Tests/bin/Debug/net8.0/FluentUIScaffold.Core.Tests.dll" adapterTypeName="executor://nunit3testexecutor/" className="FluentUIScaffold.Core.Tests.ElementBuilderTests" name="WithTimeout_ShouldSetTimeout" />
    </UnitTest>
    <UnitTest name="RegisterDetector_WithValidDetector_RegistersSuccessfully" storage="/workspace/tests/fluentuiscaffold.core.tests/bin/debug/net8.0/fluentuiscaffold.core.tests.dll" id="3060bcb3-7dbb-52ae-d898-6c736e92902a">
      <Execution id="81d57376-ed76-4bbe-83ca-a293a5e650bf" />
      <TestMethod codeBase="/workspace/tests/FluentUIScaffold.Core.Tests/bin/Debug/net8.0/FluentUIScaffold.Core.Tests.dll" adapterTypeName="executor://nunit3testexecutor/" className="FluentUIScaffold.Core.Tests.ServerLauncherFactoryTests" name="RegisterDetector_WithValidDetector_RegistersSuccessfully" />
    </UnitTest>
    <UnitTest name="Build_ShouldReturnConfiguredElement" storage="/workspace/tests/fluentuiscaffold.core.tests/bin/debug/net8.0/fluentuiscaffold.core.tests.dll" id="58c799eb-3510-390d-5f8b-eb2a700feeb4">
      <Execution id="83740c09-3d9d-4830-ba4e-a54187c0401c" />
      <TestMethod codeBase="/workspace/tests/FluentUIScaffold.Core.Tests/bin/Debug/net8.0/FluentUIScaffold.Core.Tests.dll" adapterTypeName="executor://nunit3testexecutor/" className="FluentUIScaffold.Core.Tests.ElementBuilderTests" name="Build_ShouldReturnConfiguredElement" />
    </UnitTest>
    <UnitTest name="Filter_WithValidPredicate_ShouldReturnFilteredCollection" storage="/workspace/tests/fluentuiscaffold.core.tests/bin/debug/net8.0/fluentuiscaffold.core.tests.dll" id="9277c687-d1ec-06a3-91ef-9c2756a13404">
      <Execution id="3fd5ed33-fb31-4146-9174-f78567825951" />
      <TestMethod codeBase="/workspace/tests/FluentUIScaffold.Core.Tests/bin/Debug/net8.0/FluentUIScaffold.Core.Tests.dll" adapterTypeName="executor://nunit3testexecutor/" className="FluentUIScaffold.Core.Tests.ElementCollectionTests" name="Filter_WithValidPredicate_ShouldReturnFilteredCollection" />
    </UnitTest>
    <UnitTest name="Filter_WithNullPredicate_ShouldThrowArgumentNullException" storage="/workspace/tests/fluentuiscaffold.core.tests/bin/debug/net8.0/fluentuiscaffold.core.tests.dll" id="0d8a6f68-b892-8208-9f84-b0a607e9693d">
      <Execution id="2ec3fe54-c202-408b-941c-b479da41eb56" />
      <TestMethod codeBase="/workspace/tests/FluentUIScaffold.Core.Tests/bin/Debug/net8.0/FluentUIScaffold.Core.Tests.dll" adapterTypeName="executor://nunit3testexecutor/" className="FluentUIScaffold.Core.Tests.ElementCollectionTests" name="Filter_WithNullPredicate_ShouldThrowArgumentNullException" />
    </UnitTest>
    <UnitTest name="GetOrCreateElement_WithNullKey_ShouldThrowArgumentException" storage="/workspace/tests/fluentuiscaffold.core.tests/bin/debug/net8.0/fluentuiscaffold.core.tests.dll" id="91a71ac4-590c-9e24-6500-b1be939120d3">
      <Execution id="280a76bc-7739-4bc1-808d-e84f9e4a9b38" />
      <TestMethod codeBase="/workspace/tests/FluentUIScaffold.Core.Tests/bin/Debug/net8.0/FluentUIScaffold.Core.Tests.dll" adapterTypeName="executor://nunit3testexecutor/" className="FluentUIScaffold.Core.Tests.ElementFactoryTests" name="GetOrCreateElement_WithNullKey_ShouldThrowArgumentException" />
    </UnitTest>
    <UnitTest name="WithDefaultWaitTimeout_WithValidTimeout_SetsDefaultWaitTimeout" storage="/workspace/tests/fluentuiscaffold.core.tests/bin/debug/net8.0/fluentuiscaffold.core.tests.dll" id="4c88da48-1cf2-2ce5-51d9-4c397983aa27">
      <Execution id="bdcc85e8-4109-4ac4-9b35-cff54b60d847" />
      <TestMethod codeBase="/workspace/tests/FluentUIScaffold.Core.Tests/bin/Debug/net8.0/FluentUIScaffold.Core.Tests.dll" adapterTypeName="executor://nunit3testexecutor/" className="FluentUIScaffold.Core.Tests.FluentUIScaffoldTests" name="WithDefaultWaitTimeout_WithValidTimeout_SetsDefaultWaitTimeout" />
    </UnitTest>
    <UnitTest name="RegisterPlugin_WithValidPluginType_RegistersPlugin" storage="/workspace/tests/fluentuiscaffold.core.tests/bin/debug/net8.0/fluentuiscaffold.core.tests.dll" id="22a55186-734f-9dba-b3aa-22207bab8f2a">
      <Execution id="aadb7e38-8deb-47a0-845e-f1d7355e075e" />
      <TestMethod codeBase="/workspace/tests/FluentUIScaffold.Core.Tests/bin/Debug/net8.0/FluentUIScaffold.Core.Tests.dll" adapterTypeName="executor://nunit3testexecutor/" className="FluentUIScaffold.Core.Tests.PluginManagerTests" name="RegisterPlugin_WithValidPluginType_RegistersPlugin" />
    </UnitTest>
    <UnitTest name="DetectProjectPath_FromAdditionalPaths_ReturnsPath" storage="/workspace/tests/fluentuiscaffold.core.tests/bin/debug/net8.0/fluentuiscaffold.core.tests.dll" id="aa2ad8c9-644e-352f-745e-635b81ae401d">
      <Execution id="2f7047fe-3b31-469a-b48d-7c70616ccaaf" />
      <TestMethod codeBase="/workspace/tests/FluentUIScaffold.Core.Tests/bin/Debug/net8.0/FluentUIScaffold.Core.Tests.dll" adapterTypeName="executor://nunit3testexecutor/" className="FluentUIScaffold.Core.Tests.EnvironmentBasedProjectDetectorTests" name="DetectProjectPath_FromAdditionalPaths_ReturnsPath" />
    </UnitTest>
    <UnitTest name="WithServerConfiguration_Removed_FromBuilder" storage="/workspace/tests/fluentuiscaffold.core.tests/bin/debug/net8.0/fluentuiscaffold.core.tests.dll" id="ce884f09-4916-a854-a0cc-dbdac776383b">
      <Execution id="b08a1fcb-c859-4c34-93bb-c47e9cf49f58" />
      <TestMethod codeBase="/workspace/tests/FluentUIScaffold.Core.Tests/bin/Debug/net8.0/FluentUIScaffold.Core.Tests.dll" adapterTypeName="executor://nunit3testexecutor/" className="FluentUIScaffold.Core.Tests.FluentUIScaffoldOptionsBuilderTests" name="WithServerConfiguration_Removed_FromBuilder" />
    </UnitTest>
    <UnitTest name="WithDefaultWaitTimeout_WithValidTimeout_SetsDefaultWaitTimeout" storage="/workspace/tests/fluentuiscaffold.core.tests/bin/debug/net8.0/fluentuiscaffold.core.tests.dll" id="99f01ded-3ca2-e651-a7da-fe562e1e4884">
      <Execution id="67b1f6c3-1412-4fe2-9ea4-8d83c1bbe4bb" />
      <TestMethod codeBase="/workspace/tests/FluentUIScaffold.Core.Tests/bin/Debug/net8.0/FluentUIScaffold.Core.Tests.dll" adapterTypeName="executor://nunit3testexecutor/" className="FluentUIScaffold.Core.Tests.FluentUIScaffoldOptionsBuilderTests" name="WithDefaultWaitTimeout_WithValidTimeout_SetsDefaultWaitTimeout" />
    </UnitTest>
    <UnitTest name="WaitForVisible_ShouldCallDriverWaitForElementToBeVisible" storage="/workspace/tests/fluentuiscaffold.core.tests/bin/debug/net8.0/fluentuiscaffold.core.tests.dll" id="8edbc9e8-8106-4e2b-446e-15afc8cb2e79">
      <Execution id="c4f06c9f-9a04-4770-93b9-b6c911cfc03c" />
      <TestMethod codeBase="/workspace/tests/FluentUIScaffold.Core.Tests/bin/Debug/net8.0/FluentUIScaffold.Core.Tests.dll" adapterTypeName="executor://nunit3testexecutor/" className="FluentUIScaffold.Core.Tests.ElementTests" name="WaitForVisible_ShouldCallDriverWaitForElementToBeVisible" />
    </UnitTest>
    <UnitTest name="GetText_ShouldCallDriverGetText" storage="/workspace/tests/fluentuiscaffold.core.tests/bin/debug/net8.0/fluentuiscaffold.core.tests.dll" id="179b7383-7c66-19a3-5099-a84ccfda3312">
      <Execution id="1638299e-6b8c-4c33-a04d-0ef6a0de9c55" />
      <TestMethod codeBase="/workspace/tests/FluentUIScaffold.Core.Tests/bin/Debug/net8.0/FluentUIScaffold.Core.Tests.dll" adapterTypeName="executor://nunit3testexecutor/" className="FluentUIScaffold.Core.Tests.ElementTests" name="GetText_ShouldCallDriverGetText" />
    </UnitTest>
    <UnitTest name="Placeholder_NoOp_ToMaintainTestStructure" storage="/workspace/tests/fluentuiscaffold.core.tests/bin/debug/net8.0/fluentuiscaffold.core.tests.dll" id="27bf1d8f-6db2-9d4a-565f-5fca061cc8f1">
      <Execution id="8dbec274-0919-48be-93aa-22aa4f78b212" />
      <TestMethod codeBase="/workspace/tests/FluentUIScaffold.Core.Tests/bin/Debug/net8.0/FluentUIScaffold.Core.Tests.dll" adapterTypeName="executor://nunit3testexecutor/" className="FluentUIScaffold.Core.Tests.FluentUIScaffoldTests" name="Placeholder_NoOp_ToMaintainTestStructure" />
    </UnitTest>
    <UnitTest name="RegisterElement_WithNullElement_ShouldThrowArgumentNullException" storage="/workspace/tests/fluentuiscaffold.core.tests/bin/debug/net8.0/fluentuiscaffold.core.tests.dll" id="a1f4b443-1603-0539-0dc0-d4ce95853134">
      <Execution id="4f2fccfb-34b9-4ddf-ba22-cab75b296811" />
      <TestMethod codeBase="/workspace/tests/FluentUIScaffold.Core.Tests/bin/Debug/net8.0/FluentUIScaffold.Core.Tests.dll" adapterTypeName="executor://nunit3testexecutor/" className="FluentUIScaffold.Core.Tests.ElementFactoryTests" name="RegisterElement_WithNullElement_ShouldThrowArgumentNullException" />
    </UnitTest>
    <UnitTest name="WithAttribute_ShouldAddAttribute" storage="/workspace/tests/fluentuiscaffold.core.tests/bin/debug/net8.0/fluentuiscaffold.core.tests.dll" id="ecd11cad-395d-4d5e-d9ae-03e7b8295be8">
      <Execution id="6e1fe452-12bc-4f2a-a959-7c4757f29bcf" />
      <TestMethod codeBase="/workspace/tests/FluentUIScaffold.Core.Tests/bin/Debug/net8.0/FluentUIScaffold.Core.Tests.dll" adapterTypeName="executor://nunit3testexecutor/" className="FluentUIScaffold.Core.Tests.ElementBuilderTests" name="WithAttribute_ShouldAddAttribute" />
    </UnitTest>
    <UnitTest name="WaitFor_WithNoneStrategy_ShouldNotCallAnyWaitMethods" storage="/workspace/tests/fluentuiscaffold.core.tests/bin/debug/net8.0/fluentuiscaffold.core.tests.dll" id="9f3021c1-925a-71da-e253-d006455bc8e9">
      <Execution id="c7281426-89be-4aa1-b9b7-82e0b9d93d73" />
      <TestMethod codeBase="/workspace/tests/FluentUIScaffold.Core.Tests/bin/Debug/net8.0/FluentUIScaffold.Core.Tests.dll" adapterTypeName="executor://nunit3testexecutor/" className="FluentUIScaffold.Core.Tests.ElementTests" name="WaitFor_WithNoneStrategy_ShouldNotCallAnyWaitMethods" />
    </UnitTest>
    <UnitTest name="DetectProjectPath_FromEnvironmentVariable_ReturnsPath" storage="/workspace/tests/fluentuiscaffold.core.tests/bin/debug/net8.0/fluentuiscaffold.core.tests.dll" id="8ca40265-bff9-35e5-4c05-5311e5fae258">
      <Execution id="24a83e31-7db1-4ed3-9df5-a968cc7cf067" />
      <TestMethod codeBase="/workspace/tests/FluentUIScaffold.Core.Tests/bin/Debug/net8.0/FluentUIScaffold.Core.Tests.dll" adapterTypeName="executor://nunit3testexecutor/" className="FluentUIScaffold.Core.Tests.EnvironmentBasedProjectDetectorTests" name="DetectProjectPath_FromEnvironmentVariable_ReturnsPath" />
    </UnitTest>
    <UnitTest name="HeadlessMode_WithNullValue_SetsHeadlessModeToNull" storage="/workspace/tests/fluentuiscaffold.core.tests/bin/debug/net8.0/fluentuiscaffold.core.tests.dll" id="6c726527-cdae-6f0e-e424-af9055e97f92">
      <Execution id="16811165-d7c5-460a-b085-badd7893248f" />
      <TestMethod codeBase="/workspace/tests/FluentUIScaffold.Core.Tests/bin/Debug/net8.0/FluentUIScaffold.Core.Tests.dll" adapterTypeName="executor://nunit3testexecutor/" className="FluentUIScaffold.Core.Tests.FluentUIScaffoldTests" name="HeadlessMode_WithNullValue_SetsHeadlessModeToNull" />
    </UnitTest>
    <UnitTest name="WaitFor_WithUnsupportedStrategy_ShouldThrowArgumentException" storage="/workspace/tests/fluentuiscaffold.core.tests/bin/debug/net8.0/fluentuiscaffold.core.tests.dll" id="5b0f8305-1a07-717d-f99d-cd7dc78eb59e">
      <Execution id="a9210373-fc14-4f47-8e30-2dfc873cb01d" />
      <TestMethod codeBase="/workspace/tests/FluentUIScaffold.Core.Tests/bin/Debug/net8.0/FluentUIScaffold.Core.Tests.dll" adapterTypeName="executor://nunit3testexecutor/" className="FluentUIScaffold.Core.Tests.ElementTests" name="WaitFor_WithUnsupportedStrategy_ShouldThrowArgumentException" />
    </UnitTest>
    <UnitTest name="Type_ShouldCallDriverType" storage="/workspace/tests/fluentuiscaffold.core.tests/bin/debug/net8.0/fluentuiscaffold.core.tests.dll" id="44803fba-616e-b64e-f070-676eb27c9592">
      <Execution id="316d64f8-2976-47c5-8d26-7dde375ad0fb" />
      <TestMethod codeBase="/workspace/tests/FluentUIScaffold.Core.Tests/bin/Debug/net8.0/FluentUIScaffold.Core.Tests.dll" adapterTypeName="executor://nunit3testexecutor/" className="FluentUIScaffold.Core.Tests.ElementTests" name="Type_ShouldCallDriverType" />
    </UnitTest>
    <UnitTest name="HeadlessMode_WithValidValue_SetsHeadlessMode" storage="/workspace/tests/fluentuiscaffold.core.tests/bin/debug/net8.0/fluentuiscaffold.core.tests.dll" id="1dbd60f0-8bf8-0e06-1bea-3397a47d2afd">
      <Execution id="76b202b9-e657-4dcd-9fa5-0f651f16f5e5" />
      <TestMethod codeBase="/workspace/tests/FluentUIScaffold.Core.Tests/bin/Debug/net8.0/FluentUIScaffold.Core.Tests.dll" adapterTypeName="executor://nunit3testexecutor/" className="FluentUIScaffold.Core.Tests.FluentUIScaffoldTests" name="HeadlessMode_WithValidValue_SetsHeadlessMode" />
    </UnitTest>
    <UnitTest name="Indexer_WithIndexEqualToCount_ShouldThrowArgumentOutOfRangeException" storage="/workspace/tests/fluentuiscaffold.core.tests/bin/debug/net8.0/fluentuiscaffold.core.tests.dll" id="71ed1687-d25f-f0b2-eee1-f1f69754d207">
      <Execution id="11ae8214-46ef-4891-a1e1-fad645f96975" />
      <TestMethod codeBase="/workspace/tests/FluentUIScaffold.Core.Tests/bin/Debug/net8.0/FluentUIScaffold.Core.Tests.dll" adapterTypeName="executor://nunit3testexecutor/" className="FluentUIScaffold.Core.Tests.ElementCollectionTests" name="Indexer_WithIndexEqualToCount_ShouldThrowArgumentOutOfRangeException" />
    </UnitTest>
    <UnitTest name="Constructor_WithNullDriver_ShouldThrowArgumentNullException" storage="/workspace/tests/fluentuiscaffold.core.tests/bin/debug/net8.0/fluentuiscaffold.core.tests.dll" id="280bec51-23dc-ffba-208c-c20000ad7909">
      <Execution id="dcd85410-53fc-449d-8e1d-d970729786a0" />
      <TestMethod codeBase="/workspace/tests/FluentUIScaffold.Core.Tests/bin/Debug/net8.0/FluentUIScaffold.Core.Tests.dll" adapterTypeName="executor://nunit3testexecutor/" className="FluentUIScaffold.Core.Tests.ElementBuilderTests" name="Constructor_WithNullDriver_ShouldThrowArgumentNullException" />
    </UnitTest>
    <UnitTest name="WaitFor_WithHiddenStrategy_ShouldCallWaitForHidden" storage="/workspace/tests/fluentuiscaffold.core.tests/bin/debug/net8.0/fluentuiscaffold.core.tests.dll" id="6ba06a82-9046-fcca-a49b-be1345ecbc51">
      <Execution id="662c4629-7121-496d-8b32-3f2f1dfe0f8c" />
      <TestMethod codeBase="/workspace/tests/FluentUIScaffold.Core.Tests/bin/Debug/net8.0/FluentUIScaffold.Core.Tests.dll" adapterTypeName="executor://nunit3testexecutor/" className="FluentUIScaffold.Core.Tests.ElementTests" name="WaitFor_WithHiddenStrategy_ShouldCallWaitForHidden" />
    </UnitTest>
    <UnitTest name="WaitFor_WithVisibleStrategy_ShouldCallWaitForVisible" storage="/workspace/tests/fluentuiscaffold.core.tests/bin/debug/net8.0/fluentuiscaffold.core.tests.dll" id="85b3a0e0-be33-c2c1-998a-6dc53854bf16">
      <Execution id="325c782b-05cc-4efe-96ec-bfdabcfb0846" />
      <TestMethod codeBase="/workspace/tests/FluentUIScaffold.Core.Tests/bin/Debug/net8.0/FluentUIScaffold.Core.Tests.dll" adapterTypeName="executor://nunit3testexecutor/" className="FluentUIScaffold.Core.Tests.ElementTests" name="WaitFor_WithVisibleStrategy_ShouldCallWaitForVisible" />
    </UnitTest>
    <UnitTest name="WithWebServerProjectPath_WithEmptyPath_Removed" storage="/workspace/tests/fluentuiscaffold.core.tests/bin/debug/net8.0/fluentuiscaffold.core.tests.dll" id="8a43bd3c-a801-bb4f-9167-9cddc20d64b5">
      <Execution id="a3cd2410-2c7b-4ec1-acbd-37311b4a6bab" />
      <TestMethod codeBase="/workspace/tests/FluentUIScaffold.Core.Tests/bin/Debug/net8.0/FluentUIScaffold.Core.Tests.dll" adapterTypeName="executor://nunit3testexecutor/" className="FluentUIScaffold.Core.Tests.FluentUIScaffoldOptionsBuilderTests" name="WithWebServerProjectPath_WithEmptyPath_Removed" />
    </UnitTest>
    <UnitTest name="That_DelegatesThrowOnFalse" storage="/workspace/tests/fluentuiscaffold.core.tests/bin/debug/net8.0/fluentuiscaffold.core.tests.dll" id="ecd0e042-7358-e08b-c8ac-f95b7ed8f0a9">
      <Execution id="061c3e05-8ec0-441d-97b2-5f059fca3594" />
      <TestMethod codeBase="/workspace/tests/FluentUIScaffold.Core.Tests/bin/Debug/net8.0/FluentUIScaffold.Core.Tests.dll" adapterTypeName="executor://nunit3testexecutor/" className="FluentUIScaffold.Core.Tests.VerificationContextTests" name="That_DelegatesThrowOnFalse" />
    </UnitTest>
  </TestDefinitions>
  <TestEntries>
    <TestEntry testId="24920700-cbf0-845b-81d7-78958082ce63" executionId="bec8fd0d-e425-4626-893a-ab8712500821" testListId="8c84fa94-04c1-424b-9868-57a2d4851a1d" />
    <TestEntry testId="5ecd0d47-634a-f5a5-e7c4-807c1c8c5935" executionId="a7225b3d-affa-4806-9aac-007d98f1186c" testListId="8c84fa94-04c1-424b-9868-57a2d4851a1d" />
    <TestEntry testId="cc28fd0d-aeb1-6068-03cf-a613121c3154" executionId="42669e84-ade2-46c3-a4a9-670e7c2ba0e1" testListId="8c84fa94-04c1-424b-9868-57a2d4851a1d" />
    <TestEntry testId="c48c7a66-1a74-12aa-2595-2e164ad6c470" executionId="919e59b7-0097-470a-8db6-7bc107e82674" testListId="8c84fa94-04c1-424b-9868-57a2d4851a1d" />
    <TestEntry testId="869c75f3-f0d3-ccd1-94b9-b347ceeefe6e" executionId="043168cd-b548-4a5b-b58e-97e9c1f30ebc" testListId="8c84fa94-04c1-424b-9868-57a2d4851a1d" />
    <TestEntry testId="3297f400-bb31-d8da-0f7d-46758c3d7554" executionId="8064c90b-394d-419a-ae4c-47f5593f0b7e" testListId="8c84fa94-04c1-424b-9868-57a2d4851a1d" />
    <TestEntry testId="12ff9ff8-18aa-7b6e-4922-4d2923a6060b" executionId="44c0df05-1694-4be0-9810-f2ecba5a1b97" testListId="8c84fa94-04c1-424b-9868-57a2d4851a1d" />
    <TestEntry testId="75c5db20-bc00-63de-91f7-e74098d22990" executionId="c849fe93-e031-413c-8c23-854096c2c940" testListId="8c84fa94-04c1-424b-9868-57a2d4851a1d" />
    <TestEntry testId="ab102e48-216b-a6e1-6a1e-ce5492770c81" executionId="21acc0c3-617a-4d08-b44f-1b49b1138c79" testListId="8c84fa94-04c1-424b-9868-57a2d4851a1d" />
    <TestEntry testId="0cc5a016-6448-c184-75cf-5538243062ce" executionId="324a61ef-34bf-4602-b924-0972969dc04e" testListId="8c84fa94-04c1-424b-9868-57a2d4851a1d" />
    <TestEntry testId="3060bcb3-7dbb-52ae-d898-6c736e92902a" executionId="81d57376-ed76-4bbe-83ca-a293a5e650bf" testListId="8c84fa94-04c1-424b-9868-57a2d4851a1d" />
    <TestEntry testId="8ae62a86-1c76-a105-6718-7582f48ad523" executionId="6b1193be-2b8c-499b-bddd-b5f58ee688b1" testListId="8c84fa94-04c1-424b-9868-57a2d4851a1d" />
    <TestEntry testId="ce884f09-4916-a854-a0cc-dbdac776383b" executionId="b08a1fcb-c859-4c34-93bb-c47e9cf49f58" testListId="8c84fa94-04c1-424b-9868-57a2d4851a1d" />
    <TestEntry testId="37cb0dcf-4168-cbb7-f50e-73ed6d374e4a" executionId="ab0b7380-8f14-480b-a835-3e9b611c9114" testListId="8c84fa94-04c1-424b-9868-57a2d4851a1d" />
    <TestEntry testId="677131f5-8f9b-a5d7-51f3-8830f5479d4d" executionId="b0bde0bb-2872-4eeb-9b26-ad7b93c3bf7a" testListId="8c84fa94-04c1-424b-9868-57a2d4851a1d" />
    <TestEntry testId="19dd36e1-31f9-3753-0a72-7dc6f09188c0" executionId="b744f6a4-937e-4d7e-9c2e-b6d6f5aba113" testListId="8c84fa94-04c1-424b-9868-57a2d4851a1d" />
    <TestEntry testId="33a7bbde-5ce9-4487-c1d1-eb748c5080db" executionId="79a4167f-abe8-441c-928a-583af4e10c89" testListId="8c84fa94-04c1-424b-9868-57a2d4851a1d" />
    <TestEntry testId="1dbd60f0-8bf8-0e06-1bea-3397a47d2afd" executionId="76b202b9-e657-4dcd-9fa5-0f651f16f5e5" testListId="8c84fa94-04c1-424b-9868-57a2d4851a1d" />
    <TestEntry testId="ba86690a-e524-5b30-0581-e7c61fd4694c" executionId="571f7ab7-ac95-4a03-915f-1853397948f6" testListId="8c84fa94-04c1-424b-9868-57a2d4851a1d" />
    <TestEntry testId="ecd0e042-7358-e08b-c8ac-f95b7ed8f0a9" executionId="061c3e05-8ec0-441d-97b2-5f059fca3594" testListId="8c84fa94-04c1-424b-9868-57a2d4851a1d" />
    <TestEntry testId="fab6990d-3c1c-2c65-5826-c4e429096956" executionId="d755987d-805d-44ca-984b-43445ae30b1f" testListId="8c84fa94-04c1-424b-9868-57a2d4851a1d" />
    <TestEntry testId="63abd0f8-5814-164f-7950-4ad186521ab4" executionId="56efa087-8a1e-489a-879f-ab82ad4e7dad" testListId="8c84fa94-04c1-424b-9868-57a2d4851a1d" />
    <TestEntry testId="58c799eb-3510-390d-5f8b-eb2a700feeb4" executionId="83740c09-3d9d-4830-ba4e-a54187c0401c" testListId="8c84fa94-04c1-424b-9868-57a2d4851a1d" />
    <TestEntry testId="ecd11cad-395d-4d5e-d9ae-03e7b8295be8" executionId="6e1fe452-12bc-4f2a-a959-7c4757f29bcf" testListId="8c84fa94-04c1-424b-9868-57a2d4851a1d" />
    <TestEntry testId="7ca0cb73-aeb1-887f-1af1-2afb19198c6a" executionId="0148e8be-57f7-4f2b-a304-a7ad7e650c11" testListId="8c84fa94-04c1-424b-9868-57a2d4851a1d" />
    <TestEntry testId="5d00fc9b-986f-8e7a-5894-fe21deab4d76" executionId="629d9beb-f6b5-4816-a0ea-8b4ebe6025e0" testListId="8c84fa94-04c1-424b-9868-57a2d4851a1d" />
    <TestEntry testId="e08a08af-210e-a1c2-6824-5a7b54cc2338" executionId="37956def-a1a1-492b-8a81-10cd9b6c5db0" testListId="8c84fa94-04c1-424b-9868-57a2d4851a1d" />
    <TestEntry testId="db9ada96-dcf3-e037-db10-b7563d6669b8" executionId="0b640026-89bb-451a-bc3d-1f5af3f5e3e2" testListId="8c84fa94-04c1-424b-9868-57a2d4851a1d" />
    <TestEntry testId="d52fd675-05c7-c95c-d1f1-981f3a4f3701" executionId="de502d2e-f349-41c7-8c38-7a642bfd3a7b" testListId="8c84fa94-04c1-424b-9868-57a2d4851a1d" />
    <TestEntry testId="71ed1687-d25f-f0b2-eee1-f1f69754d207" executionId="11ae8214-46ef-4891-a1e1-fad645f96975" testListId="8c84fa94-04c1-424b-9868-57a2d4851a1d" />
    <TestEntry testId="4d23582b-dfd6-378d-ff6d-4da2dfba9dba" executionId="7740ec0e-04e5-40e2-b080-1ee84a66012f" testListId="8c84fa94-04c1-424b-9868-57a2d4851a1d" />
    <TestEntry testId="a1f4b443-1603-0539-0dc0-d4ce95853134" executionId="4f2fccfb-34b9-4ddf-ba22-cab75b296811" testListId="8c84fa94-04c1-424b-9868-57a2d4851a1d" />
    <TestEntry testId="8ca40265-bff9-35e5-4c05-5311e5fae258" executionId="24a83e31-7db1-4ed3-9df5-a968cc7cf067" testListId="8c84fa94-04c1-424b-9868-57a2d4851a1d" />
    <TestEntry testId="9878c4ec-2f1a-e8e4-b5a4-d9a2cba55d4b" executionId="d52de6f0-19b7-4fae-af70-7c88ec2be8f7" testListId="8c84fa94-04c1-424b-9868-57a2d4851a1d" />
    <TestEntry testId="629e7f8f-acc1-6486-7ee3-d596d40e2188" executionId="9ba37f8e-8a87-4779-8b8d-e8f38f28772c" testListId="8c84fa94-04c1-424b-9868-57a2d4851a1d" />
    <TestEntry testId="3f49ee74-f47f-14db-402b-a5606f508f18" executionId="e5130621-7d06-449f-82b9-4300b3749135" testListId="8c84fa94-04c1-424b-9868-57a2d4851a1d" />
    <TestEntry testId="ab73f926-d1a2-00f0-bb5d-c38f897fb557" executionId="77b9c79a-04b9-4297-86b9-7fa83d5b8794" testListId="8c84fa94-04c1-424b-9868-57a2d4851a1d" />
    <TestEntry testId="46ffc5ad-c340-b767-44fb-d87ee75aad26" executionId="2dd054d7-805d-4b77-9a92-82465a14e6a3" testListId="8c84fa94-04c1-424b-9868-57a2d4851a1d" />
    <TestEntry testId="a50fff13-3cd0-5b60-212f-066525a03c8a" executionId="47df483d-338b-4fb2-a89e-fedb1da748d0" testListId="8c84fa94-04c1-424b-9868-57a2d4851a1d" />
    <TestEntry testId="0b3109f8-d2a8-47f7-ae01-04faf34ff615" executionId="1e7d8fbe-84ff-49c1-ac3b-8159e1580d28" testListId="8c84fa94-04c1-424b-9868-57a2d4851a1d" />
    <TestEntry testId="27bf1d8f-6db2-9d4a-565f-5fca061cc8f1" executionId="8dbec274-0919-48be-93aa-22aa4f78b212" testListId="8c84fa94-04c1-424b-9868-57a2d4851a1d" />
    <TestEntry testId="2e23022d-866f-3ace-93c9-9c504b47228e" executionId="d8c61360-8188-44f6-b6b6-feeabb6e6f58" testListId="8c84fa94-04c1-424b-9868-57a2d4851a1d" />
    <TestEntry testId="ddff61cf-6c8e-562e-62f7-c9fb5ab0fb05" executionId="6668b29e-f91f-4b80-b360-ddeed8bfaeb5" testListId="8c84fa94-04c1-424b-9868-57a2d4851a1d" />
    <TestEntry testId="268d744c-88c8-b894-11b0-d59382621120" executionId="855761b8-7119-48ed-a1f0-6e7c975de11a" testListId="8c84fa94-04c1-424b-9868-57a2d4851a1d" />
    <TestEntry testId="0c1cd9e9-2bf5-8e4c-5cc4-d59debbae135" executionId="e8f67931-f8db-430a-8dc9-7b0b2b0af93c" testListId="8c84fa94-04c1-424b-9868-57a2d4851a1d" />
    <TestEntry testId="551fc6ac-b856-8cac-3508-c2c42f5670a1" executionId="5ffbe48f-3659-42f3-b21d-905fd2dbecc5" testListId="8c84fa94-04c1-424b-9868-57a2d4851a1d" />
    <TestEntry testId="eeb41d66-bc8a-3f24-dae1-82048046740c" executionId="d083f5e7-6fd4-4895-879b-973cbefce9b8" testListId="8c84fa94-04c1-424b-9868-57a2d4851a1d" />
    <TestEntry testId="95cf8d21-caaa-bf90-a4bb-f43f9e880ae1" executionId="6b233bd7-2bd2-44fa-9968-fac641fe0ef3" testListId="8c84fa94-04c1-424b-9868-57a2d4851a1d" />
    <TestEntry testId="179b7383-7c66-19a3-5099-a84ccfda3312" executionId="1638299e-6b8c-4c33-a04d-0ef6a0de9c55" testListId="8c84fa94-04c1-424b-9868-57a2d4851a1d" />
    <TestEntry testId="dd2018e8-67f8-175b-29d6-c073c16953d1" executionId="35f91e18-34ac-49e9-953e-9c56e64e1c16" testListId="8c84fa94-04c1-424b-9868-57a2d4851a1d" />
    <TestEntry testId="8383728b-b15a-a0ae-e2d4-37daa1d150cf" executionId="1dab7187-bd47-44f7-a962-73659480465c" testListId="8c84fa94-04c1-424b-9868-57a2d4851a1d" />
    <TestEntry testId="3972325b-780e-8149-0501-afcdb2e51733" executionId="2b8edf34-0723-41f4-b140-ee524efec24b" testListId="8c84fa94-04c1-424b-9868-57a2d4851a1d" />
    <TestEntry testId="180a8a6f-cd05-0144-2ab5-cc27cf6b3780" executionId="9f9a462e-49d9-48c0-aeee-e20c5f8a5797" testListId="8c84fa94-04c1-424b-9868-57a2d4851a1d" />
    <TestEntry testId="c6b038af-0bc0-b632-00c4-3ef8ea29ed6e" executionId="8a2c3ce0-5e7c-45e2-b957-dfb7a42a1a5f" testListId="8c84fa94-04c1-424b-9868-57a2d4851a1d" />
    <TestEntry testId="7b7eece1-efca-5e39-6f9c-7c2cf05500c2" executionId="182704df-1b30-43d4-93a6-3acab1bc1c7a" testListId="8c84fa94-04c1-424b-9868-57a2d4851a1d" />
    <TestEntry testId="bf999a1f-994b-fb2b-0916-7df6581792db" executionId="b0ec4474-74f0-4228-9208-16c787712d4e" testListId="8c84fa94-04c1-424b-9868-57a2d4851a1d" />
    <TestEntry testId="770867d9-ec05-f95d-4f86-cd135b847493" executionId="58690342-1897-4ba9-b8d9-b8e68ab756d3" testListId="8c84fa94-04c1-424b-9868-57a2d4851a1d" />
    <TestEntry testId="dd8f8349-d619-3359-a263-b07e1bc2b428" executionId="f643f3a9-4697-45d2-826c-4bc292510a7e" testListId="8c84fa94-04c1-424b-9868-57a2d4851a1d" />
    <TestEntry testId="5b0b0b21-c836-f769-4fb0-bf7c584f610d" executionId="72a6bb88-b0b7-46a4-a358-4448d60140dd" testListId="8c84fa94-04c1-424b-9868-57a2d4851a1d" />
    <TestEntry testId="471622d6-a01c-acdb-82c5-f00f72212509" executionId="0c77ffd0-189c-445b-bef0-5d051fae33f8" testListId="8c84fa94-04c1-424b-9868-57a2d4851a1d" />
    <TestEntry testId="691a1ada-8b81-1eeb-9198-2480eca9bcb5" executionId="3ef5c855-2086-4015-9816-1557eacb30c4" testListId="8c84fa94-04c1-424b-9868-57a2d4851a1d" />
    <TestEntry testId="91a71ac4-590c-9e24-6500-b1be939120d3" executionId="280a76bc-7739-4bc1-808d-e84f9e4a9b38" testListId="8c84fa94-04c1-424b-9868-57a2d4851a1d" />
    <TestEntry testId="ac2caede-1993-10f2-1269-ecc9a1cb91c8" executionId="05e99b6d-14a5-43a7-8a3b-b62a00ee3a73" testListId="8c84fa94-04c1-424b-9868-57a2d4851a1d" />
    <TestEntry testId="a5af218b-8bb2-00fd-6d22-0e1ead0c9ffa" executionId="4a43b9fd-08bb-491d-bfae-7ec63e02f95e" testListId="8c84fa94-04c1-424b-9868-57a2d4851a1d" />
    <TestEntry testId="9a47f56b-5bfd-fc11-0334-5ee2c89f0d7c" executionId="0cce4c85-3a95-4976-bed1-7e7e2d6d844c" testListId="8c84fa94-04c1-424b-9868-57a2d4851a1d" />
    <TestEntry testId="1d0c7a95-619b-8f87-d712-932128165f7a" executionId="3c05a84f-de6b-41b7-88e3-acc834aa3c35" testListId="8c84fa94-04c1-424b-9868-57a2d4851a1d" />
    <TestEntry testId="9f3021c1-925a-71da-e253-d006455bc8e9" executionId="c7281426-89be-4aa1-b9b7-82e0b9d93d73" testListId="8c84fa94-04c1-424b-9868-57a2d4851a1d" />
    <TestEntry testId="ffb66a76-a7d1-dfa1-aa9c-bf5163813cc6" executionId="0662fe57-798b-47d1-8028-e8b93c17bcd3" testListId="8c84fa94-04c1-424b-9868-57a2d4851a1d" />
    <TestEntry testId="5b0f8305-1a07-717d-f99d-cd7dc78eb59e" executionId="a9210373-fc14-4f47-8e30-2dfc873cb01d" testListId="8c84fa94-04c1-424b-9868-57a2d4851a1d" />
    <TestEntry testId="bba98ce8-0e46-19a1-add2-e0e6659866ca" executionId="76d65900-d00d-4fad-a178-dff44b90fe78" testListId="8c84fa94-04c1-424b-9868-57a2d4851a1d" />
    <TestEntry testId="894f94b1-efcc-7bbe-43c4-5aa998a01fba" executionId="5e42f1bd-0e74-4f63-bd3b-f8699ec2a7f6" testListId="8c84fa94-04c1-424b-9868-57a2d4851a1d" />
    <TestEntry testId="ae197987-6a6c-0f53-9053-aa2a52fada6c" executionId="f1c20fd6-fa17-478e-a1d8-d13587756a48" testListId="8c84fa94-04c1-424b-9868-57a2d4851a1d" />
    <TestEntry testId="5fc1ac23-88fa-ea50-bc84-f014c480a778" executionId="520a9791-ab28-4d80-b14b-0ae7a5955a2a" testListId="8c84fa94-04c1-424b-9868-57a2d4851a1d" />
    <TestEntry testId="0857da33-b4ef-b236-6099-02a532ef2a14" executionId="06e6f5ad-dd3b-4ac0-aed4-de32b60200d8" testListId="8c84fa94-04c1-424b-9868-57a2d4851a1d" />
    <TestEntry testId="020a6f08-c481-d586-c35b-71ffdcdf77ae" executionId="fa05d700-3a85-47c6-95f9-83a71992a35d" testListId="8c84fa94-04c1-424b-9868-57a2d4851a1d" />
    <TestEntry testId="e694388c-e9b9-a1d2-ef93-70adf5bded0d" executionId="d60e1285-e4ce-402d-93b8-5733558400e0" testListId="8c84fa94-04c1-424b-9868-57a2d4851a1d" />
    <TestEntry testId="405fd94c-1e16-06c6-669b-4f6514668f24" executionId="694f91ab-64b1-4207-a757-ba7957e40e7e" testListId="8c84fa94-04c1-424b-9868-57a2d4851a1d" />
    <TestEntry testId="8f39af80-f58e-71ee-14e2-037e33d2ca9e" executionId="9fb9d420-e645-46e0-b19d-5a8950c4ffee" testListId="8c84fa94-04c1-424b-9868-57a2d4851a1d" />
    <TestEntry testId="2c985496-df4a-5947-e2dc-50422705efcf" executionId="2ceed77a-a2d7-44e2-8156-52f0d9707836" testListId="8c84fa94-04c1-424b-9868-57a2d4851a1d" />
    <TestEntry testId="9277c687-d1ec-06a3-91ef-9c2756a13404" executionId="3fd5ed33-fb31-4146-9174-f78567825951" testListId="8c84fa94-04c1-424b-9868-57a2d4851a1d" />
    <TestEntry testId="11c6e8b9-63df-e19b-bf9f-452e7d9c0dd7" executionId="63c88423-f2db-42f3-94e1-9228346bb18b" testListId="8c84fa94-04c1-424b-9868-57a2d4851a1d" />
    <TestEntry testId="b301e5a2-6274-43e4-8d33-13911ec17a00" executionId="54d2bc39-fc18-4dda-ba62-3d5ee4a9d99a" testListId="8c84fa94-04c1-424b-9868-57a2d4851a1d" />
    <TestEntry testId="2ea41be2-ee63-3a11-0613-d95c2f91bed0" executionId="73284085-351d-4525-9264-2ecaacebae1e" testListId="8c84fa94-04c1-424b-9868-57a2d4851a1d" />
    <TestEntry testId="09311360-5b2a-d8bb-bda7-c830483aca7e" executionId="15369e48-2bb7-4f30-b8c5-e06fb1a719d6" testListId="8c84fa94-04c1-424b-9868-57a2d4851a1d" />
    <TestEntry testId="6d5a4486-b343-0cdc-4507-2918b358e5b5" executionId="59d82e63-e08f-4d40-b214-ab6d61e7f5e8" testListId="8c84fa94-04c1-424b-9868-57a2d4851a1d" />
    <TestEntry testId="a8ccc846-1ff4-1690-63b6-362e0b40f521" executionId="d8397c8d-8eb0-4b19-80f1-99e32394351c" testListId="8c84fa94-04c1-424b-9868-57a2d4851a1d" />
    <TestEntry testId="c288cdf5-4c17-bd42-bf19-8d1a299a2747" executionId="8d9e8d77-1eda-404f-961a-b18e9d48079d" testListId="8c84fa94-04c1-424b-9868-57a2d4851a1d" />
    <TestEntry testId="6b94290b-4ed9-8c2a-b695-d80186249086" executionId="3a45b303-50d6-4016-9c0b-206e9ea3a8f0" testListId="8c84fa94-04c1-424b-9868-57a2d4851a1d" />
    <TestEntry testId="c3234fde-006b-d3a0-c6d3-0d9f12720c48" executionId="68b08576-6182-4f67-9cfc-0aa541d6bae1" testListId="8c84fa94-04c1-424b-9868-57a2d4851a1d" />
    <TestEntry testId="6c726527-cdae-6f0e-e424-af9055e97f92" executionId="16811165-d7c5-460a-b085-badd7893248f" testListId="8c84fa94-04c1-424b-9868-57a2d4851a1d" />
    <TestEntry testId="20de0f10-a260-56ec-7409-45cd1f921704" executionId="4b95047d-0fc0-4916-9781-01837db818df" testListId="8c84fa94-04c1-424b-9868-57a2d4851a1d" />
    <TestEntry testId="2d7af110-a47a-3498-5f06-ff20a980bae8" executionId="0f8726c3-da3f-4885-910f-0c1f4195b4b9" testListId="8c84fa94-04c1-424b-9868-57a2d4851a1d" />
    <TestEntry testId="121b3ea7-a273-e796-8c2e-1aff78536d24" executionId="1612d021-9e56-4170-93f1-401e159de13c" testListId="8c84fa94-04c1-424b-9868-57a2d4851a1d" />
    <TestEntry testId="dddb8e0d-1bc6-fd59-4ffa-24cd6ce629ee" executionId="877d1043-d277-416b-80a9-db0dfe8d8736" testListId="8c84fa94-04c1-424b-9868-57a2d4851a1d" />
    <TestEntry testId="ff506097-7a61-9dd6-1df2-d3c8d75a82f3" executionId="42619328-58f9-4d2d-aeca-71ace0d66343" testListId="8c84fa94-04c1-424b-9868-57a2d4851a1d" />
    <TestEntry testId="6ba06a82-9046-fcca-a49b-be1345ecbc51" executionId="662c4629-7121-496d-8b32-3f2f1dfe0f8c" testListId="8c84fa94-04c1-424b-9868-57a2d4851a1d" />
    <TestEntry testId="2ac82e10-080e-2b5b-2d3d-5685bb444717" executionId="7033455b-2bb9-4f59-9a4f-fc4cbac1d5e1" testListId="8c84fa94-04c1-424b-9868-57a2d4851a1d" />
    <TestEntry testId="c9f61712-9fd7-d6bb-db15-07624030c6e4" executionId="b706454c-0470-4572-a83a-14f1a9fe01bb" testListId="8c84fa94-04c1-424b-9868-57a2d4851a1d" />
    <TestEntry testId="32cab928-a934-2b6a-7a60-1dfa1c7f9abb" executionId="09027bdf-1ac2-4a81-914a-e7675307fe21" testListId="8c84fa94-04c1-424b-9868-57a2d4851a1d" />
    <TestEntry testId="c2f5de2f-6096-d57c-95e5-fec26b8d796d" executionId="ebc85caa-e317-41f0-86c6-50dbd9cf7952" testListId="8c84fa94-04c1-424b-9868-57a2d4851a1d" />
    <TestEntry testId="38f64a32-373c-d336-108a-9833491623db" executionId="41648496-d84d-4b30-b10b-09cc34df5a81" testListId="8c84fa94-04c1-424b-9868-57a2d4851a1d" />
    <TestEntry testId="d93cec4f-53d9-403d-a92c-21324eed1dc2" executionId="3f646475-a5aa-405c-8a7b-3b63ad7fb970" testListId="8c84fa94-04c1-424b-9868-57a2d4851a1d" />
    <TestEntry testId="b7012c97-f966-55dc-c35d-274095149e5d" executionId="1e5c829b-5b59-4627-8a1e-69a6bd77feca" testListId="8c84fa94-04c1-424b-9868-57a2d4851a1d" />
    <TestEntry testId="d6e5f7f2-25f3-210a-1f00-1f733c0e9da8" executionId="693f942d-8626-4122-a88f-f590156d2b3c" testListId="8c84fa94-04c1-424b-9868-57a2d4851a1d" />
    <TestEntry testId="fd9a3db3-8264-a883-4b5b-0fadb4e27885" executionId="0a5eaa64-d51c-422a-a877-47713750fdc9" testListId="8c84fa94-04c1-424b-9868-57a2d4851a1d" />
    <TestEntry testId="0c9cdc29-691b-c84f-d982-5575012bff55" executionId="e3326ece-edb9-4ecf-8f4c-ba7000823190" testListId="8c84fa94-04c1-424b-9868-57a2d4851a1d" />
    <TestEntry testId="0d8a6f68-b892-8208-9f84-b0a607e9693d" executionId="2ec3fe54-c202-408b-941c-b479da41eb56" testListId="8c84fa94-04c1-424b-9868-57a2d4851a1d" />
    <TestEntry testId="e78cb7dd-0751-e11c-f830-882cb6a69d14" executionId="8722d79f-1219-4067-bb7e-ced20ea8d91b" testListId="8c84fa94-04c1-424b-9868-57a2d4851a1d" />
    <TestEntry testId="18f05ca5-b5fb-a8dd-f454-c581d558cbe9" executionId="6f3c50e7-fcb6-4d85-b51d-6085eecc2443" testListId="8c84fa94-04c1-424b-9868-57a2d4851a1d" />
    <TestEntry testId="73a1b770-4a5e-0a29-6a9c-524092b48888" executionId="d8014286-a561-4678-a0dd-0025d8149620" testListId="8c84fa94-04c1-424b-9868-57a2d4851a1d" />
    <TestEntry testId="f2c0b89c-869a-b8e1-4f97-bcdc75425150" executionId="2206b740-53f6-4eb2-92b9-80ef18051a91" testListId="8c84fa94-04c1-424b-9868-57a2d4851a1d" />
    <TestEntry testId="4f345fbb-6a64-45b0-3c3e-0ecb27e08e28" executionId="305bad96-43c1-4e37-ac75-d633a9f4123f" testListId="8c84fa94-04c1-424b-9868-57a2d4851a1d" />
    <TestEntry testId="4c88da48-1cf2-2ce5-51d9-4c397983aa27" executionId="bdcc85e8-4109-4ac4-9b35-cff54b60d847" testListId="8c84fa94-04c1-424b-9868-57a2d4851a1d" />
    <TestEntry testId="fcd32eae-1929-9e13-f2a2-ebf52e2ea1bb" executionId="271ea0f5-f29e-4388-8518-ca09a46ff338" testListId="8c84fa94-04c1-424b-9868-57a2d4851a1d" />
    <TestEntry testId="d2d2e102-f707-129a-9483-a3a753e80312" executionId="ea34d9b7-d14f-4e64-bbf6-cb8ceebc4b35" testListId="8c84fa94-04c1-424b-9868-57a2d4851a1d" />
    <TestEntry testId="53b308dd-208a-388e-c5f9-16f490d67de6" executionId="5d53e0c7-654a-455a-965c-989be37ae6be" testListId="8c84fa94-04c1-424b-9868-57a2d4851a1d" />
    <TestEntry testId="f6b53d12-55a1-6cea-cf6b-996b794f8a7d" executionId="b1197a30-3d17-43eb-9e3d-d4cbdff16e3e" testListId="8c84fa94-04c1-424b-9868-57a2d4851a1d" />
    <TestEntry testId="b16522d5-763c-5079-f175-3132fe0bb3ec" executionId="5e253438-c8d9-43e1-9eb5-96b4d6613926" testListId="8c84fa94-04c1-424b-9868-57a2d4851a1d" />
    <TestEntry testId="c3694fbe-f799-3b5e-9ff5-0d754eb65db7" executionId="b233fec3-856d-4cf6-83ef-763ce8130a6d" testListId="8c84fa94-04c1-424b-9868-57a2d4851a1d" />
    <TestEntry testId="6112ca55-caad-863b-bca3-e844e296c7b3" executionId="5ca41481-0b1e-4e5d-b592-061760f2fe53" testListId="8c84fa94-04c1-424b-9868-57a2d4851a1d" />
    <TestEntry testId="bf028da6-1617-4eb8-985e-f133f6495b1c" executionId="773cd762-4085-41dc-92cf-79f705d3b0f0" testListId="8c84fa94-04c1-424b-9868-57a2d4851a1d" />
    <TestEntry testId="280bec51-23dc-ffba-208c-c20000ad7909" executionId="dcd85410-53fc-449d-8e1d-d970729786a0" testListId="8c84fa94-04c1-424b-9868-57a2d4851a1d" />
    <TestEntry testId="5c65ae72-bd3b-fa7d-0bed-249316c4e40e" executionId="2a839886-95ba-4c79-b5c5-b75e08f811da" testListId="8c84fa94-04c1-424b-9868-57a2d4851a1d" />
    <TestEntry testId="0f9360de-cd99-435c-c549-ccd3fe79a633" executionId="6474fabf-4d25-49a1-932e-1f7bece08024" testListId="8c84fa94-04c1-424b-9868-57a2d4851a1d" />
    <TestEntry testId="179ad534-942e-3d0d-8cd9-ff68b706f3bf" executionId="f0fa3413-993c-429f-a6f2-052a52778bac" testListId="8c84fa94-04c1-424b-9868-57a2d4851a1d" />
    <TestEntry testId="2ae1304c-81ac-a359-4734-cee502a63ccd" executionId="db381f3d-911c-40b4-a641-a9f3f3fac378" testListId="8c84fa94-04c1-424b-9868-57a2d4851a1d" />
    <TestEntry testId="fff58572-0076-1d30-45fe-03dd6cfeccd1" executionId="8fe207a2-1c2b-421a-8d76-549869ed9a40" testListId="8c84fa94-04c1-424b-9868-57a2d4851a1d" />
    <TestEntry testId="7af08328-43c6-c4ff-4de5-161f93857df3" executionId="959813eb-1586-48c4-b743-9c0196e773e4" testListId="8c84fa94-04c1-424b-9868-57a2d4851a1d" />
    <TestEntry testId="2ac27a39-0887-ff83-8ecd-f4b873b52bce" executionId="bac01044-eb0d-40db-ac93-27f034b031a7" testListId="8c84fa94-04c1-424b-9868-57a2d4851a1d" />
    <TestEntry testId="b877d3bb-b67c-3d6a-02a1-248c2c6a7c36" executionId="b1016a00-d4cd-4e4e-a84e-4f5b09ad057f" testListId="8c84fa94-04c1-424b-9868-57a2d4851a1d" />
    <TestEntry testId="3c6f06c4-eda4-678a-9f31-78ef1574d012" executionId="5cfaf18e-323a-4b3b-97c1-a2e95048cfb8" testListId="8c84fa94-04c1-424b-9868-57a2d4851a1d" />
    <TestEntry testId="6bd0c540-38a9-699a-6e83-30afb294a184" executionId="e50aba01-ef83-4a41-8f81-902b0b314335" testListId="8c84fa94-04c1-424b-9868-57a2d4851a1d" />
    <TestEntry testId="5dbab36b-8bf9-b94a-886b-0679437303ac" executionId="c24637ed-1991-4160-95f9-fbe2b6467714" testListId="8c84fa94-04c1-424b-9868-57a2d4851a1d" />
    <TestEntry testId="7fb7363f-268a-d980-fb84-31f8b492a262" executionId="9d38c09a-fe8f-4ec3-8054-10066935ddcb" testListId="8c84fa94-04c1-424b-9868-57a2d4851a1d" />
    <TestEntry testId="d8390e41-bd5a-fe7f-3b98-f2190b4f7ae8" executionId="165531e0-70f9-47d1-bbf7-112cc7b6f34f" testListId="8c84fa94-04c1-424b-9868-57a2d4851a1d" />
    <TestEntry testId="1c0d19b9-1bef-846e-5c51-324c55f41975" executionId="7216ad44-406c-4fa7-b4e0-cb18453ab172" testListId="8c84fa94-04c1-424b-9868-57a2d4851a1d" />
    <TestEntry testId="4b5ed4f4-cca7-3210-3b0c-b7d6cb410605" executionId="7e4906bf-9cab-4839-86fb-3399585ae33d" testListId="8c84fa94-04c1-424b-9868-57a2d4851a1d" />
    <TestEntry testId="44803fba-616e-b64e-f070-676eb27c9592" executionId="316d64f8-2976-47c5-8d26-7dde375ad0fb" testListId="8c84fa94-04c1-424b-9868-57a2d4851a1d" />
    <TestEntry testId="2944cbda-271d-8e00-031a-dd03321c1f09" executionId="08c9c8c3-eb62-47e7-9f61-3ef47dc1f590" testListId="8c84fa94-04c1-424b-9868-57a2d4851a1d" />
    <TestEntry testId="5e045292-2424-2536-e9a7-78679c446a8a" executionId="67069ac9-e5db-47eb-bfa4-609843f261c4" testListId="8c84fa94-04c1-424b-9868-57a2d4851a1d" />
    <TestEntry testId="f1c510fe-f632-6958-5421-3d34e26a9b68" executionId="38ebf698-6b73-43d8-9596-d0b6f53065da" testListId="8c84fa94-04c1-424b-9868-57a2d4851a1d" />
    <TestEntry testId="f46fda5d-5750-4db5-4e78-e68e765afd13" executionId="10ef7554-eab8-4d22-95d7-11f457253390" testListId="8c84fa94-04c1-424b-9868-57a2d4851a1d" />
    <TestEntry testId="475357e7-c128-1ac1-651e-32f7af1e435a" executionId="0b3b7cf0-9f4f-409f-8296-f7f8b505435c" testListId="8c84fa94-04c1-424b-9868-57a2d4851a1d" />
    <TestEntry testId="4cd43b66-f3f8-8df6-5266-95b6a332d485" executionId="df2de4aa-4458-4f95-8461-ec4908ad2cad" testListId="8c84fa94-04c1-424b-9868-57a2d4851a1d" />
    <TestEntry testId="cbefd2c6-af4f-b601-5e3c-99959e055433" executionId="2fe801ef-ea21-45bf-b946-82640e6b01c6" testListId="8c84fa94-04c1-424b-9868-57a2d4851a1d" />
    <TestEntry testId="202af691-80fb-dfa6-d9ed-de360fd56509" executionId="e5ca3376-fcba-4f52-a318-6b2446210f01" testListId="8c84fa94-04c1-424b-9868-57a2d4851a1d" />
    <TestEntry testId="280bf3f0-72fb-f486-cff4-df88da493c15" executionId="bb26ca79-28f4-4ad2-af15-f22e02aace16" testListId="8c84fa94-04c1-424b-9868-57a2d4851a1d" />
    <TestEntry testId="a646cbbd-eb04-f9aa-5695-780998d26368" executionId="ec59434a-0c41-4a55-8f4a-e3e4d1cfb480" testListId="8c84fa94-04c1-424b-9868-57a2d4851a1d" />
    <TestEntry testId="46930332-f66d-a8f0-6df4-449ab0a9cd10" executionId="f9262298-04f8-4bd7-beb5-b029175e14a1" testListId="8c84fa94-04c1-424b-9868-57a2d4851a1d" />
    <TestEntry testId="6343243c-dfd7-4b0b-0e3c-4021f44a4a0d" executionId="d971d35d-df33-4ac1-830b-13cde9792d6d" testListId="8c84fa94-04c1-424b-9868-57a2d4851a1d" />
    <TestEntry testId="85b3a0e0-be33-c2c1-998a-6dc53854bf16" executionId="325c782b-05cc-4efe-96ec-bfdabcfb0846" testListId="8c84fa94-04c1-424b-9868-57a2d4851a1d" />
    <TestEntry testId="d0ef1a67-943c-e03c-80e8-cb9d77933072" executionId="28cf68c4-5f67-47a2-baf4-6b207bedb442" testListId="8c84fa94-04c1-424b-9868-57a2d4851a1d" />
    <TestEntry testId="68cc5f29-514d-38dc-c438-33585cc74aa4" executionId="eef3866d-9ed6-4a1c-af8b-280173f2f4d7" testListId="8c84fa94-04c1-424b-9868-57a2d4851a1d" />
    <TestEntry testId="f02c83be-628b-c901-c0e0-b0c07da04720" executionId="97a5d81f-a033-46e8-9128-1dbb82affee5" testListId="8c84fa94-04c1-424b-9868-57a2d4851a1d" />
    <TestEntry testId="8a43bd3c-a801-bb4f-9167-9cddc20d64b5" executionId="a3cd2410-2c7b-4ec1-acbd-37311b4a6bab" testListId="8c84fa94-04c1-424b-9868-57a2d4851a1d" />
    <TestEntry testId="a8ade4ba-35e4-f1b1-b29c-1221576ebc2c" executionId="e4dcce8b-8edb-45e2-994f-26e7c5253d45" testListId="8c84fa94-04c1-424b-9868-57a2d4851a1d" />
    <TestEntry testId="6dd2c663-126f-c692-d442-51f4ddb16f47" executionId="7792ecfb-a8d4-4c88-8f24-2ee64a522191" testListId="8c84fa94-04c1-424b-9868-57a2d4851a1d" />
    <TestEntry testId="9db3b268-6657-af98-9f75-1b63df5c1b61" executionId="64e14779-578c-4a0a-8a8b-d1cbbaace8e5" testListId="8c84fa94-04c1-424b-9868-57a2d4851a1d" />
    <TestEntry testId="7f949d80-13b6-78ce-6336-64f88eac33b7" executionId="441f1ea1-9334-46ed-8329-2703c5478b62" testListId="8c84fa94-04c1-424b-9868-57a2d4851a1d" />
    <TestEntry testId="1c8b7bab-7237-42e0-5fb5-c55615089994" executionId="930c48ce-4030-4be0-88d6-9d8c2da326a1" testListId="8c84fa94-04c1-424b-9868-57a2d4851a1d" />
    <TestEntry testId="b7f18d4e-e8c0-3285-6e79-21ddd24f3d41" executionId="993bfdb0-003d-40bd-b69c-3a3f31b6cf51" testListId="8c84fa94-04c1-424b-9868-57a2d4851a1d" />
    <TestEntry testId="0b5f1728-7b8a-73cb-1723-24feb2bf7d3d" executionId="228a2dee-9f3d-4afe-aaeb-f6696d3e1df3" testListId="8c84fa94-04c1-424b-9868-57a2d4851a1d" />
    <TestEntry testId="c6d9c40f-adc6-4edb-6a83-6f4ac42882d1" executionId="766aa121-37ea-4133-aec6-2af55bb44cc1" testListId="8c84fa94-04c1-424b-9868-57a2d4851a1d" />
    <TestEntry testId="28f45f08-f929-d021-87bf-ac7bea3175f6" executionId="35827022-7220-4a16-81df-98da1aedeede" testListId="8c84fa94-04c1-424b-9868-57a2d4851a1d" />
    <TestEntry testId="5457ec9d-b666-cb43-0581-94c4ccf2eefc" executionId="a433b4f7-84f1-4a04-8d3a-b0cc8f6f9ace" testListId="8c84fa94-04c1-424b-9868-57a2d4851a1d" />
    <TestEntry testId="cc50075c-462e-8b57-d394-e1d716bb8f7e" executionId="94214e35-d440-431c-8e49-2c43eb1ddf19" testListId="8c84fa94-04c1-424b-9868-57a2d4851a1d" />
    <TestEntry testId="5bf46c48-3055-37d6-fef8-c9d126207b04" executionId="cf188d28-00b6-402f-9a62-8dadf8cf4f5a" testListId="8c84fa94-04c1-424b-9868-57a2d4851a1d" />
    <TestEntry testId="3c6ae5e7-2078-93c7-0cb9-170c4974fe27" executionId="af756503-6c5f-4e25-b057-9d45e25cac54" testListId="8c84fa94-04c1-424b-9868-57a2d4851a1d" />
    <TestEntry testId="4d36eff3-cb8c-cc2b-ae0a-7341e46f417f" executionId="3dd24b68-05d7-4e70-8453-519b1b4854db" testListId="8c84fa94-04c1-424b-9868-57a2d4851a1d" />
    <TestEntry testId="aa2ad8c9-644e-352f-745e-635b81ae401d" executionId="2f7047fe-3b31-469a-b48d-7c70616ccaaf" testListId="8c84fa94-04c1-424b-9868-57a2d4851a1d" />
    <TestEntry testId="d9c1e874-b98e-f314-cfca-82dd9dc7660b" executionId="edd25d77-a41f-428c-9b19-b258d8a6358d" testListId="8c84fa94-04c1-424b-9868-57a2d4851a1d" />
    <TestEntry testId="8edbc9e8-8106-4e2b-446e-15afc8cb2e79" executionId="c4f06c9f-9a04-4770-93b9-b6c911cfc03c" testListId="8c84fa94-04c1-424b-9868-57a2d4851a1d" />
    <TestEntry testId="28f7c59d-b5d1-8620-75b4-446e721774f0" executionId="54295e5f-3d48-4a6c-bdc4-0186bd58bdfc" testListId="8c84fa94-04c1-424b-9868-57a2d4851a1d" />
    <TestEntry testId="5f7c4701-d824-4b97-c114-36e1e6a4c33e" executionId="2471c659-358c-438d-9687-ca64fea6843d" testListId="8c84fa94-04c1-424b-9868-57a2d4851a1d" />
    <TestEntry testId="99f01ded-3ca2-e651-a7da-fe562e1e4884" executionId="67b1f6c3-1412-4fe2-9ea4-8d83c1bbe4bb" testListId="8c84fa94-04c1-424b-9868-57a2d4851a1d" />
    <TestEntry testId="4346959c-3e94-4c0e-1880-3b5ac77fbbde" executionId="3ca6fc58-d229-4cef-8c12-6384a606bef0" testListId="8c84fa94-04c1-424b-9868-57a2d4851a1d" />
    <TestEntry testId="e46f5d7d-393e-88b9-1a00-80ae274b5f6e" executionId="bc23861f-996c-407b-bffb-b5acb3c86cac" testListId="8c84fa94-04c1-424b-9868-57a2d4851a1d" />
    <TestEntry testId="22a55186-734f-9dba-b3aa-22207bab8f2a" executionId="aadb7e38-8deb-47a0-845e-f1d7355e075e" testListId="8c84fa94-04c1-424b-9868-57a2d4851a1d" />
    <TestEntry testId="d9747d07-b571-8346-80a3-fe62a8b92e46" executionId="066da9b5-d5a7-40f2-8786-9e78455164ac" testListId="8c84fa94-04c1-424b-9868-57a2d4851a1d" />
    <TestEntry testId="0f9f915d-f9f9-434c-81bb-640e07bacad2" executionId="8e597d74-1775-40ab-80bd-185fc7fe31bd" testListId="8c84fa94-04c1-424b-9868-57a2d4851a1d" />
    <TestEntry testId="e490ff0f-804e-81fe-d54a-5987cfe60093" executionId="58b89845-0885-49ec-9bb2-8c851d453b2c" testListId="8c84fa94-04c1-424b-9868-57a2d4851a1d" />
    <TestEntry testId="f886403e-9ef4-53a2-d4e1-ecec3b79370d" executionId="49a4cbdf-f746-45bc-9df9-7407d4973eef" testListId="8c84fa94-04c1-424b-9868-57a2d4851a1d" />
    <TestEntry testId="446583bb-1a0c-a601-da8c-b6db446288a3" executionId="c91c61c2-a7a5-4415-b825-1b820eace8d9" testListId="8c84fa94-04c1-424b-9868-57a2d4851a1d" />
    <TestEntry testId="f3b5f62e-4f46-2207-7f46-5faefe33f536" executionId="8336dd19-ae26-4df8-abcf-937c4acee954" testListId="8c84fa94-04c1-424b-9868-57a2d4851a1d" />
    <TestEntry testId="f2f6b3ec-eeaf-c73e-5a2e-1ef2fc174766" executionId="f7beb708-6c65-46b1-b100-f3ec3032a377" testListId="8c84fa94-04c1-424b-9868-57a2d4851a1d" />
    <TestEntry testId="07d2e673-5834-e2ca-06bc-89c7780bb3c8" executionId="b80d25e0-148c-4079-a474-eb84bdc9c20b" testListId="8c84fa94-04c1-424b-9868-57a2d4851a1d" />
    <TestEntry testId="e75b2bb9-5515-7802-e744-4a6d4013843f" executionId="2a4117fb-61ec-4679-be29-029e771a4bd6" testListId="8c84fa94-04c1-424b-9868-57a2d4851a1d" />
    <TestEntry testId="3df7fba2-fa8b-3ca7-23f8-eddd788932a9" executionId="1d82cfb7-1906-44a9-bdbe-21ac12640224" testListId="8c84fa94-04c1-424b-9868-57a2d4851a1d" />
    <TestEntry testId="8ee850f6-f93d-44de-04bb-8bbc073b000b" executionId="11eb2d90-c72f-4be3-8c83-8900fdd34ae1" testListId="8c84fa94-04c1-424b-9868-57a2d4851a1d" />
    <TestEntry testId="bb6d95e1-fe2b-c7f2-f120-8406bb52b03a" executionId="cba60236-9b50-42c3-afd7-9ec84a900786" testListId="8c84fa94-04c1-424b-9868-57a2d4851a1d" />
    <TestEntry testId="0b4fc99c-eb06-94b0-bab6-1d7f1e79217a" executionId="79b7ae86-d5d8-4095-b032-6e49496a30af" testListId="8c84fa94-04c1-424b-9868-57a2d4851a1d" />
  </TestEntries>
  <TestLists>
    <TestList name="Results Not in a List" id="8c84fa94-04c1-424b-9868-57a2d4851a1d" />
    <TestList name="All Loaded Results" id="19431567-8539-422a-85d7-44ee4e166bda" />
  </TestLists>
  <ResultSummary outcome="Completed">
    <Counters total="191" executed="191" passed="191" failed="0" error="0" timeout="0" aborted="0" inconclusive="0" passedButRunAborted="0" notRunnable="0" notExecuted="0" disconnected="0" warning="0" completed="0" inProgress="0" pending="0" />
    <Output>
      <StdOut>NUnit Adapter 4.5.0.0: Test execution started
Running all tests in /workspace/tests/FluentUIScaffold.Core.Tests/bin/Debug/net8.0/FluentUIScaffold.Core.Tests.dll
   NUnit3TestExecutor discovered 191 of 191 NUnit test cases using Current Discovery mode, Non-Explicit run
WithServerConfiguration_Removed_FromBuilder: Server configuration is now provided only to WebServerManager
WithServerConfiguration_WithNullConfiguration_Removed: Removed
WithWebServerProjectPath_IsRemoved_FromBuilder: Server config APIs removed from options builder; managed by WebServerManager
WithWebServerProjectPath_WithEmptyPath_Removed: Removed
WithWebServerProjectPath_WithNullPath_Removed: Removed
ServerConfiguration_Removed_FromOptions: Server configuration removed from options; managed by WebServerManager
WebServerProjectPath_Removed_FromOptions: Server project path removed from options; managed by WebServerManager
RegisterDetector_WithValidDetector_RegistersSuccessfully: Detector registered successfully
NUnit Adapter 4.5.0.0: Test execution complete
</StdOut>
    </Output>
    <RunInfos>
      <RunInfo computerName="cursor" outcome="Warning" timestamp="2025-08-11T23:17:39.0047299+00:00">
        <Text>PluginRegistry count before seeding: 1
PluginManager count after seeding: 1
</Text>
      </RunInfo>
      <RunInfo computerName="cursor" outcome="Warning" timestamp="2025-08-11T23:17:39.0300286+00:00">
        <Text>=== Aspire (dotnet run) ===
Builder methods:
ServerConfiguration
    .CreateAspireServer(new Uri("http://localhost:6066"), "/path/to/AspireApp.AppHost.csproj")
    .WithFramework("net9.0")
    .WithConfiguration("Release")
Run command:
dotnet run --framework net9.0 --configuration Release --no-launch-profile
Environment variables:
ASPNETCORE_ENVIRONMENT=Development
ASPNETCORE_FORWARDEDHEADERS_ENABLED=false
ASPNETCORE_HOSTINGSTARTUPASSEMBLIES=
ASPNETCORE_URLS=http://localhost:6066/
DOTNET_DASHBOARD_OTLP_ENDPOINT_URL=https://localhost:21097
DOTNET_ENVIRONMENT=Development
DOTNET_RESOURCE_SERVICE_ENDPOINT_URL=https://localhost:22268
====================

</Text>
      </RunInfo>
      <RunInfo computerName="cursor" outcome="Warning" timestamp="2025-08-11T23:17:39.0309504+00:00">
        <Text>=== Custom env vars ===
Builder methods:
.WithEnvironmentVariable("MY_SETTING", "abc").WithEnvironmentVariables(...) 
Run command:
dotnet run --framework net8.0 --configuration Release --no-launch-profile
Environment variables:
ASPNETCORE_ENVIRONMENT=Staging
ASPNETCORE_HOSTINGSTARTUPASSEMBLIES=
FOO=bar
MY_SETTING=abc
====================

</Text>
      </RunInfo>
      <RunInfo computerName="cursor" outcome="Warning" timestamp="2025-08-11T23:17:39.0346903+00:00">
        <Text>=== ASP.NET Core (dotnet run) ===
Builder methods:
ServerConfiguration
    .CreateDotNetServer(new Uri("http://localhost:5055"), "/path/to/MyApp.csproj")
    .WithFramework("net9.0")
    .WithConfiguration("Debug")
Run command:
dotnet run --framework net9.0 --configuration Debug --no-launch-profile
Environment variables:
ASPNETCORE_ENVIRONMENT=Development
ASPNETCORE_HOSTINGSTARTUPASSEMBLIES=
====================

</Text>
      </RunInfo>
      <RunInfo computerName="cursor" outcome="Warning" timestamp="2025-08-11T23:17:39.0347564+00:00">
        <Text>=== Node.js (npm run) ===
Builder methods: WithNpmScript("dev").WithNodeEnvironment("production").WithPort(7777).WithArguments("--", "--open")
npm start dev -- --open
NODE_ENV=production
PORT=7777
====================

</Text>
      </RunInfo>
      <RunInfo computerName="cursor" outcome="Warning" timestamp="2025-08-11T23:17:39.0350620+00:00">
        <Text>=== SPA proxy enabled ===
Builder methods:
.WithSpaProxy(true)
Run command:
dotnet run --framework net8.0 --configuration Release --no-launch-profile
Environment variables:
ASPNETCORE_ENVIRONMENT=Development
ASPNETCORE_HOSTINGSTARTUPASSEMBLIES=Microsoft.AspNetCore.SpaProxy
====================

=== SPA proxy disabled ===
Builder methods:
.WithSpaProxy(false)
Run command:
dotnet run --framework net8.0 --configuration Release --no-launch-profile
Environment variables:
ASPNETCORE_ENVIRONMENT=Development
ASPNETCORE_HOSTINGSTARTUPASSEMBLIES=
====================

</Text>
      </RunInfo>
      <RunInfo computerName="cursor" outcome="Warning" timestamp="2025-08-11T23:17:39.0358781+00:00">
        <Text>=== WebApplicationFactory (fallback to dotnet run) ===
Builder methods:
.WithFramework("net9.0").WithConfiguration("Debug")
Run command:
dotnet run --framework net9.0 --configuration Debug --no-launch-profile
Environment variables:
ASPNETCORE_HOSTINGSTARTUPASSEMBLIES=
====================

</Text>
      </RunInfo>
    </RunInfos>
    <CollectorDataEntries>
      <Collector agentName="cursor" uri="datacollector://microsoft/CoverletCodeCoverage/1.0" collectorDisplayName="XPlat code coverage">
        <UriAttachments>
          <UriAttachment>
            <A href="cursor/coverage.cobertura.xml"></A>
          </UriAttachment>
        </UriAttachments>
      </Collector>
    </CollectorDataEntries>
  </ResultSummary>
</TestRun>