<?xml version="1.0" encoding="utf-8"?>
<TestRun id="0ba1f810-7f15-45a0-b4a3-a3c39ce971a0" name="@cursor 2025-08-11 23:18:42" xmlns="http://microsoft.com/schemas/VisualStudio/TeamTest/2010">
  <Times creation="2025-08-11T23:18:42.9529324+00:00" queuing="2025-08-11T23:18:42.9529324+00:00" start="2025-08-11T23:18:39.8279425+00:00" finish="2025-08-11T23:18:46.5718908+00:00" />
  <TestSettings name="default" id="34977449-6514-4d7c-b3d8-ee089f5831b6">
    <Deployment runDeploymentRoot="_cursor_2025-08-11_23_18_42" />
  </TestSettings>
  <Results>
    <UnitTestResult executionId="6d9533ba-ff34-4f95-b240-0bd33e7c3412" testId="73a1b770-4a5e-0a29-6a9c-524092b48888" testName="FirstOrDefault_WithNonEmptyCollection_ShouldReturnFirstElement" computerName="cursor" duration="00:00:00.0001630" startTime="2025-08-11T23:18:45.8123455+00:00" endTime="2025-08-11T23:18:45.8125084+00:00" testType="13cdc9d9-ddb5-4fa4-a97d-d965ccfc6d4b" outcome="Passed" testListId="8c84fa94-04c1-424b-9868-57a2d4851a1d" relativeResultsDirectory="6d9533ba-ff34-4f95-b240-0bd33e7c3412" />
    <UnitTestResult executionId="56b58b2f-2833-4607-a786-5cc762498d95" testId="19dd36e1-31f9-3753-0a72-7dc6f09188c0" testName="VerificationException_Constructors_Work" computerName="cursor" duration="00:00:00.0001940" startTime="2025-08-11T23:18:45.8417387+00:00" endTime="2025-08-11T23:18:45.8419323+00:00" testType="13cdc9d9-ddb5-4fa4-a97d-d965ccfc6d4b" outcome="Passed" testListId="8c84fa94-04c1-424b-9868-57a2d4851a1d" relativeResultsDirectory="56b58b2f-2833-4607-a786-5cc762498d95" />
    <UnitTestResult executionId="20a02633-8b46-47af-9150-d200eea5a4ea" testId="33a7bbde-5ce9-4487-c1d1-eb748c5080db" testName="CreateDriver_WithNullOptions_ThrowsArgumentNullException" computerName="cursor" duration="00:00:00.0001530" startTime="2025-08-11T23:18:46.0018137+00:00" endTime="2025-08-11T23:18:46.0019670+00:00" testType="13cdc9d9-ddb5-4fa4-a97d-d965ccfc6d4b" outcome="Passed" testListId="8c84fa94-04c1-424b-9868-57a2d4851a1d" relativeResultsDirectory="20a02633-8b46-47af-9150-d200eea5a4ea" />
    <UnitTestResult executionId="d5036097-382d-43e8-a504-eb127fd004a5" testId="6ba06a82-9046-fcca-a49b-be1345ecbc51" testName="WaitFor_WithHiddenStrategy_ShouldCallWaitForHidden" computerName="cursor" duration="00:00:00.0003170" startTime="2025-08-11T23:18:45.8309607+00:00" endTime="2025-08-11T23:18:45.8312775+00:00" testType="13cdc9d9-ddb5-4fa4-a97d-d965ccfc6d4b" outcome="Passed" testListId="8c84fa94-04c1-424b-9868-57a2d4851a1d" relativeResultsDirectory="d5036097-382d-43e8-a504-eb127fd004a5" />
    <UnitTestResult executionId="91c9dde0-74f9-440a-befa-ffd6c1e62246" testId="ac2caede-1993-10f2-1269-ecc9a1cb91c8" testName="Aspire_WithFrameworkAndDefaults_ProducesExpectedRunCommandAndEnv" computerName="cursor" duration="00:00:00.0028060" startTime="2025-08-11T23:18:46.0138144+00:00" endTime="2025-08-11T23:18:46.0166205+00:00" testType="13cdc9d9-ddb5-4fa4-a97d-d965ccfc6d4b" outcome="Passed" testListId="8c84fa94-04c1-424b-9868-57a2d4851a1d" relativeResultsDirectory="91c9dde0-74f9-440a-befa-ffd6c1e62246">
      <Output>
        <StdOut>=== Aspire (dotnet run) ===
Builder methods:
ServerConfiguration
    .CreateAspireServer(new Uri("http://localhost:6066"), "/path/to/AspireApp.AppHost.csproj")
    .WithFramework("net9.0")
    .WithConfiguration("Release")
Run command:
dotnet run --framework net9.0 --configuration Release --no-launch-profile
Environment variables:
ASPNETCORE_ENVIRONMENT=Development
ASPNETCORE_FORWARDEDHEADERS_ENABLED=false
ASPNETCORE_HOSTINGSTARTUPASSEMBLIES=
ASPNETCORE_URLS=http://localhost:6066/
DOTNET_DASHBOARD_OTLP_ENDPOINT_URL=https://localhost:21097
DOTNET_ENVIRONMENT=Development
DOTNET_RESOURCE_SERVICE_ENDPOINT_URL=https://localhost:22268
====================</StdOut>
      </Output>
    </UnitTestResult>
    <UnitTestResult executionId="38da86b4-a365-44ea-9b85-cc79609509ce" testId="99f01ded-3ca2-e651-a7da-fe562e1e4884" testName="WithDefaultWaitTimeout_WithValidTimeout_SetsDefaultWaitTimeout" computerName="cursor" duration="00:00:00.0001340" startTime="2025-08-11T23:18:45.8579008+00:00" endTime="2025-08-11T23:18:45.8580345+00:00" testType="13cdc9d9-ddb5-4fa4-a97d-d965ccfc6d4b" outcome="Passed" testListId="8c84fa94-04c1-424b-9868-57a2d4851a1d" relativeResultsDirectory="38da86b4-a365-44ea-9b85-cc79609509ce" />
    <UnitTestResult executionId="1b2b819f-e8d5-4b0e-bc43-f5be1e1ed1e4" testId="ce884f09-4916-a854-a0cc-dbdac776383b" testName="WithServerConfiguration_Removed_FromBuilder" computerName="cursor" duration="00:00:00.0003040" startTime="2025-08-11T23:18:45.8610602+00:00" endTime="2025-08-11T23:18:45.8613638+00:00" testType="13cdc9d9-ddb5-4fa4-a97d-d965ccfc6d4b" outcome="Passed" testListId="8c84fa94-04c1-424b-9868-57a2d4851a1d" relativeResultsDirectory="1b2b819f-e8d5-4b0e-bc43-f5be1e1ed1e4">
      <Output>
        <StdOut>Server configuration is now provided only to WebServerManager</StdOut>
      </Output>
    </UnitTestResult>
    <UnitTestResult executionId="552b603c-380a-4101-b5e6-28800b67b66e" testId="b877d3bb-b67c-3d6a-02a1-248c2c6a7c36" testName="DetectProjectPath_NoGit_FallsBackToDirectorySearch" computerName="cursor" duration="00:00:00.0006710" startTime="2025-08-11T23:18:45.9951449+00:00" endTime="2025-08-11T23:18:45.9958157+00:00" testType="13cdc9d9-ddb5-4fa4-a97d-d965ccfc6d4b" outcome="Passed" testListId="8c84fa94-04c1-424b-9868-57a2d4851a1d" relativeResultsDirectory="552b603c-380a-4101-b5e6-28800b67b66e" />
    <UnitTestResult executionId="92b57194-ecfb-46ec-85bc-1ec8eb8abf9c" testId="7af08328-43c6-c4ff-4de5-161f93857df3" testName="StartServerAsync_MutexHeldByOther_AndServerBecomesReady_Completes" computerName="cursor" duration="00:00:00.1667940" startTime="2025-08-11T23:18:46.0268632+00:00" endTime="2025-08-11T23:18:46.1936565+00:00" testType="13cdc9d9-ddb5-4fa4-a97d-d965ccfc6d4b" outcome="Passed" testListId="8c84fa94-04c1-424b-9868-57a2d4851a1d" relativeResultsDirectory="92b57194-ecfb-46ec-85bc-1ec8eb8abf9c" />
    <UnitTestResult executionId="b494c8fa-d8fa-4491-8d30-f178a54cc038" testId="0857da33-b4ef-b236-6099-02a532ef2a14" testName="CreateElement_WithNullSelector_ShouldThrowArgumentException" computerName="cursor" duration="00:00:00.0001040" startTime="2025-08-11T23:18:45.8182195+00:00" endTime="2025-08-11T23:18:45.8183231+00:00" testType="13cdc9d9-ddb5-4fa4-a97d-d965ccfc6d4b" outcome="Passed" testListId="8c84fa94-04c1-424b-9868-57a2d4851a1d" relativeResultsDirectory="b494c8fa-d8fa-4491-8d30-f178a54cc038" />
    <UnitTestResult executionId="a66bf05c-d2ee-4d87-b0e1-fa81f142cacd" testId="6dd2c663-126f-c692-d442-51f4ddb16f47" testName="WithSlowMo_WithNegativeValue_ThrowsException" computerName="cursor" duration="00:00:00.0001689" startTime="2025-08-11T23:18:45.8615296+00:00" endTime="2025-08-11T23:18:45.8616983+00:00" testType="13cdc9d9-ddb5-4fa4-a97d-d965ccfc6d4b" outcome="Passed" testListId="8c84fa94-04c1-424b-9868-57a2d4851a1d" relativeResultsDirectory="a66bf05c-d2ee-4d87-b0e1-fa81f142cacd" />
    <UnitTestResult executionId="af1a0646-a79d-4b9e-9ad0-96f6d02e85c9" testId="cc28fd0d-aeb1-6068-03cf-a613121c3154" testName="First_WithEmptyCollection_ShouldThrowInvalidOperationException" computerName="cursor" duration="00:00:00.0003740" startTime="2025-08-11T23:18:45.8114909+00:00" endTime="2025-08-11T23:18:45.8118644+00:00" testType="13cdc9d9-ddb5-4fa4-a97d-d965ccfc6d4b" outcome="Passed" testListId="8c84fa94-04c1-424b-9868-57a2d4851a1d" relativeResultsDirectory="af1a0646-a79d-4b9e-9ad0-96f6d02e85c9" />
    <UnitTestResult executionId="2048a6f1-8fc0-4b44-b21e-6a9e5bcca9d2" testId="a646cbbd-eb04-f9aa-5695-780998d26368" testName="WithDescription_ShouldSetDescription" computerName="cursor" duration="00:00:00.0001450" startTime="2025-08-11T23:18:45.7901042+00:00" endTime="2025-08-11T23:18:45.7902485+00:00" testType="13cdc9d9-ddb5-4fa4-a97d-d965ccfc6d4b" outcome="Passed" testListId="8c84fa94-04c1-424b-9868-57a2d4851a1d" relativeResultsDirectory="2048a6f1-8fc0-4b44-b21e-6a9e5bcca9d2" />
    <UnitTestResult executionId="87c89b7d-3e1b-4d88-bada-abab312acdd1" testId="179b7383-7c66-19a3-5099-a84ccfda3312" testName="GetText_ShouldCallDriverGetText" computerName="cursor" duration="00:00:00.0006110" startTime="2025-08-11T23:18:45.8267533+00:00" endTime="2025-08-11T23:18:45.8273639+00:00" testType="13cdc9d9-ddb5-4fa4-a97d-d965ccfc6d4b" outcome="Passed" testListId="8c84fa94-04c1-424b-9868-57a2d4851a1d" relativeResultsDirectory="87c89b7d-3e1b-4d88-bada-abab312acdd1" />
    <UnitTestResult executionId="5e6f9896-7ec4-42a7-813b-559978a88918" testId="ff506097-7a61-9dd6-1df2-d3c8d75a82f3" testName="WithHeadlessMode_AndSlowMo_SetProperly" computerName="cursor" duration="00:00:00.0021750" startTime="2025-08-11T23:18:45.8581564+00:00" endTime="2025-08-11T23:18:45.8603312+00:00" testType="13cdc9d9-ddb5-4fa4-a97d-d965ccfc6d4b" outcome="Passed" testListId="8c84fa94-04c1-424b-9868-57a2d4851a1d" relativeResultsDirectory="5e6f9896-7ec4-42a7-813b-559978a88918" />
    <UnitTestResult executionId="ffaa83c4-b5d6-4963-a8eb-cec14bba82c3" testId="405fd94c-1e16-06c6-669b-4f6514668f24" testName="DotNet_WithFrameworkAndConfiguration_ProducesExpectedRunCommand" computerName="cursor" duration="00:00:00.0001940" startTime="2025-08-11T23:18:46.0177347+00:00" endTime="2025-08-11T23:18:46.0179283+00:00" testType="13cdc9d9-ddb5-4fa4-a97d-d965ccfc6d4b" outcome="Passed" testListId="8c84fa94-04c1-424b-9868-57a2d4851a1d" relativeResultsDirectory="ffaa83c4-b5d6-4963-a8eb-cec14bba82c3">
      <Output>
        <StdOut>=== ASP.NET Core (dotnet run) ===
Builder methods:
ServerConfiguration
    .CreateDotNetServer(new Uri("http://localhost:5055"), "/path/to/MyApp.csproj")
    .WithFramework("net9.0")
    .WithConfiguration("Debug")
Run command:
dotnet run --framework net9.0 --configuration Debug --no-launch-profile
Environment variables:
ASPNETCORE_ENVIRONMENT=Development
ASPNETCORE_HOSTINGSTARTUPASSEMBLIES=
====================</StdOut>
      </Output>
    </UnitTestResult>
    <UnitTestResult executionId="4fcb0b03-0cf5-401d-b6bf-47d0ad306b7f" testId="4cd43b66-f3f8-8df6-5266-95b6a332d485" testName="BuildCommandArguments_PrependsScript_AndAppendsArgs" computerName="cursor" duration="00:00:00.0006590" startTime="2025-08-11T23:18:45.9970735+00:00" endTime="2025-08-11T23:18:45.9977328+00:00" testType="13cdc9d9-ddb5-4fa4-a97d-d965ccfc6d4b" outcome="Passed" testListId="8c84fa94-04c1-424b-9868-57a2d4851a1d" relativeResultsDirectory="4fcb0b03-0cf5-401d-b6bf-47d0ad306b7f" />
    <UnitTestResult executionId="841bb3bb-90f8-417c-9f08-c5ea7425c90e" testId="9f3021c1-925a-71da-e253-d006455bc8e9" testName="WaitFor_WithNoneStrategy_ShouldNotCallAnyWaitMethods" computerName="cursor" duration="00:00:00.0029540" startTime="2025-08-11T23:18:45.8312892+00:00" endTime="2025-08-11T23:18:45.8342432+00:00" testType="13cdc9d9-ddb5-4fa4-a97d-d965ccfc6d4b" outcome="Passed" testListId="8c84fa94-04c1-424b-9868-57a2d4851a1d" relativeResultsDirectory="841bb3bb-90f8-417c-9f08-c5ea7425c90e" />
    <UnitTestResult executionId="47ee5cff-085f-46bc-b918-9e5db43daa47" testId="4346959c-3e94-4c0e-1880-3b5ac77fbbde" testName="RegisterPlugin_WithDuplicatePlugin_DoesNotAddDuplicate" computerName="cursor" duration="00:00:00.0003030" startTime="2025-08-11T23:18:46.0029225+00:00" endTime="2025-08-11T23:18:46.0032249+00:00" testType="13cdc9d9-ddb5-4fa4-a97d-d965ccfc6d4b" outcome="Passed" testListId="8c84fa94-04c1-424b-9868-57a2d4851a1d" relativeResultsDirectory="47ee5cff-085f-46bc-b918-9e5db43daa47" />
    <UnitTestResult executionId="c48880a5-0178-44ff-bae0-4bd67a4c9e93" testId="5bf46c48-3055-37d6-fef8-c9d126207b04" testName="Constructor_WithLogger_CreatesInstance" computerName="cursor" duration="00:00:00.0033200" startTime="2025-08-11T23:18:45.9980686+00:00" endTime="2025-08-11T23:18:46.0013881+00:00" testType="13cdc9d9-ddb5-4fa4-a97d-d965ccfc6d4b" outcome="Passed" testListId="8c84fa94-04c1-424b-9868-57a2d4851a1d" relativeResultsDirectory="c48880a5-0178-44ff-bae0-4bd67a4c9e93" />
    <UnitTestResult executionId="bddd32b5-f84a-4d03-a2b5-6dc321d6053a" testId="7f949d80-13b6-78ce-6336-64f88eac33b7" testName="FilterByText_WithNoMatchingText_ShouldReturnEmptyCollection" computerName="cursor" duration="00:00:00.0001720" startTime="2025-08-11T23:18:45.8113117+00:00" endTime="2025-08-11T23:18:45.8114835+00:00" testType="13cdc9d9-ddb5-4fa4-a97d-d965ccfc6d4b" outcome="Passed" testListId="8c84fa94-04c1-424b-9868-57a2d4851a1d" relativeResultsDirectory="bddd32b5-f84a-4d03-a2b5-6dc321d6053a" />
    <UnitTestResult executionId="dece1535-435a-4483-8422-01e23bfb5d56" testId="fd9a3db3-8264-a883-4b5b-0fadb4e27885" testName="FluentUIScaffoldBaseException_Constructors_Work" computerName="cursor" duration="00:00:00.0001340" startTime="2025-08-11T23:18:45.8410457+00:00" endTime="2025-08-11T23:18:45.8411797+00:00" testType="13cdc9d9-ddb5-4fa4-a97d-d965ccfc6d4b" outcome="Passed" testListId="8c84fa94-04c1-424b-9868-57a2d4851a1d" relativeResultsDirectory="dece1535-435a-4483-8422-01e23bfb5d56" />
    <UnitTestResult executionId="b6e9a50c-b93c-4bc6-836e-5d271ab4d00e" testId="5457ec9d-b666-cb43-0581-94c4ccf2eefc" testName="NodeJs_WithScriptAndEnv_ProducesExpectedCommandAndEnv" computerName="cursor" duration="00:00:00.0006510" startTime="2025-08-11T23:18:46.0181155+00:00" endTime="2025-08-11T23:18:46.0187657+00:00" testType="13cdc9d9-ddb5-4fa4-a97d-d965ccfc6d4b" outcome="Passed" testListId="8c84fa94-04c1-424b-9868-57a2d4851a1d" relativeResultsDirectory="b6e9a50c-b93c-4bc6-836e-5d271ab4d00e">
      <Output>
        <StdOut>=== Node.js (npm run) ===
Builder methods: WithNpmScript("dev").WithNodeEnvironment("production").WithPort(7777).WithArguments("--", "--open")
npm start dev -- --open
NODE_ENV=production
PORT=7777
====================</StdOut>
      </Output>
    </UnitTestResult>
    <UnitTestResult executionId="4be390f0-f9fb-488d-bcbe-d192af3e6050" testId="5d00fc9b-986f-8e7a-5894-fe21deab4d76" testName="FilterByText_WithEmptyText_ShouldReturnEmptyCollection" computerName="cursor" duration="00:00:00.0003270" startTime="2025-08-11T23:18:45.8106944+00:00" endTime="2025-08-11T23:18:45.8110208+00:00" testType="13cdc9d9-ddb5-4fa4-a97d-d965ccfc6d4b" outcome="Passed" testListId="8c84fa94-04c1-424b-9868-57a2d4851a1d" relativeResultsDirectory="4be390f0-f9fb-488d-bcbe-d192af3e6050" />
    <UnitTestResult executionId="ba047050-0e4b-489c-bafd-436435edb6de" testId="d6e5f7f2-25f3-210a-1f00-1f733c0e9da8" testName="Filter_WithNoMatchingElements_ShouldReturnEmptyCollection" computerName="cursor" duration="00:00:00.0040150" startTime="2025-08-11T23:18:45.8025213+00:00" endTime="2025-08-11T23:18:45.8065363+00:00" testType="13cdc9d9-ddb5-4fa4-a97d-d965ccfc6d4b" outcome="Passed" testListId="8c84fa94-04c1-424b-9868-57a2d4851a1d" relativeResultsDirectory="ba047050-0e4b-489c-bafd-436435edb6de" />
    <UnitTestResult executionId="a508ce39-1226-4f80-9e38-4aa4af7be9c8" testId="6d5a4486-b343-0cdc-4507-2918b358e5b5" testName="DotNet_WorkingDirectory_IsApplied" computerName="cursor" duration="00:00:00.0001689" startTime="2025-08-11T23:18:46.0179366+00:00" endTime="2025-08-11T23:18:46.0181054+00:00" testType="13cdc9d9-ddb5-4fa4-a97d-d965ccfc6d4b" outcome="Passed" testListId="8c84fa94-04c1-424b-9868-57a2d4851a1d" relativeResultsDirectory="a508ce39-1226-4f80-9e38-4aa4af7be9c8" />
    <UnitTestResult executionId="d883d642-bb5d-44ed-b2cb-db54b3dec119" testId="63abd0f8-5814-164f-7950-4ad186521ab4" testName="CreateDriver_WithNoPlugins_ThrowsFluentUIScaffoldPluginException" computerName="cursor" duration="00:00:00.0003890" startTime="2025-08-11T23:18:46.0014083+00:00" endTime="2025-08-11T23:18:46.0017971+00:00" testType="13cdc9d9-ddb5-4fa4-a97d-d965ccfc6d4b" outcome="Passed" testListId="8c84fa94-04c1-424b-9868-57a2d4851a1d" relativeResultsDirectory="d883d642-bb5d-44ed-b2cb-db54b3dec119" />
    <UnitTestResult executionId="559288d8-94e7-4cc6-aed2-70ac7a51a509" testId="475357e7-c128-1ac1-651e-32f7af1e435a" testName="IEnumerableGetEnumerator_ShouldReturnAllElements" computerName="cursor" duration="00:00:00.0005630" startTime="2025-08-11T23:18:45.8130620+00:00" endTime="2025-08-11T23:18:45.8136249+00:00" testType="13cdc9d9-ddb5-4fa4-a97d-d965ccfc6d4b" outcome="Passed" testListId="8c84fa94-04c1-424b-9868-57a2d4851a1d" relativeResultsDirectory="559288d8-94e7-4cc6-aed2-70ac7a51a509" />
    <UnitTestResult executionId="ffdf1188-b2a9-4552-9fc4-d97df74d8145" testId="b7012c97-f966-55dc-c35d-274095149e5d" testName="RegisterElement_WithEmptyKey_ShouldThrowArgumentException" computerName="cursor" duration="00:00:00.0002210" startTime="2025-08-11T23:18:45.8194329+00:00" endTime="2025-08-11T23:18:45.8196535+00:00" testType="13cdc9d9-ddb5-4fa4-a97d-d965ccfc6d4b" outcome="Passed" testListId="8c84fa94-04c1-424b-9868-57a2d4851a1d" relativeResultsDirectory="ffdf1188-b2a9-4552-9fc4-d97df74d8145" />
    <UnitTestResult executionId="6d73b063-bdd9-4382-9ef3-75deb1821a56" testId="91a71ac4-590c-9e24-6500-b1be939120d3" testName="GetOrCreateElement_WithNullKey_ShouldThrowArgumentException" computerName="cursor" duration="00:00:00.0001270" startTime="2025-08-11T23:18:45.8190198+00:00" endTime="2025-08-11T23:18:45.8191466+00:00" testType="13cdc9d9-ddb5-4fa4-a97d-d965ccfc6d4b" outcome="Passed" testListId="8c84fa94-04c1-424b-9868-57a2d4851a1d" relativeResultsDirectory="6d73b063-bdd9-4382-9ef3-75deb1821a56" />
    <UnitTestResult executionId="2798c1d3-a1b9-4296-b69b-7f18f6556143" testId="202af691-80fb-dfa6-d9ed-de360fd56509" testName="Last_WithNonEmptyCollection_ShouldReturnLastElement" computerName="cursor" duration="00:00:00.0001900" startTime="2025-08-11T23:18:45.8152256+00:00" endTime="2025-08-11T23:18:45.8154157+00:00" testType="13cdc9d9-ddb5-4fa4-a97d-d965ccfc6d4b" outcome="Passed" testListId="8c84fa94-04c1-424b-9868-57a2d4851a1d" relativeResultsDirectory="2798c1d3-a1b9-4296-b69b-7f18f6556143" />
    <UnitTestResult executionId="ed35ea03-58f4-48c2-bff3-bbadb380e59f" testId="280bf3f0-72fb-f486-cff4-df88da493c15" testName="WebApplicationFactory_WithHealthyEndpoint_ReadinessPathsCovered" computerName="cursor" duration="00:00:00.0526710" startTime="2025-08-11T23:18:45.6938383+00:00" endTime="2025-08-11T23:18:45.7465090+00:00" testType="13cdc9d9-ddb5-4fa4-a97d-d965ccfc6d4b" outcome="Passed" testListId="8c84fa94-04c1-424b-9868-57a2d4851a1d" relativeResultsDirectory="ed35ea03-58f4-48c2-bff3-bbadb380e59f" />
    <UnitTestResult executionId="228a2b7f-53b4-43d7-b969-fedca8f0baf4" testId="b16522d5-763c-5079-f175-3132fe0bb3ec" testName="GetPlugins_ReturnsReadOnlyCollection" computerName="cursor" duration="00:00:00.0002300" startTime="2025-08-11T23:18:46.0023866+00:00" endTime="2025-08-11T23:18:46.0026160+00:00" testType="13cdc9d9-ddb5-4fa4-a97d-d965ccfc6d4b" outcome="Passed" testListId="8c84fa94-04c1-424b-9868-57a2d4851a1d" relativeResultsDirectory="228a2b7f-53b4-43d7-b969-fedca8f0baf4" />
    <UnitTestResult executionId="3364e235-1898-4f8b-be4a-b3c83aa5e8c4" testId="4f345fbb-6a64-45b0-3c3e-0ecb27e08e28" testName="FluentUIScaffoldPluginException_Constructors_Work" computerName="cursor" duration="00:00:00.0001800" startTime="2025-08-11T23:18:45.8413795+00:00" endTime="2025-08-11T23:18:45.8415596+00:00" testType="13cdc9d9-ddb5-4fa4-a97d-d965ccfc6d4b" outcome="Passed" testListId="8c84fa94-04c1-424b-9868-57a2d4851a1d" relativeResultsDirectory="3364e235-1898-4f8b-be4a-b3c83aa5e8c4" />
    <UnitTestResult executionId="d076d123-6503-4461-b553-1f258ffd8625" testId="68cc5f29-514d-38dc-c438-33585cc74aa4" testName="Constructor_WithExistingOptions_CreatesInstance" computerName="cursor" duration="00:00:00.0001340" startTime="2025-08-11T23:18:45.8427595+00:00" endTime="2025-08-11T23:18:45.8428932+00:00" testType="13cdc9d9-ddb5-4fa4-a97d-d965ccfc6d4b" outcome="Passed" testListId="8c84fa94-04c1-424b-9868-57a2d4851a1d" relativeResultsDirectory="d076d123-6503-4461-b553-1f258ffd8625" />
    <UnitTestResult executionId="05e0c6a4-3bfb-4ebb-9915-8986decf226e" testId="d52fd675-05c7-c95c-d1f1-981f3a4f3701" testName="WithDescription_WithNullDescription_ShouldSetEmptyString" computerName="cursor" duration="00:00:00.0001050" startTime="2025-08-11T23:18:45.7902620+00:00" endTime="2025-08-11T23:18:45.7903673+00:00" testType="13cdc9d9-ddb5-4fa4-a97d-d965ccfc6d4b" outcome="Passed" testListId="8c84fa94-04c1-424b-9868-57a2d4851a1d" relativeResultsDirectory="05e0c6a4-3bfb-4ebb-9915-8986decf226e" />
    <UnitTestResult executionId="4141f5fd-053b-4b5d-bf37-fad4f323a027" testId="c6d9c40f-adc6-4edb-6a83-6f4ac42882d1" testName="GetAttribute_ShouldReturnEmptyString" computerName="cursor" duration="00:00:00.0004929" startTime="2025-08-11T23:18:45.8261182+00:00" endTime="2025-08-11T23:18:45.8266113+00:00" testType="13cdc9d9-ddb5-4fa4-a97d-d965ccfc6d4b" outcome="Passed" testListId="8c84fa94-04c1-424b-9868-57a2d4851a1d" relativeResultsDirectory="4141f5fd-053b-4b5d-bf37-fad4f323a027" />
    <UnitTestResult executionId="10e8021c-f6fa-4aec-9309-1c6c36c228b3" testId="d93cec4f-53d9-403d-a92c-21324eed1dc2" testName="FilterByAttribute_WithNoMatchingAttribute_ShouldReturnEmptyCollection" computerName="cursor" duration="00:00:00.0002850" startTime="2025-08-11T23:18:45.8094685+00:00" endTime="2025-08-11T23:18:45.8097537+00:00" testType="13cdc9d9-ddb5-4fa4-a97d-d965ccfc6d4b" outcome="Passed" testListId="8c84fa94-04c1-424b-9868-57a2d4851a1d" relativeResultsDirectory="10e8021c-f6fa-4aec-9309-1c6c36c228b3" />
    <UnitTestResult executionId="88537ad0-ed41-4cde-aec8-06dc0c9e9c57" testId="7b7eece1-efca-5e39-6f9c-7c2cf05500c2" testName="DotNet_EnvironmentSetters_AreApplied" computerName="cursor" duration="00:00:00.0001270" startTime="2025-08-11T23:18:46.0174831+00:00" endTime="2025-08-11T23:18:46.0176096+00:00" testType="13cdc9d9-ddb5-4fa4-a97d-d965ccfc6d4b" outcome="Passed" testListId="8c84fa94-04c1-424b-9868-57a2d4851a1d" relativeResultsDirectory="88537ad0-ed41-4cde-aec8-06dc0c9e9c57" />
    <UnitTestResult executionId="e507195e-fdca-4de0-87bb-df861528b210" testId="07d2e673-5834-e2ca-06bc-89c7780bb3c8" testName="SpaProxy_Toggle_SetsHostingStartupAssembliesEnv" computerName="cursor" duration="00:00:00.0001770" startTime="2025-08-11T23:18:46.0187904+00:00" endTime="2025-08-11T23:18:46.0189669+00:00" testType="13cdc9d9-ddb5-4fa4-a97d-d965ccfc6d4b" outcome="Passed" testListId="8c84fa94-04c1-424b-9868-57a2d4851a1d" relativeResultsDirectory="e507195e-fdca-4de0-87bb-df861528b210">
      <Output>
        <StdOut>=== SPA proxy enabled ===
Builder methods:
.WithSpaProxy(true)
Run command:
dotnet run --framework net8.0 --configuration Release --no-launch-profile
Environment variables:
ASPNETCORE_ENVIRONMENT=Development
ASPNETCORE_HOSTINGSTARTUPASSEMBLIES=Microsoft.AspNetCore.SpaProxy
====================

=== SPA proxy disabled ===
Builder methods:
.WithSpaProxy(false)
Run command:
dotnet run --framework net8.0 --configuration Release --no-launch-profile
Environment variables:
ASPNETCORE_ENVIRONMENT=Development
ASPNETCORE_HOSTINGSTARTUPASSEMBLIES=
====================</StdOut>
      </Output>
    </UnitTestResult>
    <UnitTestResult executionId="e312fb17-6b57-4a80-904c-509714de4f14" testId="e490ff0f-804e-81fe-d54a-5987cfe60093" testName="WithAttribute_WithNullValue_ShouldSetEmptyString" computerName="cursor" duration="00:00:00.0001600" startTime="2025-08-11T23:18:45.7894206+00:00" endTime="2025-08-11T23:18:45.7895801+00:00" testType="13cdc9d9-ddb5-4fa4-a97d-d965ccfc6d4b" outcome="Passed" testListId="8c84fa94-04c1-424b-9868-57a2d4851a1d" relativeResultsDirectory="e312fb17-6b57-4a80-904c-509714de4f14" />
    <UnitTestResult executionId="f52512fb-29c5-4560-b57a-1afa43081b3e" testId="f6b53d12-55a1-6cea-cf6b-996b794f8a7d" testName="Select_ShouldCallDriverSelectOption" computerName="cursor" duration="00:00:00.0006120" startTime="2025-08-11T23:18:45.8294553+00:00" endTime="2025-08-11T23:18:45.8300669+00:00" testType="13cdc9d9-ddb5-4fa4-a97d-d965ccfc6d4b" outcome="Passed" testListId="8c84fa94-04c1-424b-9868-57a2d4851a1d" relativeResultsDirectory="f52512fb-29c5-4560-b57a-1afa43081b3e" />
    <UnitTestResult executionId="8604a9e6-2e2d-4f0b-850a-4d4277fb6f35" testId="894f94b1-efcc-7bbe-43c4-5aa998a01fba" testName="SetServerSpecificEnvironmentVariables_AspNetCore_SetsAspNetCoreUrls" computerName="cursor" duration="00:00:00.0003020" startTime="2025-08-11T23:18:45.7485420+00:00" endTime="2025-08-11T23:18:45.7488439+00:00" testType="13cdc9d9-ddb5-4fa4-a97d-d965ccfc6d4b" outcome="Passed" testListId="8c84fa94-04c1-424b-9868-57a2d4851a1d" relativeResultsDirectory="8604a9e6-2e2d-4f0b-850a-4d4277fb6f35" />
    <UnitTestResult executionId="4f5ba8cb-6d35-4a7a-9d58-1516fc702998" testId="4d36eff3-cb8c-cc2b-ae0a-7341e46f417f" testName="Constructor_WithNullOptions_ThrowsArgumentNullException" computerName="cursor" duration="00:00:00.0001710" startTime="2025-08-11T23:18:45.8429840+00:00" endTime="2025-08-11T23:18:45.8431550+00:00" testType="13cdc9d9-ddb5-4fa4-a97d-d965ccfc6d4b" outcome="Passed" testListId="8c84fa94-04c1-424b-9868-57a2d4851a1d" relativeResultsDirectory="4f5ba8cb-6d35-4a7a-9d58-1516fc702998" />
    <UnitTestResult executionId="691d2fc7-7982-42ae-aaed-22b27211f40f" testId="fab6990d-3c1c-2c65-5826-c4e429096956" testName="GetOrCreateElement_WithEmptyKey_ShouldThrowArgumentException" computerName="cursor" duration="00:00:00.0001010" startTime="2025-08-11T23:18:45.8184178+00:00" endTime="2025-08-11T23:18:45.8185191+00:00" testType="13cdc9d9-ddb5-4fa4-a97d-d965ccfc6d4b" outcome="Passed" testListId="8c84fa94-04c1-424b-9868-57a2d4851a1d" relativeResultsDirectory="691d2fc7-7982-42ae-aaed-22b27211f40f" />
    <UnitTestResult executionId="ab3cb59f-4819-4386-8384-6b1b31e8be9e" testId="dd2018e8-67f8-175b-29d6-c073c16953d1" testName="Constructor_WithValidElements_ShouldInitializeCollection" computerName="cursor" duration="00:00:00.0009600" startTime="2025-08-11T23:18:45.8015411+00:00" endTime="2025-08-11T23:18:45.8025005+00:00" testType="13cdc9d9-ddb5-4fa4-a97d-d965ccfc6d4b" outcome="Passed" testListId="8c84fa94-04c1-424b-9868-57a2d4851a1d" relativeResultsDirectory="ab3cb59f-4819-4386-8384-6b1b31e8be9e" />
    <UnitTestResult executionId="09d98020-0ee6-47cd-a839-6ed21848e75f" testId="c6b038af-0bc0-b632-00c4-3ef8ea29ed6e" testName="RemoveFromCache_WithExistingKey_ShouldRemoveElement" computerName="cursor" duration="00:00:00.0001410" startTime="2025-08-11T23:18:45.8201805+00:00" endTime="2025-08-11T23:18:45.8203213+00:00" testType="13cdc9d9-ddb5-4fa4-a97d-d965ccfc6d4b" outcome="Passed" testListId="8c84fa94-04c1-424b-9868-57a2d4851a1d" relativeResultsDirectory="09d98020-0ee6-47cd-a839-6ed21848e75f" />
    <UnitTestResult executionId="82ed4fbf-32ad-4429-a732-d495d0947652" testId="629e7f8f-acc1-6486-7ee3-d596d40e2188" testName="FilterByAttribute_WithCaseInsensitiveMatch_ShouldReturnFilteredCollection" computerName="cursor" duration="00:00:00.0009620" startTime="2025-08-11T23:18:45.8076492+00:00" endTime="2025-08-11T23:18:45.8086111+00:00" testType="13cdc9d9-ddb5-4fa4-a97d-d965ccfc6d4b" outcome="Passed" testListId="8c84fa94-04c1-424b-9868-57a2d4851a1d" relativeResultsDirectory="82ed4fbf-32ad-4429-a732-d495d0947652" />
    <UnitTestResult executionId="dce7c511-c765-43fd-9adc-fe27106f5de3" testId="e08a08af-210e-a1c2-6824-5a7b54cc2338" testName="Constructor_WithNullSelector_ShouldThrowArgumentNullException" computerName="cursor" duration="00:00:00.0003790" startTime="2025-08-11T23:18:45.8241589+00:00" endTime="2025-08-11T23:18:45.8245375+00:00" testType="13cdc9d9-ddb5-4fa4-a97d-d965ccfc6d4b" outcome="Passed" testListId="8c84fa94-04c1-424b-9868-57a2d4851a1d" relativeResultsDirectory="dce7c511-c765-43fd-9adc-fe27106f5de3" />
    <UnitTestResult executionId="4244e21c-0344-4d1d-bdc7-ce3b5f017710" testId="5c65ae72-bd3b-fa7d-0bed-249316c4e40e" testName="ElementIsVisible_Negative_Throws" computerName="cursor" duration="00:00:00.0003140" startTime="2025-08-11T23:18:46.0242443+00:00" endTime="2025-08-11T23:18:46.0245584+00:00" testType="13cdc9d9-ddb5-4fa4-a97d-d965ccfc6d4b" outcome="Passed" testListId="8c84fa94-04c1-424b-9868-57a2d4851a1d" relativeResultsDirectory="4244e21c-0344-4d1d-bdc7-ce3b5f017710" />
    <UnitTestResult executionId="fe235b61-53d7-409b-9087-b12912e7f372" testId="ab102e48-216b-a6e1-6a1e-ce5492770c81" testName="ValidatePlugins_WithInvalidPlugin_ThrowsPluginException" computerName="cursor" duration="00:00:00.0005840" startTime="2025-08-11T23:18:46.0040066+00:00" endTime="2025-08-11T23:18:46.0045900+00:00" testType="13cdc9d9-ddb5-4fa4-a97d-d965ccfc6d4b" outcome="Passed" testListId="8c84fa94-04c1-424b-9868-57a2d4851a1d" relativeResultsDirectory="fe235b61-53d7-409b-9087-b12912e7f372" />
    <UnitTestResult executionId="d71e7204-257a-4839-9686-bdd222ace29a" testId="a5af218b-8bb2-00fd-6d22-0e1ead0c9ffa" testName="FilterOutputByPort_MatchesCorrectLines" computerName="cursor" duration="00:00:00.0082420" startTime="2025-08-11T23:18:46.0053908+00:00" endTime="2025-08-11T23:18:46.0136325+00:00" testType="13cdc9d9-ddb5-4fa4-a97d-d965ccfc6d4b" outcome="Passed" testListId="8c84fa94-04c1-424b-9868-57a2d4851a1d" relativeResultsDirectory="d71e7204-257a-4839-9686-bdd222ace29a" />
    <UnitTestResult executionId="c8dfac39-cb47-48d3-becb-ad268a6e35de" testId="28f45f08-f929-d021-87bf-ac7bea3175f6" testName="WithWebServerProjectPath_WithNullPath_Removed" computerName="cursor" duration="00:00:00.0001320" startTime="2025-08-11T23:18:45.8627049+00:00" endTime="2025-08-11T23:18:45.8628365+00:00" testType="13cdc9d9-ddb5-4fa4-a97d-d965ccfc6d4b" outcome="Passed" testListId="8c84fa94-04c1-424b-9868-57a2d4851a1d" relativeResultsDirectory="c8dfac39-cb47-48d3-becb-ad268a6e35de">
      <Output>
        <StdOut>Removed</StdOut>
      </Output>
    </UnitTestResult>
    <UnitTestResult executionId="1851156f-391a-41c6-8ed5-8655f3d76393" testId="2ac82e10-080e-2b5b-2d3d-5685bb444717" testName="SetServerSpecificEnvironmentVariables_Aspire_DoesNotOverrideAspNetCoreUrls" computerName="cursor" duration="00:00:00.0004320" startTime="2025-08-11T23:18:45.7480950+00:00" endTime="2025-08-11T23:18:45.7485266+00:00" testType="13cdc9d9-ddb5-4fa4-a97d-d965ccfc6d4b" outcome="Passed" testListId="8c84fa94-04c1-424b-9868-57a2d4851a1d" relativeResultsDirectory="1851156f-391a-41c6-8ed5-8655f3d76393" />
    <UnitTestResult executionId="a1140fdc-b3b5-4030-a430-58db9fca6f1f" testId="81e079e2-a64d-8756-a3ef-6eaca54001f6" testName="WaitForServerReady_Succeeds_WhenHealthy" computerName="cursor" duration="00:00:00.0824460" startTime="2025-08-11T23:18:41.5433923+00:00" endTime="2025-08-11T23:18:41.6258075+00:00" testType="13cdc9d9-ddb5-4fa4-a97d-d965ccfc6d4b" outcome="Passed" testListId="8c84fa94-04c1-424b-9868-57a2d4851a1d" relativeResultsDirectory="a1140fdc-b3b5-4030-a430-58db9fca6f1f" />
    <UnitTestResult executionId="82624979-9c36-43e0-b2d0-9c73c7fac314" testId="f2c0b89c-869a-b8e1-4f97-bcdc75425150" testName="FilterByText_WithMatchingText_ShouldReturnFilteredCollection" computerName="cursor" duration="00:00:00.0002650" startTime="2025-08-11T23:18:45.8110350+00:00" endTime="2025-08-11T23:18:45.8113002+00:00" testType="13cdc9d9-ddb5-4fa4-a97d-d965ccfc6d4b" outcome="Passed" testListId="8c84fa94-04c1-424b-9868-57a2d4851a1d" relativeResultsDirectory="82624979-9c36-43e0-b2d0-9c73c7fac314" />
    <UnitTestResult executionId="28835f4f-80a7-46bb-9d0a-d7bd38d7aeb4" testId="0b4fc99c-eb06-94b0-bab6-1d7f1e79217a" testName="WithCustomWait_WithNullCondition_ShouldThrowArgumentNullException" computerName="cursor" duration="00:00:00.0002160" startTime="2025-08-11T23:18:45.7898783+00:00" endTime="2025-08-11T23:18:45.7900938+00:00" testType="13cdc9d9-ddb5-4fa4-a97d-d965ccfc6d4b" outcome="Passed" testListId="8c84fa94-04c1-424b-9868-57a2d4851a1d" relativeResultsDirectory="28835f4f-80a7-46bb-9d0a-d7bd38d7aeb4" />
    <UnitTestResult executionId="14231563-165a-4aac-986c-4ff22e0a6064" testId="9878c4ec-2f1a-e8e4-b5a4-d9a2cba55d4b" testName="WithAttribute_WithEmptyName_ShouldThrowArgumentException" computerName="cursor" duration="00:00:00.0002509" startTime="2025-08-11T23:18:45.7889607+00:00" endTime="2025-08-11T23:18:45.7892119+00:00" testType="13cdc9d9-ddb5-4fa4-a97d-d965ccfc6d4b" outcome="Passed" testListId="8c84fa94-04c1-424b-9868-57a2d4851a1d" relativeResultsDirectory="14231563-165a-4aac-986c-4ff22e0a6064" />
    <UnitTestResult executionId="4f86d6e1-781b-4764-9233-a1c6e45f1c4d" testId="f02c83be-628b-c901-c0e0-b0c07da04720" testName="GetLauncher_WithUnregisteredServerType_ThrowsException" computerName="cursor" duration="00:00:00.0002760" startTime="2025-08-11T23:18:46.0217290+00:00" endTime="2025-08-11T23:18:46.0220045+00:00" testType="13cdc9d9-ddb5-4fa4-a97d-d965ccfc6d4b" outcome="Passed" testListId="8c84fa94-04c1-424b-9868-57a2d4851a1d" relativeResultsDirectory="4f86d6e1-781b-4764-9233-a1c6e45f1c4d" />
    <UnitTestResult executionId="91fe3874-72ca-4515-9587-216e00add435" testId="24920700-cbf0-845b-81d7-78958082ce63" testName="RegisterLauncher_WithValidLauncher_RegistersSuccessfully" computerName="cursor" duration="00:00:00.0002240" startTime="2025-08-11T23:18:46.0223487+00:00" endTime="2025-08-11T23:18:46.0225725+00:00" testType="13cdc9d9-ddb5-4fa4-a97d-d965ccfc6d4b" outcome="Passed" testListId="8c84fa94-04c1-424b-9868-57a2d4851a1d" relativeResultsDirectory="91fe3874-72ca-4515-9587-216e00add435" />
    <UnitTestResult executionId="81598f00-36d1-4fc6-b249-6606dc425971" testId="1dbd60f0-8bf8-0e06-1bea-3397a47d2afd" testName="HeadlessMode_WithValidValue_SetsHeadlessMode" computerName="cursor" duration="00:00:00.0001930" startTime="2025-08-11T23:18:45.9911153+00:00" endTime="2025-08-11T23:18:45.9913084+00:00" testType="13cdc9d9-ddb5-4fa4-a97d-d965ccfc6d4b" outcome="Passed" testListId="8c84fa94-04c1-424b-9868-57a2d4851a1d" relativeResultsDirectory="81598f00-36d1-4fc6-b249-6606dc425971" />
    <UnitTestResult executionId="592fc00a-ec68-44f5-8255-e0a4196e86fc" testId="6112ca55-caad-863b-bca3-e844e296c7b3" testName="CreateElement_WithValidSelector_ShouldReturnElement" computerName="cursor" duration="00:00:00.0000790" startTime="2025-08-11T23:18:45.8183286+00:00" endTime="2025-08-11T23:18:45.8184071+00:00" testType="13cdc9d9-ddb5-4fa4-a97d-d965ccfc6d4b" outcome="Passed" testListId="8c84fa94-04c1-424b-9868-57a2d4851a1d" relativeResultsDirectory="592fc00a-ec68-44f5-8255-e0a4196e86fc" />
    <UnitTestResult executionId="e0e22e36-efaa-42d1-87fc-4ba8692e35e7" testId="6bd0c540-38a9-699a-6e83-30afb294a184" testName="Constructor_WithNullOptions_ThrowsException" computerName="cursor" duration="00:00:00.0009300" startTime="2025-08-11T23:18:45.8634915+00:00" endTime="2025-08-11T23:18:45.8644217+00:00" testType="13cdc9d9-ddb5-4fa4-a97d-d965ccfc6d4b" outcome="Passed" testListId="8c84fa94-04c1-424b-9868-57a2d4851a1d" relativeResultsDirectory="e0e22e36-efaa-42d1-87fc-4ba8692e35e7" />
    <UnitTestResult executionId="3ac0182e-3879-4c02-be56-526821664926" testId="0f9f915d-f9f9-434c-81bb-640e07bacad2" testName="Constructor_WithValidParameters_ShouldInitializeFactory" computerName="cursor" duration="00:00:00.0000810" startTime="2025-08-11T23:18:45.8174045+00:00" endTime="2025-08-11T23:18:45.8174854+00:00" testType="13cdc9d9-ddb5-4fa4-a97d-d965ccfc6d4b" outcome="Passed" testListId="8c84fa94-04c1-424b-9868-57a2d4851a1d" relativeResultsDirectory="3ac0182e-3879-4c02-be56-526821664926" />
    <UnitTestResult executionId="22fc9b61-a1ed-426a-a7bb-51cd0f2fac4a" testId="0c1cd9e9-2bf5-8e4c-5cc4-d59debbae135" testName="ElementIsEnabled_PositiveAndNegative" computerName="cursor" duration="00:00:00.0005370" startTime="2025-08-11T23:18:46.0236914+00:00" endTime="2025-08-11T23:18:46.0242284+00:00" testType="13cdc9d9-ddb5-4fa4-a97d-d965ccfc6d4b" outcome="Passed" testListId="8c84fa94-04c1-424b-9868-57a2d4851a1d" relativeResultsDirectory="22fc9b61-a1ed-426a-a7bb-51cd0f2fac4a" />
    <UnitTestResult executionId="460892db-93e2-4157-9cf2-cc28b0e860a3" testId="95cf8d21-caaa-bf90-a4bb-f43f9e880ae1" testName="IsDisplayed_ShouldReturnIsVisibleResult" computerName="cursor" duration="00:00:00.0010250" startTime="2025-08-11T23:18:45.8273819+00:00" endTime="2025-08-11T23:18:45.8284068+00:00" testType="13cdc9d9-ddb5-4fa4-a97d-d965ccfc6d4b" outcome="Passed" testListId="8c84fa94-04c1-424b-9868-57a2d4851a1d" relativeResultsDirectory="460892db-93e2-4157-9cf2-cc28b0e860a3" />
    <UnitTestResult executionId="f8dc006f-fd2a-4987-80a7-51810442ffa1" testId="869c75f3-f0d3-ccd1-94b9-b347ceeefe6e" testName="CreateConfigurationWithDetection_WithValidParameters_ReturnsConfiguration" computerName="cursor" duration="00:00:00.0014560" startTime="2025-08-11T23:18:46.0202521+00:00" endTime="2025-08-11T23:18:46.0217079+00:00" testType="13cdc9d9-ddb5-4fa4-a97d-d965ccfc6d4b" outcome="Passed" testListId="8c84fa94-04c1-424b-9868-57a2d4851a1d" relativeResultsDirectory="f8dc006f-fd2a-4987-80a7-51810442ffa1" />
    <UnitTestResult executionId="c7cb4c39-3457-4290-93ff-e263c8d6a5e8" testId="d2d2e102-f707-129a-9483-a3a753e80312" testName="FilterOutputByPort_EmptyOutput_ReturnsEmpty" computerName="cursor" duration="00:00:00.0002799" startTime="2025-08-11T23:18:46.0051019+00:00" endTime="2025-08-11T23:18:46.0053814+00:00" testType="13cdc9d9-ddb5-4fa4-a97d-d965ccfc6d4b" outcome="Passed" testListId="8c84fa94-04c1-424b-9868-57a2d4851a1d" relativeResultsDirectory="c7cb4c39-3457-4290-93ff-e263c8d6a5e8" />
    <UnitTestResult executionId="af651fb0-dfc8-43f2-a1be-9b8280aa910e" testId="d9c1e874-b98e-f314-cfca-82dd9dc7660b" testName="DetectProjectPath_InGitRepo_FindsProjectInSrc" computerName="cursor" duration="00:00:00.0019140" startTime="2025-08-11T23:18:45.9932093+00:00" endTime="2025-08-11T23:18:45.9951229+00:00" testType="13cdc9d9-ddb5-4fa4-a97d-d965ccfc6d4b" outcome="Passed" testListId="8c84fa94-04c1-424b-9868-57a2d4851a1d" relativeResultsDirectory="af651fb0-dfc8-43f2-a1be-9b8280aa910e" />
    <UnitTestResult executionId="3b584c98-0132-4034-b5be-37c9fd2044db" testId="ddff61cf-6c8e-562e-62f7-c9fb5ab0fb05" testName="Constructor_WithValidOptions_CreatesInstance" computerName="cursor" duration="00:00:00.1264630" startTime="2025-08-11T23:18:45.8644523+00:00" endTime="2025-08-11T23:18:45.9909146+00:00" testType="13cdc9d9-ddb5-4fa4-a97d-d965ccfc6d4b" outcome="Passed" testListId="8c84fa94-04c1-424b-9868-57a2d4851a1d" relativeResultsDirectory="3b584c98-0132-4034-b5be-37c9fd2044db">
      <Output>
        <StdOut>PluginRegistry count before seeding: 1
PluginManager count after seeding: 1</StdOut>
      </Output>
    </UnitTestResult>
    <UnitTestResult executionId="5defacb6-d043-43c8-bfda-00bfd96dfb89" testId="eeb41d66-bc8a-3f24-dae1-82048046740c" testName="WithSlowMo_WithNullValue_SetsSlowMoToNull" computerName="cursor" duration="00:00:00.0001940" startTime="2025-08-11T23:18:45.8617053+00:00" endTime="2025-08-11T23:18:45.8618988+00:00" testType="13cdc9d9-ddb5-4fa4-a97d-d965ccfc6d4b" outcome="Passed" testListId="8c84fa94-04c1-424b-9868-57a2d4851a1d" relativeResultsDirectory="5defacb6-d043-43c8-bfda-00bfd96dfb89" />
    <UnitTestResult executionId="d9ab0c8d-f66c-4f66-86d9-2f3b9fa6c269" testId="268d744c-88c8-b894-11b0-d59382621120" testName="Exists_WhenElementExists_ShouldReturnTrue" computerName="cursor" duration="00:00:00.0003230" startTime="2025-08-11T23:18:45.8257834+00:00" endTime="2025-08-11T23:18:45.8261058+00:00" testType="13cdc9d9-ddb5-4fa4-a97d-d965ccfc6d4b" outcome="Passed" testListId="8c84fa94-04c1-424b-9868-57a2d4851a1d" relativeResultsDirectory="d9ab0c8d-f66c-4f66-86d9-2f3b9fa6c269" />
    <UnitTestResult executionId="d931645f-329a-4ae3-a09e-b043e918ac27" testId="6343243c-dfd7-4b0b-0e3c-4021f44a4a0d" testName="WaitFor_WithClickableStrategy_ShouldCallWaitForClickable" computerName="cursor" duration="00:00:00.0003720" startTime="2025-08-11T23:18:45.8305730+00:00" endTime="2025-08-11T23:18:45.8309450+00:00" testType="13cdc9d9-ddb5-4fa4-a97d-d965ccfc6d4b" outcome="Passed" testListId="8c84fa94-04c1-424b-9868-57a2d4851a1d" relativeResultsDirectory="d931645f-329a-4ae3-a09e-b043e918ac27" />
    <UnitTestResult executionId="2357028c-97e1-4580-b85d-e23cd236ad6d" testId="280bec51-23dc-ffba-208c-c20000ad7909" testName="Constructor_WithNullDriver_ShouldThrowArgumentNullException" computerName="cursor" duration="00:00:00.0008490" startTime="2025-08-11T23:18:45.7861450+00:00" endTime="2025-08-11T23:18:45.7869940+00:00" testType="13cdc9d9-ddb5-4fa4-a97d-d965ccfc6d4b" outcome="Passed" testListId="8c84fa94-04c1-424b-9868-57a2d4851a1d" relativeResultsDirectory="2357028c-97e1-4580-b85d-e23cd236ad6d" />
    <UnitTestResult executionId="5758ffbd-4228-45cd-bee5-4914243dda93" testId="aa2ad8c9-644e-352f-745e-635b81ae401d" testName="DetectProjectPath_FromAdditionalPaths_ReturnsPath" computerName="cursor" duration="00:00:00.0024589" startTime="2025-08-11T23:18:45.8363324+00:00" endTime="2025-08-11T23:18:45.8387907+00:00" testType="13cdc9d9-ddb5-4fa4-a97d-d965ccfc6d4b" outcome="Passed" testListId="8c84fa94-04c1-424b-9868-57a2d4851a1d" relativeResultsDirectory="5758ffbd-4228-45cd-bee5-4914243dda93" />
    <UnitTestResult executionId="84c9677e-6b58-4715-ba50-814f838bcadb" testId="bf028da6-1617-4eb8-985e-f133f6495b1c" testName="IsCached_WithNonExistingKey_ShouldReturnFalse" computerName="cursor" duration="00:00:00.0000830" startTime="2025-08-11T23:18:45.8193417+00:00" endTime="2025-08-11T23:18:45.8194250+00:00" testType="13cdc9d9-ddb5-4fa4-a97d-d965ccfc6d4b" outcome="Passed" testListId="8c84fa94-04c1-424b-9868-57a2d4851a1d" relativeResultsDirectory="84c9677e-6b58-4715-ba50-814f838bcadb" />
    <UnitTestResult executionId="fa112ecb-7ec4-4e35-8fc6-e65e7e3ee70d" testId="6b94290b-4ed9-8c2a-b695-d80186249086" testName="Builder_SetsNodeEnvAndPort_FromFluentMethods" computerName="cursor" duration="00:00:00.0001990" startTime="2025-08-11T23:18:45.9977560+00:00" endTime="2025-08-11T23:18:45.9979547+00:00" testType="13cdc9d9-ddb5-4fa4-a97d-d965ccfc6d4b" outcome="Passed" testListId="8c84fa94-04c1-424b-9868-57a2d4851a1d" relativeResultsDirectory="fa112ecb-7ec4-4e35-8fc6-e65e7e3ee70d" />
    <UnitTestResult executionId="10e16cc0-b2bb-47c7-987c-790276dda178" testId="46930332-f66d-a8f0-6df4-449ab0a9cd10" testName="Indexer_WithNegativeIndex_ShouldThrowArgumentOutOfRangeException" computerName="cursor" duration="00:00:00.0002380" startTime="2025-08-11T23:18:45.8144167+00:00" endTime="2025-08-11T23:18:45.8146543+00:00" testType="13cdc9d9-ddb5-4fa4-a97d-d965ccfc6d4b" outcome="Passed" testListId="8c84fa94-04c1-424b-9868-57a2d4851a1d" relativeResultsDirectory="10e16cc0-b2bb-47c7-987c-790276dda178" />
    <UnitTestResult executionId="288cc57d-a8cc-4056-82db-78b042753568" testId="0c9cdc29-691b-c84f-d982-5575012bff55" testName="IsVisible_ShouldCallDriverIsVisible" computerName="cursor" duration="00:00:00.0003050" startTime="2025-08-11T23:18:45.8291389+00:00" endTime="2025-08-11T23:18:45.8294442+00:00" testType="13cdc9d9-ddb5-4fa4-a97d-d965ccfc6d4b" outcome="Passed" testListId="8c84fa94-04c1-424b-9868-57a2d4851a1d" relativeResultsDirectory="288cc57d-a8cc-4056-82db-78b042753568" />
    <UnitTestResult executionId="4723831c-44e8-443d-a250-311e1ec3d229" testId="bb6d95e1-fe2b-c7f2-f120-8406bb52b03a" testName="WithDefaultWaitTimeout_WithZeroTimeout_ThrowsException" computerName="cursor" duration="00:00:00.0000950" startTime="2025-08-11T23:18:45.8580396+00:00" endTime="2025-08-11T23:18:45.8581344+00:00" testType="13cdc9d9-ddb5-4fa4-a97d-d965ccfc6d4b" outcome="Passed" testListId="8c84fa94-04c1-424b-9868-57a2d4851a1d" relativeResultsDirectory="4723831c-44e8-443d-a250-311e1ec3d229" />
    <UnitTestResult executionId="ba1a19f5-59e6-4d31-bc58-0257f1d081ca" testId="1c0d19b9-1bef-846e-5c51-324c55f41975" testName="Constructor_WithValidParameters_ShouldSetProperties" computerName="cursor" duration="00:00:00.0003340" startTime="2025-08-11T23:18:45.8245518+00:00" endTime="2025-08-11T23:18:45.8248861+00:00" testType="13cdc9d9-ddb5-4fa4-a97d-d965ccfc6d4b" outcome="Passed" testListId="8c84fa94-04c1-424b-9868-57a2d4851a1d" relativeResultsDirectory="ba1a19f5-59e6-4d31-bc58-0257f1d081ca" />
    <UnitTestResult executionId="efcaa63b-1d1d-4f06-b47c-a5e24836784d" testId="a1f4b443-1603-0539-0dc0-d4ce95853134" testName="RegisterElement_WithNullElement_ShouldThrowArgumentNullException" computerName="cursor" duration="00:00:00.0001730" startTime="2025-08-11T23:18:45.8196608+00:00" endTime="2025-08-11T23:18:45.8198337+00:00" testType="13cdc9d9-ddb5-4fa4-a97d-d965ccfc6d4b" outcome="Passed" testListId="8c84fa94-04c1-424b-9868-57a2d4851a1d" relativeResultsDirectory="efcaa63b-1d1d-4f06-b47c-a5e24836784d" />
    <UnitTestResult executionId="b0c4cbd9-878d-42c3-adcf-80a78eea3118" testId="3f49ee74-f47f-14db-402b-a5606f508f18" testName="CreateDriver_WithValidOptions_ReturnsDriver" computerName="cursor" duration="00:00:00.0004010" startTime="2025-08-11T23:18:46.0019734+00:00" endTime="2025-08-11T23:18:46.0023742+00:00" testType="13cdc9d9-ddb5-4fa4-a97d-d965ccfc6d4b" outcome="Passed" testListId="8c84fa94-04c1-424b-9868-57a2d4851a1d" relativeResultsDirectory="b0c4cbd9-878d-42c3-adcf-80a78eea3118" />
    <UnitTestResult executionId="02144ed9-0dd1-49bb-b8d4-9c7451345ba5" testId="38f64a32-373c-d336-108a-9833491623db" testName="CreateElement_WithConfiguration_ShouldReturnConfiguredElement" computerName="cursor" duration="00:00:00.0004130" startTime="2025-08-11T23:18:45.8174910+00:00" endTime="2025-08-11T23:18:45.8179036+00:00" testType="13cdc9d9-ddb5-4fa4-a97d-d965ccfc6d4b" outcome="Passed" testListId="8c84fa94-04c1-424b-9868-57a2d4851a1d" relativeResultsDirectory="02144ed9-0dd1-49bb-b8d4-9c7451345ba5" />
    <UnitTestResult executionId="932dab2d-30ff-46d1-abc8-82aea832c71d" testId="121b3ea7-a273-e796-8c2e-1aff78536d24" testName="Click_ShouldCallDriverClick" computerName="cursor" duration="00:00:00.0036480" startTime="2025-08-11T23:18:45.8204910+00:00" endTime="2025-08-11T23:18:45.8241384+00:00" testType="13cdc9d9-ddb5-4fa4-a97d-d965ccfc6d4b" outcome="Passed" testListId="8c84fa94-04c1-424b-9868-57a2d4851a1d" relativeResultsDirectory="932dab2d-30ff-46d1-abc8-82aea832c71d" />
    <UnitTestResult executionId="4c47ab67-f238-4db4-ae2d-6cd2bd138097" testId="2ea41be2-ee63-3a11-0613-d95c2f91bed0" testName="Placeholder_NoOp_ToMaintainTestStructure" computerName="cursor" duration="00:00:00.0140750" startTime="2025-08-11T23:18:45.8431606+00:00" endTime="2025-08-11T23:18:45.8572355+00:00" testType="13cdc9d9-ddb5-4fa4-a97d-d965ccfc6d4b" outcome="Passed" testListId="8c84fa94-04c1-424b-9868-57a2d4851a1d" relativeResultsDirectory="4c47ab67-f238-4db4-ae2d-6cd2bd138097" />
    <UnitTestResult executionId="145e1403-ffbe-4953-9d67-b2127f498dcc" testId="c48c7a66-1a74-12aa-2595-2e164ad6c470" testName="DotNet_CustomArguments_AreAppended" computerName="cursor" duration="00:00:00.0000960" startTime="2025-08-11T23:18:46.0173815+00:00" endTime="2025-08-11T23:18:46.0174773+00:00" testType="13cdc9d9-ddb5-4fa4-a97d-d965ccfc6d4b" outcome="Passed" testListId="8c84fa94-04c1-424b-9868-57a2d4851a1d" relativeResultsDirectory="145e1403-ffbe-4953-9d67-b2127f498dcc" />
    <UnitTestResult executionId="babb79aa-fe0d-4f1a-a3a4-ae6ddbcce29f" testId="0d8a6f68-b892-8208-9f84-b0a607e9693d" testName="Filter_WithNullPredicate_ShouldThrowArgumentNullException" computerName="cursor" duration="00:00:00.0004450" startTime="2025-08-11T23:18:45.8065652+00:00" endTime="2025-08-11T23:18:45.8070104+00:00" testType="13cdc9d9-ddb5-4fa4-a97d-d965ccfc6d4b" outcome="Passed" testListId="8c84fa94-04c1-424b-9868-57a2d4851a1d" relativeResultsDirectory="babb79aa-fe0d-4f1a-a3a4-ae6ddbcce29f" />
    <UnitTestResult executionId="80e0e15c-555d-474b-acf9-f17e74046bae" testId="7fb7363f-268a-d980-fb84-31f8b492a262" testName="FirstOrDefault_WithEmptyCollection_ShouldReturnNull" computerName="cursor" duration="00:00:00.0002110" startTime="2025-08-11T23:18:45.8121261+00:00" endTime="2025-08-11T23:18:45.8123373+00:00" testType="13cdc9d9-ddb5-4fa4-a97d-d965ccfc6d4b" outcome="Passed" testListId="8c84fa94-04c1-424b-9868-57a2d4851a1d" relativeResultsDirectory="80e0e15c-555d-474b-acf9-f17e74046bae" />
    <UnitTestResult executionId="493211d8-ce02-4b3e-9f8e-0585fe5c885f" testId="11c6e8b9-63df-e19b-bf9f-452e7d9c0dd7" testName="WithBaseUrl_WithNullUrl_ThrowsException" computerName="cursor" duration="00:00:00.0002340" startTime="2025-08-11T23:18:45.8572696+00:00" endTime="2025-08-11T23:18:45.8575038+00:00" testType="13cdc9d9-ddb5-4fa4-a97d-d965ccfc6d4b" outcome="Passed" testListId="8c84fa94-04c1-424b-9868-57a2d4851a1d" relativeResultsDirectory="493211d8-ce02-4b3e-9f8e-0585fe5c885f" />
    <UnitTestResult executionId="35cdb234-a6bd-4476-9ee9-351e2480b81d" testId="c288cdf5-4c17-bd42-bf19-8d1a299a2747" testName="LastOrDefault_WithEmptyCollection_ShouldReturnNull" computerName="cursor" duration="00:00:00.0001960" startTime="2025-08-11T23:18:45.8154235+00:00" endTime="2025-08-11T23:18:45.8156199+00:00" testType="13cdc9d9-ddb5-4fa4-a97d-d965ccfc6d4b" outcome="Passed" testListId="8c84fa94-04c1-424b-9868-57a2d4851a1d" relativeResultsDirectory="35cdb234-a6bd-4476-9ee9-351e2480b81d" />
    <UnitTestResult executionId="deab9b22-9e33-4dad-8c0d-b9adebc36656" testId="677131f5-8f9b-a5d7-51f3-8830f5479d4d" testName="WithHeadlessMode_WithNullValue_SetsHeadlessModeToNull" computerName="cursor" duration="00:00:00.0001190" startTime="2025-08-11T23:18:45.8604842+00:00" endTime="2025-08-11T23:18:45.8606032+00:00" testType="13cdc9d9-ddb5-4fa4-a97d-d965ccfc6d4b" outcome="Passed" testListId="8c84fa94-04c1-424b-9868-57a2d4851a1d" relativeResultsDirectory="deab9b22-9e33-4dad-8c0d-b9adebc36656" />
    <UnitTestResult executionId="05e1830b-c0b1-4b9c-9d4d-5b91ba5f5aad" testId="85b3a0e0-be33-c2c1-998a-6dc53854bf16" testName="WaitFor_WithVisibleStrategy_ShouldCallWaitForVisible" computerName="cursor" duration="00:00:00.0003700" startTime="2025-08-11T23:18:45.8354017+00:00" endTime="2025-08-11T23:18:45.8357710+00:00" testType="13cdc9d9-ddb5-4fa4-a97d-d965ccfc6d4b" outcome="Passed" testListId="8c84fa94-04c1-424b-9868-57a2d4851a1d" relativeResultsDirectory="05e1830b-c0b1-4b9c-9d4d-5b91ba5f5aad" />
    <UnitTestResult executionId="366657ee-085a-400d-8bf5-a39f60365eb6" testId="ecd11cad-395d-4d5e-d9ae-03e7b8295be8" testName="WithAttribute_ShouldAddAttribute" computerName="cursor" duration="00:00:00.0002720" startTime="2025-08-11T23:18:45.7886749+00:00" endTime="2025-08-11T23:18:45.7889465+00:00" testType="13cdc9d9-ddb5-4fa4-a97d-d965ccfc6d4b" outcome="Passed" testListId="8c84fa94-04c1-424b-9868-57a2d4851a1d" relativeResultsDirectory="366657ee-085a-400d-8bf5-a39f60365eb6" />
    <UnitTestResult executionId="aa56e520-033f-4558-b548-a0041cff26a3" testId="a8ade4ba-35e4-f1b1-b29c-1221576ebc2c" testName="WithDefaultWaitTimeout_WithNegativeTimeout_ThrowsException" computerName="cursor" duration="00:00:00.0001760" startTime="2025-08-11T23:18:45.8577156+00:00" endTime="2025-08-11T23:18:45.8578917+00:00" testType="13cdc9d9-ddb5-4fa4-a97d-d965ccfc6d4b" outcome="Passed" testListId="8c84fa94-04c1-424b-9868-57a2d4851a1d" relativeResultsDirectory="aa56e520-033f-4558-b548-a0041cff26a3" />
    <UnitTestResult executionId="73bbe7d8-9e26-4cf2-827d-4ca8888e4763" testId="2d7af110-a47a-3498-5f06-ff20a980bae8" testName="Constructor_WithValidParameters_ShouldInitializeWithDefaultValues" computerName="cursor" duration="00:00:00.0003170" startTime="2025-08-11T23:18:45.7879184+00:00" endTime="2025-08-11T23:18:45.7882357+00:00" testType="13cdc9d9-ddb5-4fa4-a97d-d965ccfc6d4b" outcome="Passed" testListId="8c84fa94-04c1-424b-9868-57a2d4851a1d" relativeResultsDirectory="73bbe7d8-9e26-4cf2-827d-4ca8888e4763" />
    <UnitTestResult executionId="b5d18833-e0fe-4f3d-bace-b1726e7d12de" testId="0f9360de-cd99-435c-c549-ccd3fe79a633" testName="WebServerProjectPath_Removed_FromOptions" computerName="cursor" duration="00:00:00.0001750" startTime="2025-08-11T23:18:45.9920477+00:00" endTime="2025-08-11T23:18:45.9922228+00:00" testType="13cdc9d9-ddb5-4fa4-a97d-d965ccfc6d4b" outcome="Passed" testListId="8c84fa94-04c1-424b-9868-57a2d4851a1d" relativeResultsDirectory="b5d18833-e0fe-4f3d-bace-b1726e7d12de">
      <Output>
        <StdOut>Server project path removed from options; managed by WebServerManager</StdOut>
      </Output>
    </UnitTestResult>
    <UnitTestResult executionId="96e75174-f6ee-4cdd-b810-a5150397ba6d" testId="44803fba-616e-b64e-f070-676eb27c9592" testName="Type_ShouldCallDriverType" computerName="cursor" duration="00:00:00.0004730" startTime="2025-08-11T23:18:45.8300857+00:00" endTime="2025-08-11T23:18:45.8305585+00:00" testType="13cdc9d9-ddb5-4fa4-a97d-d965ccfc6d4b" outcome="Passed" testListId="8c84fa94-04c1-424b-9868-57a2d4851a1d" relativeResultsDirectory="96e75174-f6ee-4cdd-b810-a5150397ba6d" />
    <UnitTestResult executionId="230fa855-aa05-47db-8f60-8e4f80ced5f7" testId="6c726527-cdae-6f0e-e424-af9055e97f92" testName="HeadlessMode_WithNullValue_SetsHeadlessModeToNull" computerName="cursor" duration="00:00:00.0001650" startTime="2025-08-11T23:18:45.9909428+00:00" endTime="2025-08-11T23:18:45.9911081+00:00" testType="13cdc9d9-ddb5-4fa4-a97d-d965ccfc6d4b" outcome="Passed" testListId="8c84fa94-04c1-424b-9868-57a2d4851a1d" relativeResultsDirectory="230fa855-aa05-47db-8f60-8e4f80ced5f7" />
    <UnitTestResult executionId="09b3ad26-b245-4af0-ba5c-46e3172fc2a7" testId="5ecd0d47-634a-f5a5-e7c4-807c1c8c5935" testName="WithSlowMo_WithZeroValue_SetsSlowMoToZero" computerName="cursor" duration="00:00:00.0002999" startTime="2025-08-11T23:18:45.8620429+00:00" endTime="2025-08-11T23:18:45.8623426+00:00" testType="13cdc9d9-ddb5-4fa4-a97d-d965ccfc6d4b" outcome="Passed" testListId="8c84fa94-04c1-424b-9868-57a2d4851a1d" relativeResultsDirectory="09b3ad26-b245-4af0-ba5c-46e3172fc2a7" />
    <UnitTestResult executionId="92cc5e97-9a3d-443d-ad03-4474a7257a77" testId="12ff9ff8-18aa-7b6e-4922-4d2923a6060b" testName="RegisterPlugin_WithValidPluginInstance_RegistersPlugin" computerName="cursor" duration="00:00:00.0003720" startTime="2025-08-11T23:18:46.0034414+00:00" endTime="2025-08-11T23:18:46.0038132+00:00" testType="13cdc9d9-ddb5-4fa4-a97d-d965ccfc6d4b" outcome="Passed" testListId="8c84fa94-04c1-424b-9868-57a2d4851a1d" relativeResultsDirectory="92cc5e97-9a3d-443d-ad03-4474a7257a77" />
    <UnitTestResult executionId="a224cb8a-f488-41d5-b103-4902feb9c9d6" testId="8ca40265-bff9-35e5-4c05-5311e5fae258" testName="DetectProjectPath_FromEnvironmentVariable_ReturnsPath" computerName="cursor" duration="00:00:00.0004120" startTime="2025-08-11T23:18:45.8398002+00:00" endTime="2025-08-11T23:18:45.8402115+00:00" testType="13cdc9d9-ddb5-4fa4-a97d-d965ccfc6d4b" outcome="Passed" testListId="8c84fa94-04c1-424b-9868-57a2d4851a1d" relativeResultsDirectory="a224cb8a-f488-41d5-b103-4902feb9c9d6" />
    <UnitTestResult executionId="090e5acd-8845-4d72-9d12-c89d248aa927" testId="c3234fde-006b-d3a0-c6d3-0d9f12720c48" testName="TitleContains_PositiveAndNegative" computerName="cursor" duration="00:00:00.0005730" startTime="2025-08-11T23:18:46.0256402+00:00" endTime="2025-08-11T23:18:46.0262134+00:00" testType="13cdc9d9-ddb5-4fa4-a97d-d965ccfc6d4b" outcome="Passed" testListId="8c84fa94-04c1-424b-9868-57a2d4851a1d" relativeResultsDirectory="090e5acd-8845-4d72-9d12-c89d248aa927" />
    <UnitTestResult executionId="a166f898-4475-4df6-a94a-5960812a02e2" testId="8ae62a86-1c76-a105-6718-7582f48ad523" testName="WithRetryInterval_ShouldSetRetryInterval" computerName="cursor" duration="00:00:00.0001220" startTime="2025-08-11T23:18:45.7903895+00:00" endTime="2025-08-11T23:18:45.7905117+00:00" testType="13cdc9d9-ddb5-4fa4-a97d-d965ccfc6d4b" outcome="Passed" testListId="8c84fa94-04c1-424b-9868-57a2d4851a1d" relativeResultsDirectory="a166f898-4475-4df6-a94a-5960812a02e2" />
    <UnitTestResult executionId="25591eea-3d2c-493c-8612-e33a7b2f55ac" testId="1c8b7bab-7237-42e0-5fb5-c55615089994" testName="RegisterElement_WithValidParameters_ShouldCacheElement" computerName="cursor" duration="00:00:00.0001180" startTime="2025-08-11T23:18:45.8200572+00:00" endTime="2025-08-11T23:18:45.8201748+00:00" testType="13cdc9d9-ddb5-4fa4-a97d-d965ccfc6d4b" outcome="Passed" testListId="8c84fa94-04c1-424b-9868-57a2d4851a1d" relativeResultsDirectory="25591eea-3d2c-493c-8612-e33a7b2f55ac" />
    <UnitTestResult executionId="bc25d05e-1be6-402f-9951-df5ba4f7d043" testId="d9747d07-b571-8346-80a3-fe62a8b92e46" testName="WithWebServerProjectPath_IsRemoved_FromBuilder" computerName="cursor" duration="00:00:00.0002070" startTime="2025-08-11T23:18:45.8623568+00:00" endTime="2025-08-11T23:18:45.8625642+00:00" testType="13cdc9d9-ddb5-4fa4-a97d-d965ccfc6d4b" outcome="Passed" testListId="8c84fa94-04c1-424b-9868-57a2d4851a1d" relativeResultsDirectory="bc25d05e-1be6-402f-9951-df5ba4f7d043">
      <Output>
        <StdOut>Server config APIs removed from options builder; managed by WebServerManager</StdOut>
      </Output>
    </UnitTestResult>
    <UnitTestResult executionId="f4cc7b85-1d99-4a20-9a05-eac8cf6c864a" testId="c3694fbe-f799-3b5e-9ff5-0d754eb65db7" testName="FilterByAttribute_WithNullAttributeName_ShouldThrowArgumentException" computerName="cursor" duration="00:00:00.0003180" startTime="2025-08-11T23:18:45.8097657+00:00" endTime="2025-08-11T23:18:45.8100835+00:00" testType="13cdc9d9-ddb5-4fa4-a97d-d965ccfc6d4b" outcome="Passed" testListId="8c84fa94-04c1-424b-9868-57a2d4851a1d" relativeResultsDirectory="f4cc7b85-1d99-4a20-9a05-eac8cf6c864a" />
    <UnitTestResult executionId="fd59e7ca-6f13-4754-b212-80a7b283465b" testId="0cc5a016-6448-c184-75cf-5538243062ce" testName="WithServerConfiguration_WithNullConfiguration_Removed" computerName="cursor" duration="00:00:00.0001490" startTime="2025-08-11T23:18:45.8613750+00:00" endTime="2025-08-11T23:18:45.8615236+00:00" testType="13cdc9d9-ddb5-4fa4-a97d-d965ccfc6d4b" outcome="Passed" testListId="8c84fa94-04c1-424b-9868-57a2d4851a1d" relativeResultsDirectory="fd59e7ca-6f13-4754-b212-80a7b283465b">
      <Output>
        <StdOut>Removed</StdOut>
      </Output>
    </UnitTestResult>
    <UnitTestResult executionId="c98e5f6d-1f39-4ada-9fd1-845b6e131f94" testId="9a47f56b-5bfd-fc11-0334-5ee2c89f0d7c" testName="CacheCount_ShouldReturnCorrectCount" computerName="cursor" duration="00:00:00.0005840" startTime="2025-08-11T23:18:45.8159686+00:00" endTime="2025-08-11T23:18:45.8165519+00:00" testType="13cdc9d9-ddb5-4fa4-a97d-d965ccfc6d4b" outcome="Passed" testListId="8c84fa94-04c1-424b-9868-57a2d4851a1d" relativeResultsDirectory="c98e5f6d-1f39-4ada-9fd1-845b6e131f94" />
    <UnitTestResult executionId="bde808b3-50ca-40cd-85b0-d73504f4121b" testId="2c985496-df4a-5947-e2dc-50422705efcf" testName="SlowMo_WithValidValue_SetsSlowMo" computerName="cursor" duration="00:00:00.0001299" startTime="2025-08-11T23:18:45.9919131+00:00" endTime="2025-08-11T23:18:45.9920430+00:00" testType="13cdc9d9-ddb5-4fa4-a97d-d965ccfc6d4b" outcome="Passed" testListId="8c84fa94-04c1-424b-9868-57a2d4851a1d" relativeResultsDirectory="bde808b3-50ca-40cd-85b0-d73504f4121b" />
    <UnitTestResult executionId="ca39dc64-9bc5-467a-9eac-d754db080d06" testId="e78cb7dd-0751-e11c-f830-882cb6a69d14" testName="Constructor_WithNullOptions_ShouldThrowArgumentNullException" computerName="cursor" duration="00:00:00.0001740" startTime="2025-08-11T23:18:45.8172113+00:00" endTime="2025-08-11T23:18:45.8173851+00:00" testType="13cdc9d9-ddb5-4fa4-a97d-d965ccfc6d4b" outcome="Passed" testListId="8c84fa94-04c1-424b-9868-57a2d4851a1d" relativeResultsDirectory="ca39dc64-9bc5-467a-9eac-d754db080d06" />
    <UnitTestResult executionId="1982c319-370b-482a-8ca2-dcef1e1adc01" testId="5b0f8305-1a07-717d-f99d-cd7dc78eb59e" testName="WaitFor_WithUnsupportedStrategy_ShouldThrowArgumentException" computerName="cursor" duration="00:00:00.0011160" startTime="2025-08-11T23:18:45.8342651+00:00" endTime="2025-08-11T23:18:45.8353811+00:00" testType="13cdc9d9-ddb5-4fa4-a97d-d965ccfc6d4b" outcome="Passed" testListId="8c84fa94-04c1-424b-9868-57a2d4851a1d" relativeResultsDirectory="1982c319-370b-482a-8ca2-dcef1e1adc01" />
    <UnitTestResult executionId="43624caa-cb39-49e2-80e5-e25079122e32" testId="bf999a1f-994b-fb2b-0916-7df6581792db" testName="FilterByAttribute_WithMatchingAttribute_ShouldReturnFilteredCollection" computerName="cursor" duration="00:00:00.0002960" startTime="2025-08-11T23:18:45.8091599+00:00" endTime="2025-08-11T23:18:45.8094559+00:00" testType="13cdc9d9-ddb5-4fa4-a97d-d965ccfc6d4b" outcome="Passed" testListId="8c84fa94-04c1-424b-9868-57a2d4851a1d" relativeResultsDirectory="43624caa-cb39-49e2-80e5-e25079122e32" />
    <UnitTestResult executionId="c4248e53-c5c2-4715-aff9-f6cf37e7dba1" testId="28f7c59d-b5d1-8620-75b4-446e721774f0" testName="Indexer_WithValidIndex_ShouldReturnElement" computerName="cursor" duration="00:00:00.0002130" startTime="2025-08-11T23:18:45.8146637+00:00" endTime="2025-08-11T23:18:45.8148769+00:00" testType="13cdc9d9-ddb5-4fa4-a97d-d965ccfc6d4b" outcome="Passed" testListId="8c84fa94-04c1-424b-9868-57a2d4851a1d" relativeResultsDirectory="c4248e53-c5c2-4715-aff9-f6cf37e7dba1" />
    <UnitTestResult executionId="73c2f324-4526-459a-9790-e48dd9332c60" testId="3df7fba2-fa8b-3ca7-23f8-eddd788932a9" testName="ElementContainsText_PositiveAndNegative" computerName="cursor" duration="00:00:00.0010039" startTime="2025-08-11T23:18:46.0226674+00:00" endTime="2025-08-11T23:18:46.0236714+00:00" testType="13cdc9d9-ddb5-4fa4-a97d-d965ccfc6d4b" outcome="Passed" testListId="8c84fa94-04c1-424b-9868-57a2d4851a1d" relativeResultsDirectory="73c2f324-4526-459a-9790-e48dd9332c60" />
    <UnitTestResult executionId="e99ef86c-1689-4e11-ac07-b45be0f80584" testId="5f7c4701-d824-4b97-c114-36e1e6a4c33e" testName="UrlMatches_PositiveAndNegative" computerName="cursor" duration="00:00:00.0005040" startTime="2025-08-11T23:18:46.0262293+00:00" endTime="2025-08-11T23:18:46.0267335+00:00" testType="13cdc9d9-ddb5-4fa4-a97d-d965ccfc6d4b" outcome="Passed" testListId="8c84fa94-04c1-424b-9868-57a2d4851a1d" relativeResultsDirectory="e99ef86c-1689-4e11-ac07-b45be0f80584" />
    <UnitTestResult executionId="4782de88-7ff4-4d56-b448-f6f5c424e49e" testId="5fc1ac23-88fa-ea50-bc84-f014c480a778" testName="BuildCommandArguments_UsesFrameworkAndConfiguration_FromBuilder" computerName="cursor" duration="00:00:00.0010920" startTime="2025-08-11T23:18:45.7469810+00:00" endTime="2025-08-11T23:18:45.7480726+00:00" testType="13cdc9d9-ddb5-4fa4-a97d-d965ccfc6d4b" outcome="Passed" testListId="8c84fa94-04c1-424b-9868-57a2d4851a1d" relativeResultsDirectory="4782de88-7ff4-4d56-b448-f6f5c424e49e" />
    <UnitTestResult executionId="66159b11-717d-462b-8ef8-ad9c792b0fed" testId="8edbc9e8-8106-4e2b-446e-15afc8cb2e79" testName="WaitForVisible_ShouldCallDriverWaitForElementToBeVisible" computerName="cursor" duration="00:00:00.0001910" startTime="2025-08-11T23:18:45.8360287+00:00" endTime="2025-08-11T23:18:45.8362199+00:00" testType="13cdc9d9-ddb5-4fa4-a97d-d965ccfc6d4b" outcome="Passed" testListId="8c84fa94-04c1-424b-9868-57a2d4851a1d" relativeResultsDirectory="66159b11-717d-462b-8ef8-ad9c792b0fed" />
    <UnitTestResult executionId="0e08bbae-b66a-43ed-8a17-0044ae99a5ba" testId="2944cbda-271d-8e00-031a-dd03321c1f09" testName="WithHeadlessMode_WithValidValue_SetsHeadlessMode" computerName="cursor" duration="00:00:00.0004330" startTime="2025-08-11T23:18:45.8606083+00:00" endTime="2025-08-11T23:18:45.8610411+00:00" testType="13cdc9d9-ddb5-4fa4-a97d-d965ccfc6d4b" outcome="Passed" testListId="8c84fa94-04c1-424b-9868-57a2d4851a1d" relativeResultsDirectory="0e08bbae-b66a-43ed-8a17-0044ae99a5ba" />
    <UnitTestResult executionId="c9b73385-1577-49ce-b14d-cfdd6f17f295" testId="cbefd2c6-af4f-b601-5e3c-99959e055433" testName="LastOrDefault_WithNonEmptyCollection_ShouldReturnLastElement" computerName="cursor" duration="00:00:00.0001820" startTime="2025-08-11T23:18:45.8156271+00:00" endTime="2025-08-11T23:18:45.8158085+00:00" testType="13cdc9d9-ddb5-4fa4-a97d-d965ccfc6d4b" outcome="Passed" testListId="8c84fa94-04c1-424b-9868-57a2d4851a1d" relativeResultsDirectory="c9b73385-1577-49ce-b14d-cfdd6f17f295" />
    <UnitTestResult executionId="a129de0d-9652-40e8-8162-91c1001759f1" testId="75c5db20-bc00-63de-91f7-e74098d22990" testName="CreateElement_WithNullConfiguration_ShouldThrowArgumentNullException" computerName="cursor" duration="00:00:00.0001250" startTime="2025-08-11T23:18:45.8180881+00:00" endTime="2025-08-11T23:18:45.8182134+00:00" testType="13cdc9d9-ddb5-4fa4-a97d-d965ccfc6d4b" outcome="Passed" testListId="8c84fa94-04c1-424b-9868-57a2d4851a1d" relativeResultsDirectory="a129de0d-9652-40e8-8162-91c1001759f1" />
    <UnitTestResult executionId="c3a9e310-0d8d-4042-945c-62e7b1b4d816" testId="3297f400-bb31-d8da-0f7d-46758c3d7554" testName="StartServerAsync_ServerAlreadyRunning_SetsRunningState" computerName="cursor" duration="00:00:00.1677259" startTime="2025-08-11T23:18:46.1936865+00:00" endTime="2025-08-11T23:18:46.3614122+00:00" testType="13cdc9d9-ddb5-4fa4-a97d-d965ccfc6d4b" outcome="Passed" testListId="8c84fa94-04c1-424b-9868-57a2d4851a1d" relativeResultsDirectory="c3a9e310-0d8d-4042-945c-62e7b1b4d816" />
    <UnitTestResult executionId="439712aa-77ee-4fbf-a8ae-f5397b35eea2" testId="18f05ca5-b5fb-a8dd-f454-c581d558cbe9" testName="FilterByAttribute_WithEmptyAttributeName_ShouldThrowArgumentException" computerName="cursor" duration="00:00:00.0005150" startTime="2025-08-11T23:18:45.8086301+00:00" endTime="2025-08-11T23:18:45.8091447+00:00" testType="13cdc9d9-ddb5-4fa4-a97d-d965ccfc6d4b" outcome="Passed" testListId="8c84fa94-04c1-424b-9868-57a2d4851a1d" relativeResultsDirectory="439712aa-77ee-4fbf-a8ae-f5397b35eea2" />
    <UnitTestResult executionId="1cb65674-7296-495e-9612-37ab77c3938f" testId="5e045292-2424-2536-e9a7-78679c446a8a" testName="WebApplicationFactory_FrameworkAndConfiguration_ProducesExpectedRunCommand" computerName="cursor" duration="00:00:00.0002220" startTime="2025-08-11T23:18:46.0189747+00:00" endTime="2025-08-11T23:18:46.0191962+00:00" testType="13cdc9d9-ddb5-4fa4-a97d-d965ccfc6d4b" outcome="Passed" testListId="8c84fa94-04c1-424b-9868-57a2d4851a1d" relativeResultsDirectory="1cb65674-7296-495e-9612-37ab77c3938f">
      <Output>
        <StdOut>=== WebApplicationFactory (fallback to dotnet run) ===
Builder methods:
.WithFramework("net9.0").WithConfiguration("Debug")
Run command:
dotnet run --framework net9.0 --configuration Debug --no-launch-profile
Environment variables:
ASPNETCORE_HOSTINGSTARTUPASSEMBLIES=
====================</StdOut>
      </Output>
    </UnitTestResult>
    <UnitTestResult executionId="8ecb2cf2-1b21-4f5f-886b-12fe296b6134" testId="fcd32eae-1929-9e13-f2a2-ebf52e2ea1bb" testName="WebApplicationFactory_GetLauncher_SelectsCorrectLauncher" computerName="cursor" duration="00:00:00.0003080" startTime="2025-08-11T23:18:46.0192079+00:00" endTime="2025-08-11T23:18:46.0195158+00:00" testType="13cdc9d9-ddb5-4fa4-a97d-d965ccfc6d4b" outcome="Passed" testListId="8c84fa94-04c1-424b-9868-57a2d4851a1d" relativeResultsDirectory="8ecb2cf2-1b21-4f5f-886b-12fe296b6134" />
    <UnitTestResult executionId="a0658588-d769-4d2f-a267-e553d38ded42" testId="ae197987-6a6c-0f53-9053-aa2a52fada6c" testName="CreateConfiguration_WithValidParameters_ReturnsConfiguration" computerName="cursor" duration="00:00:00.0006250" startTime="2025-08-11T23:18:46.0196107+00:00" endTime="2025-08-11T23:18:46.0202356+00:00" testType="13cdc9d9-ddb5-4fa4-a97d-d965ccfc6d4b" outcome="Passed" testListId="8c84fa94-04c1-424b-9868-57a2d4851a1d" relativeResultsDirectory="a0658588-d769-4d2f-a267-e553d38ded42" />
    <UnitTestResult executionId="247ee1b1-e21a-4059-8400-5482672b425e" testId="446583bb-1a0c-a601-da8c-b6db446288a3" testName="WithCustomWait_ShouldSetCustomWaitCondition" computerName="cursor" duration="00:00:00.0002640" startTime="2025-08-11T23:18:45.7895893+00:00" endTime="2025-08-11T23:18:45.7898537+00:00" testType="13cdc9d9-ddb5-4fa4-a97d-d965ccfc6d4b" outcome="Passed" testListId="8c84fa94-04c1-424b-9868-57a2d4851a1d" relativeResultsDirectory="247ee1b1-e21a-4059-8400-5482672b425e" />
    <UnitTestResult executionId="22562c5a-c16c-4ff1-bc2b-321d0eb91425" testId="ecd0e042-7358-e08b-c8ac-f95b7ed8f0a9" testName="That_DelegatesThrowOnFalse" computerName="cursor" duration="00:00:00.0009360" startTime="2025-08-11T23:18:46.0246875+00:00" endTime="2025-08-11T23:18:46.0256233+00:00" testType="13cdc9d9-ddb5-4fa4-a97d-d965ccfc6d4b" outcome="Passed" testListId="8c84fa94-04c1-424b-9868-57a2d4851a1d" relativeResultsDirectory="22562c5a-c16c-4ff1-bc2b-321d0eb91425" />
    <UnitTestResult executionId="8f6a16f7-5bba-4962-b25c-0fc52f6b7877" testId="cc50075c-462e-8b57-d394-e1d716bb8f7e" testName="Constructor_WithEmptyElements_ShouldInitializeEmptyCollection" computerName="cursor" duration="00:00:00.0101590" startTime="2025-08-11T23:18:45.7909768+00:00" endTime="2025-08-11T23:18:45.8011359+00:00" testType="13cdc9d9-ddb5-4fa4-a97d-d965ccfc6d4b" outcome="Passed" testListId="8c84fa94-04c1-424b-9868-57a2d4851a1d" relativeResultsDirectory="8f6a16f7-5bba-4962-b25c-0fc52f6b7877" />
    <UnitTestResult executionId="56c3f830-f4c9-4b4f-b193-f4f8af4ae680" testId="020a6f08-c481-d586-c35b-71ffdcdf77ae" testName="Build_WithValidConfiguration_ReturnsConfiguredOptions" computerName="cursor" duration="00:00:00.0004030" startTime="2025-08-11T23:18:45.8423333+00:00" endTime="2025-08-11T23:18:45.8427364+00:00" testType="13cdc9d9-ddb5-4fa4-a97d-d965ccfc6d4b" outcome="Passed" testListId="8c84fa94-04c1-424b-9868-57a2d4851a1d" relativeResultsDirectory="56c3f830-f4c9-4b4f-b193-f4f8af4ae680" />
    <UnitTestResult executionId="e3651db2-afa6-410a-8994-e5638ee29efa" testId="32cab928-a934-2b6a-7a60-1dfa1c7f9abb" testName="WaitForHidden_ShouldCallDriverWaitForElementToBeHidden" computerName="cursor" duration="00:00:00.0002330" startTime="2025-08-11T23:18:45.8357865+00:00" endTime="2025-08-11T23:18:45.8360194+00:00" testType="13cdc9d9-ddb5-4fa4-a97d-d965ccfc6d4b" outcome="Passed" testListId="8c84fa94-04c1-424b-9868-57a2d4851a1d" relativeResultsDirectory="e3651db2-afa6-410a-8994-e5638ee29efa" />
    <UnitTestResult executionId="c0876d0e-59fe-4fd3-b6c4-fc7633ba830a" testId="3060bcb3-7dbb-52ae-d898-6c736e92902a" testName="RegisterDetector_WithValidDetector_RegistersSuccessfully" computerName="cursor" duration="00:00:00.0003210" startTime="2025-08-11T23:18:46.0220178+00:00" endTime="2025-08-11T23:18:46.0223385+00:00" testType="13cdc9d9-ddb5-4fa4-a97d-d965ccfc6d4b" outcome="Passed" testListId="8c84fa94-04c1-424b-9868-57a2d4851a1d" relativeResultsDirectory="c0876d0e-59fe-4fd3-b6c4-fc7633ba830a">
      <Output>
        <StdOut>Detector registered successfully</StdOut>
      </Output>
    </UnitTestResult>
    <UnitTestResult executionId="8cf2adb9-39d7-4e87-8d93-a3964d787462" testId="2ac27a39-0887-ff83-8ecd-f4b873b52bce" testName="GetOrCreateElement_WithNullSelector_ShouldThrowArgumentException" computerName="cursor" duration="00:00:00.0001020" startTime="2025-08-11T23:18:45.8191526+00:00" endTime="2025-08-11T23:18:45.8192542+00:00" testType="13cdc9d9-ddb5-4fa4-a97d-d965ccfc6d4b" outcome="Passed" testListId="8c84fa94-04c1-424b-9868-57a2d4851a1d" relativeResultsDirectory="8cf2adb9-39d7-4e87-8d93-a3964d787462" />
    <UnitTestResult executionId="021bb9c6-3d4e-4cb4-8645-e581fd1e36e5" testId="22a55186-734f-9dba-b3aa-22207bab8f2a" testName="RegisterPlugin_WithValidPluginType_RegistersPlugin" computerName="cursor" duration="00:00:00.0001720" startTime="2025-08-11T23:18:46.0038273+00:00" endTime="2025-08-11T23:18:46.0039993+00:00" testType="13cdc9d9-ddb5-4fa4-a97d-d965ccfc6d4b" outcome="Passed" testListId="8c84fa94-04c1-424b-9868-57a2d4851a1d" relativeResultsDirectory="021bb9c6-3d4e-4cb4-8645-e581fd1e36e5" />
    <UnitTestResult executionId="1af08671-2a67-47a6-ab59-1e340d197aac" testId="d8390e41-bd5a-fe7f-3b98-f2190b4f7ae8" testName="RemoveFromCache_WithNonExistingKey_ShouldReturnFalse" computerName="cursor" duration="00:00:00.0000670" startTime="2025-08-11T23:18:45.8203265+00:00" endTime="2025-08-11T23:18:45.8203934+00:00" testType="13cdc9d9-ddb5-4fa4-a97d-d965ccfc6d4b" outcome="Passed" testListId="8c84fa94-04c1-424b-9868-57a2d4851a1d" relativeResultsDirectory="1af08671-2a67-47a6-ab59-1e340d197aac" />
    <UnitTestResult executionId="16f5fbb1-f023-4aba-8be6-e621ac4f7b81" testId="f886403e-9ef4-53a2-d4e1-ecec3b79370d" testName="Constructor_WithNullSelector_ShouldThrowArgumentNullException" computerName="cursor" duration="00:00:00.0002860" startTime="2025-08-11T23:18:45.7876188+00:00" endTime="2025-08-11T23:18:45.7879047+00:00" testType="13cdc9d9-ddb5-4fa4-a97d-d965ccfc6d4b" outcome="Passed" testListId="8c84fa94-04c1-424b-9868-57a2d4851a1d" relativeResultsDirectory="16f5fbb1-f023-4aba-8be6-e621ac4f7b81" />
    <UnitTestResult executionId="04066f4b-3657-435c-ae5f-f7d59305f1c3" testId="e46f5d7d-393e-88b9-1a00-80ae274b5f6e" testName="RegisterElement_WithNullKey_ShouldThrowArgumentException" computerName="cursor" duration="00:00:00.0002070" startTime="2025-08-11T23:18:45.8198426+00:00" endTime="2025-08-11T23:18:45.8200497+00:00" testType="13cdc9d9-ddb5-4fa4-a97d-d965ccfc6d4b" outcome="Passed" testListId="8c84fa94-04c1-424b-9868-57a2d4851a1d" relativeResultsDirectory="04066f4b-3657-435c-ae5f-f7d59305f1c3" />
    <UnitTestResult executionId="3491f3e0-9fe0-40f6-97ab-6e9ff8f80bad" testId="fff58572-0076-1d30-45fe-03dd6cfeccd1" testName="DetectProjectPath_FromConfigFile_ReturnsPath" computerName="cursor" duration="00:00:00.0009670" startTime="2025-08-11T23:18:45.8388124+00:00" endTime="2025-08-11T23:18:45.8397795+00:00" testType="13cdc9d9-ddb5-4fa4-a97d-d965ccfc6d4b" outcome="Passed" testListId="8c84fa94-04c1-424b-9868-57a2d4851a1d" relativeResultsDirectory="3491f3e0-9fe0-40f6-97ab-6e9ff8f80bad" />
    <UnitTestResult executionId="6d05779c-d59c-405a-9c0a-f6a53073eb79" testId="8f39af80-f58e-71ee-14e2-037e33d2ca9e" testName="ClearCache_ShouldRemoveAllElements" computerName="cursor" duration="00:00:00.0004340" startTime="2025-08-11T23:18:45.8165674+00:00" endTime="2025-08-11T23:18:45.8170009+00:00" testType="13cdc9d9-ddb5-4fa4-a97d-d965ccfc6d4b" outcome="Passed" testListId="8c84fa94-04c1-424b-9868-57a2d4851a1d" relativeResultsDirectory="6d05779c-d59c-405a-9c0a-f6a53073eb79" />
    <UnitTestResult executionId="749b8e27-60aa-43ea-aaa4-7bb95fca9758" testId="9137de2c-3425-5caa-24c5-a0e443b11f11" testName="WaitForServerReady_TimesOut_WhenUnhealthy" computerName="cursor" duration="00:00:01.9975100" startTime="2025-08-11T23:18:43.6945191+00:00" endTime="2025-08-11T23:18:45.6920282+00:00" testType="13cdc9d9-ddb5-4fa4-a97d-d965ccfc6d4b" outcome="Passed" testListId="8c84fa94-04c1-424b-9868-57a2d4851a1d" relativeResultsDirectory="749b8e27-60aa-43ea-aaa4-7bb95fca9758" />
    <UnitTestResult executionId="88307853-fc21-4f54-84b7-9c80a04a1513" testId="d0ef1a67-943c-e03c-80e8-cb9d77933072" testName="WithBaseUrl_WithValidUrl_SetsBaseUrl" computerName="cursor" duration="00:00:00.0005960" startTime="2025-08-11T23:18:45.9922327+00:00" endTime="2025-08-11T23:18:45.9928284+00:00" testType="13cdc9d9-ddb5-4fa4-a97d-d965ccfc6d4b" outcome="Passed" testListId="8c84fa94-04c1-424b-9868-57a2d4851a1d" relativeResultsDirectory="88307853-fc21-4f54-84b7-9c80a04a1513" />
    <UnitTestResult executionId="4b311d28-ae0f-414d-bfc6-1a0df0fb8164" testId="f2f6b3ec-eeaf-c73e-5a2e-1ef2fc174766" testName="WithAttribute_WithNullName_ShouldThrowArgumentException" computerName="cursor" duration="00:00:00.0001880" startTime="2025-08-11T23:18:45.7892238+00:00" endTime="2025-08-11T23:18:45.7894118+00:00" testType="13cdc9d9-ddb5-4fa4-a97d-d965ccfc6d4b" outcome="Passed" testListId="8c84fa94-04c1-424b-9868-57a2d4851a1d" relativeResultsDirectory="4b311d28-ae0f-414d-bfc6-1a0df0fb8164" />
    <UnitTestResult executionId="0eac467b-f305-4fc9-9e60-68baf768f67c" testId="b7f18d4e-e8c0-3285-6e79-21ddd24f3d41" testName="DotNet_ForwardedHeadersFlag_SerializesAsLowercaseBoolean" computerName="cursor" duration="00:00:00.0001150" startTime="2025-08-11T23:18:46.0176149+00:00" endTime="2025-08-11T23:18:46.0177297+00:00" testType="13cdc9d9-ddb5-4fa4-a97d-d965ccfc6d4b" outcome="Passed" testListId="8c84fa94-04c1-424b-9868-57a2d4851a1d" relativeResultsDirectory="0eac467b-f305-4fc9-9e60-68baf768f67c" />
    <UnitTestResult executionId="ad20d5e4-288b-4e00-88c3-389e6848b6a7" testId="3c6ae5e7-2078-93c7-0cb9-170c4974fe27" testName="WithSlowMo_WithValidValue_SetsSlowMo" computerName="cursor" duration="00:00:00.0001299" startTime="2025-08-11T23:18:45.8619082+00:00" endTime="2025-08-11T23:18:45.8620378+00:00" testType="13cdc9d9-ddb5-4fa4-a97d-d965ccfc6d4b" outcome="Passed" testListId="8c84fa94-04c1-424b-9868-57a2d4851a1d" relativeResultsDirectory="ad20d5e4-288b-4e00-88c3-389e6848b6a7" />
    <UnitTestResult executionId="62800aac-70c6-4131-a622-6107f7f13578" testId="ffb66a76-a7d1-dfa1-aa9c-bf5163813cc6" testName="First_WithNonEmptyCollection_ShouldReturnFirstElement" computerName="cursor" duration="00:00:00.0002390" startTime="2025-08-11T23:18:45.8118790+00:00" endTime="2025-08-11T23:18:45.8121177+00:00" testType="13cdc9d9-ddb5-4fa4-a97d-d965ccfc6d4b" outcome="Passed" testListId="8c84fa94-04c1-424b-9868-57a2d4851a1d" relativeResultsDirectory="62800aac-70c6-4131-a622-6107f7f13578" />
    <UnitTestResult executionId="7c77a225-1feb-403c-8f85-c1d4d3544a26" testId="1b9b8e0f-7ca6-98b2-3acc-030eea6eec79" testName="WaitForServerReady_Succeeds_WhenHealthy" computerName="cursor" duration="00:00:02.0600900" startTime="2025-08-11T23:18:41.6343750+00:00" endTime="2025-08-11T23:18:43.6944645+00:00" testType="13cdc9d9-ddb5-4fa4-a97d-d965ccfc6d4b" outcome="Passed" testListId="8c84fa94-04c1-424b-9868-57a2d4851a1d" relativeResultsDirectory="7c77a225-1feb-403c-8f85-c1d4d3544a26" />
    <UnitTestResult executionId="f3590db3-15e1-4592-a02b-5c9c9a3beb53" testId="b301e5a2-6274-43e4-8d33-13911ec17a00" testName="GetPlugins_ReturnsRegisteredPlugins" computerName="cursor" duration="00:00:00.0002740" startTime="2025-08-11T23:18:46.0026278+00:00" endTime="2025-08-11T23:18:46.0029016+00:00" testType="13cdc9d9-ddb5-4fa4-a97d-d965ccfc6d4b" outcome="Passed" testListId="8c84fa94-04c1-424b-9868-57a2d4851a1d" relativeResultsDirectory="f3590db3-15e1-4592-a02b-5c9c9a3beb53" />
    <UnitTestResult executionId="bd373cda-ef8d-4a1e-917e-f0b70abaa05f" testId="f46fda5d-5750-4db5-4e78-e68e765afd13" testName="Register_SamePluginTypeTwice_DeduplicatesByType" computerName="cursor" duration="00:00:00.0001620" startTime="2025-08-11T23:18:46.0048867+00:00" endTime="2025-08-11T23:18:46.0050485+00:00" testType="13cdc9d9-ddb5-4fa4-a97d-d965ccfc6d4b" outcome="Passed" testListId="8c84fa94-04c1-424b-9868-57a2d4851a1d" relativeResultsDirectory="bd373cda-ef8d-4a1e-917e-f0b70abaa05f" />
    <UnitTestResult executionId="fe4f1bf7-c1b0-4764-964d-6db605a37ac3" testId="f1c510fe-f632-6958-5421-3d34e26a9b68" testName="GetOrCreateElement_WithNewKey_ShouldCreateAndCacheElement" computerName="cursor" duration="00:00:00.0001850" startTime="2025-08-11T23:18:45.8188285+00:00" endTime="2025-08-11T23:18:45.8190130+00:00" testType="13cdc9d9-ddb5-4fa4-a97d-d965ccfc6d4b" outcome="Passed" testListId="8c84fa94-04c1-424b-9868-57a2d4851a1d" relativeResultsDirectory="fe4f1bf7-c1b0-4764-964d-6db605a37ac3" />
    <UnitTestResult executionId="67f955b0-b582-4c1f-bfa6-369b4d57cf23" testId="c2f5de2f-6096-d57c-95e5-fec26b8d796d" testName="Constructor_WithNullElements_ShouldInitializeEmptyCollection" computerName="cursor" duration="00:00:00.0003630" startTime="2025-08-11T23:18:45.8011645+00:00" endTime="2025-08-11T23:18:45.8015270+00:00" testType="13cdc9d9-ddb5-4fa4-a97d-d965ccfc6d4b" outcome="Passed" testListId="8c84fa94-04c1-424b-9868-57a2d4851a1d" relativeResultsDirectory="67f955b0-b582-4c1f-bfa6-369b4d57cf23" />
    <UnitTestResult executionId="a4acb519-b896-4222-8ec7-9851e33e1721" testId="37cb0dcf-4168-cbb7-f50e-73ed6d374e4a" testName="GetCssValue_ShouldReturnEmptyString" computerName="cursor" duration="00:00:00.0001110" startTime="2025-08-11T23:18:45.8266239+00:00" endTime="2025-08-11T23:18:45.8267351+00:00" testType="13cdc9d9-ddb5-4fa4-a97d-d965ccfc6d4b" outcome="Passed" testListId="8c84fa94-04c1-424b-9868-57a2d4851a1d" relativeResultsDirectory="a4acb519-b896-4222-8ec7-9851e33e1721" />
    <UnitTestResult executionId="6e0a6abc-29ef-4ede-bf05-709eb6ce04f0" testId="8383728b-b15a-a0ae-e2d4-37daa1d150cf" testName="WithTimeout_ShouldSetTimeout" computerName="cursor" duration="00:00:00.0001080" startTime="2025-08-11T23:18:45.7905209+00:00" endTime="2025-08-11T23:18:45.7906290+00:00" testType="13cdc9d9-ddb5-4fa4-a97d-d965ccfc6d4b" outcome="Passed" testListId="8c84fa94-04c1-424b-9868-57a2d4851a1d" relativeResultsDirectory="6e0a6abc-29ef-4ede-bf05-709eb6ce04f0" />
    <UnitTestResult executionId="0098d43d-7c37-4e52-99f0-a7fd6e6a556e" testId="5dbab36b-8bf9-b94a-886b-0679437303ac" testName="Build_WithInvalidConfiguration_ThrowsException" computerName="cursor" duration="00:00:00.0002890" startTime="2025-08-11T23:18:45.8420353+00:00" endTime="2025-08-11T23:18:45.8423240+00:00" testType="13cdc9d9-ddb5-4fa4-a97d-d965ccfc6d4b" outcome="Passed" testListId="8c84fa94-04c1-424b-9868-57a2d4851a1d" relativeResultsDirectory="0098d43d-7c37-4e52-99f0-a7fd6e6a556e" />
    <UnitTestResult executionId="fefa5f1c-4548-41b6-b93b-8e3088562e1f" testId="770867d9-ec05-f95d-4f86-cd135b847493" testName="WithWaitStrategy_ShouldSetWaitStrategy" computerName="cursor" duration="00:00:00.0001260" startTime="2025-08-11T23:18:45.7906336+00:00" endTime="2025-08-11T23:18:45.7907586+00:00" testType="13cdc9d9-ddb5-4fa4-a97d-d965ccfc6d4b" outcome="Passed" testListId="8c84fa94-04c1-424b-9868-57a2d4851a1d" relativeResultsDirectory="fefa5f1c-4548-41b6-b93b-8e3088562e1f" />
    <UnitTestResult executionId="fb5d73f4-cff5-4f42-8b09-826ca56d24cc" testId="e694388c-e9b9-a1d2-ef93-70adf5bded0d" testName="WithBaseUrl_WithValidUrl_SetsBaseUrl" computerName="cursor" duration="00:00:00.0001920" startTime="2025-08-11T23:18:45.8575149+00:00" endTime="2025-08-11T23:18:45.8577069+00:00" testType="13cdc9d9-ddb5-4fa4-a97d-d965ccfc6d4b" outcome="Passed" testListId="8c84fa94-04c1-424b-9868-57a2d4851a1d" relativeResultsDirectory="fb5d73f4-cff5-4f42-8b09-826ca56d24cc" />
    <UnitTestResult executionId="e8f6e221-3c7a-44fe-94c9-b62a0d3015a4" testId="71ed1687-d25f-f0b2-eee1-f1f69754d207" testName="Indexer_WithIndexEqualToCount_ShouldThrowArgumentOutOfRangeException" computerName="cursor" duration="00:00:00.0004630" startTime="2025-08-11T23:18:45.8136433+00:00" endTime="2025-08-11T23:18:45.8141064+00:00" testType="13cdc9d9-ddb5-4fa4-a97d-d965ccfc6d4b" outcome="Passed" testListId="8c84fa94-04c1-424b-9868-57a2d4851a1d" relativeResultsDirectory="e8f6e221-3c7a-44fe-94c9-b62a0d3015a4" />
    <UnitTestResult executionId="a3343321-7773-4df1-a615-81b55fa8b398" testId="a50fff13-3cd0-5b60-212f-066525a03c8a" testName="FluentUIScaffoldValidationException_Constructors_Work" computerName="cursor" duration="00:00:00.0001670" startTime="2025-08-11T23:18:45.8415652+00:00" endTime="2025-08-11T23:18:45.8417321+00:00" testType="13cdc9d9-ddb5-4fa4-a97d-d965ccfc6d4b" outcome="Passed" testListId="8c84fa94-04c1-424b-9868-57a2d4851a1d" relativeResultsDirectory="a3343321-7773-4df1-a615-81b55fa8b398" />
    <UnitTestResult executionId="40dea0cc-5075-40e4-a6c7-b68beea404c3" testId="e75b2bb9-5515-7802-e744-4a6d4013843f" testName="GetOrCreateElement_WithExistingKey_ShouldReturnCachedElement" computerName="cursor" duration="00:00:00.0002910" startTime="2025-08-11T23:18:45.8185244+00:00" endTime="2025-08-11T23:18:45.8188148+00:00" testType="13cdc9d9-ddb5-4fa4-a97d-d965ccfc6d4b" outcome="Passed" testListId="8c84fa94-04c1-424b-9868-57a2d4851a1d" relativeResultsDirectory="40dea0cc-5075-40e4-a6c7-b68beea404c3" />
    <UnitTestResult executionId="3104d2be-3f80-4935-aeac-c3952a2ff908" testId="c9f61712-9fd7-d6bb-db15-07624030c6e4" testName="Last_WithEmptyCollection_ShouldThrowInvalidOperationException" computerName="cursor" duration="00:00:00.0003270" startTime="2025-08-11T23:18:45.8148885+00:00" endTime="2025-08-11T23:18:45.8152154+00:00" testType="13cdc9d9-ddb5-4fa4-a97d-d965ccfc6d4b" outcome="Passed" testListId="8c84fa94-04c1-424b-9868-57a2d4851a1d" relativeResultsDirectory="3104d2be-3f80-4935-aeac-c3952a2ff908" />
    <UnitTestResult executionId="76593504-0cfb-4d82-a857-c214e65825ef" testId="dddb8e0d-1bc6-fd59-4ffa-24cd6ce629ee" testName="IsCached_WithExistingKey_ShouldReturnTrue" computerName="cursor" duration="00:00:00.0000640" startTime="2025-08-11T23:18:45.8192726+00:00" endTime="2025-08-11T23:18:45.8193367+00:00" testType="13cdc9d9-ddb5-4fa4-a97d-d965ccfc6d4b" outcome="Passed" testListId="8c84fa94-04c1-424b-9868-57a2d4851a1d" relativeResultsDirectory="76593504-0cfb-4d82-a857-c214e65825ef" />
    <UnitTestResult executionId="861baccf-0c87-46b9-8478-753b77545bde" testId="9277c687-d1ec-06a3-91ef-9c2756a13404" testName="Filter_WithValidPredicate_ShouldReturnFilteredCollection" computerName="cursor" duration="00:00:00.0006070" startTime="2025-08-11T23:18:45.8070253+00:00" endTime="2025-08-11T23:18:45.8076325+00:00" testType="13cdc9d9-ddb5-4fa4-a97d-d965ccfc6d4b" outcome="Passed" testListId="8c84fa94-04c1-424b-9868-57a2d4851a1d" relativeResultsDirectory="861baccf-0c87-46b9-8478-753b77545bde" />
    <UnitTestResult executionId="d5a8e747-5b67-40cd-aeb6-03f55fa4d81f" testId="4b5ed4f4-cca7-3210-3b0c-b7d6cb410605" testName="GetEnumerator_ShouldReturnAllElements" computerName="cursor" duration="00:00:00.0005310" startTime="2025-08-11T23:18:45.8125155+00:00" endTime="2025-08-11T23:18:45.8130461+00:00" testType="13cdc9d9-ddb5-4fa4-a97d-d965ccfc6d4b" outcome="Passed" testListId="8c84fa94-04c1-424b-9868-57a2d4851a1d" relativeResultsDirectory="d5a8e747-5b67-40cd-aeb6-03f55fa4d81f" />
    <UnitTestResult executionId="d80c3956-3980-42e8-8a8a-42284ceedd4f" testId="2ae1304c-81ac-a359-4734-cee502a63ccd" testName="NavigateToUrl_WithValidUrl_NavigatesSuccessfully" computerName="cursor" duration="00:00:00.0003690" startTime="2025-08-11T23:18:45.9965954+00:00" endTime="2025-08-11T23:18:45.9969641+00:00" testType="13cdc9d9-ddb5-4fa4-a97d-d965ccfc6d4b" outcome="Passed" testListId="8c84fa94-04c1-424b-9868-57a2d4851a1d" relativeResultsDirectory="d80c3956-3980-42e8-8a8a-42284ceedd4f" />
    <UnitTestResult executionId="b9d2d2e3-bd03-42cb-8621-af2aa6d7b430" testId="4d23582b-dfd6-378d-ff6d-4da2dfba9dba" testName="FluentUIScaffoldException_Constructors_Work" computerName="cursor" duration="00:00:00.0001860" startTime="2025-08-11T23:18:45.8411869+00:00" endTime="2025-08-11T23:18:45.8413729+00:00" testType="13cdc9d9-ddb5-4fa4-a97d-d965ccfc6d4b" outcome="Passed" testListId="8c84fa94-04c1-424b-9868-57a2d4851a1d" relativeResultsDirectory="b9d2d2e3-bd03-42cb-8621-af2aa6d7b430" />
    <UnitTestResult executionId="edc6e06e-1e5d-4278-a00c-4ddc65b3d88b" testId="4c88da48-1cf2-2ce5-51d9-4c397983aa27" testName="WithDefaultWaitTimeout_WithValidTimeout_SetsDefaultWaitTimeout" computerName="cursor" duration="00:00:00.0001020" startTime="2025-08-11T23:18:45.9928601+00:00" endTime="2025-08-11T23:18:45.9929618+00:00" testType="13cdc9d9-ddb5-4fa4-a97d-d965ccfc6d4b" outcome="Passed" testListId="8c84fa94-04c1-424b-9868-57a2d4851a1d" relativeResultsDirectory="edc6e06e-1e5d-4278-a00c-4ddc65b3d88b" />
    <UnitTestResult executionId="d0bce87b-81db-42e2-b153-086c1dcb1fb7" testId="27bf1d8f-6db2-9d4a-565f-5fca061cc8f1" testName="Placeholder_NoOp_ToMaintainTestStructure" computerName="cursor" duration="00:00:00.0002430" startTime="2025-08-11T23:18:45.9913163+00:00" endTime="2025-08-11T23:18:45.9915587+00:00" testType="13cdc9d9-ddb5-4fa4-a97d-d965ccfc6d4b" outcome="Passed" testListId="8c84fa94-04c1-424b-9868-57a2d4851a1d" relativeResultsDirectory="d0bce87b-81db-42e2-b153-086c1dcb1fb7" />
    <UnitTestResult executionId="0efbf45e-3e62-4c20-b6b7-53de99b51c04" testId="6b4edf85-bcda-05c4-98dc-c7c477f0a89a" testName="WaitForServerReady_TimesOut_WhenUnhealthy" computerName="cursor" duration="00:00:00.0046320" startTime="2025-08-11T23:18:41.6267252+00:00" endTime="2025-08-11T23:18:41.6313577+00:00" testType="13cdc9d9-ddb5-4fa4-a97d-d965ccfc6d4b" outcome="Passed" testListId="8c84fa94-04c1-424b-9868-57a2d4851a1d" relativeResultsDirectory="0efbf45e-3e62-4c20-b6b7-53de99b51c04" />
    <UnitTestResult executionId="07b83b1e-6aec-4a2b-986f-d9e9dabb6577" testId="551fc6ac-b856-8cac-3508-c2c42f5670a1" testName="FluentChaining_ShouldWorkCorrectly" computerName="cursor" duration="00:00:00.0004140" startTime="2025-08-11T23:18:45.7882463+00:00" endTime="2025-08-11T23:18:45.7886604+00:00" testType="13cdc9d9-ddb5-4fa4-a97d-d965ccfc6d4b" outcome="Passed" testListId="8c84fa94-04c1-424b-9868-57a2d4851a1d" relativeResultsDirectory="07b83b1e-6aec-4a2b-986f-d9e9dabb6577" />
    <UnitTestResult executionId="2704bc02-1d4b-44ca-8efe-2e4724dffefa" testId="3972325b-780e-8149-0501-afcdb2e51733" testName="IsEnabled_ShouldCallDriverIsEnabled" computerName="cursor" duration="00:00:00.0005440" startTime="2025-08-11T23:18:45.8284268+00:00" endTime="2025-08-11T23:18:45.8289705+00:00" testType="13cdc9d9-ddb5-4fa4-a97d-d965ccfc6d4b" outcome="Passed" testListId="8c84fa94-04c1-424b-9868-57a2d4851a1d" relativeResultsDirectory="2704bc02-1d4b-44ca-8efe-2e4724dffefa" />
    <UnitTestResult executionId="af74c6ee-34fd-4bd4-b5f5-cd068a8f875e" testId="691a1ada-8b81-1eeb-9198-2480eca9bcb5" testName="ServerConfiguration_Removed_FromOptions" computerName="cursor" duration="00:00:00.0001460" startTime="2025-08-11T23:18:45.9915690+00:00" endTime="2025-08-11T23:18:45.9917147+00:00" testType="13cdc9d9-ddb5-4fa4-a97d-d965ccfc6d4b" outcome="Passed" testListId="8c84fa94-04c1-424b-9868-57a2d4851a1d" relativeResultsDirectory="af74c6ee-34fd-4bd4-b5f5-cd068a8f875e">
      <Output>
        <StdOut>Server configuration removed from options; managed by WebServerManager</StdOut>
      </Output>
    </UnitTestResult>
    <UnitTestResult executionId="ebbb4f62-90b6-46cc-9819-445598996c4b" testId="09311360-5b2a-d8bb-bda7-c830483aca7e" testName="EnvironmentDefaults_AreApplied_WhenNotProvided" computerName="cursor" duration="00:00:00.0015360" startTime="2025-08-11T23:18:41.6326734+00:00" endTime="2025-08-11T23:18:41.6342095+00:00" testType="13cdc9d9-ddb5-4fa4-a97d-d965ccfc6d4b" outcome="Passed" testListId="8c84fa94-04c1-424b-9868-57a2d4851a1d" relativeResultsDirectory="ebbb4f62-90b6-46cc-9819-445598996c4b" />
    <UnitTestResult executionId="ff50664a-654a-4a61-8bba-cbbece332105" testId="7ca0cb73-aeb1-887f-1af1-2afb19198c6a" testName="AspNetCore_ServerSpecificUrlsInjectedIntoStartInfo" computerName="cursor" duration="00:00:00.0002270" startTime="2025-08-11T23:18:46.0166476+00:00" endTime="2025-08-11T23:18:46.0168746+00:00" testType="13cdc9d9-ddb5-4fa4-a97d-d965ccfc6d4b" outcome="Passed" testListId="8c84fa94-04c1-424b-9868-57a2d4851a1d" relativeResultsDirectory="ff50664a-654a-4a61-8bba-cbbece332105" />
    <UnitTestResult executionId="ca46605f-d076-429f-aad2-13ec42e20f4d" testId="46ffc5ad-c340-b767-44fb-d87ee75aad26" testName="NavigateToUrl_WithValidUrl_IsValid" computerName="cursor" duration="00:00:00.0002509" startTime="2025-08-11T23:18:45.9963321+00:00" endTime="2025-08-11T23:18:45.9965832+00:00" testType="13cdc9d9-ddb5-4fa4-a97d-d965ccfc6d4b" outcome="Passed" testListId="8c84fa94-04c1-424b-9868-57a2d4851a1d" relativeResultsDirectory="ca46605f-d076-429f-aad2-13ec42e20f4d" />
    <UnitTestResult executionId="bbc93a5d-5d14-476a-9446-01239fa0d52e" testId="5b0b0b21-c836-f769-4fb0-bf7c584f610d" testName="FilterByText_WithCaseInsensitiveMatch_ShouldReturnFilteredCollection" computerName="cursor" duration="00:00:00.0005830" startTime="2025-08-11T23:18:45.8100952+00:00" endTime="2025-08-11T23:18:45.8106775+00:00" testType="13cdc9d9-ddb5-4fa4-a97d-d965ccfc6d4b" outcome="Passed" testListId="8c84fa94-04c1-424b-9868-57a2d4851a1d" relativeResultsDirectory="bbc93a5d-5d14-476a-9446-01239fa0d52e" />
    <UnitTestResult executionId="61dde88b-cc3b-4b71-aca8-f291a37a04aa" testId="0b3109f8-d2a8-47f7-ae01-04faf34ff615" testName="BuildCommandArguments_ReturnsExpectedFormat" computerName="cursor" duration="00:00:00.0004340" startTime="2025-08-11T23:18:45.6923314+00:00" endTime="2025-08-11T23:18:45.6927651+00:00" testType="13cdc9d9-ddb5-4fa4-a97d-d965ccfc6d4b" outcome="Passed" testListId="8c84fa94-04c1-424b-9868-57a2d4851a1d" relativeResultsDirectory="61dde88b-cc3b-4b71-aca8-f291a37a04aa" />
    <UnitTestResult executionId="1d529cfd-2a2d-4247-a4cd-5cfae639b2e9" testId="9db3b268-6657-af98-9f75-1b63df5c1b61" testName="CustomEnvironmentVariables_ArePreserved" computerName="cursor" duration="00:00:00.0004830" startTime="2025-08-11T23:18:46.0168855+00:00" endTime="2025-08-11T23:18:46.0173687+00:00" testType="13cdc9d9-ddb5-4fa4-a97d-d965ccfc6d4b" outcome="Passed" testListId="8c84fa94-04c1-424b-9868-57a2d4851a1d" relativeResultsDirectory="1d529cfd-2a2d-4247-a4cd-5cfae639b2e9">
      <Output>
        <StdOut>=== Custom env vars ===
Builder methods:
.WithEnvironmentVariable("MY_SETTING", "abc").WithEnvironmentVariables(...) 
Run command:
dotnet run --framework net8.0 --configuration Release --no-launch-profile
Environment variables:
ASPNETCORE_ENVIRONMENT=Staging
ASPNETCORE_HOSTINGSTARTUPASSEMBLIES=
FOO=bar
MY_SETTING=abc
====================</StdOut>
      </Output>
    </UnitTestResult>
    <UnitTestResult executionId="0cde6bbf-d44b-4881-86f7-20a8df03b18c" testId="471622d6-a01c-acdb-82c5-f00f72212509" testName="WithHeadlessMode_WithNull_SetsNull" computerName="cursor" duration="00:00:00.0001240" startTime="2025-08-11T23:18:45.8603536+00:00" endTime="2025-08-11T23:18:45.8604775+00:00" testType="13cdc9d9-ddb5-4fa4-a97d-d965ccfc6d4b" outcome="Passed" testListId="8c84fa94-04c1-424b-9868-57a2d4851a1d" relativeResultsDirectory="0cde6bbf-d44b-4881-86f7-20a8df03b18c" />
    <UnitTestResult executionId="5c51fdef-7189-4453-a32d-1ec4c6fae956" testId="3c6f06c4-eda4-678a-9f31-78ef1574d012" testName="ElementTimeoutException_Constructors_Work" computerName="cursor" duration="00:00:00.0004650" startTime="2025-08-11T23:18:45.8403478+00:00" endTime="2025-08-11T23:18:45.8408130+00:00" testType="13cdc9d9-ddb5-4fa4-a97d-d965ccfc6d4b" outcome="Passed" testListId="8c84fa94-04c1-424b-9868-57a2d4851a1d" relativeResultsDirectory="5c51fdef-7189-4453-a32d-1ec4c6fae956" />
    <UnitTestResult executionId="25a39f33-4b15-4881-98f3-addfa882fac1" testId="ab73f926-d1a2-00f0-bb5d-c38f897fb557" testName="CreateElement_WithEmptySelector_ShouldThrowArgumentException" computerName="cursor" duration="00:00:00.0001650" startTime="2025-08-11T23:18:45.8179163+00:00" endTime="2025-08-11T23:18:45.8180810+00:00" testType="13cdc9d9-ddb5-4fa4-a97d-d965ccfc6d4b" outcome="Passed" testListId="8c84fa94-04c1-424b-9868-57a2d4851a1d" relativeResultsDirectory="25a39f33-4b15-4881-98f3-addfa882fac1" />
    <UnitTestResult executionId="f07c35b1-8799-437d-88f2-d3303595e512" testId="db9ada96-dcf3-e037-db10-b7563d6669b8" testName="SlowMo_WithNullValue_SetsSlowMoToNull" computerName="cursor" duration="00:00:00.0001840" startTime="2025-08-11T23:18:45.9917200+00:00" endTime="2025-08-11T23:18:45.9919042+00:00" testType="13cdc9d9-ddb5-4fa4-a97d-d965ccfc6d4b" outcome="Passed" testListId="8c84fa94-04c1-424b-9868-57a2d4851a1d" relativeResultsDirectory="f07c35b1-8799-437d-88f2-d3303595e512" />
    <UnitTestResult executionId="151c29b7-f48d-4cd2-b8c4-6ef83ee18268" testId="a8ccc846-1ff4-1690-63b6-362e0b40f521" testName="ValidatePlugins_WithValidPlugins_DoesNotThrow" computerName="cursor" duration="00:00:00.0001900" startTime="2025-08-11T23:18:46.0046053+00:00" endTime="2025-08-11T23:18:46.0047956+00:00" testType="13cdc9d9-ddb5-4fa4-a97d-d965ccfc6d4b" outcome="Passed" testListId="8c84fa94-04c1-424b-9868-57a2d4851a1d" relativeResultsDirectory="151c29b7-f48d-4cd2-b8c4-6ef83ee18268" />
    <UnitTestResult executionId="0d31d3d5-8e3c-4c1b-ad0f-12d51558020b" testId="ba86690a-e524-5b30-0581-e7c61fd4694c" testName="SpaProxyEnv_PropagatesToStartInfo" computerName="cursor" duration="00:00:00.0008900" startTime="2025-08-11T23:18:45.6927789+00:00" endTime="2025-08-11T23:18:45.6936689+00:00" testType="13cdc9d9-ddb5-4fa4-a97d-d965ccfc6d4b" outcome="Passed" testListId="8c84fa94-04c1-424b-9868-57a2d4851a1d" relativeResultsDirectory="0d31d3d5-8e3c-4c1b-ad0f-12d51558020b" />
    <UnitTestResult executionId="002dc115-8125-49d4-9991-7c95f4f0f507" testId="180a8a6f-cd05-0144-2ab5-cc27cf6b3780" testName="ElementIsVisible_Positive" computerName="cursor" duration="00:00:00.0001140" startTime="2025-08-11T23:18:46.0245679+00:00" endTime="2025-08-11T23:18:46.0246816+00:00" testType="13cdc9d9-ddb5-4fa4-a97d-d965ccfc6d4b" outcome="Passed" testListId="8c84fa94-04c1-424b-9868-57a2d4851a1d" relativeResultsDirectory="002dc115-8125-49d4-9991-7c95f4f0f507" />
    <UnitTestResult executionId="5a9102ad-a653-44ca-b2d0-e1efdba7459f" testId="0b5f1728-7b8a-73cb-1723-24feb2bf7d3d" testName="Constructor_WithNullDriver_ShouldThrowArgumentNullException" computerName="cursor" duration="00:00:00.0001870" startTime="2025-08-11T23:18:45.8170163+00:00" endTime="2025-08-11T23:18:45.8172031+00:00" testType="13cdc9d9-ddb5-4fa4-a97d-d965ccfc6d4b" outcome="Passed" testListId="8c84fa94-04c1-424b-9868-57a2d4851a1d" relativeResultsDirectory="5a9102ad-a653-44ca-b2d0-e1efdba7459f" />
    <UnitTestResult executionId="c99d7c1c-7da5-4528-a798-36cd62806f63" testId="2e23022d-866f-3ace-93c9-9c504b47228e" testName="RegisterPlugin_WithNullPlugin_ThrowsArgumentNullException" computerName="cursor" duration="00:00:00.0001960" startTime="2025-08-11T23:18:46.0032367+00:00" endTime="2025-08-11T23:18:46.0034329+00:00" testType="13cdc9d9-ddb5-4fa4-a97d-d965ccfc6d4b" outcome="Passed" testListId="8c84fa94-04c1-424b-9868-57a2d4851a1d" relativeResultsDirectory="c99d7c1c-7da5-4528-a798-36cd62806f63" />
    <UnitTestResult executionId="e1fa05a0-5afd-41de-9b10-b236f74d441f" testId="8ee850f6-f93d-44de-04bb-8bbc073b000b" testName="Constructor_WithNullOptions_ShouldThrowArgumentNullException" computerName="cursor" duration="00:00:00.0005830" startTime="2025-08-11T23:18:45.7870165+00:00" endTime="2025-08-11T23:18:45.7875995+00:00" testType="13cdc9d9-ddb5-4fa4-a97d-d965ccfc6d4b" outcome="Passed" testListId="8c84fa94-04c1-424b-9868-57a2d4851a1d" relativeResultsDirectory="e1fa05a0-5afd-41de-9b10-b236f74d441f" />
    <UnitTestResult executionId="89d2ef83-ae2d-4cfa-9996-7d8deaa976c8" testId="f3b5f62e-4f46-2207-7f46-5faefe33f536" testName="Exists_WhenElementDoesNotExist_ShouldReturnFalse" computerName="cursor" duration="00:00:00.0008630" startTime="2025-08-11T23:18:45.8249001+00:00" endTime="2025-08-11T23:18:45.8257627+00:00" testType="13cdc9d9-ddb5-4fa4-a97d-d965ccfc6d4b" outcome="Passed" testListId="8c84fa94-04c1-424b-9868-57a2d4851a1d" relativeResultsDirectory="89d2ef83-ae2d-4cfa-9996-7d8deaa976c8" />
    <UnitTestResult executionId="fe9dbd29-60a2-4416-b3a5-36f97e746c4b" testId="bba98ce8-0e46-19a1-add2-e0e6659866ca" testName="Constructor_WithNoParameters_CreatesInstance" computerName="cursor" duration="00:00:00.0000790" startTime="2025-08-11T23:18:45.8428994+00:00" endTime="2025-08-11T23:18:45.8429779+00:00" testType="13cdc9d9-ddb5-4fa4-a97d-d965ccfc6d4b" outcome="Passed" testListId="8c84fa94-04c1-424b-9868-57a2d4851a1d" relativeResultsDirectory="fe9dbd29-60a2-4416-b3a5-36f97e746c4b" />
    <UnitTestResult executionId="7de05ace-9352-4cf5-bb41-a039d682d146" testId="20de0f10-a260-56ec-7409-45cd1f921704" testName="WebApplicationFactory_WithUnhealthyEndpoint_TimesOutPathsCovered" computerName="cursor" duration="00:00:00.0002940" startTime="2025-08-11T23:18:45.7465417+00:00" endTime="2025-08-11T23:18:45.7468357+00:00" testType="13cdc9d9-ddb5-4fa4-a97d-d965ccfc6d4b" outcome="Passed" testListId="8c84fa94-04c1-424b-9868-57a2d4851a1d" relativeResultsDirectory="7de05ace-9352-4cf5-bb41-a039d682d146" />
    <UnitTestResult executionId="11f853b1-f872-4c92-ac5d-260221ae5394" testId="dd8f8349-d619-3359-a263-b07e1bc2b428" testName="Indexer_WithIndexGreaterThanCount_ShouldThrowArgumentOutOfRangeException" computerName="cursor" duration="00:00:00.0002830" startTime="2025-08-11T23:18:45.8141229+00:00" endTime="2025-08-11T23:18:45.8144055+00:00" testType="13cdc9d9-ddb5-4fa4-a97d-d965ccfc6d4b" outcome="Passed" testListId="8c84fa94-04c1-424b-9868-57a2d4851a1d" relativeResultsDirectory="11f853b1-f872-4c92-ac5d-260221ae5394" />
    <UnitTestResult executionId="c62c7a4a-5a86-4d73-a232-93f4efaaf99a" testId="179ad534-942e-3d0d-8cd9-ff68b706f3bf" testName="IsSelected_ShouldReturnFalse" computerName="cursor" duration="00:00:00.0001410" startTime="2025-08-11T23:18:45.8289881+00:00" endTime="2025-08-11T23:18:45.8291293+00:00" testType="13cdc9d9-ddb5-4fa4-a97d-d965ccfc6d4b" outcome="Passed" testListId="8c84fa94-04c1-424b-9868-57a2d4851a1d" relativeResultsDirectory="c62c7a4a-5a86-4d73-a232-93f4efaaf99a" />
    <UnitTestResult executionId="2814f0ea-6ea9-4f7b-97fa-5a98c203b180" testId="53b308dd-208a-388e-c5f9-16f490d67de6" testName="NavigateToUrl_WithNullUrl_IsValid" computerName="cursor" duration="00:00:00.0003540" startTime="2025-08-11T23:18:45.9959665+00:00" endTime="2025-08-11T23:18:45.9963207+00:00" testType="13cdc9d9-ddb5-4fa4-a97d-d965ccfc6d4b" outcome="Passed" testListId="8c84fa94-04c1-424b-9868-57a2d4851a1d" relativeResultsDirectory="2814f0ea-6ea9-4f7b-97fa-5a98c203b180" />
    <UnitTestResult executionId="899f41c3-e968-487b-90ed-9dc768a0ce14" testId="1d0c7a95-619b-8f87-d712-932128165f7a" testName="ElementValidationException_Constructors_Work" computerName="cursor" duration="00:00:00.0002100" startTime="2025-08-11T23:18:45.8408286+00:00" endTime="2025-08-11T23:18:45.8410389+00:00" testType="13cdc9d9-ddb5-4fa4-a97d-d965ccfc6d4b" outcome="Passed" testListId="8c84fa94-04c1-424b-9868-57a2d4851a1d" relativeResultsDirectory="899f41c3-e968-487b-90ed-9dc768a0ce14" />
    <UnitTestResult executionId="c2afcc96-1d1c-4746-bd25-3b6be15f9f45" testId="58c799eb-3510-390d-5f8b-eb2a700feeb4" testName="Build_ShouldReturnConfiguredElement" computerName="cursor" duration="00:00:00.0365750" startTime="2025-08-11T23:18:45.7495389+00:00" endTime="2025-08-11T23:18:45.7861135+00:00" testType="13cdc9d9-ddb5-4fa4-a97d-d965ccfc6d4b" outcome="Passed" testListId="8c84fa94-04c1-424b-9868-57a2d4851a1d" relativeResultsDirectory="c2afcc96-1d1c-4746-bd25-3b6be15f9f45" />
    <UnitTestResult executionId="a6165778-eee9-48b3-94f7-ccf4a69129b9" testId="8a43bd3c-a801-bb4f-9167-9cddc20d64b5" testName="WithWebServerProjectPath_WithEmptyPath_Removed" computerName="cursor" duration="00:00:00.0001290" startTime="2025-08-11T23:18:45.8625710+00:00" endTime="2025-08-11T23:18:45.8627000+00:00" testType="13cdc9d9-ddb5-4fa4-a97d-d965ccfc6d4b" outcome="Passed" testListId="8c84fa94-04c1-424b-9868-57a2d4851a1d" relativeResultsDirectory="a6165778-eee9-48b3-94f7-ccf4a69129b9">
      <Output>
        <StdOut>Removed</StdOut>
      </Output>
    </UnitTestResult>
  </Results>
  <TestDefinitions>
    <UnitTest name="IEnumerableGetEnumerator_ShouldReturnAllElements" storage="/workspace/tests/fluentuiscaffold.core.tests/bin/debug/net8.0/fluentuiscaffold.core.tests.dll" id="475357e7-c128-1ac1-651e-32f7af1e435a">
      <Execution id="559288d8-94e7-4cc6-aed2-70ac7a51a509" />
      <TestMethod codeBase="/workspace/tests/FluentUIScaffold.Core.Tests/bin/Debug/net8.0/FluentUIScaffold.Core.Tests.dll" adapterTypeName="executor://nunit3testexecutor/" className="FluentUIScaffold.Core.Tests.ElementCollectionTests" name="IEnumerableGetEnumerator_ShouldReturnAllElements" />
    </UnitTest>
    <UnitTest name="Register_SamePluginTypeTwice_DeduplicatesByType" storage="/workspace/tests/fluentuiscaffold.core.tests/bin/debug/net8.0/fluentuiscaffold.core.tests.dll" id="f46fda5d-5750-4db5-4e78-e68e765afd13">
      <Execution id="bd373cda-ef8d-4a1e-917e-f0b70abaa05f" />
      <TestMethod codeBase="/workspace/tests/FluentUIScaffold.Core.Tests/bin/Debug/net8.0/FluentUIScaffold.Core.Tests.dll" adapterTypeName="executor://nunit3testexecutor/" className="FluentUIScaffold.Core.Tests.PluginRegistryTests" name="Register_SamePluginTypeTwice_DeduplicatesByType" />
    </UnitTest>
    <UnitTest name="WithDefaultWaitTimeout_WithZeroTimeout_ThrowsException" storage="/workspace/tests/fluentuiscaffold.core.tests/bin/debug/net8.0/fluentuiscaffold.core.tests.dll" id="bb6d95e1-fe2b-c7f2-f120-8406bb52b03a">
      <Execution id="4723831c-44e8-443d-a250-311e1ec3d229" />
      <TestMethod codeBase="/workspace/tests/FluentUIScaffold.Core.Tests/bin/Debug/net8.0/FluentUIScaffold.Core.Tests.dll" adapterTypeName="executor://nunit3testexecutor/" className="FluentUIScaffold.Core.Tests.FluentUIScaffoldOptionsBuilderTests" name="WithDefaultWaitTimeout_WithZeroTimeout_ThrowsException" />
    </UnitTest>
    <UnitTest name="RegisterPlugin_WithDuplicatePlugin_DoesNotAddDuplicate" storage="/workspace/tests/fluentuiscaffold.core.tests/bin/debug/net8.0/fluentuiscaffold.core.tests.dll" id="4346959c-3e94-4c0e-1880-3b5ac77fbbde">
      <Execution id="47ee5cff-085f-46bc-b918-9e5db43daa47" />
      <TestMethod codeBase="/workspace/tests/FluentUIScaffold.Core.Tests/bin/Debug/net8.0/FluentUIScaffold.Core.Tests.dll" adapterTypeName="executor://nunit3testexecutor/" className="FluentUIScaffold.Core.Tests.PluginManagerTests" name="RegisterPlugin_WithDuplicatePlugin_DoesNotAddDuplicate" />
    </UnitTest>
    <UnitTest name="VerificationException_Constructors_Work" storage="/workspace/tests/fluentuiscaffold.core.tests/bin/debug/net8.0/fluentuiscaffold.core.tests.dll" id="19dd36e1-31f9-3753-0a72-7dc6f09188c0">
      <Execution id="56b58b2f-2833-4607-a786-5cc762498d95" />
      <TestMethod codeBase="/workspace/tests/FluentUIScaffold.Core.Tests/bin/Debug/net8.0/FluentUIScaffold.Core.Tests.dll" adapterTypeName="executor://nunit3testexecutor/" className="FluentUIScaffold.Core.Tests.ExceptionsTests" name="VerificationException_Constructors_Work" />
    </UnitTest>
    <UnitTest name="Constructor_WithNullElements_ShouldInitializeEmptyCollection" storage="/workspace/tests/fluentuiscaffold.core.tests/bin/debug/net8.0/fluentuiscaffold.core.tests.dll" id="c2f5de2f-6096-d57c-95e5-fec26b8d796d">
      <Execution id="67f955b0-b582-4c1f-bfa6-369b4d57cf23" />
      <TestMethod codeBase="/workspace/tests/FluentUIScaffold.Core.Tests/bin/Debug/net8.0/FluentUIScaffold.Core.Tests.dll" adapterTypeName="executor://nunit3testexecutor/" className="FluentUIScaffold.Core.Tests.ElementCollectionTests" name="Constructor_WithNullElements_ShouldInitializeEmptyCollection" />
    </UnitTest>
    <UnitTest name="WebApplicationFactory_FrameworkAndConfiguration_ProducesExpectedRunCommand" storage="/workspace/tests/fluentuiscaffold.core.tests/bin/debug/net8.0/fluentuiscaffold.core.tests.dll" id="5e045292-2424-2536-e9a7-78679c446a8a">
      <Execution id="1cb65674-7296-495e-9612-37ab77c3938f" />
      <TestMethod codeBase="/workspace/tests/FluentUIScaffold.Core.Tests/bin/Debug/net8.0/FluentUIScaffold.Core.Tests.dll" adapterTypeName="executor://nunit3testexecutor/" className="FluentUIScaffold.Core.Tests.ServerConfigurationBuilderIntegrationTests" name="WebApplicationFactory_FrameworkAndConfiguration_ProducesExpectedRunCommand" />
    </UnitTest>
    <UnitTest name="BuildCommandArguments_ReturnsExpectedFormat" storage="/workspace/tests/fluentuiscaffold.core.tests/bin/debug/net8.0/fluentuiscaffold.core.tests.dll" id="0b3109f8-d2a8-47f7-ae01-04faf34ff615">
      <Execution id="61dde88b-cc3b-4b71-aca8-f291a37a04aa" />
      <TestMethod codeBase="/workspace/tests/FluentUIScaffold.Core.Tests/bin/Debug/net8.0/FluentUIScaffold.Core.Tests.dll" adapterTypeName="executor://nunit3testexecutor/" className="FluentUIScaffold.Core.Tests.AspNetCoreServerLauncherTests" name="BuildCommandArguments_ReturnsExpectedFormat" />
    </UnitTest>
    <UnitTest name="WithDescription_ShouldSetDescription" storage="/workspace/tests/fluentuiscaffold.core.tests/bin/debug/net8.0/fluentuiscaffold.core.tests.dll" id="a646cbbd-eb04-f9aa-5695-780998d26368">
      <Execution id="2048a6f1-8fc0-4b44-b21e-6a9e5bcca9d2" />
      <TestMethod codeBase="/workspace/tests/FluentUIScaffold.Core.Tests/bin/Debug/net8.0/FluentUIScaffold.Core.Tests.dll" adapterTypeName="executor://nunit3testexecutor/" className="FluentUIScaffold.Core.Tests.ElementBuilderTests" name="WithDescription_ShouldSetDescription" />
    </UnitTest>
    <UnitTest name="IsEnabled_ShouldCallDriverIsEnabled" storage="/workspace/tests/fluentuiscaffold.core.tests/bin/debug/net8.0/fluentuiscaffold.core.tests.dll" id="3972325b-780e-8149-0501-afcdb2e51733">
      <Execution id="2704bc02-1d4b-44ca-8efe-2e4724dffefa" />
      <TestMethod codeBase="/workspace/tests/FluentUIScaffold.Core.Tests/bin/Debug/net8.0/FluentUIScaffold.Core.Tests.dll" adapterTypeName="executor://nunit3testexecutor/" className="FluentUIScaffold.Core.Tests.ElementTests" name="IsEnabled_ShouldCallDriverIsEnabled" />
    </UnitTest>
    <UnitTest name="WithSlowMo_WithNullValue_SetsSlowMoToNull" storage="/workspace/tests/fluentuiscaffold.core.tests/bin/debug/net8.0/fluentuiscaffold.core.tests.dll" id="eeb41d66-bc8a-3f24-dae1-82048046740c">
      <Execution id="5defacb6-d043-43c8-bfda-00bfd96dfb89" />
      <TestMethod codeBase="/workspace/tests/FluentUIScaffold.Core.Tests/bin/Debug/net8.0/FluentUIScaffold.Core.Tests.dll" adapterTypeName="executor://nunit3testexecutor/" className="FluentUIScaffold.Core.Tests.FluentUIScaffoldOptionsBuilderTests" name="WithSlowMo_WithNullValue_SetsSlowMoToNull" />
    </UnitTest>
    <UnitTest name="Filter_WithNoMatchingElements_ShouldReturnEmptyCollection" storage="/workspace/tests/fluentuiscaffold.core.tests/bin/debug/net8.0/fluentuiscaffold.core.tests.dll" id="d6e5f7f2-25f3-210a-1f00-1f733c0e9da8">
      <Execution id="ba047050-0e4b-489c-bafd-436435edb6de" />
      <TestMethod codeBase="/workspace/tests/FluentUIScaffold.Core.Tests/bin/Debug/net8.0/FluentUIScaffold.Core.Tests.dll" adapterTypeName="executor://nunit3testexecutor/" className="FluentUIScaffold.Core.Tests.ElementCollectionTests" name="Filter_WithNoMatchingElements_ShouldReturnEmptyCollection" />
    </UnitTest>
    <UnitTest name="FluentUIScaffoldException_Constructors_Work" storage="/workspace/tests/fluentuiscaffold.core.tests/bin/debug/net8.0/fluentuiscaffold.core.tests.dll" id="4d23582b-dfd6-378d-ff6d-4da2dfba9dba">
      <Execution id="b9d2d2e3-bd03-42cb-8621-af2aa6d7b430" />
      <TestMethod codeBase="/workspace/tests/FluentUIScaffold.Core.Tests/bin/Debug/net8.0/FluentUIScaffold.Core.Tests.dll" adapterTypeName="executor://nunit3testexecutor/" className="FluentUIScaffold.Core.Tests.ExceptionsTests" name="FluentUIScaffoldException_Constructors_Work" />
    </UnitTest>
    <UnitTest name="ValidatePlugins_WithInvalidPlugin_ThrowsPluginException" storage="/workspace/tests/fluentuiscaffold.core.tests/bin/debug/net8.0/fluentuiscaffold.core.tests.dll" id="ab102e48-216b-a6e1-6a1e-ce5492770c81">
      <Execution id="fe235b61-53d7-409b-9087-b12912e7f372" />
      <TestMethod codeBase="/workspace/tests/FluentUIScaffold.Core.Tests/bin/Debug/net8.0/FluentUIScaffold.Core.Tests.dll" adapterTypeName="executor://nunit3testexecutor/" className="FluentUIScaffold.Core.Tests.PluginManagerTests" name="ValidatePlugins_WithInvalidPlugin_ThrowsPluginException" />
    </UnitTest>
    <UnitTest name="WithBaseUrl_WithValidUrl_SetsBaseUrl" storage="/workspace/tests/fluentuiscaffold.core.tests/bin/debug/net8.0/fluentuiscaffold.core.tests.dll" id="d0ef1a67-943c-e03c-80e8-cb9d77933072">
      <Execution id="88307853-fc21-4f54-84b7-9c80a04a1513" />
      <TestMethod codeBase="/workspace/tests/FluentUIScaffold.Core.Tests/bin/Debug/net8.0/FluentUIScaffold.Core.Tests.dll" adapterTypeName="executor://nunit3testexecutor/" className="FluentUIScaffold.Core.Tests.FluentUIScaffoldTests" name="WithBaseUrl_WithValidUrl_SetsBaseUrl" />
    </UnitTest>
    <UnitTest name="WithCustomWait_WithNullCondition_ShouldThrowArgumentNullException" storage="/workspace/tests/fluentuiscaffold.core.tests/bin/debug/net8.0/fluentuiscaffold.core.tests.dll" id="0b4fc99c-eb06-94b0-bab6-1d7f1e79217a">
      <Execution id="28835f4f-80a7-46bb-9d0a-d7bd38d7aeb4" />
      <TestMethod codeBase="/workspace/tests/FluentUIScaffold.Core.Tests/bin/Debug/net8.0/FluentUIScaffold.Core.Tests.dll" adapterTypeName="executor://nunit3testexecutor/" className="FluentUIScaffold.Core.Tests.ElementBuilderTests" name="WithCustomWait_WithNullCondition_ShouldThrowArgumentNullException" />
    </UnitTest>
    <UnitTest name="DetectProjectPath_InGitRepo_FindsProjectInSrc" storage="/workspace/tests/fluentuiscaffold.core.tests/bin/debug/net8.0/fluentuiscaffold.core.tests.dll" id="d9c1e874-b98e-f314-cfca-82dd9dc7660b">
      <Execution id="af651fb0-dfc8-43f2-a1be-9b8280aa910e" />
      <TestMethod codeBase="/workspace/tests/FluentUIScaffold.Core.Tests/bin/Debug/net8.0/FluentUIScaffold.Core.Tests.dll" adapterTypeName="executor://nunit3testexecutor/" className="FluentUIScaffold.Core.Tests.GitBasedProjectDetectorTests" name="DetectProjectPath_InGitRepo_FindsProjectInSrc" />
    </UnitTest>
    <UnitTest name="Constructor_WithValidElements_ShouldInitializeCollection" storage="/workspace/tests/fluentuiscaffold.core.tests/bin/debug/net8.0/fluentuiscaffold.core.tests.dll" id="dd2018e8-67f8-175b-29d6-c073c16953d1">
      <Execution id="ab3cb59f-4819-4386-8384-6b1b31e8be9e" />
      <TestMethod codeBase="/workspace/tests/FluentUIScaffold.Core.Tests/bin/Debug/net8.0/FluentUIScaffold.Core.Tests.dll" adapterTypeName="executor://nunit3testexecutor/" className="FluentUIScaffold.Core.Tests.ElementCollectionTests" name="Constructor_WithValidElements_ShouldInitializeCollection" />
    </UnitTest>
    <UnitTest name="DotNet_WorkingDirectory_IsApplied" storage="/workspace/tests/fluentuiscaffold.core.tests/bin/debug/net8.0/fluentuiscaffold.core.tests.dll" id="6d5a4486-b343-0cdc-4507-2918b358e5b5">
      <Execution id="a508ce39-1226-4f80-9e38-4aa4af7be9c8" />
      <TestMethod codeBase="/workspace/tests/FluentUIScaffold.Core.Tests/bin/Debug/net8.0/FluentUIScaffold.Core.Tests.dll" adapterTypeName="executor://nunit3testexecutor/" className="FluentUIScaffold.Core.Tests.ServerConfigurationBuilderIntegrationTests" name="DotNet_WorkingDirectory_IsApplied" />
    </UnitTest>
    <UnitTest name="SpaProxy_Toggle_SetsHostingStartupAssembliesEnv" storage="/workspace/tests/fluentuiscaffold.core.tests/bin/debug/net8.0/fluentuiscaffold.core.tests.dll" id="07d2e673-5834-e2ca-06bc-89c7780bb3c8">
      <Execution id="e507195e-fdca-4de0-87bb-df861528b210" />
      <TestMethod codeBase="/workspace/tests/FluentUIScaffold.Core.Tests/bin/Debug/net8.0/FluentUIScaffold.Core.Tests.dll" adapterTypeName="executor://nunit3testexecutor/" className="FluentUIScaffold.Core.Tests.ServerConfigurationBuilderIntegrationTests" name="SpaProxy_Toggle_SetsHostingStartupAssembliesEnv" />
    </UnitTest>
    <UnitTest name="WithCustomWait_ShouldSetCustomWaitCondition" storage="/workspace/tests/fluentuiscaffold.core.tests/bin/debug/net8.0/fluentuiscaffold.core.tests.dll" id="446583bb-1a0c-a601-da8c-b6db446288a3">
      <Execution id="247ee1b1-e21a-4059-8400-5482672b425e" />
      <TestMethod codeBase="/workspace/tests/FluentUIScaffold.Core.Tests/bin/Debug/net8.0/FluentUIScaffold.Core.Tests.dll" adapterTypeName="executor://nunit3testexecutor/" className="FluentUIScaffold.Core.Tests.ElementBuilderTests" name="WithCustomWait_ShouldSetCustomWaitCondition" />
    </UnitTest>
    <UnitTest name="WithAttribute_WithNullName_ShouldThrowArgumentException" storage="/workspace/tests/fluentuiscaffold.core.tests/bin/debug/net8.0/fluentuiscaffold.core.tests.dll" id="f2f6b3ec-eeaf-c73e-5a2e-1ef2fc174766">
      <Execution id="4b311d28-ae0f-414d-bfc6-1a0df0fb8164" />
      <TestMethod codeBase="/workspace/tests/FluentUIScaffold.Core.Tests/bin/Debug/net8.0/FluentUIScaffold.Core.Tests.dll" adapterTypeName="executor://nunit3testexecutor/" className="FluentUIScaffold.Core.Tests.ElementBuilderTests" name="WithAttribute_WithNullName_ShouldThrowArgumentException" />
    </UnitTest>
    <UnitTest name="Constructor_WithLogger_CreatesInstance" storage="/workspace/tests/fluentuiscaffold.core.tests/bin/debug/net8.0/fluentuiscaffold.core.tests.dll" id="5bf46c48-3055-37d6-fef8-c9d126207b04">
      <Execution id="c48880a5-0178-44ff-bae0-4bd67a4c9e93" />
      <TestMethod codeBase="/workspace/tests/FluentUIScaffold.Core.Tests/bin/Debug/net8.0/FluentUIScaffold.Core.Tests.dll" adapterTypeName="executor://nunit3testexecutor/" className="FluentUIScaffold.Core.Tests.PluginManagerTests" name="Constructor_WithLogger_CreatesInstance" />
    </UnitTest>
    <UnitTest name="Constructor_WithNullOptions_ThrowsArgumentNullException" storage="/workspace/tests/fluentuiscaffold.core.tests/bin/debug/net8.0/fluentuiscaffold.core.tests.dll" id="4d36eff3-cb8c-cc2b-ae0a-7341e46f417f">
      <Execution id="4f5ba8cb-6d35-4a7a-9d58-1516fc702998" />
      <TestMethod codeBase="/workspace/tests/FluentUIScaffold.Core.Tests/bin/Debug/net8.0/FluentUIScaffold.Core.Tests.dll" adapterTypeName="executor://nunit3testexecutor/" className="FluentUIScaffold.Core.Tests.FluentUIScaffoldOptionsBuilderTests" name="Constructor_WithNullOptions_ThrowsArgumentNullException" />
    </UnitTest>
    <UnitTest name="WaitForServerReady_Succeeds_WhenHealthy" storage="/workspace/tests/fluentuiscaffold.core.tests/bin/debug/net8.0/fluentuiscaffold.core.tests.dll" id="1b9b8e0f-7ca6-98b2-3acc-030eea6eec79">
      <Execution id="7c77a225-1feb-403c-8f85-c1d4d3544a26" />
      <TestMethod codeBase="/workspace/tests/FluentUIScaffold.Core.Tests/bin/Debug/net8.0/FluentUIScaffold.Core.Tests.dll" adapterTypeName="executor://nunit3testexecutor/" className="FluentUIScaffold.Core.Tests.AspNetCoreServerLauncherReadinessTests" name="WaitForServerReady_Succeeds_WhenHealthy" />
    </UnitTest>
    <UnitTest name="IsVisible_ShouldCallDriverIsVisible" storage="/workspace/tests/fluentuiscaffold.core.tests/bin/debug/net8.0/fluentuiscaffold.core.tests.dll" id="0c9cdc29-691b-c84f-d982-5575012bff55">
      <Execution id="288cc57d-a8cc-4056-82db-78b042753568" />
      <TestMethod codeBase="/workspace/tests/FluentUIScaffold.Core.Tests/bin/Debug/net8.0/FluentUIScaffold.Core.Tests.dll" adapterTypeName="executor://nunit3testexecutor/" className="FluentUIScaffold.Core.Tests.ElementTests" name="IsVisible_ShouldCallDriverIsVisible" />
    </UnitTest>
    <UnitTest name="GetOrCreateElement_WithExistingKey_ShouldReturnCachedElement" storage="/workspace/tests/fluentuiscaffold.core.tests/bin/debug/net8.0/fluentuiscaffold.core.tests.dll" id="e75b2bb9-5515-7802-e744-4a6d4013843f">
      <Execution id="40dea0cc-5075-40e4-a6c7-b68beea404c3" />
      <TestMethod codeBase="/workspace/tests/FluentUIScaffold.Core.Tests/bin/Debug/net8.0/FluentUIScaffold.Core.Tests.dll" adapterTypeName="executor://nunit3testexecutor/" className="FluentUIScaffold.Core.Tests.ElementFactoryTests" name="GetOrCreateElement_WithExistingKey_ShouldReturnCachedElement" />
    </UnitTest>
    <UnitTest name="EnvironmentDefaults_AreApplied_WhenNotProvided" storage="/workspace/tests/fluentuiscaffold.core.tests/bin/debug/net8.0/fluentuiscaffold.core.tests.dll" id="09311360-5b2a-d8bb-bda7-c830483aca7e">
      <Execution id="ebbb4f62-90b6-46cc-9819-445598996c4b" />
      <TestMethod codeBase="/workspace/tests/FluentUIScaffold.Core.Tests/bin/Debug/net8.0/FluentUIScaffold.Core.Tests.dll" adapterTypeName="executor://nunit3testexecutor/" className="FluentUIScaffold.Core.Tests.AspireServerLauncherTests" name="EnvironmentDefaults_AreApplied_WhenNotProvided" />
    </UnitTest>
    <UnitTest name="Select_ShouldCallDriverSelectOption" storage="/workspace/tests/fluentuiscaffold.core.tests/bin/debug/net8.0/fluentuiscaffold.core.tests.dll" id="f6b53d12-55a1-6cea-cf6b-996b794f8a7d">
      <Execution id="f52512fb-29c5-4560-b57a-1afa43081b3e" />
      <TestMethod codeBase="/workspace/tests/FluentUIScaffold.Core.Tests/bin/Debug/net8.0/FluentUIScaffold.Core.Tests.dll" adapterTypeName="executor://nunit3testexecutor/" className="FluentUIScaffold.Core.Tests.ElementTests" name="Select_ShouldCallDriverSelectOption" />
    </UnitTest>
    <UnitTest name="CreateDriver_WithNoPlugins_ThrowsFluentUIScaffoldPluginException" storage="/workspace/tests/fluentuiscaffold.core.tests/bin/debug/net8.0/fluentuiscaffold.core.tests.dll" id="63abd0f8-5814-164f-7950-4ad186521ab4">
      <Execution id="d883d642-bb5d-44ed-b2cb-db54b3dec119" />
      <TestMethod codeBase="/workspace/tests/FluentUIScaffold.Core.Tests/bin/Debug/net8.0/FluentUIScaffold.Core.Tests.dll" adapterTypeName="executor://nunit3testexecutor/" className="FluentUIScaffold.Core.Tests.PluginManagerTests" name="CreateDriver_WithNoPlugins_ThrowsFluentUIScaffoldPluginException" />
    </UnitTest>
    <UnitTest name="WithHeadlessMode_WithNullValue_SetsHeadlessModeToNull" storage="/workspace/tests/fluentuiscaffold.core.tests/bin/debug/net8.0/fluentuiscaffold.core.tests.dll" id="677131f5-8f9b-a5d7-51f3-8830f5479d4d">
      <Execution id="deab9b22-9e33-4dad-8c0d-b9adebc36656" />
      <TestMethod codeBase="/workspace/tests/FluentUIScaffold.Core.Tests/bin/Debug/net8.0/FluentUIScaffold.Core.Tests.dll" adapterTypeName="executor://nunit3testexecutor/" className="FluentUIScaffold.Core.Tests.FluentUIScaffoldOptionsBuilderTests" name="WithHeadlessMode_WithNullValue_SetsHeadlessModeToNull" />
    </UnitTest>
    <UnitTest name="Indexer_WithIndexGreaterThanCount_ShouldThrowArgumentOutOfRangeException" storage="/workspace/tests/fluentuiscaffold.core.tests/bin/debug/net8.0/fluentuiscaffold.core.tests.dll" id="dd8f8349-d619-3359-a263-b07e1bc2b428">
      <Execution id="11f853b1-f872-4c92-ac5d-260221ae5394" />
      <TestMethod codeBase="/workspace/tests/FluentUIScaffold.Core.Tests/bin/Debug/net8.0/FluentUIScaffold.Core.Tests.dll" adapterTypeName="executor://nunit3testexecutor/" className="FluentUIScaffold.Core.Tests.ElementCollectionTests" name="Indexer_WithIndexGreaterThanCount_ShouldThrowArgumentOutOfRangeException" />
    </UnitTest>
    <UnitTest name="IsSelected_ShouldReturnFalse" storage="/workspace/tests/fluentuiscaffold.core.tests/bin/debug/net8.0/fluentuiscaffold.core.tests.dll" id="179ad534-942e-3d0d-8cd9-ff68b706f3bf">
      <Execution id="c62c7a4a-5a86-4d73-a232-93f4efaaf99a" />
      <TestMethod codeBase="/workspace/tests/FluentUIScaffold.Core.Tests/bin/Debug/net8.0/FluentUIScaffold.Core.Tests.dll" adapterTypeName="executor://nunit3testexecutor/" className="FluentUIScaffold.Core.Tests.ElementTests" name="IsSelected_ShouldReturnFalse" />
    </UnitTest>
    <UnitTest name="CreateDriver_WithValidOptions_ReturnsDriver" storage="/workspace/tests/fluentuiscaffold.core.tests/bin/debug/net8.0/fluentuiscaffold.core.tests.dll" id="3f49ee74-f47f-14db-402b-a5606f508f18">
      <Execution id="b0c4cbd9-878d-42c3-adcf-80a78eea3118" />
      <TestMethod codeBase="/workspace/tests/FluentUIScaffold.Core.Tests/bin/Debug/net8.0/FluentUIScaffold.Core.Tests.dll" adapterTypeName="executor://nunit3testexecutor/" className="FluentUIScaffold.Core.Tests.PluginManagerTests" name="CreateDriver_WithValidOptions_ReturnsDriver" />
    </UnitTest>
    <UnitTest name="ValidatePlugins_WithValidPlugins_DoesNotThrow" storage="/workspace/tests/fluentuiscaffold.core.tests/bin/debug/net8.0/fluentuiscaffold.core.tests.dll" id="a8ccc846-1ff4-1690-63b6-362e0b40f521">
      <Execution id="151c29b7-f48d-4cd2-b8c4-6ef83ee18268" />
      <TestMethod codeBase="/workspace/tests/FluentUIScaffold.Core.Tests/bin/Debug/net8.0/FluentUIScaffold.Core.Tests.dll" adapterTypeName="executor://nunit3testexecutor/" className="FluentUIScaffold.Core.Tests.PluginManagerTests" name="ValidatePlugins_WithValidPlugins_DoesNotThrow" />
    </UnitTest>
    <UnitTest name="StartServerAsync_ServerAlreadyRunning_SetsRunningState" storage="/workspace/tests/fluentuiscaffold.core.tests/bin/debug/net8.0/fluentuiscaffold.core.tests.dll" id="3297f400-bb31-d8da-0f7d-46758c3d7554">
      <Execution id="c3a9e310-0d8d-4042-945c-62e7b1b4d816" />
      <TestMethod codeBase="/workspace/tests/FluentUIScaffold.Core.Tests/bin/Debug/net8.0/FluentUIScaffold.Core.Tests.dll" adapterTypeName="executor://nunit3testexecutor/" className="FluentUIScaffold.Core.Tests.WebServerManagerTests" name="StartServerAsync_ServerAlreadyRunning_SetsRunningState" />
    </UnitTest>
    <UnitTest name="Build_WithValidConfiguration_ReturnsConfiguredOptions" storage="/workspace/tests/fluentuiscaffold.core.tests/bin/debug/net8.0/fluentuiscaffold.core.tests.dll" id="020a6f08-c481-d586-c35b-71ffdcdf77ae">
      <Execution id="56c3f830-f4c9-4b4f-b193-f4f8af4ae680" />
      <TestMethod codeBase="/workspace/tests/FluentUIScaffold.Core.Tests/bin/Debug/net8.0/FluentUIScaffold.Core.Tests.dll" adapterTypeName="executor://nunit3testexecutor/" className="FluentUIScaffold.Core.Tests.FluentUIScaffoldOptionsBuilderTests" name="Build_WithValidConfiguration_ReturnsConfiguredOptions" />
    </UnitTest>
    <UnitTest name="Constructor_WithValidParameters_ShouldInitializeFactory" storage="/workspace/tests/fluentuiscaffold.core.tests/bin/debug/net8.0/fluentuiscaffold.core.tests.dll" id="0f9f915d-f9f9-434c-81bb-640e07bacad2">
      <Execution id="3ac0182e-3879-4c02-be56-526821664926" />
      <TestMethod codeBase="/workspace/tests/FluentUIScaffold.Core.Tests/bin/Debug/net8.0/FluentUIScaffold.Core.Tests.dll" adapterTypeName="executor://nunit3testexecutor/" className="FluentUIScaffold.Core.Tests.ElementFactoryTests" name="Constructor_WithValidParameters_ShouldInitializeFactory" />
    </UnitTest>
    <UnitTest name="Exists_WhenElementExists_ShouldReturnTrue" storage="/workspace/tests/fluentuiscaffold.core.tests/bin/debug/net8.0/fluentuiscaffold.core.tests.dll" id="268d744c-88c8-b894-11b0-d59382621120">
      <Execution id="d9ab0c8d-f66c-4f66-86d9-2f3b9fa6c269" />
      <TestMethod codeBase="/workspace/tests/FluentUIScaffold.Core.Tests/bin/Debug/net8.0/FluentUIScaffold.Core.Tests.dll" adapterTypeName="executor://nunit3testexecutor/" className="FluentUIScaffold.Core.Tests.ElementTests" name="Exists_WhenElementExists_ShouldReturnTrue" />
    </UnitTest>
    <UnitTest name="CreateDriver_WithNullOptions_ThrowsArgumentNullException" storage="/workspace/tests/fluentuiscaffold.core.tests/bin/debug/net8.0/fluentuiscaffold.core.tests.dll" id="33a7bbde-5ce9-4487-c1d1-eb748c5080db">
      <Execution id="20a02633-8b46-47af-9150-d200eea5a4ea" />
      <TestMethod codeBase="/workspace/tests/FluentUIScaffold.Core.Tests/bin/Debug/net8.0/FluentUIScaffold.Core.Tests.dll" adapterTypeName="executor://nunit3testexecutor/" className="FluentUIScaffold.Core.Tests.PluginManagerTests" name="CreateDriver_WithNullOptions_ThrowsArgumentNullException" />
    </UnitTest>
    <UnitTest name="WithHeadlessMode_WithValidValue_SetsHeadlessMode" storage="/workspace/tests/fluentuiscaffold.core.tests/bin/debug/net8.0/fluentuiscaffold.core.tests.dll" id="2944cbda-271d-8e00-031a-dd03321c1f09">
      <Execution id="0e08bbae-b66a-43ed-8a17-0044ae99a5ba" />
      <TestMethod codeBase="/workspace/tests/FluentUIScaffold.Core.Tests/bin/Debug/net8.0/FluentUIScaffold.Core.Tests.dll" adapterTypeName="executor://nunit3testexecutor/" className="FluentUIScaffold.Core.Tests.FluentUIScaffoldOptionsBuilderTests" name="WithHeadlessMode_WithValidValue_SetsHeadlessMode" />
    </UnitTest>
    <UnitTest name="FilterByAttribute_WithMatchingAttribute_ShouldReturnFilteredCollection" storage="/workspace/tests/fluentuiscaffold.core.tests/bin/debug/net8.0/fluentuiscaffold.core.tests.dll" id="bf999a1f-994b-fb2b-0916-7df6581792db">
      <Execution id="43624caa-cb39-49e2-80e5-e25079122e32" />
      <TestMethod codeBase="/workspace/tests/FluentUIScaffold.Core.Tests/bin/Debug/net8.0/FluentUIScaffold.Core.Tests.dll" adapterTypeName="executor://nunit3testexecutor/" className="FluentUIScaffold.Core.Tests.ElementCollectionTests" name="FilterByAttribute_WithMatchingAttribute_ShouldReturnFilteredCollection" />
    </UnitTest>
    <UnitTest name="Constructor_WithNoParameters_CreatesInstance" storage="/workspace/tests/fluentuiscaffold.core.tests/bin/debug/net8.0/fluentuiscaffold.core.tests.dll" id="bba98ce8-0e46-19a1-add2-e0e6659866ca">
      <Execution id="fe9dbd29-60a2-4416-b3a5-36f97e746c4b" />
      <TestMethod codeBase="/workspace/tests/FluentUIScaffold.Core.Tests/bin/Debug/net8.0/FluentUIScaffold.Core.Tests.dll" adapterTypeName="executor://nunit3testexecutor/" className="FluentUIScaffold.Core.Tests.FluentUIScaffoldOptionsBuilderTests" name="Constructor_WithNoParameters_CreatesInstance" />
    </UnitTest>
    <UnitTest name="RegisterPlugin_WithValidPluginInstance_RegistersPlugin" storage="/workspace/tests/fluentuiscaffold.core.tests/bin/debug/net8.0/fluentuiscaffold.core.tests.dll" id="12ff9ff8-18aa-7b6e-4922-4d2923a6060b">
      <Execution id="92cc5e97-9a3d-443d-ad03-4474a7257a77" />
      <TestMethod codeBase="/workspace/tests/FluentUIScaffold.Core.Tests/bin/Debug/net8.0/FluentUIScaffold.Core.Tests.dll" adapterTypeName="executor://nunit3testexecutor/" className="FluentUIScaffold.Core.Tests.PluginManagerTests" name="RegisterPlugin_WithValidPluginInstance_RegistersPlugin" />
    </UnitTest>
    <UnitTest name="BuildCommandArguments_PrependsScript_AndAppendsArgs" storage="/workspace/tests/fluentuiscaffold.core.tests/bin/debug/net8.0/fluentuiscaffold.core.tests.dll" id="4cd43b66-f3f8-8df6-5266-95b6a332d485">
      <Execution id="4fcb0b03-0cf5-401d-b6bf-47d0ad306b7f" />
      <TestMethod codeBase="/workspace/tests/FluentUIScaffold.Core.Tests/bin/Debug/net8.0/FluentUIScaffold.Core.Tests.dll" adapterTypeName="executor://nunit3testexecutor/" className="FluentUIScaffold.Core.Tests.NodeJsServerLauncherTests" name="BuildCommandArguments_PrependsScript_AndAppendsArgs" />
    </UnitTest>
    <UnitTest name="FilterByAttribute_WithNullAttributeName_ShouldThrowArgumentException" storage="/workspace/tests/fluentuiscaffold.core.tests/bin/debug/net8.0/fluentuiscaffold.core.tests.dll" id="c3694fbe-f799-3b5e-9ff5-0d754eb65db7">
      <Execution id="f4cc7b85-1d99-4a20-9a05-eac8cf6c864a" />
      <TestMethod codeBase="/workspace/tests/FluentUIScaffold.Core.Tests/bin/Debug/net8.0/FluentUIScaffold.Core.Tests.dll" adapterTypeName="executor://nunit3testexecutor/" className="FluentUIScaffold.Core.Tests.ElementCollectionTests" name="FilterByAttribute_WithNullAttributeName_ShouldThrowArgumentException" />
    </UnitTest>
    <UnitTest name="WebApplicationFactory_GetLauncher_SelectsCorrectLauncher" storage="/workspace/tests/fluentuiscaffold.core.tests/bin/debug/net8.0/fluentuiscaffold.core.tests.dll" id="fcd32eae-1929-9e13-f2a2-ebf52e2ea1bb">
      <Execution id="8ecb2cf2-1b21-4f5f-886b-12fe296b6134" />
      <TestMethod codeBase="/workspace/tests/FluentUIScaffold.Core.Tests/bin/Debug/net8.0/FluentUIScaffold.Core.Tests.dll" adapterTypeName="executor://nunit3testexecutor/" className="FluentUIScaffold.Core.Tests.ServerConfigurationBuilderIntegrationTests" name="WebApplicationFactory_GetLauncher_SelectsCorrectLauncher" />
    </UnitTest>
    <UnitTest name="FilterByText_WithEmptyText_ShouldReturnEmptyCollection" storage="/workspace/tests/fluentuiscaffold.core.tests/bin/debug/net8.0/fluentuiscaffold.core.tests.dll" id="5d00fc9b-986f-8e7a-5894-fe21deab4d76">
      <Execution id="4be390f0-f9fb-488d-bcbe-d192af3e6050" />
      <TestMethod codeBase="/workspace/tests/FluentUIScaffold.Core.Tests/bin/Debug/net8.0/FluentUIScaffold.Core.Tests.dll" adapterTypeName="executor://nunit3testexecutor/" className="FluentUIScaffold.Core.Tests.ElementCollectionTests" name="FilterByText_WithEmptyText_ShouldReturnEmptyCollection" />
    </UnitTest>
    <UnitTest name="GetPlugins_ReturnsRegisteredPlugins" storage="/workspace/tests/fluentuiscaffold.core.tests/bin/debug/net8.0/fluentuiscaffold.core.tests.dll" id="b301e5a2-6274-43e4-8d33-13911ec17a00">
      <Execution id="f3590db3-15e1-4592-a02b-5c9c9a3beb53" />
      <TestMethod codeBase="/workspace/tests/FluentUIScaffold.Core.Tests/bin/Debug/net8.0/FluentUIScaffold.Core.Tests.dll" adapterTypeName="executor://nunit3testexecutor/" className="FluentUIScaffold.Core.Tests.PluginManagerTests" name="GetPlugins_ReturnsRegisteredPlugins" />
    </UnitTest>
    <UnitTest name="CustomEnvironmentVariables_ArePreserved" storage="/workspace/tests/fluentuiscaffold.core.tests/bin/debug/net8.0/fluentuiscaffold.core.tests.dll" id="9db3b268-6657-af98-9f75-1b63df5c1b61">
      <Execution id="1d529cfd-2a2d-4247-a4cd-5cfae639b2e9" />
      <TestMethod codeBase="/workspace/tests/FluentUIScaffold.Core.Tests/bin/Debug/net8.0/FluentUIScaffold.Core.Tests.dll" adapterTypeName="executor://nunit3testexecutor/" className="FluentUIScaffold.Core.Tests.ServerConfigurationBuilderIntegrationTests" name="CustomEnvironmentVariables_ArePreserved" />
    </UnitTest>
    <UnitTest name="NodeJs_WithScriptAndEnv_ProducesExpectedCommandAndEnv" storage="/workspace/tests/fluentuiscaffold.core.tests/bin/debug/net8.0/fluentuiscaffold.core.tests.dll" id="5457ec9d-b666-cb43-0581-94c4ccf2eefc">
      <Execution id="b6e9a50c-b93c-4bc6-836e-5d271ab4d00e" />
      <TestMethod codeBase="/workspace/tests/FluentUIScaffold.Core.Tests/bin/Debug/net8.0/FluentUIScaffold.Core.Tests.dll" adapterTypeName="executor://nunit3testexecutor/" className="FluentUIScaffold.Core.Tests.ServerConfigurationBuilderIntegrationTests" name="NodeJs_WithScriptAndEnv_ProducesExpectedCommandAndEnv" />
    </UnitTest>
    <UnitTest name="IsCached_WithNonExistingKey_ShouldReturnFalse" storage="/workspace/tests/fluentuiscaffold.core.tests/bin/debug/net8.0/fluentuiscaffold.core.tests.dll" id="bf028da6-1617-4eb8-985e-f133f6495b1c">
      <Execution id="84c9677e-6b58-4715-ba50-814f838bcadb" />
      <TestMethod codeBase="/workspace/tests/FluentUIScaffold.Core.Tests/bin/Debug/net8.0/FluentUIScaffold.Core.Tests.dll" adapterTypeName="executor://nunit3testexecutor/" className="FluentUIScaffold.Core.Tests.ElementFactoryTests" name="IsCached_WithNonExistingKey_ShouldReturnFalse" />
    </UnitTest>
    <UnitTest name="ElementValidationException_Constructors_Work" storage="/workspace/tests/fluentuiscaffold.core.tests/bin/debug/net8.0/fluentuiscaffold.core.tests.dll" id="1d0c7a95-619b-8f87-d712-932128165f7a">
      <Execution id="899f41c3-e968-487b-90ed-9dc768a0ce14" />
      <TestMethod codeBase="/workspace/tests/FluentUIScaffold.Core.Tests/bin/Debug/net8.0/FluentUIScaffold.Core.Tests.dll" adapterTypeName="executor://nunit3testexecutor/" className="FluentUIScaffold.Core.Tests.ExceptionsTests" name="ElementValidationException_Constructors_Work" />
    </UnitTest>
    <UnitTest name="WebApplicationFactory_WithUnhealthyEndpoint_TimesOutPathsCovered" storage="/workspace/tests/fluentuiscaffold.core.tests/bin/debug/net8.0/fluentuiscaffold.core.tests.dll" id="20de0f10-a260-56ec-7409-45cd1f921704">
      <Execution id="7de05ace-9352-4cf5-bb41-a039d682d146" />
      <TestMethod codeBase="/workspace/tests/FluentUIScaffold.Core.Tests/bin/Debug/net8.0/FluentUIScaffold.Core.Tests.dll" adapterTypeName="executor://nunit3testexecutor/" className="FluentUIScaffold.Core.Tests.AspNetServerLauncherReadinessTests" name="WebApplicationFactory_WithUnhealthyEndpoint_TimesOutPathsCovered" />
    </UnitTest>
    <UnitTest name="Constructor_WithNullSelector_ShouldThrowArgumentNullException" storage="/workspace/tests/fluentuiscaffold.core.tests/bin/debug/net8.0/fluentuiscaffold.core.tests.dll" id="e08a08af-210e-a1c2-6824-5a7b54cc2338">
      <Execution id="dce7c511-c765-43fd-9adc-fe27106f5de3" />
      <TestMethod codeBase="/workspace/tests/FluentUIScaffold.Core.Tests/bin/Debug/net8.0/FluentUIScaffold.Core.Tests.dll" adapterTypeName="executor://nunit3testexecutor/" className="FluentUIScaffold.Core.Tests.ElementTests" name="Constructor_WithNullSelector_ShouldThrowArgumentNullException" />
    </UnitTest>
    <UnitTest name="Constructor_WithNullOptions_ShouldThrowArgumentNullException" storage="/workspace/tests/fluentuiscaffold.core.tests/bin/debug/net8.0/fluentuiscaffold.core.tests.dll" id="8ee850f6-f93d-44de-04bb-8bbc073b000b">
      <Execution id="e1fa05a0-5afd-41de-9b10-b236f74d441f" />
      <TestMethod codeBase="/workspace/tests/FluentUIScaffold.Core.Tests/bin/Debug/net8.0/FluentUIScaffold.Core.Tests.dll" adapterTypeName="executor://nunit3testexecutor/" className="FluentUIScaffold.Core.Tests.ElementBuilderTests" name="Constructor_WithNullOptions_ShouldThrowArgumentNullException" />
    </UnitTest>
    <UnitTest name="SetServerSpecificEnvironmentVariables_AspNetCore_SetsAspNetCoreUrls" storage="/workspace/tests/fluentuiscaffold.core.tests/bin/debug/net8.0/fluentuiscaffold.core.tests.dll" id="894f94b1-efcc-7bbe-43c4-5aa998a01fba">
      <Execution id="8604a9e6-2e2d-4f0b-850a-4d4277fb6f35" />
      <TestMethod codeBase="/workspace/tests/FluentUIScaffold.Core.Tests/bin/Debug/net8.0/FluentUIScaffold.Core.Tests.dll" adapterTypeName="executor://nunit3testexecutor/" className="FluentUIScaffold.Core.Tests.AspNetServerLauncherTests" name="SetServerSpecificEnvironmentVariables_AspNetCore_SetsAspNetCoreUrls" />
    </UnitTest>
    <UnitTest name="Constructor_WithNullOptions_ShouldThrowArgumentNullException" storage="/workspace/tests/fluentuiscaffold.core.tests/bin/debug/net8.0/fluentuiscaffold.core.tests.dll" id="e78cb7dd-0751-e11c-f830-882cb6a69d14">
      <Execution id="ca39dc64-9bc5-467a-9eac-d754db080d06" />
      <TestMethod codeBase="/workspace/tests/FluentUIScaffold.Core.Tests/bin/Debug/net8.0/FluentUIScaffold.Core.Tests.dll" adapterTypeName="executor://nunit3testexecutor/" className="FluentUIScaffold.Core.Tests.ElementFactoryTests" name="Constructor_WithNullOptions_ShouldThrowArgumentNullException" />
    </UnitTest>
    <UnitTest name="CreateConfigurationWithDetection_WithValidParameters_ReturnsConfiguration" storage="/workspace/tests/fluentuiscaffold.core.tests/bin/debug/net8.0/fluentuiscaffold.core.tests.dll" id="869c75f3-f0d3-ccd1-94b9-b347ceeefe6e">
      <Execution id="f8dc006f-fd2a-4987-80a7-51810442ffa1" />
      <TestMethod codeBase="/workspace/tests/FluentUIScaffold.Core.Tests/bin/Debug/net8.0/FluentUIScaffold.Core.Tests.dll" adapterTypeName="executor://nunit3testexecutor/" className="FluentUIScaffold.Core.Tests.ServerLauncherFactoryTests" name="CreateConfigurationWithDetection_WithValidParameters_ReturnsConfiguration" />
    </UnitTest>
    <UnitTest name="CreateElement_WithValidSelector_ShouldReturnElement" storage="/workspace/tests/fluentuiscaffold.core.tests/bin/debug/net8.0/fluentuiscaffold.core.tests.dll" id="6112ca55-caad-863b-bca3-e844e296c7b3">
      <Execution id="592fc00a-ec68-44f5-8255-e0a4196e86fc" />
      <TestMethod codeBase="/workspace/tests/FluentUIScaffold.Core.Tests/bin/Debug/net8.0/FluentUIScaffold.Core.Tests.dll" adapterTypeName="executor://nunit3testexecutor/" className="FluentUIScaffold.Core.Tests.ElementFactoryTests" name="CreateElement_WithValidSelector_ShouldReturnElement" />
    </UnitTest>
    <UnitTest name="DotNet_WithFrameworkAndConfiguration_ProducesExpectedRunCommand" storage="/workspace/tests/fluentuiscaffold.core.tests/bin/debug/net8.0/fluentuiscaffold.core.tests.dll" id="405fd94c-1e16-06c6-669b-4f6514668f24">
      <Execution id="ffaa83c4-b5d6-4963-a8eb-cec14bba82c3" />
      <TestMethod codeBase="/workspace/tests/FluentUIScaffold.Core.Tests/bin/Debug/net8.0/FluentUIScaffold.Core.Tests.dll" adapterTypeName="executor://nunit3testexecutor/" className="FluentUIScaffold.Core.Tests.ServerConfigurationBuilderIntegrationTests" name="DotNet_WithFrameworkAndConfiguration_ProducesExpectedRunCommand" />
    </UnitTest>
    <UnitTest name="RegisterElement_WithValidParameters_ShouldCacheElement" storage="/workspace/tests/fluentuiscaffold.core.tests/bin/debug/net8.0/fluentuiscaffold.core.tests.dll" id="1c8b7bab-7237-42e0-5fb5-c55615089994">
      <Execution id="25591eea-3d2c-493c-8612-e33a7b2f55ac" />
      <TestMethod codeBase="/workspace/tests/FluentUIScaffold.Core.Tests/bin/Debug/net8.0/FluentUIScaffold.Core.Tests.dll" adapterTypeName="executor://nunit3testexecutor/" className="FluentUIScaffold.Core.Tests.ElementFactoryTests" name="RegisterElement_WithValidParameters_ShouldCacheElement" />
    </UnitTest>
    <UnitTest name="WaitForServerReady_TimesOut_WhenUnhealthy" storage="/workspace/tests/fluentuiscaffold.core.tests/bin/debug/net8.0/fluentuiscaffold.core.tests.dll" id="9137de2c-3425-5caa-24c5-a0e443b11f11">
      <Execution id="749b8e27-60aa-43ea-aaa4-7bb95fca9758" />
      <TestMethod codeBase="/workspace/tests/FluentUIScaffold.Core.Tests/bin/Debug/net8.0/FluentUIScaffold.Core.Tests.dll" adapterTypeName="executor://nunit3testexecutor/" className="FluentUIScaffold.Core.Tests.AspNetCoreServerLauncherReadinessTests" name="WaitForServerReady_TimesOut_WhenUnhealthy" />
    </UnitTest>
    <UnitTest name="FilterByAttribute_WithNoMatchingAttribute_ShouldReturnEmptyCollection" storage="/workspace/tests/fluentuiscaffold.core.tests/bin/debug/net8.0/fluentuiscaffold.core.tests.dll" id="d93cec4f-53d9-403d-a92c-21324eed1dc2">
      <Execution id="10e8021c-f6fa-4aec-9309-1c6c36c228b3" />
      <TestMethod codeBase="/workspace/tests/FluentUIScaffold.Core.Tests/bin/Debug/net8.0/FluentUIScaffold.Core.Tests.dll" adapterTypeName="executor://nunit3testexecutor/" className="FluentUIScaffold.Core.Tests.ElementCollectionTests" name="FilterByAttribute_WithNoMatchingAttribute_ShouldReturnEmptyCollection" />
    </UnitTest>
    <UnitTest name="WithSlowMo_WithNegativeValue_ThrowsException" storage="/workspace/tests/fluentuiscaffold.core.tests/bin/debug/net8.0/fluentuiscaffold.core.tests.dll" id="6dd2c663-126f-c692-d442-51f4ddb16f47">
      <Execution id="a66bf05c-d2ee-4d87-b0e1-fa81f142cacd" />
      <TestMethod codeBase="/workspace/tests/FluentUIScaffold.Core.Tests/bin/Debug/net8.0/FluentUIScaffold.Core.Tests.dll" adapterTypeName="executor://nunit3testexecutor/" className="FluentUIScaffold.Core.Tests.FluentUIScaffoldOptionsBuilderTests" name="WithSlowMo_WithNegativeValue_ThrowsException" />
    </UnitTest>
    <UnitTest name="Constructor_WithValidParameters_ShouldInitializeWithDefaultValues" storage="/workspace/tests/fluentuiscaffold.core.tests/bin/debug/net8.0/fluentuiscaffold.core.tests.dll" id="2d7af110-a47a-3498-5f06-ff20a980bae8">
      <Execution id="73bbe7d8-9e26-4cf2-827d-4ca8888e4763" />
      <TestMethod codeBase="/workspace/tests/FluentUIScaffold.Core.Tests/bin/Debug/net8.0/FluentUIScaffold.Core.Tests.dll" adapterTypeName="executor://nunit3testexecutor/" className="FluentUIScaffold.Core.Tests.ElementBuilderTests" name="Constructor_WithValidParameters_ShouldInitializeWithDefaultValues" />
    </UnitTest>
    <UnitTest name="WaitForServerReady_TimesOut_WhenUnhealthy" storage="/workspace/tests/fluentuiscaffold.core.tests/bin/debug/net8.0/fluentuiscaffold.core.tests.dll" id="6b4edf85-bcda-05c4-98dc-c7c477f0a89a">
      <Execution id="0efbf45e-3e62-4c20-b6b7-53de99b51c04" />
      <TestMethod codeBase="/workspace/tests/FluentUIScaffold.Core.Tests/bin/Debug/net8.0/FluentUIScaffold.Core.Tests.dll" adapterTypeName="executor://nunit3testexecutor/" className="FluentUIScaffold.Core.Tests.AspireServerLauncherReadinessTests" name="WaitForServerReady_TimesOut_WhenUnhealthy" />
    </UnitTest>
    <UnitTest name="GetOrCreateElement_WithNewKey_ShouldCreateAndCacheElement" storage="/workspace/tests/fluentuiscaffold.core.tests/bin/debug/net8.0/fluentuiscaffold.core.tests.dll" id="f1c510fe-f632-6958-5421-3d34e26a9b68">
      <Execution id="fe4f1bf7-c1b0-4764-964d-6db605a37ac3" />
      <TestMethod codeBase="/workspace/tests/FluentUIScaffold.Core.Tests/bin/Debug/net8.0/FluentUIScaffold.Core.Tests.dll" adapterTypeName="executor://nunit3testexecutor/" className="FluentUIScaffold.Core.Tests.ElementFactoryTests" name="GetOrCreateElement_WithNewKey_ShouldCreateAndCacheElement" />
    </UnitTest>
    <UnitTest name="Constructor_WithEmptyElements_ShouldInitializeEmptyCollection" storage="/workspace/tests/fluentuiscaffold.core.tests/bin/debug/net8.0/fluentuiscaffold.core.tests.dll" id="cc50075c-462e-8b57-d394-e1d716bb8f7e">
      <Execution id="8f6a16f7-5bba-4962-b25c-0fc52f6b7877" />
      <TestMethod codeBase="/workspace/tests/FluentUIScaffold.Core.Tests/bin/Debug/net8.0/FluentUIScaffold.Core.Tests.dll" adapterTypeName="executor://nunit3testexecutor/" className="FluentUIScaffold.Core.Tests.ElementCollectionTests" name="Constructor_WithEmptyElements_ShouldInitializeEmptyCollection" />
    </UnitTest>
    <UnitTest name="CreateElement_WithEmptySelector_ShouldThrowArgumentException" storage="/workspace/tests/fluentuiscaffold.core.tests/bin/debug/net8.0/fluentuiscaffold.core.tests.dll" id="ab73f926-d1a2-00f0-bb5d-c38f897fb557">
      <Execution id="25a39f33-4b15-4881-98f3-addfa882fac1" />
      <TestMethod codeBase="/workspace/tests/FluentUIScaffold.Core.Tests/bin/Debug/net8.0/FluentUIScaffold.Core.Tests.dll" adapterTypeName="executor://nunit3testexecutor/" className="FluentUIScaffold.Core.Tests.ElementFactoryTests" name="CreateElement_WithEmptySelector_ShouldThrowArgumentException" />
    </UnitTest>
    <UnitTest name="DotNet_CustomArguments_AreAppended" storage="/workspace/tests/fluentuiscaffold.core.tests/bin/debug/net8.0/fluentuiscaffold.core.tests.dll" id="c48c7a66-1a74-12aa-2595-2e164ad6c470">
      <Execution id="145e1403-ffbe-4953-9d67-b2127f498dcc" />
      <TestMethod codeBase="/workspace/tests/FluentUIScaffold.Core.Tests/bin/Debug/net8.0/FluentUIScaffold.Core.Tests.dll" adapterTypeName="executor://nunit3testexecutor/" className="FluentUIScaffold.Core.Tests.ServerConfigurationBuilderIntegrationTests" name="DotNet_CustomArguments_AreAppended" />
    </UnitTest>
    <UnitTest name="GetPlugins_ReturnsReadOnlyCollection" storage="/workspace/tests/fluentuiscaffold.core.tests/bin/debug/net8.0/fluentuiscaffold.core.tests.dll" id="b16522d5-763c-5079-f175-3132fe0bb3ec">
      <Execution id="228a2b7f-53b4-43d7-b969-fedca8f0baf4" />
      <TestMethod codeBase="/workspace/tests/FluentUIScaffold.Core.Tests/bin/Debug/net8.0/FluentUIScaffold.Core.Tests.dll" adapterTypeName="executor://nunit3testexecutor/" className="FluentUIScaffold.Core.Tests.PluginManagerTests" name="GetPlugins_ReturnsReadOnlyCollection" />
    </UnitTest>
    <UnitTest name="Build_WithInvalidConfiguration_ThrowsException" storage="/workspace/tests/fluentuiscaffold.core.tests/bin/debug/net8.0/fluentuiscaffold.core.tests.dll" id="5dbab36b-8bf9-b94a-886b-0679437303ac">
      <Execution id="0098d43d-7c37-4e52-99f0-a7fd6e6a556e" />
      <TestMethod codeBase="/workspace/tests/FluentUIScaffold.Core.Tests/bin/Debug/net8.0/FluentUIScaffold.Core.Tests.dll" adapterTypeName="executor://nunit3testexecutor/" className="FluentUIScaffold.Core.Tests.FluentUIScaffoldOptionsBuilderTests" name="Build_WithInvalidConfiguration_ThrowsException" />
    </UnitTest>
    <UnitTest name="Aspire_WithFrameworkAndDefaults_ProducesExpectedRunCommandAndEnv" storage="/workspace/tests/fluentuiscaffold.core.tests/bin/debug/net8.0/fluentuiscaffold.core.tests.dll" id="ac2caede-1993-10f2-1269-ecc9a1cb91c8">
      <Execution id="91c9dde0-74f9-440a-befa-ffd6c1e62246" />
      <TestMethod codeBase="/workspace/tests/FluentUIScaffold.Core.Tests/bin/Debug/net8.0/FluentUIScaffold.Core.Tests.dll" adapterTypeName="executor://nunit3testexecutor/" className="FluentUIScaffold.Core.Tests.ServerConfigurationBuilderIntegrationTests" name="Aspire_WithFrameworkAndDefaults_ProducesExpectedRunCommandAndEnv" />
    </UnitTest>
    <UnitTest name="Click_ShouldCallDriverClick" storage="/workspace/tests/fluentuiscaffold.core.tests/bin/debug/net8.0/fluentuiscaffold.core.tests.dll" id="121b3ea7-a273-e796-8c2e-1aff78536d24">
      <Execution id="932dab2d-30ff-46d1-abc8-82aea832c71d" />
      <TestMethod codeBase="/workspace/tests/FluentUIScaffold.Core.Tests/bin/Debug/net8.0/FluentUIScaffold.Core.Tests.dll" adapterTypeName="executor://nunit3testexecutor/" className="FluentUIScaffold.Core.Tests.ElementTests" name="Click_ShouldCallDriverClick" />
    </UnitTest>
    <UnitTest name="First_WithEmptyCollection_ShouldThrowInvalidOperationException" storage="/workspace/tests/fluentuiscaffold.core.tests/bin/debug/net8.0/fluentuiscaffold.core.tests.dll" id="cc28fd0d-aeb1-6068-03cf-a613121c3154">
      <Execution id="af1a0646-a79d-4b9e-9ad0-96f6d02e85c9" />
      <TestMethod codeBase="/workspace/tests/FluentUIScaffold.Core.Tests/bin/Debug/net8.0/FluentUIScaffold.Core.Tests.dll" adapterTypeName="executor://nunit3testexecutor/" className="FluentUIScaffold.Core.Tests.ElementCollectionTests" name="First_WithEmptyCollection_ShouldThrowInvalidOperationException" />
    </UnitTest>
    <UnitTest name="RemoveFromCache_WithExistingKey_ShouldRemoveElement" storage="/workspace/tests/fluentuiscaffold.core.tests/bin/debug/net8.0/fluentuiscaffold.core.tests.dll" id="c6b038af-0bc0-b632-00c4-3ef8ea29ed6e">
      <Execution id="09d98020-0ee6-47cd-a839-6ed21848e75f" />
      <TestMethod codeBase="/workspace/tests/FluentUIScaffold.Core.Tests/bin/Debug/net8.0/FluentUIScaffold.Core.Tests.dll" adapterTypeName="executor://nunit3testexecutor/" className="FluentUIScaffold.Core.Tests.ElementFactoryTests" name="RemoveFromCache_WithExistingKey_ShouldRemoveElement" />
    </UnitTest>
    <UnitTest name="NavigateToUrl_WithValidUrl_NavigatesSuccessfully" storage="/workspace/tests/fluentuiscaffold.core.tests/bin/debug/net8.0/fluentuiscaffold.core.tests.dll" id="2ae1304c-81ac-a359-4734-cee502a63ccd">
      <Execution id="d80c3956-3980-42e8-8a8a-42284ceedd4f" />
      <TestMethod codeBase="/workspace/tests/FluentUIScaffold.Core.Tests/bin/Debug/net8.0/FluentUIScaffold.Core.Tests.dll" adapterTypeName="executor://nunit3testexecutor/" className="FluentUIScaffold.Core.Tests.NavigationTests" name="NavigateToUrl_WithValidUrl_NavigatesSuccessfully" />
    </UnitTest>
    <UnitTest name="ClearCache_ShouldRemoveAllElements" storage="/workspace/tests/fluentuiscaffold.core.tests/bin/debug/net8.0/fluentuiscaffold.core.tests.dll" id="8f39af80-f58e-71ee-14e2-037e33d2ca9e">
      <Execution id="6d05779c-d59c-405a-9c0a-f6a53073eb79" />
      <TestMethod codeBase="/workspace/tests/FluentUIScaffold.Core.Tests/bin/Debug/net8.0/FluentUIScaffold.Core.Tests.dll" adapterTypeName="executor://nunit3testexecutor/" className="FluentUIScaffold.Core.Tests.ElementFactoryTests" name="ClearCache_ShouldRemoveAllElements" />
    </UnitTest>
    <UnitTest name="FilterByAttribute_WithEmptyAttributeName_ShouldThrowArgumentException" storage="/workspace/tests/fluentuiscaffold.core.tests/bin/debug/net8.0/fluentuiscaffold.core.tests.dll" id="18f05ca5-b5fb-a8dd-f454-c581d558cbe9">
      <Execution id="439712aa-77ee-4fbf-a8ae-f5397b35eea2" />
      <TestMethod codeBase="/workspace/tests/FluentUIScaffold.Core.Tests/bin/Debug/net8.0/FluentUIScaffold.Core.Tests.dll" adapterTypeName="executor://nunit3testexecutor/" className="FluentUIScaffold.Core.Tests.ElementCollectionTests" name="FilterByAttribute_WithEmptyAttributeName_ShouldThrowArgumentException" />
    </UnitTest>
    <UnitTest name="UrlMatches_PositiveAndNegative" storage="/workspace/tests/fluentuiscaffold.core.tests/bin/debug/net8.0/fluentuiscaffold.core.tests.dll" id="5f7c4701-d824-4b97-c114-36e1e6a4c33e">
      <Execution id="e99ef86c-1689-4e11-ac07-b45be0f80584" />
      <TestMethod codeBase="/workspace/tests/FluentUIScaffold.Core.Tests/bin/Debug/net8.0/FluentUIScaffold.Core.Tests.dll" adapterTypeName="executor://nunit3testexecutor/" className="FluentUIScaffold.Core.Tests.VerificationContextTests" name="UrlMatches_PositiveAndNegative" />
    </UnitTest>
    <UnitTest name="LastOrDefault_WithNonEmptyCollection_ShouldReturnLastElement" storage="/workspace/tests/fluentuiscaffold.core.tests/bin/debug/net8.0/fluentuiscaffold.core.tests.dll" id="cbefd2c6-af4f-b601-5e3c-99959e055433">
      <Execution id="c9b73385-1577-49ce-b14d-cfdd6f17f295" />
      <TestMethod codeBase="/workspace/tests/FluentUIScaffold.Core.Tests/bin/Debug/net8.0/FluentUIScaffold.Core.Tests.dll" adapterTypeName="executor://nunit3testexecutor/" className="FluentUIScaffold.Core.Tests.ElementCollectionTests" name="LastOrDefault_WithNonEmptyCollection_ShouldReturnLastElement" />
    </UnitTest>
    <UnitTest name="DetectProjectPath_FromConfigFile_ReturnsPath" storage="/workspace/tests/fluentuiscaffold.core.tests/bin/debug/net8.0/fluentuiscaffold.core.tests.dll" id="fff58572-0076-1d30-45fe-03dd6cfeccd1">
      <Execution id="3491f3e0-9fe0-40f6-97ab-6e9ff8f80bad" />
      <TestMethod codeBase="/workspace/tests/FluentUIScaffold.Core.Tests/bin/Debug/net8.0/FluentUIScaffold.Core.Tests.dll" adapterTypeName="executor://nunit3testexecutor/" className="FluentUIScaffold.Core.Tests.EnvironmentBasedProjectDetectorTests" name="DetectProjectPath_FromConfigFile_ReturnsPath" />
    </UnitTest>
    <UnitTest name="SlowMo_WithValidValue_SetsSlowMo" storage="/workspace/tests/fluentuiscaffold.core.tests/bin/debug/net8.0/fluentuiscaffold.core.tests.dll" id="2c985496-df4a-5947-e2dc-50422705efcf">
      <Execution id="bde808b3-50ca-40cd-85b0-d73504f4121b" />
      <TestMethod codeBase="/workspace/tests/FluentUIScaffold.Core.Tests/bin/Debug/net8.0/FluentUIScaffold.Core.Tests.dll" adapterTypeName="executor://nunit3testexecutor/" className="FluentUIScaffold.Core.Tests.FluentUIScaffoldTests" name="SlowMo_WithValidValue_SetsSlowMo" />
    </UnitTest>
    <UnitTest name="WebApplicationFactory_WithHealthyEndpoint_ReadinessPathsCovered" storage="/workspace/tests/fluentuiscaffold.core.tests/bin/debug/net8.0/fluentuiscaffold.core.tests.dll" id="280bf3f0-72fb-f486-cff4-df88da493c15">
      <Execution id="ed35ea03-58f4-48c2-bff3-bbadb380e59f" />
      <TestMethod codeBase="/workspace/tests/FluentUIScaffold.Core.Tests/bin/Debug/net8.0/FluentUIScaffold.Core.Tests.dll" adapterTypeName="executor://nunit3testexecutor/" className="FluentUIScaffold.Core.Tests.AspNetServerLauncherReadinessTests" name="WebApplicationFactory_WithHealthyEndpoint_ReadinessPathsCovered" />
    </UnitTest>
    <UnitTest name="FilterOutputByPort_MatchesCorrectLines" storage="/workspace/tests/fluentuiscaffold.core.tests/bin/debug/net8.0/fluentuiscaffold.core.tests.dll" id="a5af218b-8bb2-00fd-6d22-0e1ead0c9ffa">
      <Execution id="d71e7204-257a-4839-9686-bdd222ace29a" />
      <TestMethod codeBase="/workspace/tests/FluentUIScaffold.Core.Tests/bin/Debug/net8.0/FluentUIScaffold.Core.Tests.dll" adapterTypeName="executor://nunit3testexecutor/" className="FluentUIScaffold.Core.Tests.PortProcessFinderTests" name="FilterOutputByPort_MatchesCorrectLines" />
    </UnitTest>
    <UnitTest name="SpaProxyEnv_PropagatesToStartInfo" storage="/workspace/tests/fluentuiscaffold.core.tests/bin/debug/net8.0/fluentuiscaffold.core.tests.dll" id="ba86690a-e524-5b30-0581-e7c61fd4694c">
      <Execution id="0d31d3d5-8e3c-4c1b-ad0f-12d51558020b" />
      <TestMethod codeBase="/workspace/tests/FluentUIScaffold.Core.Tests/bin/Debug/net8.0/FluentUIScaffold.Core.Tests.dll" adapterTypeName="executor://nunit3testexecutor/" className="FluentUIScaffold.Core.Tests.AspNetCoreServerLauncherTests" name="SpaProxyEnv_PropagatesToStartInfo" />
    </UnitTest>
    <UnitTest name="WithAttribute_WithNullValue_ShouldSetEmptyString" storage="/workspace/tests/fluentuiscaffold.core.tests/bin/debug/net8.0/fluentuiscaffold.core.tests.dll" id="e490ff0f-804e-81fe-d54a-5987cfe60093">
      <Execution id="e312fb17-6b57-4a80-904c-509714de4f14" />
      <TestMethod codeBase="/workspace/tests/FluentUIScaffold.Core.Tests/bin/Debug/net8.0/FluentUIScaffold.Core.Tests.dll" adapterTypeName="executor://nunit3testexecutor/" className="FluentUIScaffold.Core.Tests.ElementBuilderTests" name="WithAttribute_WithNullValue_ShouldSetEmptyString" />
    </UnitTest>
    <UnitTest name="GetEnumerator_ShouldReturnAllElements" storage="/workspace/tests/fluentuiscaffold.core.tests/bin/debug/net8.0/fluentuiscaffold.core.tests.dll" id="4b5ed4f4-cca7-3210-3b0c-b7d6cb410605">
      <Execution id="d5a8e747-5b67-40cd-aeb6-03f55fa4d81f" />
      <TestMethod codeBase="/workspace/tests/FluentUIScaffold.Core.Tests/bin/Debug/net8.0/FluentUIScaffold.Core.Tests.dll" adapterTypeName="executor://nunit3testexecutor/" className="FluentUIScaffold.Core.Tests.ElementCollectionTests" name="GetEnumerator_ShouldReturnAllElements" />
    </UnitTest>
    <UnitTest name="RegisterLauncher_WithValidLauncher_RegistersSuccessfully" storage="/workspace/tests/fluentuiscaffold.core.tests/bin/debug/net8.0/fluentuiscaffold.core.tests.dll" id="24920700-cbf0-845b-81d7-78958082ce63">
      <Execution id="91fe3874-72ca-4515-9587-216e00add435" />
      <TestMethod codeBase="/workspace/tests/FluentUIScaffold.Core.Tests/bin/Debug/net8.0/FluentUIScaffold.Core.Tests.dll" adapterTypeName="executor://nunit3testexecutor/" className="FluentUIScaffold.Core.Tests.ServerLauncherFactoryTests" name="RegisterLauncher_WithValidLauncher_RegistersSuccessfully" />
    </UnitTest>
    <UnitTest name="CreateElement_WithNullSelector_ShouldThrowArgumentException" storage="/workspace/tests/fluentuiscaffold.core.tests/bin/debug/net8.0/fluentuiscaffold.core.tests.dll" id="0857da33-b4ef-b236-6099-02a532ef2a14">
      <Execution id="b494c8fa-d8fa-4491-8d30-f178a54cc038" />
      <TestMethod codeBase="/workspace/tests/FluentUIScaffold.Core.Tests/bin/Debug/net8.0/FluentUIScaffold.Core.Tests.dll" adapterTypeName="executor://nunit3testexecutor/" className="FluentUIScaffold.Core.Tests.ElementFactoryTests" name="CreateElement_WithNullSelector_ShouldThrowArgumentException" />
    </UnitTest>
    <UnitTest name="CreateElement_WithConfiguration_ShouldReturnConfiguredElement" storage="/workspace/tests/fluentuiscaffold.core.tests/bin/debug/net8.0/fluentuiscaffold.core.tests.dll" id="38f64a32-373c-d336-108a-9833491623db">
      <Execution id="02144ed9-0dd1-49bb-b8d4-9c7451345ba5" />
      <TestMethod codeBase="/workspace/tests/FluentUIScaffold.Core.Tests/bin/Debug/net8.0/FluentUIScaffold.Core.Tests.dll" adapterTypeName="executor://nunit3testexecutor/" className="FluentUIScaffold.Core.Tests.ElementFactoryTests" name="CreateElement_WithConfiguration_ShouldReturnConfiguredElement" />
    </UnitTest>
    <UnitTest name="WithWebServerProjectPath_WithNullPath_Removed" storage="/workspace/tests/fluentuiscaffold.core.tests/bin/debug/net8.0/fluentuiscaffold.core.tests.dll" id="28f45f08-f929-d021-87bf-ac7bea3175f6">
      <Execution id="c8dfac39-cb47-48d3-becb-ad268a6e35de" />
      <TestMethod codeBase="/workspace/tests/FluentUIScaffold.Core.Tests/bin/Debug/net8.0/FluentUIScaffold.Core.Tests.dll" adapterTypeName="executor://nunit3testexecutor/" className="FluentUIScaffold.Core.Tests.FluentUIScaffoldOptionsBuilderTests" name="WithWebServerProjectPath_WithNullPath_Removed" />
    </UnitTest>
    <UnitTest name="GetLauncher_WithUnregisteredServerType_ThrowsException" storage="/workspace/tests/fluentuiscaffold.core.tests/bin/debug/net8.0/fluentuiscaffold.core.tests.dll" id="f02c83be-628b-c901-c0e0-b0c07da04720">
      <Execution id="4f86d6e1-781b-4764-9233-a1c6e45f1c4d" />
      <TestMethod codeBase="/workspace/tests/FluentUIScaffold.Core.Tests/bin/Debug/net8.0/FluentUIScaffold.Core.Tests.dll" adapterTypeName="executor://nunit3testexecutor/" className="FluentUIScaffold.Core.Tests.ServerLauncherFactoryTests" name="GetLauncher_WithUnregisteredServerType_ThrowsException" />
    </UnitTest>
    <UnitTest name="RegisterPlugin_WithNullPlugin_ThrowsArgumentNullException" storage="/workspace/tests/fluentuiscaffold.core.tests/bin/debug/net8.0/fluentuiscaffold.core.tests.dll" id="2e23022d-866f-3ace-93c9-9c504b47228e">
      <Execution id="c99d7c1c-7da5-4528-a798-36cd62806f63" />
      <TestMethod codeBase="/workspace/tests/FluentUIScaffold.Core.Tests/bin/Debug/net8.0/FluentUIScaffold.Core.Tests.dll" adapterTypeName="executor://nunit3testexecutor/" className="FluentUIScaffold.Core.Tests.PluginManagerTests" name="RegisterPlugin_WithNullPlugin_ThrowsArgumentNullException" />
    </UnitTest>
    <UnitTest name="FilterOutputByPort_EmptyOutput_ReturnsEmpty" storage="/workspace/tests/fluentuiscaffold.core.tests/bin/debug/net8.0/fluentuiscaffold.core.tests.dll" id="d2d2e102-f707-129a-9483-a3a753e80312">
      <Execution id="c7cb4c39-3457-4290-93ff-e263c8d6a5e8" />
      <TestMethod codeBase="/workspace/tests/FluentUIScaffold.Core.Tests/bin/Debug/net8.0/FluentUIScaffold.Core.Tests.dll" adapterTypeName="executor://nunit3testexecutor/" className="FluentUIScaffold.Core.Tests.PortProcessFinderTests" name="FilterOutputByPort_EmptyOutput_ReturnsEmpty" />
    </UnitTest>
    <UnitTest name="Constructor_WithExistingOptions_CreatesInstance" storage="/workspace/tests/fluentuiscaffold.core.tests/bin/debug/net8.0/fluentuiscaffold.core.tests.dll" id="68cc5f29-514d-38dc-c438-33585cc74aa4">
      <Execution id="d076d123-6503-4461-b553-1f258ffd8625" />
      <TestMethod codeBase="/workspace/tests/FluentUIScaffold.Core.Tests/bin/Debug/net8.0/FluentUIScaffold.Core.Tests.dll" adapterTypeName="executor://nunit3testexecutor/" className="FluentUIScaffold.Core.Tests.FluentUIScaffoldOptionsBuilderTests" name="Constructor_WithExistingOptions_CreatesInstance" />
    </UnitTest>
    <UnitTest name="WaitForServerReady_Succeeds_WhenHealthy" storage="/workspace/tests/fluentuiscaffold.core.tests/bin/debug/net8.0/fluentuiscaffold.core.tests.dll" id="81e079e2-a64d-8756-a3ef-6eaca54001f6">
      <Execution id="a1140fdc-b3b5-4030-a430-58db9fca6f1f" />
      <TestMethod codeBase="/workspace/tests/FluentUIScaffold.Core.Tests/bin/Debug/net8.0/FluentUIScaffold.Core.Tests.dll" adapterTypeName="executor://nunit3testexecutor/" className="FluentUIScaffold.Core.Tests.AspireServerLauncherReadinessTests" name="WaitForServerReady_Succeeds_WhenHealthy" />
    </UnitTest>
    <UnitTest name="LastOrDefault_WithEmptyCollection_ShouldReturnNull" storage="/workspace/tests/fluentuiscaffold.core.tests/bin/debug/net8.0/fluentuiscaffold.core.tests.dll" id="c288cdf5-4c17-bd42-bf19-8d1a299a2747">
      <Execution id="35cdb234-a6bd-4476-9ee9-351e2480b81d" />
      <TestMethod codeBase="/workspace/tests/FluentUIScaffold.Core.Tests/bin/Debug/net8.0/FluentUIScaffold.Core.Tests.dll" adapterTypeName="executor://nunit3testexecutor/" className="FluentUIScaffold.Core.Tests.ElementCollectionTests" name="LastOrDefault_WithEmptyCollection_ShouldReturnNull" />
    </UnitTest>
    <UnitTest name="WaitFor_WithClickableStrategy_ShouldCallWaitForClickable" storage="/workspace/tests/fluentuiscaffold.core.tests/bin/debug/net8.0/fluentuiscaffold.core.tests.dll" id="6343243c-dfd7-4b0b-0e3c-4021f44a4a0d">
      <Execution id="d931645f-329a-4ae3-a09e-b043e918ac27" />
      <TestMethod codeBase="/workspace/tests/FluentUIScaffold.Core.Tests/bin/Debug/net8.0/FluentUIScaffold.Core.Tests.dll" adapterTypeName="executor://nunit3testexecutor/" className="FluentUIScaffold.Core.Tests.ElementTests" name="WaitFor_WithClickableStrategy_ShouldCallWaitForClickable" />
    </UnitTest>
    <UnitTest name="GetCssValue_ShouldReturnEmptyString" storage="/workspace/tests/fluentuiscaffold.core.tests/bin/debug/net8.0/fluentuiscaffold.core.tests.dll" id="37cb0dcf-4168-cbb7-f50e-73ed6d374e4a">
      <Execution id="a4acb519-b896-4222-8ec7-9851e33e1721" />
      <TestMethod codeBase="/workspace/tests/FluentUIScaffold.Core.Tests/bin/Debug/net8.0/FluentUIScaffold.Core.Tests.dll" adapterTypeName="executor://nunit3testexecutor/" className="FluentUIScaffold.Core.Tests.ElementTests" name="GetCssValue_ShouldReturnEmptyString" />
    </UnitTest>
    <UnitTest name="FilterByText_WithNoMatchingText_ShouldReturnEmptyCollection" storage="/workspace/tests/fluentuiscaffold.core.tests/bin/debug/net8.0/fluentuiscaffold.core.tests.dll" id="7f949d80-13b6-78ce-6336-64f88eac33b7">
      <Execution id="bddd32b5-f84a-4d03-a2b5-6dc321d6053a" />
      <TestMethod codeBase="/workspace/tests/FluentUIScaffold.Core.Tests/bin/Debug/net8.0/FluentUIScaffold.Core.Tests.dll" adapterTypeName="executor://nunit3testexecutor/" className="FluentUIScaffold.Core.Tests.ElementCollectionTests" name="FilterByText_WithNoMatchingText_ShouldReturnEmptyCollection" />
    </UnitTest>
    <UnitTest name="DotNet_EnvironmentSetters_AreApplied" storage="/workspace/tests/fluentuiscaffold.core.tests/bin/debug/net8.0/fluentuiscaffold.core.tests.dll" id="7b7eece1-efca-5e39-6f9c-7c2cf05500c2">
      <Execution id="88537ad0-ed41-4cde-aec8-06dc0c9e9c57" />
      <TestMethod codeBase="/workspace/tests/FluentUIScaffold.Core.Tests/bin/Debug/net8.0/FluentUIScaffold.Core.Tests.dll" adapterTypeName="executor://nunit3testexecutor/" className="FluentUIScaffold.Core.Tests.ServerConfigurationBuilderIntegrationTests" name="DotNet_EnvironmentSetters_AreApplied" />
    </UnitTest>
    <UnitTest name="GetOrCreateElement_WithNullSelector_ShouldThrowArgumentException" storage="/workspace/tests/fluentuiscaffold.core.tests/bin/debug/net8.0/fluentuiscaffold.core.tests.dll" id="2ac27a39-0887-ff83-8ecd-f4b873b52bce">
      <Execution id="8cf2adb9-39d7-4e87-8d93-a3964d787462" />
      <TestMethod codeBase="/workspace/tests/FluentUIScaffold.Core.Tests/bin/Debug/net8.0/FluentUIScaffold.Core.Tests.dll" adapterTypeName="executor://nunit3testexecutor/" className="FluentUIScaffold.Core.Tests.ElementFactoryTests" name="GetOrCreateElement_WithNullSelector_ShouldThrowArgumentException" />
    </UnitTest>
    <UnitTest name="SetServerSpecificEnvironmentVariables_Aspire_DoesNotOverrideAspNetCoreUrls" storage="/workspace/tests/fluentuiscaffold.core.tests/bin/debug/net8.0/fluentuiscaffold.core.tests.dll" id="2ac82e10-080e-2b5b-2d3d-5685bb444717">
      <Execution id="1851156f-391a-41c6-8ed5-8655f3d76393" />
      <TestMethod codeBase="/workspace/tests/FluentUIScaffold.Core.Tests/bin/Debug/net8.0/FluentUIScaffold.Core.Tests.dll" adapterTypeName="executor://nunit3testexecutor/" className="FluentUIScaffold.Core.Tests.AspNetServerLauncherTests" name="SetServerSpecificEnvironmentVariables_Aspire_DoesNotOverrideAspNetCoreUrls" />
    </UnitTest>
    <UnitTest name="FilterByText_WithCaseInsensitiveMatch_ShouldReturnFilteredCollection" storage="/workspace/tests/fluentuiscaffold.core.tests/bin/debug/net8.0/fluentuiscaffold.core.tests.dll" id="5b0b0b21-c836-f769-4fb0-bf7c584f610d">
      <Execution id="bbc93a5d-5d14-476a-9446-01239fa0d52e" />
      <TestMethod codeBase="/workspace/tests/FluentUIScaffold.Core.Tests/bin/Debug/net8.0/FluentUIScaffold.Core.Tests.dll" adapterTypeName="executor://nunit3testexecutor/" className="FluentUIScaffold.Core.Tests.ElementCollectionTests" name="FilterByText_WithCaseInsensitiveMatch_ShouldReturnFilteredCollection" />
    </UnitTest>
    <UnitTest name="Constructor_WithValidParameters_ShouldSetProperties" storage="/workspace/tests/fluentuiscaffold.core.tests/bin/debug/net8.0/fluentuiscaffold.core.tests.dll" id="1c0d19b9-1bef-846e-5c51-324c55f41975">
      <Execution id="ba1a19f5-59e6-4d31-bc58-0257f1d081ca" />
      <TestMethod codeBase="/workspace/tests/FluentUIScaffold.Core.Tests/bin/Debug/net8.0/FluentUIScaffold.Core.Tests.dll" adapterTypeName="executor://nunit3testexecutor/" className="FluentUIScaffold.Core.Tests.ElementTests" name="Constructor_WithValidParameters_ShouldSetProperties" />
    </UnitTest>
    <UnitTest name="WithHeadlessMode_WithNull_SetsNull" storage="/workspace/tests/fluentuiscaffold.core.tests/bin/debug/net8.0/fluentuiscaffold.core.tests.dll" id="471622d6-a01c-acdb-82c5-f00f72212509">
      <Execution id="0cde6bbf-d44b-4881-86f7-20a8df03b18c" />
      <TestMethod codeBase="/workspace/tests/FluentUIScaffold.Core.Tests/bin/Debug/net8.0/FluentUIScaffold.Core.Tests.dll" adapterTypeName="executor://nunit3testexecutor/" className="FluentUIScaffold.Core.Tests.FluentUIScaffoldOptionsBuilderTests" name="WithHeadlessMode_WithNull_SetsNull" />
    </UnitTest>
    <UnitTest name="ElementTimeoutException_Constructors_Work" storage="/workspace/tests/fluentuiscaffold.core.tests/bin/debug/net8.0/fluentuiscaffold.core.tests.dll" id="3c6f06c4-eda4-678a-9f31-78ef1574d012">
      <Execution id="5c51fdef-7189-4453-a32d-1ec4c6fae956" />
      <TestMethod codeBase="/workspace/tests/FluentUIScaffold.Core.Tests/bin/Debug/net8.0/FluentUIScaffold.Core.Tests.dll" adapterTypeName="executor://nunit3testexecutor/" className="FluentUIScaffold.Core.Tests.ExceptionsTests" name="ElementTimeoutException_Constructors_Work" />
    </UnitTest>
    <UnitTest name="IsDisplayed_ShouldReturnIsVisibleResult" storage="/workspace/tests/fluentuiscaffold.core.tests/bin/debug/net8.0/fluentuiscaffold.core.tests.dll" id="95cf8d21-caaa-bf90-a4bb-f43f9e880ae1">
      <Execution id="460892db-93e2-4157-9cf2-cc28b0e860a3" />
      <TestMethod codeBase="/workspace/tests/FluentUIScaffold.Core.Tests/bin/Debug/net8.0/FluentUIScaffold.Core.Tests.dll" adapterTypeName="executor://nunit3testexecutor/" className="FluentUIScaffold.Core.Tests.ElementTests" name="IsDisplayed_ShouldReturnIsVisibleResult" />
    </UnitTest>
    <UnitTest name="WithHeadlessMode_AndSlowMo_SetProperly" storage="/workspace/tests/fluentuiscaffold.core.tests/bin/debug/net8.0/fluentuiscaffold.core.tests.dll" id="ff506097-7a61-9dd6-1df2-d3c8d75a82f3">
      <Execution id="5e6f9896-7ec4-42a7-813b-559978a88918" />
      <TestMethod codeBase="/workspace/tests/FluentUIScaffold.Core.Tests/bin/Debug/net8.0/FluentUIScaffold.Core.Tests.dll" adapterTypeName="executor://nunit3testexecutor/" className="FluentUIScaffold.Core.Tests.FluentUIScaffoldOptionsBuilderTests" name="WithHeadlessMode_AndSlowMo_SetProperly" />
    </UnitTest>
    <UnitTest name="WithWaitStrategy_ShouldSetWaitStrategy" storage="/workspace/tests/fluentuiscaffold.core.tests/bin/debug/net8.0/fluentuiscaffold.core.tests.dll" id="770867d9-ec05-f95d-4f86-cd135b847493">
      <Execution id="fefa5f1c-4548-41b6-b93b-8e3088562e1f" />
      <TestMethod codeBase="/workspace/tests/FluentUIScaffold.Core.Tests/bin/Debug/net8.0/FluentUIScaffold.Core.Tests.dll" adapterTypeName="executor://nunit3testexecutor/" className="FluentUIScaffold.Core.Tests.ElementBuilderTests" name="WithWaitStrategy_ShouldSetWaitStrategy" />
    </UnitTest>
    <UnitTest name="Placeholder_NoOp_ToMaintainTestStructure" storage="/workspace/tests/fluentuiscaffold.core.tests/bin/debug/net8.0/fluentuiscaffold.core.tests.dll" id="2ea41be2-ee63-3a11-0613-d95c2f91bed0">
      <Execution id="4c47ab67-f238-4db4-ae2d-6cd2bd138097" />
      <TestMethod codeBase="/workspace/tests/FluentUIScaffold.Core.Tests/bin/Debug/net8.0/FluentUIScaffold.Core.Tests.dll" adapterTypeName="executor://nunit3testexecutor/" className="FluentUIScaffold.Core.Tests.FluentUIScaffoldOptionsBuilderTests" name="Placeholder_NoOp_ToMaintainTestStructure" />
    </UnitTest>
    <UnitTest name="FluentChaining_ShouldWorkCorrectly" storage="/workspace/tests/fluentuiscaffold.core.tests/bin/debug/net8.0/fluentuiscaffold.core.tests.dll" id="551fc6ac-b856-8cac-3508-c2c42f5670a1">
      <Execution id="07b83b1e-6aec-4a2b-986f-d9e9dabb6577" />
      <TestMethod codeBase="/workspace/tests/FluentUIScaffold.Core.Tests/bin/Debug/net8.0/FluentUIScaffold.Core.Tests.dll" adapterTypeName="executor://nunit3testexecutor/" className="FluentUIScaffold.Core.Tests.ElementBuilderTests" name="FluentChaining_ShouldWorkCorrectly" />
    </UnitTest>
    <UnitTest name="WithDefaultWaitTimeout_WithNegativeTimeout_ThrowsException" storage="/workspace/tests/fluentuiscaffold.core.tests/bin/debug/net8.0/fluentuiscaffold.core.tests.dll" id="a8ade4ba-35e4-f1b1-b29c-1221576ebc2c">
      <Execution id="aa56e520-033f-4558-b548-a0041cff26a3" />
      <TestMethod codeBase="/workspace/tests/FluentUIScaffold.Core.Tests/bin/Debug/net8.0/FluentUIScaffold.Core.Tests.dll" adapterTypeName="executor://nunit3testexecutor/" className="FluentUIScaffold.Core.Tests.FluentUIScaffoldOptionsBuilderTests" name="WithDefaultWaitTimeout_WithNegativeTimeout_ThrowsException" />
    </UnitTest>
    <UnitTest name="DotNet_ForwardedHeadersFlag_SerializesAsLowercaseBoolean" storage="/workspace/tests/fluentuiscaffold.core.tests/bin/debug/net8.0/fluentuiscaffold.core.tests.dll" id="b7f18d4e-e8c0-3285-6e79-21ddd24f3d41">
      <Execution id="0eac467b-f305-4fc9-9e60-68baf768f67c" />
      <TestMethod codeBase="/workspace/tests/FluentUIScaffold.Core.Tests/bin/Debug/net8.0/FluentUIScaffold.Core.Tests.dll" adapterTypeName="executor://nunit3testexecutor/" className="FluentUIScaffold.Core.Tests.ServerConfigurationBuilderIntegrationTests" name="DotNet_ForwardedHeadersFlag_SerializesAsLowercaseBoolean" />
    </UnitTest>
    <UnitTest name="FirstOrDefault_WithEmptyCollection_ShouldReturnNull" storage="/workspace/tests/fluentuiscaffold.core.tests/bin/debug/net8.0/fluentuiscaffold.core.tests.dll" id="7fb7363f-268a-d980-fb84-31f8b492a262">
      <Execution id="80e0e15c-555d-474b-acf9-f17e74046bae" />
      <TestMethod codeBase="/workspace/tests/FluentUIScaffold.Core.Tests/bin/Debug/net8.0/FluentUIScaffold.Core.Tests.dll" adapterTypeName="executor://nunit3testexecutor/" className="FluentUIScaffold.Core.Tests.ElementCollectionTests" name="FirstOrDefault_WithEmptyCollection_ShouldReturnNull" />
    </UnitTest>
    <UnitTest name="WithRetryInterval_ShouldSetRetryInterval" storage="/workspace/tests/fluentuiscaffold.core.tests/bin/debug/net8.0/fluentuiscaffold.core.tests.dll" id="8ae62a86-1c76-a105-6718-7582f48ad523">
      <Execution id="a166f898-4475-4df6-a94a-5960812a02e2" />
      <TestMethod codeBase="/workspace/tests/FluentUIScaffold.Core.Tests/bin/Debug/net8.0/FluentUIScaffold.Core.Tests.dll" adapterTypeName="executor://nunit3testexecutor/" className="FluentUIScaffold.Core.Tests.ElementBuilderTests" name="WithRetryInterval_ShouldSetRetryInterval" />
    </UnitTest>
    <UnitTest name="SlowMo_WithNullValue_SetsSlowMoToNull" storage="/workspace/tests/fluentuiscaffold.core.tests/bin/debug/net8.0/fluentuiscaffold.core.tests.dll" id="db9ada96-dcf3-e037-db10-b7563d6669b8">
      <Execution id="f07c35b1-8799-437d-88f2-d3303595e512" />
      <TestMethod codeBase="/workspace/tests/FluentUIScaffold.Core.Tests/bin/Debug/net8.0/FluentUIScaffold.Core.Tests.dll" adapterTypeName="executor://nunit3testexecutor/" className="FluentUIScaffold.Core.Tests.FluentUIScaffoldTests" name="SlowMo_WithNullValue_SetsSlowMoToNull" />
    </UnitTest>
    <UnitTest name="RegisterElement_WithNullKey_ShouldThrowArgumentException" storage="/workspace/tests/fluentuiscaffold.core.tests/bin/debug/net8.0/fluentuiscaffold.core.tests.dll" id="e46f5d7d-393e-88b9-1a00-80ae274b5f6e">
      <Execution id="04066f4b-3657-435c-ae5f-f7d59305f1c3" />
      <TestMethod codeBase="/workspace/tests/FluentUIScaffold.Core.Tests/bin/Debug/net8.0/FluentUIScaffold.Core.Tests.dll" adapterTypeName="executor://nunit3testexecutor/" className="FluentUIScaffold.Core.Tests.ElementFactoryTests" name="RegisterElement_WithNullKey_ShouldThrowArgumentException" />
    </UnitTest>
    <UnitTest name="ElementContainsText_PositiveAndNegative" storage="/workspace/tests/fluentuiscaffold.core.tests/bin/debug/net8.0/fluentuiscaffold.core.tests.dll" id="3df7fba2-fa8b-3ca7-23f8-eddd788932a9">
      <Execution id="73c2f324-4526-459a-9790-e48dd9332c60" />
      <TestMethod codeBase="/workspace/tests/FluentUIScaffold.Core.Tests/bin/Debug/net8.0/FluentUIScaffold.Core.Tests.dll" adapterTypeName="executor://nunit3testexecutor/" className="FluentUIScaffold.Core.Tests.VerificationContextTests" name="ElementContainsText_PositiveAndNegative" />
    </UnitTest>
    <UnitTest name="Indexer_WithValidIndex_ShouldReturnElement" storage="/workspace/tests/fluentuiscaffold.core.tests/bin/debug/net8.0/fluentuiscaffold.core.tests.dll" id="28f7c59d-b5d1-8620-75b4-446e721774f0">
      <Execution id="c4248e53-c5c2-4715-aff9-f6cf37e7dba1" />
      <TestMethod codeBase="/workspace/tests/FluentUIScaffold.Core.Tests/bin/Debug/net8.0/FluentUIScaffold.Core.Tests.dll" adapterTypeName="executor://nunit3testexecutor/" className="FluentUIScaffold.Core.Tests.ElementCollectionTests" name="Indexer_WithValidIndex_ShouldReturnElement" />
    </UnitTest>
    <UnitTest name="FilterByText_WithMatchingText_ShouldReturnFilteredCollection" storage="/workspace/tests/fluentuiscaffold.core.tests/bin/debug/net8.0/fluentuiscaffold.core.tests.dll" id="f2c0b89c-869a-b8e1-4f97-bcdc75425150">
      <Execution id="82624979-9c36-43e0-b2d0-9c73c7fac314" />
      <TestMethod codeBase="/workspace/tests/FluentUIScaffold.Core.Tests/bin/Debug/net8.0/FluentUIScaffold.Core.Tests.dll" adapterTypeName="executor://nunit3testexecutor/" className="FluentUIScaffold.Core.Tests.ElementCollectionTests" name="FilterByText_WithMatchingText_ShouldReturnFilteredCollection" />
    </UnitTest>
    <UnitTest name="TitleContains_PositiveAndNegative" storage="/workspace/tests/fluentuiscaffold.core.tests/bin/debug/net8.0/fluentuiscaffold.core.tests.dll" id="c3234fde-006b-d3a0-c6d3-0d9f12720c48">
      <Execution id="090e5acd-8845-4d72-9d12-c89d248aa927" />
      <TestMethod codeBase="/workspace/tests/FluentUIScaffold.Core.Tests/bin/Debug/net8.0/FluentUIScaffold.Core.Tests.dll" adapterTypeName="executor://nunit3testexecutor/" className="FluentUIScaffold.Core.Tests.VerificationContextTests" name="TitleContains_PositiveAndNegative" />
    </UnitTest>
    <UnitTest name="FilterByAttribute_WithCaseInsensitiveMatch_ShouldReturnFilteredCollection" storage="/workspace/tests/fluentuiscaffold.core.tests/bin/debug/net8.0/fluentuiscaffold.core.tests.dll" id="629e7f8f-acc1-6486-7ee3-d596d40e2188">
      <Execution id="82ed4fbf-32ad-4429-a732-d495d0947652" />
      <TestMethod codeBase="/workspace/tests/FluentUIScaffold.Core.Tests/bin/Debug/net8.0/FluentUIScaffold.Core.Tests.dll" adapterTypeName="executor://nunit3testexecutor/" className="FluentUIScaffold.Core.Tests.ElementCollectionTests" name="FilterByAttribute_WithCaseInsensitiveMatch_ShouldReturnFilteredCollection" />
    </UnitTest>
    <UnitTest name="WebServerProjectPath_Removed_FromOptions" storage="/workspace/tests/fluentuiscaffold.core.tests/bin/debug/net8.0/fluentuiscaffold.core.tests.dll" id="0f9360de-cd99-435c-c549-ccd3fe79a633">
      <Execution id="b5d18833-e0fe-4f3d-bace-b1726e7d12de" />
      <TestMethod codeBase="/workspace/tests/FluentUIScaffold.Core.Tests/bin/Debug/net8.0/FluentUIScaffold.Core.Tests.dll" adapterTypeName="executor://nunit3testexecutor/" className="FluentUIScaffold.Core.Tests.FluentUIScaffoldTests" name="WebServerProjectPath_Removed_FromOptions" />
    </UnitTest>
    <UnitTest name="WithBaseUrl_WithNullUrl_ThrowsException" storage="/workspace/tests/fluentuiscaffold.core.tests/bin/debug/net8.0/fluentuiscaffold.core.tests.dll" id="11c6e8b9-63df-e19b-bf9f-452e7d9c0dd7">
      <Execution id="493211d8-ce02-4b3e-9f8e-0585fe5c885f" />
      <TestMethod codeBase="/workspace/tests/FluentUIScaffold.Core.Tests/bin/Debug/net8.0/FluentUIScaffold.Core.Tests.dll" adapterTypeName="executor://nunit3testexecutor/" className="FluentUIScaffold.Core.Tests.FluentUIScaffoldOptionsBuilderTests" name="WithBaseUrl_WithNullUrl_ThrowsException" />
    </UnitTest>
    <UnitTest name="GetAttribute_ShouldReturnEmptyString" storage="/workspace/tests/fluentuiscaffold.core.tests/bin/debug/net8.0/fluentuiscaffold.core.tests.dll" id="c6d9c40f-adc6-4edb-6a83-6f4ac42882d1">
      <Execution id="4141f5fd-053b-4b5d-bf37-fad4f323a027" />
      <TestMethod codeBase="/workspace/tests/FluentUIScaffold.Core.Tests/bin/Debug/net8.0/FluentUIScaffold.Core.Tests.dll" adapterTypeName="executor://nunit3testexecutor/" className="FluentUIScaffold.Core.Tests.ElementTests" name="GetAttribute_ShouldReturnEmptyString" />
    </UnitTest>
    <UnitTest name="IsCached_WithExistingKey_ShouldReturnTrue" storage="/workspace/tests/fluentuiscaffold.core.tests/bin/debug/net8.0/fluentuiscaffold.core.tests.dll" id="dddb8e0d-1bc6-fd59-4ffa-24cd6ce629ee">
      <Execution id="76593504-0cfb-4d82-a857-c214e65825ef" />
      <TestMethod codeBase="/workspace/tests/FluentUIScaffold.Core.Tests/bin/Debug/net8.0/FluentUIScaffold.Core.Tests.dll" adapterTypeName="executor://nunit3testexecutor/" className="FluentUIScaffold.Core.Tests.ElementFactoryTests" name="IsCached_WithExistingKey_ShouldReturnTrue" />
    </UnitTest>
    <UnitTest name="Indexer_WithNegativeIndex_ShouldThrowArgumentOutOfRangeException" storage="/workspace/tests/fluentuiscaffold.core.tests/bin/debug/net8.0/fluentuiscaffold.core.tests.dll" id="46930332-f66d-a8f0-6df4-449ab0a9cd10">
      <Execution id="10e16cc0-b2bb-47c7-987c-790276dda178" />
      <TestMethod codeBase="/workspace/tests/FluentUIScaffold.Core.Tests/bin/Debug/net8.0/FluentUIScaffold.Core.Tests.dll" adapterTypeName="executor://nunit3testexecutor/" className="FluentUIScaffold.Core.Tests.ElementCollectionTests" name="Indexer_WithNegativeIndex_ShouldThrowArgumentOutOfRangeException" />
    </UnitTest>
    <UnitTest name="StartServerAsync_MutexHeldByOther_AndServerBecomesReady_Completes" storage="/workspace/tests/fluentuiscaffold.core.tests/bin/debug/net8.0/fluentuiscaffold.core.tests.dll" id="7af08328-43c6-c4ff-4de5-161f93857df3">
      <Execution id="92b57194-ecfb-46ec-85bc-1ec8eb8abf9c" />
      <TestMethod codeBase="/workspace/tests/FluentUIScaffold.Core.Tests/bin/Debug/net8.0/FluentUIScaffold.Core.Tests.dll" adapterTypeName="executor://nunit3testexecutor/" className="FluentUIScaffold.Core.Tests.WebServerManagerTests" name="StartServerAsync_MutexHeldByOther_AndServerBecomesReady_Completes" />
    </UnitTest>
    <UnitTest name="FluentUIScaffoldValidationException_Constructors_Work" storage="/workspace/tests/fluentuiscaffold.core.tests/bin/debug/net8.0/fluentuiscaffold.core.tests.dll" id="a50fff13-3cd0-5b60-212f-066525a03c8a">
      <Execution id="a3343321-7773-4df1-a615-81b55fa8b398" />
      <TestMethod codeBase="/workspace/tests/FluentUIScaffold.Core.Tests/bin/Debug/net8.0/FluentUIScaffold.Core.Tests.dll" adapterTypeName="executor://nunit3testexecutor/" className="FluentUIScaffold.Core.Tests.ExceptionsTests" name="FluentUIScaffoldValidationException_Constructors_Work" />
    </UnitTest>
    <UnitTest name="WithSlowMo_WithZeroValue_SetsSlowMoToZero" storage="/workspace/tests/fluentuiscaffold.core.tests/bin/debug/net8.0/fluentuiscaffold.core.tests.dll" id="5ecd0d47-634a-f5a5-e7c4-807c1c8c5935">
      <Execution id="09b3ad26-b245-4af0-ba5c-46e3172fc2a7" />
      <TestMethod codeBase="/workspace/tests/FluentUIScaffold.Core.Tests/bin/Debug/net8.0/FluentUIScaffold.Core.Tests.dll" adapterTypeName="executor://nunit3testexecutor/" className="FluentUIScaffold.Core.Tests.FluentUIScaffoldOptionsBuilderTests" name="WithSlowMo_WithZeroValue_SetsSlowMoToZero" />
    </UnitTest>
    <UnitTest name="Exists_WhenElementDoesNotExist_ShouldReturnFalse" storage="/workspace/tests/fluentuiscaffold.core.tests/bin/debug/net8.0/fluentuiscaffold.core.tests.dll" id="f3b5f62e-4f46-2207-7f46-5faefe33f536">
      <Execution id="89d2ef83-ae2d-4cfa-9996-7d8deaa976c8" />
      <TestMethod codeBase="/workspace/tests/FluentUIScaffold.Core.Tests/bin/Debug/net8.0/FluentUIScaffold.Core.Tests.dll" adapterTypeName="executor://nunit3testexecutor/" className="FluentUIScaffold.Core.Tests.ElementTests" name="Exists_WhenElementDoesNotExist_ShouldReturnFalse" />
    </UnitTest>
    <UnitTest name="FluentUIScaffoldBaseException_Constructors_Work" storage="/workspace/tests/fluentuiscaffold.core.tests/bin/debug/net8.0/fluentuiscaffold.core.tests.dll" id="fd9a3db3-8264-a883-4b5b-0fadb4e27885">
      <Execution id="dece1535-435a-4483-8422-01e23bfb5d56" />
      <TestMethod codeBase="/workspace/tests/FluentUIScaffold.Core.Tests/bin/Debug/net8.0/FluentUIScaffold.Core.Tests.dll" adapterTypeName="executor://nunit3testexecutor/" className="FluentUIScaffold.Core.Tests.ExceptionsTests" name="FluentUIScaffoldBaseException_Constructors_Work" />
    </UnitTest>
    <UnitTest name="WithAttribute_WithEmptyName_ShouldThrowArgumentException" storage="/workspace/tests/fluentuiscaffold.core.tests/bin/debug/net8.0/fluentuiscaffold.core.tests.dll" id="9878c4ec-2f1a-e8e4-b5a4-d9a2cba55d4b">
      <Execution id="14231563-165a-4aac-986c-4ff22e0a6064" />
      <TestMethod codeBase="/workspace/tests/FluentUIScaffold.Core.Tests/bin/Debug/net8.0/FluentUIScaffold.Core.Tests.dll" adapterTypeName="executor://nunit3testexecutor/" className="FluentUIScaffold.Core.Tests.ElementBuilderTests" name="WithAttribute_WithEmptyName_ShouldThrowArgumentException" />
    </UnitTest>
    <UnitTest name="CreateElement_WithNullConfiguration_ShouldThrowArgumentNullException" storage="/workspace/tests/fluentuiscaffold.core.tests/bin/debug/net8.0/fluentuiscaffold.core.tests.dll" id="75c5db20-bc00-63de-91f7-e74098d22990">
      <Execution id="a129de0d-9652-40e8-8162-91c1001759f1" />
      <TestMethod codeBase="/workspace/tests/FluentUIScaffold.Core.Tests/bin/Debug/net8.0/FluentUIScaffold.Core.Tests.dll" adapterTypeName="executor://nunit3testexecutor/" className="FluentUIScaffold.Core.Tests.ElementFactoryTests" name="CreateElement_WithNullConfiguration_ShouldThrowArgumentNullException" />
    </UnitTest>
    <UnitTest name="WithWebServerProjectPath_IsRemoved_FromBuilder" storage="/workspace/tests/fluentuiscaffold.core.tests/bin/debug/net8.0/fluentuiscaffold.core.tests.dll" id="d9747d07-b571-8346-80a3-fe62a8b92e46">
      <Execution id="bc25d05e-1be6-402f-9951-df5ba4f7d043" />
      <TestMethod codeBase="/workspace/tests/FluentUIScaffold.Core.Tests/bin/Debug/net8.0/FluentUIScaffold.Core.Tests.dll" adapterTypeName="executor://nunit3testexecutor/" className="FluentUIScaffold.Core.Tests.FluentUIScaffoldOptionsBuilderTests" name="WithWebServerProjectPath_IsRemoved_FromBuilder" />
    </UnitTest>
    <UnitTest name="RegisterElement_WithEmptyKey_ShouldThrowArgumentException" storage="/workspace/tests/fluentuiscaffold.core.tests/bin/debug/net8.0/fluentuiscaffold.core.tests.dll" id="b7012c97-f966-55dc-c35d-274095149e5d">
      <Execution id="ffdf1188-b2a9-4552-9fc4-d97df74d8145" />
      <TestMethod codeBase="/workspace/tests/FluentUIScaffold.Core.Tests/bin/Debug/net8.0/FluentUIScaffold.Core.Tests.dll" adapterTypeName="executor://nunit3testexecutor/" className="FluentUIScaffold.Core.Tests.ElementFactoryTests" name="RegisterElement_WithEmptyKey_ShouldThrowArgumentException" />
    </UnitTest>
    <UnitTest name="NavigateToUrl_WithValidUrl_IsValid" storage="/workspace/tests/fluentuiscaffold.core.tests/bin/debug/net8.0/fluentuiscaffold.core.tests.dll" id="46ffc5ad-c340-b767-44fb-d87ee75aad26">
      <Execution id="ca46605f-d076-429f-aad2-13ec42e20f4d" />
      <TestMethod codeBase="/workspace/tests/FluentUIScaffold.Core.Tests/bin/Debug/net8.0/FluentUIScaffold.Core.Tests.dll" adapterTypeName="executor://nunit3testexecutor/" className="FluentUIScaffold.Core.Tests.NavigationTests" name="NavigateToUrl_WithValidUrl_IsValid" />
    </UnitTest>
    <UnitTest name="WithServerConfiguration_WithNullConfiguration_Removed" storage="/workspace/tests/fluentuiscaffold.core.tests/bin/debug/net8.0/fluentuiscaffold.core.tests.dll" id="0cc5a016-6448-c184-75cf-5538243062ce">
      <Execution id="fd59e7ca-6f13-4754-b212-80a7b283465b" />
      <TestMethod codeBase="/workspace/tests/FluentUIScaffold.Core.Tests/bin/Debug/net8.0/FluentUIScaffold.Core.Tests.dll" adapterTypeName="executor://nunit3testexecutor/" className="FluentUIScaffold.Core.Tests.FluentUIScaffoldOptionsBuilderTests" name="WithServerConfiguration_WithNullConfiguration_Removed" />
    </UnitTest>
    <UnitTest name="Constructor_WithNullDriver_ShouldThrowArgumentNullException" storage="/workspace/tests/fluentuiscaffold.core.tests/bin/debug/net8.0/fluentuiscaffold.core.tests.dll" id="0b5f1728-7b8a-73cb-1723-24feb2bf7d3d">
      <Execution id="5a9102ad-a653-44ca-b2d0-e1efdba7459f" />
      <TestMethod codeBase="/workspace/tests/FluentUIScaffold.Core.Tests/bin/Debug/net8.0/FluentUIScaffold.Core.Tests.dll" adapterTypeName="executor://nunit3testexecutor/" className="FluentUIScaffold.Core.Tests.ElementFactoryTests" name="Constructor_WithNullDriver_ShouldThrowArgumentNullException" />
    </UnitTest>
    <UnitTest name="WithDescription_WithNullDescription_ShouldSetEmptyString" storage="/workspace/tests/fluentuiscaffold.core.tests/bin/debug/net8.0/fluentuiscaffold.core.tests.dll" id="d52fd675-05c7-c95c-d1f1-981f3a4f3701">
      <Execution id="05e0c6a4-3bfb-4ebb-9915-8986decf226e" />
      <TestMethod codeBase="/workspace/tests/FluentUIScaffold.Core.Tests/bin/Debug/net8.0/FluentUIScaffold.Core.Tests.dll" adapterTypeName="executor://nunit3testexecutor/" className="FluentUIScaffold.Core.Tests.ElementBuilderTests" name="WithDescription_WithNullDescription_ShouldSetEmptyString" />
    </UnitTest>
    <UnitTest name="AspNetCore_ServerSpecificUrlsInjectedIntoStartInfo" storage="/workspace/tests/fluentuiscaffold.core.tests/bin/debug/net8.0/fluentuiscaffold.core.tests.dll" id="7ca0cb73-aeb1-887f-1af1-2afb19198c6a">
      <Execution id="ff50664a-654a-4a61-8bba-cbbece332105" />
      <TestMethod codeBase="/workspace/tests/FluentUIScaffold.Core.Tests/bin/Debug/net8.0/FluentUIScaffold.Core.Tests.dll" adapterTypeName="executor://nunit3testexecutor/" className="FluentUIScaffold.Core.Tests.ServerConfigurationBuilderIntegrationTests" name="AspNetCore_ServerSpecificUrlsInjectedIntoStartInfo" />
    </UnitTest>
    <UnitTest name="WithBaseUrl_WithValidUrl_SetsBaseUrl" storage="/workspace/tests/fluentuiscaffold.core.tests/bin/debug/net8.0/fluentuiscaffold.core.tests.dll" id="e694388c-e9b9-a1d2-ef93-70adf5bded0d">
      <Execution id="fb5d73f4-cff5-4f42-8b09-826ca56d24cc" />
      <TestMethod codeBase="/workspace/tests/FluentUIScaffold.Core.Tests/bin/Debug/net8.0/FluentUIScaffold.Core.Tests.dll" adapterTypeName="executor://nunit3testexecutor/" className="FluentUIScaffold.Core.Tests.FluentUIScaffoldOptionsBuilderTests" name="WithBaseUrl_WithValidUrl_SetsBaseUrl" />
    </UnitTest>
    <UnitTest name="FluentUIScaffoldPluginException_Constructors_Work" storage="/workspace/tests/fluentuiscaffold.core.tests/bin/debug/net8.0/fluentuiscaffold.core.tests.dll" id="4f345fbb-6a64-45b0-3c3e-0ecb27e08e28">
      <Execution id="3364e235-1898-4f8b-be4a-b3c83aa5e8c4" />
      <TestMethod codeBase="/workspace/tests/FluentUIScaffold.Core.Tests/bin/Debug/net8.0/FluentUIScaffold.Core.Tests.dll" adapterTypeName="executor://nunit3testexecutor/" className="FluentUIScaffold.Core.Tests.ExceptionsTests" name="FluentUIScaffoldPluginException_Constructors_Work" />
    </UnitTest>
    <UnitTest name="GetOrCreateElement_WithEmptyKey_ShouldThrowArgumentException" storage="/workspace/tests/fluentuiscaffold.core.tests/bin/debug/net8.0/fluentuiscaffold.core.tests.dll" id="fab6990d-3c1c-2c65-5826-c4e429096956">
      <Execution id="691d2fc7-7982-42ae-aaed-22b27211f40f" />
      <TestMethod codeBase="/workspace/tests/FluentUIScaffold.Core.Tests/bin/Debug/net8.0/FluentUIScaffold.Core.Tests.dll" adapterTypeName="executor://nunit3testexecutor/" className="FluentUIScaffold.Core.Tests.ElementFactoryTests" name="GetOrCreateElement_WithEmptyKey_ShouldThrowArgumentException" />
    </UnitTest>
    <UnitTest name="ElementIsVisible_Negative_Throws" storage="/workspace/tests/fluentuiscaffold.core.tests/bin/debug/net8.0/fluentuiscaffold.core.tests.dll" id="5c65ae72-bd3b-fa7d-0bed-249316c4e40e">
      <Execution id="4244e21c-0344-4d1d-bdc7-ce3b5f017710" />
      <TestMethod codeBase="/workspace/tests/FluentUIScaffold.Core.Tests/bin/Debug/net8.0/FluentUIScaffold.Core.Tests.dll" adapterTypeName="executor://nunit3testexecutor/" className="FluentUIScaffold.Core.Tests.VerificationContextTests" name="ElementIsVisible_Negative_Throws" />
    </UnitTest>
    <UnitTest name="WithSlowMo_WithValidValue_SetsSlowMo" storage="/workspace/tests/fluentuiscaffold.core.tests/bin/debug/net8.0/fluentuiscaffold.core.tests.dll" id="3c6ae5e7-2078-93c7-0cb9-170c4974fe27">
      <Execution id="ad20d5e4-288b-4e00-88c3-389e6848b6a7" />
      <TestMethod codeBase="/workspace/tests/FluentUIScaffold.Core.Tests/bin/Debug/net8.0/FluentUIScaffold.Core.Tests.dll" adapterTypeName="executor://nunit3testexecutor/" className="FluentUIScaffold.Core.Tests.FluentUIScaffoldOptionsBuilderTests" name="WithSlowMo_WithValidValue_SetsSlowMo" />
    </UnitTest>
    <UnitTest name="Constructor_WithValidOptions_CreatesInstance" storage="/workspace/tests/fluentuiscaffold.core.tests/bin/debug/net8.0/fluentuiscaffold.core.tests.dll" id="ddff61cf-6c8e-562e-62f7-c9fb5ab0fb05">
      <Execution id="3b584c98-0132-4034-b5be-37c9fd2044db" />
      <TestMethod codeBase="/workspace/tests/FluentUIScaffold.Core.Tests/bin/Debug/net8.0/FluentUIScaffold.Core.Tests.dll" adapterTypeName="executor://nunit3testexecutor/" className="FluentUIScaffold.Core.Tests.FluentUIScaffoldTests" name="Constructor_WithValidOptions_CreatesInstance" />
    </UnitTest>
    <UnitTest name="First_WithNonEmptyCollection_ShouldReturnFirstElement" storage="/workspace/tests/fluentuiscaffold.core.tests/bin/debug/net8.0/fluentuiscaffold.core.tests.dll" id="ffb66a76-a7d1-dfa1-aa9c-bf5163813cc6">
      <Execution id="62800aac-70c6-4131-a622-6107f7f13578" />
      <TestMethod codeBase="/workspace/tests/FluentUIScaffold.Core.Tests/bin/Debug/net8.0/FluentUIScaffold.Core.Tests.dll" adapterTypeName="executor://nunit3testexecutor/" className="FluentUIScaffold.Core.Tests.ElementCollectionTests" name="First_WithNonEmptyCollection_ShouldReturnFirstElement" />
    </UnitTest>
    <UnitTest name="Constructor_WithNullSelector_ShouldThrowArgumentNullException" storage="/workspace/tests/fluentuiscaffold.core.tests/bin/debug/net8.0/fluentuiscaffold.core.tests.dll" id="f886403e-9ef4-53a2-d4e1-ecec3b79370d">
      <Execution id="16f5fbb1-f023-4aba-8be6-e621ac4f7b81" />
      <TestMethod codeBase="/workspace/tests/FluentUIScaffold.Core.Tests/bin/Debug/net8.0/FluentUIScaffold.Core.Tests.dll" adapterTypeName="executor://nunit3testexecutor/" className="FluentUIScaffold.Core.Tests.ElementBuilderTests" name="Constructor_WithNullSelector_ShouldThrowArgumentNullException" />
    </UnitTest>
    <UnitTest name="FirstOrDefault_WithNonEmptyCollection_ShouldReturnFirstElement" storage="/workspace/tests/fluentuiscaffold.core.tests/bin/debug/net8.0/fluentuiscaffold.core.tests.dll" id="73a1b770-4a5e-0a29-6a9c-524092b48888">
      <Execution id="6d9533ba-ff34-4f95-b240-0bd33e7c3412" />
      <TestMethod codeBase="/workspace/tests/FluentUIScaffold.Core.Tests/bin/Debug/net8.0/FluentUIScaffold.Core.Tests.dll" adapterTypeName="executor://nunit3testexecutor/" className="FluentUIScaffold.Core.Tests.ElementCollectionTests" name="FirstOrDefault_WithNonEmptyCollection_ShouldReturnFirstElement" />
    </UnitTest>
    <UnitTest name="CreateConfiguration_WithValidParameters_ReturnsConfiguration" storage="/workspace/tests/fluentuiscaffold.core.tests/bin/debug/net8.0/fluentuiscaffold.core.tests.dll" id="ae197987-6a6c-0f53-9053-aa2a52fada6c">
      <Execution id="a0658588-d769-4d2f-a267-e553d38ded42" />
      <TestMethod codeBase="/workspace/tests/FluentUIScaffold.Core.Tests/bin/Debug/net8.0/FluentUIScaffold.Core.Tests.dll" adapterTypeName="executor://nunit3testexecutor/" className="FluentUIScaffold.Core.Tests.ServerLauncherFactoryTests" name="CreateConfiguration_WithValidParameters_ReturnsConfiguration" />
    </UnitTest>
    <UnitTest name="CacheCount_ShouldReturnCorrectCount" storage="/workspace/tests/fluentuiscaffold.core.tests/bin/debug/net8.0/fluentuiscaffold.core.tests.dll" id="9a47f56b-5bfd-fc11-0334-5ee2c89f0d7c">
      <Execution id="c98e5f6d-1f39-4ada-9fd1-845b6e131f94" />
      <TestMethod codeBase="/workspace/tests/FluentUIScaffold.Core.Tests/bin/Debug/net8.0/FluentUIScaffold.Core.Tests.dll" adapterTypeName="executor://nunit3testexecutor/" className="FluentUIScaffold.Core.Tests.ElementFactoryTests" name="CacheCount_ShouldReturnCorrectCount" />
    </UnitTest>
    <UnitTest name="Constructor_WithNullOptions_ThrowsException" storage="/workspace/tests/fluentuiscaffold.core.tests/bin/debug/net8.0/fluentuiscaffold.core.tests.dll" id="6bd0c540-38a9-699a-6e83-30afb294a184">
      <Execution id="e0e22e36-efaa-42d1-87fc-4ba8692e35e7" />
      <TestMethod codeBase="/workspace/tests/FluentUIScaffold.Core.Tests/bin/Debug/net8.0/FluentUIScaffold.Core.Tests.dll" adapterTypeName="executor://nunit3testexecutor/" className="FluentUIScaffold.Core.Tests.FluentUIScaffoldTests" name="Constructor_WithNullOptions_ThrowsException" />
    </UnitTest>
    <UnitTest name="ElementIsVisible_Positive" storage="/workspace/tests/fluentuiscaffold.core.tests/bin/debug/net8.0/fluentuiscaffold.core.tests.dll" id="180a8a6f-cd05-0144-2ab5-cc27cf6b3780">
      <Execution id="002dc115-8125-49d4-9991-7c95f4f0f507" />
      <TestMethod codeBase="/workspace/tests/FluentUIScaffold.Core.Tests/bin/Debug/net8.0/FluentUIScaffold.Core.Tests.dll" adapterTypeName="executor://nunit3testexecutor/" className="FluentUIScaffold.Core.Tests.VerificationContextTests" name="ElementIsVisible_Positive" />
    </UnitTest>
    <UnitTest name="BuildCommandArguments_UsesFrameworkAndConfiguration_FromBuilder" storage="/workspace/tests/fluentuiscaffold.core.tests/bin/debug/net8.0/fluentuiscaffold.core.tests.dll" id="5fc1ac23-88fa-ea50-bc84-f014c480a778">
      <Execution id="4782de88-7ff4-4d56-b448-f6f5c424e49e" />
      <TestMethod codeBase="/workspace/tests/FluentUIScaffold.Core.Tests/bin/Debug/net8.0/FluentUIScaffold.Core.Tests.dll" adapterTypeName="executor://nunit3testexecutor/" className="FluentUIScaffold.Core.Tests.AspNetServerLauncherTests" name="BuildCommandArguments_UsesFrameworkAndConfiguration_FromBuilder" />
    </UnitTest>
    <UnitTest name="DetectProjectPath_NoGit_FallsBackToDirectorySearch" storage="/workspace/tests/fluentuiscaffold.core.tests/bin/debug/net8.0/fluentuiscaffold.core.tests.dll" id="b877d3bb-b67c-3d6a-02a1-248c2c6a7c36">
      <Execution id="552b603c-380a-4101-b5e6-28800b67b66e" />
      <TestMethod codeBase="/workspace/tests/FluentUIScaffold.Core.Tests/bin/Debug/net8.0/FluentUIScaffold.Core.Tests.dll" adapterTypeName="executor://nunit3testexecutor/" className="FluentUIScaffold.Core.Tests.GitBasedProjectDetectorTests" name="DetectProjectPath_NoGit_FallsBackToDirectorySearch" />
    </UnitTest>
    <UnitTest name="ServerConfiguration_Removed_FromOptions" storage="/workspace/tests/fluentuiscaffold.core.tests/bin/debug/net8.0/fluentuiscaffold.core.tests.dll" id="691a1ada-8b81-1eeb-9198-2480eca9bcb5">
      <Execution id="af74c6ee-34fd-4bd4-b5f5-cd068a8f875e" />
      <TestMethod codeBase="/workspace/tests/FluentUIScaffold.Core.Tests/bin/Debug/net8.0/FluentUIScaffold.Core.Tests.dll" adapterTypeName="executor://nunit3testexecutor/" className="FluentUIScaffold.Core.Tests.FluentUIScaffoldTests" name="ServerConfiguration_Removed_FromOptions" />
    </UnitTest>
    <UnitTest name="Last_WithEmptyCollection_ShouldThrowInvalidOperationException" storage="/workspace/tests/fluentuiscaffold.core.tests/bin/debug/net8.0/fluentuiscaffold.core.tests.dll" id="c9f61712-9fd7-d6bb-db15-07624030c6e4">
      <Execution id="3104d2be-3f80-4935-aeac-c3952a2ff908" />
      <TestMethod codeBase="/workspace/tests/FluentUIScaffold.Core.Tests/bin/Debug/net8.0/FluentUIScaffold.Core.Tests.dll" adapterTypeName="executor://nunit3testexecutor/" className="FluentUIScaffold.Core.Tests.ElementCollectionTests" name="Last_WithEmptyCollection_ShouldThrowInvalidOperationException" />
    </UnitTest>
    <UnitTest name="WaitForHidden_ShouldCallDriverWaitForElementToBeHidden" storage="/workspace/tests/fluentuiscaffold.core.tests/bin/debug/net8.0/fluentuiscaffold.core.tests.dll" id="32cab928-a934-2b6a-7a60-1dfa1c7f9abb">
      <Execution id="e3651db2-afa6-410a-8994-e5638ee29efa" />
      <TestMethod codeBase="/workspace/tests/FluentUIScaffold.Core.Tests/bin/Debug/net8.0/FluentUIScaffold.Core.Tests.dll" adapterTypeName="executor://nunit3testexecutor/" className="FluentUIScaffold.Core.Tests.ElementTests" name="WaitForHidden_ShouldCallDriverWaitForElementToBeHidden" />
    </UnitTest>
    <UnitTest name="Last_WithNonEmptyCollection_ShouldReturnLastElement" storage="/workspace/tests/fluentuiscaffold.core.tests/bin/debug/net8.0/fluentuiscaffold.core.tests.dll" id="202af691-80fb-dfa6-d9ed-de360fd56509">
      <Execution id="2798c1d3-a1b9-4296-b69b-7f18f6556143" />
      <TestMethod codeBase="/workspace/tests/FluentUIScaffold.Core.Tests/bin/Debug/net8.0/FluentUIScaffold.Core.Tests.dll" adapterTypeName="executor://nunit3testexecutor/" className="FluentUIScaffold.Core.Tests.ElementCollectionTests" name="Last_WithNonEmptyCollection_ShouldReturnLastElement" />
    </UnitTest>
    <UnitTest name="Builder_SetsNodeEnvAndPort_FromFluentMethods" storage="/workspace/tests/fluentuiscaffold.core.tests/bin/debug/net8.0/fluentuiscaffold.core.tests.dll" id="6b94290b-4ed9-8c2a-b695-d80186249086">
      <Execution id="fa112ecb-7ec4-4e35-8fc6-e65e7e3ee70d" />
      <TestMethod codeBase="/workspace/tests/FluentUIScaffold.Core.Tests/bin/Debug/net8.0/FluentUIScaffold.Core.Tests.dll" adapterTypeName="executor://nunit3testexecutor/" className="FluentUIScaffold.Core.Tests.NodeJsServerLauncherTests" name="Builder_SetsNodeEnvAndPort_FromFluentMethods" />
    </UnitTest>
    <UnitTest name="NavigateToUrl_WithNullUrl_IsValid" storage="/workspace/tests/fluentuiscaffold.core.tests/bin/debug/net8.0/fluentuiscaffold.core.tests.dll" id="53b308dd-208a-388e-c5f9-16f490d67de6">
      <Execution id="2814f0ea-6ea9-4f7b-97fa-5a98c203b180" />
      <TestMethod codeBase="/workspace/tests/FluentUIScaffold.Core.Tests/bin/Debug/net8.0/FluentUIScaffold.Core.Tests.dll" adapterTypeName="executor://nunit3testexecutor/" className="FluentUIScaffold.Core.Tests.NavigationTests" name="NavigateToUrl_WithNullUrl_IsValid" />
    </UnitTest>
    <UnitTest name="ElementIsEnabled_PositiveAndNegative" storage="/workspace/tests/fluentuiscaffold.core.tests/bin/debug/net8.0/fluentuiscaffold.core.tests.dll" id="0c1cd9e9-2bf5-8e4c-5cc4-d59debbae135">
      <Execution id="22fc9b61-a1ed-426a-a7bb-51cd0f2fac4a" />
      <TestMethod codeBase="/workspace/tests/FluentUIScaffold.Core.Tests/bin/Debug/net8.0/FluentUIScaffold.Core.Tests.dll" adapterTypeName="executor://nunit3testexecutor/" className="FluentUIScaffold.Core.Tests.VerificationContextTests" name="ElementIsEnabled_PositiveAndNegative" />
    </UnitTest>
    <UnitTest name="RemoveFromCache_WithNonExistingKey_ShouldReturnFalse" storage="/workspace/tests/fluentuiscaffold.core.tests/bin/debug/net8.0/fluentuiscaffold.core.tests.dll" id="d8390e41-bd5a-fe7f-3b98-f2190b4f7ae8">
      <Execution id="1af08671-2a67-47a6-ab59-1e340d197aac" />
      <TestMethod codeBase="/workspace/tests/FluentUIScaffold.Core.Tests/bin/Debug/net8.0/FluentUIScaffold.Core.Tests.dll" adapterTypeName="executor://nunit3testexecutor/" className="FluentUIScaffold.Core.Tests.ElementFactoryTests" name="RemoveFromCache_WithNonExistingKey_ShouldReturnFalse" />
    </UnitTest>
    <UnitTest name="WithTimeout_ShouldSetTimeout" storage="/workspace/tests/fluentuiscaffold.core.tests/bin/debug/net8.0/fluentuiscaffold.core.tests.dll" id="8383728b-b15a-a0ae-e2d4-37daa1d150cf">
      <Execution id="6e0a6abc-29ef-4ede-bf05-709eb6ce04f0" />
      <TestMethod codeBase="/workspace/tests/FluentUIScaffold.Core.Tests/bin/Debug/net8.0/FluentUIScaffold.Core.Tests.dll" adapterTypeName="executor://nunit3testexecutor/" className="FluentUIScaffold.Core.Tests.ElementBuilderTests" name="WithTimeout_ShouldSetTimeout" />
    </UnitTest>
    <UnitTest name="RegisterDetector_WithValidDetector_RegistersSuccessfully" storage="/workspace/tests/fluentuiscaffold.core.tests/bin/debug/net8.0/fluentuiscaffold.core.tests.dll" id="3060bcb3-7dbb-52ae-d898-6c736e92902a">
      <Execution id="c0876d0e-59fe-4fd3-b6c4-fc7633ba830a" />
      <TestMethod codeBase="/workspace/tests/FluentUIScaffold.Core.Tests/bin/Debug/net8.0/FluentUIScaffold.Core.Tests.dll" adapterTypeName="executor://nunit3testexecutor/" className="FluentUIScaffold.Core.Tests.ServerLauncherFactoryTests" name="RegisterDetector_WithValidDetector_RegistersSuccessfully" />
    </UnitTest>
    <UnitTest name="Build_ShouldReturnConfiguredElement" storage="/workspace/tests/fluentuiscaffold.core.tests/bin/debug/net8.0/fluentuiscaffold.core.tests.dll" id="58c799eb-3510-390d-5f8b-eb2a700feeb4">
      <Execution id="c2afcc96-1d1c-4746-bd25-3b6be15f9f45" />
      <TestMethod codeBase="/workspace/tests/FluentUIScaffold.Core.Tests/bin/Debug/net8.0/FluentUIScaffold.Core.Tests.dll" adapterTypeName="executor://nunit3testexecutor/" className="FluentUIScaffold.Core.Tests.ElementBuilderTests" name="Build_ShouldReturnConfiguredElement" />
    </UnitTest>
    <UnitTest name="Filter_WithValidPredicate_ShouldReturnFilteredCollection" storage="/workspace/tests/fluentuiscaffold.core.tests/bin/debug/net8.0/fluentuiscaffold.core.tests.dll" id="9277c687-d1ec-06a3-91ef-9c2756a13404">
      <Execution id="861baccf-0c87-46b9-8478-753b77545bde" />
      <TestMethod codeBase="/workspace/tests/FluentUIScaffold.Core.Tests/bin/Debug/net8.0/FluentUIScaffold.Core.Tests.dll" adapterTypeName="executor://nunit3testexecutor/" className="FluentUIScaffold.Core.Tests.ElementCollectionTests" name="Filter_WithValidPredicate_ShouldReturnFilteredCollection" />
    </UnitTest>
    <UnitTest name="Filter_WithNullPredicate_ShouldThrowArgumentNullException" storage="/workspace/tests/fluentuiscaffold.core.tests/bin/debug/net8.0/fluentuiscaffold.core.tests.dll" id="0d8a6f68-b892-8208-9f84-b0a607e9693d">
      <Execution id="babb79aa-fe0d-4f1a-a3a4-ae6ddbcce29f" />
      <TestMethod codeBase="/workspace/tests/FluentUIScaffold.Core.Tests/bin/Debug/net8.0/FluentUIScaffold.Core.Tests.dll" adapterTypeName="executor://nunit3testexecutor/" className="FluentUIScaffold.Core.Tests.ElementCollectionTests" name="Filter_WithNullPredicate_ShouldThrowArgumentNullException" />
    </UnitTest>
    <UnitTest name="GetOrCreateElement_WithNullKey_ShouldThrowArgumentException" storage="/workspace/tests/fluentuiscaffold.core.tests/bin/debug/net8.0/fluentuiscaffold.core.tests.dll" id="91a71ac4-590c-9e24-6500-b1be939120d3">
      <Execution id="6d73b063-bdd9-4382-9ef3-75deb1821a56" />
      <TestMethod codeBase="/workspace/tests/FluentUIScaffold.Core.Tests/bin/Debug/net8.0/FluentUIScaffold.Core.Tests.dll" adapterTypeName="executor://nunit3testexecutor/" className="FluentUIScaffold.Core.Tests.ElementFactoryTests" name="GetOrCreateElement_WithNullKey_ShouldThrowArgumentException" />
    </UnitTest>
    <UnitTest name="WithDefaultWaitTimeout_WithValidTimeout_SetsDefaultWaitTimeout" storage="/workspace/tests/fluentuiscaffold.core.tests/bin/debug/net8.0/fluentuiscaffold.core.tests.dll" id="4c88da48-1cf2-2ce5-51d9-4c397983aa27">
      <Execution id="edc6e06e-1e5d-4278-a00c-4ddc65b3d88b" />
      <TestMethod codeBase="/workspace/tests/FluentUIScaffold.Core.Tests/bin/Debug/net8.0/FluentUIScaffold.Core.Tests.dll" adapterTypeName="executor://nunit3testexecutor/" className="FluentUIScaffold.Core.Tests.FluentUIScaffoldTests" name="WithDefaultWaitTimeout_WithValidTimeout_SetsDefaultWaitTimeout" />
    </UnitTest>
    <UnitTest name="RegisterPlugin_WithValidPluginType_RegistersPlugin" storage="/workspace/tests/fluentuiscaffold.core.tests/bin/debug/net8.0/fluentuiscaffold.core.tests.dll" id="22a55186-734f-9dba-b3aa-22207bab8f2a">
      <Execution id="021bb9c6-3d4e-4cb4-8645-e581fd1e36e5" />
      <TestMethod codeBase="/workspace/tests/FluentUIScaffold.Core.Tests/bin/Debug/net8.0/FluentUIScaffold.Core.Tests.dll" adapterTypeName="executor://nunit3testexecutor/" className="FluentUIScaffold.Core.Tests.PluginManagerTests" name="RegisterPlugin_WithValidPluginType_RegistersPlugin" />
    </UnitTest>
    <UnitTest name="DetectProjectPath_FromAdditionalPaths_ReturnsPath" storage="/workspace/tests/fluentuiscaffold.core.tests/bin/debug/net8.0/fluentuiscaffold.core.tests.dll" id="aa2ad8c9-644e-352f-745e-635b81ae401d">
      <Execution id="5758ffbd-4228-45cd-bee5-4914243dda93" />
      <TestMethod codeBase="/workspace/tests/FluentUIScaffold.Core.Tests/bin/Debug/net8.0/FluentUIScaffold.Core.Tests.dll" adapterTypeName="executor://nunit3testexecutor/" className="FluentUIScaffold.Core.Tests.EnvironmentBasedProjectDetectorTests" name="DetectProjectPath_FromAdditionalPaths_ReturnsPath" />
    </UnitTest>
    <UnitTest name="WithServerConfiguration_Removed_FromBuilder" storage="/workspace/tests/fluentuiscaffold.core.tests/bin/debug/net8.0/fluentuiscaffold.core.tests.dll" id="ce884f09-4916-a854-a0cc-dbdac776383b">
      <Execution id="1b2b819f-e8d5-4b0e-bc43-f5be1e1ed1e4" />
      <TestMethod codeBase="/workspace/tests/FluentUIScaffold.Core.Tests/bin/Debug/net8.0/FluentUIScaffold.Core.Tests.dll" adapterTypeName="executor://nunit3testexecutor/" className="FluentUIScaffold.Core.Tests.FluentUIScaffoldOptionsBuilderTests" name="WithServerConfiguration_Removed_FromBuilder" />
    </UnitTest>
    <UnitTest name="WithDefaultWaitTimeout_WithValidTimeout_SetsDefaultWaitTimeout" storage="/workspace/tests/fluentuiscaffold.core.tests/bin/debug/net8.0/fluentuiscaffold.core.tests.dll" id="99f01ded-3ca2-e651-a7da-fe562e1e4884">
      <Execution id="38da86b4-a365-44ea-9b85-cc79609509ce" />
      <TestMethod codeBase="/workspace/tests/FluentUIScaffold.Core.Tests/bin/Debug/net8.0/FluentUIScaffold.Core.Tests.dll" adapterTypeName="executor://nunit3testexecutor/" className="FluentUIScaffold.Core.Tests.FluentUIScaffoldOptionsBuilderTests" name="WithDefaultWaitTimeout_WithValidTimeout_SetsDefaultWaitTimeout" />
    </UnitTest>
    <UnitTest name="WaitForVisible_ShouldCallDriverWaitForElementToBeVisible" storage="/workspace/tests/fluentuiscaffold.core.tests/bin/debug/net8.0/fluentuiscaffold.core.tests.dll" id="8edbc9e8-8106-4e2b-446e-15afc8cb2e79">
      <Execution id="66159b11-717d-462b-8ef8-ad9c792b0fed" />
      <TestMethod codeBase="/workspace/tests/FluentUIScaffold.Core.Tests/bin/Debug/net8.0/FluentUIScaffold.Core.Tests.dll" adapterTypeName="executor://nunit3testexecutor/" className="FluentUIScaffold.Core.Tests.ElementTests" name="WaitForVisible_ShouldCallDriverWaitForElementToBeVisible" />
    </UnitTest>
    <UnitTest name="GetText_ShouldCallDriverGetText" storage="/workspace/tests/fluentuiscaffold.core.tests/bin/debug/net8.0/fluentuiscaffold.core.tests.dll" id="179b7383-7c66-19a3-5099-a84ccfda3312">
      <Execution id="87c89b7d-3e1b-4d88-bada-abab312acdd1" />
      <TestMethod codeBase="/workspace/tests/FluentUIScaffold.Core.Tests/bin/Debug/net8.0/FluentUIScaffold.Core.Tests.dll" adapterTypeName="executor://nunit3testexecutor/" className="FluentUIScaffold.Core.Tests.ElementTests" name="GetText_ShouldCallDriverGetText" />
    </UnitTest>
    <UnitTest name="Placeholder_NoOp_ToMaintainTestStructure" storage="/workspace/tests/fluentuiscaffold.core.tests/bin/debug/net8.0/fluentuiscaffold.core.tests.dll" id="27bf1d8f-6db2-9d4a-565f-5fca061cc8f1">
      <Execution id="d0bce87b-81db-42e2-b153-086c1dcb1fb7" />
      <TestMethod codeBase="/workspace/tests/FluentUIScaffold.Core.Tests/bin/Debug/net8.0/FluentUIScaffold.Core.Tests.dll" adapterTypeName="executor://nunit3testexecutor/" className="FluentUIScaffold.Core.Tests.FluentUIScaffoldTests" name="Placeholder_NoOp_ToMaintainTestStructure" />
    </UnitTest>
    <UnitTest name="RegisterElement_WithNullElement_ShouldThrowArgumentNullException" storage="/workspace/tests/fluentuiscaffold.core.tests/bin/debug/net8.0/fluentuiscaffold.core.tests.dll" id="a1f4b443-1603-0539-0dc0-d4ce95853134">
      <Execution id="efcaa63b-1d1d-4f06-b47c-a5e24836784d" />
      <TestMethod codeBase="/workspace/tests/FluentUIScaffold.Core.Tests/bin/Debug/net8.0/FluentUIScaffold.Core.Tests.dll" adapterTypeName="executor://nunit3testexecutor/" className="FluentUIScaffold.Core.Tests.ElementFactoryTests" name="RegisterElement_WithNullElement_ShouldThrowArgumentNullException" />
    </UnitTest>
    <UnitTest name="WithAttribute_ShouldAddAttribute" storage="/workspace/tests/fluentuiscaffold.core.tests/bin/debug/net8.0/fluentuiscaffold.core.tests.dll" id="ecd11cad-395d-4d5e-d9ae-03e7b8295be8">
      <Execution id="366657ee-085a-400d-8bf5-a39f60365eb6" />
      <TestMethod codeBase="/workspace/tests/FluentUIScaffold.Core.Tests/bin/Debug/net8.0/FluentUIScaffold.Core.Tests.dll" adapterTypeName="executor://nunit3testexecutor/" className="FluentUIScaffold.Core.Tests.ElementBuilderTests" name="WithAttribute_ShouldAddAttribute" />
    </UnitTest>
    <UnitTest name="WaitFor_WithNoneStrategy_ShouldNotCallAnyWaitMethods" storage="/workspace/tests/fluentuiscaffold.core.tests/bin/debug/net8.0/fluentuiscaffold.core.tests.dll" id="9f3021c1-925a-71da-e253-d006455bc8e9">
      <Execution id="841bb3bb-90f8-417c-9f08-c5ea7425c90e" />
      <TestMethod codeBase="/workspace/tests/FluentUIScaffold.Core.Tests/bin/Debug/net8.0/FluentUIScaffold.Core.Tests.dll" adapterTypeName="executor://nunit3testexecutor/" className="FluentUIScaffold.Core.Tests.ElementTests" name="WaitFor_WithNoneStrategy_ShouldNotCallAnyWaitMethods" />
    </UnitTest>
    <UnitTest name="DetectProjectPath_FromEnvironmentVariable_ReturnsPath" storage="/workspace/tests/fluentuiscaffold.core.tests/bin/debug/net8.0/fluentuiscaffold.core.tests.dll" id="8ca40265-bff9-35e5-4c05-5311e5fae258">
      <Execution id="a224cb8a-f488-41d5-b103-4902feb9c9d6" />
      <TestMethod codeBase="/workspace/tests/FluentUIScaffold.Core.Tests/bin/Debug/net8.0/FluentUIScaffold.Core.Tests.dll" adapterTypeName="executor://nunit3testexecutor/" className="FluentUIScaffold.Core.Tests.EnvironmentBasedProjectDetectorTests" name="DetectProjectPath_FromEnvironmentVariable_ReturnsPath" />
    </UnitTest>
    <UnitTest name="HeadlessMode_WithNullValue_SetsHeadlessModeToNull" storage="/workspace/tests/fluentuiscaffold.core.tests/bin/debug/net8.0/fluentuiscaffold.core.tests.dll" id="6c726527-cdae-6f0e-e424-af9055e97f92">
      <Execution id="230fa855-aa05-47db-8f60-8e4f80ced5f7" />
      <TestMethod codeBase="/workspace/tests/FluentUIScaffold.Core.Tests/bin/Debug/net8.0/FluentUIScaffold.Core.Tests.dll" adapterTypeName="executor://nunit3testexecutor/" className="FluentUIScaffold.Core.Tests.FluentUIScaffoldTests" name="HeadlessMode_WithNullValue_SetsHeadlessModeToNull" />
    </UnitTest>
    <UnitTest name="WaitFor_WithUnsupportedStrategy_ShouldThrowArgumentException" storage="/workspace/tests/fluentuiscaffold.core.tests/bin/debug/net8.0/fluentuiscaffold.core.tests.dll" id="5b0f8305-1a07-717d-f99d-cd7dc78eb59e">
      <Execution id="1982c319-370b-482a-8ca2-dcef1e1adc01" />
      <TestMethod codeBase="/workspace/tests/FluentUIScaffold.Core.Tests/bin/Debug/net8.0/FluentUIScaffold.Core.Tests.dll" adapterTypeName="executor://nunit3testexecutor/" className="FluentUIScaffold.Core.Tests.ElementTests" name="WaitFor_WithUnsupportedStrategy_ShouldThrowArgumentException" />
    </UnitTest>
    <UnitTest name="Type_ShouldCallDriverType" storage="/workspace/tests/fluentuiscaffold.core.tests/bin/debug/net8.0/fluentuiscaffold.core.tests.dll" id="44803fba-616e-b64e-f070-676eb27c9592">
      <Execution id="96e75174-f6ee-4cdd-b810-a5150397ba6d" />
      <TestMethod codeBase="/workspace/tests/FluentUIScaffold.Core.Tests/bin/Debug/net8.0/FluentUIScaffold.Core.Tests.dll" adapterTypeName="executor://nunit3testexecutor/" className="FluentUIScaffold.Core.Tests.ElementTests" name="Type_ShouldCallDriverType" />
    </UnitTest>
    <UnitTest name="HeadlessMode_WithValidValue_SetsHeadlessMode" storage="/workspace/tests/fluentuiscaffold.core.tests/bin/debug/net8.0/fluentuiscaffold.core.tests.dll" id="1dbd60f0-8bf8-0e06-1bea-3397a47d2afd">
      <Execution id="81598f00-36d1-4fc6-b249-6606dc425971" />
      <TestMethod codeBase="/workspace/tests/FluentUIScaffold.Core.Tests/bin/Debug/net8.0/FluentUIScaffold.Core.Tests.dll" adapterTypeName="executor://nunit3testexecutor/" className="FluentUIScaffold.Core.Tests.FluentUIScaffoldTests" name="HeadlessMode_WithValidValue_SetsHeadlessMode" />
    </UnitTest>
    <UnitTest name="Indexer_WithIndexEqualToCount_ShouldThrowArgumentOutOfRangeException" storage="/workspace/tests/fluentuiscaffold.core.tests/bin/debug/net8.0/fluentuiscaffold.core.tests.dll" id="71ed1687-d25f-f0b2-eee1-f1f69754d207">
      <Execution id="e8f6e221-3c7a-44fe-94c9-b62a0d3015a4" />
      <TestMethod codeBase="/workspace/tests/FluentUIScaffold.Core.Tests/bin/Debug/net8.0/FluentUIScaffold.Core.Tests.dll" adapterTypeName="executor://nunit3testexecutor/" className="FluentUIScaffold.Core.Tests.ElementCollectionTests" name="Indexer_WithIndexEqualToCount_ShouldThrowArgumentOutOfRangeException" />
    </UnitTest>
    <UnitTest name="Constructor_WithNullDriver_ShouldThrowArgumentNullException" storage="/workspace/tests/fluentuiscaffold.core.tests/bin/debug/net8.0/fluentuiscaffold.core.tests.dll" id="280bec51-23dc-ffba-208c-c20000ad7909">
      <Execution id="2357028c-97e1-4580-b85d-e23cd236ad6d" />
      <TestMethod codeBase="/workspace/tests/FluentUIScaffold.Core.Tests/bin/Debug/net8.0/FluentUIScaffold.Core.Tests.dll" adapterTypeName="executor://nunit3testexecutor/" className="FluentUIScaffold.Core.Tests.ElementBuilderTests" name="Constructor_WithNullDriver_ShouldThrowArgumentNullException" />
    </UnitTest>
    <UnitTest name="WaitFor_WithHiddenStrategy_ShouldCallWaitForHidden" storage="/workspace/tests/fluentuiscaffold.core.tests/bin/debug/net8.0/fluentuiscaffold.core.tests.dll" id="6ba06a82-9046-fcca-a49b-be1345ecbc51">
      <Execution id="d5036097-382d-43e8-a504-eb127fd004a5" />
      <TestMethod codeBase="/workspace/tests/FluentUIScaffold.Core.Tests/bin/Debug/net8.0/FluentUIScaffold.Core.Tests.dll" adapterTypeName="executor://nunit3testexecutor/" className="FluentUIScaffold.Core.Tests.ElementTests" name="WaitFor_WithHiddenStrategy_ShouldCallWaitForHidden" />
    </UnitTest>
    <UnitTest name="WaitFor_WithVisibleStrategy_ShouldCallWaitForVisible" storage="/workspace/tests/fluentuiscaffold.core.tests/bin/debug/net8.0/fluentuiscaffold.core.tests.dll" id="85b3a0e0-be33-c2c1-998a-6dc53854bf16">
      <Execution id="05e1830b-c0b1-4b9c-9d4d-5b91ba5f5aad" />
      <TestMethod codeBase="/workspace/tests/FluentUIScaffold.Core.Tests/bin/Debug/net8.0/FluentUIScaffold.Core.Tests.dll" adapterTypeName="executor://nunit3testexecutor/" className="FluentUIScaffold.Core.Tests.ElementTests" name="WaitFor_WithVisibleStrategy_ShouldCallWaitForVisible" />
    </UnitTest>
    <UnitTest name="WithWebServerProjectPath_WithEmptyPath_Removed" storage="/workspace/tests/fluentuiscaffold.core.tests/bin/debug/net8.0/fluentuiscaffold.core.tests.dll" id="8a43bd3c-a801-bb4f-9167-9cddc20d64b5">
      <Execution id="a6165778-eee9-48b3-94f7-ccf4a69129b9" />
      <TestMethod codeBase="/workspace/tests/FluentUIScaffold.Core.Tests/bin/Debug/net8.0/FluentUIScaffold.Core.Tests.dll" adapterTypeName="executor://nunit3testexecutor/" className="FluentUIScaffold.Core.Tests.FluentUIScaffoldOptionsBuilderTests" name="WithWebServerProjectPath_WithEmptyPath_Removed" />
    </UnitTest>
    <UnitTest name="That_DelegatesThrowOnFalse" storage="/workspace/tests/fluentuiscaffold.core.tests/bin/debug/net8.0/fluentuiscaffold.core.tests.dll" id="ecd0e042-7358-e08b-c8ac-f95b7ed8f0a9">
      <Execution id="22562c5a-c16c-4ff1-bc2b-321d0eb91425" />
      <TestMethod codeBase="/workspace/tests/FluentUIScaffold.Core.Tests/bin/Debug/net8.0/FluentUIScaffold.Core.Tests.dll" adapterTypeName="executor://nunit3testexecutor/" className="FluentUIScaffold.Core.Tests.VerificationContextTests" name="That_DelegatesThrowOnFalse" />
    </UnitTest>
  </TestDefinitions>
  <TestEntries>
    <TestEntry testId="73a1b770-4a5e-0a29-6a9c-524092b48888" executionId="6d9533ba-ff34-4f95-b240-0bd33e7c3412" testListId="8c84fa94-04c1-424b-9868-57a2d4851a1d" />
    <TestEntry testId="19dd36e1-31f9-3753-0a72-7dc6f09188c0" executionId="56b58b2f-2833-4607-a786-5cc762498d95" testListId="8c84fa94-04c1-424b-9868-57a2d4851a1d" />
    <TestEntry testId="33a7bbde-5ce9-4487-c1d1-eb748c5080db" executionId="20a02633-8b46-47af-9150-d200eea5a4ea" testListId="8c84fa94-04c1-424b-9868-57a2d4851a1d" />
    <TestEntry testId="6ba06a82-9046-fcca-a49b-be1345ecbc51" executionId="d5036097-382d-43e8-a504-eb127fd004a5" testListId="8c84fa94-04c1-424b-9868-57a2d4851a1d" />
    <TestEntry testId="ac2caede-1993-10f2-1269-ecc9a1cb91c8" executionId="91c9dde0-74f9-440a-befa-ffd6c1e62246" testListId="8c84fa94-04c1-424b-9868-57a2d4851a1d" />
    <TestEntry testId="99f01ded-3ca2-e651-a7da-fe562e1e4884" executionId="38da86b4-a365-44ea-9b85-cc79609509ce" testListId="8c84fa94-04c1-424b-9868-57a2d4851a1d" />
    <TestEntry testId="ce884f09-4916-a854-a0cc-dbdac776383b" executionId="1b2b819f-e8d5-4b0e-bc43-f5be1e1ed1e4" testListId="8c84fa94-04c1-424b-9868-57a2d4851a1d" />
    <TestEntry testId="b877d3bb-b67c-3d6a-02a1-248c2c6a7c36" executionId="552b603c-380a-4101-b5e6-28800b67b66e" testListId="8c84fa94-04c1-424b-9868-57a2d4851a1d" />
    <TestEntry testId="7af08328-43c6-c4ff-4de5-161f93857df3" executionId="92b57194-ecfb-46ec-85bc-1ec8eb8abf9c" testListId="8c84fa94-04c1-424b-9868-57a2d4851a1d" />
    <TestEntry testId="0857da33-b4ef-b236-6099-02a532ef2a14" executionId="b494c8fa-d8fa-4491-8d30-f178a54cc038" testListId="8c84fa94-04c1-424b-9868-57a2d4851a1d" />
    <TestEntry testId="6dd2c663-126f-c692-d442-51f4ddb16f47" executionId="a66bf05c-d2ee-4d87-b0e1-fa81f142cacd" testListId="8c84fa94-04c1-424b-9868-57a2d4851a1d" />
    <TestEntry testId="cc28fd0d-aeb1-6068-03cf-a613121c3154" executionId="af1a0646-a79d-4b9e-9ad0-96f6d02e85c9" testListId="8c84fa94-04c1-424b-9868-57a2d4851a1d" />
    <TestEntry testId="a646cbbd-eb04-f9aa-5695-780998d26368" executionId="2048a6f1-8fc0-4b44-b21e-6a9e5bcca9d2" testListId="8c84fa94-04c1-424b-9868-57a2d4851a1d" />
    <TestEntry testId="179b7383-7c66-19a3-5099-a84ccfda3312" executionId="87c89b7d-3e1b-4d88-bada-abab312acdd1" testListId="8c84fa94-04c1-424b-9868-57a2d4851a1d" />
    <TestEntry testId="ff506097-7a61-9dd6-1df2-d3c8d75a82f3" executionId="5e6f9896-7ec4-42a7-813b-559978a88918" testListId="8c84fa94-04c1-424b-9868-57a2d4851a1d" />
    <TestEntry testId="405fd94c-1e16-06c6-669b-4f6514668f24" executionId="ffaa83c4-b5d6-4963-a8eb-cec14bba82c3" testListId="8c84fa94-04c1-424b-9868-57a2d4851a1d" />
    <TestEntry testId="4cd43b66-f3f8-8df6-5266-95b6a332d485" executionId="4fcb0b03-0cf5-401d-b6bf-47d0ad306b7f" testListId="8c84fa94-04c1-424b-9868-57a2d4851a1d" />
    <TestEntry testId="9f3021c1-925a-71da-e253-d006455bc8e9" executionId="841bb3bb-90f8-417c-9f08-c5ea7425c90e" testListId="8c84fa94-04c1-424b-9868-57a2d4851a1d" />
    <TestEntry testId="4346959c-3e94-4c0e-1880-3b5ac77fbbde" executionId="47ee5cff-085f-46bc-b918-9e5db43daa47" testListId="8c84fa94-04c1-424b-9868-57a2d4851a1d" />
    <TestEntry testId="5bf46c48-3055-37d6-fef8-c9d126207b04" executionId="c48880a5-0178-44ff-bae0-4bd67a4c9e93" testListId="8c84fa94-04c1-424b-9868-57a2d4851a1d" />
    <TestEntry testId="7f949d80-13b6-78ce-6336-64f88eac33b7" executionId="bddd32b5-f84a-4d03-a2b5-6dc321d6053a" testListId="8c84fa94-04c1-424b-9868-57a2d4851a1d" />
    <TestEntry testId="fd9a3db3-8264-a883-4b5b-0fadb4e27885" executionId="dece1535-435a-4483-8422-01e23bfb5d56" testListId="8c84fa94-04c1-424b-9868-57a2d4851a1d" />
    <TestEntry testId="5457ec9d-b666-cb43-0581-94c4ccf2eefc" executionId="b6e9a50c-b93c-4bc6-836e-5d271ab4d00e" testListId="8c84fa94-04c1-424b-9868-57a2d4851a1d" />
    <TestEntry testId="5d00fc9b-986f-8e7a-5894-fe21deab4d76" executionId="4be390f0-f9fb-488d-bcbe-d192af3e6050" testListId="8c84fa94-04c1-424b-9868-57a2d4851a1d" />
    <TestEntry testId="d6e5f7f2-25f3-210a-1f00-1f733c0e9da8" executionId="ba047050-0e4b-489c-bafd-436435edb6de" testListId="8c84fa94-04c1-424b-9868-57a2d4851a1d" />
    <TestEntry testId="6d5a4486-b343-0cdc-4507-2918b358e5b5" executionId="a508ce39-1226-4f80-9e38-4aa4af7be9c8" testListId="8c84fa94-04c1-424b-9868-57a2d4851a1d" />
    <TestEntry testId="63abd0f8-5814-164f-7950-4ad186521ab4" executionId="d883d642-bb5d-44ed-b2cb-db54b3dec119" testListId="8c84fa94-04c1-424b-9868-57a2d4851a1d" />
    <TestEntry testId="475357e7-c128-1ac1-651e-32f7af1e435a" executionId="559288d8-94e7-4cc6-aed2-70ac7a51a509" testListId="8c84fa94-04c1-424b-9868-57a2d4851a1d" />
    <TestEntry testId="b7012c97-f966-55dc-c35d-274095149e5d" executionId="ffdf1188-b2a9-4552-9fc4-d97df74d8145" testListId="8c84fa94-04c1-424b-9868-57a2d4851a1d" />
    <TestEntry testId="91a71ac4-590c-9e24-6500-b1be939120d3" executionId="6d73b063-bdd9-4382-9ef3-75deb1821a56" testListId="8c84fa94-04c1-424b-9868-57a2d4851a1d" />
    <TestEntry testId="202af691-80fb-dfa6-d9ed-de360fd56509" executionId="2798c1d3-a1b9-4296-b69b-7f18f6556143" testListId="8c84fa94-04c1-424b-9868-57a2d4851a1d" />
    <TestEntry testId="280bf3f0-72fb-f486-cff4-df88da493c15" executionId="ed35ea03-58f4-48c2-bff3-bbadb380e59f" testListId="8c84fa94-04c1-424b-9868-57a2d4851a1d" />
    <TestEntry testId="b16522d5-763c-5079-f175-3132fe0bb3ec" executionId="228a2b7f-53b4-43d7-b969-fedca8f0baf4" testListId="8c84fa94-04c1-424b-9868-57a2d4851a1d" />
    <TestEntry testId="4f345fbb-6a64-45b0-3c3e-0ecb27e08e28" executionId="3364e235-1898-4f8b-be4a-b3c83aa5e8c4" testListId="8c84fa94-04c1-424b-9868-57a2d4851a1d" />
    <TestEntry testId="68cc5f29-514d-38dc-c438-33585cc74aa4" executionId="d076d123-6503-4461-b553-1f258ffd8625" testListId="8c84fa94-04c1-424b-9868-57a2d4851a1d" />
    <TestEntry testId="d52fd675-05c7-c95c-d1f1-981f3a4f3701" executionId="05e0c6a4-3bfb-4ebb-9915-8986decf226e" testListId="8c84fa94-04c1-424b-9868-57a2d4851a1d" />
    <TestEntry testId="c6d9c40f-adc6-4edb-6a83-6f4ac42882d1" executionId="4141f5fd-053b-4b5d-bf37-fad4f323a027" testListId="8c84fa94-04c1-424b-9868-57a2d4851a1d" />
    <TestEntry testId="d93cec4f-53d9-403d-a92c-21324eed1dc2" executionId="10e8021c-f6fa-4aec-9309-1c6c36c228b3" testListId="8c84fa94-04c1-424b-9868-57a2d4851a1d" />
    <TestEntry testId="7b7eece1-efca-5e39-6f9c-7c2cf05500c2" executionId="88537ad0-ed41-4cde-aec8-06dc0c9e9c57" testListId="8c84fa94-04c1-424b-9868-57a2d4851a1d" />
    <TestEntry testId="07d2e673-5834-e2ca-06bc-89c7780bb3c8" executionId="e507195e-fdca-4de0-87bb-df861528b210" testListId="8c84fa94-04c1-424b-9868-57a2d4851a1d" />
    <TestEntry testId="e490ff0f-804e-81fe-d54a-5987cfe60093" executionId="e312fb17-6b57-4a80-904c-509714de4f14" testListId="8c84fa94-04c1-424b-9868-57a2d4851a1d" />
    <TestEntry testId="f6b53d12-55a1-6cea-cf6b-996b794f8a7d" executionId="f52512fb-29c5-4560-b57a-1afa43081b3e" testListId="8c84fa94-04c1-424b-9868-57a2d4851a1d" />
    <TestEntry testId="894f94b1-efcc-7bbe-43c4-5aa998a01fba" executionId="8604a9e6-2e2d-4f0b-850a-4d4277fb6f35" testListId="8c84fa94-04c1-424b-9868-57a2d4851a1d" />
    <TestEntry testId="4d36eff3-cb8c-cc2b-ae0a-7341e46f417f" executionId="4f5ba8cb-6d35-4a7a-9d58-1516fc702998" testListId="8c84fa94-04c1-424b-9868-57a2d4851a1d" />
    <TestEntry testId="fab6990d-3c1c-2c65-5826-c4e429096956" executionId="691d2fc7-7982-42ae-aaed-22b27211f40f" testListId="8c84fa94-04c1-424b-9868-57a2d4851a1d" />
    <TestEntry testId="dd2018e8-67f8-175b-29d6-c073c16953d1" executionId="ab3cb59f-4819-4386-8384-6b1b31e8be9e" testListId="8c84fa94-04c1-424b-9868-57a2d4851a1d" />
    <TestEntry testId="c6b038af-0bc0-b632-00c4-3ef8ea29ed6e" executionId="09d98020-0ee6-47cd-a839-6ed21848e75f" testListId="8c84fa94-04c1-424b-9868-57a2d4851a1d" />
    <TestEntry testId="629e7f8f-acc1-6486-7ee3-d596d40e2188" executionId="82ed4fbf-32ad-4429-a732-d495d0947652" testListId="8c84fa94-04c1-424b-9868-57a2d4851a1d" />
    <TestEntry testId="e08a08af-210e-a1c2-6824-5a7b54cc2338" executionId="dce7c511-c765-43fd-9adc-fe27106f5de3" testListId="8c84fa94-04c1-424b-9868-57a2d4851a1d" />
    <TestEntry testId="5c65ae72-bd3b-fa7d-0bed-249316c4e40e" executionId="4244e21c-0344-4d1d-bdc7-ce3b5f017710" testListId="8c84fa94-04c1-424b-9868-57a2d4851a1d" />
    <TestEntry testId="ab102e48-216b-a6e1-6a1e-ce5492770c81" executionId="fe235b61-53d7-409b-9087-b12912e7f372" testListId="8c84fa94-04c1-424b-9868-57a2d4851a1d" />
    <TestEntry testId="a5af218b-8bb2-00fd-6d22-0e1ead0c9ffa" executionId="d71e7204-257a-4839-9686-bdd222ace29a" testListId="8c84fa94-04c1-424b-9868-57a2d4851a1d" />
    <TestEntry testId="28f45f08-f929-d021-87bf-ac7bea3175f6" executionId="c8dfac39-cb47-48d3-becb-ad268a6e35de" testListId="8c84fa94-04c1-424b-9868-57a2d4851a1d" />
    <TestEntry testId="2ac82e10-080e-2b5b-2d3d-5685bb444717" executionId="1851156f-391a-41c6-8ed5-8655f3d76393" testListId="8c84fa94-04c1-424b-9868-57a2d4851a1d" />
    <TestEntry testId="81e079e2-a64d-8756-a3ef-6eaca54001f6" executionId="a1140fdc-b3b5-4030-a430-58db9fca6f1f" testListId="8c84fa94-04c1-424b-9868-57a2d4851a1d" />
    <TestEntry testId="f2c0b89c-869a-b8e1-4f97-bcdc75425150" executionId="82624979-9c36-43e0-b2d0-9c73c7fac314" testListId="8c84fa94-04c1-424b-9868-57a2d4851a1d" />
    <TestEntry testId="0b4fc99c-eb06-94b0-bab6-1d7f1e79217a" executionId="28835f4f-80a7-46bb-9d0a-d7bd38d7aeb4" testListId="8c84fa94-04c1-424b-9868-57a2d4851a1d" />
    <TestEntry testId="9878c4ec-2f1a-e8e4-b5a4-d9a2cba55d4b" executionId="14231563-165a-4aac-986c-4ff22e0a6064" testListId="8c84fa94-04c1-424b-9868-57a2d4851a1d" />
    <TestEntry testId="f02c83be-628b-c901-c0e0-b0c07da04720" executionId="4f86d6e1-781b-4764-9233-a1c6e45f1c4d" testListId="8c84fa94-04c1-424b-9868-57a2d4851a1d" />
    <TestEntry testId="24920700-cbf0-845b-81d7-78958082ce63" executionId="91fe3874-72ca-4515-9587-216e00add435" testListId="8c84fa94-04c1-424b-9868-57a2d4851a1d" />
    <TestEntry testId="1dbd60f0-8bf8-0e06-1bea-3397a47d2afd" executionId="81598f00-36d1-4fc6-b249-6606dc425971" testListId="8c84fa94-04c1-424b-9868-57a2d4851a1d" />
    <TestEntry testId="6112ca55-caad-863b-bca3-e844e296c7b3" executionId="592fc00a-ec68-44f5-8255-e0a4196e86fc" testListId="8c84fa94-04c1-424b-9868-57a2d4851a1d" />
    <TestEntry testId="6bd0c540-38a9-699a-6e83-30afb294a184" executionId="e0e22e36-efaa-42d1-87fc-4ba8692e35e7" testListId="8c84fa94-04c1-424b-9868-57a2d4851a1d" />
    <TestEntry testId="0f9f915d-f9f9-434c-81bb-640e07bacad2" executionId="3ac0182e-3879-4c02-be56-526821664926" testListId="8c84fa94-04c1-424b-9868-57a2d4851a1d" />
    <TestEntry testId="0c1cd9e9-2bf5-8e4c-5cc4-d59debbae135" executionId="22fc9b61-a1ed-426a-a7bb-51cd0f2fac4a" testListId="8c84fa94-04c1-424b-9868-57a2d4851a1d" />
    <TestEntry testId="95cf8d21-caaa-bf90-a4bb-f43f9e880ae1" executionId="460892db-93e2-4157-9cf2-cc28b0e860a3" testListId="8c84fa94-04c1-424b-9868-57a2d4851a1d" />
    <TestEntry testId="869c75f3-f0d3-ccd1-94b9-b347ceeefe6e" executionId="f8dc006f-fd2a-4987-80a7-51810442ffa1" testListId="8c84fa94-04c1-424b-9868-57a2d4851a1d" />
    <TestEntry testId="d2d2e102-f707-129a-9483-a3a753e80312" executionId="c7cb4c39-3457-4290-93ff-e263c8d6a5e8" testListId="8c84fa94-04c1-424b-9868-57a2d4851a1d" />
    <TestEntry testId="d9c1e874-b98e-f314-cfca-82dd9dc7660b" executionId="af651fb0-dfc8-43f2-a1be-9b8280aa910e" testListId="8c84fa94-04c1-424b-9868-57a2d4851a1d" />
    <TestEntry testId="ddff61cf-6c8e-562e-62f7-c9fb5ab0fb05" executionId="3b584c98-0132-4034-b5be-37c9fd2044db" testListId="8c84fa94-04c1-424b-9868-57a2d4851a1d" />
    <TestEntry testId="eeb41d66-bc8a-3f24-dae1-82048046740c" executionId="5defacb6-d043-43c8-bfda-00bfd96dfb89" testListId="8c84fa94-04c1-424b-9868-57a2d4851a1d" />
    <TestEntry testId="268d744c-88c8-b894-11b0-d59382621120" executionId="d9ab0c8d-f66c-4f66-86d9-2f3b9fa6c269" testListId="8c84fa94-04c1-424b-9868-57a2d4851a1d" />
    <TestEntry testId="6343243c-dfd7-4b0b-0e3c-4021f44a4a0d" executionId="d931645f-329a-4ae3-a09e-b043e918ac27" testListId="8c84fa94-04c1-424b-9868-57a2d4851a1d" />
    <TestEntry testId="280bec51-23dc-ffba-208c-c20000ad7909" executionId="2357028c-97e1-4580-b85d-e23cd236ad6d" testListId="8c84fa94-04c1-424b-9868-57a2d4851a1d" />
    <TestEntry testId="aa2ad8c9-644e-352f-745e-635b81ae401d" executionId="5758ffbd-4228-45cd-bee5-4914243dda93" testListId="8c84fa94-04c1-424b-9868-57a2d4851a1d" />
    <TestEntry testId="bf028da6-1617-4eb8-985e-f133f6495b1c" executionId="84c9677e-6b58-4715-ba50-814f838bcadb" testListId="8c84fa94-04c1-424b-9868-57a2d4851a1d" />
    <TestEntry testId="6b94290b-4ed9-8c2a-b695-d80186249086" executionId="fa112ecb-7ec4-4e35-8fc6-e65e7e3ee70d" testListId="8c84fa94-04c1-424b-9868-57a2d4851a1d" />
    <TestEntry testId="46930332-f66d-a8f0-6df4-449ab0a9cd10" executionId="10e16cc0-b2bb-47c7-987c-790276dda178" testListId="8c84fa94-04c1-424b-9868-57a2d4851a1d" />
    <TestEntry testId="0c9cdc29-691b-c84f-d982-5575012bff55" executionId="288cc57d-a8cc-4056-82db-78b042753568" testListId="8c84fa94-04c1-424b-9868-57a2d4851a1d" />
    <TestEntry testId="bb6d95e1-fe2b-c7f2-f120-8406bb52b03a" executionId="4723831c-44e8-443d-a250-311e1ec3d229" testListId="8c84fa94-04c1-424b-9868-57a2d4851a1d" />
    <TestEntry testId="1c0d19b9-1bef-846e-5c51-324c55f41975" executionId="ba1a19f5-59e6-4d31-bc58-0257f1d081ca" testListId="8c84fa94-04c1-424b-9868-57a2d4851a1d" />
    <TestEntry testId="a1f4b443-1603-0539-0dc0-d4ce95853134" executionId="efcaa63b-1d1d-4f06-b47c-a5e24836784d" testListId="8c84fa94-04c1-424b-9868-57a2d4851a1d" />
    <TestEntry testId="3f49ee74-f47f-14db-402b-a5606f508f18" executionId="b0c4cbd9-878d-42c3-adcf-80a78eea3118" testListId="8c84fa94-04c1-424b-9868-57a2d4851a1d" />
    <TestEntry testId="38f64a32-373c-d336-108a-9833491623db" executionId="02144ed9-0dd1-49bb-b8d4-9c7451345ba5" testListId="8c84fa94-04c1-424b-9868-57a2d4851a1d" />
    <TestEntry testId="121b3ea7-a273-e796-8c2e-1aff78536d24" executionId="932dab2d-30ff-46d1-abc8-82aea832c71d" testListId="8c84fa94-04c1-424b-9868-57a2d4851a1d" />
    <TestEntry testId="2ea41be2-ee63-3a11-0613-d95c2f91bed0" executionId="4c47ab67-f238-4db4-ae2d-6cd2bd138097" testListId="8c84fa94-04c1-424b-9868-57a2d4851a1d" />
    <TestEntry testId="c48c7a66-1a74-12aa-2595-2e164ad6c470" executionId="145e1403-ffbe-4953-9d67-b2127f498dcc" testListId="8c84fa94-04c1-424b-9868-57a2d4851a1d" />
    <TestEntry testId="0d8a6f68-b892-8208-9f84-b0a607e9693d" executionId="babb79aa-fe0d-4f1a-a3a4-ae6ddbcce29f" testListId="8c84fa94-04c1-424b-9868-57a2d4851a1d" />
    <TestEntry testId="7fb7363f-268a-d980-fb84-31f8b492a262" executionId="80e0e15c-555d-474b-acf9-f17e74046bae" testListId="8c84fa94-04c1-424b-9868-57a2d4851a1d" />
    <TestEntry testId="11c6e8b9-63df-e19b-bf9f-452e7d9c0dd7" executionId="493211d8-ce02-4b3e-9f8e-0585fe5c885f" testListId="8c84fa94-04c1-424b-9868-57a2d4851a1d" />
    <TestEntry testId="c288cdf5-4c17-bd42-bf19-8d1a299a2747" executionId="35cdb234-a6bd-4476-9ee9-351e2480b81d" testListId="8c84fa94-04c1-424b-9868-57a2d4851a1d" />
    <TestEntry testId="677131f5-8f9b-a5d7-51f3-8830f5479d4d" executionId="deab9b22-9e33-4dad-8c0d-b9adebc36656" testListId="8c84fa94-04c1-424b-9868-57a2d4851a1d" />
    <TestEntry testId="85b3a0e0-be33-c2c1-998a-6dc53854bf16" executionId="05e1830b-c0b1-4b9c-9d4d-5b91ba5f5aad" testListId="8c84fa94-04c1-424b-9868-57a2d4851a1d" />
    <TestEntry testId="ecd11cad-395d-4d5e-d9ae-03e7b8295be8" executionId="366657ee-085a-400d-8bf5-a39f60365eb6" testListId="8c84fa94-04c1-424b-9868-57a2d4851a1d" />
    <TestEntry testId="a8ade4ba-35e4-f1b1-b29c-1221576ebc2c" executionId="aa56e520-033f-4558-b548-a0041cff26a3" testListId="8c84fa94-04c1-424b-9868-57a2d4851a1d" />
    <TestEntry testId="2d7af110-a47a-3498-5f06-ff20a980bae8" executionId="73bbe7d8-9e26-4cf2-827d-4ca8888e4763" testListId="8c84fa94-04c1-424b-9868-57a2d4851a1d" />
    <TestEntry testId="0f9360de-cd99-435c-c549-ccd3fe79a633" executionId="b5d18833-e0fe-4f3d-bace-b1726e7d12de" testListId="8c84fa94-04c1-424b-9868-57a2d4851a1d" />
    <TestEntry testId="44803fba-616e-b64e-f070-676eb27c9592" executionId="96e75174-f6ee-4cdd-b810-a5150397ba6d" testListId="8c84fa94-04c1-424b-9868-57a2d4851a1d" />
    <TestEntry testId="6c726527-cdae-6f0e-e424-af9055e97f92" executionId="230fa855-aa05-47db-8f60-8e4f80ced5f7" testListId="8c84fa94-04c1-424b-9868-57a2d4851a1d" />
    <TestEntry testId="5ecd0d47-634a-f5a5-e7c4-807c1c8c5935" executionId="09b3ad26-b245-4af0-ba5c-46e3172fc2a7" testListId="8c84fa94-04c1-424b-9868-57a2d4851a1d" />
    <TestEntry testId="12ff9ff8-18aa-7b6e-4922-4d2923a6060b" executionId="92cc5e97-9a3d-443d-ad03-4474a7257a77" testListId="8c84fa94-04c1-424b-9868-57a2d4851a1d" />
    <TestEntry testId="8ca40265-bff9-35e5-4c05-5311e5fae258" executionId="a224cb8a-f488-41d5-b103-4902feb9c9d6" testListId="8c84fa94-04c1-424b-9868-57a2d4851a1d" />
    <TestEntry testId="c3234fde-006b-d3a0-c6d3-0d9f12720c48" executionId="090e5acd-8845-4d72-9d12-c89d248aa927" testListId="8c84fa94-04c1-424b-9868-57a2d4851a1d" />
    <TestEntry testId="8ae62a86-1c76-a105-6718-7582f48ad523" executionId="a166f898-4475-4df6-a94a-5960812a02e2" testListId="8c84fa94-04c1-424b-9868-57a2d4851a1d" />
    <TestEntry testId="1c8b7bab-7237-42e0-5fb5-c55615089994" executionId="25591eea-3d2c-493c-8612-e33a7b2f55ac" testListId="8c84fa94-04c1-424b-9868-57a2d4851a1d" />
    <TestEntry testId="d9747d07-b571-8346-80a3-fe62a8b92e46" executionId="bc25d05e-1be6-402f-9951-df5ba4f7d043" testListId="8c84fa94-04c1-424b-9868-57a2d4851a1d" />
    <TestEntry testId="c3694fbe-f799-3b5e-9ff5-0d754eb65db7" executionId="f4cc7b85-1d99-4a20-9a05-eac8cf6c864a" testListId="8c84fa94-04c1-424b-9868-57a2d4851a1d" />
    <TestEntry testId="0cc5a016-6448-c184-75cf-5538243062ce" executionId="fd59e7ca-6f13-4754-b212-80a7b283465b" testListId="8c84fa94-04c1-424b-9868-57a2d4851a1d" />
    <TestEntry testId="9a47f56b-5bfd-fc11-0334-5ee2c89f0d7c" executionId="c98e5f6d-1f39-4ada-9fd1-845b6e131f94" testListId="8c84fa94-04c1-424b-9868-57a2d4851a1d" />
    <TestEntry testId="2c985496-df4a-5947-e2dc-50422705efcf" executionId="bde808b3-50ca-40cd-85b0-d73504f4121b" testListId="8c84fa94-04c1-424b-9868-57a2d4851a1d" />
    <TestEntry testId="e78cb7dd-0751-e11c-f830-882cb6a69d14" executionId="ca39dc64-9bc5-467a-9eac-d754db080d06" testListId="8c84fa94-04c1-424b-9868-57a2d4851a1d" />
    <TestEntry testId="5b0f8305-1a07-717d-f99d-cd7dc78eb59e" executionId="1982c319-370b-482a-8ca2-dcef1e1adc01" testListId="8c84fa94-04c1-424b-9868-57a2d4851a1d" />
    <TestEntry testId="bf999a1f-994b-fb2b-0916-7df6581792db" executionId="43624caa-cb39-49e2-80e5-e25079122e32" testListId="8c84fa94-04c1-424b-9868-57a2d4851a1d" />
    <TestEntry testId="28f7c59d-b5d1-8620-75b4-446e721774f0" executionId="c4248e53-c5c2-4715-aff9-f6cf37e7dba1" testListId="8c84fa94-04c1-424b-9868-57a2d4851a1d" />
    <TestEntry testId="3df7fba2-fa8b-3ca7-23f8-eddd788932a9" executionId="73c2f324-4526-459a-9790-e48dd9332c60" testListId="8c84fa94-04c1-424b-9868-57a2d4851a1d" />
    <TestEntry testId="5f7c4701-d824-4b97-c114-36e1e6a4c33e" executionId="e99ef86c-1689-4e11-ac07-b45be0f80584" testListId="8c84fa94-04c1-424b-9868-57a2d4851a1d" />
    <TestEntry testId="5fc1ac23-88fa-ea50-bc84-f014c480a778" executionId="4782de88-7ff4-4d56-b448-f6f5c424e49e" testListId="8c84fa94-04c1-424b-9868-57a2d4851a1d" />
    <TestEntry testId="8edbc9e8-8106-4e2b-446e-15afc8cb2e79" executionId="66159b11-717d-462b-8ef8-ad9c792b0fed" testListId="8c84fa94-04c1-424b-9868-57a2d4851a1d" />
    <TestEntry testId="2944cbda-271d-8e00-031a-dd03321c1f09" executionId="0e08bbae-b66a-43ed-8a17-0044ae99a5ba" testListId="8c84fa94-04c1-424b-9868-57a2d4851a1d" />
    <TestEntry testId="cbefd2c6-af4f-b601-5e3c-99959e055433" executionId="c9b73385-1577-49ce-b14d-cfdd6f17f295" testListId="8c84fa94-04c1-424b-9868-57a2d4851a1d" />
    <TestEntry testId="75c5db20-bc00-63de-91f7-e74098d22990" executionId="a129de0d-9652-40e8-8162-91c1001759f1" testListId="8c84fa94-04c1-424b-9868-57a2d4851a1d" />
    <TestEntry testId="3297f400-bb31-d8da-0f7d-46758c3d7554" executionId="c3a9e310-0d8d-4042-945c-62e7b1b4d816" testListId="8c84fa94-04c1-424b-9868-57a2d4851a1d" />
    <TestEntry testId="18f05ca5-b5fb-a8dd-f454-c581d558cbe9" executionId="439712aa-77ee-4fbf-a8ae-f5397b35eea2" testListId="8c84fa94-04c1-424b-9868-57a2d4851a1d" />
    <TestEntry testId="5e045292-2424-2536-e9a7-78679c446a8a" executionId="1cb65674-7296-495e-9612-37ab77c3938f" testListId="8c84fa94-04c1-424b-9868-57a2d4851a1d" />
    <TestEntry testId="fcd32eae-1929-9e13-f2a2-ebf52e2ea1bb" executionId="8ecb2cf2-1b21-4f5f-886b-12fe296b6134" testListId="8c84fa94-04c1-424b-9868-57a2d4851a1d" />
    <TestEntry testId="ae197987-6a6c-0f53-9053-aa2a52fada6c" executionId="a0658588-d769-4d2f-a267-e553d38ded42" testListId="8c84fa94-04c1-424b-9868-57a2d4851a1d" />
    <TestEntry testId="446583bb-1a0c-a601-da8c-b6db446288a3" executionId="247ee1b1-e21a-4059-8400-5482672b425e" testListId="8c84fa94-04c1-424b-9868-57a2d4851a1d" />
    <TestEntry testId="ecd0e042-7358-e08b-c8ac-f95b7ed8f0a9" executionId="22562c5a-c16c-4ff1-bc2b-321d0eb91425" testListId="8c84fa94-04c1-424b-9868-57a2d4851a1d" />
    <TestEntry testId="cc50075c-462e-8b57-d394-e1d716bb8f7e" executionId="8f6a16f7-5bba-4962-b25c-0fc52f6b7877" testListId="8c84fa94-04c1-424b-9868-57a2d4851a1d" />
    <TestEntry testId="020a6f08-c481-d586-c35b-71ffdcdf77ae" executionId="56c3f830-f4c9-4b4f-b193-f4f8af4ae680" testListId="8c84fa94-04c1-424b-9868-57a2d4851a1d" />
    <TestEntry testId="32cab928-a934-2b6a-7a60-1dfa1c7f9abb" executionId="e3651db2-afa6-410a-8994-e5638ee29efa" testListId="8c84fa94-04c1-424b-9868-57a2d4851a1d" />
    <TestEntry testId="3060bcb3-7dbb-52ae-d898-6c736e92902a" executionId="c0876d0e-59fe-4fd3-b6c4-fc7633ba830a" testListId="8c84fa94-04c1-424b-9868-57a2d4851a1d" />
    <TestEntry testId="2ac27a39-0887-ff83-8ecd-f4b873b52bce" executionId="8cf2adb9-39d7-4e87-8d93-a3964d787462" testListId="8c84fa94-04c1-424b-9868-57a2d4851a1d" />
    <TestEntry testId="22a55186-734f-9dba-b3aa-22207bab8f2a" executionId="021bb9c6-3d4e-4cb4-8645-e581fd1e36e5" testListId="8c84fa94-04c1-424b-9868-57a2d4851a1d" />
    <TestEntry testId="d8390e41-bd5a-fe7f-3b98-f2190b4f7ae8" executionId="1af08671-2a67-47a6-ab59-1e340d197aac" testListId="8c84fa94-04c1-424b-9868-57a2d4851a1d" />
    <TestEntry testId="f886403e-9ef4-53a2-d4e1-ecec3b79370d" executionId="16f5fbb1-f023-4aba-8be6-e621ac4f7b81" testListId="8c84fa94-04c1-424b-9868-57a2d4851a1d" />
    <TestEntry testId="e46f5d7d-393e-88b9-1a00-80ae274b5f6e" executionId="04066f4b-3657-435c-ae5f-f7d59305f1c3" testListId="8c84fa94-04c1-424b-9868-57a2d4851a1d" />
    <TestEntry testId="fff58572-0076-1d30-45fe-03dd6cfeccd1" executionId="3491f3e0-9fe0-40f6-97ab-6e9ff8f80bad" testListId="8c84fa94-04c1-424b-9868-57a2d4851a1d" />
    <TestEntry testId="8f39af80-f58e-71ee-14e2-037e33d2ca9e" executionId="6d05779c-d59c-405a-9c0a-f6a53073eb79" testListId="8c84fa94-04c1-424b-9868-57a2d4851a1d" />
    <TestEntry testId="9137de2c-3425-5caa-24c5-a0e443b11f11" executionId="749b8e27-60aa-43ea-aaa4-7bb95fca9758" testListId="8c84fa94-04c1-424b-9868-57a2d4851a1d" />
    <TestEntry testId="d0ef1a67-943c-e03c-80e8-cb9d77933072" executionId="88307853-fc21-4f54-84b7-9c80a04a1513" testListId="8c84fa94-04c1-424b-9868-57a2d4851a1d" />
    <TestEntry testId="f2f6b3ec-eeaf-c73e-5a2e-1ef2fc174766" executionId="4b311d28-ae0f-414d-bfc6-1a0df0fb8164" testListId="8c84fa94-04c1-424b-9868-57a2d4851a1d" />
    <TestEntry testId="b7f18d4e-e8c0-3285-6e79-21ddd24f3d41" executionId="0eac467b-f305-4fc9-9e60-68baf768f67c" testListId="8c84fa94-04c1-424b-9868-57a2d4851a1d" />
    <TestEntry testId="3c6ae5e7-2078-93c7-0cb9-170c4974fe27" executionId="ad20d5e4-288b-4e00-88c3-389e6848b6a7" testListId="8c84fa94-04c1-424b-9868-57a2d4851a1d" />
    <TestEntry testId="ffb66a76-a7d1-dfa1-aa9c-bf5163813cc6" executionId="62800aac-70c6-4131-a622-6107f7f13578" testListId="8c84fa94-04c1-424b-9868-57a2d4851a1d" />
    <TestEntry testId="1b9b8e0f-7ca6-98b2-3acc-030eea6eec79" executionId="7c77a225-1feb-403c-8f85-c1d4d3544a26" testListId="8c84fa94-04c1-424b-9868-57a2d4851a1d" />
    <TestEntry testId="b301e5a2-6274-43e4-8d33-13911ec17a00" executionId="f3590db3-15e1-4592-a02b-5c9c9a3beb53" testListId="8c84fa94-04c1-424b-9868-57a2d4851a1d" />
    <TestEntry testId="f46fda5d-5750-4db5-4e78-e68e765afd13" executionId="bd373cda-ef8d-4a1e-917e-f0b70abaa05f" testListId="8c84fa94-04c1-424b-9868-57a2d4851a1d" />
    <TestEntry testId="f1c510fe-f632-6958-5421-3d34e26a9b68" executionId="fe4f1bf7-c1b0-4764-964d-6db605a37ac3" testListId="8c84fa94-04c1-424b-9868-57a2d4851a1d" />
    <TestEntry testId="c2f5de2f-6096-d57c-95e5-fec26b8d796d" executionId="67f955b0-b582-4c1f-bfa6-369b4d57cf23" testListId="8c84fa94-04c1-424b-9868-57a2d4851a1d" />
    <TestEntry testId="37cb0dcf-4168-cbb7-f50e-73ed6d374e4a" executionId="a4acb519-b896-4222-8ec7-9851e33e1721" testListId="8c84fa94-04c1-424b-9868-57a2d4851a1d" />
    <TestEntry testId="8383728b-b15a-a0ae-e2d4-37daa1d150cf" executionId="6e0a6abc-29ef-4ede-bf05-709eb6ce04f0" testListId="8c84fa94-04c1-424b-9868-57a2d4851a1d" />
    <TestEntry testId="5dbab36b-8bf9-b94a-886b-0679437303ac" executionId="0098d43d-7c37-4e52-99f0-a7fd6e6a556e" testListId="8c84fa94-04c1-424b-9868-57a2d4851a1d" />
    <TestEntry testId="770867d9-ec05-f95d-4f86-cd135b847493" executionId="fefa5f1c-4548-41b6-b93b-8e3088562e1f" testListId="8c84fa94-04c1-424b-9868-57a2d4851a1d" />
    <TestEntry testId="e694388c-e9b9-a1d2-ef93-70adf5bded0d" executionId="fb5d73f4-cff5-4f42-8b09-826ca56d24cc" testListId="8c84fa94-04c1-424b-9868-57a2d4851a1d" />
    <TestEntry testId="71ed1687-d25f-f0b2-eee1-f1f69754d207" executionId="e8f6e221-3c7a-44fe-94c9-b62a0d3015a4" testListId="8c84fa94-04c1-424b-9868-57a2d4851a1d" />
    <TestEntry testId="a50fff13-3cd0-5b60-212f-066525a03c8a" executionId="a3343321-7773-4df1-a615-81b55fa8b398" testListId="8c84fa94-04c1-424b-9868-57a2d4851a1d" />
    <TestEntry testId="e75b2bb9-5515-7802-e744-4a6d4013843f" executionId="40dea0cc-5075-40e4-a6c7-b68beea404c3" testListId="8c84fa94-04c1-424b-9868-57a2d4851a1d" />
    <TestEntry testId="c9f61712-9fd7-d6bb-db15-07624030c6e4" executionId="3104d2be-3f80-4935-aeac-c3952a2ff908" testListId="8c84fa94-04c1-424b-9868-57a2d4851a1d" />
    <TestEntry testId="dddb8e0d-1bc6-fd59-4ffa-24cd6ce629ee" executionId="76593504-0cfb-4d82-a857-c214e65825ef" testListId="8c84fa94-04c1-424b-9868-57a2d4851a1d" />
    <TestEntry testId="9277c687-d1ec-06a3-91ef-9c2756a13404" executionId="861baccf-0c87-46b9-8478-753b77545bde" testListId="8c84fa94-04c1-424b-9868-57a2d4851a1d" />
    <TestEntry testId="4b5ed4f4-cca7-3210-3b0c-b7d6cb410605" executionId="d5a8e747-5b67-40cd-aeb6-03f55fa4d81f" testListId="8c84fa94-04c1-424b-9868-57a2d4851a1d" />
    <TestEntry testId="2ae1304c-81ac-a359-4734-cee502a63ccd" executionId="d80c3956-3980-42e8-8a8a-42284ceedd4f" testListId="8c84fa94-04c1-424b-9868-57a2d4851a1d" />
    <TestEntry testId="4d23582b-dfd6-378d-ff6d-4da2dfba9dba" executionId="b9d2d2e3-bd03-42cb-8621-af2aa6d7b430" testListId="8c84fa94-04c1-424b-9868-57a2d4851a1d" />
    <TestEntry testId="4c88da48-1cf2-2ce5-51d9-4c397983aa27" executionId="edc6e06e-1e5d-4278-a00c-4ddc65b3d88b" testListId="8c84fa94-04c1-424b-9868-57a2d4851a1d" />
    <TestEntry testId="27bf1d8f-6db2-9d4a-565f-5fca061cc8f1" executionId="d0bce87b-81db-42e2-b153-086c1dcb1fb7" testListId="8c84fa94-04c1-424b-9868-57a2d4851a1d" />
    <TestEntry testId="6b4edf85-bcda-05c4-98dc-c7c477f0a89a" executionId="0efbf45e-3e62-4c20-b6b7-53de99b51c04" testListId="8c84fa94-04c1-424b-9868-57a2d4851a1d" />
    <TestEntry testId="551fc6ac-b856-8cac-3508-c2c42f5670a1" executionId="07b83b1e-6aec-4a2b-986f-d9e9dabb6577" testListId="8c84fa94-04c1-424b-9868-57a2d4851a1d" />
    <TestEntry testId="3972325b-780e-8149-0501-afcdb2e51733" executionId="2704bc02-1d4b-44ca-8efe-2e4724dffefa" testListId="8c84fa94-04c1-424b-9868-57a2d4851a1d" />
    <TestEntry testId="691a1ada-8b81-1eeb-9198-2480eca9bcb5" executionId="af74c6ee-34fd-4bd4-b5f5-cd068a8f875e" testListId="8c84fa94-04c1-424b-9868-57a2d4851a1d" />
    <TestEntry testId="09311360-5b2a-d8bb-bda7-c830483aca7e" executionId="ebbb4f62-90b6-46cc-9819-445598996c4b" testListId="8c84fa94-04c1-424b-9868-57a2d4851a1d" />
    <TestEntry testId="7ca0cb73-aeb1-887f-1af1-2afb19198c6a" executionId="ff50664a-654a-4a61-8bba-cbbece332105" testListId="8c84fa94-04c1-424b-9868-57a2d4851a1d" />
    <TestEntry testId="46ffc5ad-c340-b767-44fb-d87ee75aad26" executionId="ca46605f-d076-429f-aad2-13ec42e20f4d" testListId="8c84fa94-04c1-424b-9868-57a2d4851a1d" />
    <TestEntry testId="5b0b0b21-c836-f769-4fb0-bf7c584f610d" executionId="bbc93a5d-5d14-476a-9446-01239fa0d52e" testListId="8c84fa94-04c1-424b-9868-57a2d4851a1d" />
    <TestEntry testId="0b3109f8-d2a8-47f7-ae01-04faf34ff615" executionId="61dde88b-cc3b-4b71-aca8-f291a37a04aa" testListId="8c84fa94-04c1-424b-9868-57a2d4851a1d" />
    <TestEntry testId="9db3b268-6657-af98-9f75-1b63df5c1b61" executionId="1d529cfd-2a2d-4247-a4cd-5cfae639b2e9" testListId="8c84fa94-04c1-424b-9868-57a2d4851a1d" />
    <TestEntry testId="471622d6-a01c-acdb-82c5-f00f72212509" executionId="0cde6bbf-d44b-4881-86f7-20a8df03b18c" testListId="8c84fa94-04c1-424b-9868-57a2d4851a1d" />
    <TestEntry testId="3c6f06c4-eda4-678a-9f31-78ef1574d012" executionId="5c51fdef-7189-4453-a32d-1ec4c6fae956" testListId="8c84fa94-04c1-424b-9868-57a2d4851a1d" />
    <TestEntry testId="ab73f926-d1a2-00f0-bb5d-c38f897fb557" executionId="25a39f33-4b15-4881-98f3-addfa882fac1" testListId="8c84fa94-04c1-424b-9868-57a2d4851a1d" />
    <TestEntry testId="db9ada96-dcf3-e037-db10-b7563d6669b8" executionId="f07c35b1-8799-437d-88f2-d3303595e512" testListId="8c84fa94-04c1-424b-9868-57a2d4851a1d" />
    <TestEntry testId="a8ccc846-1ff4-1690-63b6-362e0b40f521" executionId="151c29b7-f48d-4cd2-b8c4-6ef83ee18268" testListId="8c84fa94-04c1-424b-9868-57a2d4851a1d" />
    <TestEntry testId="ba86690a-e524-5b30-0581-e7c61fd4694c" executionId="0d31d3d5-8e3c-4c1b-ad0f-12d51558020b" testListId="8c84fa94-04c1-424b-9868-57a2d4851a1d" />
    <TestEntry testId="180a8a6f-cd05-0144-2ab5-cc27cf6b3780" executionId="002dc115-8125-49d4-9991-7c95f4f0f507" testListId="8c84fa94-04c1-424b-9868-57a2d4851a1d" />
    <TestEntry testId="0b5f1728-7b8a-73cb-1723-24feb2bf7d3d" executionId="5a9102ad-a653-44ca-b2d0-e1efdba7459f" testListId="8c84fa94-04c1-424b-9868-57a2d4851a1d" />
    <TestEntry testId="2e23022d-866f-3ace-93c9-9c504b47228e" executionId="c99d7c1c-7da5-4528-a798-36cd62806f63" testListId="8c84fa94-04c1-424b-9868-57a2d4851a1d" />
    <TestEntry testId="8ee850f6-f93d-44de-04bb-8bbc073b000b" executionId="e1fa05a0-5afd-41de-9b10-b236f74d441f" testListId="8c84fa94-04c1-424b-9868-57a2d4851a1d" />
    <TestEntry testId="f3b5f62e-4f46-2207-7f46-5faefe33f536" executionId="89d2ef83-ae2d-4cfa-9996-7d8deaa976c8" testListId="8c84fa94-04c1-424b-9868-57a2d4851a1d" />
    <TestEntry testId="bba98ce8-0e46-19a1-add2-e0e6659866ca" executionId="fe9dbd29-60a2-4416-b3a5-36f97e746c4b" testListId="8c84fa94-04c1-424b-9868-57a2d4851a1d" />
    <TestEntry testId="20de0f10-a260-56ec-7409-45cd1f921704" executionId="7de05ace-9352-4cf5-bb41-a039d682d146" testListId="8c84fa94-04c1-424b-9868-57a2d4851a1d" />
    <TestEntry testId="dd8f8349-d619-3359-a263-b07e1bc2b428" executionId="11f853b1-f872-4c92-ac5d-260221ae5394" testListId="8c84fa94-04c1-424b-9868-57a2d4851a1d" />
    <TestEntry testId="179ad534-942e-3d0d-8cd9-ff68b706f3bf" executionId="c62c7a4a-5a86-4d73-a232-93f4efaaf99a" testListId="8c84fa94-04c1-424b-9868-57a2d4851a1d" />
    <TestEntry testId="53b308dd-208a-388e-c5f9-16f490d67de6" executionId="2814f0ea-6ea9-4f7b-97fa-5a98c203b180" testListId="8c84fa94-04c1-424b-9868-57a2d4851a1d" />
    <TestEntry testId="1d0c7a95-619b-8f87-d712-932128165f7a" executionId="899f41c3-e968-487b-90ed-9dc768a0ce14" testListId="8c84fa94-04c1-424b-9868-57a2d4851a1d" />
    <TestEntry testId="58c799eb-3510-390d-5f8b-eb2a700feeb4" executionId="c2afcc96-1d1c-4746-bd25-3b6be15f9f45" testListId="8c84fa94-04c1-424b-9868-57a2d4851a1d" />
    <TestEntry testId="8a43bd3c-a801-bb4f-9167-9cddc20d64b5" executionId="a6165778-eee9-48b3-94f7-ccf4a69129b9" testListId="8c84fa94-04c1-424b-9868-57a2d4851a1d" />
  </TestEntries>
  <TestLists>
    <TestList name="Results Not in a List" id="8c84fa94-04c1-424b-9868-57a2d4851a1d" />
    <TestList name="All Loaded Results" id="19431567-8539-422a-85d7-44ee4e166bda" />
  </TestLists>
  <ResultSummary outcome="Completed">
    <Counters total="195" executed="195" passed="195" failed="0" error="0" timeout="0" aborted="0" inconclusive="0" passedButRunAborted="0" notRunnable="0" notExecuted="0" disconnected="0" warning="0" completed="0" inProgress="0" pending="0" />
    <Output>
      <StdOut>NUnit Adapter 4.5.0.0: Test execution started
Running all tests in /workspace/tests/FluentUIScaffold.Core.Tests/bin/Debug/net8.0/FluentUIScaffold.Core.Tests.dll
   NUnit3TestExecutor discovered 195 of 195 NUnit test cases using Current Discovery mode, Non-Explicit run
WithServerConfiguration_Removed_FromBuilder: Server configuration is now provided only to WebServerManager
WithServerConfiguration_WithNullConfiguration_Removed: Removed
WithWebServerProjectPath_IsRemoved_FromBuilder: Server config APIs removed from options builder; managed by WebServerManager
WithWebServerProjectPath_WithEmptyPath_Removed: Removed
WithWebServerProjectPath_WithNullPath_Removed: Removed
ServerConfiguration_Removed_FromOptions: Server configuration removed from options; managed by WebServerManager
WebServerProjectPath_Removed_FromOptions: Server project path removed from options; managed by WebServerManager
RegisterDetector_WithValidDetector_RegistersSuccessfully: Detector registered successfully
NUnit Adapter 4.5.0.0: Test execution complete
</StdOut>
    </Output>
    <RunInfos>
      <RunInfo computerName="cursor" outcome="Warning" timestamp="2025-08-11T23:18:45.9921553+00:00">
        <Text>PluginRegistry count before seeding: 1
PluginManager count after seeding: 1
</Text>
      </RunInfo>
      <RunInfo computerName="cursor" outcome="Warning" timestamp="2025-08-11T23:18:46.0176010+00:00">
        <Text>=== Aspire (dotnet run) ===
Builder methods:
ServerConfiguration
    .CreateAspireServer(new Uri("http://localhost:6066"), "/path/to/AspireApp.AppHost.csproj")
    .WithFramework("net9.0")
    .WithConfiguration("Release")
Run command:
dotnet run --framework net9.0 --configuration Release --no-launch-profile
Environment variables:
ASPNETCORE_ENVIRONMENT=Development
ASPNETCORE_FORWARDEDHEADERS_ENABLED=false
ASPNETCORE_HOSTINGSTARTUPASSEMBLIES=
ASPNETCORE_URLS=http://localhost:6066/
DOTNET_DASHBOARD_OTLP_ENDPOINT_URL=https://localhost:21097
DOTNET_ENVIRONMENT=Development
DOTNET_RESOURCE_SERVICE_ENDPOINT_URL=https://localhost:22268
====================

</Text>
      </RunInfo>
      <RunInfo computerName="cursor" outcome="Warning" timestamp="2025-08-11T23:18:46.0188094+00:00">
        <Text>=== Custom env vars ===
Builder methods:
.WithEnvironmentVariable("MY_SETTING", "abc").WithEnvironmentVariables(...) 
Run command:
dotnet run --framework net8.0 --configuration Release --no-launch-profile
Environment variables:
ASPNETCORE_ENVIRONMENT=Staging
ASPNETCORE_HOSTINGSTARTUPASSEMBLIES=
FOO=bar
MY_SETTING=abc
====================

</Text>
      </RunInfo>
      <RunInfo computerName="cursor" outcome="Warning" timestamp="2025-08-11T23:18:46.0217014+00:00">
        <Text>=== ASP.NET Core (dotnet run) ===
Builder methods:
ServerConfiguration
    .CreateDotNetServer(new Uri("http://localhost:5055"), "/path/to/MyApp.csproj")
    .WithFramework("net9.0")
    .WithConfiguration("Debug")
Run command:
dotnet run --framework net9.0 --configuration Debug --no-launch-profile
Environment variables:
ASPNETCORE_ENVIRONMENT=Development
ASPNETCORE_HOSTINGSTARTUPASSEMBLIES=
====================

</Text>
      </RunInfo>
      <RunInfo computerName="cursor" outcome="Warning" timestamp="2025-08-11T23:18:46.0222183+00:00">
        <Text>=== Node.js (npm run) ===
Builder methods: WithNpmScript("dev").WithNodeEnvironment("production").WithPort(7777).WithArguments("--", "--open")
npm start dev -- --open
NODE_ENV=production
PORT=7777
====================

</Text>
      </RunInfo>
      <RunInfo computerName="cursor" outcome="Warning" timestamp="2025-08-11T23:18:46.0226635+00:00">
        <Text>=== SPA proxy enabled ===
Builder methods:
.WithSpaProxy(true)
Run command:
dotnet run --framework net8.0 --configuration Release --no-launch-profile
Environment variables:
ASPNETCORE_ENVIRONMENT=Development
ASPNETCORE_HOSTINGSTARTUPASSEMBLIES=Microsoft.AspNetCore.SpaProxy
====================

=== SPA proxy disabled ===
Builder methods:
.WithSpaProxy(false)
Run command:
dotnet run --framework net8.0 --configuration Release --no-launch-profile
Environment variables:
ASPNETCORE_ENVIRONMENT=Development
ASPNETCORE_HOSTINGSTARTUPASSEMBLIES=
====================

</Text>
      </RunInfo>
      <RunInfo computerName="cursor" outcome="Warning" timestamp="2025-08-11T23:18:46.0232427+00:00">
        <Text>=== WebApplicationFactory (fallback to dotnet run) ===
Builder methods:
.WithFramework("net9.0").WithConfiguration("Debug")
Run command:
dotnet run --framework net9.0 --configuration Debug --no-launch-profile
Environment variables:
ASPNETCORE_HOSTINGSTARTUPASSEMBLIES=
====================

</Text>
      </RunInfo>
    </RunInfos>
    <CollectorDataEntries>
      <Collector agentName="cursor" uri="datacollector://microsoft/CoverletCodeCoverage/1.0" collectorDisplayName="XPlat code coverage">
        <UriAttachments>
          <UriAttachment>
            <A href="cursor/coverage.cobertura.xml"></A>
          </UriAttachment>
        </UriAttachments>
      </Collector>
    </CollectorDataEntries>
  </ResultSummary>
</TestRun>