<?xml version="1.0" encoding="utf-8"?>
<TestRun id="d2d5b928-37bf-4b2c-bc82-ef22700e12fb" name="@cursor 2025-08-11 08:39:56" xmlns="http://microsoft.com/schemas/VisualStudio/TeamTest/2010">
  <Times creation="2025-08-11T08:39:56.3115176+00:00" queuing="2025-08-11T08:39:56.3115176+00:00" start="2025-08-11T08:39:54.3571480+00:00" finish="2025-08-11T08:39:56.7534597+00:00" />
  <TestSettings name="default" id="ab7e9df2-17e1-444a-a98a-d6c4f66dcae1">
    <Deployment runDeploymentRoot="_cursor_2025-08-11_08_39_56" />
  </TestSettings>
  <Results>
    <UnitTestResult executionId="dada051d-8339-435f-8607-0990c23ea2ca" testId="7b7eece1-efca-5e39-6f9c-7c2cf05500c2" testName="DotNet_EnvironmentSetters_AreApplied" computerName="cursor" duration="00:00:00.0001850" startTime="2025-08-11T08:39:56.5036370+00:00" endTime="2025-08-11T08:39:56.5038216+00:00" testType="13cdc9d9-ddb5-4fa4-a97d-d965ccfc6d4b" outcome="Passed" testListId="8c84fa94-04c1-424b-9868-57a2d4851a1d" relativeResultsDirectory="dada051d-8339-435f-8607-0990c23ea2ca" />
    <UnitTestResult executionId="1194c51d-cd44-43d4-aa60-d53c72a1ab1b" testId="b301e5a2-6274-43e4-8d33-13911ec17a00" testName="GetPlugins_ReturnsRegisteredPlugins" computerName="cursor" duration="00:00:00.0002630" startTime="2025-08-11T08:39:56.4952628+00:00" endTime="2025-08-11T08:39:56.4955256+00:00" testType="13cdc9d9-ddb5-4fa4-a97d-d965ccfc6d4b" outcome="Passed" testListId="8c84fa94-04c1-424b-9868-57a2d4851a1d" relativeResultsDirectory="1194c51d-cd44-43d4-aa60-d53c72a1ab1b" />
    <UnitTestResult executionId="5946eb93-0929-49d0-bb2b-8c6d563370a0" testId="99f01ded-3ca2-e651-a7da-fe562e1e4884" testName="WithDefaultWaitTimeout_WithValidTimeout_SetsDefaultWaitTimeout" computerName="cursor" duration="00:00:00.0001380" startTime="2025-08-11T08:39:56.3311258+00:00" endTime="2025-08-11T08:39:56.3312638+00:00" testType="13cdc9d9-ddb5-4fa4-a97d-d965ccfc6d4b" outcome="Passed" testListId="8c84fa94-04c1-424b-9868-57a2d4851a1d" relativeResultsDirectory="5946eb93-0929-49d0-bb2b-8c6d563370a0" />
    <UnitTestResult executionId="2aa09ed9-ad3c-4084-9040-20fa7015dc89" testId="f1c510fe-f632-6958-5421-3d34e26a9b68" testName="GetOrCreateElement_WithNewKey_ShouldCreateAndCacheElement" computerName="cursor" duration="00:00:00.0004620" startTime="2025-08-11T08:39:56.2938829+00:00" endTime="2025-08-11T08:39:56.2943444+00:00" testType="13cdc9d9-ddb5-4fa4-a97d-d965ccfc6d4b" outcome="Passed" testListId="8c84fa94-04c1-424b-9868-57a2d4851a1d" relativeResultsDirectory="2aa09ed9-ad3c-4084-9040-20fa7015dc89" />
    <UnitTestResult executionId="1e40dfe3-e7c2-404d-97fa-42d14d98a82a" testId="0c9cdc29-691b-c84f-d982-5575012bff55" testName="IsVisible_ShouldCallDriverIsVisible" computerName="cursor" duration="00:00:00.0003730" startTime="2025-08-11T08:39:56.3062263+00:00" endTime="2025-08-11T08:39:56.3065998+00:00" testType="13cdc9d9-ddb5-4fa4-a97d-d965ccfc6d4b" outcome="Passed" testListId="8c84fa94-04c1-424b-9868-57a2d4851a1d" relativeResultsDirectory="1e40dfe3-e7c2-404d-97fa-42d14d98a82a" />
    <UnitTestResult executionId="91cd2776-da9f-4073-8ca4-8f1a1c12e5d2" testId="e78cb7dd-0751-e11c-f830-882cb6a69d14" testName="Constructor_WithNullOptions_ShouldThrowArgumentNullException" computerName="cursor" duration="00:00:00.0001560" startTime="2025-08-11T08:39:56.2919080+00:00" endTime="2025-08-11T08:39:56.2920637+00:00" testType="13cdc9d9-ddb5-4fa4-a97d-d965ccfc6d4b" outcome="Passed" testListId="8c84fa94-04c1-424b-9868-57a2d4851a1d" relativeResultsDirectory="91cd2776-da9f-4073-8ca4-8f1a1c12e5d2" />
    <UnitTestResult executionId="1e5d31d8-35ba-4a62-ae79-c1c0a3c659ef" testId="4346959c-3e94-4c0e-1880-3b5ac77fbbde" testName="RegisterPlugin_WithDuplicatePlugin_DoesNotAddDuplicate" computerName="cursor" duration="00:00:00.0003100" startTime="2025-08-11T08:39:56.4955354+00:00" endTime="2025-08-11T08:39:56.4958449+00:00" testType="13cdc9d9-ddb5-4fa4-a97d-d965ccfc6d4b" outcome="Passed" testListId="8c84fa94-04c1-424b-9868-57a2d4851a1d" relativeResultsDirectory="1e5d31d8-35ba-4a62-ae79-c1c0a3c659ef" />
    <UnitTestResult executionId="7f530856-f84a-4a66-a015-fdd054ad9877" testId="471622d6-a01c-acdb-82c5-f00f72212509" testName="WithHeadlessMode_WithNull_SetsNull" computerName="cursor" duration="00:00:00.0001350" startTime="2025-08-11T08:39:56.3335708+00:00" endTime="2025-08-11T08:39:56.3337057+00:00" testType="13cdc9d9-ddb5-4fa4-a97d-d965ccfc6d4b" outcome="Passed" testListId="8c84fa94-04c1-424b-9868-57a2d4851a1d" relativeResultsDirectory="7f530856-f84a-4a66-a015-fdd054ad9877" />
    <UnitTestResult executionId="a49da05b-0a3a-4c40-8c65-a9fe64c86f1e" testId="ff506097-7a61-9dd6-1df2-d3c8d75a82f3" testName="WithHeadlessMode_AndSlowMo_SetProperly" computerName="cursor" duration="00:00:00.0021610" startTime="2025-08-11T08:39:56.3313754+00:00" endTime="2025-08-11T08:39:56.3335359+00:00" testType="13cdc9d9-ddb5-4fa4-a97d-d965ccfc6d4b" outcome="Passed" testListId="8c84fa94-04c1-424b-9868-57a2d4851a1d" relativeResultsDirectory="a49da05b-0a3a-4c40-8c65-a9fe64c86f1e" />
    <UnitTestResult executionId="94009e99-8a53-4964-840f-3d071e7a870d" testId="6ba06a82-9046-fcca-a49b-be1345ecbc51" testName="WaitFor_WithHiddenStrategy_ShouldCallWaitForHidden" computerName="cursor" duration="00:00:00.0004490" startTime="2025-08-11T08:39:56.3082014+00:00" endTime="2025-08-11T08:39:56.3086500+00:00" testType="13cdc9d9-ddb5-4fa4-a97d-d965ccfc6d4b" outcome="Passed" testListId="8c84fa94-04c1-424b-9868-57a2d4851a1d" relativeResultsDirectory="94009e99-8a53-4964-840f-3d071e7a870d" />
    <UnitTestResult executionId="dc0f4535-b07e-43ee-83d4-ae55e80b001c" testId="8edbc9e8-8106-4e2b-446e-15afc8cb2e79" testName="WaitForVisible_ShouldCallDriverWaitForElementToBeVisible" computerName="cursor" duration="00:00:00.0002160" startTime="2025-08-11T08:39:56.3131165+00:00" endTime="2025-08-11T08:39:56.3133326+00:00" testType="13cdc9d9-ddb5-4fa4-a97d-d965ccfc6d4b" outcome="Passed" testListId="8c84fa94-04c1-424b-9868-57a2d4851a1d" relativeResultsDirectory="dc0f4535-b07e-43ee-83d4-ae55e80b001c" />
    <UnitTestResult executionId="b2fdd8d6-59d9-4bd2-9695-68a1a9f5131d" testId="c288cdf5-4c17-bd42-bf19-8d1a299a2747" testName="LastOrDefault_WithEmptyCollection_ShouldReturnNull" computerName="cursor" duration="00:00:00.0002670" startTime="2025-08-11T08:39:56.2897941+00:00" endTime="2025-08-11T08:39:56.2900612+00:00" testType="13cdc9d9-ddb5-4fa4-a97d-d965ccfc6d4b" outcome="Passed" testListId="8c84fa94-04c1-424b-9868-57a2d4851a1d" relativeResultsDirectory="b2fdd8d6-59d9-4bd2-9695-68a1a9f5131d" />
    <UnitTestResult executionId="ad77a37e-1617-4e84-9900-4ab180a8ae97" testId="6343243c-dfd7-4b0b-0e3c-4021f44a4a0d" testName="WaitFor_WithClickableStrategy_ShouldCallWaitForClickable" computerName="cursor" duration="00:00:00.0003540" startTime="2025-08-11T08:39:56.3078369+00:00" endTime="2025-08-11T08:39:56.3081903+00:00" testType="13cdc9d9-ddb5-4fa4-a97d-d965ccfc6d4b" outcome="Passed" testListId="8c84fa94-04c1-424b-9868-57a2d4851a1d" relativeResultsDirectory="ad77a37e-1617-4e84-9900-4ab180a8ae97" />
    <UnitTestResult executionId="aaf637fb-c4ce-4a3f-9dd1-8404c5adc852" testId="2c985496-df4a-5947-e2dc-50422705efcf" testName="SlowMo_WithValidValue_SetsSlowMo" computerName="cursor" duration="00:00:00.0002790" startTime="2025-08-11T08:39:56.4863945+00:00" endTime="2025-08-11T08:39:56.4866731+00:00" testType="13cdc9d9-ddb5-4fa4-a97d-d965ccfc6d4b" outcome="Passed" testListId="8c84fa94-04c1-424b-9868-57a2d4851a1d" relativeResultsDirectory="aaf637fb-c4ce-4a3f-9dd1-8404c5adc852" />
    <UnitTestResult executionId="e74ba9c8-b9b4-440c-a53e-47628b9f220e" testId="37cb0dcf-4168-cbb7-f50e-73ed6d374e4a" testName="GetCssValue_ShouldReturnEmptyString" computerName="cursor" duration="00:00:00.0001480" startTime="2025-08-11T08:39:56.3033355+00:00" endTime="2025-08-11T08:39:56.3034832+00:00" testType="13cdc9d9-ddb5-4fa4-a97d-d965ccfc6d4b" outcome="Passed" testListId="8c84fa94-04c1-424b-9868-57a2d4851a1d" relativeResultsDirectory="e74ba9c8-b9b4-440c-a53e-47628b9f220e" />
    <UnitTestResult executionId="ec7c828c-20ee-4642-b749-edfabbe662e9" testId="7fb7363f-268a-d980-fb84-31f8b492a262" testName="FirstOrDefault_WithEmptyCollection_ShouldReturnNull" computerName="cursor" duration="00:00:00.0002630" startTime="2025-08-11T08:39:56.2861291+00:00" endTime="2025-08-11T08:39:56.2863923+00:00" testType="13cdc9d9-ddb5-4fa4-a97d-d965ccfc6d4b" outcome="Passed" testListId="8c84fa94-04c1-424b-9868-57a2d4851a1d" relativeResultsDirectory="ec7c828c-20ee-4642-b749-edfabbe662e9" />
    <UnitTestResult executionId="dee4256f-3503-41d7-a6cf-84800095313f" testId="fcd32eae-1929-9e13-f2a2-ebf52e2ea1bb" testName="WebApplicationFactory_GetLauncher_SelectsCorrectLauncher" computerName="cursor" duration="00:00:00.0029330" startTime="2025-08-11T08:39:56.5063913+00:00" endTime="2025-08-11T08:39:56.5093236+00:00" testType="13cdc9d9-ddb5-4fa4-a97d-d965ccfc6d4b" outcome="Passed" testListId="8c84fa94-04c1-424b-9868-57a2d4851a1d" relativeResultsDirectory="dee4256f-3503-41d7-a6cf-84800095313f" />
    <UnitTestResult executionId="e4581312-7887-4402-859a-437d5fffd975" testId="d0ef1a67-943c-e03c-80e8-cb9d77933072" testName="WithBaseUrl_WithValidUrl_SetsBaseUrl" computerName="cursor" duration="00:00:00.0004480" startTime="2025-08-11T08:39:56.4868919+00:00" endTime="2025-08-11T08:39:56.4873400+00:00" testType="13cdc9d9-ddb5-4fa4-a97d-d965ccfc6d4b" outcome="Passed" testListId="8c84fa94-04c1-424b-9868-57a2d4851a1d" relativeResultsDirectory="e4581312-7887-4402-859a-437d5fffd975" />
    <UnitTestResult executionId="e2b458ee-809c-4033-ad8d-7989f0289a37" testId="db9ada96-dcf3-e037-db10-b7563d6669b8" testName="SlowMo_WithNullValue_SetsSlowMoToNull" computerName="cursor" duration="00:00:00.0002410" startTime="2025-08-11T08:39:56.4861433+00:00" endTime="2025-08-11T08:39:56.4863845+00:00" testType="13cdc9d9-ddb5-4fa4-a97d-d965ccfc6d4b" outcome="Passed" testListId="8c84fa94-04c1-424b-9868-57a2d4851a1d" relativeResultsDirectory="e2b458ee-809c-4033-ad8d-7989f0289a37" />
    <UnitTestResult executionId="1acefab9-d3bd-4e99-bc39-3944a659bdcb" testId="12ff9ff8-18aa-7b6e-4922-4d2923a6060b" testName="RegisterPlugin_WithValidPluginInstance_RegistersPlugin" computerName="cursor" duration="00:00:00.0003450" startTime="2025-08-11T08:39:56.4960657+00:00" endTime="2025-08-11T08:39:56.4964109+00:00" testType="13cdc9d9-ddb5-4fa4-a97d-d965ccfc6d4b" outcome="Passed" testListId="8c84fa94-04c1-424b-9868-57a2d4851a1d" relativeResultsDirectory="1acefab9-d3bd-4e99-bc39-3944a659bdcb" />
    <UnitTestResult executionId="59200f3c-981b-45a8-aa64-c9e851581803" testId="27bf1d8f-6db2-9d4a-565f-5fca061cc8f1" testName="Placeholder_NoOp_ToMaintainTestStructure" computerName="cursor" duration="00:00:00.0002460" startTime="2025-08-11T08:39:56.4857308+00:00" endTime="2025-08-11T08:39:56.4859771+00:00" testType="13cdc9d9-ddb5-4fa4-a97d-d965ccfc6d4b" outcome="Passed" testListId="8c84fa94-04c1-424b-9868-57a2d4851a1d" relativeResultsDirectory="59200f3c-981b-45a8-aa64-c9e851581803" />
    <UnitTestResult executionId="132e5557-29f6-42c5-bd47-14c164ccf060" testId="2944cbda-271d-8e00-031a-dd03321c1f09" testName="WithHeadlessMode_WithValidValue_SetsHeadlessMode" computerName="cursor" duration="00:00:00.0003110" startTime="2025-08-11T08:39:56.3338706+00:00" endTime="2025-08-11T08:39:56.3341810+00:00" testType="13cdc9d9-ddb5-4fa4-a97d-d965ccfc6d4b" outcome="Passed" testListId="8c84fa94-04c1-424b-9868-57a2d4851a1d" relativeResultsDirectory="132e5557-29f6-42c5-bd47-14c164ccf060" />
    <UnitTestResult executionId="3ce59dc8-c486-4e18-a036-89a29ae8d3c1" testId="a8ade4ba-35e4-f1b1-b29c-1221576ebc2c" testName="WithDefaultWaitTimeout_WithNegativeTimeout_ThrowsException" computerName="cursor" duration="00:00:00.0002170" startTime="2025-08-11T08:39:56.3309019+00:00" endTime="2025-08-11T08:39:56.3311190+00:00" testType="13cdc9d9-ddb5-4fa4-a97d-d965ccfc6d4b" outcome="Passed" testListId="8c84fa94-04c1-424b-9868-57a2d4851a1d" relativeResultsDirectory="3ce59dc8-c486-4e18-a036-89a29ae8d3c1" />
    <UnitTestResult executionId="50bab4fe-7364-4bba-8f4f-dbecb418e5d9" testId="24920700-cbf0-845b-81d7-78958082ce63" testName="RegisterLauncher_WithValidLauncher_RegistersSuccessfully" computerName="cursor" duration="00:00:00.0003230" startTime="2025-08-11T08:39:56.5124327+00:00" endTime="2025-08-11T08:39:56.5127553+00:00" testType="13cdc9d9-ddb5-4fa4-a97d-d965ccfc6d4b" outcome="Passed" testListId="8c84fa94-04c1-424b-9868-57a2d4851a1d" relativeResultsDirectory="50bab4fe-7364-4bba-8f4f-dbecb418e5d9" />
    <UnitTestResult executionId="b8166147-48a3-4621-89c9-636d617e63b3" testId="cc28fd0d-aeb1-6068-03cf-a613121c3154" testName="First_WithEmptyCollection_ShouldThrowInvalidOperationException" computerName="cursor" duration="00:00:00.0008650" startTime="2025-08-11T08:39:56.2849397+00:00" endTime="2025-08-11T08:39:56.2858040+00:00" testType="13cdc9d9-ddb5-4fa4-a97d-d965ccfc6d4b" outcome="Passed" testListId="8c84fa94-04c1-424b-9868-57a2d4851a1d" relativeResultsDirectory="b8166147-48a3-4621-89c9-636d617e63b3" />
    <UnitTestResult executionId="7c2d8b98-14eb-4c88-80f2-dc4c228dccf3" testId="e490ff0f-804e-81fe-d54a-5987cfe60093" testName="WithAttribute_WithNullValue_ShouldSetEmptyString" computerName="cursor" duration="00:00:00.0001420" startTime="2025-08-11T08:39:56.2568014+00:00" endTime="2025-08-11T08:39:56.2569430+00:00" testType="13cdc9d9-ddb5-4fa4-a97d-d965ccfc6d4b" outcome="Passed" testListId="8c84fa94-04c1-424b-9868-57a2d4851a1d" relativeResultsDirectory="7c2d8b98-14eb-4c88-80f2-dc4c228dccf3" />
    <UnitTestResult executionId="fea56770-074d-4a45-ac9f-7fe13949d150" testId="f46fda5d-5750-4db5-4e78-e68e765afd13" testName="Register_SamePluginTypeTwice_DeduplicatesByType" computerName="cursor" duration="00:00:00.0001770" startTime="2025-08-11T08:39:56.4975671+00:00" endTime="2025-08-11T08:39:56.4977439+00:00" testType="13cdc9d9-ddb5-4fa4-a97d-d965ccfc6d4b" outcome="Passed" testListId="8c84fa94-04c1-424b-9868-57a2d4851a1d" relativeResultsDirectory="fea56770-074d-4a45-ac9f-7fe13949d150" />
    <UnitTestResult executionId="36279f2f-4446-4c0c-86a1-f97d783d2169" testId="e08a08af-210e-a1c2-6824-5a7b54cc2338" testName="Constructor_WithNullSelector_ShouldThrowArgumentNullException" computerName="cursor" duration="00:00:00.0004040" startTime="2025-08-11T08:39:56.3003541+00:00" endTime="2025-08-11T08:39:56.3007580+00:00" testType="13cdc9d9-ddb5-4fa4-a97d-d965ccfc6d4b" outcome="Passed" testListId="8c84fa94-04c1-424b-9868-57a2d4851a1d" relativeResultsDirectory="36279f2f-4446-4c0c-86a1-f97d783d2169" />
    <UnitTestResult executionId="11cf2f14-ba0c-47f6-b7c2-797ae689baae" testId="53b308dd-208a-388e-c5f9-16f490d67de6" testName="NavigateToUrl_WithNullUrl_IsValid" computerName="cursor" duration="00:00:00.0006940" startTime="2025-08-11T08:39:56.4876444+00:00" endTime="2025-08-11T08:39:56.4883379+00:00" testType="13cdc9d9-ddb5-4fa4-a97d-d965ccfc6d4b" outcome="Passed" testListId="8c84fa94-04c1-424b-9868-57a2d4851a1d" relativeResultsDirectory="11cf2f14-ba0c-47f6-b7c2-797ae689baae" />
    <UnitTestResult executionId="7a9d69be-e23b-4ae7-bece-aab253798dec" testId="d52fd675-05c7-c95c-d1f1-981f3a4f3701" testName="WithDescription_WithNullDescription_ShouldSetEmptyString" computerName="cursor" duration="00:00:00.0001210" startTime="2025-08-11T08:39:56.2576709+00:00" endTime="2025-08-11T08:39:56.2577914+00:00" testType="13cdc9d9-ddb5-4fa4-a97d-d965ccfc6d4b" outcome="Passed" testListId="8c84fa94-04c1-424b-9868-57a2d4851a1d" relativeResultsDirectory="7a9d69be-e23b-4ae7-bece-aab253798dec" />
    <UnitTestResult executionId="0cc7a98e-a6b3-4edd-b653-b2f2810f2a2f" testId="d8390e41-bd5a-fe7f-3b98-f2190b4f7ae8" testName="RemoveFromCache_WithNonExistingKey_ShouldReturnFalse" computerName="cursor" duration="00:00:00.0000550" startTime="2025-08-11T08:39:56.2958100+00:00" endTime="2025-08-11T08:39:56.2958650+00:00" testType="13cdc9d9-ddb5-4fa4-a97d-d965ccfc6d4b" outcome="Passed" testListId="8c84fa94-04c1-424b-9868-57a2d4851a1d" relativeResultsDirectory="0cc7a98e-a6b3-4edd-b653-b2f2810f2a2f" />
    <UnitTestResult executionId="e6e75b4f-f02a-4374-9db0-7b305d5697b2" testId="770867d9-ec05-f95d-4f86-cd135b847493" testName="WithWaitStrategy_ShouldSetWaitStrategy" computerName="cursor" duration="00:00:00.0001350" startTime="2025-08-11T08:39:56.2581358+00:00" endTime="2025-08-11T08:39:56.2582709+00:00" testType="13cdc9d9-ddb5-4fa4-a97d-d965ccfc6d4b" outcome="Passed" testListId="8c84fa94-04c1-424b-9868-57a2d4851a1d" relativeResultsDirectory="e6e75b4f-f02a-4374-9db0-7b305d5697b2" />
    <UnitTestResult executionId="0e414628-0ed9-4452-b0a0-899ed167eb95" testId="9277c687-d1ec-06a3-91ef-9c2756a13404" testName="Filter_WithValidPredicate_ShouldReturnFilteredCollection" computerName="cursor" duration="00:00:00.0006080" startTime="2025-08-11T08:39:56.2809158+00:00" endTime="2025-08-11T08:39:56.2815233+00:00" testType="13cdc9d9-ddb5-4fa4-a97d-d965ccfc6d4b" outcome="Passed" testListId="8c84fa94-04c1-424b-9868-57a2d4851a1d" relativeResultsDirectory="0e414628-0ed9-4452-b0a0-899ed167eb95" />
    <UnitTestResult executionId="432945b6-ccc3-40cd-bacf-e7eabfb993c8" testId="ab73f926-d1a2-00f0-bb5d-c38f897fb557" testName="CreateElement_WithEmptySelector_ShouldThrowArgumentException" computerName="cursor" duration="00:00:00.0001979" startTime="2025-08-11T08:39:56.2927152+00:00" endTime="2025-08-11T08:39:56.2929133+00:00" testType="13cdc9d9-ddb5-4fa4-a97d-d965ccfc6d4b" outcome="Passed" testListId="8c84fa94-04c1-424b-9868-57a2d4851a1d" relativeResultsDirectory="432945b6-ccc3-40cd-bacf-e7eabfb993c8" />
    <UnitTestResult executionId="8b0494a3-fa59-494e-b66a-649f97c3a15f" testId="e694388c-e9b9-a1d2-ef93-70adf5bded0d" testName="WithBaseUrl_WithValidUrl_SetsBaseUrl" computerName="cursor" duration="00:00:00.0002120" startTime="2025-08-11T08:39:56.3306825+00:00" endTime="2025-08-11T08:39:56.3308944+00:00" testType="13cdc9d9-ddb5-4fa4-a97d-d965ccfc6d4b" outcome="Passed" testListId="8c84fa94-04c1-424b-9868-57a2d4851a1d" relativeResultsDirectory="8b0494a3-fa59-494e-b66a-649f97c3a15f" />
    <UnitTestResult executionId="55a7c458-9fec-404e-9ac0-ddd2cb7325ba" testId="bf999a1f-994b-fb2b-0916-7df6581792db" testName="FilterByAttribute_WithMatchingAttribute_ShouldReturnFilteredCollection" computerName="cursor" duration="00:00:00.0002200" startTime="2025-08-11T08:39:56.2829314+00:00" endTime="2025-08-11T08:39:56.2831512+00:00" testType="13cdc9d9-ddb5-4fa4-a97d-d965ccfc6d4b" outcome="Passed" testListId="8c84fa94-04c1-424b-9868-57a2d4851a1d" relativeResultsDirectory="55a7c458-9fec-404e-9ac0-ddd2cb7325ba" />
    <UnitTestResult executionId="036f9367-5e67-4639-8f44-2e3a392cba58" testId="3c6ae5e7-2078-93c7-0cb9-170c4974fe27" testName="WithSlowMo_WithValidValue_SetsSlowMo" computerName="cursor" duration="00:00:00.0001789" startTime="2025-08-11T08:39:56.3351978+00:00" endTime="2025-08-11T08:39:56.3353764+00:00" testType="13cdc9d9-ddb5-4fa4-a97d-d965ccfc6d4b" outcome="Passed" testListId="8c84fa94-04c1-424b-9868-57a2d4851a1d" relativeResultsDirectory="036f9367-5e67-4639-8f44-2e3a392cba58" />
    <UnitTestResult executionId="94ec4541-e4f6-4279-9baf-8e8a0e75a88c" testId="b7012c97-f966-55dc-c35d-274095149e5d" testName="RegisterElement_WithEmptyKey_ShouldThrowArgumentException" computerName="cursor" duration="00:00:00.0003579" startTime="2025-08-11T08:39:56.2948300+00:00" endTime="2025-08-11T08:39:56.2951874+00:00" testType="13cdc9d9-ddb5-4fa4-a97d-d965ccfc6d4b" outcome="Passed" testListId="8c84fa94-04c1-424b-9868-57a2d4851a1d" relativeResultsDirectory="94ec4541-e4f6-4279-9baf-8e8a0e75a88c" />
    <UnitTestResult executionId="30bf9739-12ec-48d1-99d5-e75b3c8ef2a9" testId="e46f5d7d-393e-88b9-1a00-80ae274b5f6e" testName="RegisterElement_WithNullKey_ShouldThrowArgumentException" computerName="cursor" duration="00:00:00.0001470" startTime="2025-08-11T08:39:56.2953582+00:00" endTime="2025-08-11T08:39:56.2955050+00:00" testType="13cdc9d9-ddb5-4fa4-a97d-d965ccfc6d4b" outcome="Passed" testListId="8c84fa94-04c1-424b-9868-57a2d4851a1d" relativeResultsDirectory="30bf9739-12ec-48d1-99d5-e75b3c8ef2a9" />
    <UnitTestResult executionId="955f3eac-507b-4541-85de-ca0c1dbcb562" testId="0cc5a016-6448-c184-75cf-5538243062ce" testName="WithServerConfiguration_WithNullConfiguration_Removed" computerName="cursor" duration="00:00:00.0001979" startTime="2025-08-11T08:39:56.3346261+00:00" endTime="2025-08-11T08:39:56.3348236+00:00" testType="13cdc9d9-ddb5-4fa4-a97d-d965ccfc6d4b" outcome="Passed" testListId="8c84fa94-04c1-424b-9868-57a2d4851a1d" relativeResultsDirectory="955f3eac-507b-4541-85de-ca0c1dbcb562">
      <Output>
        <StdOut>Removed</StdOut>
      </Output>
    </UnitTestResult>
    <UnitTestResult executionId="af057455-475e-49ed-9ab9-21223284a924" testId="5bf46c48-3055-37d6-fef8-c9d126207b04" testName="Constructor_WithLogger_CreatesInstance" computerName="cursor" duration="00:00:00.0038340" startTime="2025-08-11T08:39:56.4899246+00:00" endTime="2025-08-11T08:39:56.4937582+00:00" testType="13cdc9d9-ddb5-4fa4-a97d-d965ccfc6d4b" outcome="Passed" testListId="8c84fa94-04c1-424b-9868-57a2d4851a1d" relativeResultsDirectory="af057455-475e-49ed-9ab9-21223284a924" />
    <UnitTestResult executionId="042286b1-a88f-4f46-a107-c1ebf567b7ba" testId="46ffc5ad-c340-b767-44fb-d87ee75aad26" testName="NavigateToUrl_WithValidUrl_IsValid" computerName="cursor" duration="00:00:00.0002850" startTime="2025-08-11T08:39:56.4883491+00:00" endTime="2025-08-11T08:39:56.4886336+00:00" testType="13cdc9d9-ddb5-4fa4-a97d-d965ccfc6d4b" outcome="Passed" testListId="8c84fa94-04c1-424b-9868-57a2d4851a1d" relativeResultsDirectory="042286b1-a88f-4f46-a107-c1ebf567b7ba" />
    <UnitTestResult executionId="fe12f325-2f0a-4fc0-8160-73fe084e4159" testId="91a71ac4-590c-9e24-6500-b1be939120d3" testName="GetOrCreateElement_WithNullKey_ShouldThrowArgumentException" computerName="cursor" duration="00:00:00.0001720" startTime="2025-08-11T08:39:56.2943542+00:00" endTime="2025-08-11T08:39:56.2945265+00:00" testType="13cdc9d9-ddb5-4fa4-a97d-d965ccfc6d4b" outcome="Passed" testListId="8c84fa94-04c1-424b-9868-57a2d4851a1d" relativeResultsDirectory="fe12f325-2f0a-4fc0-8160-73fe084e4159" />
    <UnitTestResult executionId="c03834fb-11db-483b-8185-7f2b783e0976" testId="6dd2c663-126f-c692-d442-51f4ddb16f47" testName="WithSlowMo_WithNegativeValue_ThrowsException" computerName="cursor" duration="00:00:00.0001660" startTime="2025-08-11T08:39:56.3348303+00:00" endTime="2025-08-11T08:39:56.3349966+00:00" testType="13cdc9d9-ddb5-4fa4-a97d-d965ccfc6d4b" outcome="Passed" testListId="8c84fa94-04c1-424b-9868-57a2d4851a1d" relativeResultsDirectory="c03834fb-11db-483b-8185-7f2b783e0976" />
    <UnitTestResult executionId="4a310b51-6c25-46e8-bcd3-57288a989d6e" testId="9878c4ec-2f1a-e8e4-b5a4-d9a2cba55d4b" testName="WithAttribute_WithEmptyName_ShouldThrowArgumentException" computerName="cursor" duration="00:00:00.0003390" startTime="2025-08-11T08:39:56.2560870+00:00" endTime="2025-08-11T08:39:56.2564255+00:00" testType="13cdc9d9-ddb5-4fa4-a97d-d965ccfc6d4b" outcome="Passed" testListId="8c84fa94-04c1-424b-9868-57a2d4851a1d" relativeResultsDirectory="4a310b51-6c25-46e8-bcd3-57288a989d6e" />
    <UnitTestResult executionId="372c9150-53d0-41a5-a5e6-4d6963af00c5" testId="bf028da6-1617-4eb8-985e-f133f6495b1c" testName="IsCached_WithNonExistingKey_ShouldReturnFalse" computerName="cursor" duration="00:00:00.0000550" startTime="2025-08-11T08:39:56.2947720+00:00" endTime="2025-08-11T08:39:56.2948265+00:00" testType="13cdc9d9-ddb5-4fa4-a97d-d965ccfc6d4b" outcome="Passed" testListId="8c84fa94-04c1-424b-9868-57a2d4851a1d" relativeResultsDirectory="372c9150-53d0-41a5-a5e6-4d6963af00c5" />
    <UnitTestResult executionId="fa9bb719-da75-4529-a433-3727d8d695a5" testId="179b7383-7c66-19a3-5099-a84ccfda3312" testName="GetText_ShouldCallDriverGetText" computerName="cursor" duration="00:00:00.0006840" startTime="2025-08-11T08:39:56.3034911+00:00" endTime="2025-08-11T08:39:56.3041745+00:00" testType="13cdc9d9-ddb5-4fa4-a97d-d965ccfc6d4b" outcome="Passed" testListId="8c84fa94-04c1-424b-9868-57a2d4851a1d" relativeResultsDirectory="fa9bb719-da75-4529-a433-3727d8d695a5" />
    <UnitTestResult executionId="0e4809a0-015c-4018-b9b6-bbfaa040b988" testId="4d36eff3-cb8c-cc2b-ae0a-7341e46f417f" testName="Constructor_WithNullOptions_ThrowsArgumentNullException" computerName="cursor" duration="00:00:00.0001760" startTime="2025-08-11T08:39:56.3147336+00:00" endTime="2025-08-11T08:39:56.3149095+00:00" testType="13cdc9d9-ddb5-4fa4-a97d-d965ccfc6d4b" outcome="Passed" testListId="8c84fa94-04c1-424b-9868-57a2d4851a1d" relativeResultsDirectory="0e4809a0-015c-4018-b9b6-bbfaa040b988" />
    <UnitTestResult executionId="527fafbe-bbef-4869-ab1b-b511f2891daa" testId="9db3b268-6657-af98-9f75-1b63df5c1b61" testName="CustomEnvironmentVariables_ArePreserved" computerName="cursor" duration="00:00:00.0006790" startTime="2025-08-11T08:39:56.5027254+00:00" endTime="2025-08-11T08:39:56.5034047+00:00" testType="13cdc9d9-ddb5-4fa4-a97d-d965ccfc6d4b" outcome="Passed" testListId="8c84fa94-04c1-424b-9868-57a2d4851a1d" relativeResultsDirectory="527fafbe-bbef-4869-ab1b-b511f2891daa">
      <Output>
        <StdOut>=== Custom env vars ===
Builder methods:
.WithEnvironmentVariable("MY_SETTING", "abc").WithEnvironmentVariables(...) 
Run command:
dotnet run --framework net8.0 --configuration Release --no-launch-profile
Environment variables:
ASPNETCORE_ENVIRONMENT=Staging
ASPNETCORE_HOSTINGSTARTUPASSEMBLIES=
FOO=bar
MY_SETTING=abc
====================</StdOut>
      </Output>
    </UnitTestResult>
    <UnitTestResult executionId="b086dee4-322a-4192-8bf9-911c3d75f4cb" testId="2ea41be2-ee63-3a11-0613-d95c2f91bed0" testName="Placeholder_NoOp_ToMaintainTestStructure" computerName="cursor" duration="00:00:00.0155180" startTime="2025-08-11T08:39:56.3149153+00:00" endTime="2025-08-11T08:39:56.3304330+00:00" testType="13cdc9d9-ddb5-4fa4-a97d-d965ccfc6d4b" outcome="Passed" testListId="8c84fa94-04c1-424b-9868-57a2d4851a1d" relativeResultsDirectory="b086dee4-322a-4192-8bf9-911c3d75f4cb" />
    <UnitTestResult executionId="62f5cb2a-322c-4934-b188-c5e3816a5166" testId="95cf8d21-caaa-bf90-a4bb-f43f9e880ae1" testName="IsDisplayed_ShouldReturnIsVisibleResult" computerName="cursor" duration="00:00:00.0012350" startTime="2025-08-11T08:39:56.3041902+00:00" endTime="2025-08-11T08:39:56.3054250+00:00" testType="13cdc9d9-ddb5-4fa4-a97d-d965ccfc6d4b" outcome="Passed" testListId="8c84fa94-04c1-424b-9868-57a2d4851a1d" relativeResultsDirectory="62f5cb2a-322c-4934-b188-c5e3816a5166" />
    <UnitTestResult executionId="794e20cf-4fd8-41a1-9728-b0083f25177d" testId="f886403e-9ef4-53a2-d4e1-ecec3b79370d" testName="Constructor_WithNullSelector_ShouldThrowArgumentNullException" computerName="cursor" duration="00:00:00.0002930" startTime="2025-08-11T08:39:56.2541085+00:00" endTime="2025-08-11T08:39:56.2544014+00:00" testType="13cdc9d9-ddb5-4fa4-a97d-d965ccfc6d4b" outcome="Passed" testListId="8c84fa94-04c1-424b-9868-57a2d4851a1d" relativeResultsDirectory="794e20cf-4fd8-41a1-9728-b0083f25177d" />
    <UnitTestResult executionId="d0e6156c-11da-4377-81ab-f026c0a70627" testId="5b0f8305-1a07-717d-f99d-cd7dc78eb59e" testName="WaitFor_WithUnsupportedStrategy_ShouldThrowArgumentException" computerName="cursor" duration="00:00:00.0005450" startTime="2025-08-11T08:39:56.3119166+00:00" endTime="2025-08-11T08:39:56.3124611+00:00" testType="13cdc9d9-ddb5-4fa4-a97d-d965ccfc6d4b" outcome="Passed" testListId="8c84fa94-04c1-424b-9868-57a2d4851a1d" relativeResultsDirectory="d0e6156c-11da-4377-81ab-f026c0a70627" />
    <UnitTestResult executionId="a58276ef-d2a2-41db-b089-5b704bc19f19" testId="1c0d19b9-1bef-846e-5c51-324c55f41975" testName="Constructor_WithValidParameters_ShouldSetProperties" computerName="cursor" duration="00:00:00.0003460" startTime="2025-08-11T08:39:56.3007697+00:00" endTime="2025-08-11T08:39:56.3011153+00:00" testType="13cdc9d9-ddb5-4fa4-a97d-d965ccfc6d4b" outcome="Passed" testListId="8c84fa94-04c1-424b-9868-57a2d4851a1d" relativeResultsDirectory="a58276ef-d2a2-41db-b089-5b704bc19f19" />
    <UnitTestResult executionId="c86eb4fc-b916-4031-8c6a-173f8a17ea0a" testId="0b5f1728-7b8a-73cb-1723-24feb2bf7d3d" testName="Constructor_WithNullDriver_ShouldThrowArgumentNullException" computerName="cursor" duration="00:00:00.0002150" startTime="2025-08-11T08:39:56.2916696+00:00" endTime="2025-08-11T08:39:56.2918842+00:00" testType="13cdc9d9-ddb5-4fa4-a97d-d965ccfc6d4b" outcome="Passed" testListId="8c84fa94-04c1-424b-9868-57a2d4851a1d" relativeResultsDirectory="c86eb4fc-b916-4031-8c6a-173f8a17ea0a" />
    <UnitTestResult executionId="e7a99499-fff5-4fa5-8ae6-d943dd748cfe" testId="2d7af110-a47a-3498-5f06-ff20a980bae8" testName="Constructor_WithValidParameters_ShouldInitializeWithDefaultValues" computerName="cursor" duration="00:00:00.0007000" startTime="2025-08-11T08:39:56.2544103+00:00" endTime="2025-08-11T08:39:56.2551104+00:00" testType="13cdc9d9-ddb5-4fa4-a97d-d965ccfc6d4b" outcome="Passed" testListId="8c84fa94-04c1-424b-9868-57a2d4851a1d" relativeResultsDirectory="e7a99499-fff5-4fa5-8ae6-d943dd748cfe" />
    <UnitTestResult executionId="50a97204-d192-47bd-8f5a-7b814c6049d9" testId="8ae62a86-1c76-a105-6718-7582f48ad523" testName="WithRetryInterval_ShouldSetRetryInterval" computerName="cursor" duration="00:00:00.0001540" startTime="2025-08-11T08:39:56.2577962+00:00" endTime="2025-08-11T08:39:56.2579502+00:00" testType="13cdc9d9-ddb5-4fa4-a97d-d965ccfc6d4b" outcome="Passed" testListId="8c84fa94-04c1-424b-9868-57a2d4851a1d" relativeResultsDirectory="50a97204-d192-47bd-8f5a-7b814c6049d9" />
    <UnitTestResult executionId="14c5ea79-10a2-447f-993d-62477906f248" testId="179ad534-942e-3d0d-8cd9-ff68b706f3bf" testName="IsSelected_ShouldReturnFalse" computerName="cursor" duration="00:00:00.0001350" startTime="2025-08-11T08:39:56.3060850+00:00" endTime="2025-08-11T08:39:56.3062201+00:00" testType="13cdc9d9-ddb5-4fa4-a97d-d965ccfc6d4b" outcome="Passed" testListId="8c84fa94-04c1-424b-9868-57a2d4851a1d" relativeResultsDirectory="14c5ea79-10a2-447f-993d-62477906f248" />
    <UnitTestResult executionId="d676de5e-f4a1-4da1-ae22-dad508caae5d" testId="ae197987-6a6c-0f53-9053-aa2a52fada6c" testName="CreateConfiguration_WithValidParameters_ReturnsConfiguration" computerName="cursor" duration="00:00:00.0007050" startTime="2025-08-11T08:39:56.5094426+00:00" endTime="2025-08-11T08:39:56.5101476+00:00" testType="13cdc9d9-ddb5-4fa4-a97d-d965ccfc6d4b" outcome="Passed" testListId="8c84fa94-04c1-424b-9868-57a2d4851a1d" relativeResultsDirectory="d676de5e-f4a1-4da1-ae22-dad508caae5d" />
    <UnitTestResult executionId="ca1a4233-fc94-4947-b5b6-9f6371e7b5d9" testId="475357e7-c128-1ac1-651e-32f7af1e435a" testName="IEnumerableGetEnumerator_ShouldReturnAllElements" computerName="cursor" duration="00:00:00.0006510" startTime="2025-08-11T08:39:56.2873033+00:00" endTime="2025-08-11T08:39:56.2879540+00:00" testType="13cdc9d9-ddb5-4fa4-a97d-d965ccfc6d4b" outcome="Passed" testListId="8c84fa94-04c1-424b-9868-57a2d4851a1d" relativeResultsDirectory="ca1a4233-fc94-4947-b5b6-9f6371e7b5d9" />
    <UnitTestResult executionId="0b309de2-5eab-48ac-aeb8-d01083627d59" testId="e75b2bb9-5515-7802-e744-4a6d4013843f" testName="GetOrCreateElement_WithExistingKey_ShouldReturnCachedElement" computerName="cursor" duration="00:00:00.0003320" startTime="2025-08-11T08:39:56.2935401+00:00" endTime="2025-08-11T08:39:56.2938720+00:00" testType="13cdc9d9-ddb5-4fa4-a97d-d965ccfc6d4b" outcome="Passed" testListId="8c84fa94-04c1-424b-9868-57a2d4851a1d" relativeResultsDirectory="0b309de2-5eab-48ac-aeb8-d01083627d59" />
    <UnitTestResult executionId="64db196f-36e5-4efc-ac48-1c41bb7758d7" testId="551fc6ac-b856-8cac-3508-c2c42f5670a1" testName="FluentChaining_ShouldWorkCorrectly" computerName="cursor" duration="00:00:00.0005270" startTime="2025-08-11T08:39:56.2551234+00:00" endTime="2025-08-11T08:39:56.2556505+00:00" testType="13cdc9d9-ddb5-4fa4-a97d-d965ccfc6d4b" outcome="Passed" testListId="8c84fa94-04c1-424b-9868-57a2d4851a1d" relativeResultsDirectory="64db196f-36e5-4efc-ac48-1c41bb7758d7" />
    <UnitTestResult executionId="0d92c814-a2e3-41c7-b326-24b2c89b4e31" testId="691a1ada-8b81-1eeb-9198-2480eca9bcb5" testName="ServerConfiguration_Removed_FromOptions" computerName="cursor" duration="00:00:00.0001530" startTime="2025-08-11T08:39:56.4859860+00:00" endTime="2025-08-11T08:39:56.4861388+00:00" testType="13cdc9d9-ddb5-4fa4-a97d-d965ccfc6d4b" outcome="Passed" testListId="8c84fa94-04c1-424b-9868-57a2d4851a1d" relativeResultsDirectory="0d92c814-a2e3-41c7-b326-24b2c89b4e31">
      <Output>
        <StdOut>Server configuration removed from options; managed by WebServerManager</StdOut>
      </Output>
    </UnitTestResult>
    <UnitTestResult executionId="e429457e-c61b-46a2-9b7d-4ecdef2fbd9e" testId="fab6990d-3c1c-2c65-5826-c4e429096956" testName="GetOrCreateElement_WithEmptyKey_ShouldThrowArgumentException" computerName="cursor" duration="00:00:00.0002460" startTime="2025-08-11T08:39:56.2932849+00:00" endTime="2025-08-11T08:39:56.2935311+00:00" testType="13cdc9d9-ddb5-4fa4-a97d-d965ccfc6d4b" outcome="Passed" testListId="8c84fa94-04c1-424b-9868-57a2d4851a1d" relativeResultsDirectory="e429457e-c61b-46a2-9b7d-4ecdef2fbd9e" />
    <UnitTestResult executionId="451c5f4a-e09f-4150-8531-a903918daff0" testId="71ed1687-d25f-f0b2-eee1-f1f69754d207" testName="Indexer_WithIndexEqualToCount_ShouldThrowArgumentOutOfRangeException" computerName="cursor" duration="00:00:00.0004790" startTime="2025-08-11T08:39:56.2879680+00:00" endTime="2025-08-11T08:39:56.2884469+00:00" testType="13cdc9d9-ddb5-4fa4-a97d-d965ccfc6d4b" outcome="Passed" testListId="8c84fa94-04c1-424b-9868-57a2d4851a1d" relativeResultsDirectory="451c5f4a-e09f-4150-8531-a903918daff0" />
    <UnitTestResult executionId="85f7421c-5937-419b-bd1f-639a4e55ae51" testId="5e045292-2424-2536-e9a7-78679c446a8a" testName="WebApplicationFactory_FrameworkAndConfiguration_ProducesExpectedRunCommand" computerName="cursor" duration="00:00:00.0002000" startTime="2025-08-11T08:39:56.5061848+00:00" endTime="2025-08-11T08:39:56.5063846+00:00" testType="13cdc9d9-ddb5-4fa4-a97d-d965ccfc6d4b" outcome="Passed" testListId="8c84fa94-04c1-424b-9868-57a2d4851a1d" relativeResultsDirectory="85f7421c-5937-419b-bd1f-639a4e55ae51">
      <Output>
        <StdOut>=== WebApplicationFactory (fallback to dotnet run) ===
Builder methods:
.WithFramework("net9.0").WithConfiguration("Debug")
Run command:
dotnet run --framework net9.0 --configuration Debug --no-launch-profile
Environment variables:
ASPNETCORE_HOSTINGSTARTUPASSEMBLIES=
====================</StdOut>
      </Output>
    </UnitTestResult>
    <UnitTestResult executionId="2beef2df-381f-4a3e-af01-b06fd29636ba" testId="405fd94c-1e16-06c6-669b-4f6514668f24" testName="DotNet_WithFrameworkAndConfiguration_ProducesExpectedRunCommand" computerName="cursor" duration="00:00:00.0003690" startTime="2025-08-11T08:39:56.5039840+00:00" endTime="2025-08-11T08:39:56.5043528+00:00" testType="13cdc9d9-ddb5-4fa4-a97d-d965ccfc6d4b" outcome="Passed" testListId="8c84fa94-04c1-424b-9868-57a2d4851a1d" relativeResultsDirectory="2beef2df-381f-4a3e-af01-b06fd29636ba">
      <Output>
        <StdOut>=== ASP.NET Core (dotnet run) ===
Builder methods:
ServerConfiguration
    .CreateDotNetServer(new Uri("http://localhost:5055"), "/path/to/MyApp.csproj")
    .WithFramework("net9.0")
    .WithConfiguration("Debug")
Run command:
dotnet run --framework net9.0 --configuration Debug --no-launch-profile
Environment variables:
ASPNETCORE_ENVIRONMENT=Development
ASPNETCORE_HOSTINGSTARTUPASSEMBLIES=
====================</StdOut>
      </Output>
    </UnitTestResult>
    <UnitTestResult executionId="54a90dc7-9d7e-430a-bd8c-f466425ceda6" testId="3972325b-780e-8149-0501-afcdb2e51733" testName="IsEnabled_ShouldCallDriverIsEnabled" computerName="cursor" duration="00:00:00.0006310" startTime="2025-08-11T08:39:56.3054399+00:00" endTime="2025-08-11T08:39:56.3060707+00:00" testType="13cdc9d9-ddb5-4fa4-a97d-d965ccfc6d4b" outcome="Passed" testListId="8c84fa94-04c1-424b-9868-57a2d4851a1d" relativeResultsDirectory="54a90dc7-9d7e-430a-bd8c-f466425ceda6" />
    <UnitTestResult executionId="9d5de02a-3ec9-48f4-ae78-5e84c97bb01b" testId="07d2e673-5834-e2ca-06bc-89c7780bb3c8" testName="SpaProxy_Toggle_SetsHostingStartupAssembliesEnv" computerName="cursor" duration="00:00:00.0003130" startTime="2025-08-11T08:39:56.5058604+00:00" endTime="2025-08-11T08:39:56.5061736+00:00" testType="13cdc9d9-ddb5-4fa4-a97d-d965ccfc6d4b" outcome="Passed" testListId="8c84fa94-04c1-424b-9868-57a2d4851a1d" relativeResultsDirectory="9d5de02a-3ec9-48f4-ae78-5e84c97bb01b">
      <Output>
        <StdOut>=== SPA proxy enabled ===
Builder methods:
.WithSpaProxy(true)
Run command:
dotnet run --framework net8.0 --configuration Release --no-launch-profile
Environment variables:
ASPNETCORE_ENVIRONMENT=Development
ASPNETCORE_HOSTINGSTARTUPASSEMBLIES=Microsoft.AspNetCore.SpaProxy
====================

=== SPA proxy disabled ===
Builder methods:
.WithSpaProxy(false)
Run command:
dotnet run --framework net8.0 --configuration Release --no-launch-profile
Environment variables:
ASPNETCORE_ENVIRONMENT=Development
ASPNETCORE_HOSTINGSTARTUPASSEMBLIES=
====================</StdOut>
      </Output>
    </UnitTestResult>
    <UnitTestResult executionId="0b21e0e8-63d8-4358-8631-0621eb8e290c" testId="a1f4b443-1603-0539-0dc0-d4ce95853134" testName="RegisterElement_WithNullElement_ShouldThrowArgumentNullException" computerName="cursor" duration="00:00:00.0001560" startTime="2025-08-11T08:39:56.2951961+00:00" endTime="2025-08-11T08:39:56.2953518+00:00" testType="13cdc9d9-ddb5-4fa4-a97d-d965ccfc6d4b" outcome="Passed" testListId="8c84fa94-04c1-424b-9868-57a2d4851a1d" relativeResultsDirectory="0b21e0e8-63d8-4358-8631-0621eb8e290c" />
    <UnitTestResult executionId="99b1d373-ca59-43f1-959c-52816b7662fd" testId="2ae1304c-81ac-a359-4734-cee502a63ccd" testName="NavigateToUrl_WithValidUrl_NavigatesSuccessfully" computerName="cursor" duration="00:00:00.0011600" startTime="2025-08-11T08:39:56.4886441+00:00" endTime="2025-08-11T08:39:56.4898040+00:00" testType="13cdc9d9-ddb5-4fa4-a97d-d965ccfc6d4b" outcome="Passed" testListId="8c84fa94-04c1-424b-9868-57a2d4851a1d" relativeResultsDirectory="99b1d373-ca59-43f1-959c-52816b7662fd" />
    <UnitTestResult executionId="84994dff-b96a-4805-b4a4-c34e66eec485" testId="b16522d5-763c-5079-f175-3132fe0bb3ec" testName="GetPlugins_ReturnsReadOnlyCollection" computerName="cursor" duration="00:00:00.0002110" startTime="2025-08-11T08:39:56.4950428+00:00" endTime="2025-08-11T08:39:56.4952541+00:00" testType="13cdc9d9-ddb5-4fa4-a97d-d965ccfc6d4b" outcome="Passed" testListId="8c84fa94-04c1-424b-9868-57a2d4851a1d" relativeResultsDirectory="84994dff-b96a-4805-b4a4-c34e66eec485" />
    <UnitTestResult executionId="42cd7f55-3e14-4c46-852b-19b551777ee6" testId="63abd0f8-5814-164f-7950-4ad186521ab4" testName="CreateDriver_WithNoPlugins_ThrowsFluentUIScaffoldPluginException" computerName="cursor" duration="00:00:00.0004750" startTime="2025-08-11T08:39:56.4937829+00:00" endTime="2025-08-11T08:39:56.4942577+00:00" testType="13cdc9d9-ddb5-4fa4-a97d-d965ccfc6d4b" outcome="Passed" testListId="8c84fa94-04c1-424b-9868-57a2d4851a1d" relativeResultsDirectory="42cd7f55-3e14-4c46-852b-19b551777ee6" />
    <UnitTestResult executionId="f838cda6-272c-4102-9975-53fa25b17e6d" testId="c2f5de2f-6096-d57c-95e5-fec26b8d796d" testName="Constructor_WithNullElements_ShouldInitializeEmptyCollection" computerName="cursor" duration="00:00:00.0003820" startTime="2025-08-11T08:39:56.2729774+00:00" endTime="2025-08-11T08:39:56.2733591+00:00" testType="13cdc9d9-ddb5-4fa4-a97d-d965ccfc6d4b" outcome="Passed" testListId="8c84fa94-04c1-424b-9868-57a2d4851a1d" relativeResultsDirectory="f838cda6-272c-4102-9975-53fa25b17e6d" />
    <UnitTestResult executionId="632ccc19-00df-42e7-8d20-70eacdfa2476" testId="ecd11cad-395d-4d5e-d9ae-03e7b8295be8" testName="WithAttribute_ShouldAddAttribute" computerName="cursor" duration="00:00:00.0004130" startTime="2025-08-11T08:39:56.2556622+00:00" endTime="2025-08-11T08:39:56.2560754+00:00" testType="13cdc9d9-ddb5-4fa4-a97d-d965ccfc6d4b" outcome="Passed" testListId="8c84fa94-04c1-424b-9868-57a2d4851a1d" relativeResultsDirectory="632ccc19-00df-42e7-8d20-70eacdfa2476" />
    <UnitTestResult executionId="aece6f08-f2d8-40cf-af01-cc85ae424000" testId="ce884f09-4916-a854-a0cc-dbdac776383b" testName="WithServerConfiguration_Removed_FromBuilder" computerName="cursor" duration="00:00:00.0004240" startTime="2025-08-11T08:39:56.3341911+00:00" endTime="2025-08-11T08:39:56.3346149+00:00" testType="13cdc9d9-ddb5-4fa4-a97d-d965ccfc6d4b" outcome="Passed" testListId="8c84fa94-04c1-424b-9868-57a2d4851a1d" relativeResultsDirectory="aece6f08-f2d8-40cf-af01-cc85ae424000">
      <Output>
        <StdOut>Server configuration is now provided only to WebServerManager</StdOut>
      </Output>
    </UnitTestResult>
    <UnitTestResult executionId="fb473587-13f8-4780-b6c7-e45c9d51d0d0" testId="2e23022d-866f-3ace-93c9-9c504b47228e" testName="RegisterPlugin_WithNullPlugin_ThrowsArgumentNullException" computerName="cursor" duration="00:00:00.0002050" startTime="2025-08-11T08:39:56.4958541+00:00" endTime="2025-08-11T08:39:56.4960589+00:00" testType="13cdc9d9-ddb5-4fa4-a97d-d965ccfc6d4b" outcome="Passed" testListId="8c84fa94-04c1-424b-9868-57a2d4851a1d" relativeResultsDirectory="fb473587-13f8-4780-b6c7-e45c9d51d0d0" />
    <UnitTestResult executionId="6bd3907e-4488-407a-a884-cd1b6e55ef65" testId="280bec51-23dc-ffba-208c-c20000ad7909" testName="Constructor_WithNullDriver_ShouldThrowArgumentNullException" computerName="cursor" duration="00:00:00.0033390" startTime="2025-08-11T08:39:56.2499706+00:00" endTime="2025-08-11T08:39:56.2533094+00:00" testType="13cdc9d9-ddb5-4fa4-a97d-d965ccfc6d4b" outcome="Passed" testListId="8c84fa94-04c1-424b-9868-57a2d4851a1d" relativeResultsDirectory="6bd3907e-4488-407a-a884-cd1b6e55ef65" />
    <UnitTestResult executionId="1a1bc0f4-dbdb-4cf6-9c29-f3113265296a" testId="4b5ed4f4-cca7-3210-3b0c-b7d6cb410605" testName="GetEnumerator_ShouldReturnAllElements" computerName="cursor" duration="00:00:00.0006150" startTime="2025-08-11T08:39:56.2866769+00:00" endTime="2025-08-11T08:39:56.2872916+00:00" testType="13cdc9d9-ddb5-4fa4-a97d-d965ccfc6d4b" outcome="Passed" testListId="8c84fa94-04c1-424b-9868-57a2d4851a1d" relativeResultsDirectory="1a1bc0f4-dbdb-4cf6-9c29-f3113265296a" />
    <UnitTestResult executionId="61e9e768-5d55-4778-a71f-b7943b6bc67f" testId="a8ccc846-1ff4-1690-63b6-362e0b40f521" testName="ValidatePlugins_WithValidPlugins_DoesNotThrow" computerName="cursor" duration="00:00:00.0001990" startTime="2025-08-11T08:39:56.4972855+00:00" endTime="2025-08-11T08:39:56.4974839+00:00" testType="13cdc9d9-ddb5-4fa4-a97d-d965ccfc6d4b" outcome="Passed" testListId="8c84fa94-04c1-424b-9868-57a2d4851a1d" relativeResultsDirectory="61e9e768-5d55-4778-a71f-b7943b6bc67f" />
    <UnitTestResult executionId="aa2eb818-683a-46fe-8d1b-b1660a84b787" testId="020a6f08-c481-d586-c35b-71ffdcdf77ae" testName="Build_WithValidConfiguration_ReturnsConfiguredOptions" computerName="cursor" duration="00:00:00.0006480" startTime="2025-08-11T08:39:56.3138000+00:00" endTime="2025-08-11T08:39:56.3144477+00:00" testType="13cdc9d9-ddb5-4fa4-a97d-d965ccfc6d4b" outcome="Passed" testListId="8c84fa94-04c1-424b-9868-57a2d4851a1d" relativeResultsDirectory="aa2eb818-683a-46fe-8d1b-b1660a84b787" />
    <UnitTestResult executionId="351e5851-5f6e-47ef-ab47-1251cbd6f178" testId="9a47f56b-5bfd-fc11-0334-5ee2c89f0d7c" testName="CacheCount_ShouldReturnCorrectCount" computerName="cursor" duration="00:00:00.0005680" startTime="2025-08-11T08:39:56.2904468+00:00" endTime="2025-08-11T08:39:56.2910145+00:00" testType="13cdc9d9-ddb5-4fa4-a97d-d965ccfc6d4b" outcome="Passed" testListId="8c84fa94-04c1-424b-9868-57a2d4851a1d" relativeResultsDirectory="351e5851-5f6e-47ef-ab47-1251cbd6f178" />
    <UnitTestResult executionId="dd6bd58d-b1c2-4fc5-a01b-9dc12ea30766" testId="75c5db20-bc00-63de-91f7-e74098d22990" testName="CreateElement_WithNullConfiguration_ShouldThrowArgumentNullException" computerName="cursor" duration="00:00:00.0001410" startTime="2025-08-11T08:39:56.2929198+00:00" endTime="2025-08-11T08:39:56.2930610+00:00" testType="13cdc9d9-ddb5-4fa4-a97d-d965ccfc6d4b" outcome="Passed" testListId="8c84fa94-04c1-424b-9868-57a2d4851a1d" relativeResultsDirectory="dd6bd58d-b1c2-4fc5-a01b-9dc12ea30766" />
    <UnitTestResult executionId="9529987f-edaf-427b-9fae-50d2dd624919" testId="d9747d07-b571-8346-80a3-fe62a8b92e46" testName="WithWebServerProjectPath_IsRemoved_FromBuilder" computerName="cursor" duration="00:00:00.0003440" startTime="2025-08-11T08:39:56.3356903+00:00" endTime="2025-08-11T08:39:56.3360346+00:00" testType="13cdc9d9-ddb5-4fa4-a97d-d965ccfc6d4b" outcome="Passed" testListId="8c84fa94-04c1-424b-9868-57a2d4851a1d" relativeResultsDirectory="9529987f-edaf-427b-9fae-50d2dd624919">
      <Output>
        <StdOut>Server config APIs removed from options builder; managed by WebServerManager</StdOut>
      </Output>
    </UnitTestResult>
    <UnitTestResult executionId="481d1a5e-2361-4eb6-94d7-c2b3080aa0bf" testId="eeb41d66-bc8a-3f24-dae1-82048046740c" testName="WithSlowMo_WithNullValue_SetsSlowMoToNull" computerName="cursor" duration="00:00:00.0001880" startTime="2025-08-11T08:39:56.3350027+00:00" endTime="2025-08-11T08:39:56.3351908+00:00" testType="13cdc9d9-ddb5-4fa4-a97d-d965ccfc6d4b" outcome="Passed" testListId="8c84fa94-04c1-424b-9868-57a2d4851a1d" relativeResultsDirectory="481d1a5e-2361-4eb6-94d7-c2b3080aa0bf" />
    <UnitTestResult executionId="36db267a-280e-4b96-9166-3c9e129fdb8a" testId="446583bb-1a0c-a601-da8c-b6db446288a3" testName="WithCustomWait_ShouldSetCustomWaitCondition" computerName="cursor" duration="00:00:00.0002840" startTime="2025-08-11T08:39:56.2569491+00:00" endTime="2025-08-11T08:39:56.2572328+00:00" testType="13cdc9d9-ddb5-4fa4-a97d-d965ccfc6d4b" outcome="Passed" testListId="8c84fa94-04c1-424b-9868-57a2d4851a1d" relativeResultsDirectory="36db267a-280e-4b96-9166-3c9e129fdb8a" />
    <UnitTestResult executionId="b8599c64-8b45-4494-8133-ca877a91b31f" testId="5ecd0d47-634a-f5a5-e7c4-807c1c8c5935" testName="WithSlowMo_WithZeroValue_SetsSlowMoToZero" computerName="cursor" duration="00:00:00.0002950" startTime="2025-08-11T08:39:56.3353827+00:00" endTime="2025-08-11T08:39:56.3356771+00:00" testType="13cdc9d9-ddb5-4fa4-a97d-d965ccfc6d4b" outcome="Passed" testListId="8c84fa94-04c1-424b-9868-57a2d4851a1d" relativeResultsDirectory="b8599c64-8b45-4494-8133-ca877a91b31f" />
    <UnitTestResult executionId="a1dfbfe6-9ffa-45ba-94ac-f74231e0abad" testId="d6e5f7f2-25f3-210a-1f00-1f733c0e9da8" testName="Filter_WithNoMatchingElements_ShouldReturnEmptyCollection" computerName="cursor" duration="00:00:00.0058120" startTime="2025-08-11T08:39:56.2745932+00:00" endTime="2025-08-11T08:39:56.2804051+00:00" testType="13cdc9d9-ddb5-4fa4-a97d-d965ccfc6d4b" outcome="Passed" testListId="8c84fa94-04c1-424b-9868-57a2d4851a1d" relativeResultsDirectory="a1dfbfe6-9ffa-45ba-94ac-f74231e0abad" />
    <UnitTestResult executionId="73e9741e-b9e2-4623-aec5-3a49e704faf7" testId="ddff61cf-6c8e-562e-62f7-c9fb5ab0fb05" testName="Constructor_WithValidOptions_CreatesInstance" computerName="cursor" duration="00:00:00.1469230" startTime="2025-08-11T08:39:56.3383660+00:00" endTime="2025-08-11T08:39:56.4852890+00:00" testType="13cdc9d9-ddb5-4fa4-a97d-d965ccfc6d4b" outcome="Passed" testListId="8c84fa94-04c1-424b-9868-57a2d4851a1d" relativeResultsDirectory="73e9741e-b9e2-4623-aec5-3a49e704faf7">
      <Output>
        <StdOut>PluginRegistry count before seeding: 1
PluginManager count after seeding: 1</StdOut>
      </Output>
    </UnitTestResult>
    <UnitTestResult executionId="b08cd644-8574-4109-92c8-85e792ff1a6e" testId="268d744c-88c8-b894-11b0-d59382621120" testName="Exists_WhenElementExists_ShouldReturnTrue" computerName="cursor" duration="00:00:00.0004450" startTime="2025-08-11T08:39:56.3021826+00:00" endTime="2025-08-11T08:39:56.3026271+00:00" testType="13cdc9d9-ddb5-4fa4-a97d-d965ccfc6d4b" outcome="Passed" testListId="8c84fa94-04c1-424b-9868-57a2d4851a1d" relativeResultsDirectory="b08cd644-8574-4109-92c8-85e792ff1a6e" />
    <UnitTestResult executionId="e9aed0fe-1279-49e4-af73-23287abf805c" testId="0b4fc99c-eb06-94b0-bab6-1d7f1e79217a" testName="WithCustomWait_WithNullCondition_ShouldThrowArgumentNullException" computerName="cursor" duration="00:00:00.0002370" startTime="2025-08-11T08:39:56.2572414+00:00" endTime="2025-08-11T08:39:56.2574778+00:00" testType="13cdc9d9-ddb5-4fa4-a97d-d965ccfc6d4b" outcome="Passed" testListId="8c84fa94-04c1-424b-9868-57a2d4851a1d" relativeResultsDirectory="e9aed0fe-1279-49e4-af73-23287abf805c" />
    <UnitTestResult executionId="2c37f0d9-16da-4b81-9be4-54d3275eb9e0" testId="cc50075c-462e-8b57-d394-e1d716bb8f7e" testName="Constructor_WithEmptyElements_ShouldInitializeEmptyCollection" computerName="cursor" duration="00:00:00.0127130" startTime="2025-08-11T08:39:56.2602472+00:00" endTime="2025-08-11T08:39:56.2729600+00:00" testType="13cdc9d9-ddb5-4fa4-a97d-d965ccfc6d4b" outcome="Passed" testListId="8c84fa94-04c1-424b-9868-57a2d4851a1d" relativeResultsDirectory="2c37f0d9-16da-4b81-9be4-54d3275eb9e0" />
    <UnitTestResult executionId="206a823c-88ad-4f79-888f-ce8e0b9d3e4e" testId="ac2caede-1993-10f2-1269-ecc9a1cb91c8" testName="Aspire_WithFrameworkAndDefaults_ProducesExpectedRunCommandAndEnv" computerName="cursor" duration="00:00:00.0042520" startTime="2025-08-11T08:39:56.4978014+00:00" endTime="2025-08-11T08:39:56.5020527+00:00" testType="13cdc9d9-ddb5-4fa4-a97d-d965ccfc6d4b" outcome="Passed" testListId="8c84fa94-04c1-424b-9868-57a2d4851a1d" relativeResultsDirectory="206a823c-88ad-4f79-888f-ce8e0b9d3e4e">
      <Output>
        <StdOut>=== Aspire (dotnet run) ===
Builder methods:
ServerConfiguration
    .CreateAspireServer(new Uri("http://localhost:6066"), "/path/to/AspireApp.AppHost.csproj")
    .WithFramework("net9.0")
    .WithConfiguration("Release")
Run command:
dotnet run --framework net9.0 --configuration Release --no-launch-profile
Environment variables:
ASPNETCORE_ENVIRONMENT=Development
ASPNETCORE_FORWARDEDHEADERS_ENABLED=false
ASPNETCORE_HOSTINGSTARTUPASSEMBLIES=
ASPNETCORE_URLS=http://localhost:6066/
DOTNET_DASHBOARD_OTLP_ENDPOINT_URL=https://localhost:21097
DOTNET_ENVIRONMENT=Development
DOTNET_RESOURCE_SERVICE_ENDPOINT_URL=https://localhost:22268
====================</StdOut>
      </Output>
    </UnitTestResult>
    <UnitTestResult executionId="1c5ed81b-62f9-498c-a99e-174a59081bd3" testId="8383728b-b15a-a0ae-e2d4-37daa1d150cf" testName="WithTimeout_ShouldSetTimeout" computerName="cursor" duration="00:00:00.0001660" startTime="2025-08-11T08:39:56.2579619+00:00" endTime="2025-08-11T08:39:56.2581282+00:00" testType="13cdc9d9-ddb5-4fa4-a97d-d965ccfc6d4b" outcome="Passed" testListId="8c84fa94-04c1-424b-9868-57a2d4851a1d" relativeResultsDirectory="1c5ed81b-62f9-498c-a99e-174a59081bd3" />
    <UnitTestResult executionId="6d4dc242-7c32-4a94-9ccd-239be8fdfe8b" testId="c3694fbe-f799-3b5e-9ff5-0d754eb65db7" testName="FilterByAttribute_WithNullAttributeName_ShouldThrowArgumentException" computerName="cursor" duration="00:00:00.0002760" startTime="2025-08-11T08:39:56.2833080+00:00" endTime="2025-08-11T08:39:56.2835838+00:00" testType="13cdc9d9-ddb5-4fa4-a97d-d965ccfc6d4b" outcome="Passed" testListId="8c84fa94-04c1-424b-9868-57a2d4851a1d" relativeResultsDirectory="6d4dc242-7c32-4a94-9ccd-239be8fdfe8b" />
    <UnitTestResult executionId="80fa4625-4023-4906-929d-accff3eb2ea6" testId="8a43bd3c-a801-bb4f-9167-9cddc20d64b5" testName="WithWebServerProjectPath_WithEmptyPath_Removed" computerName="cursor" duration="00:00:00.0001700" startTime="2025-08-11T08:39:56.3360475+00:00" endTime="2025-08-11T08:39:56.3362174+00:00" testType="13cdc9d9-ddb5-4fa4-a97d-d965ccfc6d4b" outcome="Passed" testListId="8c84fa94-04c1-424b-9868-57a2d4851a1d" relativeResultsDirectory="80fa4625-4023-4906-929d-accff3eb2ea6">
      <Output>
        <StdOut>Removed</StdOut>
      </Output>
    </UnitTestResult>
    <UnitTestResult executionId="ad663c04-b073-4d8e-9958-48a2caa84746" testId="f02c83be-628b-c901-c0e0-b0c07da04720" testName="GetLauncher_WithUnregisteredServerType_ThrowsException" computerName="cursor" duration="00:00:00.0003040" startTime="2025-08-11T08:39:56.5116327+00:00" endTime="2025-08-11T08:39:56.5119362+00:00" testType="13cdc9d9-ddb5-4fa4-a97d-d965ccfc6d4b" outcome="Passed" testListId="8c84fa94-04c1-424b-9868-57a2d4851a1d" relativeResultsDirectory="ad663c04-b073-4d8e-9958-48a2caa84746" />
    <UnitTestResult executionId="aa6bdf53-44c1-42c1-bd75-6f53b434f1c2" testId="a646cbbd-eb04-f9aa-5695-780998d26368" testName="WithDescription_ShouldSetDescription" computerName="cursor" duration="00:00:00.0001780" startTime="2025-08-11T08:39:56.2574846+00:00" endTime="2025-08-11T08:39:56.2576627+00:00" testType="13cdc9d9-ddb5-4fa4-a97d-d965ccfc6d4b" outcome="Passed" testListId="8c84fa94-04c1-424b-9868-57a2d4851a1d" relativeResultsDirectory="aa6bdf53-44c1-42c1-bd75-6f53b434f1c2" />
    <UnitTestResult executionId="e3a78c35-f38f-4716-8eed-fa72479b27e5" testId="7ca0cb73-aeb1-887f-1af1-2afb19198c6a" testName="AspNetCore_ServerSpecificUrlsInjectedIntoStartInfo" computerName="cursor" duration="00:00:00.0006370" startTime="2025-08-11T08:39:56.5020760+00:00" endTime="2025-08-11T08:39:56.5027131+00:00" testType="13cdc9d9-ddb5-4fa4-a97d-d965ccfc6d4b" outcome="Passed" testListId="8c84fa94-04c1-424b-9868-57a2d4851a1d" relativeResultsDirectory="e3a78c35-f38f-4716-8eed-fa72479b27e5" />
    <UnitTestResult executionId="df9f7b11-45aa-40a3-bf8e-ad63e075e5b1" testId="629e7f8f-acc1-6486-7ee3-d596d40e2188" testName="FilterByAttribute_WithCaseInsensitiveMatch_ShouldReturnFilteredCollection" computerName="cursor" duration="00:00:00.0009850" startTime="2025-08-11T08:39:56.2815394+00:00" endTime="2025-08-11T08:39:56.2825239+00:00" testType="13cdc9d9-ddb5-4fa4-a97d-d965ccfc6d4b" outcome="Passed" testListId="8c84fa94-04c1-424b-9868-57a2d4851a1d" relativeResultsDirectory="df9f7b11-45aa-40a3-bf8e-ad63e075e5b1" />
    <UnitTestResult executionId="f926efe9-5596-4459-92b0-7304660fe159" testId="9f3021c1-925a-71da-e253-d006455bc8e9" testName="WaitFor_WithNoneStrategy_ShouldNotCallAnyWaitMethods" computerName="cursor" duration="00:00:00.0032330" startTime="2025-08-11T08:39:56.3086622+00:00" endTime="2025-08-11T08:39:56.3118951+00:00" testType="13cdc9d9-ddb5-4fa4-a97d-d965ccfc6d4b" outcome="Passed" testListId="8c84fa94-04c1-424b-9868-57a2d4851a1d" relativeResultsDirectory="f926efe9-5596-4459-92b0-7304660fe159" />
    <UnitTestResult executionId="38bd141a-803f-4c80-b95b-dbfd575bdb25" testId="28f7c59d-b5d1-8620-75b4-446e721774f0" testName="Indexer_WithValidIndex_ShouldReturnElement" computerName="cursor" duration="00:00:00.0001620" startTime="2025-08-11T08:39:56.2890535+00:00" endTime="2025-08-11T08:39:56.2892150+00:00" testType="13cdc9d9-ddb5-4fa4-a97d-d965ccfc6d4b" outcome="Passed" testListId="8c84fa94-04c1-424b-9868-57a2d4851a1d" relativeResultsDirectory="38bd141a-803f-4c80-b95b-dbfd575bdb25" />
    <UnitTestResult executionId="335c1348-85fc-4ed1-8452-21c12dd2c5e9" testId="dddb8e0d-1bc6-fd59-4ffa-24cd6ce629ee" testName="IsCached_WithExistingKey_ShouldReturnTrue" computerName="cursor" duration="00:00:00.0000820" startTime="2025-08-11T08:39:56.2946859+00:00" endTime="2025-08-11T08:39:56.2947675+00:00" testType="13cdc9d9-ddb5-4fa4-a97d-d965ccfc6d4b" outcome="Passed" testListId="8c84fa94-04c1-424b-9868-57a2d4851a1d" relativeResultsDirectory="335c1348-85fc-4ed1-8452-21c12dd2c5e9" />
    <UnitTestResult executionId="cdc615e6-8cb0-43d5-997f-502d26ab656a" testId="58c799eb-3510-390d-5f8b-eb2a700feeb4" testName="Build_ShouldReturnConfiguredElement" computerName="cursor" duration="00:00:00.0513390" startTime="2025-08-11T08:39:56.1976814+00:00" endTime="2025-08-11T08:39:56.2489815+00:00" testType="13cdc9d9-ddb5-4fa4-a97d-d965ccfc6d4b" outcome="Passed" testListId="8c84fa94-04c1-424b-9868-57a2d4851a1d" relativeResultsDirectory="cdc615e6-8cb0-43d5-997f-502d26ab656a" />
    <UnitTestResult executionId="d14491bd-fb68-437b-bb8c-ef38e154ed17" testId="c6b038af-0bc0-b632-00c4-3ef8ea29ed6e" testName="RemoveFromCache_WithExistingKey_ShouldRemoveElement" computerName="cursor" duration="00:00:00.0001670" startTime="2025-08-11T08:39:56.2956377+00:00" endTime="2025-08-11T08:39:56.2958044+00:00" testType="13cdc9d9-ddb5-4fa4-a97d-d965ccfc6d4b" outcome="Passed" testListId="8c84fa94-04c1-424b-9868-57a2d4851a1d" relativeResultsDirectory="d14491bd-fb68-437b-bb8c-ef38e154ed17" />
    <UnitTestResult executionId="38096e27-2616-49e1-9c5e-396ad1890ee2" testId="3060bcb3-7dbb-52ae-d898-6c736e92902a" testName="RegisterDetector_WithValidDetector_RegistersSuccessfully" computerName="cursor" duration="00:00:00.0004730" startTime="2025-08-11T08:39:56.5119462+00:00" endTime="2025-08-11T08:39:56.5124195+00:00" testType="13cdc9d9-ddb5-4fa4-a97d-d965ccfc6d4b" outcome="Passed" testListId="8c84fa94-04c1-424b-9868-57a2d4851a1d" relativeResultsDirectory="38096e27-2616-49e1-9c5e-396ad1890ee2">
      <Output>
        <StdOut>Detector registered successfully</StdOut>
      </Output>
    </UnitTestResult>
    <UnitTestResult executionId="027e2b9d-b9ce-4fe2-9ab7-feccd566db47" testId="6bd0c540-38a9-699a-6e83-30afb294a184" testName="Constructor_WithNullOptions_ThrowsException" computerName="cursor" duration="00:00:00.0011630" startTime="2025-08-11T08:39:56.3371834+00:00" endTime="2025-08-11T08:39:56.3383465+00:00" testType="13cdc9d9-ddb5-4fa4-a97d-d965ccfc6d4b" outcome="Passed" testListId="8c84fa94-04c1-424b-9868-57a2d4851a1d" relativeResultsDirectory="027e2b9d-b9ce-4fe2-9ab7-feccd566db47" />
    <UnitTestResult executionId="25d55234-82e6-4de2-ba7a-03fb6bfeee4d" testId="f2f6b3ec-eeaf-c73e-5a2e-1ef2fc174766" testName="WithAttribute_WithNullName_ShouldThrowArgumentException" computerName="cursor" duration="00:00:00.0003590" startTime="2025-08-11T08:39:56.2564337+00:00" endTime="2025-08-11T08:39:56.2567922+00:00" testType="13cdc9d9-ddb5-4fa4-a97d-d965ccfc6d4b" outcome="Passed" testListId="8c84fa94-04c1-424b-9868-57a2d4851a1d" relativeResultsDirectory="25d55234-82e6-4de2-ba7a-03fb6bfeee4d" />
    <UnitTestResult executionId="97207316-6363-41ed-9343-e3afa532882c" testId="6d5a4486-b343-0cdc-4507-2918b358e5b5" testName="DotNet_WorkingDirectory_IsApplied" computerName="cursor" duration="00:00:00.0001530" startTime="2025-08-11T08:39:56.5043630+00:00" endTime="2025-08-11T08:39:56.5045161+00:00" testType="13cdc9d9-ddb5-4fa4-a97d-d965ccfc6d4b" outcome="Passed" testListId="8c84fa94-04c1-424b-9868-57a2d4851a1d" relativeResultsDirectory="97207316-6363-41ed-9343-e3afa532882c" />
    <UnitTestResult executionId="d484edf7-8491-4fa0-bb45-3161b5be3e5c" testId="1dbd60f0-8bf8-0e06-1bea-3397a47d2afd" testName="HeadlessMode_WithValidValue_SetsHeadlessMode" computerName="cursor" duration="00:00:00.0002120" startTime="2025-08-11T08:39:56.4855101+00:00" endTime="2025-08-11T08:39:56.4857220+00:00" testType="13cdc9d9-ddb5-4fa4-a97d-d965ccfc6d4b" outcome="Passed" testListId="8c84fa94-04c1-424b-9868-57a2d4851a1d" relativeResultsDirectory="d484edf7-8491-4fa0-bb45-3161b5be3e5c" />
    <UnitTestResult executionId="bbc6efce-cb65-460d-bc06-488a6593acff" testId="4c88da48-1cf2-2ce5-51d9-4c397983aa27" testName="WithDefaultWaitTimeout_WithValidTimeout_SetsDefaultWaitTimeout" computerName="cursor" duration="00:00:00.0000740" startTime="2025-08-11T08:39:56.4873494+00:00" endTime="2025-08-11T08:39:56.4874233+00:00" testType="13cdc9d9-ddb5-4fa4-a97d-d965ccfc6d4b" outcome="Passed" testListId="8c84fa94-04c1-424b-9868-57a2d4851a1d" relativeResultsDirectory="bbc6efce-cb65-460d-bc06-488a6593acff" />
    <UnitTestResult executionId="03a7774a-4f0a-4fdc-a16b-9041e1042137" testId="dd8f8349-d619-3359-a263-b07e1bc2b428" testName="Indexer_WithIndexGreaterThanCount_ShouldThrowArgumentOutOfRangeException" computerName="cursor" duration="00:00:00.0003610" startTime="2025-08-11T08:39:56.2884587+00:00" endTime="2025-08-11T08:39:56.2888197+00:00" testType="13cdc9d9-ddb5-4fa4-a97d-d965ccfc6d4b" outcome="Passed" testListId="8c84fa94-04c1-424b-9868-57a2d4851a1d" relativeResultsDirectory="03a7774a-4f0a-4fdc-a16b-9041e1042137" />
    <UnitTestResult executionId="3be3917d-820b-49b2-a143-589ff546aadc" testId="cbefd2c6-af4f-b601-5e3c-99959e055433" testName="LastOrDefault_WithNonEmptyCollection_ShouldReturnLastElement" computerName="cursor" duration="00:00:00.0001620" startTime="2025-08-11T08:39:56.2900705+00:00" endTime="2025-08-11T08:39:56.2902327+00:00" testType="13cdc9d9-ddb5-4fa4-a97d-d965ccfc6d4b" outcome="Passed" testListId="8c84fa94-04c1-424b-9868-57a2d4851a1d" relativeResultsDirectory="3be3917d-820b-49b2-a143-589ff546aadc" />
    <UnitTestResult executionId="14bae0c4-6860-4239-812d-af1369ffb28c" testId="8ee850f6-f93d-44de-04bb-8bbc073b000b" testName="Constructor_WithNullOptions_ShouldThrowArgumentNullException" computerName="cursor" duration="00:00:00.0007200" startTime="2025-08-11T08:39:56.2533680+00:00" endTime="2025-08-11T08:39:56.2540879+00:00" testType="13cdc9d9-ddb5-4fa4-a97d-d965ccfc6d4b" outcome="Passed" testListId="8c84fa94-04c1-424b-9868-57a2d4851a1d" relativeResultsDirectory="14bae0c4-6860-4239-812d-af1369ffb28c" />
    <UnitTestResult executionId="4dae379f-e8e0-4282-a3b8-11ddb857cad3" testId="6c726527-cdae-6f0e-e424-af9055e97f92" testName="HeadlessMode_WithNullValue_SetsHeadlessModeToNull" computerName="cursor" duration="00:00:00.0001880" startTime="2025-08-11T08:39:56.4853144+00:00" endTime="2025-08-11T08:39:56.4855022+00:00" testType="13cdc9d9-ddb5-4fa4-a97d-d965ccfc6d4b" outcome="Passed" testListId="8c84fa94-04c1-424b-9868-57a2d4851a1d" relativeResultsDirectory="4dae379f-e8e0-4282-a3b8-11ddb857cad3" />
    <UnitTestResult executionId="6a84d88e-bdab-4288-83ce-bd6c158a5876" testId="73a1b770-4a5e-0a29-6a9c-524092b48888" testName="FirstOrDefault_WithNonEmptyCollection_ShouldReturnFirstElement" computerName="cursor" duration="00:00:00.0002670" startTime="2025-08-11T08:39:56.2864007+00:00" endTime="2025-08-11T08:39:56.2866677+00:00" testType="13cdc9d9-ddb5-4fa4-a97d-d965ccfc6d4b" outcome="Passed" testListId="8c84fa94-04c1-424b-9868-57a2d4851a1d" relativeResultsDirectory="6a84d88e-bdab-4288-83ce-bd6c158a5876" />
    <UnitTestResult executionId="a60bddee-fe8e-4fdb-bd9c-fe6021e2b279" testId="33a7bbde-5ce9-4487-c1d1-eb748c5080db" testName="CreateDriver_WithNullOptions_ThrowsArgumentNullException" computerName="cursor" duration="00:00:00.0001399" startTime="2025-08-11T08:39:56.4942713+00:00" endTime="2025-08-11T08:39:56.4944115+00:00" testType="13cdc9d9-ddb5-4fa4-a97d-d965ccfc6d4b" outcome="Passed" testListId="8c84fa94-04c1-424b-9868-57a2d4851a1d" relativeResultsDirectory="a60bddee-fe8e-4fdb-bd9c-fe6021e2b279" />
    <UnitTestResult executionId="7c07cdd1-2816-4731-90c0-726127459cdd" testId="44803fba-616e-b64e-f070-676eb27c9592" testName="Type_ShouldCallDriverType" computerName="cursor" duration="00:00:00.0005480" startTime="2025-08-11T08:39:56.3072756+00:00" endTime="2025-08-11T08:39:56.3078236+00:00" testType="13cdc9d9-ddb5-4fa4-a97d-d965ccfc6d4b" outcome="Passed" testListId="8c84fa94-04c1-424b-9868-57a2d4851a1d" relativeResultsDirectory="7c07cdd1-2816-4731-90c0-726127459cdd" />
    <UnitTestResult executionId="8b007796-2109-4d15-a341-e53486e6c7ea" testId="677131f5-8f9b-a5d7-51f3-8830f5479d4d" testName="WithHeadlessMode_WithNullValue_SetsHeadlessModeToNull" computerName="cursor" duration="00:00:00.0001510" startTime="2025-08-11T08:39:56.3337122+00:00" endTime="2025-08-11T08:39:56.3338632+00:00" testType="13cdc9d9-ddb5-4fa4-a97d-d965ccfc6d4b" outcome="Passed" testListId="8c84fa94-04c1-424b-9868-57a2d4851a1d" relativeResultsDirectory="8b007796-2109-4d15-a341-e53486e6c7ea" />
    <UnitTestResult executionId="ace366dd-7b50-487f-a679-9b277add6b47" testId="7f949d80-13b6-78ce-6336-64f88eac33b7" testName="FilterByText_WithNoMatchingText_ShouldReturnEmptyCollection" computerName="cursor" duration="00:00:00.0001590" startTime="2025-08-11T08:39:56.2847736+00:00" endTime="2025-08-11T08:39:56.2849323+00:00" testType="13cdc9d9-ddb5-4fa4-a97d-d965ccfc6d4b" outcome="Passed" testListId="8c84fa94-04c1-424b-9868-57a2d4851a1d" relativeResultsDirectory="ace366dd-7b50-487f-a679-9b277add6b47" />
    <UnitTestResult executionId="c8b42108-78aa-4b89-a686-81da7ca961fc" testId="8f39af80-f58e-71ee-14e2-037e33d2ca9e" testName="ClearCache_ShouldRemoveAllElements" computerName="cursor" duration="00:00:00.0006220" startTime="2025-08-11T08:39:56.2910354+00:00" endTime="2025-08-11T08:39:56.2916576+00:00" testType="13cdc9d9-ddb5-4fa4-a97d-d965ccfc6d4b" outcome="Passed" testListId="8c84fa94-04c1-424b-9868-57a2d4851a1d" relativeResultsDirectory="c8b42108-78aa-4b89-a686-81da7ca961fc" />
    <UnitTestResult executionId="0596978d-cbbf-4baa-af7f-2b8cbd009931" testId="28f45f08-f929-d021-87bf-ac7bea3175f6" testName="WithWebServerProjectPath_WithNullPath_Removed" computerName="cursor" duration="00:00:00.0001310" startTime="2025-08-11T08:39:56.3362229+00:00" endTime="2025-08-11T08:39:56.3363534+00:00" testType="13cdc9d9-ddb5-4fa4-a97d-d965ccfc6d4b" outcome="Passed" testListId="8c84fa94-04c1-424b-9868-57a2d4851a1d" relativeResultsDirectory="0596978d-cbbf-4baa-af7f-2b8cbd009931">
      <Output>
        <StdOut>Removed</StdOut>
      </Output>
    </UnitTestResult>
    <UnitTestResult executionId="81b7946f-f2f0-4e56-a58b-764939c259ca" testId="32cab928-a934-2b6a-7a60-1dfa1c7f9abb" testName="WaitForHidden_ShouldCallDriverWaitForElementToBeHidden" computerName="cursor" duration="00:00:00.0002640" startTime="2025-08-11T08:39:56.3128438+00:00" endTime="2025-08-11T08:39:56.3131082+00:00" testType="13cdc9d9-ddb5-4fa4-a97d-d965ccfc6d4b" outcome="Passed" testListId="8c84fa94-04c1-424b-9868-57a2d4851a1d" relativeResultsDirectory="81b7946f-f2f0-4e56-a58b-764939c259ca" />
    <UnitTestResult executionId="64a6e349-1960-4e71-a6a7-e4ea3fc2e49a" testId="bba98ce8-0e46-19a1-add2-e0e6659866ca" testName="Constructor_WithNoParameters_CreatesInstance" computerName="cursor" duration="00:00:00.0000820" startTime="2025-08-11T08:39:56.3146464+00:00" endTime="2025-08-11T08:39:56.3147282+00:00" testType="13cdc9d9-ddb5-4fa4-a97d-d965ccfc6d4b" outcome="Passed" testListId="8c84fa94-04c1-424b-9868-57a2d4851a1d" relativeResultsDirectory="64a6e349-1960-4e71-a6a7-e4ea3fc2e49a" />
    <UnitTestResult executionId="595261dc-1ce2-4e30-9c21-0ca5a984543c" testId="0d8a6f68-b892-8208-9f84-b0a607e9693d" testName="Filter_WithNullPredicate_ShouldThrowArgumentNullException" computerName="cursor" duration="00:00:00.0004750" startTime="2025-08-11T08:39:56.2804213+00:00" endTime="2025-08-11T08:39:56.2808961+00:00" testType="13cdc9d9-ddb5-4fa4-a97d-d965ccfc6d4b" outcome="Passed" testListId="8c84fa94-04c1-424b-9868-57a2d4851a1d" relativeResultsDirectory="595261dc-1ce2-4e30-9c21-0ca5a984543c" />
    <UnitTestResult executionId="016dca84-89ec-4766-83a1-c16946ce2579" testId="5d00fc9b-986f-8e7a-5894-fe21deab4d76" testName="FilterByText_WithEmptyText_ShouldReturnEmptyCollection" computerName="cursor" duration="00:00:00.0002730" startTime="2025-08-11T08:39:56.2842262+00:00" endTime="2025-08-11T08:39:56.2844991+00:00" testType="13cdc9d9-ddb5-4fa4-a97d-d965ccfc6d4b" outcome="Passed" testListId="8c84fa94-04c1-424b-9868-57a2d4851a1d" relativeResultsDirectory="016dca84-89ec-4766-83a1-c16946ce2579" />
    <UnitTestResult executionId="8cec7f50-668c-4759-a0c6-5b45f6aa2caa" testId="f6b53d12-55a1-6cea-cf6b-996b794f8a7d" testName="Select_ShouldCallDriverSelectOption" computerName="cursor" duration="00:00:00.0006489" startTime="2025-08-11T08:39:56.3066130+00:00" endTime="2025-08-11T08:39:56.3072622+00:00" testType="13cdc9d9-ddb5-4fa4-a97d-d965ccfc6d4b" outcome="Passed" testListId="8c84fa94-04c1-424b-9868-57a2d4851a1d" relativeResultsDirectory="8cec7f50-668c-4759-a0c6-5b45f6aa2caa" />
    <UnitTestResult executionId="41e7478c-8ab8-48e8-81cc-c9a6b5df3895" testId="0f9f915d-f9f9-434c-81bb-640e07bacad2" testName="Constructor_WithValidParameters_ShouldInitializeFactory" computerName="cursor" duration="00:00:00.0000710" startTime="2025-08-11T08:39:56.2920700+00:00" endTime="2025-08-11T08:39:56.2921405+00:00" testType="13cdc9d9-ddb5-4fa4-a97d-d965ccfc6d4b" outcome="Passed" testListId="8c84fa94-04c1-424b-9868-57a2d4851a1d" relativeResultsDirectory="41e7478c-8ab8-48e8-81cc-c9a6b5df3895" />
    <UnitTestResult executionId="a7d1716c-0443-4c92-afb0-cda526317754" testId="68cc5f29-514d-38dc-c438-33585cc74aa4" testName="Constructor_WithExistingOptions_CreatesInstance" computerName="cursor" duration="00:00:00.0001760" startTime="2025-08-11T08:39:56.3144598+00:00" endTime="2025-08-11T08:39:56.3146362+00:00" testType="13cdc9d9-ddb5-4fa4-a97d-d965ccfc6d4b" outcome="Passed" testListId="8c84fa94-04c1-424b-9868-57a2d4851a1d" relativeResultsDirectory="a7d1716c-0443-4c92-afb0-cda526317754" />
    <UnitTestResult executionId="2f8167d7-6e28-4300-b170-197476767c08" testId="3f49ee74-f47f-14db-402b-a5606f508f18" testName="CreateDriver_WithValidOptions_ReturnsDriver" computerName="cursor" duration="00:00:00.0006100" startTime="2025-08-11T08:39:56.4944179+00:00" endTime="2025-08-11T08:39:56.4950280+00:00" testType="13cdc9d9-ddb5-4fa4-a97d-d965ccfc6d4b" outcome="Passed" testListId="8c84fa94-04c1-424b-9868-57a2d4851a1d" relativeResultsDirectory="2f8167d7-6e28-4300-b170-197476767c08" />
    <UnitTestResult executionId="9c1a7b16-6446-456b-8399-ed0ffd045c1d" testId="b7f18d4e-e8c0-3285-6e79-21ddd24f3d41" testName="DotNet_ForwardedHeadersFlag_SerializesAsLowercaseBoolean" computerName="cursor" duration="00:00:00.0001510" startTime="2025-08-11T08:39:56.5038281+00:00" endTime="2025-08-11T08:39:56.5039792+00:00" testType="13cdc9d9-ddb5-4fa4-a97d-d965ccfc6d4b" outcome="Passed" testListId="8c84fa94-04c1-424b-9868-57a2d4851a1d" relativeResultsDirectory="9c1a7b16-6446-456b-8399-ed0ffd045c1d" />
    <UnitTestResult executionId="2e5c69fe-00ff-48ee-aef1-bb72e30e4bb8" testId="18f05ca5-b5fb-a8dd-f454-c581d558cbe9" testName="FilterByAttribute_WithEmptyAttributeName_ShouldThrowArgumentException" computerName="cursor" duration="00:00:00.0003780" startTime="2025-08-11T08:39:56.2825424+00:00" endTime="2025-08-11T08:39:56.2829206+00:00" testType="13cdc9d9-ddb5-4fa4-a97d-d965ccfc6d4b" outcome="Passed" testListId="8c84fa94-04c1-424b-9868-57a2d4851a1d" relativeResultsDirectory="2e5c69fe-00ff-48ee-aef1-bb72e30e4bb8" />
    <UnitTestResult executionId="164dff57-8b09-42d5-92e4-95e7f38871db" testId="5457ec9d-b666-cb43-0581-94c4ccf2eefc" testName="NodeJs_WithScriptAndEnv_ProducesExpectedCommandAndEnv" computerName="cursor" duration="00:00:00.0013230" startTime="2025-08-11T08:39:56.5045224+00:00" endTime="2025-08-11T08:39:56.5058447+00:00" testType="13cdc9d9-ddb5-4fa4-a97d-d965ccfc6d4b" outcome="Passed" testListId="8c84fa94-04c1-424b-9868-57a2d4851a1d" relativeResultsDirectory="164dff57-8b09-42d5-92e4-95e7f38871db">
      <Output>
        <StdOut>=== Node.js (npm run) ===
Builder methods: WithNpmScript("dev").WithNodeEnvironment("production").WithPort(7777).WithArguments("--", "--open")
npm start dev -- --open
NODE_ENV=production
PORT=7777
====================</StdOut>
      </Output>
    </UnitTestResult>
    <UnitTestResult executionId="e00e22e8-9988-42b6-974e-0278c077b216" testId="5dbab36b-8bf9-b94a-886b-0679437303ac" testName="Build_WithInvalidConfiguration_ThrowsException" computerName="cursor" duration="00:00:00.0003669" startTime="2025-08-11T08:39:56.3134158+00:00" endTime="2025-08-11T08:39:56.3137828+00:00" testType="13cdc9d9-ddb5-4fa4-a97d-d965ccfc6d4b" outcome="Passed" testListId="8c84fa94-04c1-424b-9868-57a2d4851a1d" relativeResultsDirectory="e00e22e8-9988-42b6-974e-0278c077b216" />
    <UnitTestResult executionId="c37179b8-298c-40e2-92eb-7b0c58d3b2a2" testId="121b3ea7-a273-e796-8c2e-1aff78536d24" testName="Click_ShouldCallDriverClick" computerName="cursor" duration="00:00:00.0043990" startTime="2025-08-11T08:39:56.2959401+00:00" endTime="2025-08-11T08:39:56.3003383+00:00" testType="13cdc9d9-ddb5-4fa4-a97d-d965ccfc6d4b" outcome="Passed" testListId="8c84fa94-04c1-424b-9868-57a2d4851a1d" relativeResultsDirectory="c37179b8-298c-40e2-92eb-7b0c58d3b2a2" />
    <UnitTestResult executionId="c8dc59cb-82db-4ad7-ade0-43d7643e06cc" testId="6112ca55-caad-863b-bca3-e844e296c7b3" testName="CreateElement_WithValidSelector_ShouldReturnElement" computerName="cursor" duration="00:00:00.0000940" startTime="2025-08-11T08:39:56.2931865+00:00" endTime="2025-08-11T08:39:56.2932804+00:00" testType="13cdc9d9-ddb5-4fa4-a97d-d965ccfc6d4b" outcome="Passed" testListId="8c84fa94-04c1-424b-9868-57a2d4851a1d" relativeResultsDirectory="c8dc59cb-82db-4ad7-ade0-43d7643e06cc" />
    <UnitTestResult executionId="0c279ce5-8de4-477c-b603-f41fa6d9262c" testId="f2c0b89c-869a-b8e1-4f97-bcdc75425150" testName="FilterByText_WithMatchingText_ShouldReturnFilteredCollection" computerName="cursor" duration="00:00:00.0002560" startTime="2025-08-11T08:39:56.2845078+00:00" endTime="2025-08-11T08:39:56.2847634+00:00" testType="13cdc9d9-ddb5-4fa4-a97d-d965ccfc6d4b" outcome="Passed" testListId="8c84fa94-04c1-424b-9868-57a2d4851a1d" relativeResultsDirectory="0c279ce5-8de4-477c-b603-f41fa6d9262c" />
    <UnitTestResult executionId="cced56b0-9086-48bf-810c-6dbb1977a99b" testId="202af691-80fb-dfa6-d9ed-de360fd56509" testName="Last_WithNonEmptyCollection_ShouldReturnLastElement" computerName="cursor" duration="00:00:00.0002020" startTime="2025-08-11T08:39:56.2895857+00:00" endTime="2025-08-11T08:39:56.2897874+00:00" testType="13cdc9d9-ddb5-4fa4-a97d-d965ccfc6d4b" outcome="Passed" testListId="8c84fa94-04c1-424b-9868-57a2d4851a1d" relativeResultsDirectory="cced56b0-9086-48bf-810c-6dbb1977a99b" />
    <UnitTestResult executionId="986dc8ee-7604-47c5-b714-94236bb775a4" testId="5b0b0b21-c836-f769-4fb0-bf7c584f610d" testName="FilterByText_WithCaseInsensitiveMatch_ShouldReturnFilteredCollection" computerName="cursor" duration="00:00:00.0006210" startTime="2025-08-11T08:39:56.2835938+00:00" endTime="2025-08-11T08:39:56.2842147+00:00" testType="13cdc9d9-ddb5-4fa4-a97d-d965ccfc6d4b" outcome="Passed" testListId="8c84fa94-04c1-424b-9868-57a2d4851a1d" relativeResultsDirectory="986dc8ee-7604-47c5-b714-94236bb775a4" />
    <UnitTestResult executionId="13a57248-839b-44d9-b8e2-939d1894cc96" testId="ab102e48-216b-a6e1-6a1e-ce5492770c81" testName="ValidatePlugins_WithInvalidPlugin_ThrowsPluginException" computerName="cursor" duration="00:00:00.0006410" startTime="2025-08-11T08:39:56.4966337+00:00" endTime="2025-08-11T08:39:56.4972747+00:00" testType="13cdc9d9-ddb5-4fa4-a97d-d965ccfc6d4b" outcome="Passed" testListId="8c84fa94-04c1-424b-9868-57a2d4851a1d" relativeResultsDirectory="13a57248-839b-44d9-b8e2-939d1894cc96" />
    <UnitTestResult executionId="586db837-f7ee-4685-a678-b17a47ab3d51" testId="0f9360de-cd99-435c-c549-ccd3fe79a633" testName="WebServerProjectPath_Removed_FromOptions" computerName="cursor" duration="00:00:00.0002030" startTime="2025-08-11T08:39:56.4866825+00:00" endTime="2025-08-11T08:39:56.4868851+00:00" testType="13cdc9d9-ddb5-4fa4-a97d-d965ccfc6d4b" outcome="Passed" testListId="8c84fa94-04c1-424b-9868-57a2d4851a1d" relativeResultsDirectory="586db837-f7ee-4685-a678-b17a47ab3d51">
      <Output>
        <StdOut>Server project path removed from options; managed by WebServerManager</StdOut>
      </Output>
    </UnitTestResult>
    <UnitTestResult executionId="b1f031e4-6e59-4982-8903-ccdae05bb4c0" testId="bb6d95e1-fe2b-c7f2-f120-8406bb52b03a" testName="WithDefaultWaitTimeout_WithZeroTimeout_ThrowsException" computerName="cursor" duration="00:00:00.0001020" startTime="2025-08-11T08:39:56.3312682+00:00" endTime="2025-08-11T08:39:56.3313704+00:00" testType="13cdc9d9-ddb5-4fa4-a97d-d965ccfc6d4b" outcome="Passed" testListId="8c84fa94-04c1-424b-9868-57a2d4851a1d" relativeResultsDirectory="b1f031e4-6e59-4982-8903-ccdae05bb4c0" />
    <UnitTestResult executionId="5eb9a714-17c6-4802-a80e-4e5fccf4b812" testId="22a55186-734f-9dba-b3aa-22207bab8f2a" testName="RegisterPlugin_WithValidPluginType_RegistersPlugin" computerName="cursor" duration="00:00:00.0001990" startTime="2025-08-11T08:39:56.4964264+00:00" endTime="2025-08-11T08:39:56.4966251+00:00" testType="13cdc9d9-ddb5-4fa4-a97d-d965ccfc6d4b" outcome="Passed" testListId="8c84fa94-04c1-424b-9868-57a2d4851a1d" relativeResultsDirectory="5eb9a714-17c6-4802-a80e-4e5fccf4b812" />
    <UnitTestResult executionId="f4cefc6a-d4c4-4083-93ae-ae88da6a81d6" testId="d93cec4f-53d9-403d-a92c-21324eed1dc2" testName="FilterByAttribute_WithNoMatchingAttribute_ShouldReturnEmptyCollection" computerName="cursor" duration="00:00:00.0001440" startTime="2025-08-11T08:39:56.2831589+00:00" endTime="2025-08-11T08:39:56.2833026+00:00" testType="13cdc9d9-ddb5-4fa4-a97d-d965ccfc6d4b" outcome="Passed" testListId="8c84fa94-04c1-424b-9868-57a2d4851a1d" relativeResultsDirectory="f4cefc6a-d4c4-4083-93ae-ae88da6a81d6" />
    <UnitTestResult executionId="5a964a7e-c909-43ec-a02a-c0fa99214d61" testId="f3b5f62e-4f46-2207-7f46-5faefe33f536" testName="Exists_WhenElementDoesNotExist_ShouldReturnFalse" computerName="cursor" duration="00:00:00.0010430" startTime="2025-08-11T08:39:56.3011242+00:00" endTime="2025-08-11T08:39:56.3021674+00:00" testType="13cdc9d9-ddb5-4fa4-a97d-d965ccfc6d4b" outcome="Passed" testListId="8c84fa94-04c1-424b-9868-57a2d4851a1d" relativeResultsDirectory="5a964a7e-c909-43ec-a02a-c0fa99214d61" />
    <UnitTestResult executionId="0dfd8dbb-60bc-471e-8ad2-980b94f565a5" testId="c6d9c40f-adc6-4edb-6a83-6f4ac42882d1" testName="GetAttribute_ShouldReturnEmptyString" computerName="cursor" duration="00:00:00.0006860" startTime="2025-08-11T08:39:56.3026392+00:00" endTime="2025-08-11T08:39:56.3033248+00:00" testType="13cdc9d9-ddb5-4fa4-a97d-d965ccfc6d4b" outcome="Passed" testListId="8c84fa94-04c1-424b-9868-57a2d4851a1d" relativeResultsDirectory="0dfd8dbb-60bc-471e-8ad2-980b94f565a5" />
    <UnitTestResult executionId="e7240193-e4c8-4d7e-8d6a-a1a56330cbda" testId="38f64a32-373c-d336-108a-9833491623db" testName="CreateElement_WithConfiguration_ShouldReturnConfiguredElement" computerName="cursor" duration="00:00:00.0005599" startTime="2025-08-11T08:39:56.2921450+00:00" endTime="2025-08-11T08:39:56.2927048+00:00" testType="13cdc9d9-ddb5-4fa4-a97d-d965ccfc6d4b" outcome="Passed" testListId="8c84fa94-04c1-424b-9868-57a2d4851a1d" relativeResultsDirectory="e7240193-e4c8-4d7e-8d6a-a1a56330cbda" />
    <UnitTestResult executionId="769af2e4-9ec9-4e24-8b16-1fc10b011c7c" testId="869c75f3-f0d3-ccd1-94b9-b347ceeefe6e" testName="CreateConfigurationWithDetection_WithValidParameters_ReturnsConfiguration" computerName="cursor" duration="00:00:00.0014480" startTime="2025-08-11T08:39:56.5101600+00:00" endTime="2025-08-11T08:39:56.5116081+00:00" testType="13cdc9d9-ddb5-4fa4-a97d-d965ccfc6d4b" outcome="Passed" testListId="8c84fa94-04c1-424b-9868-57a2d4851a1d" relativeResultsDirectory="769af2e4-9ec9-4e24-8b16-1fc10b011c7c" />
    <UnitTestResult executionId="ae76f14a-5125-4c89-83bb-701dbd25a280" testId="c9f61712-9fd7-d6bb-db15-07624030c6e4" testName="Last_WithEmptyCollection_ShouldThrowInvalidOperationException" computerName="cursor" duration="00:00:00.0003530" startTime="2025-08-11T08:39:56.2892215+00:00" endTime="2025-08-11T08:39:56.2895741+00:00" testType="13cdc9d9-ddb5-4fa4-a97d-d965ccfc6d4b" outcome="Passed" testListId="8c84fa94-04c1-424b-9868-57a2d4851a1d" relativeResultsDirectory="ae76f14a-5125-4c89-83bb-701dbd25a280" />
    <UnitTestResult executionId="d729218e-fc2d-4a83-bcfb-ec1f19ef2d8c" testId="85b3a0e0-be33-c2c1-998a-6dc53854bf16" testName="WaitFor_WithVisibleStrategy_ShouldCallWaitForVisible" computerName="cursor" duration="00:00:00.0003579" startTime="2025-08-11T08:39:56.3124740+00:00" endTime="2025-08-11T08:39:56.3128318+00:00" testType="13cdc9d9-ddb5-4fa4-a97d-d965ccfc6d4b" outcome="Passed" testListId="8c84fa94-04c1-424b-9868-57a2d4851a1d" relativeResultsDirectory="d729218e-fc2d-4a83-bcfb-ec1f19ef2d8c" />
    <UnitTestResult executionId="0f114a80-9c4c-42ec-a23e-197f90087d04" testId="ffb66a76-a7d1-dfa1-aa9c-bf5163813cc6" testName="First_WithNonEmptyCollection_ShouldReturnFirstElement" computerName="cursor" duration="00:00:00.0002980" startTime="2025-08-11T08:39:56.2858171+00:00" endTime="2025-08-11T08:39:56.2861152+00:00" testType="13cdc9d9-ddb5-4fa4-a97d-d965ccfc6d4b" outcome="Passed" testListId="8c84fa94-04c1-424b-9868-57a2d4851a1d" relativeResultsDirectory="0f114a80-9c4c-42ec-a23e-197f90087d04" />
    <UnitTestResult executionId="3597716e-0e12-421d-a41f-a6fd3791ad86" testId="dd2018e8-67f8-175b-29d6-c073c16953d1" testName="Constructor_WithValidElements_ShouldInitializeCollection" computerName="cursor" duration="00:00:00.0012090" startTime="2025-08-11T08:39:56.2733701+00:00" endTime="2025-08-11T08:39:56.2745785+00:00" testType="13cdc9d9-ddb5-4fa4-a97d-d965ccfc6d4b" outcome="Passed" testListId="8c84fa94-04c1-424b-9868-57a2d4851a1d" relativeResultsDirectory="3597716e-0e12-421d-a41f-a6fd3791ad86" />
    <UnitTestResult executionId="b9390b20-c9b7-48fb-be7d-af7378653c81" testId="11c6e8b9-63df-e19b-bf9f-452e7d9c0dd7" testName="WithBaseUrl_WithNullUrl_ThrowsException" computerName="cursor" duration="00:00:00.0002130" startTime="2025-08-11T08:39:56.3304613+00:00" endTime="2025-08-11T08:39:56.3306739+00:00" testType="13cdc9d9-ddb5-4fa4-a97d-d965ccfc6d4b" outcome="Passed" testListId="8c84fa94-04c1-424b-9868-57a2d4851a1d" relativeResultsDirectory="b9390b20-c9b7-48fb-be7d-af7378653c81" />
    <UnitTestResult executionId="a31ebaa5-6adf-4fa3-87b5-b1f75e5debad" testId="46930332-f66d-a8f0-6df4-449ab0a9cd10" testName="Indexer_WithNegativeIndex_ShouldThrowArgumentOutOfRangeException" computerName="cursor" duration="00:00:00.0002160" startTime="2025-08-11T08:39:56.2888310+00:00" endTime="2025-08-11T08:39:56.2890467+00:00" testType="13cdc9d9-ddb5-4fa4-a97d-d965ccfc6d4b" outcome="Passed" testListId="8c84fa94-04c1-424b-9868-57a2d4851a1d" relativeResultsDirectory="a31ebaa5-6adf-4fa3-87b5-b1f75e5debad" />
    <UnitTestResult executionId="71fea655-b57a-49e1-b3ff-9458ccb87202" testId="1c8b7bab-7237-42e0-5fb5-c55615089994" testName="RegisterElement_WithValidParameters_ShouldCacheElement" computerName="cursor" duration="00:00:00.0001220" startTime="2025-08-11T08:39:56.2955102+00:00" endTime="2025-08-11T08:39:56.2956317+00:00" testType="13cdc9d9-ddb5-4fa4-a97d-d965ccfc6d4b" outcome="Passed" testListId="8c84fa94-04c1-424b-9868-57a2d4851a1d" relativeResultsDirectory="71fea655-b57a-49e1-b3ff-9458ccb87202" />
    <UnitTestResult executionId="89b6911c-1787-493d-b9c9-fe484a3986cb" testId="0857da33-b4ef-b236-6099-02a532ef2a14" testName="CreateElement_WithNullSelector_ShouldThrowArgumentException" computerName="cursor" duration="00:00:00.0001070" startTime="2025-08-11T08:39:56.2930743+00:00" endTime="2025-08-11T08:39:56.2931808+00:00" testType="13cdc9d9-ddb5-4fa4-a97d-d965ccfc6d4b" outcome="Passed" testListId="8c84fa94-04c1-424b-9868-57a2d4851a1d" relativeResultsDirectory="89b6911c-1787-493d-b9c9-fe484a3986cb" />
    <UnitTestResult executionId="2cf93880-8ee2-43f5-9a52-391680b82c67" testId="c48c7a66-1a74-12aa-2595-2e164ad6c470" testName="DotNet_CustomArguments_AreAppended" computerName="cursor" duration="00:00:00.0002030" startTime="2025-08-11T08:39:56.5034248+00:00" endTime="2025-08-11T08:39:56.5036279+00:00" testType="13cdc9d9-ddb5-4fa4-a97d-d965ccfc6d4b" outcome="Passed" testListId="8c84fa94-04c1-424b-9868-57a2d4851a1d" relativeResultsDirectory="2cf93880-8ee2-43f5-9a52-391680b82c67" />
    <UnitTestResult executionId="6d086969-d88a-4a5a-b0ab-cbed9d9a69de" testId="2ac27a39-0887-ff83-8ecd-f4b873b52bce" testName="GetOrCreateElement_WithNullSelector_ShouldThrowArgumentException" computerName="cursor" duration="00:00:00.0001460" startTime="2025-08-11T08:39:56.2945331+00:00" endTime="2025-08-11T08:39:56.2946795+00:00" testType="13cdc9d9-ddb5-4fa4-a97d-d965ccfc6d4b" outcome="Passed" testListId="8c84fa94-04c1-424b-9868-57a2d4851a1d" relativeResultsDirectory="6d086969-d88a-4a5a-b0ab-cbed9d9a69de" />
  </Results>
  <TestDefinitions>
    <UnitTest name="IEnumerableGetEnumerator_ShouldReturnAllElements" storage="/workspace/tests/fluentuiscaffold.core.tests/bin/debug/net7.0/fluentuiscaffold.core.tests.dll" id="475357e7-c128-1ac1-651e-32f7af1e435a">
      <Execution id="ca1a4233-fc94-4947-b5b6-9f6371e7b5d9" />
      <TestMethod codeBase="/workspace/tests/FluentUIScaffold.Core.Tests/bin/Debug/net7.0/FluentUIScaffold.Core.Tests.dll" adapterTypeName="executor://nunit3testexecutor/" className="FluentUIScaffold.Core.Tests.ElementCollectionTests" name="IEnumerableGetEnumerator_ShouldReturnAllElements" />
    </UnitTest>
    <UnitTest name="Register_SamePluginTypeTwice_DeduplicatesByType" storage="/workspace/tests/fluentuiscaffold.core.tests/bin/debug/net7.0/fluentuiscaffold.core.tests.dll" id="f46fda5d-5750-4db5-4e78-e68e765afd13">
      <Execution id="fea56770-074d-4a45-ac9f-7fe13949d150" />
      <TestMethod codeBase="/workspace/tests/FluentUIScaffold.Core.Tests/bin/Debug/net7.0/FluentUIScaffold.Core.Tests.dll" adapterTypeName="executor://nunit3testexecutor/" className="FluentUIScaffold.Core.Tests.PluginRegistryTests" name="Register_SamePluginTypeTwice_DeduplicatesByType" />
    </UnitTest>
    <UnitTest name="WithDefaultWaitTimeout_WithZeroTimeout_ThrowsException" storage="/workspace/tests/fluentuiscaffold.core.tests/bin/debug/net7.0/fluentuiscaffold.core.tests.dll" id="bb6d95e1-fe2b-c7f2-f120-8406bb52b03a">
      <Execution id="b1f031e4-6e59-4982-8903-ccdae05bb4c0" />
      <TestMethod codeBase="/workspace/tests/FluentUIScaffold.Core.Tests/bin/Debug/net7.0/FluentUIScaffold.Core.Tests.dll" adapterTypeName="executor://nunit3testexecutor/" className="FluentUIScaffold.Core.Tests.FluentUIScaffoldOptionsBuilderTests" name="WithDefaultWaitTimeout_WithZeroTimeout_ThrowsException" />
    </UnitTest>
    <UnitTest name="RegisterPlugin_WithDuplicatePlugin_DoesNotAddDuplicate" storage="/workspace/tests/fluentuiscaffold.core.tests/bin/debug/net7.0/fluentuiscaffold.core.tests.dll" id="4346959c-3e94-4c0e-1880-3b5ac77fbbde">
      <Execution id="1e5d31d8-35ba-4a62-ae79-c1c0a3c659ef" />
      <TestMethod codeBase="/workspace/tests/FluentUIScaffold.Core.Tests/bin/Debug/net7.0/FluentUIScaffold.Core.Tests.dll" adapterTypeName="executor://nunit3testexecutor/" className="FluentUIScaffold.Core.Tests.PluginManagerTests" name="RegisterPlugin_WithDuplicatePlugin_DoesNotAddDuplicate" />
    </UnitTest>
    <UnitTest name="Constructor_WithNullElements_ShouldInitializeEmptyCollection" storage="/workspace/tests/fluentuiscaffold.core.tests/bin/debug/net7.0/fluentuiscaffold.core.tests.dll" id="c2f5de2f-6096-d57c-95e5-fec26b8d796d">
      <Execution id="f838cda6-272c-4102-9975-53fa25b17e6d" />
      <TestMethod codeBase="/workspace/tests/FluentUIScaffold.Core.Tests/bin/Debug/net7.0/FluentUIScaffold.Core.Tests.dll" adapterTypeName="executor://nunit3testexecutor/" className="FluentUIScaffold.Core.Tests.ElementCollectionTests" name="Constructor_WithNullElements_ShouldInitializeEmptyCollection" />
    </UnitTest>
    <UnitTest name="WebApplicationFactory_FrameworkAndConfiguration_ProducesExpectedRunCommand" storage="/workspace/tests/fluentuiscaffold.core.tests/bin/debug/net7.0/fluentuiscaffold.core.tests.dll" id="5e045292-2424-2536-e9a7-78679c446a8a">
      <Execution id="85f7421c-5937-419b-bd1f-639a4e55ae51" />
      <TestMethod codeBase="/workspace/tests/FluentUIScaffold.Core.Tests/bin/Debug/net7.0/FluentUIScaffold.Core.Tests.dll" adapterTypeName="executor://nunit3testexecutor/" className="FluentUIScaffold.Core.Tests.ServerConfigurationBuilderIntegrationTests" name="WebApplicationFactory_FrameworkAndConfiguration_ProducesExpectedRunCommand" />
    </UnitTest>
    <UnitTest name="WithDescription_ShouldSetDescription" storage="/workspace/tests/fluentuiscaffold.core.tests/bin/debug/net7.0/fluentuiscaffold.core.tests.dll" id="a646cbbd-eb04-f9aa-5695-780998d26368">
      <Execution id="aa6bdf53-44c1-42c1-bd75-6f53b434f1c2" />
      <TestMethod codeBase="/workspace/tests/FluentUIScaffold.Core.Tests/bin/Debug/net7.0/FluentUIScaffold.Core.Tests.dll" adapterTypeName="executor://nunit3testexecutor/" className="FluentUIScaffold.Core.Tests.ElementBuilderTests" name="WithDescription_ShouldSetDescription" />
    </UnitTest>
    <UnitTest name="IsEnabled_ShouldCallDriverIsEnabled" storage="/workspace/tests/fluentuiscaffold.core.tests/bin/debug/net7.0/fluentuiscaffold.core.tests.dll" id="3972325b-780e-8149-0501-afcdb2e51733">
      <Execution id="54a90dc7-9d7e-430a-bd8c-f466425ceda6" />
      <TestMethod codeBase="/workspace/tests/FluentUIScaffold.Core.Tests/bin/Debug/net7.0/FluentUIScaffold.Core.Tests.dll" adapterTypeName="executor://nunit3testexecutor/" className="FluentUIScaffold.Core.Tests.ElementTests" name="IsEnabled_ShouldCallDriverIsEnabled" />
    </UnitTest>
    <UnitTest name="WithSlowMo_WithNullValue_SetsSlowMoToNull" storage="/workspace/tests/fluentuiscaffold.core.tests/bin/debug/net7.0/fluentuiscaffold.core.tests.dll" id="eeb41d66-bc8a-3f24-dae1-82048046740c">
      <Execution id="481d1a5e-2361-4eb6-94d7-c2b3080aa0bf" />
      <TestMethod codeBase="/workspace/tests/FluentUIScaffold.Core.Tests/bin/Debug/net7.0/FluentUIScaffold.Core.Tests.dll" adapterTypeName="executor://nunit3testexecutor/" className="FluentUIScaffold.Core.Tests.FluentUIScaffoldOptionsBuilderTests" name="WithSlowMo_WithNullValue_SetsSlowMoToNull" />
    </UnitTest>
    <UnitTest name="Filter_WithNoMatchingElements_ShouldReturnEmptyCollection" storage="/workspace/tests/fluentuiscaffold.core.tests/bin/debug/net7.0/fluentuiscaffold.core.tests.dll" id="d6e5f7f2-25f3-210a-1f00-1f733c0e9da8">
      <Execution id="a1dfbfe6-9ffa-45ba-94ac-f74231e0abad" />
      <TestMethod codeBase="/workspace/tests/FluentUIScaffold.Core.Tests/bin/Debug/net7.0/FluentUIScaffold.Core.Tests.dll" adapterTypeName="executor://nunit3testexecutor/" className="FluentUIScaffold.Core.Tests.ElementCollectionTests" name="Filter_WithNoMatchingElements_ShouldReturnEmptyCollection" />
    </UnitTest>
    <UnitTest name="ValidatePlugins_WithInvalidPlugin_ThrowsPluginException" storage="/workspace/tests/fluentuiscaffold.core.tests/bin/debug/net7.0/fluentuiscaffold.core.tests.dll" id="ab102e48-216b-a6e1-6a1e-ce5492770c81">
      <Execution id="13a57248-839b-44d9-b8e2-939d1894cc96" />
      <TestMethod codeBase="/workspace/tests/FluentUIScaffold.Core.Tests/bin/Debug/net7.0/FluentUIScaffold.Core.Tests.dll" adapterTypeName="executor://nunit3testexecutor/" className="FluentUIScaffold.Core.Tests.PluginManagerTests" name="ValidatePlugins_WithInvalidPlugin_ThrowsPluginException" />
    </UnitTest>
    <UnitTest name="WithBaseUrl_WithValidUrl_SetsBaseUrl" storage="/workspace/tests/fluentuiscaffold.core.tests/bin/debug/net7.0/fluentuiscaffold.core.tests.dll" id="d0ef1a67-943c-e03c-80e8-cb9d77933072">
      <Execution id="e4581312-7887-4402-859a-437d5fffd975" />
      <TestMethod codeBase="/workspace/tests/FluentUIScaffold.Core.Tests/bin/Debug/net7.0/FluentUIScaffold.Core.Tests.dll" adapterTypeName="executor://nunit3testexecutor/" className="FluentUIScaffold.Core.Tests.FluentUIScaffoldTests" name="WithBaseUrl_WithValidUrl_SetsBaseUrl" />
    </UnitTest>
    <UnitTest name="WithCustomWait_WithNullCondition_ShouldThrowArgumentNullException" storage="/workspace/tests/fluentuiscaffold.core.tests/bin/debug/net7.0/fluentuiscaffold.core.tests.dll" id="0b4fc99c-eb06-94b0-bab6-1d7f1e79217a">
      <Execution id="e9aed0fe-1279-49e4-af73-23287abf805c" />
      <TestMethod codeBase="/workspace/tests/FluentUIScaffold.Core.Tests/bin/Debug/net7.0/FluentUIScaffold.Core.Tests.dll" adapterTypeName="executor://nunit3testexecutor/" className="FluentUIScaffold.Core.Tests.ElementBuilderTests" name="WithCustomWait_WithNullCondition_ShouldThrowArgumentNullException" />
    </UnitTest>
    <UnitTest name="Constructor_WithValidElements_ShouldInitializeCollection" storage="/workspace/tests/fluentuiscaffold.core.tests/bin/debug/net7.0/fluentuiscaffold.core.tests.dll" id="dd2018e8-67f8-175b-29d6-c073c16953d1">
      <Execution id="3597716e-0e12-421d-a41f-a6fd3791ad86" />
      <TestMethod codeBase="/workspace/tests/FluentUIScaffold.Core.Tests/bin/Debug/net7.0/FluentUIScaffold.Core.Tests.dll" adapterTypeName="executor://nunit3testexecutor/" className="FluentUIScaffold.Core.Tests.ElementCollectionTests" name="Constructor_WithValidElements_ShouldInitializeCollection" />
    </UnitTest>
    <UnitTest name="DotNet_WorkingDirectory_IsApplied" storage="/workspace/tests/fluentuiscaffold.core.tests/bin/debug/net7.0/fluentuiscaffold.core.tests.dll" id="6d5a4486-b343-0cdc-4507-2918b358e5b5">
      <Execution id="97207316-6363-41ed-9343-e3afa532882c" />
      <TestMethod codeBase="/workspace/tests/FluentUIScaffold.Core.Tests/bin/Debug/net7.0/FluentUIScaffold.Core.Tests.dll" adapterTypeName="executor://nunit3testexecutor/" className="FluentUIScaffold.Core.Tests.ServerConfigurationBuilderIntegrationTests" name="DotNet_WorkingDirectory_IsApplied" />
    </UnitTest>
    <UnitTest name="SpaProxy_Toggle_SetsHostingStartupAssembliesEnv" storage="/workspace/tests/fluentuiscaffold.core.tests/bin/debug/net7.0/fluentuiscaffold.core.tests.dll" id="07d2e673-5834-e2ca-06bc-89c7780bb3c8">
      <Execution id="9d5de02a-3ec9-48f4-ae78-5e84c97bb01b" />
      <TestMethod codeBase="/workspace/tests/FluentUIScaffold.Core.Tests/bin/Debug/net7.0/FluentUIScaffold.Core.Tests.dll" adapterTypeName="executor://nunit3testexecutor/" className="FluentUIScaffold.Core.Tests.ServerConfigurationBuilderIntegrationTests" name="SpaProxy_Toggle_SetsHostingStartupAssembliesEnv" />
    </UnitTest>
    <UnitTest name="WithCustomWait_ShouldSetCustomWaitCondition" storage="/workspace/tests/fluentuiscaffold.core.tests/bin/debug/net7.0/fluentuiscaffold.core.tests.dll" id="446583bb-1a0c-a601-da8c-b6db446288a3">
      <Execution id="36db267a-280e-4b96-9166-3c9e129fdb8a" />
      <TestMethod codeBase="/workspace/tests/FluentUIScaffold.Core.Tests/bin/Debug/net7.0/FluentUIScaffold.Core.Tests.dll" adapterTypeName="executor://nunit3testexecutor/" className="FluentUIScaffold.Core.Tests.ElementBuilderTests" name="WithCustomWait_ShouldSetCustomWaitCondition" />
    </UnitTest>
    <UnitTest name="WithAttribute_WithNullName_ShouldThrowArgumentException" storage="/workspace/tests/fluentuiscaffold.core.tests/bin/debug/net7.0/fluentuiscaffold.core.tests.dll" id="f2f6b3ec-eeaf-c73e-5a2e-1ef2fc174766">
      <Execution id="25d55234-82e6-4de2-ba7a-03fb6bfeee4d" />
      <TestMethod codeBase="/workspace/tests/FluentUIScaffold.Core.Tests/bin/Debug/net7.0/FluentUIScaffold.Core.Tests.dll" adapterTypeName="executor://nunit3testexecutor/" className="FluentUIScaffold.Core.Tests.ElementBuilderTests" name="WithAttribute_WithNullName_ShouldThrowArgumentException" />
    </UnitTest>
    <UnitTest name="Constructor_WithLogger_CreatesInstance" storage="/workspace/tests/fluentuiscaffold.core.tests/bin/debug/net7.0/fluentuiscaffold.core.tests.dll" id="5bf46c48-3055-37d6-fef8-c9d126207b04">
      <Execution id="af057455-475e-49ed-9ab9-21223284a924" />
      <TestMethod codeBase="/workspace/tests/FluentUIScaffold.Core.Tests/bin/Debug/net7.0/FluentUIScaffold.Core.Tests.dll" adapterTypeName="executor://nunit3testexecutor/" className="FluentUIScaffold.Core.Tests.PluginManagerTests" name="Constructor_WithLogger_CreatesInstance" />
    </UnitTest>
    <UnitTest name="Constructor_WithNullOptions_ThrowsArgumentNullException" storage="/workspace/tests/fluentuiscaffold.core.tests/bin/debug/net7.0/fluentuiscaffold.core.tests.dll" id="4d36eff3-cb8c-cc2b-ae0a-7341e46f417f">
      <Execution id="0e4809a0-015c-4018-b9b6-bbfaa040b988" />
      <TestMethod codeBase="/workspace/tests/FluentUIScaffold.Core.Tests/bin/Debug/net7.0/FluentUIScaffold.Core.Tests.dll" adapterTypeName="executor://nunit3testexecutor/" className="FluentUIScaffold.Core.Tests.FluentUIScaffoldOptionsBuilderTests" name="Constructor_WithNullOptions_ThrowsArgumentNullException" />
    </UnitTest>
    <UnitTest name="IsVisible_ShouldCallDriverIsVisible" storage="/workspace/tests/fluentuiscaffold.core.tests/bin/debug/net7.0/fluentuiscaffold.core.tests.dll" id="0c9cdc29-691b-c84f-d982-5575012bff55">
      <Execution id="1e40dfe3-e7c2-404d-97fa-42d14d98a82a" />
      <TestMethod codeBase="/workspace/tests/FluentUIScaffold.Core.Tests/bin/Debug/net7.0/FluentUIScaffold.Core.Tests.dll" adapterTypeName="executor://nunit3testexecutor/" className="FluentUIScaffold.Core.Tests.ElementTests" name="IsVisible_ShouldCallDriverIsVisible" />
    </UnitTest>
    <UnitTest name="GetOrCreateElement_WithExistingKey_ShouldReturnCachedElement" storage="/workspace/tests/fluentuiscaffold.core.tests/bin/debug/net7.0/fluentuiscaffold.core.tests.dll" id="e75b2bb9-5515-7802-e744-4a6d4013843f">
      <Execution id="0b309de2-5eab-48ac-aeb8-d01083627d59" />
      <TestMethod codeBase="/workspace/tests/FluentUIScaffold.Core.Tests/bin/Debug/net7.0/FluentUIScaffold.Core.Tests.dll" adapterTypeName="executor://nunit3testexecutor/" className="FluentUIScaffold.Core.Tests.ElementFactoryTests" name="GetOrCreateElement_WithExistingKey_ShouldReturnCachedElement" />
    </UnitTest>
    <UnitTest name="Select_ShouldCallDriverSelectOption" storage="/workspace/tests/fluentuiscaffold.core.tests/bin/debug/net7.0/fluentuiscaffold.core.tests.dll" id="f6b53d12-55a1-6cea-cf6b-996b794f8a7d">
      <Execution id="8cec7f50-668c-4759-a0c6-5b45f6aa2caa" />
      <TestMethod codeBase="/workspace/tests/FluentUIScaffold.Core.Tests/bin/Debug/net7.0/FluentUIScaffold.Core.Tests.dll" adapterTypeName="executor://nunit3testexecutor/" className="FluentUIScaffold.Core.Tests.ElementTests" name="Select_ShouldCallDriverSelectOption" />
    </UnitTest>
    <UnitTest name="CreateDriver_WithNoPlugins_ThrowsFluentUIScaffoldPluginException" storage="/workspace/tests/fluentuiscaffold.core.tests/bin/debug/net7.0/fluentuiscaffold.core.tests.dll" id="63abd0f8-5814-164f-7950-4ad186521ab4">
      <Execution id="42cd7f55-3e14-4c46-852b-19b551777ee6" />
      <TestMethod codeBase="/workspace/tests/FluentUIScaffold.Core.Tests/bin/Debug/net7.0/FluentUIScaffold.Core.Tests.dll" adapterTypeName="executor://nunit3testexecutor/" className="FluentUIScaffold.Core.Tests.PluginManagerTests" name="CreateDriver_WithNoPlugins_ThrowsFluentUIScaffoldPluginException" />
    </UnitTest>
    <UnitTest name="WithHeadlessMode_WithNullValue_SetsHeadlessModeToNull" storage="/workspace/tests/fluentuiscaffold.core.tests/bin/debug/net7.0/fluentuiscaffold.core.tests.dll" id="677131f5-8f9b-a5d7-51f3-8830f5479d4d">
      <Execution id="8b007796-2109-4d15-a341-e53486e6c7ea" />
      <TestMethod codeBase="/workspace/tests/FluentUIScaffold.Core.Tests/bin/Debug/net7.0/FluentUIScaffold.Core.Tests.dll" adapterTypeName="executor://nunit3testexecutor/" className="FluentUIScaffold.Core.Tests.FluentUIScaffoldOptionsBuilderTests" name="WithHeadlessMode_WithNullValue_SetsHeadlessModeToNull" />
    </UnitTest>
    <UnitTest name="Indexer_WithIndexGreaterThanCount_ShouldThrowArgumentOutOfRangeException" storage="/workspace/tests/fluentuiscaffold.core.tests/bin/debug/net7.0/fluentuiscaffold.core.tests.dll" id="dd8f8349-d619-3359-a263-b07e1bc2b428">
      <Execution id="03a7774a-4f0a-4fdc-a16b-9041e1042137" />
      <TestMethod codeBase="/workspace/tests/FluentUIScaffold.Core.Tests/bin/Debug/net7.0/FluentUIScaffold.Core.Tests.dll" adapterTypeName="executor://nunit3testexecutor/" className="FluentUIScaffold.Core.Tests.ElementCollectionTests" name="Indexer_WithIndexGreaterThanCount_ShouldThrowArgumentOutOfRangeException" />
    </UnitTest>
    <UnitTest name="IsSelected_ShouldReturnFalse" storage="/workspace/tests/fluentuiscaffold.core.tests/bin/debug/net7.0/fluentuiscaffold.core.tests.dll" id="179ad534-942e-3d0d-8cd9-ff68b706f3bf">
      <Execution id="14c5ea79-10a2-447f-993d-62477906f248" />
      <TestMethod codeBase="/workspace/tests/FluentUIScaffold.Core.Tests/bin/Debug/net7.0/FluentUIScaffold.Core.Tests.dll" adapterTypeName="executor://nunit3testexecutor/" className="FluentUIScaffold.Core.Tests.ElementTests" name="IsSelected_ShouldReturnFalse" />
    </UnitTest>
    <UnitTest name="CreateDriver_WithValidOptions_ReturnsDriver" storage="/workspace/tests/fluentuiscaffold.core.tests/bin/debug/net7.0/fluentuiscaffold.core.tests.dll" id="3f49ee74-f47f-14db-402b-a5606f508f18">
      <Execution id="2f8167d7-6e28-4300-b170-197476767c08" />
      <TestMethod codeBase="/workspace/tests/FluentUIScaffold.Core.Tests/bin/Debug/net7.0/FluentUIScaffold.Core.Tests.dll" adapterTypeName="executor://nunit3testexecutor/" className="FluentUIScaffold.Core.Tests.PluginManagerTests" name="CreateDriver_WithValidOptions_ReturnsDriver" />
    </UnitTest>
    <UnitTest name="ValidatePlugins_WithValidPlugins_DoesNotThrow" storage="/workspace/tests/fluentuiscaffold.core.tests/bin/debug/net7.0/fluentuiscaffold.core.tests.dll" id="a8ccc846-1ff4-1690-63b6-362e0b40f521">
      <Execution id="61e9e768-5d55-4778-a71f-b7943b6bc67f" />
      <TestMethod codeBase="/workspace/tests/FluentUIScaffold.Core.Tests/bin/Debug/net7.0/FluentUIScaffold.Core.Tests.dll" adapterTypeName="executor://nunit3testexecutor/" className="FluentUIScaffold.Core.Tests.PluginManagerTests" name="ValidatePlugins_WithValidPlugins_DoesNotThrow" />
    </UnitTest>
    <UnitTest name="Build_WithValidConfiguration_ReturnsConfiguredOptions" storage="/workspace/tests/fluentuiscaffold.core.tests/bin/debug/net7.0/fluentuiscaffold.core.tests.dll" id="020a6f08-c481-d586-c35b-71ffdcdf77ae">
      <Execution id="aa2eb818-683a-46fe-8d1b-b1660a84b787" />
      <TestMethod codeBase="/workspace/tests/FluentUIScaffold.Core.Tests/bin/Debug/net7.0/FluentUIScaffold.Core.Tests.dll" adapterTypeName="executor://nunit3testexecutor/" className="FluentUIScaffold.Core.Tests.FluentUIScaffoldOptionsBuilderTests" name="Build_WithValidConfiguration_ReturnsConfiguredOptions" />
    </UnitTest>
    <UnitTest name="Constructor_WithValidParameters_ShouldInitializeFactory" storage="/workspace/tests/fluentuiscaffold.core.tests/bin/debug/net7.0/fluentuiscaffold.core.tests.dll" id="0f9f915d-f9f9-434c-81bb-640e07bacad2">
      <Execution id="41e7478c-8ab8-48e8-81cc-c9a6b5df3895" />
      <TestMethod codeBase="/workspace/tests/FluentUIScaffold.Core.Tests/bin/Debug/net7.0/FluentUIScaffold.Core.Tests.dll" adapterTypeName="executor://nunit3testexecutor/" className="FluentUIScaffold.Core.Tests.ElementFactoryTests" name="Constructor_WithValidParameters_ShouldInitializeFactory" />
    </UnitTest>
    <UnitTest name="Exists_WhenElementExists_ShouldReturnTrue" storage="/workspace/tests/fluentuiscaffold.core.tests/bin/debug/net7.0/fluentuiscaffold.core.tests.dll" id="268d744c-88c8-b894-11b0-d59382621120">
      <Execution id="b08cd644-8574-4109-92c8-85e792ff1a6e" />
      <TestMethod codeBase="/workspace/tests/FluentUIScaffold.Core.Tests/bin/Debug/net7.0/FluentUIScaffold.Core.Tests.dll" adapterTypeName="executor://nunit3testexecutor/" className="FluentUIScaffold.Core.Tests.ElementTests" name="Exists_WhenElementExists_ShouldReturnTrue" />
    </UnitTest>
    <UnitTest name="CreateDriver_WithNullOptions_ThrowsArgumentNullException" storage="/workspace/tests/fluentuiscaffold.core.tests/bin/debug/net7.0/fluentuiscaffold.core.tests.dll" id="33a7bbde-5ce9-4487-c1d1-eb748c5080db">
      <Execution id="a60bddee-fe8e-4fdb-bd9c-fe6021e2b279" />
      <TestMethod codeBase="/workspace/tests/FluentUIScaffold.Core.Tests/bin/Debug/net7.0/FluentUIScaffold.Core.Tests.dll" adapterTypeName="executor://nunit3testexecutor/" className="FluentUIScaffold.Core.Tests.PluginManagerTests" name="CreateDriver_WithNullOptions_ThrowsArgumentNullException" />
    </UnitTest>
    <UnitTest name="WithHeadlessMode_WithValidValue_SetsHeadlessMode" storage="/workspace/tests/fluentuiscaffold.core.tests/bin/debug/net7.0/fluentuiscaffold.core.tests.dll" id="2944cbda-271d-8e00-031a-dd03321c1f09">
      <Execution id="132e5557-29f6-42c5-bd47-14c164ccf060" />
      <TestMethod codeBase="/workspace/tests/FluentUIScaffold.Core.Tests/bin/Debug/net7.0/FluentUIScaffold.Core.Tests.dll" adapterTypeName="executor://nunit3testexecutor/" className="FluentUIScaffold.Core.Tests.FluentUIScaffoldOptionsBuilderTests" name="WithHeadlessMode_WithValidValue_SetsHeadlessMode" />
    </UnitTest>
    <UnitTest name="FilterByAttribute_WithMatchingAttribute_ShouldReturnFilteredCollection" storage="/workspace/tests/fluentuiscaffold.core.tests/bin/debug/net7.0/fluentuiscaffold.core.tests.dll" id="bf999a1f-994b-fb2b-0916-7df6581792db">
      <Execution id="55a7c458-9fec-404e-9ac0-ddd2cb7325ba" />
      <TestMethod codeBase="/workspace/tests/FluentUIScaffold.Core.Tests/bin/Debug/net7.0/FluentUIScaffold.Core.Tests.dll" adapterTypeName="executor://nunit3testexecutor/" className="FluentUIScaffold.Core.Tests.ElementCollectionTests" name="FilterByAttribute_WithMatchingAttribute_ShouldReturnFilteredCollection" />
    </UnitTest>
    <UnitTest name="Constructor_WithNoParameters_CreatesInstance" storage="/workspace/tests/fluentuiscaffold.core.tests/bin/debug/net7.0/fluentuiscaffold.core.tests.dll" id="bba98ce8-0e46-19a1-add2-e0e6659866ca">
      <Execution id="64a6e349-1960-4e71-a6a7-e4ea3fc2e49a" />
      <TestMethod codeBase="/workspace/tests/FluentUIScaffold.Core.Tests/bin/Debug/net7.0/FluentUIScaffold.Core.Tests.dll" adapterTypeName="executor://nunit3testexecutor/" className="FluentUIScaffold.Core.Tests.FluentUIScaffoldOptionsBuilderTests" name="Constructor_WithNoParameters_CreatesInstance" />
    </UnitTest>
    <UnitTest name="RegisterPlugin_WithValidPluginInstance_RegistersPlugin" storage="/workspace/tests/fluentuiscaffold.core.tests/bin/debug/net7.0/fluentuiscaffold.core.tests.dll" id="12ff9ff8-18aa-7b6e-4922-4d2923a6060b">
      <Execution id="1acefab9-d3bd-4e99-bc39-3944a659bdcb" />
      <TestMethod codeBase="/workspace/tests/FluentUIScaffold.Core.Tests/bin/Debug/net7.0/FluentUIScaffold.Core.Tests.dll" adapterTypeName="executor://nunit3testexecutor/" className="FluentUIScaffold.Core.Tests.PluginManagerTests" name="RegisterPlugin_WithValidPluginInstance_RegistersPlugin" />
    </UnitTest>
    <UnitTest name="FilterByAttribute_WithNullAttributeName_ShouldThrowArgumentException" storage="/workspace/tests/fluentuiscaffold.core.tests/bin/debug/net7.0/fluentuiscaffold.core.tests.dll" id="c3694fbe-f799-3b5e-9ff5-0d754eb65db7">
      <Execution id="6d4dc242-7c32-4a94-9ccd-239be8fdfe8b" />
      <TestMethod codeBase="/workspace/tests/FluentUIScaffold.Core.Tests/bin/Debug/net7.0/FluentUIScaffold.Core.Tests.dll" adapterTypeName="executor://nunit3testexecutor/" className="FluentUIScaffold.Core.Tests.ElementCollectionTests" name="FilterByAttribute_WithNullAttributeName_ShouldThrowArgumentException" />
    </UnitTest>
    <UnitTest name="WebApplicationFactory_GetLauncher_SelectsCorrectLauncher" storage="/workspace/tests/fluentuiscaffold.core.tests/bin/debug/net7.0/fluentuiscaffold.core.tests.dll" id="fcd32eae-1929-9e13-f2a2-ebf52e2ea1bb">
      <Execution id="dee4256f-3503-41d7-a6cf-84800095313f" />
      <TestMethod codeBase="/workspace/tests/FluentUIScaffold.Core.Tests/bin/Debug/net7.0/FluentUIScaffold.Core.Tests.dll" adapterTypeName="executor://nunit3testexecutor/" className="FluentUIScaffold.Core.Tests.ServerConfigurationBuilderIntegrationTests" name="WebApplicationFactory_GetLauncher_SelectsCorrectLauncher" />
    </UnitTest>
    <UnitTest name="FilterByText_WithEmptyText_ShouldReturnEmptyCollection" storage="/workspace/tests/fluentuiscaffold.core.tests/bin/debug/net7.0/fluentuiscaffold.core.tests.dll" id="5d00fc9b-986f-8e7a-5894-fe21deab4d76">
      <Execution id="016dca84-89ec-4766-83a1-c16946ce2579" />
      <TestMethod codeBase="/workspace/tests/FluentUIScaffold.Core.Tests/bin/Debug/net7.0/FluentUIScaffold.Core.Tests.dll" adapterTypeName="executor://nunit3testexecutor/" className="FluentUIScaffold.Core.Tests.ElementCollectionTests" name="FilterByText_WithEmptyText_ShouldReturnEmptyCollection" />
    </UnitTest>
    <UnitTest name="GetPlugins_ReturnsRegisteredPlugins" storage="/workspace/tests/fluentuiscaffold.core.tests/bin/debug/net7.0/fluentuiscaffold.core.tests.dll" id="b301e5a2-6274-43e4-8d33-13911ec17a00">
      <Execution id="1194c51d-cd44-43d4-aa60-d53c72a1ab1b" />
      <TestMethod codeBase="/workspace/tests/FluentUIScaffold.Core.Tests/bin/Debug/net7.0/FluentUIScaffold.Core.Tests.dll" adapterTypeName="executor://nunit3testexecutor/" className="FluentUIScaffold.Core.Tests.PluginManagerTests" name="GetPlugins_ReturnsRegisteredPlugins" />
    </UnitTest>
    <UnitTest name="CustomEnvironmentVariables_ArePreserved" storage="/workspace/tests/fluentuiscaffold.core.tests/bin/debug/net7.0/fluentuiscaffold.core.tests.dll" id="9db3b268-6657-af98-9f75-1b63df5c1b61">
      <Execution id="527fafbe-bbef-4869-ab1b-b511f2891daa" />
      <TestMethod codeBase="/workspace/tests/FluentUIScaffold.Core.Tests/bin/Debug/net7.0/FluentUIScaffold.Core.Tests.dll" adapterTypeName="executor://nunit3testexecutor/" className="FluentUIScaffold.Core.Tests.ServerConfigurationBuilderIntegrationTests" name="CustomEnvironmentVariables_ArePreserved" />
    </UnitTest>
    <UnitTest name="NodeJs_WithScriptAndEnv_ProducesExpectedCommandAndEnv" storage="/workspace/tests/fluentuiscaffold.core.tests/bin/debug/net7.0/fluentuiscaffold.core.tests.dll" id="5457ec9d-b666-cb43-0581-94c4ccf2eefc">
      <Execution id="164dff57-8b09-42d5-92e4-95e7f38871db" />
      <TestMethod codeBase="/workspace/tests/FluentUIScaffold.Core.Tests/bin/Debug/net7.0/FluentUIScaffold.Core.Tests.dll" adapterTypeName="executor://nunit3testexecutor/" className="FluentUIScaffold.Core.Tests.ServerConfigurationBuilderIntegrationTests" name="NodeJs_WithScriptAndEnv_ProducesExpectedCommandAndEnv" />
    </UnitTest>
    <UnitTest name="IsCached_WithNonExistingKey_ShouldReturnFalse" storage="/workspace/tests/fluentuiscaffold.core.tests/bin/debug/net7.0/fluentuiscaffold.core.tests.dll" id="bf028da6-1617-4eb8-985e-f133f6495b1c">
      <Execution id="372c9150-53d0-41a5-a5e6-4d6963af00c5" />
      <TestMethod codeBase="/workspace/tests/FluentUIScaffold.Core.Tests/bin/Debug/net7.0/FluentUIScaffold.Core.Tests.dll" adapterTypeName="executor://nunit3testexecutor/" className="FluentUIScaffold.Core.Tests.ElementFactoryTests" name="IsCached_WithNonExistingKey_ShouldReturnFalse" />
    </UnitTest>
    <UnitTest name="Constructor_WithNullSelector_ShouldThrowArgumentNullException" storage="/workspace/tests/fluentuiscaffold.core.tests/bin/debug/net7.0/fluentuiscaffold.core.tests.dll" id="e08a08af-210e-a1c2-6824-5a7b54cc2338">
      <Execution id="36279f2f-4446-4c0c-86a1-f97d783d2169" />
      <TestMethod codeBase="/workspace/tests/FluentUIScaffold.Core.Tests/bin/Debug/net7.0/FluentUIScaffold.Core.Tests.dll" adapterTypeName="executor://nunit3testexecutor/" className="FluentUIScaffold.Core.Tests.ElementTests" name="Constructor_WithNullSelector_ShouldThrowArgumentNullException" />
    </UnitTest>
    <UnitTest name="Constructor_WithNullOptions_ShouldThrowArgumentNullException" storage="/workspace/tests/fluentuiscaffold.core.tests/bin/debug/net7.0/fluentuiscaffold.core.tests.dll" id="8ee850f6-f93d-44de-04bb-8bbc073b000b">
      <Execution id="14bae0c4-6860-4239-812d-af1369ffb28c" />
      <TestMethod codeBase="/workspace/tests/FluentUIScaffold.Core.Tests/bin/Debug/net7.0/FluentUIScaffold.Core.Tests.dll" adapterTypeName="executor://nunit3testexecutor/" className="FluentUIScaffold.Core.Tests.ElementBuilderTests" name="Constructor_WithNullOptions_ShouldThrowArgumentNullException" />
    </UnitTest>
    <UnitTest name="Constructor_WithNullOptions_ShouldThrowArgumentNullException" storage="/workspace/tests/fluentuiscaffold.core.tests/bin/debug/net7.0/fluentuiscaffold.core.tests.dll" id="e78cb7dd-0751-e11c-f830-882cb6a69d14">
      <Execution id="91cd2776-da9f-4073-8ca4-8f1a1c12e5d2" />
      <TestMethod codeBase="/workspace/tests/FluentUIScaffold.Core.Tests/bin/Debug/net7.0/FluentUIScaffold.Core.Tests.dll" adapterTypeName="executor://nunit3testexecutor/" className="FluentUIScaffold.Core.Tests.ElementFactoryTests" name="Constructor_WithNullOptions_ShouldThrowArgumentNullException" />
    </UnitTest>
    <UnitTest name="CreateConfigurationWithDetection_WithValidParameters_ReturnsConfiguration" storage="/workspace/tests/fluentuiscaffold.core.tests/bin/debug/net7.0/fluentuiscaffold.core.tests.dll" id="869c75f3-f0d3-ccd1-94b9-b347ceeefe6e">
      <Execution id="769af2e4-9ec9-4e24-8b16-1fc10b011c7c" />
      <TestMethod codeBase="/workspace/tests/FluentUIScaffold.Core.Tests/bin/Debug/net7.0/FluentUIScaffold.Core.Tests.dll" adapterTypeName="executor://nunit3testexecutor/" className="FluentUIScaffold.Core.Tests.ServerLauncherFactoryTests" name="CreateConfigurationWithDetection_WithValidParameters_ReturnsConfiguration" />
    </UnitTest>
    <UnitTest name="CreateElement_WithValidSelector_ShouldReturnElement" storage="/workspace/tests/fluentuiscaffold.core.tests/bin/debug/net7.0/fluentuiscaffold.core.tests.dll" id="6112ca55-caad-863b-bca3-e844e296c7b3">
      <Execution id="c8dc59cb-82db-4ad7-ade0-43d7643e06cc" />
      <TestMethod codeBase="/workspace/tests/FluentUIScaffold.Core.Tests/bin/Debug/net7.0/FluentUIScaffold.Core.Tests.dll" adapterTypeName="executor://nunit3testexecutor/" className="FluentUIScaffold.Core.Tests.ElementFactoryTests" name="CreateElement_WithValidSelector_ShouldReturnElement" />
    </UnitTest>
    <UnitTest name="DotNet_WithFrameworkAndConfiguration_ProducesExpectedRunCommand" storage="/workspace/tests/fluentuiscaffold.core.tests/bin/debug/net7.0/fluentuiscaffold.core.tests.dll" id="405fd94c-1e16-06c6-669b-4f6514668f24">
      <Execution id="2beef2df-381f-4a3e-af01-b06fd29636ba" />
      <TestMethod codeBase="/workspace/tests/FluentUIScaffold.Core.Tests/bin/Debug/net7.0/FluentUIScaffold.Core.Tests.dll" adapterTypeName="executor://nunit3testexecutor/" className="FluentUIScaffold.Core.Tests.ServerConfigurationBuilderIntegrationTests" name="DotNet_WithFrameworkAndConfiguration_ProducesExpectedRunCommand" />
    </UnitTest>
    <UnitTest name="RegisterElement_WithValidParameters_ShouldCacheElement" storage="/workspace/tests/fluentuiscaffold.core.tests/bin/debug/net7.0/fluentuiscaffold.core.tests.dll" id="1c8b7bab-7237-42e0-5fb5-c55615089994">
      <Execution id="71fea655-b57a-49e1-b3ff-9458ccb87202" />
      <TestMethod codeBase="/workspace/tests/FluentUIScaffold.Core.Tests/bin/Debug/net7.0/FluentUIScaffold.Core.Tests.dll" adapterTypeName="executor://nunit3testexecutor/" className="FluentUIScaffold.Core.Tests.ElementFactoryTests" name="RegisterElement_WithValidParameters_ShouldCacheElement" />
    </UnitTest>
    <UnitTest name="FilterByAttribute_WithNoMatchingAttribute_ShouldReturnEmptyCollection" storage="/workspace/tests/fluentuiscaffold.core.tests/bin/debug/net7.0/fluentuiscaffold.core.tests.dll" id="d93cec4f-53d9-403d-a92c-21324eed1dc2">
      <Execution id="f4cefc6a-d4c4-4083-93ae-ae88da6a81d6" />
      <TestMethod codeBase="/workspace/tests/FluentUIScaffold.Core.Tests/bin/Debug/net7.0/FluentUIScaffold.Core.Tests.dll" adapterTypeName="executor://nunit3testexecutor/" className="FluentUIScaffold.Core.Tests.ElementCollectionTests" name="FilterByAttribute_WithNoMatchingAttribute_ShouldReturnEmptyCollection" />
    </UnitTest>
    <UnitTest name="WithSlowMo_WithNegativeValue_ThrowsException" storage="/workspace/tests/fluentuiscaffold.core.tests/bin/debug/net7.0/fluentuiscaffold.core.tests.dll" id="6dd2c663-126f-c692-d442-51f4ddb16f47">
      <Execution id="c03834fb-11db-483b-8185-7f2b783e0976" />
      <TestMethod codeBase="/workspace/tests/FluentUIScaffold.Core.Tests/bin/Debug/net7.0/FluentUIScaffold.Core.Tests.dll" adapterTypeName="executor://nunit3testexecutor/" className="FluentUIScaffold.Core.Tests.FluentUIScaffoldOptionsBuilderTests" name="WithSlowMo_WithNegativeValue_ThrowsException" />
    </UnitTest>
    <UnitTest name="Constructor_WithValidParameters_ShouldInitializeWithDefaultValues" storage="/workspace/tests/fluentuiscaffold.core.tests/bin/debug/net7.0/fluentuiscaffold.core.tests.dll" id="2d7af110-a47a-3498-5f06-ff20a980bae8">
      <Execution id="e7a99499-fff5-4fa5-8ae6-d943dd748cfe" />
      <TestMethod codeBase="/workspace/tests/FluentUIScaffold.Core.Tests/bin/Debug/net7.0/FluentUIScaffold.Core.Tests.dll" adapterTypeName="executor://nunit3testexecutor/" className="FluentUIScaffold.Core.Tests.ElementBuilderTests" name="Constructor_WithValidParameters_ShouldInitializeWithDefaultValues" />
    </UnitTest>
    <UnitTest name="GetOrCreateElement_WithNewKey_ShouldCreateAndCacheElement" storage="/workspace/tests/fluentuiscaffold.core.tests/bin/debug/net7.0/fluentuiscaffold.core.tests.dll" id="f1c510fe-f632-6958-5421-3d34e26a9b68">
      <Execution id="2aa09ed9-ad3c-4084-9040-20fa7015dc89" />
      <TestMethod codeBase="/workspace/tests/FluentUIScaffold.Core.Tests/bin/Debug/net7.0/FluentUIScaffold.Core.Tests.dll" adapterTypeName="executor://nunit3testexecutor/" className="FluentUIScaffold.Core.Tests.ElementFactoryTests" name="GetOrCreateElement_WithNewKey_ShouldCreateAndCacheElement" />
    </UnitTest>
    <UnitTest name="Constructor_WithEmptyElements_ShouldInitializeEmptyCollection" storage="/workspace/tests/fluentuiscaffold.core.tests/bin/debug/net7.0/fluentuiscaffold.core.tests.dll" id="cc50075c-462e-8b57-d394-e1d716bb8f7e">
      <Execution id="2c37f0d9-16da-4b81-9be4-54d3275eb9e0" />
      <TestMethod codeBase="/workspace/tests/FluentUIScaffold.Core.Tests/bin/Debug/net7.0/FluentUIScaffold.Core.Tests.dll" adapterTypeName="executor://nunit3testexecutor/" className="FluentUIScaffold.Core.Tests.ElementCollectionTests" name="Constructor_WithEmptyElements_ShouldInitializeEmptyCollection" />
    </UnitTest>
    <UnitTest name="CreateElement_WithEmptySelector_ShouldThrowArgumentException" storage="/workspace/tests/fluentuiscaffold.core.tests/bin/debug/net7.0/fluentuiscaffold.core.tests.dll" id="ab73f926-d1a2-00f0-bb5d-c38f897fb557">
      <Execution id="432945b6-ccc3-40cd-bacf-e7eabfb993c8" />
      <TestMethod codeBase="/workspace/tests/FluentUIScaffold.Core.Tests/bin/Debug/net7.0/FluentUIScaffold.Core.Tests.dll" adapterTypeName="executor://nunit3testexecutor/" className="FluentUIScaffold.Core.Tests.ElementFactoryTests" name="CreateElement_WithEmptySelector_ShouldThrowArgumentException" />
    </UnitTest>
    <UnitTest name="DotNet_CustomArguments_AreAppended" storage="/workspace/tests/fluentuiscaffold.core.tests/bin/debug/net7.0/fluentuiscaffold.core.tests.dll" id="c48c7a66-1a74-12aa-2595-2e164ad6c470">
      <Execution id="2cf93880-8ee2-43f5-9a52-391680b82c67" />
      <TestMethod codeBase="/workspace/tests/FluentUIScaffold.Core.Tests/bin/Debug/net7.0/FluentUIScaffold.Core.Tests.dll" adapterTypeName="executor://nunit3testexecutor/" className="FluentUIScaffold.Core.Tests.ServerConfigurationBuilderIntegrationTests" name="DotNet_CustomArguments_AreAppended" />
    </UnitTest>
    <UnitTest name="GetPlugins_ReturnsReadOnlyCollection" storage="/workspace/tests/fluentuiscaffold.core.tests/bin/debug/net7.0/fluentuiscaffold.core.tests.dll" id="b16522d5-763c-5079-f175-3132fe0bb3ec">
      <Execution id="84994dff-b96a-4805-b4a4-c34e66eec485" />
      <TestMethod codeBase="/workspace/tests/FluentUIScaffold.Core.Tests/bin/Debug/net7.0/FluentUIScaffold.Core.Tests.dll" adapterTypeName="executor://nunit3testexecutor/" className="FluentUIScaffold.Core.Tests.PluginManagerTests" name="GetPlugins_ReturnsReadOnlyCollection" />
    </UnitTest>
    <UnitTest name="Build_WithInvalidConfiguration_ThrowsException" storage="/workspace/tests/fluentuiscaffold.core.tests/bin/debug/net7.0/fluentuiscaffold.core.tests.dll" id="5dbab36b-8bf9-b94a-886b-0679437303ac">
      <Execution id="e00e22e8-9988-42b6-974e-0278c077b216" />
      <TestMethod codeBase="/workspace/tests/FluentUIScaffold.Core.Tests/bin/Debug/net7.0/FluentUIScaffold.Core.Tests.dll" adapterTypeName="executor://nunit3testexecutor/" className="FluentUIScaffold.Core.Tests.FluentUIScaffoldOptionsBuilderTests" name="Build_WithInvalidConfiguration_ThrowsException" />
    </UnitTest>
    <UnitTest name="Aspire_WithFrameworkAndDefaults_ProducesExpectedRunCommandAndEnv" storage="/workspace/tests/fluentuiscaffold.core.tests/bin/debug/net7.0/fluentuiscaffold.core.tests.dll" id="ac2caede-1993-10f2-1269-ecc9a1cb91c8">
      <Execution id="206a823c-88ad-4f79-888f-ce8e0b9d3e4e" />
      <TestMethod codeBase="/workspace/tests/FluentUIScaffold.Core.Tests/bin/Debug/net7.0/FluentUIScaffold.Core.Tests.dll" adapterTypeName="executor://nunit3testexecutor/" className="FluentUIScaffold.Core.Tests.ServerConfigurationBuilderIntegrationTests" name="Aspire_WithFrameworkAndDefaults_ProducesExpectedRunCommandAndEnv" />
    </UnitTest>
    <UnitTest name="Click_ShouldCallDriverClick" storage="/workspace/tests/fluentuiscaffold.core.tests/bin/debug/net7.0/fluentuiscaffold.core.tests.dll" id="121b3ea7-a273-e796-8c2e-1aff78536d24">
      <Execution id="c37179b8-298c-40e2-92eb-7b0c58d3b2a2" />
      <TestMethod codeBase="/workspace/tests/FluentUIScaffold.Core.Tests/bin/Debug/net7.0/FluentUIScaffold.Core.Tests.dll" adapterTypeName="executor://nunit3testexecutor/" className="FluentUIScaffold.Core.Tests.ElementTests" name="Click_ShouldCallDriverClick" />
    </UnitTest>
    <UnitTest name="First_WithEmptyCollection_ShouldThrowInvalidOperationException" storage="/workspace/tests/fluentuiscaffold.core.tests/bin/debug/net7.0/fluentuiscaffold.core.tests.dll" id="cc28fd0d-aeb1-6068-03cf-a613121c3154">
      <Execution id="b8166147-48a3-4621-89c9-636d617e63b3" />
      <TestMethod codeBase="/workspace/tests/FluentUIScaffold.Core.Tests/bin/Debug/net7.0/FluentUIScaffold.Core.Tests.dll" adapterTypeName="executor://nunit3testexecutor/" className="FluentUIScaffold.Core.Tests.ElementCollectionTests" name="First_WithEmptyCollection_ShouldThrowInvalidOperationException" />
    </UnitTest>
    <UnitTest name="RemoveFromCache_WithExistingKey_ShouldRemoveElement" storage="/workspace/tests/fluentuiscaffold.core.tests/bin/debug/net7.0/fluentuiscaffold.core.tests.dll" id="c6b038af-0bc0-b632-00c4-3ef8ea29ed6e">
      <Execution id="d14491bd-fb68-437b-bb8c-ef38e154ed17" />
      <TestMethod codeBase="/workspace/tests/FluentUIScaffold.Core.Tests/bin/Debug/net7.0/FluentUIScaffold.Core.Tests.dll" adapterTypeName="executor://nunit3testexecutor/" className="FluentUIScaffold.Core.Tests.ElementFactoryTests" name="RemoveFromCache_WithExistingKey_ShouldRemoveElement" />
    </UnitTest>
    <UnitTest name="NavigateToUrl_WithValidUrl_NavigatesSuccessfully" storage="/workspace/tests/fluentuiscaffold.core.tests/bin/debug/net7.0/fluentuiscaffold.core.tests.dll" id="2ae1304c-81ac-a359-4734-cee502a63ccd">
      <Execution id="99b1d373-ca59-43f1-959c-52816b7662fd" />
      <TestMethod codeBase="/workspace/tests/FluentUIScaffold.Core.Tests/bin/Debug/net7.0/FluentUIScaffold.Core.Tests.dll" adapterTypeName="executor://nunit3testexecutor/" className="FluentUIScaffold.Core.Tests.NavigationTests" name="NavigateToUrl_WithValidUrl_NavigatesSuccessfully" />
    </UnitTest>
    <UnitTest name="ClearCache_ShouldRemoveAllElements" storage="/workspace/tests/fluentuiscaffold.core.tests/bin/debug/net7.0/fluentuiscaffold.core.tests.dll" id="8f39af80-f58e-71ee-14e2-037e33d2ca9e">
      <Execution id="c8b42108-78aa-4b89-a686-81da7ca961fc" />
      <TestMethod codeBase="/workspace/tests/FluentUIScaffold.Core.Tests/bin/Debug/net7.0/FluentUIScaffold.Core.Tests.dll" adapterTypeName="executor://nunit3testexecutor/" className="FluentUIScaffold.Core.Tests.ElementFactoryTests" name="ClearCache_ShouldRemoveAllElements" />
    </UnitTest>
    <UnitTest name="FilterByAttribute_WithEmptyAttributeName_ShouldThrowArgumentException" storage="/workspace/tests/fluentuiscaffold.core.tests/bin/debug/net7.0/fluentuiscaffold.core.tests.dll" id="18f05ca5-b5fb-a8dd-f454-c581d558cbe9">
      <Execution id="2e5c69fe-00ff-48ee-aef1-bb72e30e4bb8" />
      <TestMethod codeBase="/workspace/tests/FluentUIScaffold.Core.Tests/bin/Debug/net7.0/FluentUIScaffold.Core.Tests.dll" adapterTypeName="executor://nunit3testexecutor/" className="FluentUIScaffold.Core.Tests.ElementCollectionTests" name="FilterByAttribute_WithEmptyAttributeName_ShouldThrowArgumentException" />
    </UnitTest>
    <UnitTest name="LastOrDefault_WithNonEmptyCollection_ShouldReturnLastElement" storage="/workspace/tests/fluentuiscaffold.core.tests/bin/debug/net7.0/fluentuiscaffold.core.tests.dll" id="cbefd2c6-af4f-b601-5e3c-99959e055433">
      <Execution id="3be3917d-820b-49b2-a143-589ff546aadc" />
      <TestMethod codeBase="/workspace/tests/FluentUIScaffold.Core.Tests/bin/Debug/net7.0/FluentUIScaffold.Core.Tests.dll" adapterTypeName="executor://nunit3testexecutor/" className="FluentUIScaffold.Core.Tests.ElementCollectionTests" name="LastOrDefault_WithNonEmptyCollection_ShouldReturnLastElement" />
    </UnitTest>
    <UnitTest name="SlowMo_WithValidValue_SetsSlowMo" storage="/workspace/tests/fluentuiscaffold.core.tests/bin/debug/net7.0/fluentuiscaffold.core.tests.dll" id="2c985496-df4a-5947-e2dc-50422705efcf">
      <Execution id="aaf637fb-c4ce-4a3f-9dd1-8404c5adc852" />
      <TestMethod codeBase="/workspace/tests/FluentUIScaffold.Core.Tests/bin/Debug/net7.0/FluentUIScaffold.Core.Tests.dll" adapterTypeName="executor://nunit3testexecutor/" className="FluentUIScaffold.Core.Tests.FluentUIScaffoldTests" name="SlowMo_WithValidValue_SetsSlowMo" />
    </UnitTest>
    <UnitTest name="WithAttribute_WithNullValue_ShouldSetEmptyString" storage="/workspace/tests/fluentuiscaffold.core.tests/bin/debug/net7.0/fluentuiscaffold.core.tests.dll" id="e490ff0f-804e-81fe-d54a-5987cfe60093">
      <Execution id="7c2d8b98-14eb-4c88-80f2-dc4c228dccf3" />
      <TestMethod codeBase="/workspace/tests/FluentUIScaffold.Core.Tests/bin/Debug/net7.0/FluentUIScaffold.Core.Tests.dll" adapterTypeName="executor://nunit3testexecutor/" className="FluentUIScaffold.Core.Tests.ElementBuilderTests" name="WithAttribute_WithNullValue_ShouldSetEmptyString" />
    </UnitTest>
    <UnitTest name="GetEnumerator_ShouldReturnAllElements" storage="/workspace/tests/fluentuiscaffold.core.tests/bin/debug/net7.0/fluentuiscaffold.core.tests.dll" id="4b5ed4f4-cca7-3210-3b0c-b7d6cb410605">
      <Execution id="1a1bc0f4-dbdb-4cf6-9c29-f3113265296a" />
      <TestMethod codeBase="/workspace/tests/FluentUIScaffold.Core.Tests/bin/Debug/net7.0/FluentUIScaffold.Core.Tests.dll" adapterTypeName="executor://nunit3testexecutor/" className="FluentUIScaffold.Core.Tests.ElementCollectionTests" name="GetEnumerator_ShouldReturnAllElements" />
    </UnitTest>
    <UnitTest name="RegisterLauncher_WithValidLauncher_RegistersSuccessfully" storage="/workspace/tests/fluentuiscaffold.core.tests/bin/debug/net7.0/fluentuiscaffold.core.tests.dll" id="24920700-cbf0-845b-81d7-78958082ce63">
      <Execution id="50bab4fe-7364-4bba-8f4f-dbecb418e5d9" />
      <TestMethod codeBase="/workspace/tests/FluentUIScaffold.Core.Tests/bin/Debug/net7.0/FluentUIScaffold.Core.Tests.dll" adapterTypeName="executor://nunit3testexecutor/" className="FluentUIScaffold.Core.Tests.ServerLauncherFactoryTests" name="RegisterLauncher_WithValidLauncher_RegistersSuccessfully" />
    </UnitTest>
    <UnitTest name="CreateElement_WithNullSelector_ShouldThrowArgumentException" storage="/workspace/tests/fluentuiscaffold.core.tests/bin/debug/net7.0/fluentuiscaffold.core.tests.dll" id="0857da33-b4ef-b236-6099-02a532ef2a14">
      <Execution id="89b6911c-1787-493d-b9c9-fe484a3986cb" />
      <TestMethod codeBase="/workspace/tests/FluentUIScaffold.Core.Tests/bin/Debug/net7.0/FluentUIScaffold.Core.Tests.dll" adapterTypeName="executor://nunit3testexecutor/" className="FluentUIScaffold.Core.Tests.ElementFactoryTests" name="CreateElement_WithNullSelector_ShouldThrowArgumentException" />
    </UnitTest>
    <UnitTest name="CreateElement_WithConfiguration_ShouldReturnConfiguredElement" storage="/workspace/tests/fluentuiscaffold.core.tests/bin/debug/net7.0/fluentuiscaffold.core.tests.dll" id="38f64a32-373c-d336-108a-9833491623db">
      <Execution id="e7240193-e4c8-4d7e-8d6a-a1a56330cbda" />
      <TestMethod codeBase="/workspace/tests/FluentUIScaffold.Core.Tests/bin/Debug/net7.0/FluentUIScaffold.Core.Tests.dll" adapterTypeName="executor://nunit3testexecutor/" className="FluentUIScaffold.Core.Tests.ElementFactoryTests" name="CreateElement_WithConfiguration_ShouldReturnConfiguredElement" />
    </UnitTest>
    <UnitTest name="WithWebServerProjectPath_WithNullPath_Removed" storage="/workspace/tests/fluentuiscaffold.core.tests/bin/debug/net7.0/fluentuiscaffold.core.tests.dll" id="28f45f08-f929-d021-87bf-ac7bea3175f6">
      <Execution id="0596978d-cbbf-4baa-af7f-2b8cbd009931" />
      <TestMethod codeBase="/workspace/tests/FluentUIScaffold.Core.Tests/bin/Debug/net7.0/FluentUIScaffold.Core.Tests.dll" adapterTypeName="executor://nunit3testexecutor/" className="FluentUIScaffold.Core.Tests.FluentUIScaffoldOptionsBuilderTests" name="WithWebServerProjectPath_WithNullPath_Removed" />
    </UnitTest>
    <UnitTest name="GetLauncher_WithUnregisteredServerType_ThrowsException" storage="/workspace/tests/fluentuiscaffold.core.tests/bin/debug/net7.0/fluentuiscaffold.core.tests.dll" id="f02c83be-628b-c901-c0e0-b0c07da04720">
      <Execution id="ad663c04-b073-4d8e-9958-48a2caa84746" />
      <TestMethod codeBase="/workspace/tests/FluentUIScaffold.Core.Tests/bin/Debug/net7.0/FluentUIScaffold.Core.Tests.dll" adapterTypeName="executor://nunit3testexecutor/" className="FluentUIScaffold.Core.Tests.ServerLauncherFactoryTests" name="GetLauncher_WithUnregisteredServerType_ThrowsException" />
    </UnitTest>
    <UnitTest name="RegisterPlugin_WithNullPlugin_ThrowsArgumentNullException" storage="/workspace/tests/fluentuiscaffold.core.tests/bin/debug/net7.0/fluentuiscaffold.core.tests.dll" id="2e23022d-866f-3ace-93c9-9c504b47228e">
      <Execution id="fb473587-13f8-4780-b6c7-e45c9d51d0d0" />
      <TestMethod codeBase="/workspace/tests/FluentUIScaffold.Core.Tests/bin/Debug/net7.0/FluentUIScaffold.Core.Tests.dll" adapterTypeName="executor://nunit3testexecutor/" className="FluentUIScaffold.Core.Tests.PluginManagerTests" name="RegisterPlugin_WithNullPlugin_ThrowsArgumentNullException" />
    </UnitTest>
    <UnitTest name="Constructor_WithExistingOptions_CreatesInstance" storage="/workspace/tests/fluentuiscaffold.core.tests/bin/debug/net7.0/fluentuiscaffold.core.tests.dll" id="68cc5f29-514d-38dc-c438-33585cc74aa4">
      <Execution id="a7d1716c-0443-4c92-afb0-cda526317754" />
      <TestMethod codeBase="/workspace/tests/FluentUIScaffold.Core.Tests/bin/Debug/net7.0/FluentUIScaffold.Core.Tests.dll" adapterTypeName="executor://nunit3testexecutor/" className="FluentUIScaffold.Core.Tests.FluentUIScaffoldOptionsBuilderTests" name="Constructor_WithExistingOptions_CreatesInstance" />
    </UnitTest>
    <UnitTest name="LastOrDefault_WithEmptyCollection_ShouldReturnNull" storage="/workspace/tests/fluentuiscaffold.core.tests/bin/debug/net7.0/fluentuiscaffold.core.tests.dll" id="c288cdf5-4c17-bd42-bf19-8d1a299a2747">
      <Execution id="b2fdd8d6-59d9-4bd2-9695-68a1a9f5131d" />
      <TestMethod codeBase="/workspace/tests/FluentUIScaffold.Core.Tests/bin/Debug/net7.0/FluentUIScaffold.Core.Tests.dll" adapterTypeName="executor://nunit3testexecutor/" className="FluentUIScaffold.Core.Tests.ElementCollectionTests" name="LastOrDefault_WithEmptyCollection_ShouldReturnNull" />
    </UnitTest>
    <UnitTest name="WaitFor_WithClickableStrategy_ShouldCallWaitForClickable" storage="/workspace/tests/fluentuiscaffold.core.tests/bin/debug/net7.0/fluentuiscaffold.core.tests.dll" id="6343243c-dfd7-4b0b-0e3c-4021f44a4a0d">
      <Execution id="ad77a37e-1617-4e84-9900-4ab180a8ae97" />
      <TestMethod codeBase="/workspace/tests/FluentUIScaffold.Core.Tests/bin/Debug/net7.0/FluentUIScaffold.Core.Tests.dll" adapterTypeName="executor://nunit3testexecutor/" className="FluentUIScaffold.Core.Tests.ElementTests" name="WaitFor_WithClickableStrategy_ShouldCallWaitForClickable" />
    </UnitTest>
    <UnitTest name="GetCssValue_ShouldReturnEmptyString" storage="/workspace/tests/fluentuiscaffold.core.tests/bin/debug/net7.0/fluentuiscaffold.core.tests.dll" id="37cb0dcf-4168-cbb7-f50e-73ed6d374e4a">
      <Execution id="e74ba9c8-b9b4-440c-a53e-47628b9f220e" />
      <TestMethod codeBase="/workspace/tests/FluentUIScaffold.Core.Tests/bin/Debug/net7.0/FluentUIScaffold.Core.Tests.dll" adapterTypeName="executor://nunit3testexecutor/" className="FluentUIScaffold.Core.Tests.ElementTests" name="GetCssValue_ShouldReturnEmptyString" />
    </UnitTest>
    <UnitTest name="FilterByText_WithNoMatchingText_ShouldReturnEmptyCollection" storage="/workspace/tests/fluentuiscaffold.core.tests/bin/debug/net7.0/fluentuiscaffold.core.tests.dll" id="7f949d80-13b6-78ce-6336-64f88eac33b7">
      <Execution id="ace366dd-7b50-487f-a679-9b277add6b47" />
      <TestMethod codeBase="/workspace/tests/FluentUIScaffold.Core.Tests/bin/Debug/net7.0/FluentUIScaffold.Core.Tests.dll" adapterTypeName="executor://nunit3testexecutor/" className="FluentUIScaffold.Core.Tests.ElementCollectionTests" name="FilterByText_WithNoMatchingText_ShouldReturnEmptyCollection" />
    </UnitTest>
    <UnitTest name="DotNet_EnvironmentSetters_AreApplied" storage="/workspace/tests/fluentuiscaffold.core.tests/bin/debug/net7.0/fluentuiscaffold.core.tests.dll" id="7b7eece1-efca-5e39-6f9c-7c2cf05500c2">
      <Execution id="dada051d-8339-435f-8607-0990c23ea2ca" />
      <TestMethod codeBase="/workspace/tests/FluentUIScaffold.Core.Tests/bin/Debug/net7.0/FluentUIScaffold.Core.Tests.dll" adapterTypeName="executor://nunit3testexecutor/" className="FluentUIScaffold.Core.Tests.ServerConfigurationBuilderIntegrationTests" name="DotNet_EnvironmentSetters_AreApplied" />
    </UnitTest>
    <UnitTest name="GetOrCreateElement_WithNullSelector_ShouldThrowArgumentException" storage="/workspace/tests/fluentuiscaffold.core.tests/bin/debug/net7.0/fluentuiscaffold.core.tests.dll" id="2ac27a39-0887-ff83-8ecd-f4b873b52bce">
      <Execution id="6d086969-d88a-4a5a-b0ab-cbed9d9a69de" />
      <TestMethod codeBase="/workspace/tests/FluentUIScaffold.Core.Tests/bin/Debug/net7.0/FluentUIScaffold.Core.Tests.dll" adapterTypeName="executor://nunit3testexecutor/" className="FluentUIScaffold.Core.Tests.ElementFactoryTests" name="GetOrCreateElement_WithNullSelector_ShouldThrowArgumentException" />
    </UnitTest>
    <UnitTest name="FilterByText_WithCaseInsensitiveMatch_ShouldReturnFilteredCollection" storage="/workspace/tests/fluentuiscaffold.core.tests/bin/debug/net7.0/fluentuiscaffold.core.tests.dll" id="5b0b0b21-c836-f769-4fb0-bf7c584f610d">
      <Execution id="986dc8ee-7604-47c5-b714-94236bb775a4" />
      <TestMethod codeBase="/workspace/tests/FluentUIScaffold.Core.Tests/bin/Debug/net7.0/FluentUIScaffold.Core.Tests.dll" adapterTypeName="executor://nunit3testexecutor/" className="FluentUIScaffold.Core.Tests.ElementCollectionTests" name="FilterByText_WithCaseInsensitiveMatch_ShouldReturnFilteredCollection" />
    </UnitTest>
    <UnitTest name="Constructor_WithValidParameters_ShouldSetProperties" storage="/workspace/tests/fluentuiscaffold.core.tests/bin/debug/net7.0/fluentuiscaffold.core.tests.dll" id="1c0d19b9-1bef-846e-5c51-324c55f41975">
      <Execution id="a58276ef-d2a2-41db-b089-5b704bc19f19" />
      <TestMethod codeBase="/workspace/tests/FluentUIScaffold.Core.Tests/bin/Debug/net7.0/FluentUIScaffold.Core.Tests.dll" adapterTypeName="executor://nunit3testexecutor/" className="FluentUIScaffold.Core.Tests.ElementTests" name="Constructor_WithValidParameters_ShouldSetProperties" />
    </UnitTest>
    <UnitTest name="WithHeadlessMode_WithNull_SetsNull" storage="/workspace/tests/fluentuiscaffold.core.tests/bin/debug/net7.0/fluentuiscaffold.core.tests.dll" id="471622d6-a01c-acdb-82c5-f00f72212509">
      <Execution id="7f530856-f84a-4a66-a015-fdd054ad9877" />
      <TestMethod codeBase="/workspace/tests/FluentUIScaffold.Core.Tests/bin/Debug/net7.0/FluentUIScaffold.Core.Tests.dll" adapterTypeName="executor://nunit3testexecutor/" className="FluentUIScaffold.Core.Tests.FluentUIScaffoldOptionsBuilderTests" name="WithHeadlessMode_WithNull_SetsNull" />
    </UnitTest>
    <UnitTest name="IsDisplayed_ShouldReturnIsVisibleResult" storage="/workspace/tests/fluentuiscaffold.core.tests/bin/debug/net7.0/fluentuiscaffold.core.tests.dll" id="95cf8d21-caaa-bf90-a4bb-f43f9e880ae1">
      <Execution id="62f5cb2a-322c-4934-b188-c5e3816a5166" />
      <TestMethod codeBase="/workspace/tests/FluentUIScaffold.Core.Tests/bin/Debug/net7.0/FluentUIScaffold.Core.Tests.dll" adapterTypeName="executor://nunit3testexecutor/" className="FluentUIScaffold.Core.Tests.ElementTests" name="IsDisplayed_ShouldReturnIsVisibleResult" />
    </UnitTest>
    <UnitTest name="WithWaitStrategy_ShouldSetWaitStrategy" storage="/workspace/tests/fluentuiscaffold.core.tests/bin/debug/net7.0/fluentuiscaffold.core.tests.dll" id="770867d9-ec05-f95d-4f86-cd135b847493">
      <Execution id="e6e75b4f-f02a-4374-9db0-7b305d5697b2" />
      <TestMethod codeBase="/workspace/tests/FluentUIScaffold.Core.Tests/bin/Debug/net7.0/FluentUIScaffold.Core.Tests.dll" adapterTypeName="executor://nunit3testexecutor/" className="FluentUIScaffold.Core.Tests.ElementBuilderTests" name="WithWaitStrategy_ShouldSetWaitStrategy" />
    </UnitTest>
    <UnitTest name="WithHeadlessMode_AndSlowMo_SetProperly" storage="/workspace/tests/fluentuiscaffold.core.tests/bin/debug/net7.0/fluentuiscaffold.core.tests.dll" id="ff506097-7a61-9dd6-1df2-d3c8d75a82f3">
      <Execution id="a49da05b-0a3a-4c40-8c65-a9fe64c86f1e" />
      <TestMethod codeBase="/workspace/tests/FluentUIScaffold.Core.Tests/bin/Debug/net7.0/FluentUIScaffold.Core.Tests.dll" adapterTypeName="executor://nunit3testexecutor/" className="FluentUIScaffold.Core.Tests.FluentUIScaffoldOptionsBuilderTests" name="WithHeadlessMode_AndSlowMo_SetProperly" />
    </UnitTest>
    <UnitTest name="Placeholder_NoOp_ToMaintainTestStructure" storage="/workspace/tests/fluentuiscaffold.core.tests/bin/debug/net7.0/fluentuiscaffold.core.tests.dll" id="2ea41be2-ee63-3a11-0613-d95c2f91bed0">
      <Execution id="b086dee4-322a-4192-8bf9-911c3d75f4cb" />
      <TestMethod codeBase="/workspace/tests/FluentUIScaffold.Core.Tests/bin/Debug/net7.0/FluentUIScaffold.Core.Tests.dll" adapterTypeName="executor://nunit3testexecutor/" className="FluentUIScaffold.Core.Tests.FluentUIScaffoldOptionsBuilderTests" name="Placeholder_NoOp_ToMaintainTestStructure" />
    </UnitTest>
    <UnitTest name="FluentChaining_ShouldWorkCorrectly" storage="/workspace/tests/fluentuiscaffold.core.tests/bin/debug/net7.0/fluentuiscaffold.core.tests.dll" id="551fc6ac-b856-8cac-3508-c2c42f5670a1">
      <Execution id="64db196f-36e5-4efc-ac48-1c41bb7758d7" />
      <TestMethod codeBase="/workspace/tests/FluentUIScaffold.Core.Tests/bin/Debug/net7.0/FluentUIScaffold.Core.Tests.dll" adapterTypeName="executor://nunit3testexecutor/" className="FluentUIScaffold.Core.Tests.ElementBuilderTests" name="FluentChaining_ShouldWorkCorrectly" />
    </UnitTest>
    <UnitTest name="WithDefaultWaitTimeout_WithNegativeTimeout_ThrowsException" storage="/workspace/tests/fluentuiscaffold.core.tests/bin/debug/net7.0/fluentuiscaffold.core.tests.dll" id="a8ade4ba-35e4-f1b1-b29c-1221576ebc2c">
      <Execution id="3ce59dc8-c486-4e18-a036-89a29ae8d3c1" />
      <TestMethod codeBase="/workspace/tests/FluentUIScaffold.Core.Tests/bin/Debug/net7.0/FluentUIScaffold.Core.Tests.dll" adapterTypeName="executor://nunit3testexecutor/" className="FluentUIScaffold.Core.Tests.FluentUIScaffoldOptionsBuilderTests" name="WithDefaultWaitTimeout_WithNegativeTimeout_ThrowsException" />
    </UnitTest>
    <UnitTest name="DotNet_ForwardedHeadersFlag_SerializesAsLowercaseBoolean" storage="/workspace/tests/fluentuiscaffold.core.tests/bin/debug/net7.0/fluentuiscaffold.core.tests.dll" id="b7f18d4e-e8c0-3285-6e79-21ddd24f3d41">
      <Execution id="9c1a7b16-6446-456b-8399-ed0ffd045c1d" />
      <TestMethod codeBase="/workspace/tests/FluentUIScaffold.Core.Tests/bin/Debug/net7.0/FluentUIScaffold.Core.Tests.dll" adapterTypeName="executor://nunit3testexecutor/" className="FluentUIScaffold.Core.Tests.ServerConfigurationBuilderIntegrationTests" name="DotNet_ForwardedHeadersFlag_SerializesAsLowercaseBoolean" />
    </UnitTest>
    <UnitTest name="FirstOrDefault_WithEmptyCollection_ShouldReturnNull" storage="/workspace/tests/fluentuiscaffold.core.tests/bin/debug/net7.0/fluentuiscaffold.core.tests.dll" id="7fb7363f-268a-d980-fb84-31f8b492a262">
      <Execution id="ec7c828c-20ee-4642-b749-edfabbe662e9" />
      <TestMethod codeBase="/workspace/tests/FluentUIScaffold.Core.Tests/bin/Debug/net7.0/FluentUIScaffold.Core.Tests.dll" adapterTypeName="executor://nunit3testexecutor/" className="FluentUIScaffold.Core.Tests.ElementCollectionTests" name="FirstOrDefault_WithEmptyCollection_ShouldReturnNull" />
    </UnitTest>
    <UnitTest name="WithRetryInterval_ShouldSetRetryInterval" storage="/workspace/tests/fluentuiscaffold.core.tests/bin/debug/net7.0/fluentuiscaffold.core.tests.dll" id="8ae62a86-1c76-a105-6718-7582f48ad523">
      <Execution id="50a97204-d192-47bd-8f5a-7b814c6049d9" />
      <TestMethod codeBase="/workspace/tests/FluentUIScaffold.Core.Tests/bin/Debug/net7.0/FluentUIScaffold.Core.Tests.dll" adapterTypeName="executor://nunit3testexecutor/" className="FluentUIScaffold.Core.Tests.ElementBuilderTests" name="WithRetryInterval_ShouldSetRetryInterval" />
    </UnitTest>
    <UnitTest name="SlowMo_WithNullValue_SetsSlowMoToNull" storage="/workspace/tests/fluentuiscaffold.core.tests/bin/debug/net7.0/fluentuiscaffold.core.tests.dll" id="db9ada96-dcf3-e037-db10-b7563d6669b8">
      <Execution id="e2b458ee-809c-4033-ad8d-7989f0289a37" />
      <TestMethod codeBase="/workspace/tests/FluentUIScaffold.Core.Tests/bin/Debug/net7.0/FluentUIScaffold.Core.Tests.dll" adapterTypeName="executor://nunit3testexecutor/" className="FluentUIScaffold.Core.Tests.FluentUIScaffoldTests" name="SlowMo_WithNullValue_SetsSlowMoToNull" />
    </UnitTest>
    <UnitTest name="RegisterElement_WithNullKey_ShouldThrowArgumentException" storage="/workspace/tests/fluentuiscaffold.core.tests/bin/debug/net7.0/fluentuiscaffold.core.tests.dll" id="e46f5d7d-393e-88b9-1a00-80ae274b5f6e">
      <Execution id="30bf9739-12ec-48d1-99d5-e75b3c8ef2a9" />
      <TestMethod codeBase="/workspace/tests/FluentUIScaffold.Core.Tests/bin/Debug/net7.0/FluentUIScaffold.Core.Tests.dll" adapterTypeName="executor://nunit3testexecutor/" className="FluentUIScaffold.Core.Tests.ElementFactoryTests" name="RegisterElement_WithNullKey_ShouldThrowArgumentException" />
    </UnitTest>
    <UnitTest name="Indexer_WithValidIndex_ShouldReturnElement" storage="/workspace/tests/fluentuiscaffold.core.tests/bin/debug/net7.0/fluentuiscaffold.core.tests.dll" id="28f7c59d-b5d1-8620-75b4-446e721774f0">
      <Execution id="38bd141a-803f-4c80-b95b-dbfd575bdb25" />
      <TestMethod codeBase="/workspace/tests/FluentUIScaffold.Core.Tests/bin/Debug/net7.0/FluentUIScaffold.Core.Tests.dll" adapterTypeName="executor://nunit3testexecutor/" className="FluentUIScaffold.Core.Tests.ElementCollectionTests" name="Indexer_WithValidIndex_ShouldReturnElement" />
    </UnitTest>
    <UnitTest name="FilterByText_WithMatchingText_ShouldReturnFilteredCollection" storage="/workspace/tests/fluentuiscaffold.core.tests/bin/debug/net7.0/fluentuiscaffold.core.tests.dll" id="f2c0b89c-869a-b8e1-4f97-bcdc75425150">
      <Execution id="0c279ce5-8de4-477c-b603-f41fa6d9262c" />
      <TestMethod codeBase="/workspace/tests/FluentUIScaffold.Core.Tests/bin/Debug/net7.0/FluentUIScaffold.Core.Tests.dll" adapterTypeName="executor://nunit3testexecutor/" className="FluentUIScaffold.Core.Tests.ElementCollectionTests" name="FilterByText_WithMatchingText_ShouldReturnFilteredCollection" />
    </UnitTest>
    <UnitTest name="FilterByAttribute_WithCaseInsensitiveMatch_ShouldReturnFilteredCollection" storage="/workspace/tests/fluentuiscaffold.core.tests/bin/debug/net7.0/fluentuiscaffold.core.tests.dll" id="629e7f8f-acc1-6486-7ee3-d596d40e2188">
      <Execution id="df9f7b11-45aa-40a3-bf8e-ad63e075e5b1" />
      <TestMethod codeBase="/workspace/tests/FluentUIScaffold.Core.Tests/bin/Debug/net7.0/FluentUIScaffold.Core.Tests.dll" adapterTypeName="executor://nunit3testexecutor/" className="FluentUIScaffold.Core.Tests.ElementCollectionTests" name="FilterByAttribute_WithCaseInsensitiveMatch_ShouldReturnFilteredCollection" />
    </UnitTest>
    <UnitTest name="WebServerProjectPath_Removed_FromOptions" storage="/workspace/tests/fluentuiscaffold.core.tests/bin/debug/net7.0/fluentuiscaffold.core.tests.dll" id="0f9360de-cd99-435c-c549-ccd3fe79a633">
      <Execution id="586db837-f7ee-4685-a678-b17a47ab3d51" />
      <TestMethod codeBase="/workspace/tests/FluentUIScaffold.Core.Tests/bin/Debug/net7.0/FluentUIScaffold.Core.Tests.dll" adapterTypeName="executor://nunit3testexecutor/" className="FluentUIScaffold.Core.Tests.FluentUIScaffoldTests" name="WebServerProjectPath_Removed_FromOptions" />
    </UnitTest>
    <UnitTest name="GetAttribute_ShouldReturnEmptyString" storage="/workspace/tests/fluentuiscaffold.core.tests/bin/debug/net7.0/fluentuiscaffold.core.tests.dll" id="c6d9c40f-adc6-4edb-6a83-6f4ac42882d1">
      <Execution id="0dfd8dbb-60bc-471e-8ad2-980b94f565a5" />
      <TestMethod codeBase="/workspace/tests/FluentUIScaffold.Core.Tests/bin/Debug/net7.0/FluentUIScaffold.Core.Tests.dll" adapterTypeName="executor://nunit3testexecutor/" className="FluentUIScaffold.Core.Tests.ElementTests" name="GetAttribute_ShouldReturnEmptyString" />
    </UnitTest>
    <UnitTest name="WithBaseUrl_WithNullUrl_ThrowsException" storage="/workspace/tests/fluentuiscaffold.core.tests/bin/debug/net7.0/fluentuiscaffold.core.tests.dll" id="11c6e8b9-63df-e19b-bf9f-452e7d9c0dd7">
      <Execution id="b9390b20-c9b7-48fb-be7d-af7378653c81" />
      <TestMethod codeBase="/workspace/tests/FluentUIScaffold.Core.Tests/bin/Debug/net7.0/FluentUIScaffold.Core.Tests.dll" adapterTypeName="executor://nunit3testexecutor/" className="FluentUIScaffold.Core.Tests.FluentUIScaffoldOptionsBuilderTests" name="WithBaseUrl_WithNullUrl_ThrowsException" />
    </UnitTest>
    <UnitTest name="IsCached_WithExistingKey_ShouldReturnTrue" storage="/workspace/tests/fluentuiscaffold.core.tests/bin/debug/net7.0/fluentuiscaffold.core.tests.dll" id="dddb8e0d-1bc6-fd59-4ffa-24cd6ce629ee">
      <Execution id="335c1348-85fc-4ed1-8452-21c12dd2c5e9" />
      <TestMethod codeBase="/workspace/tests/FluentUIScaffold.Core.Tests/bin/Debug/net7.0/FluentUIScaffold.Core.Tests.dll" adapterTypeName="executor://nunit3testexecutor/" className="FluentUIScaffold.Core.Tests.ElementFactoryTests" name="IsCached_WithExistingKey_ShouldReturnTrue" />
    </UnitTest>
    <UnitTest name="Indexer_WithNegativeIndex_ShouldThrowArgumentOutOfRangeException" storage="/workspace/tests/fluentuiscaffold.core.tests/bin/debug/net7.0/fluentuiscaffold.core.tests.dll" id="46930332-f66d-a8f0-6df4-449ab0a9cd10">
      <Execution id="a31ebaa5-6adf-4fa3-87b5-b1f75e5debad" />
      <TestMethod codeBase="/workspace/tests/FluentUIScaffold.Core.Tests/bin/Debug/net7.0/FluentUIScaffold.Core.Tests.dll" adapterTypeName="executor://nunit3testexecutor/" className="FluentUIScaffold.Core.Tests.ElementCollectionTests" name="Indexer_WithNegativeIndex_ShouldThrowArgumentOutOfRangeException" />
    </UnitTest>
    <UnitTest name="WithSlowMo_WithZeroValue_SetsSlowMoToZero" storage="/workspace/tests/fluentuiscaffold.core.tests/bin/debug/net7.0/fluentuiscaffold.core.tests.dll" id="5ecd0d47-634a-f5a5-e7c4-807c1c8c5935">
      <Execution id="b8599c64-8b45-4494-8133-ca877a91b31f" />
      <TestMethod codeBase="/workspace/tests/FluentUIScaffold.Core.Tests/bin/Debug/net7.0/FluentUIScaffold.Core.Tests.dll" adapterTypeName="executor://nunit3testexecutor/" className="FluentUIScaffold.Core.Tests.FluentUIScaffoldOptionsBuilderTests" name="WithSlowMo_WithZeroValue_SetsSlowMoToZero" />
    </UnitTest>
    <UnitTest name="Exists_WhenElementDoesNotExist_ShouldReturnFalse" storage="/workspace/tests/fluentuiscaffold.core.tests/bin/debug/net7.0/fluentuiscaffold.core.tests.dll" id="f3b5f62e-4f46-2207-7f46-5faefe33f536">
      <Execution id="5a964a7e-c909-43ec-a02a-c0fa99214d61" />
      <TestMethod codeBase="/workspace/tests/FluentUIScaffold.Core.Tests/bin/Debug/net7.0/FluentUIScaffold.Core.Tests.dll" adapterTypeName="executor://nunit3testexecutor/" className="FluentUIScaffold.Core.Tests.ElementTests" name="Exists_WhenElementDoesNotExist_ShouldReturnFalse" />
    </UnitTest>
    <UnitTest name="WithAttribute_WithEmptyName_ShouldThrowArgumentException" storage="/workspace/tests/fluentuiscaffold.core.tests/bin/debug/net7.0/fluentuiscaffold.core.tests.dll" id="9878c4ec-2f1a-e8e4-b5a4-d9a2cba55d4b">
      <Execution id="4a310b51-6c25-46e8-bcd3-57288a989d6e" />
      <TestMethod codeBase="/workspace/tests/FluentUIScaffold.Core.Tests/bin/Debug/net7.0/FluentUIScaffold.Core.Tests.dll" adapterTypeName="executor://nunit3testexecutor/" className="FluentUIScaffold.Core.Tests.ElementBuilderTests" name="WithAttribute_WithEmptyName_ShouldThrowArgumentException" />
    </UnitTest>
    <UnitTest name="CreateElement_WithNullConfiguration_ShouldThrowArgumentNullException" storage="/workspace/tests/fluentuiscaffold.core.tests/bin/debug/net7.0/fluentuiscaffold.core.tests.dll" id="75c5db20-bc00-63de-91f7-e74098d22990">
      <Execution id="dd6bd58d-b1c2-4fc5-a01b-9dc12ea30766" />
      <TestMethod codeBase="/workspace/tests/FluentUIScaffold.Core.Tests/bin/Debug/net7.0/FluentUIScaffold.Core.Tests.dll" adapterTypeName="executor://nunit3testexecutor/" className="FluentUIScaffold.Core.Tests.ElementFactoryTests" name="CreateElement_WithNullConfiguration_ShouldThrowArgumentNullException" />
    </UnitTest>
    <UnitTest name="WithWebServerProjectPath_IsRemoved_FromBuilder" storage="/workspace/tests/fluentuiscaffold.core.tests/bin/debug/net7.0/fluentuiscaffold.core.tests.dll" id="d9747d07-b571-8346-80a3-fe62a8b92e46">
      <Execution id="9529987f-edaf-427b-9fae-50d2dd624919" />
      <TestMethod codeBase="/workspace/tests/FluentUIScaffold.Core.Tests/bin/Debug/net7.0/FluentUIScaffold.Core.Tests.dll" adapterTypeName="executor://nunit3testexecutor/" className="FluentUIScaffold.Core.Tests.FluentUIScaffoldOptionsBuilderTests" name="WithWebServerProjectPath_IsRemoved_FromBuilder" />
    </UnitTest>
    <UnitTest name="RegisterElement_WithEmptyKey_ShouldThrowArgumentException" storage="/workspace/tests/fluentuiscaffold.core.tests/bin/debug/net7.0/fluentuiscaffold.core.tests.dll" id="b7012c97-f966-55dc-c35d-274095149e5d">
      <Execution id="94ec4541-e4f6-4279-9baf-8e8a0e75a88c" />
      <TestMethod codeBase="/workspace/tests/FluentUIScaffold.Core.Tests/bin/Debug/net7.0/FluentUIScaffold.Core.Tests.dll" adapterTypeName="executor://nunit3testexecutor/" className="FluentUIScaffold.Core.Tests.ElementFactoryTests" name="RegisterElement_WithEmptyKey_ShouldThrowArgumentException" />
    </UnitTest>
    <UnitTest name="NavigateToUrl_WithValidUrl_IsValid" storage="/workspace/tests/fluentuiscaffold.core.tests/bin/debug/net7.0/fluentuiscaffold.core.tests.dll" id="46ffc5ad-c340-b767-44fb-d87ee75aad26">
      <Execution id="042286b1-a88f-4f46-a107-c1ebf567b7ba" />
      <TestMethod codeBase="/workspace/tests/FluentUIScaffold.Core.Tests/bin/Debug/net7.0/FluentUIScaffold.Core.Tests.dll" adapterTypeName="executor://nunit3testexecutor/" className="FluentUIScaffold.Core.Tests.NavigationTests" name="NavigateToUrl_WithValidUrl_IsValid" />
    </UnitTest>
    <UnitTest name="WithServerConfiguration_WithNullConfiguration_Removed" storage="/workspace/tests/fluentuiscaffold.core.tests/bin/debug/net7.0/fluentuiscaffold.core.tests.dll" id="0cc5a016-6448-c184-75cf-5538243062ce">
      <Execution id="955f3eac-507b-4541-85de-ca0c1dbcb562" />
      <TestMethod codeBase="/workspace/tests/FluentUIScaffold.Core.Tests/bin/Debug/net7.0/FluentUIScaffold.Core.Tests.dll" adapterTypeName="executor://nunit3testexecutor/" className="FluentUIScaffold.Core.Tests.FluentUIScaffoldOptionsBuilderTests" name="WithServerConfiguration_WithNullConfiguration_Removed" />
    </UnitTest>
    <UnitTest name="Constructor_WithNullDriver_ShouldThrowArgumentNullException" storage="/workspace/tests/fluentuiscaffold.core.tests/bin/debug/net7.0/fluentuiscaffold.core.tests.dll" id="0b5f1728-7b8a-73cb-1723-24feb2bf7d3d">
      <Execution id="c86eb4fc-b916-4031-8c6a-173f8a17ea0a" />
      <TestMethod codeBase="/workspace/tests/FluentUIScaffold.Core.Tests/bin/Debug/net7.0/FluentUIScaffold.Core.Tests.dll" adapterTypeName="executor://nunit3testexecutor/" className="FluentUIScaffold.Core.Tests.ElementFactoryTests" name="Constructor_WithNullDriver_ShouldThrowArgumentNullException" />
    </UnitTest>
    <UnitTest name="WithDescription_WithNullDescription_ShouldSetEmptyString" storage="/workspace/tests/fluentuiscaffold.core.tests/bin/debug/net7.0/fluentuiscaffold.core.tests.dll" id="d52fd675-05c7-c95c-d1f1-981f3a4f3701">
      <Execution id="7a9d69be-e23b-4ae7-bece-aab253798dec" />
      <TestMethod codeBase="/workspace/tests/FluentUIScaffold.Core.Tests/bin/Debug/net7.0/FluentUIScaffold.Core.Tests.dll" adapterTypeName="executor://nunit3testexecutor/" className="FluentUIScaffold.Core.Tests.ElementBuilderTests" name="WithDescription_WithNullDescription_ShouldSetEmptyString" />
    </UnitTest>
    <UnitTest name="AspNetCore_ServerSpecificUrlsInjectedIntoStartInfo" storage="/workspace/tests/fluentuiscaffold.core.tests/bin/debug/net7.0/fluentuiscaffold.core.tests.dll" id="7ca0cb73-aeb1-887f-1af1-2afb19198c6a">
      <Execution id="e3a78c35-f38f-4716-8eed-fa72479b27e5" />
      <TestMethod codeBase="/workspace/tests/FluentUIScaffold.Core.Tests/bin/Debug/net7.0/FluentUIScaffold.Core.Tests.dll" adapterTypeName="executor://nunit3testexecutor/" className="FluentUIScaffold.Core.Tests.ServerConfigurationBuilderIntegrationTests" name="AspNetCore_ServerSpecificUrlsInjectedIntoStartInfo" />
    </UnitTest>
    <UnitTest name="WithBaseUrl_WithValidUrl_SetsBaseUrl" storage="/workspace/tests/fluentuiscaffold.core.tests/bin/debug/net7.0/fluentuiscaffold.core.tests.dll" id="e694388c-e9b9-a1d2-ef93-70adf5bded0d">
      <Execution id="8b0494a3-fa59-494e-b66a-649f97c3a15f" />
      <TestMethod codeBase="/workspace/tests/FluentUIScaffold.Core.Tests/bin/Debug/net7.0/FluentUIScaffold.Core.Tests.dll" adapterTypeName="executor://nunit3testexecutor/" className="FluentUIScaffold.Core.Tests.FluentUIScaffoldOptionsBuilderTests" name="WithBaseUrl_WithValidUrl_SetsBaseUrl" />
    </UnitTest>
    <UnitTest name="GetOrCreateElement_WithEmptyKey_ShouldThrowArgumentException" storage="/workspace/tests/fluentuiscaffold.core.tests/bin/debug/net7.0/fluentuiscaffold.core.tests.dll" id="fab6990d-3c1c-2c65-5826-c4e429096956">
      <Execution id="e429457e-c61b-46a2-9b7d-4ecdef2fbd9e" />
      <TestMethod codeBase="/workspace/tests/FluentUIScaffold.Core.Tests/bin/Debug/net7.0/FluentUIScaffold.Core.Tests.dll" adapterTypeName="executor://nunit3testexecutor/" className="FluentUIScaffold.Core.Tests.ElementFactoryTests" name="GetOrCreateElement_WithEmptyKey_ShouldThrowArgumentException" />
    </UnitTest>
    <UnitTest name="WithSlowMo_WithValidValue_SetsSlowMo" storage="/workspace/tests/fluentuiscaffold.core.tests/bin/debug/net7.0/fluentuiscaffold.core.tests.dll" id="3c6ae5e7-2078-93c7-0cb9-170c4974fe27">
      <Execution id="036f9367-5e67-4639-8f44-2e3a392cba58" />
      <TestMethod codeBase="/workspace/tests/FluentUIScaffold.Core.Tests/bin/Debug/net7.0/FluentUIScaffold.Core.Tests.dll" adapterTypeName="executor://nunit3testexecutor/" className="FluentUIScaffold.Core.Tests.FluentUIScaffoldOptionsBuilderTests" name="WithSlowMo_WithValidValue_SetsSlowMo" />
    </UnitTest>
    <UnitTest name="Constructor_WithValidOptions_CreatesInstance" storage="/workspace/tests/fluentuiscaffold.core.tests/bin/debug/net7.0/fluentuiscaffold.core.tests.dll" id="ddff61cf-6c8e-562e-62f7-c9fb5ab0fb05">
      <Execution id="73e9741e-b9e2-4623-aec5-3a49e704faf7" />
      <TestMethod codeBase="/workspace/tests/FluentUIScaffold.Core.Tests/bin/Debug/net7.0/FluentUIScaffold.Core.Tests.dll" adapterTypeName="executor://nunit3testexecutor/" className="FluentUIScaffold.Core.Tests.FluentUIScaffoldTests" name="Constructor_WithValidOptions_CreatesInstance" />
    </UnitTest>
    <UnitTest name="First_WithNonEmptyCollection_ShouldReturnFirstElement" storage="/workspace/tests/fluentuiscaffold.core.tests/bin/debug/net7.0/fluentuiscaffold.core.tests.dll" id="ffb66a76-a7d1-dfa1-aa9c-bf5163813cc6">
      <Execution id="0f114a80-9c4c-42ec-a23e-197f90087d04" />
      <TestMethod codeBase="/workspace/tests/FluentUIScaffold.Core.Tests/bin/Debug/net7.0/FluentUIScaffold.Core.Tests.dll" adapterTypeName="executor://nunit3testexecutor/" className="FluentUIScaffold.Core.Tests.ElementCollectionTests" name="First_WithNonEmptyCollection_ShouldReturnFirstElement" />
    </UnitTest>
    <UnitTest name="Constructor_WithNullSelector_ShouldThrowArgumentNullException" storage="/workspace/tests/fluentuiscaffold.core.tests/bin/debug/net7.0/fluentuiscaffold.core.tests.dll" id="f886403e-9ef4-53a2-d4e1-ecec3b79370d">
      <Execution id="794e20cf-4fd8-41a1-9728-b0083f25177d" />
      <TestMethod codeBase="/workspace/tests/FluentUIScaffold.Core.Tests/bin/Debug/net7.0/FluentUIScaffold.Core.Tests.dll" adapterTypeName="executor://nunit3testexecutor/" className="FluentUIScaffold.Core.Tests.ElementBuilderTests" name="Constructor_WithNullSelector_ShouldThrowArgumentNullException" />
    </UnitTest>
    <UnitTest name="FirstOrDefault_WithNonEmptyCollection_ShouldReturnFirstElement" storage="/workspace/tests/fluentuiscaffold.core.tests/bin/debug/net7.0/fluentuiscaffold.core.tests.dll" id="73a1b770-4a5e-0a29-6a9c-524092b48888">
      <Execution id="6a84d88e-bdab-4288-83ce-bd6c158a5876" />
      <TestMethod codeBase="/workspace/tests/FluentUIScaffold.Core.Tests/bin/Debug/net7.0/FluentUIScaffold.Core.Tests.dll" adapterTypeName="executor://nunit3testexecutor/" className="FluentUIScaffold.Core.Tests.ElementCollectionTests" name="FirstOrDefault_WithNonEmptyCollection_ShouldReturnFirstElement" />
    </UnitTest>
    <UnitTest name="CreateConfiguration_WithValidParameters_ReturnsConfiguration" storage="/workspace/tests/fluentuiscaffold.core.tests/bin/debug/net7.0/fluentuiscaffold.core.tests.dll" id="ae197987-6a6c-0f53-9053-aa2a52fada6c">
      <Execution id="d676de5e-f4a1-4da1-ae22-dad508caae5d" />
      <TestMethod codeBase="/workspace/tests/FluentUIScaffold.Core.Tests/bin/Debug/net7.0/FluentUIScaffold.Core.Tests.dll" adapterTypeName="executor://nunit3testexecutor/" className="FluentUIScaffold.Core.Tests.ServerLauncherFactoryTests" name="CreateConfiguration_WithValidParameters_ReturnsConfiguration" />
    </UnitTest>
    <UnitTest name="CacheCount_ShouldReturnCorrectCount" storage="/workspace/tests/fluentuiscaffold.core.tests/bin/debug/net7.0/fluentuiscaffold.core.tests.dll" id="9a47f56b-5bfd-fc11-0334-5ee2c89f0d7c">
      <Execution id="351e5851-5f6e-47ef-ab47-1251cbd6f178" />
      <TestMethod codeBase="/workspace/tests/FluentUIScaffold.Core.Tests/bin/Debug/net7.0/FluentUIScaffold.Core.Tests.dll" adapterTypeName="executor://nunit3testexecutor/" className="FluentUIScaffold.Core.Tests.ElementFactoryTests" name="CacheCount_ShouldReturnCorrectCount" />
    </UnitTest>
    <UnitTest name="Constructor_WithNullOptions_ThrowsException" storage="/workspace/tests/fluentuiscaffold.core.tests/bin/debug/net7.0/fluentuiscaffold.core.tests.dll" id="6bd0c540-38a9-699a-6e83-30afb294a184">
      <Execution id="027e2b9d-b9ce-4fe2-9ab7-feccd566db47" />
      <TestMethod codeBase="/workspace/tests/FluentUIScaffold.Core.Tests/bin/Debug/net7.0/FluentUIScaffold.Core.Tests.dll" adapterTypeName="executor://nunit3testexecutor/" className="FluentUIScaffold.Core.Tests.FluentUIScaffoldTests" name="Constructor_WithNullOptions_ThrowsException" />
    </UnitTest>
    <UnitTest name="ServerConfiguration_Removed_FromOptions" storage="/workspace/tests/fluentuiscaffold.core.tests/bin/debug/net7.0/fluentuiscaffold.core.tests.dll" id="691a1ada-8b81-1eeb-9198-2480eca9bcb5">
      <Execution id="0d92c814-a2e3-41c7-b326-24b2c89b4e31" />
      <TestMethod codeBase="/workspace/tests/FluentUIScaffold.Core.Tests/bin/Debug/net7.0/FluentUIScaffold.Core.Tests.dll" adapterTypeName="executor://nunit3testexecutor/" className="FluentUIScaffold.Core.Tests.FluentUIScaffoldTests" name="ServerConfiguration_Removed_FromOptions" />
    </UnitTest>
    <UnitTest name="Last_WithEmptyCollection_ShouldThrowInvalidOperationException" storage="/workspace/tests/fluentuiscaffold.core.tests/bin/debug/net7.0/fluentuiscaffold.core.tests.dll" id="c9f61712-9fd7-d6bb-db15-07624030c6e4">
      <Execution id="ae76f14a-5125-4c89-83bb-701dbd25a280" />
      <TestMethod codeBase="/workspace/tests/FluentUIScaffold.Core.Tests/bin/Debug/net7.0/FluentUIScaffold.Core.Tests.dll" adapterTypeName="executor://nunit3testexecutor/" className="FluentUIScaffold.Core.Tests.ElementCollectionTests" name="Last_WithEmptyCollection_ShouldThrowInvalidOperationException" />
    </UnitTest>
    <UnitTest name="WaitForHidden_ShouldCallDriverWaitForElementToBeHidden" storage="/workspace/tests/fluentuiscaffold.core.tests/bin/debug/net7.0/fluentuiscaffold.core.tests.dll" id="32cab928-a934-2b6a-7a60-1dfa1c7f9abb">
      <Execution id="81b7946f-f2f0-4e56-a58b-764939c259ca" />
      <TestMethod codeBase="/workspace/tests/FluentUIScaffold.Core.Tests/bin/Debug/net7.0/FluentUIScaffold.Core.Tests.dll" adapterTypeName="executor://nunit3testexecutor/" className="FluentUIScaffold.Core.Tests.ElementTests" name="WaitForHidden_ShouldCallDriverWaitForElementToBeHidden" />
    </UnitTest>
    <UnitTest name="Last_WithNonEmptyCollection_ShouldReturnLastElement" storage="/workspace/tests/fluentuiscaffold.core.tests/bin/debug/net7.0/fluentuiscaffold.core.tests.dll" id="202af691-80fb-dfa6-d9ed-de360fd56509">
      <Execution id="cced56b0-9086-48bf-810c-6dbb1977a99b" />
      <TestMethod codeBase="/workspace/tests/FluentUIScaffold.Core.Tests/bin/Debug/net7.0/FluentUIScaffold.Core.Tests.dll" adapterTypeName="executor://nunit3testexecutor/" className="FluentUIScaffold.Core.Tests.ElementCollectionTests" name="Last_WithNonEmptyCollection_ShouldReturnLastElement" />
    </UnitTest>
    <UnitTest name="NavigateToUrl_WithNullUrl_IsValid" storage="/workspace/tests/fluentuiscaffold.core.tests/bin/debug/net7.0/fluentuiscaffold.core.tests.dll" id="53b308dd-208a-388e-c5f9-16f490d67de6">
      <Execution id="11cf2f14-ba0c-47f6-b7c2-797ae689baae" />
      <TestMethod codeBase="/workspace/tests/FluentUIScaffold.Core.Tests/bin/Debug/net7.0/FluentUIScaffold.Core.Tests.dll" adapterTypeName="executor://nunit3testexecutor/" className="FluentUIScaffold.Core.Tests.NavigationTests" name="NavigateToUrl_WithNullUrl_IsValid" />
    </UnitTest>
    <UnitTest name="RemoveFromCache_WithNonExistingKey_ShouldReturnFalse" storage="/workspace/tests/fluentuiscaffold.core.tests/bin/debug/net7.0/fluentuiscaffold.core.tests.dll" id="d8390e41-bd5a-fe7f-3b98-f2190b4f7ae8">
      <Execution id="0cc7a98e-a6b3-4edd-b653-b2f2810f2a2f" />
      <TestMethod codeBase="/workspace/tests/FluentUIScaffold.Core.Tests/bin/Debug/net7.0/FluentUIScaffold.Core.Tests.dll" adapterTypeName="executor://nunit3testexecutor/" className="FluentUIScaffold.Core.Tests.ElementFactoryTests" name="RemoveFromCache_WithNonExistingKey_ShouldReturnFalse" />
    </UnitTest>
    <UnitTest name="WithTimeout_ShouldSetTimeout" storage="/workspace/tests/fluentuiscaffold.core.tests/bin/debug/net7.0/fluentuiscaffold.core.tests.dll" id="8383728b-b15a-a0ae-e2d4-37daa1d150cf">
      <Execution id="1c5ed81b-62f9-498c-a99e-174a59081bd3" />
      <TestMethod codeBase="/workspace/tests/FluentUIScaffold.Core.Tests/bin/Debug/net7.0/FluentUIScaffold.Core.Tests.dll" adapterTypeName="executor://nunit3testexecutor/" className="FluentUIScaffold.Core.Tests.ElementBuilderTests" name="WithTimeout_ShouldSetTimeout" />
    </UnitTest>
    <UnitTest name="RegisterDetector_WithValidDetector_RegistersSuccessfully" storage="/workspace/tests/fluentuiscaffold.core.tests/bin/debug/net7.0/fluentuiscaffold.core.tests.dll" id="3060bcb3-7dbb-52ae-d898-6c736e92902a">
      <Execution id="38096e27-2616-49e1-9c5e-396ad1890ee2" />
      <TestMethod codeBase="/workspace/tests/FluentUIScaffold.Core.Tests/bin/Debug/net7.0/FluentUIScaffold.Core.Tests.dll" adapterTypeName="executor://nunit3testexecutor/" className="FluentUIScaffold.Core.Tests.ServerLauncherFactoryTests" name="RegisterDetector_WithValidDetector_RegistersSuccessfully" />
    </UnitTest>
    <UnitTest name="Build_ShouldReturnConfiguredElement" storage="/workspace/tests/fluentuiscaffold.core.tests/bin/debug/net7.0/fluentuiscaffold.core.tests.dll" id="58c799eb-3510-390d-5f8b-eb2a700feeb4">
      <Execution id="cdc615e6-8cb0-43d5-997f-502d26ab656a" />
      <TestMethod codeBase="/workspace/tests/FluentUIScaffold.Core.Tests/bin/Debug/net7.0/FluentUIScaffold.Core.Tests.dll" adapterTypeName="executor://nunit3testexecutor/" className="FluentUIScaffold.Core.Tests.ElementBuilderTests" name="Build_ShouldReturnConfiguredElement" />
    </UnitTest>
    <UnitTest name="Filter_WithValidPredicate_ShouldReturnFilteredCollection" storage="/workspace/tests/fluentuiscaffold.core.tests/bin/debug/net7.0/fluentuiscaffold.core.tests.dll" id="9277c687-d1ec-06a3-91ef-9c2756a13404">
      <Execution id="0e414628-0ed9-4452-b0a0-899ed167eb95" />
      <TestMethod codeBase="/workspace/tests/FluentUIScaffold.Core.Tests/bin/Debug/net7.0/FluentUIScaffold.Core.Tests.dll" adapterTypeName="executor://nunit3testexecutor/" className="FluentUIScaffold.Core.Tests.ElementCollectionTests" name="Filter_WithValidPredicate_ShouldReturnFilteredCollection" />
    </UnitTest>
    <UnitTest name="Filter_WithNullPredicate_ShouldThrowArgumentNullException" storage="/workspace/tests/fluentuiscaffold.core.tests/bin/debug/net7.0/fluentuiscaffold.core.tests.dll" id="0d8a6f68-b892-8208-9f84-b0a607e9693d">
      <Execution id="595261dc-1ce2-4e30-9c21-0ca5a984543c" />
      <TestMethod codeBase="/workspace/tests/FluentUIScaffold.Core.Tests/bin/Debug/net7.0/FluentUIScaffold.Core.Tests.dll" adapterTypeName="executor://nunit3testexecutor/" className="FluentUIScaffold.Core.Tests.ElementCollectionTests" name="Filter_WithNullPredicate_ShouldThrowArgumentNullException" />
    </UnitTest>
    <UnitTest name="GetOrCreateElement_WithNullKey_ShouldThrowArgumentException" storage="/workspace/tests/fluentuiscaffold.core.tests/bin/debug/net7.0/fluentuiscaffold.core.tests.dll" id="91a71ac4-590c-9e24-6500-b1be939120d3">
      <Execution id="fe12f325-2f0a-4fc0-8160-73fe084e4159" />
      <TestMethod codeBase="/workspace/tests/FluentUIScaffold.Core.Tests/bin/Debug/net7.0/FluentUIScaffold.Core.Tests.dll" adapterTypeName="executor://nunit3testexecutor/" className="FluentUIScaffold.Core.Tests.ElementFactoryTests" name="GetOrCreateElement_WithNullKey_ShouldThrowArgumentException" />
    </UnitTest>
    <UnitTest name="WithDefaultWaitTimeout_WithValidTimeout_SetsDefaultWaitTimeout" storage="/workspace/tests/fluentuiscaffold.core.tests/bin/debug/net7.0/fluentuiscaffold.core.tests.dll" id="4c88da48-1cf2-2ce5-51d9-4c397983aa27">
      <Execution id="bbc6efce-cb65-460d-bc06-488a6593acff" />
      <TestMethod codeBase="/workspace/tests/FluentUIScaffold.Core.Tests/bin/Debug/net7.0/FluentUIScaffold.Core.Tests.dll" adapterTypeName="executor://nunit3testexecutor/" className="FluentUIScaffold.Core.Tests.FluentUIScaffoldTests" name="WithDefaultWaitTimeout_WithValidTimeout_SetsDefaultWaitTimeout" />
    </UnitTest>
    <UnitTest name="RegisterPlugin_WithValidPluginType_RegistersPlugin" storage="/workspace/tests/fluentuiscaffold.core.tests/bin/debug/net7.0/fluentuiscaffold.core.tests.dll" id="22a55186-734f-9dba-b3aa-22207bab8f2a">
      <Execution id="5eb9a714-17c6-4802-a80e-4e5fccf4b812" />
      <TestMethod codeBase="/workspace/tests/FluentUIScaffold.Core.Tests/bin/Debug/net7.0/FluentUIScaffold.Core.Tests.dll" adapterTypeName="executor://nunit3testexecutor/" className="FluentUIScaffold.Core.Tests.PluginManagerTests" name="RegisterPlugin_WithValidPluginType_RegistersPlugin" />
    </UnitTest>
    <UnitTest name="WithServerConfiguration_Removed_FromBuilder" storage="/workspace/tests/fluentuiscaffold.core.tests/bin/debug/net7.0/fluentuiscaffold.core.tests.dll" id="ce884f09-4916-a854-a0cc-dbdac776383b">
      <Execution id="aece6f08-f2d8-40cf-af01-cc85ae424000" />
      <TestMethod codeBase="/workspace/tests/FluentUIScaffold.Core.Tests/bin/Debug/net7.0/FluentUIScaffold.Core.Tests.dll" adapterTypeName="executor://nunit3testexecutor/" className="FluentUIScaffold.Core.Tests.FluentUIScaffoldOptionsBuilderTests" name="WithServerConfiguration_Removed_FromBuilder" />
    </UnitTest>
    <UnitTest name="WithDefaultWaitTimeout_WithValidTimeout_SetsDefaultWaitTimeout" storage="/workspace/tests/fluentuiscaffold.core.tests/bin/debug/net7.0/fluentuiscaffold.core.tests.dll" id="99f01ded-3ca2-e651-a7da-fe562e1e4884">
      <Execution id="5946eb93-0929-49d0-bb2b-8c6d563370a0" />
      <TestMethod codeBase="/workspace/tests/FluentUIScaffold.Core.Tests/bin/Debug/net7.0/FluentUIScaffold.Core.Tests.dll" adapterTypeName="executor://nunit3testexecutor/" className="FluentUIScaffold.Core.Tests.FluentUIScaffoldOptionsBuilderTests" name="WithDefaultWaitTimeout_WithValidTimeout_SetsDefaultWaitTimeout" />
    </UnitTest>
    <UnitTest name="WaitForVisible_ShouldCallDriverWaitForElementToBeVisible" storage="/workspace/tests/fluentuiscaffold.core.tests/bin/debug/net7.0/fluentuiscaffold.core.tests.dll" id="8edbc9e8-8106-4e2b-446e-15afc8cb2e79">
      <Execution id="dc0f4535-b07e-43ee-83d4-ae55e80b001c" />
      <TestMethod codeBase="/workspace/tests/FluentUIScaffold.Core.Tests/bin/Debug/net7.0/FluentUIScaffold.Core.Tests.dll" adapterTypeName="executor://nunit3testexecutor/" className="FluentUIScaffold.Core.Tests.ElementTests" name="WaitForVisible_ShouldCallDriverWaitForElementToBeVisible" />
    </UnitTest>
    <UnitTest name="GetText_ShouldCallDriverGetText" storage="/workspace/tests/fluentuiscaffold.core.tests/bin/debug/net7.0/fluentuiscaffold.core.tests.dll" id="179b7383-7c66-19a3-5099-a84ccfda3312">
      <Execution id="fa9bb719-da75-4529-a433-3727d8d695a5" />
      <TestMethod codeBase="/workspace/tests/FluentUIScaffold.Core.Tests/bin/Debug/net7.0/FluentUIScaffold.Core.Tests.dll" adapterTypeName="executor://nunit3testexecutor/" className="FluentUIScaffold.Core.Tests.ElementTests" name="GetText_ShouldCallDriverGetText" />
    </UnitTest>
    <UnitTest name="Placeholder_NoOp_ToMaintainTestStructure" storage="/workspace/tests/fluentuiscaffold.core.tests/bin/debug/net7.0/fluentuiscaffold.core.tests.dll" id="27bf1d8f-6db2-9d4a-565f-5fca061cc8f1">
      <Execution id="59200f3c-981b-45a8-aa64-c9e851581803" />
      <TestMethod codeBase="/workspace/tests/FluentUIScaffold.Core.Tests/bin/Debug/net7.0/FluentUIScaffold.Core.Tests.dll" adapterTypeName="executor://nunit3testexecutor/" className="FluentUIScaffold.Core.Tests.FluentUIScaffoldTests" name="Placeholder_NoOp_ToMaintainTestStructure" />
    </UnitTest>
    <UnitTest name="RegisterElement_WithNullElement_ShouldThrowArgumentNullException" storage="/workspace/tests/fluentuiscaffold.core.tests/bin/debug/net7.0/fluentuiscaffold.core.tests.dll" id="a1f4b443-1603-0539-0dc0-d4ce95853134">
      <Execution id="0b21e0e8-63d8-4358-8631-0621eb8e290c" />
      <TestMethod codeBase="/workspace/tests/FluentUIScaffold.Core.Tests/bin/Debug/net7.0/FluentUIScaffold.Core.Tests.dll" adapterTypeName="executor://nunit3testexecutor/" className="FluentUIScaffold.Core.Tests.ElementFactoryTests" name="RegisterElement_WithNullElement_ShouldThrowArgumentNullException" />
    </UnitTest>
    <UnitTest name="WithAttribute_ShouldAddAttribute" storage="/workspace/tests/fluentuiscaffold.core.tests/bin/debug/net7.0/fluentuiscaffold.core.tests.dll" id="ecd11cad-395d-4d5e-d9ae-03e7b8295be8">
      <Execution id="632ccc19-00df-42e7-8d20-70eacdfa2476" />
      <TestMethod codeBase="/workspace/tests/FluentUIScaffold.Core.Tests/bin/Debug/net7.0/FluentUIScaffold.Core.Tests.dll" adapterTypeName="executor://nunit3testexecutor/" className="FluentUIScaffold.Core.Tests.ElementBuilderTests" name="WithAttribute_ShouldAddAttribute" />
    </UnitTest>
    <UnitTest name="WaitFor_WithNoneStrategy_ShouldNotCallAnyWaitMethods" storage="/workspace/tests/fluentuiscaffold.core.tests/bin/debug/net7.0/fluentuiscaffold.core.tests.dll" id="9f3021c1-925a-71da-e253-d006455bc8e9">
      <Execution id="f926efe9-5596-4459-92b0-7304660fe159" />
      <TestMethod codeBase="/workspace/tests/FluentUIScaffold.Core.Tests/bin/Debug/net7.0/FluentUIScaffold.Core.Tests.dll" adapterTypeName="executor://nunit3testexecutor/" className="FluentUIScaffold.Core.Tests.ElementTests" name="WaitFor_WithNoneStrategy_ShouldNotCallAnyWaitMethods" />
    </UnitTest>
    <UnitTest name="HeadlessMode_WithNullValue_SetsHeadlessModeToNull" storage="/workspace/tests/fluentuiscaffold.core.tests/bin/debug/net7.0/fluentuiscaffold.core.tests.dll" id="6c726527-cdae-6f0e-e424-af9055e97f92">
      <Execution id="4dae379f-e8e0-4282-a3b8-11ddb857cad3" />
      <TestMethod codeBase="/workspace/tests/FluentUIScaffold.Core.Tests/bin/Debug/net7.0/FluentUIScaffold.Core.Tests.dll" adapterTypeName="executor://nunit3testexecutor/" className="FluentUIScaffold.Core.Tests.FluentUIScaffoldTests" name="HeadlessMode_WithNullValue_SetsHeadlessModeToNull" />
    </UnitTest>
    <UnitTest name="WaitFor_WithUnsupportedStrategy_ShouldThrowArgumentException" storage="/workspace/tests/fluentuiscaffold.core.tests/bin/debug/net7.0/fluentuiscaffold.core.tests.dll" id="5b0f8305-1a07-717d-f99d-cd7dc78eb59e">
      <Execution id="d0e6156c-11da-4377-81ab-f026c0a70627" />
      <TestMethod codeBase="/workspace/tests/FluentUIScaffold.Core.Tests/bin/Debug/net7.0/FluentUIScaffold.Core.Tests.dll" adapterTypeName="executor://nunit3testexecutor/" className="FluentUIScaffold.Core.Tests.ElementTests" name="WaitFor_WithUnsupportedStrategy_ShouldThrowArgumentException" />
    </UnitTest>
    <UnitTest name="Type_ShouldCallDriverType" storage="/workspace/tests/fluentuiscaffold.core.tests/bin/debug/net7.0/fluentuiscaffold.core.tests.dll" id="44803fba-616e-b64e-f070-676eb27c9592">
      <Execution id="7c07cdd1-2816-4731-90c0-726127459cdd" />
      <TestMethod codeBase="/workspace/tests/FluentUIScaffold.Core.Tests/bin/Debug/net7.0/FluentUIScaffold.Core.Tests.dll" adapterTypeName="executor://nunit3testexecutor/" className="FluentUIScaffold.Core.Tests.ElementTests" name="Type_ShouldCallDriverType" />
    </UnitTest>
    <UnitTest name="HeadlessMode_WithValidValue_SetsHeadlessMode" storage="/workspace/tests/fluentuiscaffold.core.tests/bin/debug/net7.0/fluentuiscaffold.core.tests.dll" id="1dbd60f0-8bf8-0e06-1bea-3397a47d2afd">
      <Execution id="d484edf7-8491-4fa0-bb45-3161b5be3e5c" />
      <TestMethod codeBase="/workspace/tests/FluentUIScaffold.Core.Tests/bin/Debug/net7.0/FluentUIScaffold.Core.Tests.dll" adapterTypeName="executor://nunit3testexecutor/" className="FluentUIScaffold.Core.Tests.FluentUIScaffoldTests" name="HeadlessMode_WithValidValue_SetsHeadlessMode" />
    </UnitTest>
    <UnitTest name="Indexer_WithIndexEqualToCount_ShouldThrowArgumentOutOfRangeException" storage="/workspace/tests/fluentuiscaffold.core.tests/bin/debug/net7.0/fluentuiscaffold.core.tests.dll" id="71ed1687-d25f-f0b2-eee1-f1f69754d207">
      <Execution id="451c5f4a-e09f-4150-8531-a903918daff0" />
      <TestMethod codeBase="/workspace/tests/FluentUIScaffold.Core.Tests/bin/Debug/net7.0/FluentUIScaffold.Core.Tests.dll" adapterTypeName="executor://nunit3testexecutor/" className="FluentUIScaffold.Core.Tests.ElementCollectionTests" name="Indexer_WithIndexEqualToCount_ShouldThrowArgumentOutOfRangeException" />
    </UnitTest>
    <UnitTest name="Constructor_WithNullDriver_ShouldThrowArgumentNullException" storage="/workspace/tests/fluentuiscaffold.core.tests/bin/debug/net7.0/fluentuiscaffold.core.tests.dll" id="280bec51-23dc-ffba-208c-c20000ad7909">
      <Execution id="6bd3907e-4488-407a-a884-cd1b6e55ef65" />
      <TestMethod codeBase="/workspace/tests/FluentUIScaffold.Core.Tests/bin/Debug/net7.0/FluentUIScaffold.Core.Tests.dll" adapterTypeName="executor://nunit3testexecutor/" className="FluentUIScaffold.Core.Tests.ElementBuilderTests" name="Constructor_WithNullDriver_ShouldThrowArgumentNullException" />
    </UnitTest>
    <UnitTest name="WaitFor_WithHiddenStrategy_ShouldCallWaitForHidden" storage="/workspace/tests/fluentuiscaffold.core.tests/bin/debug/net7.0/fluentuiscaffold.core.tests.dll" id="6ba06a82-9046-fcca-a49b-be1345ecbc51">
      <Execution id="94009e99-8a53-4964-840f-3d071e7a870d" />
      <TestMethod codeBase="/workspace/tests/FluentUIScaffold.Core.Tests/bin/Debug/net7.0/FluentUIScaffold.Core.Tests.dll" adapterTypeName="executor://nunit3testexecutor/" className="FluentUIScaffold.Core.Tests.ElementTests" name="WaitFor_WithHiddenStrategy_ShouldCallWaitForHidden" />
    </UnitTest>
    <UnitTest name="WaitFor_WithVisibleStrategy_ShouldCallWaitForVisible" storage="/workspace/tests/fluentuiscaffold.core.tests/bin/debug/net7.0/fluentuiscaffold.core.tests.dll" id="85b3a0e0-be33-c2c1-998a-6dc53854bf16">
      <Execution id="d729218e-fc2d-4a83-bcfb-ec1f19ef2d8c" />
      <TestMethod codeBase="/workspace/tests/FluentUIScaffold.Core.Tests/bin/Debug/net7.0/FluentUIScaffold.Core.Tests.dll" adapterTypeName="executor://nunit3testexecutor/" className="FluentUIScaffold.Core.Tests.ElementTests" name="WaitFor_WithVisibleStrategy_ShouldCallWaitForVisible" />
    </UnitTest>
    <UnitTest name="WithWebServerProjectPath_WithEmptyPath_Removed" storage="/workspace/tests/fluentuiscaffold.core.tests/bin/debug/net7.0/fluentuiscaffold.core.tests.dll" id="8a43bd3c-a801-bb4f-9167-9cddc20d64b5">
      <Execution id="80fa4625-4023-4906-929d-accff3eb2ea6" />
      <TestMethod codeBase="/workspace/tests/FluentUIScaffold.Core.Tests/bin/Debug/net7.0/FluentUIScaffold.Core.Tests.dll" adapterTypeName="executor://nunit3testexecutor/" className="FluentUIScaffold.Core.Tests.FluentUIScaffoldOptionsBuilderTests" name="WithWebServerProjectPath_WithEmptyPath_Removed" />
    </UnitTest>
  </TestDefinitions>
  <TestEntries>
    <TestEntry testId="7b7eece1-efca-5e39-6f9c-7c2cf05500c2" executionId="dada051d-8339-435f-8607-0990c23ea2ca" testListId="8c84fa94-04c1-424b-9868-57a2d4851a1d" />
    <TestEntry testId="b301e5a2-6274-43e4-8d33-13911ec17a00" executionId="1194c51d-cd44-43d4-aa60-d53c72a1ab1b" testListId="8c84fa94-04c1-424b-9868-57a2d4851a1d" />
    <TestEntry testId="99f01ded-3ca2-e651-a7da-fe562e1e4884" executionId="5946eb93-0929-49d0-bb2b-8c6d563370a0" testListId="8c84fa94-04c1-424b-9868-57a2d4851a1d" />
    <TestEntry testId="f1c510fe-f632-6958-5421-3d34e26a9b68" executionId="2aa09ed9-ad3c-4084-9040-20fa7015dc89" testListId="8c84fa94-04c1-424b-9868-57a2d4851a1d" />
    <TestEntry testId="0c9cdc29-691b-c84f-d982-5575012bff55" executionId="1e40dfe3-e7c2-404d-97fa-42d14d98a82a" testListId="8c84fa94-04c1-424b-9868-57a2d4851a1d" />
    <TestEntry testId="e78cb7dd-0751-e11c-f830-882cb6a69d14" executionId="91cd2776-da9f-4073-8ca4-8f1a1c12e5d2" testListId="8c84fa94-04c1-424b-9868-57a2d4851a1d" />
    <TestEntry testId="4346959c-3e94-4c0e-1880-3b5ac77fbbde" executionId="1e5d31d8-35ba-4a62-ae79-c1c0a3c659ef" testListId="8c84fa94-04c1-424b-9868-57a2d4851a1d" />
    <TestEntry testId="471622d6-a01c-acdb-82c5-f00f72212509" executionId="7f530856-f84a-4a66-a015-fdd054ad9877" testListId="8c84fa94-04c1-424b-9868-57a2d4851a1d" />
    <TestEntry testId="ff506097-7a61-9dd6-1df2-d3c8d75a82f3" executionId="a49da05b-0a3a-4c40-8c65-a9fe64c86f1e" testListId="8c84fa94-04c1-424b-9868-57a2d4851a1d" />
    <TestEntry testId="6ba06a82-9046-fcca-a49b-be1345ecbc51" executionId="94009e99-8a53-4964-840f-3d071e7a870d" testListId="8c84fa94-04c1-424b-9868-57a2d4851a1d" />
    <TestEntry testId="8edbc9e8-8106-4e2b-446e-15afc8cb2e79" executionId="dc0f4535-b07e-43ee-83d4-ae55e80b001c" testListId="8c84fa94-04c1-424b-9868-57a2d4851a1d" />
    <TestEntry testId="c288cdf5-4c17-bd42-bf19-8d1a299a2747" executionId="b2fdd8d6-59d9-4bd2-9695-68a1a9f5131d" testListId="8c84fa94-04c1-424b-9868-57a2d4851a1d" />
    <TestEntry testId="6343243c-dfd7-4b0b-0e3c-4021f44a4a0d" executionId="ad77a37e-1617-4e84-9900-4ab180a8ae97" testListId="8c84fa94-04c1-424b-9868-57a2d4851a1d" />
    <TestEntry testId="2c985496-df4a-5947-e2dc-50422705efcf" executionId="aaf637fb-c4ce-4a3f-9dd1-8404c5adc852" testListId="8c84fa94-04c1-424b-9868-57a2d4851a1d" />
    <TestEntry testId="37cb0dcf-4168-cbb7-f50e-73ed6d374e4a" executionId="e74ba9c8-b9b4-440c-a53e-47628b9f220e" testListId="8c84fa94-04c1-424b-9868-57a2d4851a1d" />
    <TestEntry testId="7fb7363f-268a-d980-fb84-31f8b492a262" executionId="ec7c828c-20ee-4642-b749-edfabbe662e9" testListId="8c84fa94-04c1-424b-9868-57a2d4851a1d" />
    <TestEntry testId="fcd32eae-1929-9e13-f2a2-ebf52e2ea1bb" executionId="dee4256f-3503-41d7-a6cf-84800095313f" testListId="8c84fa94-04c1-424b-9868-57a2d4851a1d" />
    <TestEntry testId="d0ef1a67-943c-e03c-80e8-cb9d77933072" executionId="e4581312-7887-4402-859a-437d5fffd975" testListId="8c84fa94-04c1-424b-9868-57a2d4851a1d" />
    <TestEntry testId="db9ada96-dcf3-e037-db10-b7563d6669b8" executionId="e2b458ee-809c-4033-ad8d-7989f0289a37" testListId="8c84fa94-04c1-424b-9868-57a2d4851a1d" />
    <TestEntry testId="12ff9ff8-18aa-7b6e-4922-4d2923a6060b" executionId="1acefab9-d3bd-4e99-bc39-3944a659bdcb" testListId="8c84fa94-04c1-424b-9868-57a2d4851a1d" />
    <TestEntry testId="27bf1d8f-6db2-9d4a-565f-5fca061cc8f1" executionId="59200f3c-981b-45a8-aa64-c9e851581803" testListId="8c84fa94-04c1-424b-9868-57a2d4851a1d" />
    <TestEntry testId="2944cbda-271d-8e00-031a-dd03321c1f09" executionId="132e5557-29f6-42c5-bd47-14c164ccf060" testListId="8c84fa94-04c1-424b-9868-57a2d4851a1d" />
    <TestEntry testId="a8ade4ba-35e4-f1b1-b29c-1221576ebc2c" executionId="3ce59dc8-c486-4e18-a036-89a29ae8d3c1" testListId="8c84fa94-04c1-424b-9868-57a2d4851a1d" />
    <TestEntry testId="24920700-cbf0-845b-81d7-78958082ce63" executionId="50bab4fe-7364-4bba-8f4f-dbecb418e5d9" testListId="8c84fa94-04c1-424b-9868-57a2d4851a1d" />
    <TestEntry testId="cc28fd0d-aeb1-6068-03cf-a613121c3154" executionId="b8166147-48a3-4621-89c9-636d617e63b3" testListId="8c84fa94-04c1-424b-9868-57a2d4851a1d" />
    <TestEntry testId="e490ff0f-804e-81fe-d54a-5987cfe60093" executionId="7c2d8b98-14eb-4c88-80f2-dc4c228dccf3" testListId="8c84fa94-04c1-424b-9868-57a2d4851a1d" />
    <TestEntry testId="f46fda5d-5750-4db5-4e78-e68e765afd13" executionId="fea56770-074d-4a45-ac9f-7fe13949d150" testListId="8c84fa94-04c1-424b-9868-57a2d4851a1d" />
    <TestEntry testId="e08a08af-210e-a1c2-6824-5a7b54cc2338" executionId="36279f2f-4446-4c0c-86a1-f97d783d2169" testListId="8c84fa94-04c1-424b-9868-57a2d4851a1d" />
    <TestEntry testId="53b308dd-208a-388e-c5f9-16f490d67de6" executionId="11cf2f14-ba0c-47f6-b7c2-797ae689baae" testListId="8c84fa94-04c1-424b-9868-57a2d4851a1d" />
    <TestEntry testId="d52fd675-05c7-c95c-d1f1-981f3a4f3701" executionId="7a9d69be-e23b-4ae7-bece-aab253798dec" testListId="8c84fa94-04c1-424b-9868-57a2d4851a1d" />
    <TestEntry testId="d8390e41-bd5a-fe7f-3b98-f2190b4f7ae8" executionId="0cc7a98e-a6b3-4edd-b653-b2f2810f2a2f" testListId="8c84fa94-04c1-424b-9868-57a2d4851a1d" />
    <TestEntry testId="770867d9-ec05-f95d-4f86-cd135b847493" executionId="e6e75b4f-f02a-4374-9db0-7b305d5697b2" testListId="8c84fa94-04c1-424b-9868-57a2d4851a1d" />
    <TestEntry testId="9277c687-d1ec-06a3-91ef-9c2756a13404" executionId="0e414628-0ed9-4452-b0a0-899ed167eb95" testListId="8c84fa94-04c1-424b-9868-57a2d4851a1d" />
    <TestEntry testId="ab73f926-d1a2-00f0-bb5d-c38f897fb557" executionId="432945b6-ccc3-40cd-bacf-e7eabfb993c8" testListId="8c84fa94-04c1-424b-9868-57a2d4851a1d" />
    <TestEntry testId="e694388c-e9b9-a1d2-ef93-70adf5bded0d" executionId="8b0494a3-fa59-494e-b66a-649f97c3a15f" testListId="8c84fa94-04c1-424b-9868-57a2d4851a1d" />
    <TestEntry testId="bf999a1f-994b-fb2b-0916-7df6581792db" executionId="55a7c458-9fec-404e-9ac0-ddd2cb7325ba" testListId="8c84fa94-04c1-424b-9868-57a2d4851a1d" />
    <TestEntry testId="3c6ae5e7-2078-93c7-0cb9-170c4974fe27" executionId="036f9367-5e67-4639-8f44-2e3a392cba58" testListId="8c84fa94-04c1-424b-9868-57a2d4851a1d" />
    <TestEntry testId="b7012c97-f966-55dc-c35d-274095149e5d" executionId="94ec4541-e4f6-4279-9baf-8e8a0e75a88c" testListId="8c84fa94-04c1-424b-9868-57a2d4851a1d" />
    <TestEntry testId="e46f5d7d-393e-88b9-1a00-80ae274b5f6e" executionId="30bf9739-12ec-48d1-99d5-e75b3c8ef2a9" testListId="8c84fa94-04c1-424b-9868-57a2d4851a1d" />
    <TestEntry testId="0cc5a016-6448-c184-75cf-5538243062ce" executionId="955f3eac-507b-4541-85de-ca0c1dbcb562" testListId="8c84fa94-04c1-424b-9868-57a2d4851a1d" />
    <TestEntry testId="5bf46c48-3055-37d6-fef8-c9d126207b04" executionId="af057455-475e-49ed-9ab9-21223284a924" testListId="8c84fa94-04c1-424b-9868-57a2d4851a1d" />
    <TestEntry testId="46ffc5ad-c340-b767-44fb-d87ee75aad26" executionId="042286b1-a88f-4f46-a107-c1ebf567b7ba" testListId="8c84fa94-04c1-424b-9868-57a2d4851a1d" />
    <TestEntry testId="91a71ac4-590c-9e24-6500-b1be939120d3" executionId="fe12f325-2f0a-4fc0-8160-73fe084e4159" testListId="8c84fa94-04c1-424b-9868-57a2d4851a1d" />
    <TestEntry testId="6dd2c663-126f-c692-d442-51f4ddb16f47" executionId="c03834fb-11db-483b-8185-7f2b783e0976" testListId="8c84fa94-04c1-424b-9868-57a2d4851a1d" />
    <TestEntry testId="9878c4ec-2f1a-e8e4-b5a4-d9a2cba55d4b" executionId="4a310b51-6c25-46e8-bcd3-57288a989d6e" testListId="8c84fa94-04c1-424b-9868-57a2d4851a1d" />
    <TestEntry testId="bf028da6-1617-4eb8-985e-f133f6495b1c" executionId="372c9150-53d0-41a5-a5e6-4d6963af00c5" testListId="8c84fa94-04c1-424b-9868-57a2d4851a1d" />
    <TestEntry testId="179b7383-7c66-19a3-5099-a84ccfda3312" executionId="fa9bb719-da75-4529-a433-3727d8d695a5" testListId="8c84fa94-04c1-424b-9868-57a2d4851a1d" />
    <TestEntry testId="4d36eff3-cb8c-cc2b-ae0a-7341e46f417f" executionId="0e4809a0-015c-4018-b9b6-bbfaa040b988" testListId="8c84fa94-04c1-424b-9868-57a2d4851a1d" />
    <TestEntry testId="9db3b268-6657-af98-9f75-1b63df5c1b61" executionId="527fafbe-bbef-4869-ab1b-b511f2891daa" testListId="8c84fa94-04c1-424b-9868-57a2d4851a1d" />
    <TestEntry testId="2ea41be2-ee63-3a11-0613-d95c2f91bed0" executionId="b086dee4-322a-4192-8bf9-911c3d75f4cb" testListId="8c84fa94-04c1-424b-9868-57a2d4851a1d" />
    <TestEntry testId="95cf8d21-caaa-bf90-a4bb-f43f9e880ae1" executionId="62f5cb2a-322c-4934-b188-c5e3816a5166" testListId="8c84fa94-04c1-424b-9868-57a2d4851a1d" />
    <TestEntry testId="f886403e-9ef4-53a2-d4e1-ecec3b79370d" executionId="794e20cf-4fd8-41a1-9728-b0083f25177d" testListId="8c84fa94-04c1-424b-9868-57a2d4851a1d" />
    <TestEntry testId="5b0f8305-1a07-717d-f99d-cd7dc78eb59e" executionId="d0e6156c-11da-4377-81ab-f026c0a70627" testListId="8c84fa94-04c1-424b-9868-57a2d4851a1d" />
    <TestEntry testId="1c0d19b9-1bef-846e-5c51-324c55f41975" executionId="a58276ef-d2a2-41db-b089-5b704bc19f19" testListId="8c84fa94-04c1-424b-9868-57a2d4851a1d" />
    <TestEntry testId="0b5f1728-7b8a-73cb-1723-24feb2bf7d3d" executionId="c86eb4fc-b916-4031-8c6a-173f8a17ea0a" testListId="8c84fa94-04c1-424b-9868-57a2d4851a1d" />
    <TestEntry testId="2d7af110-a47a-3498-5f06-ff20a980bae8" executionId="e7a99499-fff5-4fa5-8ae6-d943dd748cfe" testListId="8c84fa94-04c1-424b-9868-57a2d4851a1d" />
    <TestEntry testId="8ae62a86-1c76-a105-6718-7582f48ad523" executionId="50a97204-d192-47bd-8f5a-7b814c6049d9" testListId="8c84fa94-04c1-424b-9868-57a2d4851a1d" />
    <TestEntry testId="179ad534-942e-3d0d-8cd9-ff68b706f3bf" executionId="14c5ea79-10a2-447f-993d-62477906f248" testListId="8c84fa94-04c1-424b-9868-57a2d4851a1d" />
    <TestEntry testId="ae197987-6a6c-0f53-9053-aa2a52fada6c" executionId="d676de5e-f4a1-4da1-ae22-dad508caae5d" testListId="8c84fa94-04c1-424b-9868-57a2d4851a1d" />
    <TestEntry testId="475357e7-c128-1ac1-651e-32f7af1e435a" executionId="ca1a4233-fc94-4947-b5b6-9f6371e7b5d9" testListId="8c84fa94-04c1-424b-9868-57a2d4851a1d" />
    <TestEntry testId="e75b2bb9-5515-7802-e744-4a6d4013843f" executionId="0b309de2-5eab-48ac-aeb8-d01083627d59" testListId="8c84fa94-04c1-424b-9868-57a2d4851a1d" />
    <TestEntry testId="551fc6ac-b856-8cac-3508-c2c42f5670a1" executionId="64db196f-36e5-4efc-ac48-1c41bb7758d7" testListId="8c84fa94-04c1-424b-9868-57a2d4851a1d" />
    <TestEntry testId="691a1ada-8b81-1eeb-9198-2480eca9bcb5" executionId="0d92c814-a2e3-41c7-b326-24b2c89b4e31" testListId="8c84fa94-04c1-424b-9868-57a2d4851a1d" />
    <TestEntry testId="fab6990d-3c1c-2c65-5826-c4e429096956" executionId="e429457e-c61b-46a2-9b7d-4ecdef2fbd9e" testListId="8c84fa94-04c1-424b-9868-57a2d4851a1d" />
    <TestEntry testId="71ed1687-d25f-f0b2-eee1-f1f69754d207" executionId="451c5f4a-e09f-4150-8531-a903918daff0" testListId="8c84fa94-04c1-424b-9868-57a2d4851a1d" />
    <TestEntry testId="5e045292-2424-2536-e9a7-78679c446a8a" executionId="85f7421c-5937-419b-bd1f-639a4e55ae51" testListId="8c84fa94-04c1-424b-9868-57a2d4851a1d" />
    <TestEntry testId="405fd94c-1e16-06c6-669b-4f6514668f24" executionId="2beef2df-381f-4a3e-af01-b06fd29636ba" testListId="8c84fa94-04c1-424b-9868-57a2d4851a1d" />
    <TestEntry testId="3972325b-780e-8149-0501-afcdb2e51733" executionId="54a90dc7-9d7e-430a-bd8c-f466425ceda6" testListId="8c84fa94-04c1-424b-9868-57a2d4851a1d" />
    <TestEntry testId="07d2e673-5834-e2ca-06bc-89c7780bb3c8" executionId="9d5de02a-3ec9-48f4-ae78-5e84c97bb01b" testListId="8c84fa94-04c1-424b-9868-57a2d4851a1d" />
    <TestEntry testId="a1f4b443-1603-0539-0dc0-d4ce95853134" executionId="0b21e0e8-63d8-4358-8631-0621eb8e290c" testListId="8c84fa94-04c1-424b-9868-57a2d4851a1d" />
    <TestEntry testId="2ae1304c-81ac-a359-4734-cee502a63ccd" executionId="99b1d373-ca59-43f1-959c-52816b7662fd" testListId="8c84fa94-04c1-424b-9868-57a2d4851a1d" />
    <TestEntry testId="b16522d5-763c-5079-f175-3132fe0bb3ec" executionId="84994dff-b96a-4805-b4a4-c34e66eec485" testListId="8c84fa94-04c1-424b-9868-57a2d4851a1d" />
    <TestEntry testId="63abd0f8-5814-164f-7950-4ad186521ab4" executionId="42cd7f55-3e14-4c46-852b-19b551777ee6" testListId="8c84fa94-04c1-424b-9868-57a2d4851a1d" />
    <TestEntry testId="c2f5de2f-6096-d57c-95e5-fec26b8d796d" executionId="f838cda6-272c-4102-9975-53fa25b17e6d" testListId="8c84fa94-04c1-424b-9868-57a2d4851a1d" />
    <TestEntry testId="ecd11cad-395d-4d5e-d9ae-03e7b8295be8" executionId="632ccc19-00df-42e7-8d20-70eacdfa2476" testListId="8c84fa94-04c1-424b-9868-57a2d4851a1d" />
    <TestEntry testId="ce884f09-4916-a854-a0cc-dbdac776383b" executionId="aece6f08-f2d8-40cf-af01-cc85ae424000" testListId="8c84fa94-04c1-424b-9868-57a2d4851a1d" />
    <TestEntry testId="2e23022d-866f-3ace-93c9-9c504b47228e" executionId="fb473587-13f8-4780-b6c7-e45c9d51d0d0" testListId="8c84fa94-04c1-424b-9868-57a2d4851a1d" />
    <TestEntry testId="280bec51-23dc-ffba-208c-c20000ad7909" executionId="6bd3907e-4488-407a-a884-cd1b6e55ef65" testListId="8c84fa94-04c1-424b-9868-57a2d4851a1d" />
    <TestEntry testId="4b5ed4f4-cca7-3210-3b0c-b7d6cb410605" executionId="1a1bc0f4-dbdb-4cf6-9c29-f3113265296a" testListId="8c84fa94-04c1-424b-9868-57a2d4851a1d" />
    <TestEntry testId="a8ccc846-1ff4-1690-63b6-362e0b40f521" executionId="61e9e768-5d55-4778-a71f-b7943b6bc67f" testListId="8c84fa94-04c1-424b-9868-57a2d4851a1d" />
    <TestEntry testId="020a6f08-c481-d586-c35b-71ffdcdf77ae" executionId="aa2eb818-683a-46fe-8d1b-b1660a84b787" testListId="8c84fa94-04c1-424b-9868-57a2d4851a1d" />
    <TestEntry testId="9a47f56b-5bfd-fc11-0334-5ee2c89f0d7c" executionId="351e5851-5f6e-47ef-ab47-1251cbd6f178" testListId="8c84fa94-04c1-424b-9868-57a2d4851a1d" />
    <TestEntry testId="75c5db20-bc00-63de-91f7-e74098d22990" executionId="dd6bd58d-b1c2-4fc5-a01b-9dc12ea30766" testListId="8c84fa94-04c1-424b-9868-57a2d4851a1d" />
    <TestEntry testId="d9747d07-b571-8346-80a3-fe62a8b92e46" executionId="9529987f-edaf-427b-9fae-50d2dd624919" testListId="8c84fa94-04c1-424b-9868-57a2d4851a1d" />
    <TestEntry testId="eeb41d66-bc8a-3f24-dae1-82048046740c" executionId="481d1a5e-2361-4eb6-94d7-c2b3080aa0bf" testListId="8c84fa94-04c1-424b-9868-57a2d4851a1d" />
    <TestEntry testId="446583bb-1a0c-a601-da8c-b6db446288a3" executionId="36db267a-280e-4b96-9166-3c9e129fdb8a" testListId="8c84fa94-04c1-424b-9868-57a2d4851a1d" />
    <TestEntry testId="5ecd0d47-634a-f5a5-e7c4-807c1c8c5935" executionId="b8599c64-8b45-4494-8133-ca877a91b31f" testListId="8c84fa94-04c1-424b-9868-57a2d4851a1d" />
    <TestEntry testId="d6e5f7f2-25f3-210a-1f00-1f733c0e9da8" executionId="a1dfbfe6-9ffa-45ba-94ac-f74231e0abad" testListId="8c84fa94-04c1-424b-9868-57a2d4851a1d" />
    <TestEntry testId="ddff61cf-6c8e-562e-62f7-c9fb5ab0fb05" executionId="73e9741e-b9e2-4623-aec5-3a49e704faf7" testListId="8c84fa94-04c1-424b-9868-57a2d4851a1d" />
    <TestEntry testId="268d744c-88c8-b894-11b0-d59382621120" executionId="b08cd644-8574-4109-92c8-85e792ff1a6e" testListId="8c84fa94-04c1-424b-9868-57a2d4851a1d" />
    <TestEntry testId="0b4fc99c-eb06-94b0-bab6-1d7f1e79217a" executionId="e9aed0fe-1279-49e4-af73-23287abf805c" testListId="8c84fa94-04c1-424b-9868-57a2d4851a1d" />
    <TestEntry testId="cc50075c-462e-8b57-d394-e1d716bb8f7e" executionId="2c37f0d9-16da-4b81-9be4-54d3275eb9e0" testListId="8c84fa94-04c1-424b-9868-57a2d4851a1d" />
    <TestEntry testId="ac2caede-1993-10f2-1269-ecc9a1cb91c8" executionId="206a823c-88ad-4f79-888f-ce8e0b9d3e4e" testListId="8c84fa94-04c1-424b-9868-57a2d4851a1d" />
    <TestEntry testId="8383728b-b15a-a0ae-e2d4-37daa1d150cf" executionId="1c5ed81b-62f9-498c-a99e-174a59081bd3" testListId="8c84fa94-04c1-424b-9868-57a2d4851a1d" />
    <TestEntry testId="c3694fbe-f799-3b5e-9ff5-0d754eb65db7" executionId="6d4dc242-7c32-4a94-9ccd-239be8fdfe8b" testListId="8c84fa94-04c1-424b-9868-57a2d4851a1d" />
    <TestEntry testId="8a43bd3c-a801-bb4f-9167-9cddc20d64b5" executionId="80fa4625-4023-4906-929d-accff3eb2ea6" testListId="8c84fa94-04c1-424b-9868-57a2d4851a1d" />
    <TestEntry testId="f02c83be-628b-c901-c0e0-b0c07da04720" executionId="ad663c04-b073-4d8e-9958-48a2caa84746" testListId="8c84fa94-04c1-424b-9868-57a2d4851a1d" />
    <TestEntry testId="a646cbbd-eb04-f9aa-5695-780998d26368" executionId="aa6bdf53-44c1-42c1-bd75-6f53b434f1c2" testListId="8c84fa94-04c1-424b-9868-57a2d4851a1d" />
    <TestEntry testId="7ca0cb73-aeb1-887f-1af1-2afb19198c6a" executionId="e3a78c35-f38f-4716-8eed-fa72479b27e5" testListId="8c84fa94-04c1-424b-9868-57a2d4851a1d" />
    <TestEntry testId="629e7f8f-acc1-6486-7ee3-d596d40e2188" executionId="df9f7b11-45aa-40a3-bf8e-ad63e075e5b1" testListId="8c84fa94-04c1-424b-9868-57a2d4851a1d" />
    <TestEntry testId="9f3021c1-925a-71da-e253-d006455bc8e9" executionId="f926efe9-5596-4459-92b0-7304660fe159" testListId="8c84fa94-04c1-424b-9868-57a2d4851a1d" />
    <TestEntry testId="28f7c59d-b5d1-8620-75b4-446e721774f0" executionId="38bd141a-803f-4c80-b95b-dbfd575bdb25" testListId="8c84fa94-04c1-424b-9868-57a2d4851a1d" />
    <TestEntry testId="dddb8e0d-1bc6-fd59-4ffa-24cd6ce629ee" executionId="335c1348-85fc-4ed1-8452-21c12dd2c5e9" testListId="8c84fa94-04c1-424b-9868-57a2d4851a1d" />
    <TestEntry testId="58c799eb-3510-390d-5f8b-eb2a700feeb4" executionId="cdc615e6-8cb0-43d5-997f-502d26ab656a" testListId="8c84fa94-04c1-424b-9868-57a2d4851a1d" />
    <TestEntry testId="c6b038af-0bc0-b632-00c4-3ef8ea29ed6e" executionId="d14491bd-fb68-437b-bb8c-ef38e154ed17" testListId="8c84fa94-04c1-424b-9868-57a2d4851a1d" />
    <TestEntry testId="3060bcb3-7dbb-52ae-d898-6c736e92902a" executionId="38096e27-2616-49e1-9c5e-396ad1890ee2" testListId="8c84fa94-04c1-424b-9868-57a2d4851a1d" />
    <TestEntry testId="6bd0c540-38a9-699a-6e83-30afb294a184" executionId="027e2b9d-b9ce-4fe2-9ab7-feccd566db47" testListId="8c84fa94-04c1-424b-9868-57a2d4851a1d" />
    <TestEntry testId="f2f6b3ec-eeaf-c73e-5a2e-1ef2fc174766" executionId="25d55234-82e6-4de2-ba7a-03fb6bfeee4d" testListId="8c84fa94-04c1-424b-9868-57a2d4851a1d" />
    <TestEntry testId="6d5a4486-b343-0cdc-4507-2918b358e5b5" executionId="97207316-6363-41ed-9343-e3afa532882c" testListId="8c84fa94-04c1-424b-9868-57a2d4851a1d" />
    <TestEntry testId="1dbd60f0-8bf8-0e06-1bea-3397a47d2afd" executionId="d484edf7-8491-4fa0-bb45-3161b5be3e5c" testListId="8c84fa94-04c1-424b-9868-57a2d4851a1d" />
    <TestEntry testId="4c88da48-1cf2-2ce5-51d9-4c397983aa27" executionId="bbc6efce-cb65-460d-bc06-488a6593acff" testListId="8c84fa94-04c1-424b-9868-57a2d4851a1d" />
    <TestEntry testId="dd8f8349-d619-3359-a263-b07e1bc2b428" executionId="03a7774a-4f0a-4fdc-a16b-9041e1042137" testListId="8c84fa94-04c1-424b-9868-57a2d4851a1d" />
    <TestEntry testId="cbefd2c6-af4f-b601-5e3c-99959e055433" executionId="3be3917d-820b-49b2-a143-589ff546aadc" testListId="8c84fa94-04c1-424b-9868-57a2d4851a1d" />
    <TestEntry testId="8ee850f6-f93d-44de-04bb-8bbc073b000b" executionId="14bae0c4-6860-4239-812d-af1369ffb28c" testListId="8c84fa94-04c1-424b-9868-57a2d4851a1d" />
    <TestEntry testId="6c726527-cdae-6f0e-e424-af9055e97f92" executionId="4dae379f-e8e0-4282-a3b8-11ddb857cad3" testListId="8c84fa94-04c1-424b-9868-57a2d4851a1d" />
    <TestEntry testId="73a1b770-4a5e-0a29-6a9c-524092b48888" executionId="6a84d88e-bdab-4288-83ce-bd6c158a5876" testListId="8c84fa94-04c1-424b-9868-57a2d4851a1d" />
    <TestEntry testId="33a7bbde-5ce9-4487-c1d1-eb748c5080db" executionId="a60bddee-fe8e-4fdb-bd9c-fe6021e2b279" testListId="8c84fa94-04c1-424b-9868-57a2d4851a1d" />
    <TestEntry testId="44803fba-616e-b64e-f070-676eb27c9592" executionId="7c07cdd1-2816-4731-90c0-726127459cdd" testListId="8c84fa94-04c1-424b-9868-57a2d4851a1d" />
    <TestEntry testId="677131f5-8f9b-a5d7-51f3-8830f5479d4d" executionId="8b007796-2109-4d15-a341-e53486e6c7ea" testListId="8c84fa94-04c1-424b-9868-57a2d4851a1d" />
    <TestEntry testId="7f949d80-13b6-78ce-6336-64f88eac33b7" executionId="ace366dd-7b50-487f-a679-9b277add6b47" testListId="8c84fa94-04c1-424b-9868-57a2d4851a1d" />
    <TestEntry testId="8f39af80-f58e-71ee-14e2-037e33d2ca9e" executionId="c8b42108-78aa-4b89-a686-81da7ca961fc" testListId="8c84fa94-04c1-424b-9868-57a2d4851a1d" />
    <TestEntry testId="28f45f08-f929-d021-87bf-ac7bea3175f6" executionId="0596978d-cbbf-4baa-af7f-2b8cbd009931" testListId="8c84fa94-04c1-424b-9868-57a2d4851a1d" />
    <TestEntry testId="32cab928-a934-2b6a-7a60-1dfa1c7f9abb" executionId="81b7946f-f2f0-4e56-a58b-764939c259ca" testListId="8c84fa94-04c1-424b-9868-57a2d4851a1d" />
    <TestEntry testId="bba98ce8-0e46-19a1-add2-e0e6659866ca" executionId="64a6e349-1960-4e71-a6a7-e4ea3fc2e49a" testListId="8c84fa94-04c1-424b-9868-57a2d4851a1d" />
    <TestEntry testId="0d8a6f68-b892-8208-9f84-b0a607e9693d" executionId="595261dc-1ce2-4e30-9c21-0ca5a984543c" testListId="8c84fa94-04c1-424b-9868-57a2d4851a1d" />
    <TestEntry testId="5d00fc9b-986f-8e7a-5894-fe21deab4d76" executionId="016dca84-89ec-4766-83a1-c16946ce2579" testListId="8c84fa94-04c1-424b-9868-57a2d4851a1d" />
    <TestEntry testId="f6b53d12-55a1-6cea-cf6b-996b794f8a7d" executionId="8cec7f50-668c-4759-a0c6-5b45f6aa2caa" testListId="8c84fa94-04c1-424b-9868-57a2d4851a1d" />
    <TestEntry testId="0f9f915d-f9f9-434c-81bb-640e07bacad2" executionId="41e7478c-8ab8-48e8-81cc-c9a6b5df3895" testListId="8c84fa94-04c1-424b-9868-57a2d4851a1d" />
    <TestEntry testId="68cc5f29-514d-38dc-c438-33585cc74aa4" executionId="a7d1716c-0443-4c92-afb0-cda526317754" testListId="8c84fa94-04c1-424b-9868-57a2d4851a1d" />
    <TestEntry testId="3f49ee74-f47f-14db-402b-a5606f508f18" executionId="2f8167d7-6e28-4300-b170-197476767c08" testListId="8c84fa94-04c1-424b-9868-57a2d4851a1d" />
    <TestEntry testId="b7f18d4e-e8c0-3285-6e79-21ddd24f3d41" executionId="9c1a7b16-6446-456b-8399-ed0ffd045c1d" testListId="8c84fa94-04c1-424b-9868-57a2d4851a1d" />
    <TestEntry testId="18f05ca5-b5fb-a8dd-f454-c581d558cbe9" executionId="2e5c69fe-00ff-48ee-aef1-bb72e30e4bb8" testListId="8c84fa94-04c1-424b-9868-57a2d4851a1d" />
    <TestEntry testId="5457ec9d-b666-cb43-0581-94c4ccf2eefc" executionId="164dff57-8b09-42d5-92e4-95e7f38871db" testListId="8c84fa94-04c1-424b-9868-57a2d4851a1d" />
    <TestEntry testId="5dbab36b-8bf9-b94a-886b-0679437303ac" executionId="e00e22e8-9988-42b6-974e-0278c077b216" testListId="8c84fa94-04c1-424b-9868-57a2d4851a1d" />
    <TestEntry testId="121b3ea7-a273-e796-8c2e-1aff78536d24" executionId="c37179b8-298c-40e2-92eb-7b0c58d3b2a2" testListId="8c84fa94-04c1-424b-9868-57a2d4851a1d" />
    <TestEntry testId="6112ca55-caad-863b-bca3-e844e296c7b3" executionId="c8dc59cb-82db-4ad7-ade0-43d7643e06cc" testListId="8c84fa94-04c1-424b-9868-57a2d4851a1d" />
    <TestEntry testId="f2c0b89c-869a-b8e1-4f97-bcdc75425150" executionId="0c279ce5-8de4-477c-b603-f41fa6d9262c" testListId="8c84fa94-04c1-424b-9868-57a2d4851a1d" />
    <TestEntry testId="202af691-80fb-dfa6-d9ed-de360fd56509" executionId="cced56b0-9086-48bf-810c-6dbb1977a99b" testListId="8c84fa94-04c1-424b-9868-57a2d4851a1d" />
    <TestEntry testId="5b0b0b21-c836-f769-4fb0-bf7c584f610d" executionId="986dc8ee-7604-47c5-b714-94236bb775a4" testListId="8c84fa94-04c1-424b-9868-57a2d4851a1d" />
    <TestEntry testId="ab102e48-216b-a6e1-6a1e-ce5492770c81" executionId="13a57248-839b-44d9-b8e2-939d1894cc96" testListId="8c84fa94-04c1-424b-9868-57a2d4851a1d" />
    <TestEntry testId="0f9360de-cd99-435c-c549-ccd3fe79a633" executionId="586db837-f7ee-4685-a678-b17a47ab3d51" testListId="8c84fa94-04c1-424b-9868-57a2d4851a1d" />
    <TestEntry testId="bb6d95e1-fe2b-c7f2-f120-8406bb52b03a" executionId="b1f031e4-6e59-4982-8903-ccdae05bb4c0" testListId="8c84fa94-04c1-424b-9868-57a2d4851a1d" />
    <TestEntry testId="22a55186-734f-9dba-b3aa-22207bab8f2a" executionId="5eb9a714-17c6-4802-a80e-4e5fccf4b812" testListId="8c84fa94-04c1-424b-9868-57a2d4851a1d" />
    <TestEntry testId="d93cec4f-53d9-403d-a92c-21324eed1dc2" executionId="f4cefc6a-d4c4-4083-93ae-ae88da6a81d6" testListId="8c84fa94-04c1-424b-9868-57a2d4851a1d" />
    <TestEntry testId="f3b5f62e-4f46-2207-7f46-5faefe33f536" executionId="5a964a7e-c909-43ec-a02a-c0fa99214d61" testListId="8c84fa94-04c1-424b-9868-57a2d4851a1d" />
    <TestEntry testId="c6d9c40f-adc6-4edb-6a83-6f4ac42882d1" executionId="0dfd8dbb-60bc-471e-8ad2-980b94f565a5" testListId="8c84fa94-04c1-424b-9868-57a2d4851a1d" />
    <TestEntry testId="38f64a32-373c-d336-108a-9833491623db" executionId="e7240193-e4c8-4d7e-8d6a-a1a56330cbda" testListId="8c84fa94-04c1-424b-9868-57a2d4851a1d" />
    <TestEntry testId="869c75f3-f0d3-ccd1-94b9-b347ceeefe6e" executionId="769af2e4-9ec9-4e24-8b16-1fc10b011c7c" testListId="8c84fa94-04c1-424b-9868-57a2d4851a1d" />
    <TestEntry testId="c9f61712-9fd7-d6bb-db15-07624030c6e4" executionId="ae76f14a-5125-4c89-83bb-701dbd25a280" testListId="8c84fa94-04c1-424b-9868-57a2d4851a1d" />
    <TestEntry testId="85b3a0e0-be33-c2c1-998a-6dc53854bf16" executionId="d729218e-fc2d-4a83-bcfb-ec1f19ef2d8c" testListId="8c84fa94-04c1-424b-9868-57a2d4851a1d" />
    <TestEntry testId="ffb66a76-a7d1-dfa1-aa9c-bf5163813cc6" executionId="0f114a80-9c4c-42ec-a23e-197f90087d04" testListId="8c84fa94-04c1-424b-9868-57a2d4851a1d" />
    <TestEntry testId="dd2018e8-67f8-175b-29d6-c073c16953d1" executionId="3597716e-0e12-421d-a41f-a6fd3791ad86" testListId="8c84fa94-04c1-424b-9868-57a2d4851a1d" />
    <TestEntry testId="11c6e8b9-63df-e19b-bf9f-452e7d9c0dd7" executionId="b9390b20-c9b7-48fb-be7d-af7378653c81" testListId="8c84fa94-04c1-424b-9868-57a2d4851a1d" />
    <TestEntry testId="46930332-f66d-a8f0-6df4-449ab0a9cd10" executionId="a31ebaa5-6adf-4fa3-87b5-b1f75e5debad" testListId="8c84fa94-04c1-424b-9868-57a2d4851a1d" />
    <TestEntry testId="1c8b7bab-7237-42e0-5fb5-c55615089994" executionId="71fea655-b57a-49e1-b3ff-9458ccb87202" testListId="8c84fa94-04c1-424b-9868-57a2d4851a1d" />
    <TestEntry testId="0857da33-b4ef-b236-6099-02a532ef2a14" executionId="89b6911c-1787-493d-b9c9-fe484a3986cb" testListId="8c84fa94-04c1-424b-9868-57a2d4851a1d" />
    <TestEntry testId="c48c7a66-1a74-12aa-2595-2e164ad6c470" executionId="2cf93880-8ee2-43f5-9a52-391680b82c67" testListId="8c84fa94-04c1-424b-9868-57a2d4851a1d" />
    <TestEntry testId="2ac27a39-0887-ff83-8ecd-f4b873b52bce" executionId="6d086969-d88a-4a5a-b0ab-cbed9d9a69de" testListId="8c84fa94-04c1-424b-9868-57a2d4851a1d" />
  </TestEntries>
  <TestLists>
    <TestList name="Results Not in a List" id="8c84fa94-04c1-424b-9868-57a2d4851a1d" />
    <TestList name="All Loaded Results" id="19431567-8539-422a-85d7-44ee4e166bda" />
  </TestLists>
  <ResultSummary outcome="Completed">
    <Counters total="158" executed="158" passed="158" failed="0" error="0" timeout="0" aborted="0" inconclusive="0" passedButRunAborted="0" notRunnable="0" notExecuted="0" disconnected="0" warning="0" completed="0" inProgress="0" pending="0" />
    <Output>
      <StdOut>NUnit Adapter 4.5.0.0: Test execution started
Running all tests in /workspace/tests/FluentUIScaffold.Core.Tests/bin/Debug/net7.0/FluentUIScaffold.Core.Tests.dll
   NUnit3TestExecutor discovered 158 of 158 NUnit test cases using Current Discovery mode, Non-Explicit run
WithServerConfiguration_Removed_FromBuilder: Server configuration is now provided only to WebServerManager
WithServerConfiguration_WithNullConfiguration_Removed: Removed
WithWebServerProjectPath_IsRemoved_FromBuilder: Server config APIs removed from options builder; managed by WebServerManager
WithWebServerProjectPath_WithEmptyPath_Removed: Removed
WithWebServerProjectPath_WithNullPath_Removed: Removed
ServerConfiguration_Removed_FromOptions: Server configuration removed from options; managed by WebServerManager
WebServerProjectPath_Removed_FromOptions: Server project path removed from options; managed by WebServerManager
RegisterDetector_WithValidDetector_RegistersSuccessfully: Detector registered successfully
NUnit Adapter 4.5.0.0: Test execution complete
</StdOut>
    </Output>
    <RunInfos>
      <RunInfo computerName="cursor" outcome="Warning" timestamp="2025-08-11T08:39:56.4865914+00:00">
        <Text>PluginRegistry count before seeding: 1
PluginManager count after seeding: 1
</Text>
      </RunInfo>
      <RunInfo computerName="cursor" outcome="Warning" timestamp="2025-08-11T08:39:56.5029958+00:00">
        <Text>=== Aspire (dotnet run) ===
Builder methods:
ServerConfiguration
    .CreateAspireServer(new Uri("http://localhost:6066"), "/path/to/AspireApp.AppHost.csproj")
    .WithFramework("net9.0")
    .WithConfiguration("Release")
Run command:
dotnet run --framework net9.0 --configuration Release --no-launch-profile
Environment variables:
ASPNETCORE_ENVIRONMENT=Development
ASPNETCORE_FORWARDEDHEADERS_ENABLED=false
ASPNETCORE_HOSTINGSTARTUPASSEMBLIES=
ASPNETCORE_URLS=http://localhost:6066/
DOTNET_DASHBOARD_OTLP_ENDPOINT_URL=https://localhost:21097
DOTNET_ENVIRONMENT=Development
DOTNET_RESOURCE_SERVICE_ENDPOINT_URL=https://localhost:22268
====================

</Text>
      </RunInfo>
      <RunInfo computerName="cursor" outcome="Warning" timestamp="2025-08-11T08:39:56.5042942+00:00">
        <Text>=== Custom env vars ===
Builder methods:
.WithEnvironmentVariable("MY_SETTING", "abc").WithEnvironmentVariables(...) 
Run command:
dotnet run --framework net8.0 --configuration Release --no-launch-profile
Environment variables:
ASPNETCORE_ENVIRONMENT=Staging
ASPNETCORE_HOSTINGSTARTUPASSEMBLIES=
FOO=bar
MY_SETTING=abc
====================

</Text>
      </RunInfo>
      <RunInfo computerName="cursor" outcome="Warning" timestamp="2025-08-11T08:39:56.5057753+00:00">
        <Text>=== ASP.NET Core (dotnet run) ===
Builder methods:
ServerConfiguration
    .CreateDotNetServer(new Uri("http://localhost:5055"), "/path/to/MyApp.csproj")
    .WithFramework("net9.0")
    .WithConfiguration("Debug")
Run command:
dotnet run --framework net9.0 --configuration Debug --no-launch-profile
Environment variables:
ASPNETCORE_ENVIRONMENT=Development
ASPNETCORE_HOSTINGSTARTUPASSEMBLIES=
====================

</Text>
      </RunInfo>
      <RunInfo computerName="cursor" outcome="Warning" timestamp="2025-08-11T08:39:56.5070375+00:00">
        <Text>=== Node.js (npm run) ===
Builder methods: WithNpmScript("dev").WithNodeEnvironment("production").WithPort(7777).WithArguments("--", "--open")
npm start dev -- --open
NODE_ENV=production
PORT=7777
====================

</Text>
      </RunInfo>
      <RunInfo computerName="cursor" outcome="Warning" timestamp="2025-08-11T08:39:56.5072971+00:00">
        <Text>=== SPA proxy enabled ===
Builder methods:
.WithSpaProxy(true)
Run command:
dotnet run --framework net8.0 --configuration Release --no-launch-profile
Environment variables:
ASPNETCORE_ENVIRONMENT=Development
ASPNETCORE_HOSTINGSTARTUPASSEMBLIES=Microsoft.AspNetCore.SpaProxy
====================

=== SPA proxy disabled ===
Builder methods:
.WithSpaProxy(false)
Run command:
dotnet run --framework net8.0 --configuration Release --no-launch-profile
Environment variables:
ASPNETCORE_ENVIRONMENT=Development
ASPNETCORE_HOSTINGSTARTUPASSEMBLIES=
====================

</Text>
      </RunInfo>
      <RunInfo computerName="cursor" outcome="Warning" timestamp="2025-08-11T08:39:56.5077037+00:00">
        <Text>=== WebApplicationFactory (fallback to dotnet run) ===
Builder methods:
.WithFramework("net9.0").WithConfiguration("Debug")
Run command:
dotnet run --framework net9.0 --configuration Debug --no-launch-profile
Environment variables:
ASPNETCORE_HOSTINGSTARTUPASSEMBLIES=
====================

</Text>
      </RunInfo>
    </RunInfos>
    <CollectorDataEntries>
      <Collector agentName="cursor" uri="datacollector://microsoft/CoverletCodeCoverage/1.0" collectorDisplayName="XPlat code coverage">
        <UriAttachments>
          <UriAttachment>
            <A href="cursor/coverage.cobertura.xml"></A>
          </UriAttachment>
        </UriAttachments>
      </Collector>
    </CollectorDataEntries>
  </ResultSummary>
</TestRun>