<?xml version="1.0" encoding="utf-8"?>
<TestRun id="a6c3e691-55f3-47d8-bf13-72c04c2b7121" name="@cursor 2025-08-11 23:15:52" xmlns="http://microsoft.com/schemas/VisualStudio/TeamTest/2010">
  <Times creation="2025-08-11T23:15:52.9283902+00:00" queuing="2025-08-11T23:15:52.9283903+00:00" start="2025-08-11T23:15:51.0561577+00:00" finish="2025-08-11T23:15:53.7043226+00:00" />
  <TestSettings name="default" id="28f79a82-0199-43cf-8543-c97481f1b71a">
    <Deployment runDeploymentRoot="_cursor_2025-08-11_23_15_52" />
  </TestSettings>
  <Results>
    <UnitTestResult executionId="165c9a6d-5ba7-4dca-bf82-03a32e7a70dc" testId="0d8a6f68-b892-8208-9f84-b0a607e9693d" testName="Filter_WithNullPredicate_ShouldThrowArgumentNullException" computerName="cursor" duration="00:00:00.0004760" startTime="2025-08-11T23:15:52.9020552+00:00" endTime="2025-08-11T23:15:52.9025315+00:00" testType="13cdc9d9-ddb5-4fa4-a97d-d965ccfc6d4b" outcome="Passed" testListId="8c84fa94-04c1-424b-9868-57a2d4851a1d" relativeResultsDirectory="165c9a6d-5ba7-4dca-bf82-03a32e7a70dc" />
    <UnitTestResult executionId="f0f43d75-0136-4611-befc-45725424c391" testId="894f94b1-efcc-7bbe-43c4-5aa998a01fba" testName="SetServerSpecificEnvironmentVariables_AspNetCore_SetsAspNetCoreUrls" computerName="cursor" duration="00:00:00.0003040" startTime="2025-08-11T23:15:52.8432249+00:00" endTime="2025-08-11T23:15:52.8435289+00:00" testType="13cdc9d9-ddb5-4fa4-a97d-d965ccfc6d4b" outcome="Passed" testListId="8c84fa94-04c1-424b-9868-57a2d4851a1d" relativeResultsDirectory="f0f43d75-0136-4611-befc-45725424c391" />
    <UnitTestResult executionId="ae6e5a6b-e3d9-41bf-99e7-4bae640f1089" testId="d6e5f7f2-25f3-210a-1f00-1f733c0e9da8" testName="Filter_WithNoMatchingElements_ShouldReturnEmptyCollection" computerName="cursor" duration="00:00:00.0044300" startTime="2025-08-11T23:15:52.8976104+00:00" endTime="2025-08-11T23:15:52.9020398+00:00" testType="13cdc9d9-ddb5-4fa4-a97d-d965ccfc6d4b" outcome="Passed" testListId="8c84fa94-04c1-424b-9868-57a2d4851a1d" relativeResultsDirectory="ae6e5a6b-e3d9-41bf-99e7-4bae640f1089" />
    <UnitTestResult executionId="269e2115-bcb4-42c4-9f39-7a49f3120e67" testId="7f949d80-13b6-78ce-6336-64f88eac33b7" testName="FilterByText_WithNoMatchingText_ShouldReturnEmptyCollection" computerName="cursor" duration="00:00:00.0001650" startTime="2025-08-11T23:15:52.9060249+00:00" endTime="2025-08-11T23:15:52.9061897+00:00" testType="13cdc9d9-ddb5-4fa4-a97d-d965ccfc6d4b" outcome="Passed" testListId="8c84fa94-04c1-424b-9868-57a2d4851a1d" relativeResultsDirectory="269e2115-bcb4-42c4-9f39-7a49f3120e67" />
    <UnitTestResult executionId="f709a23d-40ce-4a12-9428-71d1e0319ef5" testId="2ac82e10-080e-2b5b-2d3d-5685bb444717" testName="SetServerSpecificEnvironmentVariables_Aspire_DoesNotOverrideAspNetCoreUrls" computerName="cursor" duration="00:00:00.0004530" startTime="2025-08-11T23:15:52.8427599+00:00" endTime="2025-08-11T23:15:52.8432128+00:00" testType="13cdc9d9-ddb5-4fa4-a97d-d965ccfc6d4b" outcome="Passed" testListId="8c84fa94-04c1-424b-9868-57a2d4851a1d" relativeResultsDirectory="f709a23d-40ce-4a12-9428-71d1e0319ef5" />
    <UnitTestResult executionId="a7d7c81f-ce60-42d4-bbbe-e46a7aec9c2b" testId="ecd11cad-395d-4d5e-d9ae-03e7b8295be8" testName="WithAttribute_ShouldAddAttribute" computerName="cursor" duration="00:00:00.0002390" startTime="2025-08-11T23:15:52.8837788+00:00" endTime="2025-08-11T23:15:52.8840181+00:00" testType="13cdc9d9-ddb5-4fa4-a97d-d965ccfc6d4b" outcome="Passed" testListId="8c84fa94-04c1-424b-9868-57a2d4851a1d" relativeResultsDirectory="a7d7c81f-ce60-42d4-bbbe-e46a7aec9c2b" />
    <UnitTestResult executionId="73070053-3534-4d18-ad5b-b6c4ade6cc27" testId="2d7af110-a47a-3498-5f06-ff20a980bae8" testName="Constructor_WithValidParameters_ShouldInitializeWithDefaultValues" computerName="cursor" duration="00:00:00.0003700" startTime="2025-08-11T23:15:52.8829062+00:00" endTime="2025-08-11T23:15:52.8832763+00:00" testType="13cdc9d9-ddb5-4fa4-a97d-d965ccfc6d4b" outcome="Passed" testListId="8c84fa94-04c1-424b-9868-57a2d4851a1d" relativeResultsDirectory="73070053-3534-4d18-ad5b-b6c4ade6cc27" />
    <UnitTestResult executionId="321e41fd-9d74-4b7c-a212-9fefdbb31cbc" testId="f02c83be-628b-c901-c0e0-b0c07da04720" testName="GetLauncher_WithUnregisteredServerType_ThrowsException" computerName="cursor" duration="00:00:00.0002280" startTime="2025-08-11T23:15:53.1473531+00:00" endTime="2025-08-11T23:15:53.1475808+00:00" testType="13cdc9d9-ddb5-4fa4-a97d-d965ccfc6d4b" outcome="Passed" testListId="8c84fa94-04c1-424b-9868-57a2d4851a1d" relativeResultsDirectory="321e41fd-9d74-4b7c-a212-9fefdbb31cbc" />
    <UnitTestResult executionId="252f8927-e7fa-400b-84ec-19bdf23f6b9d" testId="6bd0c540-38a9-699a-6e83-30afb294a184" testName="Constructor_WithNullOptions_ThrowsException" computerName="cursor" duration="00:00:00.0009180" startTime="2025-08-11T23:15:52.9665570+00:00" endTime="2025-08-11T23:15:52.9674749+00:00" testType="13cdc9d9-ddb5-4fa4-a97d-d965ccfc6d4b" outcome="Passed" testListId="8c84fa94-04c1-424b-9868-57a2d4851a1d" relativeResultsDirectory="252f8927-e7fa-400b-84ec-19bdf23f6b9d" />
    <UnitTestResult executionId="933be54c-f8e8-40f9-91ff-3cf9f6fc0b61" testId="280bec51-23dc-ffba-208c-c20000ad7909" testName="Constructor_WithNullDriver_ShouldThrowArgumentNullException" computerName="cursor" duration="00:00:00.0023230" startTime="2025-08-11T23:15:52.8796671+00:00" endTime="2025-08-11T23:15:52.8819896+00:00" testType="13cdc9d9-ddb5-4fa4-a97d-d965ccfc6d4b" outcome="Passed" testListId="8c84fa94-04c1-424b-9868-57a2d4851a1d" relativeResultsDirectory="933be54c-f8e8-40f9-91ff-3cf9f6fc0b61" />
    <UnitTestResult executionId="4c1821f2-ceac-4f5c-bf21-2e23d8cb2ec0" testId="2c985496-df4a-5947-e2dc-50422705efcf" testName="SlowMo_WithValidValue_SetsSlowMo" computerName="cursor" duration="00:00:00.0001570" startTime="2025-08-11T23:15:53.1141070+00:00" endTime="2025-08-11T23:15:53.1142641+00:00" testType="13cdc9d9-ddb5-4fa4-a97d-d965ccfc6d4b" outcome="Passed" testListId="8c84fa94-04c1-424b-9868-57a2d4851a1d" relativeResultsDirectory="4c1821f2-ceac-4f5c-bf21-2e23d8cb2ec0" />
    <UnitTestResult executionId="d1ed5e63-ce61-4a95-a364-6e0d7f6198ec" testId="e75b2bb9-5515-7802-e744-4a6d4013843f" testName="GetOrCreateElement_WithExistingKey_ShouldReturnCachedElement" computerName="cursor" duration="00:00:00.0003669" startTime="2025-08-11T23:15:52.9188155+00:00" endTime="2025-08-11T23:15:52.9191823+00:00" testType="13cdc9d9-ddb5-4fa4-a97d-d965ccfc6d4b" outcome="Passed" testListId="8c84fa94-04c1-424b-9868-57a2d4851a1d" relativeResultsDirectory="d1ed5e63-ce61-4a95-a364-6e0d7f6198ec" />
    <UnitTestResult executionId="501c6a90-e267-4bbf-9ad0-ff8f7795a3a3" testId="85b3a0e0-be33-c2c1-998a-6dc53854bf16" testName="WaitFor_WithVisibleStrategy_ShouldCallWaitForVisible" computerName="cursor" duration="00:00:00.0003480" startTime="2025-08-11T23:15:52.9375474+00:00" endTime="2025-08-11T23:15:52.9378949+00:00" testType="13cdc9d9-ddb5-4fa4-a97d-d965ccfc6d4b" outcome="Passed" testListId="8c84fa94-04c1-424b-9868-57a2d4851a1d" relativeResultsDirectory="501c6a90-e267-4bbf-9ad0-ff8f7795a3a3" />
    <UnitTestResult executionId="2c874519-0eb4-48f0-aae8-05ac18a2d225" testId="b7012c97-f966-55dc-c35d-274095149e5d" testName="RegisterElement_WithEmptyKey_ShouldThrowArgumentException" computerName="cursor" duration="00:00:00.0002350" startTime="2025-08-11T23:15:52.9198702+00:00" endTime="2025-08-11T23:15:52.9201053+00:00" testType="13cdc9d9-ddb5-4fa4-a97d-d965ccfc6d4b" outcome="Passed" testListId="8c84fa94-04c1-424b-9868-57a2d4851a1d" relativeResultsDirectory="2c874519-0eb4-48f0-aae8-05ac18a2d225" />
    <UnitTestResult executionId="0ba75104-7261-4c82-9308-67b1fc59998c" testId="0b4fc99c-eb06-94b0-bab6-1d7f1e79217a" testName="WithCustomWait_WithNullCondition_ShouldThrowArgumentNullException" computerName="cursor" duration="00:00:00.0001810" startTime="2025-08-11T23:15:52.8848470+00:00" endTime="2025-08-11T23:15:52.8850277+00:00" testType="13cdc9d9-ddb5-4fa4-a97d-d965ccfc6d4b" outcome="Passed" testListId="8c84fa94-04c1-424b-9868-57a2d4851a1d" relativeResultsDirectory="0ba75104-7261-4c82-9308-67b1fc59998c" />
    <UnitTestResult executionId="f8d5becd-265b-42a1-b03d-e4d5cc978a76" testId="0f9360de-cd99-435c-c549-ccd3fe79a633" testName="WebServerProjectPath_Removed_FromOptions" computerName="cursor" duration="00:00:00.0001880" startTime="2025-08-11T23:15:53.1142722+00:00" endTime="2025-08-11T23:15:53.1144599+00:00" testType="13cdc9d9-ddb5-4fa4-a97d-d965ccfc6d4b" outcome="Passed" testListId="8c84fa94-04c1-424b-9868-57a2d4851a1d" relativeResultsDirectory="f8d5becd-265b-42a1-b03d-e4d5cc978a76">
      <Output>
        <StdOut>Server project path removed from options; managed by WebServerManager</StdOut>
      </Output>
    </UnitTestResult>
    <UnitTestResult executionId="f7684f8c-cb31-499d-9d05-89f8f3327b91" testId="677131f5-8f9b-a5d7-51f3-8830f5479d4d" testName="WithHeadlessMode_WithNullValue_SetsHeadlessModeToNull" computerName="cursor" duration="00:00:00.0001190" startTime="2025-08-11T23:15:52.9633441+00:00" endTime="2025-08-11T23:15:52.9634627+00:00" testType="13cdc9d9-ddb5-4fa4-a97d-d965ccfc6d4b" outcome="Passed" testListId="8c84fa94-04c1-424b-9868-57a2d4851a1d" relativeResultsDirectory="f7684f8c-cb31-499d-9d05-89f8f3327b91" />
    <UnitTestResult executionId="d5dc5f35-4c5c-40b1-8e7b-f85fb62ed655" testId="f2c0b89c-869a-b8e1-4f97-bcdc75425150" testName="FilterByText_WithMatchingText_ShouldReturnFilteredCollection" computerName="cursor" duration="00:00:00.0002120" startTime="2025-08-11T23:15:52.9058051+00:00" endTime="2025-08-11T23:15:52.9060174+00:00" testType="13cdc9d9-ddb5-4fa4-a97d-d965ccfc6d4b" outcome="Passed" testListId="8c84fa94-04c1-424b-9868-57a2d4851a1d" relativeResultsDirectory="d5dc5f35-4c5c-40b1-8e7b-f85fb62ed655" />
    <UnitTestResult executionId="ff990f13-b5bd-47b8-a585-1d65bfa1253c" testId="8ca40265-bff9-35e5-4c05-5311e5fae258" testName="DetectProjectPath_FromEnvironmentVariable_ReturnsPath" computerName="cursor" duration="00:00:00.0003480" startTime="2025-08-11T23:15:52.9419641+00:00" endTime="2025-08-11T23:15:52.9423123+00:00" testType="13cdc9d9-ddb5-4fa4-a97d-d965ccfc6d4b" outcome="Passed" testListId="8c84fa94-04c1-424b-9868-57a2d4851a1d" relativeResultsDirectory="ff990f13-b5bd-47b8-a585-1d65bfa1253c" />
    <UnitTestResult executionId="0d62b271-4ee1-4bfd-a3c9-fc292e010368" testId="2e23022d-866f-3ace-93c9-9c504b47228e" testName="RegisterPlugin_WithNullPlugin_ThrowsArgumentNullException" computerName="cursor" duration="00:00:00.0001960" startTime="2025-08-11T23:15:53.1258893+00:00" endTime="2025-08-11T23:15:53.1260857+00:00" testType="13cdc9d9-ddb5-4fa4-a97d-d965ccfc6d4b" outcome="Passed" testListId="8c84fa94-04c1-424b-9868-57a2d4851a1d" relativeResultsDirectory="0d62b271-4ee1-4bfd-a3c9-fc292e010368" />
    <UnitTestResult executionId="2f85b3b7-e5aa-4d98-8227-c5afa6698d44" testId="5bf46c48-3055-37d6-fef8-c9d126207b04" testName="Constructor_WithLogger_CreatesInstance" computerName="cursor" duration="00:00:00.0031890" startTime="2025-08-11T23:15:53.1206456+00:00" endTime="2025-08-11T23:15:53.1238348+00:00" testType="13cdc9d9-ddb5-4fa4-a97d-d965ccfc6d4b" outcome="Passed" testListId="8c84fa94-04c1-424b-9868-57a2d4851a1d" relativeResultsDirectory="2f85b3b7-e5aa-4d98-8227-c5afa6698d44" />
    <UnitTestResult executionId="387177f1-6e7d-4469-aa63-bb477a445de4" testId="28f45f08-f929-d021-87bf-ac7bea3175f6" testName="WithWebServerProjectPath_WithNullPath_Removed" computerName="cursor" duration="00:00:00.0001460" startTime="2025-08-11T23:15:52.9656913+00:00" endTime="2025-08-11T23:15:52.9658375+00:00" testType="13cdc9d9-ddb5-4fa4-a97d-d965ccfc6d4b" outcome="Passed" testListId="8c84fa94-04c1-424b-9868-57a2d4851a1d" relativeResultsDirectory="387177f1-6e7d-4469-aa63-bb477a445de4">
      <Output>
        <StdOut>Removed</StdOut>
      </Output>
    </UnitTestResult>
    <UnitTestResult executionId="43ce77bb-42f3-46b7-af5f-d630ac5a150e" testId="1d0c7a95-619b-8f87-d712-932128165f7a" testName="ElementValidationException_Constructors_Work" computerName="cursor" duration="00:00:00.0002320" startTime="2025-08-11T23:15:52.9429940+00:00" endTime="2025-08-11T23:15:52.9432262+00:00" testType="13cdc9d9-ddb5-4fa4-a97d-d965ccfc6d4b" outcome="Passed" testListId="8c84fa94-04c1-424b-9868-57a2d4851a1d" relativeResultsDirectory="43ce77bb-42f3-46b7-af5f-d630ac5a150e" />
    <UnitTestResult executionId="607c4258-1fbc-4214-98d0-5a9be22036d8" testId="d9747d07-b571-8346-80a3-fe62a8b92e46" testName="WithWebServerProjectPath_IsRemoved_FromBuilder" computerName="cursor" duration="00:00:00.0002180" startTime="2025-08-11T23:15:52.9652848+00:00" endTime="2025-08-11T23:15:52.9655026+00:00" testType="13cdc9d9-ddb5-4fa4-a97d-d965ccfc6d4b" outcome="Passed" testListId="8c84fa94-04c1-424b-9868-57a2d4851a1d" relativeResultsDirectory="607c4258-1fbc-4214-98d0-5a9be22036d8">
      <Output>
        <StdOut>Server config APIs removed from options builder; managed by WebServerManager</StdOut>
      </Output>
    </UnitTestResult>
    <UnitTestResult executionId="9e6c5798-5e9b-4f27-9c45-d1473e1d8ea7" testId="3972325b-780e-8149-0501-afcdb2e51733" testName="IsEnabled_ShouldCallDriverIsEnabled" computerName="cursor" duration="00:00:00.0005090" startTime="2025-08-11T23:15:52.9303389+00:00" endTime="2025-08-11T23:15:52.9308476+00:00" testType="13cdc9d9-ddb5-4fa4-a97d-d965ccfc6d4b" outcome="Passed" testListId="8c84fa94-04c1-424b-9868-57a2d4851a1d" relativeResultsDirectory="9e6c5798-5e9b-4f27-9c45-d1473e1d8ea7" />
    <UnitTestResult executionId="4199675d-dd87-4661-88d1-133c6545712b" testId="d52fd675-05c7-c95c-d1f1-981f3a4f3701" testName="WithDescription_WithNullDescription_ShouldSetEmptyString" computerName="cursor" duration="00:00:00.0001010" startTime="2025-08-11T23:15:52.8851735+00:00" endTime="2025-08-11T23:15:52.8852740+00:00" testType="13cdc9d9-ddb5-4fa4-a97d-d965ccfc6d4b" outcome="Passed" testListId="8c84fa94-04c1-424b-9868-57a2d4851a1d" relativeResultsDirectory="4199675d-dd87-4661-88d1-133c6545712b" />
    <UnitTestResult executionId="fc15b954-9166-4f3f-90a4-abd615baf426" testId="07d2e673-5834-e2ca-06bc-89c7780bb3c8" testName="SpaProxy_Toggle_SetsHostingStartupAssembliesEnv" computerName="cursor" duration="00:00:00.0001750" startTime="2025-08-11T23:15:53.1445185+00:00" endTime="2025-08-11T23:15:53.1446940+00:00" testType="13cdc9d9-ddb5-4fa4-a97d-d965ccfc6d4b" outcome="Passed" testListId="8c84fa94-04c1-424b-9868-57a2d4851a1d" relativeResultsDirectory="fc15b954-9166-4f3f-90a4-abd615baf426">
      <Output>
        <StdOut>=== SPA proxy enabled ===
Builder methods:
.WithSpaProxy(true)
Run command:
dotnet run --framework net8.0 --configuration Release --no-launch-profile
Environment variables:
ASPNETCORE_ENVIRONMENT=Development
ASPNETCORE_HOSTINGSTARTUPASSEMBLIES=Microsoft.AspNetCore.SpaProxy
====================

=== SPA proxy disabled ===
Builder methods:
.WithSpaProxy(false)
Run command:
dotnet run --framework net8.0 --configuration Release --no-launch-profile
Environment variables:
ASPNETCORE_ENVIRONMENT=Development
ASPNETCORE_HOSTINGSTARTUPASSEMBLIES=
====================</StdOut>
      </Output>
    </UnitTestResult>
    <UnitTestResult executionId="eac7fde3-f018-49d0-8d99-e28a5a32191d" testId="a646cbbd-eb04-f9aa-5695-780998d26368" testName="WithDescription_ShouldSetDescription" computerName="cursor" duration="00:00:00.0001340" startTime="2025-08-11T23:15:52.8850334+00:00" endTime="2025-08-11T23:15:52.8851675+00:00" testType="13cdc9d9-ddb5-4fa4-a97d-d965ccfc6d4b" outcome="Passed" testListId="8c84fa94-04c1-424b-9868-57a2d4851a1d" relativeResultsDirectory="eac7fde3-f018-49d0-8d99-e28a5a32191d" />
    <UnitTestResult executionId="5d1b5d96-d513-4ce7-917b-cccae7a338c9" testId="8f39af80-f58e-71ee-14e2-037e33d2ca9e" testName="ClearCache_ShouldRemoveAllElements" computerName="cursor" duration="00:00:00.0003400" startTime="2025-08-11T23:15:52.9107780+00:00" endTime="2025-08-11T23:15:52.9111181+00:00" testType="13cdc9d9-ddb5-4fa4-a97d-d965ccfc6d4b" outcome="Passed" testListId="8c84fa94-04c1-424b-9868-57a2d4851a1d" relativeResultsDirectory="5d1b5d96-d513-4ce7-917b-cccae7a338c9" />
    <UnitTestResult executionId="3d0cb14c-c9a1-4a72-abf0-18a89211a984" testId="770867d9-ec05-f95d-4f86-cd135b847493" testName="WithWaitStrategy_ShouldSetWaitStrategy" computerName="cursor" duration="00:00:00.0001090" startTime="2025-08-11T23:15:52.8854669+00:00" endTime="2025-08-11T23:15:52.8855754+00:00" testType="13cdc9d9-ddb5-4fa4-a97d-d965ccfc6d4b" outcome="Passed" testListId="8c84fa94-04c1-424b-9868-57a2d4851a1d" relativeResultsDirectory="3d0cb14c-c9a1-4a72-abf0-18a89211a984" />
    <UnitTestResult executionId="f61c5761-ac18-4750-bc86-e284334e3f80" testId="db9ada96-dcf3-e037-db10-b7563d6669b8" testName="SlowMo_WithNullValue_SetsSlowMoToNull" computerName="cursor" duration="00:00:00.0001670" startTime="2025-08-11T23:15:53.1139221+00:00" endTime="2025-08-11T23:15:53.1140887+00:00" testType="13cdc9d9-ddb5-4fa4-a97d-d965ccfc6d4b" outcome="Passed" testListId="8c84fa94-04c1-424b-9868-57a2d4851a1d" relativeResultsDirectory="f61c5761-ac18-4750-bc86-e284334e3f80" />
    <UnitTestResult executionId="af9ca905-4303-4bca-8a7c-52f93e232bcf" testId="11c6e8b9-63df-e19b-bf9f-452e7d9c0dd7" testName="WithBaseUrl_WithNullUrl_ThrowsException" computerName="cursor" duration="00:00:00.0002370" startTime="2025-08-11T23:15:52.9601015+00:00" endTime="2025-08-11T23:15:52.9603385+00:00" testType="13cdc9d9-ddb5-4fa4-a97d-d965ccfc6d4b" outcome="Passed" testListId="8c84fa94-04c1-424b-9868-57a2d4851a1d" relativeResultsDirectory="af9ca905-4303-4bca-8a7c-52f93e232bcf" />
    <UnitTestResult executionId="ff01ad6f-495b-4ed8-b6cd-9a3e5ce4e599" testId="691a1ada-8b81-1eeb-9198-2480eca9bcb5" testName="ServerConfiguration_Removed_FromOptions" computerName="cursor" duration="00:00:00.0001550" startTime="2025-08-11T23:15:53.1137602+00:00" endTime="2025-08-11T23:15:53.1139155+00:00" testType="13cdc9d9-ddb5-4fa4-a97d-d965ccfc6d4b" outcome="Passed" testListId="8c84fa94-04c1-424b-9868-57a2d4851a1d" relativeResultsDirectory="ff01ad6f-495b-4ed8-b6cd-9a3e5ce4e599">
      <Output>
        <StdOut>Server configuration removed from options; managed by WebServerManager</StdOut>
      </Output>
    </UnitTestResult>
    <UnitTestResult executionId="451143c7-765c-4baf-b2db-9f9dbf24c536" testId="6343243c-dfd7-4b0b-0e3c-4021f44a4a0d" testName="WaitFor_WithClickableStrategy_ShouldCallWaitForClickable" computerName="cursor" duration="00:00:00.0004340" startTime="2025-08-11T23:15:52.9323801+00:00" endTime="2025-08-11T23:15:52.9328144+00:00" testType="13cdc9d9-ddb5-4fa4-a97d-d965ccfc6d4b" outcome="Passed" testListId="8c84fa94-04c1-424b-9868-57a2d4851a1d" relativeResultsDirectory="451143c7-765c-4baf-b2db-9f9dbf24c536" />
    <UnitTestResult executionId="e6a0dbf7-f338-441c-8193-71a72453db12" testId="280bf3f0-72fb-f486-cff4-df88da493c15" testName="WebApplicationFactory_WithHealthyEndpoint_ReadinessPathsCovered" computerName="cursor" duration="00:00:00.0584630" startTime="2025-08-11T23:15:52.7828432+00:00" endTime="2025-08-11T23:15:52.8413055+00:00" testType="13cdc9d9-ddb5-4fa4-a97d-d965ccfc6d4b" outcome="Passed" testListId="8c84fa94-04c1-424b-9868-57a2d4851a1d" relativeResultsDirectory="e6a0dbf7-f338-441c-8193-71a72453db12" />
    <UnitTestResult executionId="28e210d0-6701-475c-aa1e-9acb4c9238bd" testId="fab6990d-3c1c-2c65-5826-c4e429096956" testName="GetOrCreateElement_WithEmptyKey_ShouldThrowArgumentException" computerName="cursor" duration="00:00:00.0062270" startTime="2025-08-11T23:15:52.9125717+00:00" endTime="2025-08-11T23:15:52.9187989+00:00" testType="13cdc9d9-ddb5-4fa4-a97d-d965ccfc6d4b" outcome="Passed" testListId="8c84fa94-04c1-424b-9868-57a2d4851a1d" relativeResultsDirectory="28e210d0-6701-475c-aa1e-9acb4c9238bd" />
    <UnitTestResult executionId="21901ea9-b2af-4abf-b12a-ef2377d58cca" testId="1c8b7bab-7237-42e0-5fb5-c55615089994" testName="RegisterElement_WithValidParameters_ShouldCacheElement" computerName="cursor" duration="00:00:00.0001240" startTime="2025-08-11T23:15:52.9205069+00:00" endTime="2025-08-11T23:15:52.9206311+00:00" testType="13cdc9d9-ddb5-4fa4-a97d-d965ccfc6d4b" outcome="Passed" testListId="8c84fa94-04c1-424b-9868-57a2d4851a1d" relativeResultsDirectory="21901ea9-b2af-4abf-b12a-ef2377d58cca" />
    <UnitTestResult executionId="f81516bf-5169-4bb5-9170-b1a5076a7f6a" testId="4c88da48-1cf2-2ce5-51d9-4c397983aa27" testName="WithDefaultWaitTimeout_WithValidTimeout_SetsDefaultWaitTimeout" computerName="cursor" duration="00:00:00.0000860" startTime="2025-08-11T23:15:53.1150648+00:00" endTime="2025-08-11T23:15:53.1151505+00:00" testType="13cdc9d9-ddb5-4fa4-a97d-d965ccfc6d4b" outcome="Passed" testListId="8c84fa94-04c1-424b-9868-57a2d4851a1d" relativeResultsDirectory="f81516bf-5169-4bb5-9170-b1a5076a7f6a" />
    <UnitTestResult executionId="d4e5bc50-04e0-494b-a5e3-b0985cc8cd57" testId="e78cb7dd-0751-e11c-f830-882cb6a69d14" testName="Constructor_WithNullOptions_ShouldThrowArgumentNullException" computerName="cursor" duration="00:00:00.0002060" startTime="2025-08-11T23:15:52.9113292+00:00" endTime="2025-08-11T23:15:52.9115354+00:00" testType="13cdc9d9-ddb5-4fa4-a97d-d965ccfc6d4b" outcome="Passed" testListId="8c84fa94-04c1-424b-9868-57a2d4851a1d" relativeResultsDirectory="d4e5bc50-04e0-494b-a5e3-b0985cc8cd57" />
    <UnitTestResult executionId="26923029-f865-45b9-8044-d2d96364ce61" testId="2ae1304c-81ac-a359-4734-cee502a63ccd" testName="NavigateToUrl_WithValidUrl_NavigatesSuccessfully" computerName="cursor" duration="00:00:00.0003790" startTime="2025-08-11T23:15:53.1191587+00:00" endTime="2025-08-11T23:15:53.1195374+00:00" testType="13cdc9d9-ddb5-4fa4-a97d-d965ccfc6d4b" outcome="Passed" testListId="8c84fa94-04c1-424b-9868-57a2d4851a1d" relativeResultsDirectory="26923029-f865-45b9-8044-d2d96364ce61" />
    <UnitTestResult executionId="fd2e67e6-e129-4d73-a9f0-f89080b2bd88" testId="18f05ca5-b5fb-a8dd-f454-c581d558cbe9" testName="FilterByAttribute_WithEmptyAttributeName_ShouldThrowArgumentException" computerName="cursor" duration="00:00:00.0003550" startTime="2025-08-11T23:15:52.9038698+00:00" endTime="2025-08-11T23:15:52.9042247+00:00" testType="13cdc9d9-ddb5-4fa4-a97d-d965ccfc6d4b" outcome="Passed" testListId="8c84fa94-04c1-424b-9868-57a2d4851a1d" relativeResultsDirectory="fd2e67e6-e129-4d73-a9f0-f89080b2bd88" />
    <UnitTestResult executionId="032a1f82-1554-4afb-a5cc-486d80d934bf" testId="63abd0f8-5814-164f-7950-4ad186521ab4" testName="CreateDriver_WithNoPlugins_ThrowsFluentUIScaffoldPluginException" computerName="cursor" duration="00:00:00.0004330" startTime="2025-08-11T23:15:53.1238510+00:00" endTime="2025-08-11T23:15:53.1242841+00:00" testType="13cdc9d9-ddb5-4fa4-a97d-d965ccfc6d4b" outcome="Passed" testListId="8c84fa94-04c1-424b-9868-57a2d4851a1d" relativeResultsDirectory="032a1f82-1554-4afb-a5cc-486d80d934bf" />
    <UnitTestResult executionId="2f77b4aa-dc51-4800-8fe6-400f12a1dc8b" testId="37cb0dcf-4168-cbb7-f50e-73ed6d374e4a" testName="GetCssValue_ShouldReturnEmptyString" computerName="cursor" duration="00:00:00.0001250" startTime="2025-08-11T23:15:52.9285499+00:00" endTime="2025-08-11T23:15:52.9286745+00:00" testType="13cdc9d9-ddb5-4fa4-a97d-d965ccfc6d4b" outcome="Passed" testListId="8c84fa94-04c1-424b-9868-57a2d4851a1d" relativeResultsDirectory="2f77b4aa-dc51-4800-8fe6-400f12a1dc8b" />
    <UnitTestResult executionId="819f2245-15e6-4f91-882b-7e6734190880" testId="7fb7363f-268a-d980-fb84-31f8b492a262" testName="FirstOrDefault_WithEmptyCollection_ShouldReturnNull" computerName="cursor" duration="00:00:00.0002350" startTime="2025-08-11T23:15:52.9066253+00:00" endTime="2025-08-11T23:15:52.9068597+00:00" testType="13cdc9d9-ddb5-4fa4-a97d-d965ccfc6d4b" outcome="Passed" testListId="8c84fa94-04c1-424b-9868-57a2d4851a1d" relativeResultsDirectory="819f2245-15e6-4f91-882b-7e6734190880" />
    <UnitTestResult executionId="5e141c02-2d4b-49bb-bd78-00a623e936cb" testId="bb6d95e1-fe2b-c7f2-f120-8406bb52b03a" testName="WithDefaultWaitTimeout_WithZeroTimeout_ThrowsException" computerName="cursor" duration="00:00:00.0001250" startTime="2025-08-11T23:15:52.9609359+00:00" endTime="2025-08-11T23:15:52.9610609+00:00" testType="13cdc9d9-ddb5-4fa4-a97d-d965ccfc6d4b" outcome="Passed" testListId="8c84fa94-04c1-424b-9868-57a2d4851a1d" relativeResultsDirectory="5e141c02-2d4b-49bb-bd78-00a623e936cb" />
    <UnitTestResult executionId="30a58393-0095-40b5-b339-311955f6aaf1" testId="ddff61cf-6c8e-562e-62f7-c9fb5ab0fb05" testName="Constructor_WithValidOptions_CreatesInstance" computerName="cursor" duration="00:00:00.1455529" startTime="2025-08-11T23:15:52.9674997+00:00" endTime="2025-08-11T23:15:53.1130526+00:00" testType="13cdc9d9-ddb5-4fa4-a97d-d965ccfc6d4b" outcome="Passed" testListId="8c84fa94-04c1-424b-9868-57a2d4851a1d" relativeResultsDirectory="30a58393-0095-40b5-b339-311955f6aaf1">
      <Output>
        <StdOut>PluginRegistry count before seeding: 1
PluginManager count after seeding: 1</StdOut>
      </Output>
    </UnitTestResult>
    <UnitTestResult executionId="ff36028d-6a4e-4c1c-b1c2-5545ad1fda4a" testId="6112ca55-caad-863b-bca3-e844e296c7b3" testName="CreateElement_WithValidSelector_ShouldReturnElement" computerName="cursor" duration="00:00:00.0000989" startTime="2025-08-11T23:15:52.9124670+00:00" endTime="2025-08-11T23:15:52.9125660+00:00" testType="13cdc9d9-ddb5-4fa4-a97d-d965ccfc6d4b" outcome="Passed" testListId="8c84fa94-04c1-424b-9868-57a2d4851a1d" relativeResultsDirectory="ff36028d-6a4e-4c1c-b1c2-5545ad1fda4a" />
    <UnitTestResult executionId="c899e208-47b3-4341-a22d-7b4a5b7ab6bb" testId="09311360-5b2a-d8bb-bda7-c830483aca7e" testName="EnvironmentDefaults_AreApplied_WhenNotProvided" computerName="cursor" duration="00:00:00.0067390" startTime="2025-08-11T23:15:52.7725078+00:00" endTime="2025-08-11T23:15:52.7792187+00:00" testType="13cdc9d9-ddb5-4fa4-a97d-d965ccfc6d4b" outcome="Passed" testListId="8c84fa94-04c1-424b-9868-57a2d4851a1d" relativeResultsDirectory="c899e208-47b3-4341-a22d-7b4a5b7ab6bb" />
    <UnitTestResult executionId="6c0f4a9c-4355-41bd-a8dd-20bb48c99d5e" testId="c288cdf5-4c17-bd42-bf19-8d1a299a2747" testName="LastOrDefault_WithEmptyCollection_ShouldReturnNull" computerName="cursor" duration="00:00:00.0002230" startTime="2025-08-11T23:15:52.9096748+00:00" endTime="2025-08-11T23:15:52.9098980+00:00" testType="13cdc9d9-ddb5-4fa4-a97d-d965ccfc6d4b" outcome="Passed" testListId="8c84fa94-04c1-424b-9868-57a2d4851a1d" relativeResultsDirectory="6c0f4a9c-4355-41bd-a8dd-20bb48c99d5e" />
    <UnitTestResult executionId="97845205-3f41-4d48-8338-c8d707ae0ded" testId="fff58572-0076-1d30-45fe-03dd6cfeccd1" testName="DetectProjectPath_FromConfigFile_ReturnsPath" computerName="cursor" duration="00:00:00.0009320" startTime="2025-08-11T23:15:52.9410112+00:00" endTime="2025-08-11T23:15:52.9419430+00:00" testType="13cdc9d9-ddb5-4fa4-a97d-d965ccfc6d4b" outcome="Passed" testListId="8c84fa94-04c1-424b-9868-57a2d4851a1d" relativeResultsDirectory="97845205-3f41-4d48-8338-c8d707ae0ded" />
    <UnitTestResult executionId="18e30da8-2895-493f-a8f9-764f50553130" testId="bba98ce8-0e46-19a1-add2-e0e6659866ca" testName="Constructor_WithNoParameters_CreatesInstance" computerName="cursor" duration="00:00:00.0000450" startTime="2025-08-11T23:15:52.9450167+00:00" endTime="2025-08-11T23:15:52.9450618+00:00" testType="13cdc9d9-ddb5-4fa4-a97d-d965ccfc6d4b" outcome="Passed" testListId="8c84fa94-04c1-424b-9868-57a2d4851a1d" relativeResultsDirectory="18e30da8-2895-493f-a8f9-764f50553130" />
    <UnitTestResult executionId="37cbe84d-b8eb-450e-add9-f662d3f1c921" testId="4d23582b-dfd6-378d-ff6d-4da2dfba9dba" testName="FluentUIScaffoldException_Constructors_Work" computerName="cursor" duration="00:00:00.0001130" startTime="2025-08-11T23:15:52.9432338+00:00" endTime="2025-08-11T23:15:52.9433470+00:00" testType="13cdc9d9-ddb5-4fa4-a97d-d965ccfc6d4b" outcome="Passed" testListId="8c84fa94-04c1-424b-9868-57a2d4851a1d" relativeResultsDirectory="37cbe84d-b8eb-450e-add9-f662d3f1c921" />
    <UnitTestResult executionId="1943aae8-f165-44b5-b302-053e16f62296" testId="dd8f8349-d619-3359-a263-b07e1bc2b428" testName="Indexer_WithIndexGreaterThanCount_ShouldThrowArgumentOutOfRangeException" computerName="cursor" duration="00:00:00.0002610" startTime="2025-08-11T23:15:52.9085596+00:00" endTime="2025-08-11T23:15:52.9088207+00:00" testType="13cdc9d9-ddb5-4fa4-a97d-d965ccfc6d4b" outcome="Passed" testListId="8c84fa94-04c1-424b-9868-57a2d4851a1d" relativeResultsDirectory="1943aae8-f165-44b5-b302-053e16f62296" />
    <UnitTestResult executionId="d6f0ecbf-7646-4bf9-a4cd-bf01a99350bd" testId="5c65ae72-bd3b-fa7d-0bed-249316c4e40e" testName="ElementIsVisible_Negative_Throws" computerName="cursor" duration="00:00:00.0003160" startTime="2025-08-11T23:15:53.1501674+00:00" endTime="2025-08-11T23:15:53.1504835+00:00" testType="13cdc9d9-ddb5-4fa4-a97d-d965ccfc6d4b" outcome="Passed" testListId="8c84fa94-04c1-424b-9868-57a2d4851a1d" relativeResultsDirectory="d6f0ecbf-7646-4bf9-a4cd-bf01a99350bd" />
    <UnitTestResult executionId="52605205-af59-4428-821d-91dbef7bd93a" testId="68cc5f29-514d-38dc-c438-33585cc74aa4" testName="Constructor_WithExistingOptions_CreatesInstance" computerName="cursor" duration="00:00:00.0001310" startTime="2025-08-11T23:15:52.9448647+00:00" endTime="2025-08-11T23:15:52.9449955+00:00" testType="13cdc9d9-ddb5-4fa4-a97d-d965ccfc6d4b" outcome="Passed" testListId="8c84fa94-04c1-424b-9868-57a2d4851a1d" relativeResultsDirectory="52605205-af59-4428-821d-91dbef7bd93a" />
    <UnitTestResult executionId="a77d9a7d-6ec6-434d-b495-b0ff17c0559f" testId="6dd2c663-126f-c692-d442-51f4ddb16f47" testName="WithSlowMo_WithNegativeValue_ThrowsException" computerName="cursor" duration="00:00:00.0002040" startTime="2025-08-11T23:15:52.9644136+00:00" endTime="2025-08-11T23:15:52.9646172+00:00" testType="13cdc9d9-ddb5-4fa4-a97d-d965ccfc6d4b" outcome="Passed" testListId="8c84fa94-04c1-424b-9868-57a2d4851a1d" relativeResultsDirectory="a77d9a7d-6ec6-434d-b495-b0ff17c0559f" />
    <UnitTestResult executionId="776f72c0-b364-4e7c-9e44-1b6ceb97c969" testId="3c6ae5e7-2078-93c7-0cb9-170c4974fe27" testName="WithSlowMo_WithValidValue_SetsSlowMo" computerName="cursor" duration="00:00:00.0001590" startTime="2025-08-11T23:15:52.9648069+00:00" endTime="2025-08-11T23:15:52.9649663+00:00" testType="13cdc9d9-ddb5-4fa4-a97d-d965ccfc6d4b" outcome="Passed" testListId="8c84fa94-04c1-424b-9868-57a2d4851a1d" relativeResultsDirectory="776f72c0-b364-4e7c-9e44-1b6ceb97c969" />
    <UnitTestResult executionId="2887e370-cf0f-4872-9096-d3b6f9537047" testId="180a8a6f-cd05-0144-2ab5-cc27cf6b3780" testName="ElementIsVisible_Positive" computerName="cursor" duration="00:00:00.0001689" startTime="2025-08-11T23:15:53.1504936+00:00" endTime="2025-08-11T23:15:53.1506629+00:00" testType="13cdc9d9-ddb5-4fa4-a97d-d965ccfc6d4b" outcome="Passed" testListId="8c84fa94-04c1-424b-9868-57a2d4851a1d" relativeResultsDirectory="2887e370-cf0f-4872-9096-d3b6f9537047" />
    <UnitTestResult executionId="0e4ba3d0-dde5-470f-9cbe-4e0c79f27cfb" testId="179b7383-7c66-19a3-5099-a84ccfda3312" testName="GetText_ShouldCallDriverGetText" computerName="cursor" duration="00:00:00.0006310" startTime="2025-08-11T23:15:52.9286819+00:00" endTime="2025-08-11T23:15:52.9293130+00:00" testType="13cdc9d9-ddb5-4fa4-a97d-d965ccfc6d4b" outcome="Passed" testListId="8c84fa94-04c1-424b-9868-57a2d4851a1d" relativeResultsDirectory="0e4ba3d0-dde5-470f-9cbe-4e0c79f27cfb" />
    <UnitTestResult executionId="f1b209cf-98b9-4c38-8227-ad08f557d9ed" testId="a1f4b443-1603-0539-0dc0-d4ce95853134" testName="RegisterElement_WithNullElement_ShouldThrowArgumentNullException" computerName="cursor" duration="00:00:00.0001430" startTime="2025-08-11T23:15:52.9201130+00:00" endTime="2025-08-11T23:15:52.9202560+00:00" testType="13cdc9d9-ddb5-4fa4-a97d-d965ccfc6d4b" outcome="Passed" testListId="8c84fa94-04c1-424b-9868-57a2d4851a1d" relativeResultsDirectory="f1b209cf-98b9-4c38-8227-ad08f557d9ed" />
    <UnitTestResult executionId="f431849a-4f1a-4e8d-a74b-b340002fd3a0" testId="46ffc5ad-c340-b767-44fb-d87ee75aad26" testName="NavigateToUrl_WithValidUrl_IsValid" computerName="cursor" duration="00:00:00.0002580" startTime="2025-08-11T23:15:53.1188909+00:00" endTime="2025-08-11T23:15:53.1191492+00:00" testType="13cdc9d9-ddb5-4fa4-a97d-d965ccfc6d4b" outcome="Passed" testListId="8c84fa94-04c1-424b-9868-57a2d4851a1d" relativeResultsDirectory="f431849a-4f1a-4e8d-a74b-b340002fd3a0" />
    <UnitTestResult executionId="cdd1f4d1-fd5e-433b-a050-ad69bcd6c21a" testId="e694388c-e9b9-a1d2-ef93-70adf5bded0d" testName="WithBaseUrl_WithValidUrl_SetsBaseUrl" computerName="cursor" duration="00:00:00.0002080" startTime="2025-08-11T23:15:52.9603486+00:00" endTime="2025-08-11T23:15:52.9605567+00:00" testType="13cdc9d9-ddb5-4fa4-a97d-d965ccfc6d4b" outcome="Passed" testListId="8c84fa94-04c1-424b-9868-57a2d4851a1d" relativeResultsDirectory="cdd1f4d1-fd5e-433b-a050-ad69bcd6c21a" />
    <UnitTestResult executionId="070dea56-958b-433e-8157-9e9e2fdcd827" testId="5457ec9d-b666-cb43-0581-94c4ccf2eefc" testName="NodeJs_WithScriptAndEnv_ProducesExpectedCommandAndEnv" computerName="cursor" duration="00:00:00.0009910" startTime="2025-08-11T23:15:53.1435123+00:00" endTime="2025-08-11T23:15:53.1445029+00:00" testType="13cdc9d9-ddb5-4fa4-a97d-d965ccfc6d4b" outcome="Passed" testListId="8c84fa94-04c1-424b-9868-57a2d4851a1d" relativeResultsDirectory="070dea56-958b-433e-8157-9e9e2fdcd827">
      <Output>
        <StdOut>=== Node.js (npm run) ===
Builder methods: WithNpmScript("dev").WithNodeEnvironment("production").WithPort(7777).WithArguments("--", "--open")
npm start dev -- --open
NODE_ENV=production
PORT=7777
====================</StdOut>
      </Output>
    </UnitTestResult>
    <UnitTestResult executionId="87b65526-2357-48d2-a7c6-0b3d213c5d31" testId="0cc5a016-6448-c184-75cf-5538243062ce" testName="WithServerConfiguration_WithNullConfiguration_Removed" computerName="cursor" duration="00:00:00.0001650" startTime="2025-08-11T23:15:52.9642416+00:00" endTime="2025-08-11T23:15:52.9644067+00:00" testType="13cdc9d9-ddb5-4fa4-a97d-d965ccfc6d4b" outcome="Passed" testListId="8c84fa94-04c1-424b-9868-57a2d4851a1d" relativeResultsDirectory="87b65526-2357-48d2-a7c6-0b3d213c5d31">
      <Output>
        <StdOut>Removed</StdOut>
      </Output>
    </UnitTestResult>
    <UnitTestResult executionId="3d67923e-9f1f-4d38-9e4b-ef4a7c14e256" testId="4d36eff3-cb8c-cc2b-ae0a-7341e46f417f" testName="Constructor_WithNullOptions_ThrowsArgumentNullException" computerName="cursor" duration="00:00:00.0001590" startTime="2025-08-11T23:15:52.9450665+00:00" endTime="2025-08-11T23:15:52.9452252+00:00" testType="13cdc9d9-ddb5-4fa4-a97d-d965ccfc6d4b" outcome="Passed" testListId="8c84fa94-04c1-424b-9868-57a2d4851a1d" relativeResultsDirectory="3d67923e-9f1f-4d38-9e4b-ef4a7c14e256" />
    <UnitTestResult executionId="2db4b2b6-d327-4114-a116-ec4d3526970a" testId="75c5db20-bc00-63de-91f7-e74098d22990" testName="CreateElement_WithNullConfiguration_ShouldThrowArgumentNullException" computerName="cursor" duration="00:00:00.0001280" startTime="2025-08-11T23:15:52.9122229+00:00" endTime="2025-08-11T23:15:52.9123508+00:00" testType="13cdc9d9-ddb5-4fa4-a97d-d965ccfc6d4b" outcome="Passed" testListId="8c84fa94-04c1-424b-9868-57a2d4851a1d" relativeResultsDirectory="2db4b2b6-d327-4114-a116-ec4d3526970a" />
    <UnitTestResult executionId="86c136c0-6970-4828-b700-67d00fff82e3" testId="446583bb-1a0c-a601-da8c-b6db446288a3" testName="WithCustomWait_ShouldSetCustomWaitCondition" computerName="cursor" duration="00:00:00.0002410" startTime="2025-08-11T23:15:52.8845972+00:00" endTime="2025-08-11T23:15:52.8848386+00:00" testType="13cdc9d9-ddb5-4fa4-a97d-d965ccfc6d4b" outcome="Passed" testListId="8c84fa94-04c1-424b-9868-57a2d4851a1d" relativeResultsDirectory="86c136c0-6970-4828-b700-67d00fff82e3" />
    <UnitTestResult executionId="ff738a5b-1854-4d14-970c-e78d9e066796" testId="dddb8e0d-1bc6-fd59-4ffa-24cd6ce629ee" testName="IsCached_WithExistingKey_ShouldReturnTrue" computerName="cursor" duration="00:00:00.0001000" startTime="2025-08-11T23:15:52.9197077+00:00" endTime="2025-08-11T23:15:52.9198077+00:00" testType="13cdc9d9-ddb5-4fa4-a97d-d965ccfc6d4b" outcome="Passed" testListId="8c84fa94-04c1-424b-9868-57a2d4851a1d" relativeResultsDirectory="ff738a5b-1854-4d14-970c-e78d9e066796" />
    <UnitTestResult executionId="aabee0e2-5bf3-4627-8593-7dc9a5812f14" testId="5fc1ac23-88fa-ea50-bc84-f014c480a778" testName="BuildCommandArguments_UsesFrameworkAndConfiguration_FromBuilder" computerName="cursor" duration="00:00:00.0010399" startTime="2025-08-11T23:15:52.8416887+00:00" endTime="2025-08-11T23:15:52.8427282+00:00" testType="13cdc9d9-ddb5-4fa4-a97d-d965ccfc6d4b" outcome="Passed" testListId="8c84fa94-04c1-424b-9868-57a2d4851a1d" relativeResultsDirectory="aabee0e2-5bf3-4627-8593-7dc9a5812f14" />
    <UnitTestResult executionId="22f76cee-8873-4108-a276-93da3ef2e6cd" testId="c3694fbe-f799-3b5e-9ff5-0d754eb65db7" testName="FilterByAttribute_WithNullAttributeName_ShouldThrowArgumentException" computerName="cursor" duration="00:00:00.0002740" startTime="2025-08-11T23:15:52.9047139+00:00" endTime="2025-08-11T23:15:52.9049881+00:00" testType="13cdc9d9-ddb5-4fa4-a97d-d965ccfc6d4b" outcome="Passed" testListId="8c84fa94-04c1-424b-9868-57a2d4851a1d" relativeResultsDirectory="22f76cee-8873-4108-a276-93da3ef2e6cd" />
    <UnitTestResult executionId="9967247b-1ae4-4eec-a362-c512ac72f03a" testId="0c1cd9e9-2bf5-8e4c-5cc4-d59debbae135" testName="ElementIsEnabled_PositiveAndNegative" computerName="cursor" duration="00:00:00.0004660" startTime="2025-08-11T23:15:53.1496892+00:00" endTime="2025-08-11T23:15:53.1501555+00:00" testType="13cdc9d9-ddb5-4fa4-a97d-d965ccfc6d4b" outcome="Passed" testListId="8c84fa94-04c1-424b-9868-57a2d4851a1d" relativeResultsDirectory="9967247b-1ae4-4eec-a362-c512ac72f03a" />
    <UnitTestResult executionId="1104ff8c-2e7b-4119-b52e-2c1780ce65e6" testId="9db3b268-6657-af98-9f75-1b63df5c1b61" testName="CustomEnvironmentVariables_ArePreserved" computerName="cursor" duration="00:00:00.0004900" startTime="2025-08-11T23:15:53.1422973+00:00" endTime="2025-08-11T23:15:53.1427867+00:00" testType="13cdc9d9-ddb5-4fa4-a97d-d965ccfc6d4b" outcome="Passed" testListId="8c84fa94-04c1-424b-9868-57a2d4851a1d" relativeResultsDirectory="1104ff8c-2e7b-4119-b52e-2c1780ce65e6">
      <Output>
        <StdOut>=== Custom env vars ===
Builder methods:
.WithEnvironmentVariable("MY_SETTING", "abc").WithEnvironmentVariables(...) 
Run command:
dotnet run --framework net8.0 --configuration Release --no-launch-profile
Environment variables:
ASPNETCORE_ENVIRONMENT=Staging
ASPNETCORE_HOSTINGSTARTUPASSEMBLIES=
FOO=bar
MY_SETTING=abc
====================</StdOut>
      </Output>
    </UnitTestResult>
    <UnitTestResult executionId="c2954467-f0e3-4590-bf96-0a75ffd1a039" testId="268d744c-88c8-b894-11b0-d59382621120" testName="Exists_WhenElementExists_ShouldReturnTrue" computerName="cursor" duration="00:00:00.0003170" startTime="2025-08-11T23:15:52.9276740+00:00" endTime="2025-08-11T23:15:52.9279909+00:00" testType="13cdc9d9-ddb5-4fa4-a97d-d965ccfc6d4b" outcome="Passed" testListId="8c84fa94-04c1-424b-9868-57a2d4851a1d" relativeResultsDirectory="c2954467-f0e3-4590-bf96-0a75ffd1a039" />
    <UnitTestResult executionId="727d5c92-1910-4afc-b036-9c96bda7b4fb" testId="19dd36e1-31f9-3753-0a72-7dc6f09188c0" testName="VerificationException_Constructors_Work" computerName="cursor" duration="00:00:00.0001350" startTime="2025-08-11T23:15:52.9438159+00:00" endTime="2025-08-11T23:15:52.9439506+00:00" testType="13cdc9d9-ddb5-4fa4-a97d-d965ccfc6d4b" outcome="Passed" testListId="8c84fa94-04c1-424b-9868-57a2d4851a1d" relativeResultsDirectory="727d5c92-1910-4afc-b036-9c96bda7b4fb" />
    <UnitTestResult executionId="b51c58da-70b9-4f7f-b2c1-f6228eaa5506" testId="1dbd60f0-8bf8-0e06-1bea-3397a47d2afd" testName="HeadlessMode_WithValidValue_SetsHeadlessMode" computerName="cursor" duration="00:00:00.0002210" startTime="2025-08-11T23:15:53.1132903+00:00" endTime="2025-08-11T23:15:53.1135110+00:00" testType="13cdc9d9-ddb5-4fa4-a97d-d965ccfc6d4b" outcome="Passed" testListId="8c84fa94-04c1-424b-9868-57a2d4851a1d" relativeResultsDirectory="b51c58da-70b9-4f7f-b2c1-f6228eaa5506" />
    <UnitTestResult executionId="a24408fb-988c-4596-b8c7-04a6f6511ca0" testId="95cf8d21-caaa-bf90-a4bb-f43f9e880ae1" testName="IsDisplayed_ShouldReturnIsVisibleResult" computerName="cursor" duration="00:00:00.0009960" startTime="2025-08-11T23:15:52.9293272+00:00" endTime="2025-08-11T23:15:52.9303234+00:00" testType="13cdc9d9-ddb5-4fa4-a97d-d965ccfc6d4b" outcome="Passed" testListId="8c84fa94-04c1-424b-9868-57a2d4851a1d" relativeResultsDirectory="a24408fb-988c-4596-b8c7-04a6f6511ca0" />
    <UnitTestResult executionId="7c34077b-9b9f-4750-9aae-f7b1d9ff1acf" testId="9f3021c1-925a-71da-e253-d006455bc8e9" testName="WaitFor_WithNoneStrategy_ShouldNotCallAnyWaitMethods" computerName="cursor" duration="00:00:00.0031400" startTime="2025-08-11T23:15:52.9331868+00:00" endTime="2025-08-11T23:15:52.9363262+00:00" testType="13cdc9d9-ddb5-4fa4-a97d-d965ccfc6d4b" outcome="Passed" testListId="8c84fa94-04c1-424b-9868-57a2d4851a1d" relativeResultsDirectory="7c34077b-9b9f-4750-9aae-f7b1d9ff1acf" />
    <UnitTestResult executionId="5fdce54b-e81b-4cdb-b9c0-96dbc2b0df40" testId="405fd94c-1e16-06c6-669b-4f6514668f24" testName="DotNet_WithFrameworkAndConfiguration_ProducesExpectedRunCommand" computerName="cursor" duration="00:00:00.0001780" startTime="2025-08-11T23:15:53.1432320+00:00" endTime="2025-08-11T23:15:53.1434104+00:00" testType="13cdc9d9-ddb5-4fa4-a97d-d965ccfc6d4b" outcome="Passed" testListId="8c84fa94-04c1-424b-9868-57a2d4851a1d" relativeResultsDirectory="5fdce54b-e81b-4cdb-b9c0-96dbc2b0df40">
      <Output>
        <StdOut>=== ASP.NET Core (dotnet run) ===
Builder methods:
ServerConfiguration
    .CreateDotNetServer(new Uri("http://localhost:5055"), "/path/to/MyApp.csproj")
    .WithFramework("net9.0")
    .WithConfiguration("Debug")
Run command:
dotnet run --framework net9.0 --configuration Debug --no-launch-profile
Environment variables:
ASPNETCORE_ENVIRONMENT=Development
ASPNETCORE_HOSTINGSTARTUPASSEMBLIES=
====================</StdOut>
      </Output>
    </UnitTestResult>
    <UnitTestResult executionId="a91e45bc-3c2f-42e6-ba50-fc59b9da1e4a" testId="d2d2e102-f707-129a-9483-a3a753e80312" testName="FilterOutputByPort_EmptyOutput_ReturnsEmpty" computerName="cursor" duration="00:00:00.0002830" startTime="2025-08-11T23:15:53.1279019+00:00" endTime="2025-08-11T23:15:53.1281845+00:00" testType="13cdc9d9-ddb5-4fa4-a97d-d965ccfc6d4b" outcome="Passed" testListId="8c84fa94-04c1-424b-9868-57a2d4851a1d" relativeResultsDirectory="a91e45bc-3c2f-42e6-ba50-fc59b9da1e4a" />
    <UnitTestResult executionId="8c7a5f8f-e718-4cda-afad-6e9d7f204382" testId="b16522d5-763c-5079-f175-3132fe0bb3ec" testName="GetPlugins_ReturnsReadOnlyCollection" computerName="cursor" duration="00:00:00.0001820" startTime="2025-08-11T23:15:53.1249642+00:00" endTime="2025-08-11T23:15:53.1251466+00:00" testType="13cdc9d9-ddb5-4fa4-a97d-d965ccfc6d4b" outcome="Passed" testListId="8c84fa94-04c1-424b-9868-57a2d4851a1d" relativeResultsDirectory="8c7a5f8f-e718-4cda-afad-6e9d7f204382" />
    <UnitTestResult executionId="dedca56c-f593-417a-8bb5-ebca256c882c" testId="020a6f08-c481-d586-c35b-71ffdcdf77ae" testName="Build_WithValidConfiguration_ReturnsConfiguredOptions" computerName="cursor" duration="00:00:00.0004990" startTime="2025-08-11T23:15:52.9443538+00:00" endTime="2025-08-11T23:15:52.9448532+00:00" testType="13cdc9d9-ddb5-4fa4-a97d-d965ccfc6d4b" outcome="Passed" testListId="8c84fa94-04c1-424b-9868-57a2d4851a1d" relativeResultsDirectory="dedca56c-f593-417a-8bb5-ebca256c882c" />
    <UnitTestResult executionId="041b3067-900c-4e14-b615-edf794908fea" testId="e46f5d7d-393e-88b9-1a00-80ae274b5f6e" testName="RegisterElement_WithNullKey_ShouldThrowArgumentException" computerName="cursor" duration="00:00:00.0002360" startTime="2025-08-11T23:15:52.9202626+00:00" endTime="2025-08-11T23:15:52.9204984+00:00" testType="13cdc9d9-ddb5-4fa4-a97d-d965ccfc6d4b" outcome="Passed" testListId="8c84fa94-04c1-424b-9868-57a2d4851a1d" relativeResultsDirectory="041b3067-900c-4e14-b615-edf794908fea" />
    <UnitTestResult executionId="99a0cdeb-51a3-4b0c-b92d-56e88fed5945" testId="6ba06a82-9046-fcca-a49b-be1345ecbc51" testName="WaitFor_WithHiddenStrategy_ShouldCallWaitForHidden" computerName="cursor" duration="00:00:00.0003470" startTime="2025-08-11T23:15:52.9328280+00:00" endTime="2025-08-11T23:15:52.9331753+00:00" testType="13cdc9d9-ddb5-4fa4-a97d-d965ccfc6d4b" outcome="Passed" testListId="8c84fa94-04c1-424b-9868-57a2d4851a1d" relativeResultsDirectory="99a0cdeb-51a3-4b0c-b92d-56e88fed5945" />
    <UnitTestResult executionId="b888fefe-0366-4b1b-ba86-faf085b64c58" testId="6c726527-cdae-6f0e-e424-af9055e97f92" testName="HeadlessMode_WithNullValue_SetsHeadlessModeToNull" computerName="cursor" duration="00:00:00.0001700" startTime="2025-08-11T23:15:53.1131129+00:00" endTime="2025-08-11T23:15:53.1132830+00:00" testType="13cdc9d9-ddb5-4fa4-a97d-d965ccfc6d4b" outcome="Passed" testListId="8c84fa94-04c1-424b-9868-57a2d4851a1d" relativeResultsDirectory="b888fefe-0366-4b1b-ba86-faf085b64c58" />
    <UnitTestResult executionId="77636762-989d-476f-bb89-d451b3f46be5" testId="aa2ad8c9-644e-352f-745e-635b81ae401d" testName="DetectProjectPath_FromAdditionalPaths_ReturnsPath" computerName="cursor" duration="00:00:00.0025110" startTime="2025-08-11T23:15:52.9384837+00:00" endTime="2025-08-11T23:15:52.9409942+00:00" testType="13cdc9d9-ddb5-4fa4-a97d-d965ccfc6d4b" outcome="Passed" testListId="8c84fa94-04c1-424b-9868-57a2d4851a1d" relativeResultsDirectory="77636762-989d-476f-bb89-d451b3f46be5" />
    <UnitTestResult executionId="318dd1e5-01bc-410b-a894-78d66baac052" testId="a8ccc846-1ff4-1690-63b6-362e0b40f521" testName="ValidatePlugins_WithValidPlugins_DoesNotThrow" computerName="cursor" duration="00:00:00.0001740" startTime="2025-08-11T23:15:53.1273426+00:00" endTime="2025-08-11T23:15:53.1275164+00:00" testType="13cdc9d9-ddb5-4fa4-a97d-d965ccfc6d4b" outcome="Passed" testListId="8c84fa94-04c1-424b-9868-57a2d4851a1d" relativeResultsDirectory="318dd1e5-01bc-410b-a894-78d66baac052" />
    <UnitTestResult executionId="a55acb5d-90b2-49ca-b23b-99ab3b8773fe" testId="cc28fd0d-aeb1-6068-03cf-a613121c3154" testName="First_WithEmptyCollection_ShouldThrowInvalidOperationException" computerName="cursor" duration="00:00:00.0002590" startTime="2025-08-11T23:15:52.9061964+00:00" endTime="2025-08-11T23:15:52.9064549+00:00" testType="13cdc9d9-ddb5-4fa4-a97d-d965ccfc6d4b" outcome="Passed" testListId="8c84fa94-04c1-424b-9868-57a2d4851a1d" relativeResultsDirectory="a55acb5d-90b2-49ca-b23b-99ab3b8773fe" />
    <UnitTestResult executionId="5e5bfbdc-60a7-4e0e-94cf-399f0280cd4b" testId="551fc6ac-b856-8cac-3508-c2c42f5670a1" testName="FluentChaining_ShouldWorkCorrectly" computerName="cursor" duration="00:00:00.0004680" startTime="2025-08-11T23:15:52.8832877+00:00" endTime="2025-08-11T23:15:52.8837553+00:00" testType="13cdc9d9-ddb5-4fa4-a97d-d965ccfc6d4b" outcome="Passed" testListId="8c84fa94-04c1-424b-9868-57a2d4851a1d" relativeResultsDirectory="5e5bfbdc-60a7-4e0e-94cf-399f0280cd4b" />
    <UnitTestResult executionId="c2c01609-8c76-473e-b7d7-a340424d8853" testId="24920700-cbf0-845b-81d7-78958082ce63" testName="RegisterLauncher_WithValidLauncher_RegistersSuccessfully" computerName="cursor" duration="00:00:00.0002330" startTime="2025-08-11T23:15:53.1479502+00:00" endTime="2025-08-11T23:15:53.1481829+00:00" testType="13cdc9d9-ddb5-4fa4-a97d-d965ccfc6d4b" outcome="Passed" testListId="8c84fa94-04c1-424b-9868-57a2d4851a1d" relativeResultsDirectory="c2c01609-8c76-473e-b7d7-a340424d8853" />
    <UnitTestResult executionId="ddd9b60a-4bf1-4814-871a-675cf6da35f2" testId="ab102e48-216b-a6e1-6a1e-ce5492770c81" testName="ValidatePlugins_WithInvalidPlugin_ThrowsPluginException" computerName="cursor" duration="00:00:00.0006130" startTime="2025-08-11T23:15:53.1266991+00:00" endTime="2025-08-11T23:15:53.1273119+00:00" testType="13cdc9d9-ddb5-4fa4-a97d-d965ccfc6d4b" outcome="Passed" testListId="8c84fa94-04c1-424b-9868-57a2d4851a1d" relativeResultsDirectory="ddd9b60a-4bf1-4814-871a-675cf6da35f2" />
    <UnitTestResult executionId="0f3b4b24-65d8-4c5c-b5fc-1b5564f9c5e3" testId="ecd0e042-7358-e08b-c8ac-f95b7ed8f0a9" testName="That_DelegatesThrowOnFalse" computerName="cursor" duration="00:00:00.0009450" startTime="2025-08-11T23:15:53.1506696+00:00" endTime="2025-08-11T23:15:53.1516147+00:00" testType="13cdc9d9-ddb5-4fa4-a97d-d965ccfc6d4b" outcome="Passed" testListId="8c84fa94-04c1-424b-9868-57a2d4851a1d" relativeResultsDirectory="0f3b4b24-65d8-4c5c-b5fc-1b5564f9c5e3" />
    <UnitTestResult executionId="674e40c8-cff6-4607-8083-c54605e2034d" testId="8edbc9e8-8106-4e2b-446e-15afc8cb2e79" testName="WaitForVisible_ShouldCallDriverWaitForElementToBeVisible" computerName="cursor" duration="00:00:00.0002130" startTime="2025-08-11T23:15:52.9381749+00:00" endTime="2025-08-11T23:15:52.9383881+00:00" testType="13cdc9d9-ddb5-4fa4-a97d-d965ccfc6d4b" outcome="Passed" testListId="8c84fa94-04c1-424b-9868-57a2d4851a1d" relativeResultsDirectory="674e40c8-cff6-4607-8083-c54605e2034d" />
    <UnitTestResult executionId="fad0cd28-7709-43fd-96d7-74107e4ae3c9" testId="7ca0cb73-aeb1-887f-1af1-2afb19198c6a" testName="AspNetCore_ServerSpecificUrlsInjectedIntoStartInfo" computerName="cursor" duration="00:00:00.0002790" startTime="2025-08-11T23:15:53.1420081+00:00" endTime="2025-08-11T23:15:53.1422873+00:00" testType="13cdc9d9-ddb5-4fa4-a97d-d965ccfc6d4b" outcome="Passed" testListId="8c84fa94-04c1-424b-9868-57a2d4851a1d" relativeResultsDirectory="fad0cd28-7709-43fd-96d7-74107e4ae3c9" />
    <UnitTestResult executionId="86327782-0964-44a6-8968-e1b8f516a5b0" testId="58c799eb-3510-390d-5f8b-eb2a700feeb4" testName="Build_ShouldReturnConfiguredElement" computerName="cursor" duration="00:00:00.0353850" startTime="2025-08-11T23:15:52.8442582+00:00" endTime="2025-08-11T23:15:52.8796433+00:00" testType="13cdc9d9-ddb5-4fa4-a97d-d965ccfc6d4b" outcome="Passed" testListId="8c84fa94-04c1-424b-9868-57a2d4851a1d" relativeResultsDirectory="86327782-0964-44a6-8968-e1b8f516a5b0" />
    <UnitTestResult executionId="74ff15a3-c1e2-472e-afca-0b04a645774b" testId="c3234fde-006b-d3a0-c6d3-0d9f12720c48" testName="TitleContains_PositiveAndNegative" computerName="cursor" duration="00:00:00.0005550" startTime="2025-08-11T23:15:53.1516280+00:00" endTime="2025-08-11T23:15:53.1521830+00:00" testType="13cdc9d9-ddb5-4fa4-a97d-d965ccfc6d4b" outcome="Passed" testListId="8c84fa94-04c1-424b-9868-57a2d4851a1d" relativeResultsDirectory="74ff15a3-c1e2-472e-afca-0b04a645774b" />
    <UnitTestResult executionId="43b1ffec-ff28-473b-89ff-14d50d4578ee" testId="99f01ded-3ca2-e651-a7da-fe562e1e4884" testName="WithDefaultWaitTimeout_WithValidTimeout_SetsDefaultWaitTimeout" computerName="cursor" duration="00:00:00.0001710" startTime="2025-08-11T23:15:52.9607584+00:00" endTime="2025-08-11T23:15:52.9609290+00:00" testType="13cdc9d9-ddb5-4fa4-a97d-d965ccfc6d4b" outcome="Passed" testListId="8c84fa94-04c1-424b-9868-57a2d4851a1d" relativeResultsDirectory="43b1ffec-ff28-473b-89ff-14d50d4578ee" />
    <UnitTestResult executionId="9c44b1f6-afd4-47d3-8844-cd460bb9ab86" testId="5dbab36b-8bf9-b94a-886b-0679437303ac" testName="Build_WithInvalidConfiguration_ThrowsException" computerName="cursor" duration="00:00:00.0003020" startTime="2025-08-11T23:15:52.9440398+00:00" endTime="2025-08-11T23:15:52.9443418+00:00" testType="13cdc9d9-ddb5-4fa4-a97d-d965ccfc6d4b" outcome="Passed" testListId="8c84fa94-04c1-424b-9868-57a2d4851a1d" relativeResultsDirectory="9c44b1f6-afd4-47d3-8844-cd460bb9ab86" />
    <UnitTestResult executionId="7ec5156c-f766-4881-86cf-8a95b6b33af5" testId="5e045292-2424-2536-e9a7-78679c446a8a" testName="WebApplicationFactory_FrameworkAndConfiguration_ProducesExpectedRunCommand" computerName="cursor" duration="00:00:00.0002280" startTime="2025-08-11T23:15:53.1447006+00:00" endTime="2025-08-11T23:15:53.1449282+00:00" testType="13cdc9d9-ddb5-4fa4-a97d-d965ccfc6d4b" outcome="Passed" testListId="8c84fa94-04c1-424b-9868-57a2d4851a1d" relativeResultsDirectory="7ec5156c-f766-4881-86cf-8a95b6b33af5">
      <Output>
        <StdOut>=== WebApplicationFactory (fallback to dotnet run) ===
Builder methods:
.WithFramework("net9.0").WithConfiguration("Debug")
Run command:
dotnet run --framework net9.0 --configuration Debug --no-launch-profile
Environment variables:
ASPNETCORE_HOSTINGSTARTUPASSEMBLIES=
====================</StdOut>
      </Output>
    </UnitTestResult>
    <UnitTestResult executionId="239cdc62-147d-4e36-adbf-d06ec901f84d" testId="c9f61712-9fd7-d6bb-db15-07624030c6e4" testName="Last_WithEmptyCollection_ShouldThrowInvalidOperationException" computerName="cursor" duration="00:00:00.0002950" startTime="2025-08-11T23:15:52.9091737+00:00" endTime="2025-08-11T23:15:52.9094687+00:00" testType="13cdc9d9-ddb5-4fa4-a97d-d965ccfc6d4b" outcome="Passed" testListId="8c84fa94-04c1-424b-9868-57a2d4851a1d" relativeResultsDirectory="239cdc62-147d-4e36-adbf-d06ec901f84d" />
    <UnitTestResult executionId="ce87c1ff-4a6a-42fe-9bd9-c69b7d98e1df" testId="8ee850f6-f93d-44de-04bb-8bbc073b000b" testName="Constructor_WithNullOptions_ShouldThrowArgumentNullException" computerName="cursor" duration="00:00:00.0006250" startTime="2025-08-11T23:15:52.8820046+00:00" endTime="2025-08-11T23:15:52.8826298+00:00" testType="13cdc9d9-ddb5-4fa4-a97d-d965ccfc6d4b" outcome="Passed" testListId="8c84fa94-04c1-424b-9868-57a2d4851a1d" relativeResultsDirectory="ce87c1ff-4a6a-42fe-9bd9-c69b7d98e1df" />
    <UnitTestResult executionId="86b3a135-c87f-43bd-b73b-65a8e09b741e" testId="e490ff0f-804e-81fe-d54a-5987cfe60093" testName="WithAttribute_WithNullValue_ShouldSetEmptyString" computerName="cursor" duration="00:00:00.0001010" startTime="2025-08-11T23:15:52.8844906+00:00" endTime="2025-08-11T23:15:52.8845913+00:00" testType="13cdc9d9-ddb5-4fa4-a97d-d965ccfc6d4b" outcome="Passed" testListId="8c84fa94-04c1-424b-9868-57a2d4851a1d" relativeResultsDirectory="86b3a135-c87f-43bd-b73b-65a8e09b741e" />
    <UnitTestResult executionId="da812c3e-32d3-4a13-9486-5a47cf157d41" testId="d8390e41-bd5a-fe7f-3b98-f2190b4f7ae8" testName="RemoveFromCache_WithNonExistingKey_ShouldReturnFalse" computerName="cursor" duration="00:00:00.0000680" startTime="2025-08-11T23:15:52.9208219+00:00" endTime="2025-08-11T23:15:52.9208897+00:00" testType="13cdc9d9-ddb5-4fa4-a97d-d965ccfc6d4b" outcome="Passed" testListId="8c84fa94-04c1-424b-9868-57a2d4851a1d" relativeResultsDirectory="da812c3e-32d3-4a13-9486-5a47cf157d41" />
    <UnitTestResult executionId="5dd9c1f5-b3ab-407e-ac22-0c3ce0314ce5" testId="ffb66a76-a7d1-dfa1-aa9c-bf5163813cc6" testName="First_WithNonEmptyCollection_ShouldReturnFirstElement" computerName="cursor" duration="00:00:00.0001570" startTime="2025-08-11T23:15:52.9064629+00:00" endTime="2025-08-11T23:15:52.9066195+00:00" testType="13cdc9d9-ddb5-4fa4-a97d-d965ccfc6d4b" outcome="Passed" testListId="8c84fa94-04c1-424b-9868-57a2d4851a1d" relativeResultsDirectory="5dd9c1f5-b3ab-407e-ac22-0c3ce0314ce5" />
    <UnitTestResult executionId="35aa3583-3035-4e83-9466-3a595e4e912b" testId="cc50075c-462e-8b57-d394-e1d716bb8f7e" testName="Constructor_WithEmptyElements_ShouldInitializeEmptyCollection" computerName="cursor" duration="00:00:00.0103690" startTime="2025-08-11T23:15:52.8857458+00:00" endTime="2025-08-11T23:15:52.8961142+00:00" testType="13cdc9d9-ddb5-4fa4-a97d-d965ccfc6d4b" outcome="Passed" testListId="8c84fa94-04c1-424b-9868-57a2d4851a1d" relativeResultsDirectory="35aa3583-3035-4e83-9466-3a595e4e912b" />
    <UnitTestResult executionId="efb09720-2721-4f47-a52a-816c6129921c" testId="b877d3bb-b67c-3d6a-02a1-248c2c6a7c36" testName="DetectProjectPath_NoGit_FallsBackToDirectorySearch" computerName="cursor" duration="00:00:00.0006780" startTime="2025-08-11T23:15:53.1174561+00:00" endTime="2025-08-11T23:15:53.1181342+00:00" testType="13cdc9d9-ddb5-4fa4-a97d-d965ccfc6d4b" outcome="Passed" testListId="8c84fa94-04c1-424b-9868-57a2d4851a1d" relativeResultsDirectory="efb09720-2721-4f47-a52a-816c6129921c" />
    <UnitTestResult executionId="ecee6eac-156b-4c05-9258-69f514bc82be" testId="179ad534-942e-3d0d-8cd9-ff68b706f3bf" testName="IsSelected_ShouldReturnFalse" computerName="cursor" duration="00:00:00.0001170" startTime="2025-08-11T23:15:52.9308612+00:00" endTime="2025-08-11T23:15:52.9309781+00:00" testType="13cdc9d9-ddb5-4fa4-a97d-d965ccfc6d4b" outcome="Passed" testListId="8c84fa94-04c1-424b-9868-57a2d4851a1d" relativeResultsDirectory="ecee6eac-156b-4c05-9258-69f514bc82be" />
    <UnitTestResult executionId="9f93032e-af13-4c35-b599-0d025a92fa08" testId="3f49ee74-f47f-14db-402b-a5606f508f18" testName="CreateDriver_WithValidOptions_ReturnsDriver" computerName="cursor" duration="00:00:00.0005120" startTime="2025-08-11T23:15:53.1244398+00:00" endTime="2025-08-11T23:15:53.1249521+00:00" testType="13cdc9d9-ddb5-4fa4-a97d-d965ccfc6d4b" outcome="Passed" testListId="8c84fa94-04c1-424b-9868-57a2d4851a1d" relativeResultsDirectory="9f93032e-af13-4c35-b599-0d025a92fa08" />
    <UnitTestResult executionId="71ef56e7-0773-4bd1-a3bf-9d570935c4bb" testId="53b308dd-208a-388e-c5f9-16f490d67de6" testName="NavigateToUrl_WithNullUrl_IsValid" computerName="cursor" duration="00:00:00.0005990" startTime="2025-08-11T23:15:53.1182727+00:00" endTime="2025-08-11T23:15:53.1188718+00:00" testType="13cdc9d9-ddb5-4fa4-a97d-d965ccfc6d4b" outcome="Passed" testListId="8c84fa94-04c1-424b-9868-57a2d4851a1d" relativeResultsDirectory="71ef56e7-0773-4bd1-a3bf-9d570935c4bb" />
    <UnitTestResult executionId="583099b5-b015-47d5-9b4b-4a8b2ec04f34" testId="c6b038af-0bc0-b632-00c4-3ef8ea29ed6e" testName="RemoveFromCache_WithExistingKey_ShouldRemoveElement" computerName="cursor" duration="00:00:00.0001670" startTime="2025-08-11T23:15:52.9206489+00:00" endTime="2025-08-11T23:15:52.9208159+00:00" testType="13cdc9d9-ddb5-4fa4-a97d-d965ccfc6d4b" outcome="Passed" testListId="8c84fa94-04c1-424b-9868-57a2d4851a1d" relativeResultsDirectory="583099b5-b015-47d5-9b4b-4a8b2ec04f34" />
    <UnitTestResult executionId="dfcf0023-4b94-412f-9cc0-94c087c92bb8" testId="629e7f8f-acc1-6486-7ee3-d596d40e2188" testName="FilterByAttribute_WithCaseInsensitiveMatch_ShouldReturnFilteredCollection" computerName="cursor" duration="00:00:00.0007790" startTime="2025-08-11T23:15:52.9030643+00:00" endTime="2025-08-11T23:15:52.9038429+00:00" testType="13cdc9d9-ddb5-4fa4-a97d-d965ccfc6d4b" outcome="Passed" testListId="8c84fa94-04c1-424b-9868-57a2d4851a1d" relativeResultsDirectory="dfcf0023-4b94-412f-9cc0-94c087c92bb8" />
    <UnitTestResult executionId="f7bc3a8c-64e4-473c-be21-d0ebc073e87b" testId="f1c510fe-f632-6958-5421-3d34e26a9b68" testName="GetOrCreateElement_WithNewKey_ShouldCreateAndCacheElement" computerName="cursor" duration="00:00:00.0001910" startTime="2025-08-11T23:15:52.9191949+00:00" endTime="2025-08-11T23:15:52.9193854+00:00" testType="13cdc9d9-ddb5-4fa4-a97d-d965ccfc6d4b" outcome="Passed" testListId="8c84fa94-04c1-424b-9868-57a2d4851a1d" relativeResultsDirectory="f7bc3a8c-64e4-473c-be21-d0ebc073e87b" />
    <UnitTestResult executionId="d7b1b891-dddf-4cc3-9253-7c9fab708161" testId="5ecd0d47-634a-f5a5-e7c4-807c1c8c5935" testName="WithSlowMo_WithZeroValue_SetsSlowMoToZero" computerName="cursor" duration="00:00:00.0003020" startTime="2025-08-11T23:15:52.9649751+00:00" endTime="2025-08-11T23:15:52.9652767+00:00" testType="13cdc9d9-ddb5-4fa4-a97d-d965ccfc6d4b" outcome="Passed" testListId="8c84fa94-04c1-424b-9868-57a2d4851a1d" relativeResultsDirectory="d7b1b891-dddf-4cc3-9253-7c9fab708161" />
    <UnitTestResult executionId="ab32bf56-5d80-4a9d-b872-b698dfe96d0c" testId="20de0f10-a260-56ec-7409-45cd1f921704" testName="WebApplicationFactory_WithUnhealthyEndpoint_TimesOutPathsCovered" computerName="cursor" duration="00:00:00.0002450" startTime="2025-08-11T23:15:52.8413302+00:00" endTime="2025-08-11T23:15:52.8415754+00:00" testType="13cdc9d9-ddb5-4fa4-a97d-d965ccfc6d4b" outcome="Passed" testListId="8c84fa94-04c1-424b-9868-57a2d4851a1d" relativeResultsDirectory="ab32bf56-5d80-4a9d-b872-b698dfe96d0c" />
    <UnitTestResult executionId="eea202bf-1bc1-4e58-a1d2-9335684474ed" testId="f46fda5d-5750-4db5-4e78-e68e765afd13" testName="Register_SamePluginTypeTwice_DeduplicatesByType" computerName="cursor" duration="00:00:00.0002310" startTime="2025-08-11T23:15:53.1275944+00:00" endTime="2025-08-11T23:15:53.1278252+00:00" testType="13cdc9d9-ddb5-4fa4-a97d-d965ccfc6d4b" outcome="Passed" testListId="8c84fa94-04c1-424b-9868-57a2d4851a1d" relativeResultsDirectory="eea202bf-1bc1-4e58-a1d2-9335684474ed" />
    <UnitTestResult executionId="24c7827c-2a5d-47a4-a3bc-64098dbe9135" testId="0b3109f8-d2a8-47f7-ae01-04faf34ff615" testName="BuildCommandArguments_ReturnsExpectedFormat" computerName="cursor" duration="00:00:00.0005030" startTime="2025-08-11T23:15:52.7812966+00:00" endTime="2025-08-11T23:15:52.7817993+00:00" testType="13cdc9d9-ddb5-4fa4-a97d-d965ccfc6d4b" outcome="Passed" testListId="8c84fa94-04c1-424b-9868-57a2d4851a1d" relativeResultsDirectory="24c7827c-2a5d-47a4-a3bc-64098dbe9135" />
    <UnitTestResult executionId="3f877fa8-b8c9-426f-9eaf-b50159dcd4cf" testId="73a1b770-4a5e-0a29-6a9c-524092b48888" testName="FirstOrDefault_WithNonEmptyCollection_ShouldReturnFirstElement" computerName="cursor" duration="00:00:00.0002100" startTime="2025-08-11T23:15:52.9068691+00:00" endTime="2025-08-11T23:15:52.9070794+00:00" testType="13cdc9d9-ddb5-4fa4-a97d-d965ccfc6d4b" outcome="Passed" testListId="8c84fa94-04c1-424b-9868-57a2d4851a1d" relativeResultsDirectory="3f877fa8-b8c9-426f-9eaf-b50159dcd4cf" />
    <UnitTestResult executionId="555dad61-3c10-425b-b76c-da08a2adf060" testId="9277c687-d1ec-06a3-91ef-9c2756a13404" testName="Filter_WithValidPredicate_ShouldReturnFilteredCollection" computerName="cursor" duration="00:00:00.0005080" startTime="2025-08-11T23:15:52.9025431+00:00" endTime="2025-08-11T23:15:52.9030508+00:00" testType="13cdc9d9-ddb5-4fa4-a97d-d965ccfc6d4b" outcome="Passed" testListId="8c84fa94-04c1-424b-9868-57a2d4851a1d" relativeResultsDirectory="555dad61-3c10-425b-b76c-da08a2adf060" />
    <UnitTestResult executionId="6476a927-ffb6-4ffe-b379-cf15f12fa38c" testId="22a55186-734f-9dba-b3aa-22207bab8f2a" testName="RegisterPlugin_WithValidPluginType_RegistersPlugin" computerName="cursor" duration="00:00:00.0001860" startTime="2025-08-11T23:15:53.1265054+00:00" endTime="2025-08-11T23:15:53.1266910+00:00" testType="13cdc9d9-ddb5-4fa4-a97d-d965ccfc6d4b" outcome="Passed" testListId="8c84fa94-04c1-424b-9868-57a2d4851a1d" relativeResultsDirectory="6476a927-ffb6-4ffe-b379-cf15f12fa38c" />
    <UnitTestResult executionId="94a98917-50cd-42a4-a806-ddcbd5ca7fee" testId="46930332-f66d-a8f0-6df4-449ab0a9cd10" testName="Indexer_WithNegativeIndex_ShouldThrowArgumentOutOfRangeException" computerName="cursor" duration="00:00:00.0001820" startTime="2025-08-11T23:15:52.9088301+00:00" endTime="2025-08-11T23:15:52.9090125+00:00" testType="13cdc9d9-ddb5-4fa4-a97d-d965ccfc6d4b" outcome="Passed" testListId="8c84fa94-04c1-424b-9868-57a2d4851a1d" relativeResultsDirectory="94a98917-50cd-42a4-a806-ddcbd5ca7fee" />
    <UnitTestResult executionId="5209ea11-5b14-48b9-adf2-e14d90a19430" testId="eeb41d66-bc8a-3f24-dae1-82048046740c" testName="WithSlowMo_WithNullValue_SetsSlowMoToNull" computerName="cursor" duration="00:00:00.0001750" startTime="2025-08-11T23:15:52.9646250+00:00" endTime="2025-08-11T23:15:52.9647998+00:00" testType="13cdc9d9-ddb5-4fa4-a97d-d965ccfc6d4b" outcome="Passed" testListId="8c84fa94-04c1-424b-9868-57a2d4851a1d" relativeResultsDirectory="5209ea11-5b14-48b9-adf2-e14d90a19430" />
    <UnitTestResult executionId="9eaa3553-9a18-4619-9563-0650109f6220" testId="f3b5f62e-4f46-2207-7f46-5faefe33f536" testName="Exists_WhenElementDoesNotExist_ShouldReturnFalse" computerName="cursor" duration="00:00:00.0008250" startTime="2025-08-11T23:15:52.9268340+00:00" endTime="2025-08-11T23:15:52.9276584+00:00" testType="13cdc9d9-ddb5-4fa4-a97d-d965ccfc6d4b" outcome="Passed" testListId="8c84fa94-04c1-424b-9868-57a2d4851a1d" relativeResultsDirectory="9eaa3553-9a18-4619-9563-0650109f6220" />
    <UnitTestResult executionId="540f5ef4-dbb9-4be5-8c4a-175c9c6c31fe" testId="d9c1e874-b98e-f314-cfca-82dd9dc7660b" testName="DetectProjectPath_InGitRepo_FindsProjectInSrc" computerName="cursor" duration="00:00:00.0020590" startTime="2025-08-11T23:15:53.1153802+00:00" endTime="2025-08-11T23:15:53.1174391+00:00" testType="13cdc9d9-ddb5-4fa4-a97d-d965ccfc6d4b" outcome="Passed" testListId="8c84fa94-04c1-424b-9868-57a2d4851a1d" relativeResultsDirectory="540f5ef4-dbb9-4be5-8c4a-175c9c6c31fe" />
    <UnitTestResult executionId="e883d6a4-2489-4b81-8eeb-3e8d0ccf1795" testId="c6d9c40f-adc6-4edb-6a83-6f4ac42882d1" testName="GetAttribute_ShouldReturnEmptyString" computerName="cursor" duration="00:00:00.0005220" startTime="2025-08-11T23:15:52.9280035+00:00" endTime="2025-08-11T23:15:52.9285254+00:00" testType="13cdc9d9-ddb5-4fa4-a97d-d965ccfc6d4b" outcome="Passed" testListId="8c84fa94-04c1-424b-9868-57a2d4851a1d" relativeResultsDirectory="e883d6a4-2489-4b81-8eeb-3e8d0ccf1795" />
    <UnitTestResult executionId="6829994d-eb2f-4bf2-8533-12ba92ef856f" testId="a8ade4ba-35e4-f1b1-b29c-1221576ebc2c" testName="WithDefaultWaitTimeout_WithNegativeTimeout_ThrowsException" computerName="cursor" duration="00:00:00.0001780" startTime="2025-08-11T23:15:52.9605655+00:00" endTime="2025-08-11T23:15:52.9607438+00:00" testType="13cdc9d9-ddb5-4fa4-a97d-d965ccfc6d4b" outcome="Passed" testListId="8c84fa94-04c1-424b-9868-57a2d4851a1d" relativeResultsDirectory="6829994d-eb2f-4bf2-8533-12ba92ef856f" />
    <UnitTestResult executionId="f05ca77e-bda4-4c1e-8186-7ab940fd9351" testId="202af691-80fb-dfa6-d9ed-de360fd56509" testName="Last_WithNonEmptyCollection_ShouldReturnLastElement" computerName="cursor" duration="00:00:00.0001860" startTime="2025-08-11T23:15:52.9094807+00:00" endTime="2025-08-11T23:15:52.9096669+00:00" testType="13cdc9d9-ddb5-4fa4-a97d-d965ccfc6d4b" outcome="Passed" testListId="8c84fa94-04c1-424b-9868-57a2d4851a1d" relativeResultsDirectory="f05ca77e-bda4-4c1e-8186-7ab940fd9351" />
    <UnitTestResult executionId="fdafa6be-2ef5-496d-82b7-245715b6fba8" testId="6d5a4486-b343-0cdc-4507-2918b358e5b5" testName="DotNet_WorkingDirectory_IsApplied" computerName="cursor" duration="00:00:00.0000920" startTime="2025-08-11T23:15:53.1434153+00:00" endTime="2025-08-11T23:15:53.1435077+00:00" testType="13cdc9d9-ddb5-4fa4-a97d-d965ccfc6d4b" outcome="Passed" testListId="8c84fa94-04c1-424b-9868-57a2d4851a1d" relativeResultsDirectory="fdafa6be-2ef5-496d-82b7-245715b6fba8" />
    <UnitTestResult executionId="5f5920db-f974-414e-820c-1669d2250d35" testId="0c9cdc29-691b-c84f-d982-5575012bff55" testName="IsVisible_ShouldCallDriverIsVisible" computerName="cursor" duration="00:00:00.0002920" startTime="2025-08-11T23:15:52.9309835+00:00" endTime="2025-08-11T23:15:52.9312756+00:00" testType="13cdc9d9-ddb5-4fa4-a97d-d965ccfc6d4b" outcome="Passed" testListId="8c84fa94-04c1-424b-9868-57a2d4851a1d" relativeResultsDirectory="5f5920db-f974-414e-820c-1669d2250d35" />
    <UnitTestResult executionId="ba17e347-e271-4120-86a9-a70fd02b8d96" testId="2ea41be2-ee63-3a11-0613-d95c2f91bed0" testName="Placeholder_NoOp_ToMaintainTestStructure" computerName="cursor" duration="00:00:00.0148490" startTime="2025-08-11T23:15:52.9452326+00:00" endTime="2025-08-11T23:15:52.9600807+00:00" testType="13cdc9d9-ddb5-4fa4-a97d-d965ccfc6d4b" outcome="Passed" testListId="8c84fa94-04c1-424b-9868-57a2d4851a1d" relativeResultsDirectory="ba17e347-e271-4120-86a9-a70fd02b8d96" />
    <UnitTestResult executionId="403f059d-0f59-4573-b6a8-50fbb65eb9ba" testId="8a43bd3c-a801-bb4f-9167-9cddc20d64b5" testName="WithWebServerProjectPath_WithEmptyPath_Removed" computerName="cursor" duration="00:00:00.0001720" startTime="2025-08-11T23:15:52.9655114+00:00" endTime="2025-08-11T23:15:52.9656832+00:00" testType="13cdc9d9-ddb5-4fa4-a97d-d965ccfc6d4b" outcome="Passed" testListId="8c84fa94-04c1-424b-9868-57a2d4851a1d" relativeResultsDirectory="403f059d-0f59-4573-b6a8-50fbb65eb9ba">
      <Output>
        <StdOut>Removed</StdOut>
      </Output>
    </UnitTestResult>
    <UnitTestResult executionId="6cbcb886-46d0-4450-b0ca-7e219337fb3f" testId="0b5f1728-7b8a-73cb-1723-24feb2bf7d3d" testName="Constructor_WithNullDriver_ShouldThrowArgumentNullException" computerName="cursor" duration="00:00:00.0001800" startTime="2025-08-11T23:15:52.9111411+00:00" endTime="2025-08-11T23:15:52.9113212+00:00" testType="13cdc9d9-ddb5-4fa4-a97d-d965ccfc6d4b" outcome="Passed" testListId="8c84fa94-04c1-424b-9868-57a2d4851a1d" relativeResultsDirectory="6cbcb886-46d0-4450-b0ca-7e219337fb3f" />
    <UnitTestResult executionId="341ef718-33e7-44e2-9123-144d55f04c5c" testId="4346959c-3e94-4c0e-1880-3b5ac77fbbde" testName="RegisterPlugin_WithDuplicatePlugin_DoesNotAddDuplicate" computerName="cursor" duration="00:00:00.0004060" startTime="2025-08-11T23:15:53.1254725+00:00" endTime="2025-08-11T23:15:53.1258785+00:00" testType="13cdc9d9-ddb5-4fa4-a97d-d965ccfc6d4b" outcome="Passed" testListId="8c84fa94-04c1-424b-9868-57a2d4851a1d" relativeResultsDirectory="341ef718-33e7-44e2-9123-144d55f04c5c" />
    <UnitTestResult executionId="08ef5045-8300-48af-a30e-dddad3c41ddb" testId="b301e5a2-6274-43e4-8d33-13911ec17a00" testName="GetPlugins_ReturnsRegisteredPlugins" computerName="cursor" duration="00:00:00.0003070" startTime="2025-08-11T23:15:53.1251546+00:00" endTime="2025-08-11T23:15:53.1254614+00:00" testType="13cdc9d9-ddb5-4fa4-a97d-d965ccfc6d4b" outcome="Passed" testListId="8c84fa94-04c1-424b-9868-57a2d4851a1d" relativeResultsDirectory="08ef5045-8300-48af-a30e-dddad3c41ddb" />
    <UnitTestResult executionId="2ae692b5-2075-4b09-ae4f-dcf6ec011cd4" testId="d93cec4f-53d9-403d-a92c-21324eed1dc2" testName="FilterByAttribute_WithNoMatchingAttribute_ShouldReturnEmptyCollection" computerName="cursor" duration="00:00:00.0001900" startTime="2025-08-11T23:15:52.9045168+00:00" endTime="2025-08-11T23:15:52.9047069+00:00" testType="13cdc9d9-ddb5-4fa4-a97d-d965ccfc6d4b" outcome="Passed" testListId="8c84fa94-04c1-424b-9868-57a2d4851a1d" relativeResultsDirectory="2ae692b5-2075-4b09-ae4f-dcf6ec011cd4" />
    <UnitTestResult executionId="aaa0901d-0a7b-4a06-a357-3b80bb58c98c" testId="869c75f3-f0d3-ccd1-94b9-b347ceeefe6e" testName="CreateConfigurationWithDetection_WithValidParameters_ReturnsConfiguration" computerName="cursor" duration="00:00:00.0014440" startTime="2025-08-11T23:15:53.1458927+00:00" endTime="2025-08-11T23:15:53.1473364+00:00" testType="13cdc9d9-ddb5-4fa4-a97d-d965ccfc6d4b" outcome="Passed" testListId="8c84fa94-04c1-424b-9868-57a2d4851a1d" relativeResultsDirectory="aaa0901d-0a7b-4a06-a357-3b80bb58c98c" />
    <UnitTestResult executionId="cb2b778f-4ec2-4bdb-89d5-009415c7bb25" testId="cbefd2c6-af4f-b601-5e3c-99959e055433" testName="LastOrDefault_WithNonEmptyCollection_ShouldReturnLastElement" computerName="cursor" duration="00:00:00.0001789" startTime="2025-08-11T23:15:52.9099170+00:00" endTime="2025-08-11T23:15:52.9100963+00:00" testType="13cdc9d9-ddb5-4fa4-a97d-d965ccfc6d4b" outcome="Passed" testListId="8c84fa94-04c1-424b-9868-57a2d4851a1d" relativeResultsDirectory="cb2b778f-4ec2-4bdb-89d5-009415c7bb25" />
    <UnitTestResult executionId="b392db08-a2cb-4670-802a-944cbb1ab492" testId="f886403e-9ef4-53a2-d4e1-ecec3b79370d" testName="Constructor_WithNullSelector_ShouldThrowArgumentNullException" computerName="cursor" duration="00:00:00.0002530" startTime="2025-08-11T23:15:52.8826433+00:00" endTime="2025-08-11T23:15:52.8828967+00:00" testType="13cdc9d9-ddb5-4fa4-a97d-d965ccfc6d4b" outcome="Passed" testListId="8c84fa94-04c1-424b-9868-57a2d4851a1d" relativeResultsDirectory="b392db08-a2cb-4670-802a-944cbb1ab492" />
    <UnitTestResult executionId="e87bd8b8-e6f0-44d1-9fe7-dc5e3ab2afc7" testId="a5af218b-8bb2-00fd-6d22-0e1ead0c9ffa" testName="FilterOutputByPort_MatchesCorrectLines" computerName="cursor" duration="00:00:00.0109560" startTime="2025-08-11T23:15:53.1281929+00:00" endTime="2025-08-11T23:15:53.1391487+00:00" testType="13cdc9d9-ddb5-4fa4-a97d-d965ccfc6d4b" outcome="Passed" testListId="8c84fa94-04c1-424b-9868-57a2d4851a1d" relativeResultsDirectory="e87bd8b8-e6f0-44d1-9fe7-dc5e3ab2afc7" />
    <UnitTestResult executionId="82858360-dcd3-46a7-9192-a91cd4d50075" testId="7b7eece1-efca-5e39-6f9c-7c2cf05500c2" testName="DotNet_EnvironmentSetters_AreApplied" computerName="cursor" duration="00:00:00.0001930" startTime="2025-08-11T23:15:53.1429017+00:00" endTime="2025-08-11T23:15:53.1430944+00:00" testType="13cdc9d9-ddb5-4fa4-a97d-d965ccfc6d4b" outcome="Passed" testListId="8c84fa94-04c1-424b-9868-57a2d4851a1d" relativeResultsDirectory="82858360-dcd3-46a7-9192-a91cd4d50075" />
    <UnitTestResult executionId="08608cde-4117-4387-ae25-46e0eedd703d" testId="ba86690a-e524-5b30-0581-e7c61fd4694c" testName="SpaProxyEnv_PropagatesToStartInfo" computerName="cursor" duration="00:00:00.0008720" startTime="2025-08-11T23:15:52.7818142+00:00" endTime="2025-08-11T23:15:52.7826855+00:00" testType="13cdc9d9-ddb5-4fa4-a97d-d965ccfc6d4b" outcome="Passed" testListId="8c84fa94-04c1-424b-9868-57a2d4851a1d" relativeResultsDirectory="08608cde-4117-4387-ae25-46e0eedd703d" />
    <UnitTestResult executionId="690e2427-6016-4bff-b11c-b3c671432e41" testId="8ae62a86-1c76-a105-6718-7582f48ad523" testName="WithRetryInterval_ShouldSetRetryInterval" computerName="cursor" duration="00:00:00.0000940" startTime="2025-08-11T23:15:52.8852791+00:00" endTime="2025-08-11T23:15:52.8853736+00:00" testType="13cdc9d9-ddb5-4fa4-a97d-d965ccfc6d4b" outcome="Passed" testListId="8c84fa94-04c1-424b-9868-57a2d4851a1d" relativeResultsDirectory="690e2427-6016-4bff-b11c-b3c671432e41" />
    <UnitTestResult executionId="cdd71271-5fb0-4161-8ce0-8cc3059216cb" testId="38f64a32-373c-d336-108a-9833491623db" testName="CreateElement_WithConfiguration_ShouldReturnConfiguredElement" computerName="cursor" duration="00:00:00.0004180" startTime="2025-08-11T23:15:52.9116365+00:00" endTime="2025-08-11T23:15:52.9120543+00:00" testType="13cdc9d9-ddb5-4fa4-a97d-d965ccfc6d4b" outcome="Passed" testListId="8c84fa94-04c1-424b-9868-57a2d4851a1d" relativeResultsDirectory="cdd71271-5fb0-4161-8ce0-8cc3059216cb" />
    <UnitTestResult executionId="0082e4e0-741b-486d-ad70-62aab2c7170b" testId="7af08328-43c6-c4ff-4de5-161f93857df3" testName="StartServerAsync_MutexHeldByOther_AndServerBecomesReady_Completes" computerName="cursor" duration="00:00:00.1771380" startTime="2025-08-11T23:15:53.1528778+00:00" endTime="2025-08-11T23:15:53.3300160+00:00" testType="13cdc9d9-ddb5-4fa4-a97d-d965ccfc6d4b" outcome="Passed" testListId="8c84fa94-04c1-424b-9868-57a2d4851a1d" relativeResultsDirectory="0082e4e0-741b-486d-ad70-62aab2c7170b" />
    <UnitTestResult executionId="7d26b353-6c71-45f3-9815-8ab2f056490e" testId="91a71ac4-590c-9e24-6500-b1be939120d3" testName="GetOrCreateElement_WithNullKey_ShouldThrowArgumentException" computerName="cursor" duration="00:00:00.0001710" startTime="2025-08-11T23:15:52.9193914+00:00" endTime="2025-08-11T23:15:52.9195627+00:00" testType="13cdc9d9-ddb5-4fa4-a97d-d965ccfc6d4b" outcome="Passed" testListId="8c84fa94-04c1-424b-9868-57a2d4851a1d" relativeResultsDirectory="7d26b353-6c71-45f3-9815-8ab2f056490e" />
    <UnitTestResult executionId="290616af-6687-4f22-a955-fd3fb4e8fdfd" testId="9878c4ec-2f1a-e8e4-b5a4-d9a2cba55d4b" testName="WithAttribute_WithEmptyName_ShouldThrowArgumentException" computerName="cursor" duration="00:00:00.0002320" startTime="2025-08-11T23:15:52.8840280+00:00" endTime="2025-08-11T23:15:52.8842598+00:00" testType="13cdc9d9-ddb5-4fa4-a97d-d965ccfc6d4b" outcome="Passed" testListId="8c84fa94-04c1-424b-9868-57a2d4851a1d" relativeResultsDirectory="290616af-6687-4f22-a955-fd3fb4e8fdfd" />
    <UnitTestResult executionId="ff53f313-c1fa-4ac8-847c-2e8875588491" testId="2ac27a39-0887-ff83-8ecd-f4b873b52bce" testName="GetOrCreateElement_WithNullSelector_ShouldThrowArgumentException" computerName="cursor" duration="00:00:00.0001320" startTime="2025-08-11T23:15:52.9195698+00:00" endTime="2025-08-11T23:15:52.9197013+00:00" testType="13cdc9d9-ddb5-4fa4-a97d-d965ccfc6d4b" outcome="Passed" testListId="8c84fa94-04c1-424b-9868-57a2d4851a1d" relativeResultsDirectory="ff53f313-c1fa-4ac8-847c-2e8875588491" />
    <UnitTestResult executionId="10f38d8a-f0ef-4750-88a8-4ed14a2c8684" testId="3060bcb3-7dbb-52ae-d898-6c736e92902a" testName="RegisterDetector_WithValidDetector_RegistersSuccessfully" computerName="cursor" duration="00:00:00.0003500" startTime="2025-08-11T23:15:53.1475896+00:00" endTime="2025-08-11T23:15:53.1479397+00:00" testType="13cdc9d9-ddb5-4fa4-a97d-d965ccfc6d4b" outcome="Passed" testListId="8c84fa94-04c1-424b-9868-57a2d4851a1d" relativeResultsDirectory="10f38d8a-f0ef-4750-88a8-4ed14a2c8684">
      <Output>
        <StdOut>Detector registered successfully</StdOut>
      </Output>
    </UnitTestResult>
    <UnitTestResult executionId="f6bf0099-32aa-401a-b414-3e1ede38714e" testId="ff506097-7a61-9dd6-1df2-d3c8d75a82f3" testName="WithHeadlessMode_AndSlowMo_SetProperly" computerName="cursor" duration="00:00:00.0021180" startTime="2025-08-11T23:15:52.9610671+00:00" endTime="2025-08-11T23:15:52.9631844+00:00" testType="13cdc9d9-ddb5-4fa4-a97d-d965ccfc6d4b" outcome="Passed" testListId="8c84fa94-04c1-424b-9868-57a2d4851a1d" relativeResultsDirectory="f6bf0099-32aa-401a-b414-3e1ede38714e" />
    <UnitTestResult executionId="7379fad1-095a-4897-af71-8b809fe37489" testId="5b0b0b21-c836-f769-4fb0-bf7c584f610d" testName="FilterByText_WithCaseInsensitiveMatch_ShouldReturnFilteredCollection" computerName="cursor" duration="00:00:00.0005220" startTime="2025-08-11T23:15:52.9049969+00:00" endTime="2025-08-11T23:15:52.9055185+00:00" testType="13cdc9d9-ddb5-4fa4-a97d-d965ccfc6d4b" outcome="Passed" testListId="8c84fa94-04c1-424b-9868-57a2d4851a1d" relativeResultsDirectory="7379fad1-095a-4897-af71-8b809fe37489" />
    <UnitTestResult executionId="c4ef85ea-8483-458f-bebb-2a52e3448797" testId="28f7c59d-b5d1-8620-75b4-446e721774f0" testName="Indexer_WithValidIndex_ShouldReturnElement" computerName="cursor" duration="00:00:00.0001490" startTime="2025-08-11T23:15:52.9090187+00:00" endTime="2025-08-11T23:15:52.9091681+00:00" testType="13cdc9d9-ddb5-4fa4-a97d-d965ccfc6d4b" outcome="Passed" testListId="8c84fa94-04c1-424b-9868-57a2d4851a1d" relativeResultsDirectory="c4ef85ea-8483-458f-bebb-2a52e3448797" />
    <UnitTestResult executionId="c9b1592c-e879-4b60-bc74-ee4c5dd6fd3e" testId="4f345fbb-6a64-45b0-3c3e-0ecb27e08e28" testName="FluentUIScaffoldPluginException_Constructors_Work" computerName="cursor" duration="00:00:00.0002260" startTime="2025-08-11T23:15:52.9433515+00:00" endTime="2025-08-11T23:15:52.9435770+00:00" testType="13cdc9d9-ddb5-4fa4-a97d-d965ccfc6d4b" outcome="Passed" testListId="8c84fa94-04c1-424b-9868-57a2d4851a1d" relativeResultsDirectory="c9b1592c-e879-4b60-bc74-ee4c5dd6fd3e" />
    <UnitTestResult executionId="6dbfeb97-d97a-487c-92af-885c3766088f" testId="ab73f926-d1a2-00f0-bb5d-c38f897fb557" testName="CreateElement_WithEmptySelector_ShouldThrowArgumentException" computerName="cursor" duration="00:00:00.0001520" startTime="2025-08-11T23:15:52.9120633+00:00" endTime="2025-08-11T23:15:52.9122156+00:00" testType="13cdc9d9-ddb5-4fa4-a97d-d965ccfc6d4b" outcome="Passed" testListId="8c84fa94-04c1-424b-9868-57a2d4851a1d" relativeResultsDirectory="6dbfeb97-d97a-487c-92af-885c3766088f" />
    <UnitTestResult executionId="171e5490-2b71-47b2-901d-19b31b0d49de" testId="2944cbda-271d-8e00-031a-dd03321c1f09" testName="WithHeadlessMode_WithValidValue_SetsHeadlessMode" computerName="cursor" duration="00:00:00.0004170" startTime="2025-08-11T23:15:52.9634673+00:00" endTime="2025-08-11T23:15:52.9638844+00:00" testType="13cdc9d9-ddb5-4fa4-a97d-d965ccfc6d4b" outcome="Passed" testListId="8c84fa94-04c1-424b-9868-57a2d4851a1d" relativeResultsDirectory="171e5490-2b71-47b2-901d-19b31b0d49de" />
    <UnitTestResult executionId="23ce42e5-d92c-4b10-8bc9-ff798066f244" testId="ac2caede-1993-10f2-1269-ecc9a1cb91c8" testName="Aspire_WithFrameworkAndDefaults_ProducesExpectedRunCommandAndEnv" computerName="cursor" duration="00:00:00.0026780" startTime="2025-08-11T23:15:53.1393066+00:00" endTime="2025-08-11T23:15:53.1419842+00:00" testType="13cdc9d9-ddb5-4fa4-a97d-d965ccfc6d4b" outcome="Passed" testListId="8c84fa94-04c1-424b-9868-57a2d4851a1d" relativeResultsDirectory="23ce42e5-d92c-4b10-8bc9-ff798066f244">
      <Output>
        <StdOut>=== Aspire (dotnet run) ===
Builder methods:
ServerConfiguration
    .CreateAspireServer(new Uri("http://localhost:6066"), "/path/to/AspireApp.AppHost.csproj")
    .WithFramework("net9.0")
    .WithConfiguration("Release")
Run command:
dotnet run --framework net9.0 --configuration Release --no-launch-profile
Environment variables:
ASPNETCORE_ENVIRONMENT=Development
ASPNETCORE_FORWARDEDHEADERS_ENABLED=false
ASPNETCORE_HOSTINGSTARTUPASSEMBLIES=
ASPNETCORE_URLS=http://localhost:6066/
DOTNET_DASHBOARD_OTLP_ENDPOINT_URL=https://localhost:21097
DOTNET_ENVIRONMENT=Development
DOTNET_RESOURCE_SERVICE_ENDPOINT_URL=https://localhost:22268
====================</StdOut>
      </Output>
    </UnitTestResult>
    <UnitTestResult executionId="b8291aa3-89b6-4172-8aba-07c7c8466ff5" testId="3df7fba2-fa8b-3ca7-23f8-eddd788932a9" testName="ElementContainsText_PositiveAndNegative" computerName="cursor" duration="00:00:00.0013950" startTime="2025-08-11T23:15:53.1482787+00:00" endTime="2025-08-11T23:15:53.1496732+00:00" testType="13cdc9d9-ddb5-4fa4-a97d-d965ccfc6d4b" outcome="Passed" testListId="8c84fa94-04c1-424b-9868-57a2d4851a1d" relativeResultsDirectory="b8291aa3-89b6-4172-8aba-07c7c8466ff5" />
    <UnitTestResult executionId="abbcafa7-2f4a-4ff1-ac6c-3d851352197a" testId="71ed1687-d25f-f0b2-eee1-f1f69754d207" testName="Indexer_WithIndexEqualToCount_ShouldThrowArgumentOutOfRangeException" computerName="cursor" duration="00:00:00.0003790" startTime="2025-08-11T23:15:52.9081688+00:00" endTime="2025-08-11T23:15:52.9085480+00:00" testType="13cdc9d9-ddb5-4fa4-a97d-d965ccfc6d4b" outcome="Passed" testListId="8c84fa94-04c1-424b-9868-57a2d4851a1d" relativeResultsDirectory="abbcafa7-2f4a-4ff1-ac6c-3d851352197a" />
    <UnitTestResult executionId="6cd3fc4d-ca1f-4471-bc04-09d98eab017b" testId="1c0d19b9-1bef-846e-5c51-324c55f41975" testName="Constructor_WithValidParameters_ShouldSetProperties" computerName="cursor" duration="00:00:00.0003410" startTime="2025-08-11T23:15:52.9264822+00:00" endTime="2025-08-11T23:15:52.9268235+00:00" testType="13cdc9d9-ddb5-4fa4-a97d-d965ccfc6d4b" outcome="Passed" testListId="8c84fa94-04c1-424b-9868-57a2d4851a1d" relativeResultsDirectory="6cd3fc4d-ca1f-4471-bc04-09d98eab017b" />
    <UnitTestResult executionId="2d885813-3586-4dbb-8c57-5a3cc1865a6a" testId="0857da33-b4ef-b236-6099-02a532ef2a14" testName="CreateElement_WithNullSelector_ShouldThrowArgumentException" computerName="cursor" duration="00:00:00.0001050" startTime="2025-08-11T23:15:52.9123576+00:00" endTime="2025-08-11T23:15:52.9124623+00:00" testType="13cdc9d9-ddb5-4fa4-a97d-d965ccfc6d4b" outcome="Passed" testListId="8c84fa94-04c1-424b-9868-57a2d4851a1d" relativeResultsDirectory="2d885813-3586-4dbb-8c57-5a3cc1865a6a" />
    <UnitTestResult executionId="4b26f6dd-86c2-474d-8059-873e618bffb3" testId="4cd43b66-f3f8-8df6-5266-95b6a332d485" testName="BuildCommandArguments_PrependsScript_AndAppendsArgs" computerName="cursor" duration="00:00:00.0007429" startTime="2025-08-11T23:15:53.1196579+00:00" endTime="2025-08-11T23:15:53.1204002+00:00" testType="13cdc9d9-ddb5-4fa4-a97d-d965ccfc6d4b" outcome="Passed" testListId="8c84fa94-04c1-424b-9868-57a2d4851a1d" relativeResultsDirectory="4b26f6dd-86c2-474d-8059-873e618bffb3" />
    <UnitTestResult executionId="24f9f321-520d-4d5b-9e1b-7a364197497a" testId="5d00fc9b-986f-8e7a-5894-fe21deab4d76" testName="FilterByText_WithEmptyText_ShouldReturnEmptyCollection" computerName="cursor" duration="00:00:00.0002650" startTime="2025-08-11T23:15:52.9055306+00:00" endTime="2025-08-11T23:15:52.9057956+00:00" testType="13cdc9d9-ddb5-4fa4-a97d-d965ccfc6d4b" outcome="Passed" testListId="8c84fa94-04c1-424b-9868-57a2d4851a1d" relativeResultsDirectory="24f9f321-520d-4d5b-9e1b-7a364197497a" />
    <UnitTestResult executionId="a3c30974-6013-4814-b255-3bca4f203d05" testId="475357e7-c128-1ac1-651e-32f7af1e435a" testName="IEnumerableGetEnumerator_ShouldReturnAllElements" computerName="cursor" duration="00:00:00.0005630" startTime="2025-08-11T23:15:52.9075913+00:00" endTime="2025-08-11T23:15:52.9081546+00:00" testType="13cdc9d9-ddb5-4fa4-a97d-d965ccfc6d4b" outcome="Passed" testListId="8c84fa94-04c1-424b-9868-57a2d4851a1d" relativeResultsDirectory="a3c30974-6013-4814-b255-3bca4f203d05" />
    <UnitTestResult executionId="86aa9b28-326d-412e-b188-33bc95a41935" testId="12ff9ff8-18aa-7b6e-4922-4d2923a6060b" testName="RegisterPlugin_WithValidPluginInstance_RegistersPlugin" computerName="cursor" duration="00:00:00.0003770" startTime="2025-08-11T23:15:53.1261178+00:00" endTime="2025-08-11T23:15:53.1264944+00:00" testType="13cdc9d9-ddb5-4fa4-a97d-d965ccfc6d4b" outcome="Passed" testListId="8c84fa94-04c1-424b-9868-57a2d4851a1d" relativeResultsDirectory="86aa9b28-326d-412e-b188-33bc95a41935" />
    <UnitTestResult executionId="1d940bc4-66e4-4e6f-a832-e39c29c79271" testId="8383728b-b15a-a0ae-e2d4-37daa1d150cf" testName="WithTimeout_ShouldSetTimeout" computerName="cursor" duration="00:00:00.0000810" startTime="2025-08-11T23:15:52.8853814+00:00" endTime="2025-08-11T23:15:52.8854628+00:00" testType="13cdc9d9-ddb5-4fa4-a97d-d965ccfc6d4b" outcome="Passed" testListId="8c84fa94-04c1-424b-9868-57a2d4851a1d" relativeResultsDirectory="1d940bc4-66e4-4e6f-a832-e39c29c79271" />
    <UnitTestResult executionId="15b3bbe2-aa94-455a-b463-27a4d260e8aa" testId="5b0f8305-1a07-717d-f99d-cd7dc78eb59e" testName="WaitFor_WithUnsupportedStrategy_ShouldThrowArgumentException" computerName="cursor" duration="00:00:00.0011900" startTime="2025-08-11T23:15:52.9363419+00:00" endTime="2025-08-11T23:15:52.9375314+00:00" testType="13cdc9d9-ddb5-4fa4-a97d-d965ccfc6d4b" outcome="Passed" testListId="8c84fa94-04c1-424b-9868-57a2d4851a1d" relativeResultsDirectory="15b3bbe2-aa94-455a-b463-27a4d260e8aa" />
    <UnitTestResult executionId="9bc781dd-f934-4f0f-a78a-01f2a1b3b126" testId="5f7c4701-d824-4b97-c114-36e1e6a4c33e" testName="UrlMatches_PositiveAndNegative" computerName="cursor" duration="00:00:00.0005290" startTime="2025-08-11T23:15:53.1521957+00:00" endTime="2025-08-11T23:15:53.1527242+00:00" testType="13cdc9d9-ddb5-4fa4-a97d-d965ccfc6d4b" outcome="Passed" testListId="8c84fa94-04c1-424b-9868-57a2d4851a1d" relativeResultsDirectory="9bc781dd-f934-4f0f-a78a-01f2a1b3b126" />
    <UnitTestResult executionId="a25bbf78-2cbc-43f8-9341-ba560ad6f7d5" testId="27bf1d8f-6db2-9d4a-565f-5fca061cc8f1" testName="Placeholder_NoOp_ToMaintainTestStructure" computerName="cursor" duration="00:00:00.0002320" startTime="2025-08-11T23:15:53.1135203+00:00" endTime="2025-08-11T23:15:53.1137525+00:00" testType="13cdc9d9-ddb5-4fa4-a97d-d965ccfc6d4b" outcome="Passed" testListId="8c84fa94-04c1-424b-9868-57a2d4851a1d" relativeResultsDirectory="a25bbf78-2cbc-43f8-9341-ba560ad6f7d5" />
    <UnitTestResult executionId="9b47d54d-aa7a-4933-ba9a-9c68b3c6167d" testId="bf028da6-1617-4eb8-985e-f133f6495b1c" testName="IsCached_WithNonExistingKey_ShouldReturnFalse" computerName="cursor" duration="00:00:00.0000520" startTime="2025-08-11T23:15:52.9198139+00:00" endTime="2025-08-11T23:15:52.9198663+00:00" testType="13cdc9d9-ddb5-4fa4-a97d-d965ccfc6d4b" outcome="Passed" testListId="8c84fa94-04c1-424b-9868-57a2d4851a1d" relativeResultsDirectory="9b47d54d-aa7a-4933-ba9a-9c68b3c6167d" />
    <UnitTestResult executionId="e68ae3ae-db6d-4643-b1c2-799aa8e7156c" testId="fcd32eae-1929-9e13-f2a2-ebf52e2ea1bb" testName="WebApplicationFactory_GetLauncher_SelectsCorrectLauncher" computerName="cursor" duration="00:00:00.0002860" startTime="2025-08-11T23:15:53.1449369+00:00" endTime="2025-08-11T23:15:53.1452230+00:00" testType="13cdc9d9-ddb5-4fa4-a97d-d965ccfc6d4b" outcome="Passed" testListId="8c84fa94-04c1-424b-9868-57a2d4851a1d" relativeResultsDirectory="e68ae3ae-db6d-4643-b1c2-799aa8e7156c" />
    <UnitTestResult executionId="e0783453-789a-42f3-9171-a1b80111f22b" testId="f2f6b3ec-eeaf-c73e-5a2e-1ef2fc174766" testName="WithAttribute_WithNullName_ShouldThrowArgumentException" computerName="cursor" duration="00:00:00.0002150" startTime="2025-08-11T23:15:52.8842677+00:00" endTime="2025-08-11T23:15:52.8844827+00:00" testType="13cdc9d9-ddb5-4fa4-a97d-d965ccfc6d4b" outcome="Passed" testListId="8c84fa94-04c1-424b-9868-57a2d4851a1d" relativeResultsDirectory="e0783453-789a-42f3-9171-a1b80111f22b" />
    <UnitTestResult executionId="1eac28be-cb4d-4d18-b296-b67bc32d763b" testId="32cab928-a934-2b6a-7a60-1dfa1c7f9abb" testName="WaitForHidden_ShouldCallDriverWaitForElementToBeHidden" computerName="cursor" duration="00:00:00.0002580" startTime="2025-08-11T23:15:52.9379062+00:00" endTime="2025-08-11T23:15:52.9381640+00:00" testType="13cdc9d9-ddb5-4fa4-a97d-d965ccfc6d4b" outcome="Passed" testListId="8c84fa94-04c1-424b-9868-57a2d4851a1d" relativeResultsDirectory="1eac28be-cb4d-4d18-b296-b67bc32d763b" />
    <UnitTestResult executionId="f5b5d959-10cd-456e-96b4-0676d0a8ceab" testId="121b3ea7-a273-e796-8c2e-1aff78536d24" testName="Click_ShouldCallDriverClick" computerName="cursor" duration="00:00:00.0050980" startTime="2025-08-11T23:15:52.9209733+00:00" endTime="2025-08-11T23:15:52.9260711+00:00" testType="13cdc9d9-ddb5-4fa4-a97d-d965ccfc6d4b" outcome="Passed" testListId="8c84fa94-04c1-424b-9868-57a2d4851a1d" relativeResultsDirectory="f5b5d959-10cd-456e-96b4-0676d0a8ceab" />
    <UnitTestResult executionId="e6205029-9b34-46e1-bef3-c1ffafa2c33b" testId="c2f5de2f-6096-d57c-95e5-fec26b8d796d" testName="Constructor_WithNullElements_ShouldInitializeEmptyCollection" computerName="cursor" duration="00:00:00.0003400" startTime="2025-08-11T23:15:52.8961295+00:00" endTime="2025-08-11T23:15:52.8964693+00:00" testType="13cdc9d9-ddb5-4fa4-a97d-d965ccfc6d4b" outcome="Passed" testListId="8c84fa94-04c1-424b-9868-57a2d4851a1d" relativeResultsDirectory="e6205029-9b34-46e1-bef3-c1ffafa2c33b" />
    <UnitTestResult executionId="6952441c-b2e0-49d4-aa35-21aa1ac523b0" testId="bf999a1f-994b-fb2b-0916-7df6581792db" testName="FilterByAttribute_WithMatchingAttribute_ShouldReturnFilteredCollection" computerName="cursor" duration="00:00:00.0002709" startTime="2025-08-11T23:15:52.9042358+00:00" endTime="2025-08-11T23:15:52.9045068+00:00" testType="13cdc9d9-ddb5-4fa4-a97d-d965ccfc6d4b" outcome="Passed" testListId="8c84fa94-04c1-424b-9868-57a2d4851a1d" relativeResultsDirectory="6952441c-b2e0-49d4-aa35-21aa1ac523b0" />
    <UnitTestResult executionId="a5609d4b-d583-4c86-86c7-5b2f4ce89aae" testId="c48c7a66-1a74-12aa-2595-2e164ad6c470" testName="DotNet_CustomArguments_AreAppended" computerName="cursor" duration="00:00:00.0000989" startTime="2025-08-11T23:15:53.1427981+00:00" endTime="2025-08-11T23:15:53.1428969+00:00" testType="13cdc9d9-ddb5-4fa4-a97d-d965ccfc6d4b" outcome="Passed" testListId="8c84fa94-04c1-424b-9868-57a2d4851a1d" relativeResultsDirectory="a5609d4b-d583-4c86-86c7-5b2f4ce89aae" />
    <UnitTestResult executionId="b071a5a9-2418-493d-977d-3698d8b3224c" testId="a50fff13-3cd0-5b60-212f-066525a03c8a" testName="FluentUIScaffoldValidationException_Constructors_Work" computerName="cursor" duration="00:00:00.0002230" startTime="2025-08-11T23:15:52.9435853+00:00" endTime="2025-08-11T23:15:52.9438083+00:00" testType="13cdc9d9-ddb5-4fa4-a97d-d965ccfc6d4b" outcome="Passed" testListId="8c84fa94-04c1-424b-9868-57a2d4851a1d" relativeResultsDirectory="b071a5a9-2418-493d-977d-3698d8b3224c" />
    <UnitTestResult executionId="a083c712-dc48-4cb7-9c51-e97317ee1fc8" testId="ce884f09-4916-a854-a0cc-dbdac776383b" testName="WithServerConfiguration_Removed_FromBuilder" computerName="cursor" duration="00:00:00.0003320" startTime="2025-08-11T23:15:52.9638990+00:00" endTime="2025-08-11T23:15:52.9642309+00:00" testType="13cdc9d9-ddb5-4fa4-a97d-d965ccfc6d4b" outcome="Passed" testListId="8c84fa94-04c1-424b-9868-57a2d4851a1d" relativeResultsDirectory="a083c712-dc48-4cb7-9c51-e97317ee1fc8">
      <Output>
        <StdOut>Server configuration is now provided only to WebServerManager</StdOut>
      </Output>
    </UnitTestResult>
    <UnitTestResult executionId="e5fd7796-6e58-4bd8-bc3e-c76f160c2318" testId="f6b53d12-55a1-6cea-cf6b-996b794f8a7d" testName="Select_ShouldCallDriverSelectOption" computerName="cursor" duration="00:00:00.0005840" startTime="2025-08-11T23:15:52.9312854+00:00" endTime="2025-08-11T23:15:52.9318696+00:00" testType="13cdc9d9-ddb5-4fa4-a97d-d965ccfc6d4b" outcome="Passed" testListId="8c84fa94-04c1-424b-9868-57a2d4851a1d" relativeResultsDirectory="e5fd7796-6e58-4bd8-bc3e-c76f160c2318" />
    <UnitTestResult executionId="be68ae00-7e07-4cc5-99a1-453cc4d82acc" testId="9a47f56b-5bfd-fc11-0334-5ee2c89f0d7c" testName="CacheCount_ShouldReturnCorrectCount" computerName="cursor" duration="00:00:00.0005610" startTime="2025-08-11T23:15:52.9102047+00:00" endTime="2025-08-11T23:15:52.9107652+00:00" testType="13cdc9d9-ddb5-4fa4-a97d-d965ccfc6d4b" outcome="Passed" testListId="8c84fa94-04c1-424b-9868-57a2d4851a1d" relativeResultsDirectory="be68ae00-7e07-4cc5-99a1-453cc4d82acc" />
    <UnitTestResult executionId="63ac6fa0-82da-46ec-93b2-5a03c625e088" testId="3c6f06c4-eda4-678a-9f31-78ef1574d012" testName="ElementTimeoutException_Constructors_Work" computerName="cursor" duration="00:00:00.0005370" startTime="2025-08-11T23:15:52.9424432+00:00" endTime="2025-08-11T23:15:52.9429804+00:00" testType="13cdc9d9-ddb5-4fa4-a97d-d965ccfc6d4b" outcome="Passed" testListId="8c84fa94-04c1-424b-9868-57a2d4851a1d" relativeResultsDirectory="63ac6fa0-82da-46ec-93b2-5a03c625e088" />
    <UnitTestResult executionId="6c190777-d034-447b-bb5b-de7195cd1126" testId="6b94290b-4ed9-8c2a-b695-d80186249086" testName="Builder_SetsNodeEnvAndPort_FromFluentMethods" computerName="cursor" duration="00:00:00.0001510" startTime="2025-08-11T23:15:53.1204134+00:00" endTime="2025-08-11T23:15:53.1205648+00:00" testType="13cdc9d9-ddb5-4fa4-a97d-d965ccfc6d4b" outcome="Passed" testListId="8c84fa94-04c1-424b-9868-57a2d4851a1d" relativeResultsDirectory="6c190777-d034-447b-bb5b-de7195cd1126" />
    <UnitTestResult executionId="ce565684-8e74-4da1-a7ff-46638d4837d3" testId="0f9f915d-f9f9-434c-81bb-640e07bacad2" testName="Constructor_WithValidParameters_ShouldInitializeFactory" computerName="cursor" duration="00:00:00.0000760" startTime="2025-08-11T23:15:52.9115554+00:00" endTime="2025-08-11T23:15:52.9116311+00:00" testType="13cdc9d9-ddb5-4fa4-a97d-d965ccfc6d4b" outcome="Passed" testListId="8c84fa94-04c1-424b-9868-57a2d4851a1d" relativeResultsDirectory="ce565684-8e74-4da1-a7ff-46638d4837d3" />
    <UnitTestResult executionId="f2e88f33-b6a3-428e-87bf-b8c91484b58b" testId="d0ef1a67-943c-e03c-80e8-cb9d77933072" testName="WithBaseUrl_WithValidUrl_SetsBaseUrl" computerName="cursor" duration="00:00:00.0005830" startTime="2025-08-11T23:15:53.1144676+00:00" endTime="2025-08-11T23:15:53.1150505+00:00" testType="13cdc9d9-ddb5-4fa4-a97d-d965ccfc6d4b" outcome="Passed" testListId="8c84fa94-04c1-424b-9868-57a2d4851a1d" relativeResultsDirectory="f2e88f33-b6a3-428e-87bf-b8c91484b58b" />
    <UnitTestResult executionId="aa266619-b44e-497a-b819-49f4bd5c2809" testId="ae197987-6a6c-0f53-9053-aa2a52fada6c" testName="CreateConfiguration_WithValidParameters_ReturnsConfiguration" computerName="cursor" duration="00:00:00.0005710" startTime="2025-08-11T23:15:53.1453106+00:00" endTime="2025-08-11T23:15:53.1458810+00:00" testType="13cdc9d9-ddb5-4fa4-a97d-d965ccfc6d4b" outcome="Passed" testListId="8c84fa94-04c1-424b-9868-57a2d4851a1d" relativeResultsDirectory="aa266619-b44e-497a-b819-49f4bd5c2809" />
    <UnitTestResult executionId="3626922d-64e5-4b10-b4a5-9b8e6796c0c9" testId="471622d6-a01c-acdb-82c5-f00f72212509" testName="WithHeadlessMode_WithNull_SetsNull" computerName="cursor" duration="00:00:00.0001350" startTime="2025-08-11T23:15:52.9632015+00:00" endTime="2025-08-11T23:15:52.9633368+00:00" testType="13cdc9d9-ddb5-4fa4-a97d-d965ccfc6d4b" outcome="Passed" testListId="8c84fa94-04c1-424b-9868-57a2d4851a1d" relativeResultsDirectory="3626922d-64e5-4b10-b4a5-9b8e6796c0c9" />
    <UnitTestResult executionId="fba49e56-ddb5-4650-8b69-bed84b4f9eb5" testId="e08a08af-210e-a1c2-6824-5a7b54cc2338" testName="Constructor_WithNullSelector_ShouldThrowArgumentNullException" computerName="cursor" duration="00:00:00.0003830" startTime="2025-08-11T23:15:52.9260879+00:00" endTime="2025-08-11T23:15:52.9264703+00:00" testType="13cdc9d9-ddb5-4fa4-a97d-d965ccfc6d4b" outcome="Passed" testListId="8c84fa94-04c1-424b-9868-57a2d4851a1d" relativeResultsDirectory="fba49e56-ddb5-4650-8b69-bed84b4f9eb5" />
    <UnitTestResult executionId="c1aae987-c664-4e00-83b9-bfe350e31116" testId="33a7bbde-5ce9-4487-c1d1-eb748c5080db" testName="CreateDriver_WithNullOptions_ThrowsArgumentNullException" computerName="cursor" duration="00:00:00.0001370" startTime="2025-08-11T23:15:53.1242971+00:00" endTime="2025-08-11T23:15:53.1244344+00:00" testType="13cdc9d9-ddb5-4fa4-a97d-d965ccfc6d4b" outcome="Passed" testListId="8c84fa94-04c1-424b-9868-57a2d4851a1d" relativeResultsDirectory="c1aae987-c664-4e00-83b9-bfe350e31116" />
    <UnitTestResult executionId="c088285b-08bd-447f-8ad6-9c6f17326555" testId="b7f18d4e-e8c0-3285-6e79-21ddd24f3d41" testName="DotNet_ForwardedHeadersFlag_SerializesAsLowercaseBoolean" computerName="cursor" duration="00:00:00.0001250" startTime="2025-08-11T23:15:53.1431021+00:00" endTime="2025-08-11T23:15:53.1432271+00:00" testType="13cdc9d9-ddb5-4fa4-a97d-d965ccfc6d4b" outcome="Passed" testListId="8c84fa94-04c1-424b-9868-57a2d4851a1d" relativeResultsDirectory="c088285b-08bd-447f-8ad6-9c6f17326555" />
    <UnitTestResult executionId="da05dfe9-25af-4254-a325-08b1b745d1c7" testId="44803fba-616e-b64e-f070-676eb27c9592" testName="Type_ShouldCallDriverType" computerName="cursor" duration="00:00:00.0004840" startTime="2025-08-11T23:15:52.9318838+00:00" endTime="2025-08-11T23:15:52.9323666+00:00" testType="13cdc9d9-ddb5-4fa4-a97d-d965ccfc6d4b" outcome="Passed" testListId="8c84fa94-04c1-424b-9868-57a2d4851a1d" relativeResultsDirectory="da05dfe9-25af-4254-a325-08b1b745d1c7" />
    <UnitTestResult executionId="98c2f83e-2299-4f67-abb9-98bcb1493355" testId="3297f400-bb31-d8da-0f7d-46758c3d7554" testName="StartServerAsync_ServerAlreadyRunning_SetsRunningState" computerName="cursor" duration="00:00:00.1627910" startTime="2025-08-11T23:15:53.3300355+00:00" endTime="2025-08-11T23:15:53.4928258+00:00" testType="13cdc9d9-ddb5-4fa4-a97d-d965ccfc6d4b" outcome="Passed" testListId="8c84fa94-04c1-424b-9868-57a2d4851a1d" relativeResultsDirectory="98c2f83e-2299-4f67-abb9-98bcb1493355" />
    <UnitTestResult executionId="e20e6ac4-48d8-4c60-902e-1cbefa361fa5" testId="4b5ed4f4-cca7-3210-3b0c-b7d6cb410605" testName="GetEnumerator_ShouldReturnAllElements" computerName="cursor" duration="00:00:00.0004929" startTime="2025-08-11T23:15:52.9070866+00:00" endTime="2025-08-11T23:15:52.9075790+00:00" testType="13cdc9d9-ddb5-4fa4-a97d-d965ccfc6d4b" outcome="Passed" testListId="8c84fa94-04c1-424b-9868-57a2d4851a1d" relativeResultsDirectory="e20e6ac4-48d8-4c60-902e-1cbefa361fa5" />
    <UnitTestResult executionId="61ec50c1-3524-4209-9fd1-878f6a10425e" testId="dd2018e8-67f8-175b-29d6-c073c16953d1" testName="Constructor_WithValidElements_ShouldInitializeCollection" computerName="cursor" duration="00:00:00.0011130" startTime="2025-08-11T23:15:52.8964818+00:00" endTime="2025-08-11T23:15:52.8975949+00:00" testType="13cdc9d9-ddb5-4fa4-a97d-d965ccfc6d4b" outcome="Passed" testListId="8c84fa94-04c1-424b-9868-57a2d4851a1d" relativeResultsDirectory="61ec50c1-3524-4209-9fd1-878f6a10425e" />
  </Results>
  <TestDefinitions>
    <UnitTest name="IEnumerableGetEnumerator_ShouldReturnAllElements" storage="/workspace/tests/fluentuiscaffold.core.tests/bin/debug/net8.0/fluentuiscaffold.core.tests.dll" id="475357e7-c128-1ac1-651e-32f7af1e435a">
      <Execution id="a3c30974-6013-4814-b255-3bca4f203d05" />
      <TestMethod codeBase="/workspace/tests/FluentUIScaffold.Core.Tests/bin/Debug/net8.0/FluentUIScaffold.Core.Tests.dll" adapterTypeName="executor://nunit3testexecutor/" className="FluentUIScaffold.Core.Tests.ElementCollectionTests" name="IEnumerableGetEnumerator_ShouldReturnAllElements" />
    </UnitTest>
    <UnitTest name="Register_SamePluginTypeTwice_DeduplicatesByType" storage="/workspace/tests/fluentuiscaffold.core.tests/bin/debug/net8.0/fluentuiscaffold.core.tests.dll" id="f46fda5d-5750-4db5-4e78-e68e765afd13">
      <Execution id="eea202bf-1bc1-4e58-a1d2-9335684474ed" />
      <TestMethod codeBase="/workspace/tests/FluentUIScaffold.Core.Tests/bin/Debug/net8.0/FluentUIScaffold.Core.Tests.dll" adapterTypeName="executor://nunit3testexecutor/" className="FluentUIScaffold.Core.Tests.PluginRegistryTests" name="Register_SamePluginTypeTwice_DeduplicatesByType" />
    </UnitTest>
    <UnitTest name="WithDefaultWaitTimeout_WithZeroTimeout_ThrowsException" storage="/workspace/tests/fluentuiscaffold.core.tests/bin/debug/net8.0/fluentuiscaffold.core.tests.dll" id="bb6d95e1-fe2b-c7f2-f120-8406bb52b03a">
      <Execution id="5e141c02-2d4b-49bb-bd78-00a623e936cb" />
      <TestMethod codeBase="/workspace/tests/FluentUIScaffold.Core.Tests/bin/Debug/net8.0/FluentUIScaffold.Core.Tests.dll" adapterTypeName="executor://nunit3testexecutor/" className="FluentUIScaffold.Core.Tests.FluentUIScaffoldOptionsBuilderTests" name="WithDefaultWaitTimeout_WithZeroTimeout_ThrowsException" />
    </UnitTest>
    <UnitTest name="RegisterPlugin_WithDuplicatePlugin_DoesNotAddDuplicate" storage="/workspace/tests/fluentuiscaffold.core.tests/bin/debug/net8.0/fluentuiscaffold.core.tests.dll" id="4346959c-3e94-4c0e-1880-3b5ac77fbbde">
      <Execution id="341ef718-33e7-44e2-9123-144d55f04c5c" />
      <TestMethod codeBase="/workspace/tests/FluentUIScaffold.Core.Tests/bin/Debug/net8.0/FluentUIScaffold.Core.Tests.dll" adapterTypeName="executor://nunit3testexecutor/" className="FluentUIScaffold.Core.Tests.PluginManagerTests" name="RegisterPlugin_WithDuplicatePlugin_DoesNotAddDuplicate" />
    </UnitTest>
    <UnitTest name="VerificationException_Constructors_Work" storage="/workspace/tests/fluentuiscaffold.core.tests/bin/debug/net8.0/fluentuiscaffold.core.tests.dll" id="19dd36e1-31f9-3753-0a72-7dc6f09188c0">
      <Execution id="727d5c92-1910-4afc-b036-9c96bda7b4fb" />
      <TestMethod codeBase="/workspace/tests/FluentUIScaffold.Core.Tests/bin/Debug/net8.0/FluentUIScaffold.Core.Tests.dll" adapterTypeName="executor://nunit3testexecutor/" className="FluentUIScaffold.Core.Tests.ExceptionsTests" name="VerificationException_Constructors_Work" />
    </UnitTest>
    <UnitTest name="Constructor_WithNullElements_ShouldInitializeEmptyCollection" storage="/workspace/tests/fluentuiscaffold.core.tests/bin/debug/net8.0/fluentuiscaffold.core.tests.dll" id="c2f5de2f-6096-d57c-95e5-fec26b8d796d">
      <Execution id="e6205029-9b34-46e1-bef3-c1ffafa2c33b" />
      <TestMethod codeBase="/workspace/tests/FluentUIScaffold.Core.Tests/bin/Debug/net8.0/FluentUIScaffold.Core.Tests.dll" adapterTypeName="executor://nunit3testexecutor/" className="FluentUIScaffold.Core.Tests.ElementCollectionTests" name="Constructor_WithNullElements_ShouldInitializeEmptyCollection" />
    </UnitTest>
    <UnitTest name="WebApplicationFactory_FrameworkAndConfiguration_ProducesExpectedRunCommand" storage="/workspace/tests/fluentuiscaffold.core.tests/bin/debug/net8.0/fluentuiscaffold.core.tests.dll" id="5e045292-2424-2536-e9a7-78679c446a8a">
      <Execution id="7ec5156c-f766-4881-86cf-8a95b6b33af5" />
      <TestMethod codeBase="/workspace/tests/FluentUIScaffold.Core.Tests/bin/Debug/net8.0/FluentUIScaffold.Core.Tests.dll" adapterTypeName="executor://nunit3testexecutor/" className="FluentUIScaffold.Core.Tests.ServerConfigurationBuilderIntegrationTests" name="WebApplicationFactory_FrameworkAndConfiguration_ProducesExpectedRunCommand" />
    </UnitTest>
    <UnitTest name="BuildCommandArguments_ReturnsExpectedFormat" storage="/workspace/tests/fluentuiscaffold.core.tests/bin/debug/net8.0/fluentuiscaffold.core.tests.dll" id="0b3109f8-d2a8-47f7-ae01-04faf34ff615">
      <Execution id="24c7827c-2a5d-47a4-a3bc-64098dbe9135" />
      <TestMethod codeBase="/workspace/tests/FluentUIScaffold.Core.Tests/bin/Debug/net8.0/FluentUIScaffold.Core.Tests.dll" adapterTypeName="executor://nunit3testexecutor/" className="FluentUIScaffold.Core.Tests.AspNetCoreServerLauncherTests" name="BuildCommandArguments_ReturnsExpectedFormat" />
    </UnitTest>
    <UnitTest name="WithDescription_ShouldSetDescription" storage="/workspace/tests/fluentuiscaffold.core.tests/bin/debug/net8.0/fluentuiscaffold.core.tests.dll" id="a646cbbd-eb04-f9aa-5695-780998d26368">
      <Execution id="eac7fde3-f018-49d0-8d99-e28a5a32191d" />
      <TestMethod codeBase="/workspace/tests/FluentUIScaffold.Core.Tests/bin/Debug/net8.0/FluentUIScaffold.Core.Tests.dll" adapterTypeName="executor://nunit3testexecutor/" className="FluentUIScaffold.Core.Tests.ElementBuilderTests" name="WithDescription_ShouldSetDescription" />
    </UnitTest>
    <UnitTest name="IsEnabled_ShouldCallDriverIsEnabled" storage="/workspace/tests/fluentuiscaffold.core.tests/bin/debug/net8.0/fluentuiscaffold.core.tests.dll" id="3972325b-780e-8149-0501-afcdb2e51733">
      <Execution id="9e6c5798-5e9b-4f27-9c45-d1473e1d8ea7" />
      <TestMethod codeBase="/workspace/tests/FluentUIScaffold.Core.Tests/bin/Debug/net8.0/FluentUIScaffold.Core.Tests.dll" adapterTypeName="executor://nunit3testexecutor/" className="FluentUIScaffold.Core.Tests.ElementTests" name="IsEnabled_ShouldCallDriverIsEnabled" />
    </UnitTest>
    <UnitTest name="WithSlowMo_WithNullValue_SetsSlowMoToNull" storage="/workspace/tests/fluentuiscaffold.core.tests/bin/debug/net8.0/fluentuiscaffold.core.tests.dll" id="eeb41d66-bc8a-3f24-dae1-82048046740c">
      <Execution id="5209ea11-5b14-48b9-adf2-e14d90a19430" />
      <TestMethod codeBase="/workspace/tests/FluentUIScaffold.Core.Tests/bin/Debug/net8.0/FluentUIScaffold.Core.Tests.dll" adapterTypeName="executor://nunit3testexecutor/" className="FluentUIScaffold.Core.Tests.FluentUIScaffoldOptionsBuilderTests" name="WithSlowMo_WithNullValue_SetsSlowMoToNull" />
    </UnitTest>
    <UnitTest name="Filter_WithNoMatchingElements_ShouldReturnEmptyCollection" storage="/workspace/tests/fluentuiscaffold.core.tests/bin/debug/net8.0/fluentuiscaffold.core.tests.dll" id="d6e5f7f2-25f3-210a-1f00-1f733c0e9da8">
      <Execution id="ae6e5a6b-e3d9-41bf-99e7-4bae640f1089" />
      <TestMethod codeBase="/workspace/tests/FluentUIScaffold.Core.Tests/bin/Debug/net8.0/FluentUIScaffold.Core.Tests.dll" adapterTypeName="executor://nunit3testexecutor/" className="FluentUIScaffold.Core.Tests.ElementCollectionTests" name="Filter_WithNoMatchingElements_ShouldReturnEmptyCollection" />
    </UnitTest>
    <UnitTest name="FluentUIScaffoldException_Constructors_Work" storage="/workspace/tests/fluentuiscaffold.core.tests/bin/debug/net8.0/fluentuiscaffold.core.tests.dll" id="4d23582b-dfd6-378d-ff6d-4da2dfba9dba">
      <Execution id="37cbe84d-b8eb-450e-add9-f662d3f1c921" />
      <TestMethod codeBase="/workspace/tests/FluentUIScaffold.Core.Tests/bin/Debug/net8.0/FluentUIScaffold.Core.Tests.dll" adapterTypeName="executor://nunit3testexecutor/" className="FluentUIScaffold.Core.Tests.ExceptionsTests" name="FluentUIScaffoldException_Constructors_Work" />
    </UnitTest>
    <UnitTest name="ValidatePlugins_WithInvalidPlugin_ThrowsPluginException" storage="/workspace/tests/fluentuiscaffold.core.tests/bin/debug/net8.0/fluentuiscaffold.core.tests.dll" id="ab102e48-216b-a6e1-6a1e-ce5492770c81">
      <Execution id="ddd9b60a-4bf1-4814-871a-675cf6da35f2" />
      <TestMethod codeBase="/workspace/tests/FluentUIScaffold.Core.Tests/bin/Debug/net8.0/FluentUIScaffold.Core.Tests.dll" adapterTypeName="executor://nunit3testexecutor/" className="FluentUIScaffold.Core.Tests.PluginManagerTests" name="ValidatePlugins_WithInvalidPlugin_ThrowsPluginException" />
    </UnitTest>
    <UnitTest name="WithBaseUrl_WithValidUrl_SetsBaseUrl" storage="/workspace/tests/fluentuiscaffold.core.tests/bin/debug/net8.0/fluentuiscaffold.core.tests.dll" id="d0ef1a67-943c-e03c-80e8-cb9d77933072">
      <Execution id="f2e88f33-b6a3-428e-87bf-b8c91484b58b" />
      <TestMethod codeBase="/workspace/tests/FluentUIScaffold.Core.Tests/bin/Debug/net8.0/FluentUIScaffold.Core.Tests.dll" adapterTypeName="executor://nunit3testexecutor/" className="FluentUIScaffold.Core.Tests.FluentUIScaffoldTests" name="WithBaseUrl_WithValidUrl_SetsBaseUrl" />
    </UnitTest>
    <UnitTest name="WithCustomWait_WithNullCondition_ShouldThrowArgumentNullException" storage="/workspace/tests/fluentuiscaffold.core.tests/bin/debug/net8.0/fluentuiscaffold.core.tests.dll" id="0b4fc99c-eb06-94b0-bab6-1d7f1e79217a">
      <Execution id="0ba75104-7261-4c82-9308-67b1fc59998c" />
      <TestMethod codeBase="/workspace/tests/FluentUIScaffold.Core.Tests/bin/Debug/net8.0/FluentUIScaffold.Core.Tests.dll" adapterTypeName="executor://nunit3testexecutor/" className="FluentUIScaffold.Core.Tests.ElementBuilderTests" name="WithCustomWait_WithNullCondition_ShouldThrowArgumentNullException" />
    </UnitTest>
    <UnitTest name="DetectProjectPath_InGitRepo_FindsProjectInSrc" storage="/workspace/tests/fluentuiscaffold.core.tests/bin/debug/net8.0/fluentuiscaffold.core.tests.dll" id="d9c1e874-b98e-f314-cfca-82dd9dc7660b">
      <Execution id="540f5ef4-dbb9-4be5-8c4a-175c9c6c31fe" />
      <TestMethod codeBase="/workspace/tests/FluentUIScaffold.Core.Tests/bin/Debug/net8.0/FluentUIScaffold.Core.Tests.dll" adapterTypeName="executor://nunit3testexecutor/" className="FluentUIScaffold.Core.Tests.GitBasedProjectDetectorTests" name="DetectProjectPath_InGitRepo_FindsProjectInSrc" />
    </UnitTest>
    <UnitTest name="Constructor_WithValidElements_ShouldInitializeCollection" storage="/workspace/tests/fluentuiscaffold.core.tests/bin/debug/net8.0/fluentuiscaffold.core.tests.dll" id="dd2018e8-67f8-175b-29d6-c073c16953d1">
      <Execution id="61ec50c1-3524-4209-9fd1-878f6a10425e" />
      <TestMethod codeBase="/workspace/tests/FluentUIScaffold.Core.Tests/bin/Debug/net8.0/FluentUIScaffold.Core.Tests.dll" adapterTypeName="executor://nunit3testexecutor/" className="FluentUIScaffold.Core.Tests.ElementCollectionTests" name="Constructor_WithValidElements_ShouldInitializeCollection" />
    </UnitTest>
    <UnitTest name="DotNet_WorkingDirectory_IsApplied" storage="/workspace/tests/fluentuiscaffold.core.tests/bin/debug/net8.0/fluentuiscaffold.core.tests.dll" id="6d5a4486-b343-0cdc-4507-2918b358e5b5">
      <Execution id="fdafa6be-2ef5-496d-82b7-245715b6fba8" />
      <TestMethod codeBase="/workspace/tests/FluentUIScaffold.Core.Tests/bin/Debug/net8.0/FluentUIScaffold.Core.Tests.dll" adapterTypeName="executor://nunit3testexecutor/" className="FluentUIScaffold.Core.Tests.ServerConfigurationBuilderIntegrationTests" name="DotNet_WorkingDirectory_IsApplied" />
    </UnitTest>
    <UnitTest name="SpaProxy_Toggle_SetsHostingStartupAssembliesEnv" storage="/workspace/tests/fluentuiscaffold.core.tests/bin/debug/net8.0/fluentuiscaffold.core.tests.dll" id="07d2e673-5834-e2ca-06bc-89c7780bb3c8">
      <Execution id="fc15b954-9166-4f3f-90a4-abd615baf426" />
      <TestMethod codeBase="/workspace/tests/FluentUIScaffold.Core.Tests/bin/Debug/net8.0/FluentUIScaffold.Core.Tests.dll" adapterTypeName="executor://nunit3testexecutor/" className="FluentUIScaffold.Core.Tests.ServerConfigurationBuilderIntegrationTests" name="SpaProxy_Toggle_SetsHostingStartupAssembliesEnv" />
    </UnitTest>
    <UnitTest name="WithCustomWait_ShouldSetCustomWaitCondition" storage="/workspace/tests/fluentuiscaffold.core.tests/bin/debug/net8.0/fluentuiscaffold.core.tests.dll" id="446583bb-1a0c-a601-da8c-b6db446288a3">
      <Execution id="86c136c0-6970-4828-b700-67d00fff82e3" />
      <TestMethod codeBase="/workspace/tests/FluentUIScaffold.Core.Tests/bin/Debug/net8.0/FluentUIScaffold.Core.Tests.dll" adapterTypeName="executor://nunit3testexecutor/" className="FluentUIScaffold.Core.Tests.ElementBuilderTests" name="WithCustomWait_ShouldSetCustomWaitCondition" />
    </UnitTest>
    <UnitTest name="WithAttribute_WithNullName_ShouldThrowArgumentException" storage="/workspace/tests/fluentuiscaffold.core.tests/bin/debug/net8.0/fluentuiscaffold.core.tests.dll" id="f2f6b3ec-eeaf-c73e-5a2e-1ef2fc174766">
      <Execution id="e0783453-789a-42f3-9171-a1b80111f22b" />
      <TestMethod codeBase="/workspace/tests/FluentUIScaffold.Core.Tests/bin/Debug/net8.0/FluentUIScaffold.Core.Tests.dll" adapterTypeName="executor://nunit3testexecutor/" className="FluentUIScaffold.Core.Tests.ElementBuilderTests" name="WithAttribute_WithNullName_ShouldThrowArgumentException" />
    </UnitTest>
    <UnitTest name="Constructor_WithLogger_CreatesInstance" storage="/workspace/tests/fluentuiscaffold.core.tests/bin/debug/net8.0/fluentuiscaffold.core.tests.dll" id="5bf46c48-3055-37d6-fef8-c9d126207b04">
      <Execution id="2f85b3b7-e5aa-4d98-8227-c5afa6698d44" />
      <TestMethod codeBase="/workspace/tests/FluentUIScaffold.Core.Tests/bin/Debug/net8.0/FluentUIScaffold.Core.Tests.dll" adapterTypeName="executor://nunit3testexecutor/" className="FluentUIScaffold.Core.Tests.PluginManagerTests" name="Constructor_WithLogger_CreatesInstance" />
    </UnitTest>
    <UnitTest name="Constructor_WithNullOptions_ThrowsArgumentNullException" storage="/workspace/tests/fluentuiscaffold.core.tests/bin/debug/net8.0/fluentuiscaffold.core.tests.dll" id="4d36eff3-cb8c-cc2b-ae0a-7341e46f417f">
      <Execution id="3d67923e-9f1f-4d38-9e4b-ef4a7c14e256" />
      <TestMethod codeBase="/workspace/tests/FluentUIScaffold.Core.Tests/bin/Debug/net8.0/FluentUIScaffold.Core.Tests.dll" adapterTypeName="executor://nunit3testexecutor/" className="FluentUIScaffold.Core.Tests.FluentUIScaffoldOptionsBuilderTests" name="Constructor_WithNullOptions_ThrowsArgumentNullException" />
    </UnitTest>
    <UnitTest name="IsVisible_ShouldCallDriverIsVisible" storage="/workspace/tests/fluentuiscaffold.core.tests/bin/debug/net8.0/fluentuiscaffold.core.tests.dll" id="0c9cdc29-691b-c84f-d982-5575012bff55">
      <Execution id="5f5920db-f974-414e-820c-1669d2250d35" />
      <TestMethod codeBase="/workspace/tests/FluentUIScaffold.Core.Tests/bin/Debug/net8.0/FluentUIScaffold.Core.Tests.dll" adapterTypeName="executor://nunit3testexecutor/" className="FluentUIScaffold.Core.Tests.ElementTests" name="IsVisible_ShouldCallDriverIsVisible" />
    </UnitTest>
    <UnitTest name="GetOrCreateElement_WithExistingKey_ShouldReturnCachedElement" storage="/workspace/tests/fluentuiscaffold.core.tests/bin/debug/net8.0/fluentuiscaffold.core.tests.dll" id="e75b2bb9-5515-7802-e744-4a6d4013843f">
      <Execution id="d1ed5e63-ce61-4a95-a364-6e0d7f6198ec" />
      <TestMethod codeBase="/workspace/tests/FluentUIScaffold.Core.Tests/bin/Debug/net8.0/FluentUIScaffold.Core.Tests.dll" adapterTypeName="executor://nunit3testexecutor/" className="FluentUIScaffold.Core.Tests.ElementFactoryTests" name="GetOrCreateElement_WithExistingKey_ShouldReturnCachedElement" />
    </UnitTest>
    <UnitTest name="EnvironmentDefaults_AreApplied_WhenNotProvided" storage="/workspace/tests/fluentuiscaffold.core.tests/bin/debug/net8.0/fluentuiscaffold.core.tests.dll" id="09311360-5b2a-d8bb-bda7-c830483aca7e">
      <Execution id="c899e208-47b3-4341-a22d-7b4a5b7ab6bb" />
      <TestMethod codeBase="/workspace/tests/FluentUIScaffold.Core.Tests/bin/Debug/net8.0/FluentUIScaffold.Core.Tests.dll" adapterTypeName="executor://nunit3testexecutor/" className="FluentUIScaffold.Core.Tests.AspireServerLauncherTests" name="EnvironmentDefaults_AreApplied_WhenNotProvided" />
    </UnitTest>
    <UnitTest name="Select_ShouldCallDriverSelectOption" storage="/workspace/tests/fluentuiscaffold.core.tests/bin/debug/net8.0/fluentuiscaffold.core.tests.dll" id="f6b53d12-55a1-6cea-cf6b-996b794f8a7d">
      <Execution id="e5fd7796-6e58-4bd8-bc3e-c76f160c2318" />
      <TestMethod codeBase="/workspace/tests/FluentUIScaffold.Core.Tests/bin/Debug/net8.0/FluentUIScaffold.Core.Tests.dll" adapterTypeName="executor://nunit3testexecutor/" className="FluentUIScaffold.Core.Tests.ElementTests" name="Select_ShouldCallDriverSelectOption" />
    </UnitTest>
    <UnitTest name="CreateDriver_WithNoPlugins_ThrowsFluentUIScaffoldPluginException" storage="/workspace/tests/fluentuiscaffold.core.tests/bin/debug/net8.0/fluentuiscaffold.core.tests.dll" id="63abd0f8-5814-164f-7950-4ad186521ab4">
      <Execution id="032a1f82-1554-4afb-a5cc-486d80d934bf" />
      <TestMethod codeBase="/workspace/tests/FluentUIScaffold.Core.Tests/bin/Debug/net8.0/FluentUIScaffold.Core.Tests.dll" adapterTypeName="executor://nunit3testexecutor/" className="FluentUIScaffold.Core.Tests.PluginManagerTests" name="CreateDriver_WithNoPlugins_ThrowsFluentUIScaffoldPluginException" />
    </UnitTest>
    <UnitTest name="WithHeadlessMode_WithNullValue_SetsHeadlessModeToNull" storage="/workspace/tests/fluentuiscaffold.core.tests/bin/debug/net8.0/fluentuiscaffold.core.tests.dll" id="677131f5-8f9b-a5d7-51f3-8830f5479d4d">
      <Execution id="f7684f8c-cb31-499d-9d05-89f8f3327b91" />
      <TestMethod codeBase="/workspace/tests/FluentUIScaffold.Core.Tests/bin/Debug/net8.0/FluentUIScaffold.Core.Tests.dll" adapterTypeName="executor://nunit3testexecutor/" className="FluentUIScaffold.Core.Tests.FluentUIScaffoldOptionsBuilderTests" name="WithHeadlessMode_WithNullValue_SetsHeadlessModeToNull" />
    </UnitTest>
    <UnitTest name="Indexer_WithIndexGreaterThanCount_ShouldThrowArgumentOutOfRangeException" storage="/workspace/tests/fluentuiscaffold.core.tests/bin/debug/net8.0/fluentuiscaffold.core.tests.dll" id="dd8f8349-d619-3359-a263-b07e1bc2b428">
      <Execution id="1943aae8-f165-44b5-b302-053e16f62296" />
      <TestMethod codeBase="/workspace/tests/FluentUIScaffold.Core.Tests/bin/Debug/net8.0/FluentUIScaffold.Core.Tests.dll" adapterTypeName="executor://nunit3testexecutor/" className="FluentUIScaffold.Core.Tests.ElementCollectionTests" name="Indexer_WithIndexGreaterThanCount_ShouldThrowArgumentOutOfRangeException" />
    </UnitTest>
    <UnitTest name="IsSelected_ShouldReturnFalse" storage="/workspace/tests/fluentuiscaffold.core.tests/bin/debug/net8.0/fluentuiscaffold.core.tests.dll" id="179ad534-942e-3d0d-8cd9-ff68b706f3bf">
      <Execution id="ecee6eac-156b-4c05-9258-69f514bc82be" />
      <TestMethod codeBase="/workspace/tests/FluentUIScaffold.Core.Tests/bin/Debug/net8.0/FluentUIScaffold.Core.Tests.dll" adapterTypeName="executor://nunit3testexecutor/" className="FluentUIScaffold.Core.Tests.ElementTests" name="IsSelected_ShouldReturnFalse" />
    </UnitTest>
    <UnitTest name="CreateDriver_WithValidOptions_ReturnsDriver" storage="/workspace/tests/fluentuiscaffold.core.tests/bin/debug/net8.0/fluentuiscaffold.core.tests.dll" id="3f49ee74-f47f-14db-402b-a5606f508f18">
      <Execution id="9f93032e-af13-4c35-b599-0d025a92fa08" />
      <TestMethod codeBase="/workspace/tests/FluentUIScaffold.Core.Tests/bin/Debug/net8.0/FluentUIScaffold.Core.Tests.dll" adapterTypeName="executor://nunit3testexecutor/" className="FluentUIScaffold.Core.Tests.PluginManagerTests" name="CreateDriver_WithValidOptions_ReturnsDriver" />
    </UnitTest>
    <UnitTest name="ValidatePlugins_WithValidPlugins_DoesNotThrow" storage="/workspace/tests/fluentuiscaffold.core.tests/bin/debug/net8.0/fluentuiscaffold.core.tests.dll" id="a8ccc846-1ff4-1690-63b6-362e0b40f521">
      <Execution id="318dd1e5-01bc-410b-a894-78d66baac052" />
      <TestMethod codeBase="/workspace/tests/FluentUIScaffold.Core.Tests/bin/Debug/net8.0/FluentUIScaffold.Core.Tests.dll" adapterTypeName="executor://nunit3testexecutor/" className="FluentUIScaffold.Core.Tests.PluginManagerTests" name="ValidatePlugins_WithValidPlugins_DoesNotThrow" />
    </UnitTest>
    <UnitTest name="StartServerAsync_ServerAlreadyRunning_SetsRunningState" storage="/workspace/tests/fluentuiscaffold.core.tests/bin/debug/net8.0/fluentuiscaffold.core.tests.dll" id="3297f400-bb31-d8da-0f7d-46758c3d7554">
      <Execution id="98c2f83e-2299-4f67-abb9-98bcb1493355" />
      <TestMethod codeBase="/workspace/tests/FluentUIScaffold.Core.Tests/bin/Debug/net8.0/FluentUIScaffold.Core.Tests.dll" adapterTypeName="executor://nunit3testexecutor/" className="FluentUIScaffold.Core.Tests.WebServerManagerTests" name="StartServerAsync_ServerAlreadyRunning_SetsRunningState" />
    </UnitTest>
    <UnitTest name="Build_WithValidConfiguration_ReturnsConfiguredOptions" storage="/workspace/tests/fluentuiscaffold.core.tests/bin/debug/net8.0/fluentuiscaffold.core.tests.dll" id="020a6f08-c481-d586-c35b-71ffdcdf77ae">
      <Execution id="dedca56c-f593-417a-8bb5-ebca256c882c" />
      <TestMethod codeBase="/workspace/tests/FluentUIScaffold.Core.Tests/bin/Debug/net8.0/FluentUIScaffold.Core.Tests.dll" adapterTypeName="executor://nunit3testexecutor/" className="FluentUIScaffold.Core.Tests.FluentUIScaffoldOptionsBuilderTests" name="Build_WithValidConfiguration_ReturnsConfiguredOptions" />
    </UnitTest>
    <UnitTest name="Constructor_WithValidParameters_ShouldInitializeFactory" storage="/workspace/tests/fluentuiscaffold.core.tests/bin/debug/net8.0/fluentuiscaffold.core.tests.dll" id="0f9f915d-f9f9-434c-81bb-640e07bacad2">
      <Execution id="ce565684-8e74-4da1-a7ff-46638d4837d3" />
      <TestMethod codeBase="/workspace/tests/FluentUIScaffold.Core.Tests/bin/Debug/net8.0/FluentUIScaffold.Core.Tests.dll" adapterTypeName="executor://nunit3testexecutor/" className="FluentUIScaffold.Core.Tests.ElementFactoryTests" name="Constructor_WithValidParameters_ShouldInitializeFactory" />
    </UnitTest>
    <UnitTest name="Exists_WhenElementExists_ShouldReturnTrue" storage="/workspace/tests/fluentuiscaffold.core.tests/bin/debug/net8.0/fluentuiscaffold.core.tests.dll" id="268d744c-88c8-b894-11b0-d59382621120">
      <Execution id="c2954467-f0e3-4590-bf96-0a75ffd1a039" />
      <TestMethod codeBase="/workspace/tests/FluentUIScaffold.Core.Tests/bin/Debug/net8.0/FluentUIScaffold.Core.Tests.dll" adapterTypeName="executor://nunit3testexecutor/" className="FluentUIScaffold.Core.Tests.ElementTests" name="Exists_WhenElementExists_ShouldReturnTrue" />
    </UnitTest>
    <UnitTest name="CreateDriver_WithNullOptions_ThrowsArgumentNullException" storage="/workspace/tests/fluentuiscaffold.core.tests/bin/debug/net8.0/fluentuiscaffold.core.tests.dll" id="33a7bbde-5ce9-4487-c1d1-eb748c5080db">
      <Execution id="c1aae987-c664-4e00-83b9-bfe350e31116" />
      <TestMethod codeBase="/workspace/tests/FluentUIScaffold.Core.Tests/bin/Debug/net8.0/FluentUIScaffold.Core.Tests.dll" adapterTypeName="executor://nunit3testexecutor/" className="FluentUIScaffold.Core.Tests.PluginManagerTests" name="CreateDriver_WithNullOptions_ThrowsArgumentNullException" />
    </UnitTest>
    <UnitTest name="WithHeadlessMode_WithValidValue_SetsHeadlessMode" storage="/workspace/tests/fluentuiscaffold.core.tests/bin/debug/net8.0/fluentuiscaffold.core.tests.dll" id="2944cbda-271d-8e00-031a-dd03321c1f09">
      <Execution id="171e5490-2b71-47b2-901d-19b31b0d49de" />
      <TestMethod codeBase="/workspace/tests/FluentUIScaffold.Core.Tests/bin/Debug/net8.0/FluentUIScaffold.Core.Tests.dll" adapterTypeName="executor://nunit3testexecutor/" className="FluentUIScaffold.Core.Tests.FluentUIScaffoldOptionsBuilderTests" name="WithHeadlessMode_WithValidValue_SetsHeadlessMode" />
    </UnitTest>
    <UnitTest name="FilterByAttribute_WithMatchingAttribute_ShouldReturnFilteredCollection" storage="/workspace/tests/fluentuiscaffold.core.tests/bin/debug/net8.0/fluentuiscaffold.core.tests.dll" id="bf999a1f-994b-fb2b-0916-7df6581792db">
      <Execution id="6952441c-b2e0-49d4-aa35-21aa1ac523b0" />
      <TestMethod codeBase="/workspace/tests/FluentUIScaffold.Core.Tests/bin/Debug/net8.0/FluentUIScaffold.Core.Tests.dll" adapterTypeName="executor://nunit3testexecutor/" className="FluentUIScaffold.Core.Tests.ElementCollectionTests" name="FilterByAttribute_WithMatchingAttribute_ShouldReturnFilteredCollection" />
    </UnitTest>
    <UnitTest name="Constructor_WithNoParameters_CreatesInstance" storage="/workspace/tests/fluentuiscaffold.core.tests/bin/debug/net8.0/fluentuiscaffold.core.tests.dll" id="bba98ce8-0e46-19a1-add2-e0e6659866ca">
      <Execution id="18e30da8-2895-493f-a8f9-764f50553130" />
      <TestMethod codeBase="/workspace/tests/FluentUIScaffold.Core.Tests/bin/Debug/net8.0/FluentUIScaffold.Core.Tests.dll" adapterTypeName="executor://nunit3testexecutor/" className="FluentUIScaffold.Core.Tests.FluentUIScaffoldOptionsBuilderTests" name="Constructor_WithNoParameters_CreatesInstance" />
    </UnitTest>
    <UnitTest name="RegisterPlugin_WithValidPluginInstance_RegistersPlugin" storage="/workspace/tests/fluentuiscaffold.core.tests/bin/debug/net8.0/fluentuiscaffold.core.tests.dll" id="12ff9ff8-18aa-7b6e-4922-4d2923a6060b">
      <Execution id="86aa9b28-326d-412e-b188-33bc95a41935" />
      <TestMethod codeBase="/workspace/tests/FluentUIScaffold.Core.Tests/bin/Debug/net8.0/FluentUIScaffold.Core.Tests.dll" adapterTypeName="executor://nunit3testexecutor/" className="FluentUIScaffold.Core.Tests.PluginManagerTests" name="RegisterPlugin_WithValidPluginInstance_RegistersPlugin" />
    </UnitTest>
    <UnitTest name="BuildCommandArguments_PrependsScript_AndAppendsArgs" storage="/workspace/tests/fluentuiscaffold.core.tests/bin/debug/net8.0/fluentuiscaffold.core.tests.dll" id="4cd43b66-f3f8-8df6-5266-95b6a332d485">
      <Execution id="4b26f6dd-86c2-474d-8059-873e618bffb3" />
      <TestMethod codeBase="/workspace/tests/FluentUIScaffold.Core.Tests/bin/Debug/net8.0/FluentUIScaffold.Core.Tests.dll" adapterTypeName="executor://nunit3testexecutor/" className="FluentUIScaffold.Core.Tests.NodeJsServerLauncherTests" name="BuildCommandArguments_PrependsScript_AndAppendsArgs" />
    </UnitTest>
    <UnitTest name="FilterByAttribute_WithNullAttributeName_ShouldThrowArgumentException" storage="/workspace/tests/fluentuiscaffold.core.tests/bin/debug/net8.0/fluentuiscaffold.core.tests.dll" id="c3694fbe-f799-3b5e-9ff5-0d754eb65db7">
      <Execution id="22f76cee-8873-4108-a276-93da3ef2e6cd" />
      <TestMethod codeBase="/workspace/tests/FluentUIScaffold.Core.Tests/bin/Debug/net8.0/FluentUIScaffold.Core.Tests.dll" adapterTypeName="executor://nunit3testexecutor/" className="FluentUIScaffold.Core.Tests.ElementCollectionTests" name="FilterByAttribute_WithNullAttributeName_ShouldThrowArgumentException" />
    </UnitTest>
    <UnitTest name="WebApplicationFactory_GetLauncher_SelectsCorrectLauncher" storage="/workspace/tests/fluentuiscaffold.core.tests/bin/debug/net8.0/fluentuiscaffold.core.tests.dll" id="fcd32eae-1929-9e13-f2a2-ebf52e2ea1bb">
      <Execution id="e68ae3ae-db6d-4643-b1c2-799aa8e7156c" />
      <TestMethod codeBase="/workspace/tests/FluentUIScaffold.Core.Tests/bin/Debug/net8.0/FluentUIScaffold.Core.Tests.dll" adapterTypeName="executor://nunit3testexecutor/" className="FluentUIScaffold.Core.Tests.ServerConfigurationBuilderIntegrationTests" name="WebApplicationFactory_GetLauncher_SelectsCorrectLauncher" />
    </UnitTest>
    <UnitTest name="FilterByText_WithEmptyText_ShouldReturnEmptyCollection" storage="/workspace/tests/fluentuiscaffold.core.tests/bin/debug/net8.0/fluentuiscaffold.core.tests.dll" id="5d00fc9b-986f-8e7a-5894-fe21deab4d76">
      <Execution id="24f9f321-520d-4d5b-9e1b-7a364197497a" />
      <TestMethod codeBase="/workspace/tests/FluentUIScaffold.Core.Tests/bin/Debug/net8.0/FluentUIScaffold.Core.Tests.dll" adapterTypeName="executor://nunit3testexecutor/" className="FluentUIScaffold.Core.Tests.ElementCollectionTests" name="FilterByText_WithEmptyText_ShouldReturnEmptyCollection" />
    </UnitTest>
    <UnitTest name="GetPlugins_ReturnsRegisteredPlugins" storage="/workspace/tests/fluentuiscaffold.core.tests/bin/debug/net8.0/fluentuiscaffold.core.tests.dll" id="b301e5a2-6274-43e4-8d33-13911ec17a00">
      <Execution id="08ef5045-8300-48af-a30e-dddad3c41ddb" />
      <TestMethod codeBase="/workspace/tests/FluentUIScaffold.Core.Tests/bin/Debug/net8.0/FluentUIScaffold.Core.Tests.dll" adapterTypeName="executor://nunit3testexecutor/" className="FluentUIScaffold.Core.Tests.PluginManagerTests" name="GetPlugins_ReturnsRegisteredPlugins" />
    </UnitTest>
    <UnitTest name="CustomEnvironmentVariables_ArePreserved" storage="/workspace/tests/fluentuiscaffold.core.tests/bin/debug/net8.0/fluentuiscaffold.core.tests.dll" id="9db3b268-6657-af98-9f75-1b63df5c1b61">
      <Execution id="1104ff8c-2e7b-4119-b52e-2c1780ce65e6" />
      <TestMethod codeBase="/workspace/tests/FluentUIScaffold.Core.Tests/bin/Debug/net8.0/FluentUIScaffold.Core.Tests.dll" adapterTypeName="executor://nunit3testexecutor/" className="FluentUIScaffold.Core.Tests.ServerConfigurationBuilderIntegrationTests" name="CustomEnvironmentVariables_ArePreserved" />
    </UnitTest>
    <UnitTest name="NodeJs_WithScriptAndEnv_ProducesExpectedCommandAndEnv" storage="/workspace/tests/fluentuiscaffold.core.tests/bin/debug/net8.0/fluentuiscaffold.core.tests.dll" id="5457ec9d-b666-cb43-0581-94c4ccf2eefc">
      <Execution id="070dea56-958b-433e-8157-9e9e2fdcd827" />
      <TestMethod codeBase="/workspace/tests/FluentUIScaffold.Core.Tests/bin/Debug/net8.0/FluentUIScaffold.Core.Tests.dll" adapterTypeName="executor://nunit3testexecutor/" className="FluentUIScaffold.Core.Tests.ServerConfigurationBuilderIntegrationTests" name="NodeJs_WithScriptAndEnv_ProducesExpectedCommandAndEnv" />
    </UnitTest>
    <UnitTest name="IsCached_WithNonExistingKey_ShouldReturnFalse" storage="/workspace/tests/fluentuiscaffold.core.tests/bin/debug/net8.0/fluentuiscaffold.core.tests.dll" id="bf028da6-1617-4eb8-985e-f133f6495b1c">
      <Execution id="9b47d54d-aa7a-4933-ba9a-9c68b3c6167d" />
      <TestMethod codeBase="/workspace/tests/FluentUIScaffold.Core.Tests/bin/Debug/net8.0/FluentUIScaffold.Core.Tests.dll" adapterTypeName="executor://nunit3testexecutor/" className="FluentUIScaffold.Core.Tests.ElementFactoryTests" name="IsCached_WithNonExistingKey_ShouldReturnFalse" />
    </UnitTest>
    <UnitTest name="ElementValidationException_Constructors_Work" storage="/workspace/tests/fluentuiscaffold.core.tests/bin/debug/net8.0/fluentuiscaffold.core.tests.dll" id="1d0c7a95-619b-8f87-d712-932128165f7a">
      <Execution id="43ce77bb-42f3-46b7-af5f-d630ac5a150e" />
      <TestMethod codeBase="/workspace/tests/FluentUIScaffold.Core.Tests/bin/Debug/net8.0/FluentUIScaffold.Core.Tests.dll" adapterTypeName="executor://nunit3testexecutor/" className="FluentUIScaffold.Core.Tests.ExceptionsTests" name="ElementValidationException_Constructors_Work" />
    </UnitTest>
    <UnitTest name="WebApplicationFactory_WithUnhealthyEndpoint_TimesOutPathsCovered" storage="/workspace/tests/fluentuiscaffold.core.tests/bin/debug/net8.0/fluentuiscaffold.core.tests.dll" id="20de0f10-a260-56ec-7409-45cd1f921704">
      <Execution id="ab32bf56-5d80-4a9d-b872-b698dfe96d0c" />
      <TestMethod codeBase="/workspace/tests/FluentUIScaffold.Core.Tests/bin/Debug/net8.0/FluentUIScaffold.Core.Tests.dll" adapterTypeName="executor://nunit3testexecutor/" className="FluentUIScaffold.Core.Tests.AspNetServerLauncherReadinessTests" name="WebApplicationFactory_WithUnhealthyEndpoint_TimesOutPathsCovered" />
    </UnitTest>
    <UnitTest name="Constructor_WithNullSelector_ShouldThrowArgumentNullException" storage="/workspace/tests/fluentuiscaffold.core.tests/bin/debug/net8.0/fluentuiscaffold.core.tests.dll" id="e08a08af-210e-a1c2-6824-5a7b54cc2338">
      <Execution id="fba49e56-ddb5-4650-8b69-bed84b4f9eb5" />
      <TestMethod codeBase="/workspace/tests/FluentUIScaffold.Core.Tests/bin/Debug/net8.0/FluentUIScaffold.Core.Tests.dll" adapterTypeName="executor://nunit3testexecutor/" className="FluentUIScaffold.Core.Tests.ElementTests" name="Constructor_WithNullSelector_ShouldThrowArgumentNullException" />
    </UnitTest>
    <UnitTest name="Constructor_WithNullOptions_ShouldThrowArgumentNullException" storage="/workspace/tests/fluentuiscaffold.core.tests/bin/debug/net8.0/fluentuiscaffold.core.tests.dll" id="8ee850f6-f93d-44de-04bb-8bbc073b000b">
      <Execution id="ce87c1ff-4a6a-42fe-9bd9-c69b7d98e1df" />
      <TestMethod codeBase="/workspace/tests/FluentUIScaffold.Core.Tests/bin/Debug/net8.0/FluentUIScaffold.Core.Tests.dll" adapterTypeName="executor://nunit3testexecutor/" className="FluentUIScaffold.Core.Tests.ElementBuilderTests" name="Constructor_WithNullOptions_ShouldThrowArgumentNullException" />
    </UnitTest>
    <UnitTest name="SetServerSpecificEnvironmentVariables_AspNetCore_SetsAspNetCoreUrls" storage="/workspace/tests/fluentuiscaffold.core.tests/bin/debug/net8.0/fluentuiscaffold.core.tests.dll" id="894f94b1-efcc-7bbe-43c4-5aa998a01fba">
      <Execution id="f0f43d75-0136-4611-befc-45725424c391" />
      <TestMethod codeBase="/workspace/tests/FluentUIScaffold.Core.Tests/bin/Debug/net8.0/FluentUIScaffold.Core.Tests.dll" adapterTypeName="executor://nunit3testexecutor/" className="FluentUIScaffold.Core.Tests.AspNetServerLauncherTests" name="SetServerSpecificEnvironmentVariables_AspNetCore_SetsAspNetCoreUrls" />
    </UnitTest>
    <UnitTest name="Constructor_WithNullOptions_ShouldThrowArgumentNullException" storage="/workspace/tests/fluentuiscaffold.core.tests/bin/debug/net8.0/fluentuiscaffold.core.tests.dll" id="e78cb7dd-0751-e11c-f830-882cb6a69d14">
      <Execution id="d4e5bc50-04e0-494b-a5e3-b0985cc8cd57" />
      <TestMethod codeBase="/workspace/tests/FluentUIScaffold.Core.Tests/bin/Debug/net8.0/FluentUIScaffold.Core.Tests.dll" adapterTypeName="executor://nunit3testexecutor/" className="FluentUIScaffold.Core.Tests.ElementFactoryTests" name="Constructor_WithNullOptions_ShouldThrowArgumentNullException" />
    </UnitTest>
    <UnitTest name="CreateConfigurationWithDetection_WithValidParameters_ReturnsConfiguration" storage="/workspace/tests/fluentuiscaffold.core.tests/bin/debug/net8.0/fluentuiscaffold.core.tests.dll" id="869c75f3-f0d3-ccd1-94b9-b347ceeefe6e">
      <Execution id="aaa0901d-0a7b-4a06-a357-3b80bb58c98c" />
      <TestMethod codeBase="/workspace/tests/FluentUIScaffold.Core.Tests/bin/Debug/net8.0/FluentUIScaffold.Core.Tests.dll" adapterTypeName="executor://nunit3testexecutor/" className="FluentUIScaffold.Core.Tests.ServerLauncherFactoryTests" name="CreateConfigurationWithDetection_WithValidParameters_ReturnsConfiguration" />
    </UnitTest>
    <UnitTest name="CreateElement_WithValidSelector_ShouldReturnElement" storage="/workspace/tests/fluentuiscaffold.core.tests/bin/debug/net8.0/fluentuiscaffold.core.tests.dll" id="6112ca55-caad-863b-bca3-e844e296c7b3">
      <Execution id="ff36028d-6a4e-4c1c-b1c2-5545ad1fda4a" />
      <TestMethod codeBase="/workspace/tests/FluentUIScaffold.Core.Tests/bin/Debug/net8.0/FluentUIScaffold.Core.Tests.dll" adapterTypeName="executor://nunit3testexecutor/" className="FluentUIScaffold.Core.Tests.ElementFactoryTests" name="CreateElement_WithValidSelector_ShouldReturnElement" />
    </UnitTest>
    <UnitTest name="DotNet_WithFrameworkAndConfiguration_ProducesExpectedRunCommand" storage="/workspace/tests/fluentuiscaffold.core.tests/bin/debug/net8.0/fluentuiscaffold.core.tests.dll" id="405fd94c-1e16-06c6-669b-4f6514668f24">
      <Execution id="5fdce54b-e81b-4cdb-b9c0-96dbc2b0df40" />
      <TestMethod codeBase="/workspace/tests/FluentUIScaffold.Core.Tests/bin/Debug/net8.0/FluentUIScaffold.Core.Tests.dll" adapterTypeName="executor://nunit3testexecutor/" className="FluentUIScaffold.Core.Tests.ServerConfigurationBuilderIntegrationTests" name="DotNet_WithFrameworkAndConfiguration_ProducesExpectedRunCommand" />
    </UnitTest>
    <UnitTest name="RegisterElement_WithValidParameters_ShouldCacheElement" storage="/workspace/tests/fluentuiscaffold.core.tests/bin/debug/net8.0/fluentuiscaffold.core.tests.dll" id="1c8b7bab-7237-42e0-5fb5-c55615089994">
      <Execution id="21901ea9-b2af-4abf-b12a-ef2377d58cca" />
      <TestMethod codeBase="/workspace/tests/FluentUIScaffold.Core.Tests/bin/Debug/net8.0/FluentUIScaffold.Core.Tests.dll" adapterTypeName="executor://nunit3testexecutor/" className="FluentUIScaffold.Core.Tests.ElementFactoryTests" name="RegisterElement_WithValidParameters_ShouldCacheElement" />
    </UnitTest>
    <UnitTest name="FilterByAttribute_WithNoMatchingAttribute_ShouldReturnEmptyCollection" storage="/workspace/tests/fluentuiscaffold.core.tests/bin/debug/net8.0/fluentuiscaffold.core.tests.dll" id="d93cec4f-53d9-403d-a92c-21324eed1dc2">
      <Execution id="2ae692b5-2075-4b09-ae4f-dcf6ec011cd4" />
      <TestMethod codeBase="/workspace/tests/FluentUIScaffold.Core.Tests/bin/Debug/net8.0/FluentUIScaffold.Core.Tests.dll" adapterTypeName="executor://nunit3testexecutor/" className="FluentUIScaffold.Core.Tests.ElementCollectionTests" name="FilterByAttribute_WithNoMatchingAttribute_ShouldReturnEmptyCollection" />
    </UnitTest>
    <UnitTest name="WithSlowMo_WithNegativeValue_ThrowsException" storage="/workspace/tests/fluentuiscaffold.core.tests/bin/debug/net8.0/fluentuiscaffold.core.tests.dll" id="6dd2c663-126f-c692-d442-51f4ddb16f47">
      <Execution id="a77d9a7d-6ec6-434d-b495-b0ff17c0559f" />
      <TestMethod codeBase="/workspace/tests/FluentUIScaffold.Core.Tests/bin/Debug/net8.0/FluentUIScaffold.Core.Tests.dll" adapterTypeName="executor://nunit3testexecutor/" className="FluentUIScaffold.Core.Tests.FluentUIScaffoldOptionsBuilderTests" name="WithSlowMo_WithNegativeValue_ThrowsException" />
    </UnitTest>
    <UnitTest name="Constructor_WithValidParameters_ShouldInitializeWithDefaultValues" storage="/workspace/tests/fluentuiscaffold.core.tests/bin/debug/net8.0/fluentuiscaffold.core.tests.dll" id="2d7af110-a47a-3498-5f06-ff20a980bae8">
      <Execution id="73070053-3534-4d18-ad5b-b6c4ade6cc27" />
      <TestMethod codeBase="/workspace/tests/FluentUIScaffold.Core.Tests/bin/Debug/net8.0/FluentUIScaffold.Core.Tests.dll" adapterTypeName="executor://nunit3testexecutor/" className="FluentUIScaffold.Core.Tests.ElementBuilderTests" name="Constructor_WithValidParameters_ShouldInitializeWithDefaultValues" />
    </UnitTest>
    <UnitTest name="GetOrCreateElement_WithNewKey_ShouldCreateAndCacheElement" storage="/workspace/tests/fluentuiscaffold.core.tests/bin/debug/net8.0/fluentuiscaffold.core.tests.dll" id="f1c510fe-f632-6958-5421-3d34e26a9b68">
      <Execution id="f7bc3a8c-64e4-473c-be21-d0ebc073e87b" />
      <TestMethod codeBase="/workspace/tests/FluentUIScaffold.Core.Tests/bin/Debug/net8.0/FluentUIScaffold.Core.Tests.dll" adapterTypeName="executor://nunit3testexecutor/" className="FluentUIScaffold.Core.Tests.ElementFactoryTests" name="GetOrCreateElement_WithNewKey_ShouldCreateAndCacheElement" />
    </UnitTest>
    <UnitTest name="Constructor_WithEmptyElements_ShouldInitializeEmptyCollection" storage="/workspace/tests/fluentuiscaffold.core.tests/bin/debug/net8.0/fluentuiscaffold.core.tests.dll" id="cc50075c-462e-8b57-d394-e1d716bb8f7e">
      <Execution id="35aa3583-3035-4e83-9466-3a595e4e912b" />
      <TestMethod codeBase="/workspace/tests/FluentUIScaffold.Core.Tests/bin/Debug/net8.0/FluentUIScaffold.Core.Tests.dll" adapterTypeName="executor://nunit3testexecutor/" className="FluentUIScaffold.Core.Tests.ElementCollectionTests" name="Constructor_WithEmptyElements_ShouldInitializeEmptyCollection" />
    </UnitTest>
    <UnitTest name="CreateElement_WithEmptySelector_ShouldThrowArgumentException" storage="/workspace/tests/fluentuiscaffold.core.tests/bin/debug/net8.0/fluentuiscaffold.core.tests.dll" id="ab73f926-d1a2-00f0-bb5d-c38f897fb557">
      <Execution id="6dbfeb97-d97a-487c-92af-885c3766088f" />
      <TestMethod codeBase="/workspace/tests/FluentUIScaffold.Core.Tests/bin/Debug/net8.0/FluentUIScaffold.Core.Tests.dll" adapterTypeName="executor://nunit3testexecutor/" className="FluentUIScaffold.Core.Tests.ElementFactoryTests" name="CreateElement_WithEmptySelector_ShouldThrowArgumentException" />
    </UnitTest>
    <UnitTest name="DotNet_CustomArguments_AreAppended" storage="/workspace/tests/fluentuiscaffold.core.tests/bin/debug/net8.0/fluentuiscaffold.core.tests.dll" id="c48c7a66-1a74-12aa-2595-2e164ad6c470">
      <Execution id="a5609d4b-d583-4c86-86c7-5b2f4ce89aae" />
      <TestMethod codeBase="/workspace/tests/FluentUIScaffold.Core.Tests/bin/Debug/net8.0/FluentUIScaffold.Core.Tests.dll" adapterTypeName="executor://nunit3testexecutor/" className="FluentUIScaffold.Core.Tests.ServerConfigurationBuilderIntegrationTests" name="DotNet_CustomArguments_AreAppended" />
    </UnitTest>
    <UnitTest name="GetPlugins_ReturnsReadOnlyCollection" storage="/workspace/tests/fluentuiscaffold.core.tests/bin/debug/net8.0/fluentuiscaffold.core.tests.dll" id="b16522d5-763c-5079-f175-3132fe0bb3ec">
      <Execution id="8c7a5f8f-e718-4cda-afad-6e9d7f204382" />
      <TestMethod codeBase="/workspace/tests/FluentUIScaffold.Core.Tests/bin/Debug/net8.0/FluentUIScaffold.Core.Tests.dll" adapterTypeName="executor://nunit3testexecutor/" className="FluentUIScaffold.Core.Tests.PluginManagerTests" name="GetPlugins_ReturnsReadOnlyCollection" />
    </UnitTest>
    <UnitTest name="Build_WithInvalidConfiguration_ThrowsException" storage="/workspace/tests/fluentuiscaffold.core.tests/bin/debug/net8.0/fluentuiscaffold.core.tests.dll" id="5dbab36b-8bf9-b94a-886b-0679437303ac">
      <Execution id="9c44b1f6-afd4-47d3-8844-cd460bb9ab86" />
      <TestMethod codeBase="/workspace/tests/FluentUIScaffold.Core.Tests/bin/Debug/net8.0/FluentUIScaffold.Core.Tests.dll" adapterTypeName="executor://nunit3testexecutor/" className="FluentUIScaffold.Core.Tests.FluentUIScaffoldOptionsBuilderTests" name="Build_WithInvalidConfiguration_ThrowsException" />
    </UnitTest>
    <UnitTest name="Aspire_WithFrameworkAndDefaults_ProducesExpectedRunCommandAndEnv" storage="/workspace/tests/fluentuiscaffold.core.tests/bin/debug/net8.0/fluentuiscaffold.core.tests.dll" id="ac2caede-1993-10f2-1269-ecc9a1cb91c8">
      <Execution id="23ce42e5-d92c-4b10-8bc9-ff798066f244" />
      <TestMethod codeBase="/workspace/tests/FluentUIScaffold.Core.Tests/bin/Debug/net8.0/FluentUIScaffold.Core.Tests.dll" adapterTypeName="executor://nunit3testexecutor/" className="FluentUIScaffold.Core.Tests.ServerConfigurationBuilderIntegrationTests" name="Aspire_WithFrameworkAndDefaults_ProducesExpectedRunCommandAndEnv" />
    </UnitTest>
    <UnitTest name="Click_ShouldCallDriverClick" storage="/workspace/tests/fluentuiscaffold.core.tests/bin/debug/net8.0/fluentuiscaffold.core.tests.dll" id="121b3ea7-a273-e796-8c2e-1aff78536d24">
      <Execution id="f5b5d959-10cd-456e-96b4-0676d0a8ceab" />
      <TestMethod codeBase="/workspace/tests/FluentUIScaffold.Core.Tests/bin/Debug/net8.0/FluentUIScaffold.Core.Tests.dll" adapterTypeName="executor://nunit3testexecutor/" className="FluentUIScaffold.Core.Tests.ElementTests" name="Click_ShouldCallDriverClick" />
    </UnitTest>
    <UnitTest name="First_WithEmptyCollection_ShouldThrowInvalidOperationException" storage="/workspace/tests/fluentuiscaffold.core.tests/bin/debug/net8.0/fluentuiscaffold.core.tests.dll" id="cc28fd0d-aeb1-6068-03cf-a613121c3154">
      <Execution id="a55acb5d-90b2-49ca-b23b-99ab3b8773fe" />
      <TestMethod codeBase="/workspace/tests/FluentUIScaffold.Core.Tests/bin/Debug/net8.0/FluentUIScaffold.Core.Tests.dll" adapterTypeName="executor://nunit3testexecutor/" className="FluentUIScaffold.Core.Tests.ElementCollectionTests" name="First_WithEmptyCollection_ShouldThrowInvalidOperationException" />
    </UnitTest>
    <UnitTest name="RemoveFromCache_WithExistingKey_ShouldRemoveElement" storage="/workspace/tests/fluentuiscaffold.core.tests/bin/debug/net8.0/fluentuiscaffold.core.tests.dll" id="c6b038af-0bc0-b632-00c4-3ef8ea29ed6e">
      <Execution id="583099b5-b015-47d5-9b4b-4a8b2ec04f34" />
      <TestMethod codeBase="/workspace/tests/FluentUIScaffold.Core.Tests/bin/Debug/net8.0/FluentUIScaffold.Core.Tests.dll" adapterTypeName="executor://nunit3testexecutor/" className="FluentUIScaffold.Core.Tests.ElementFactoryTests" name="RemoveFromCache_WithExistingKey_ShouldRemoveElement" />
    </UnitTest>
    <UnitTest name="NavigateToUrl_WithValidUrl_NavigatesSuccessfully" storage="/workspace/tests/fluentuiscaffold.core.tests/bin/debug/net8.0/fluentuiscaffold.core.tests.dll" id="2ae1304c-81ac-a359-4734-cee502a63ccd">
      <Execution id="26923029-f865-45b9-8044-d2d96364ce61" />
      <TestMethod codeBase="/workspace/tests/FluentUIScaffold.Core.Tests/bin/Debug/net8.0/FluentUIScaffold.Core.Tests.dll" adapterTypeName="executor://nunit3testexecutor/" className="FluentUIScaffold.Core.Tests.NavigationTests" name="NavigateToUrl_WithValidUrl_NavigatesSuccessfully" />
    </UnitTest>
    <UnitTest name="ClearCache_ShouldRemoveAllElements" storage="/workspace/tests/fluentuiscaffold.core.tests/bin/debug/net8.0/fluentuiscaffold.core.tests.dll" id="8f39af80-f58e-71ee-14e2-037e33d2ca9e">
      <Execution id="5d1b5d96-d513-4ce7-917b-cccae7a338c9" />
      <TestMethod codeBase="/workspace/tests/FluentUIScaffold.Core.Tests/bin/Debug/net8.0/FluentUIScaffold.Core.Tests.dll" adapterTypeName="executor://nunit3testexecutor/" className="FluentUIScaffold.Core.Tests.ElementFactoryTests" name="ClearCache_ShouldRemoveAllElements" />
    </UnitTest>
    <UnitTest name="FilterByAttribute_WithEmptyAttributeName_ShouldThrowArgumentException" storage="/workspace/tests/fluentuiscaffold.core.tests/bin/debug/net8.0/fluentuiscaffold.core.tests.dll" id="18f05ca5-b5fb-a8dd-f454-c581d558cbe9">
      <Execution id="fd2e67e6-e129-4d73-a9f0-f89080b2bd88" />
      <TestMethod codeBase="/workspace/tests/FluentUIScaffold.Core.Tests/bin/Debug/net8.0/FluentUIScaffold.Core.Tests.dll" adapterTypeName="executor://nunit3testexecutor/" className="FluentUIScaffold.Core.Tests.ElementCollectionTests" name="FilterByAttribute_WithEmptyAttributeName_ShouldThrowArgumentException" />
    </UnitTest>
    <UnitTest name="UrlMatches_PositiveAndNegative" storage="/workspace/tests/fluentuiscaffold.core.tests/bin/debug/net8.0/fluentuiscaffold.core.tests.dll" id="5f7c4701-d824-4b97-c114-36e1e6a4c33e">
      <Execution id="9bc781dd-f934-4f0f-a78a-01f2a1b3b126" />
      <TestMethod codeBase="/workspace/tests/FluentUIScaffold.Core.Tests/bin/Debug/net8.0/FluentUIScaffold.Core.Tests.dll" adapterTypeName="executor://nunit3testexecutor/" className="FluentUIScaffold.Core.Tests.VerificationContextTests" name="UrlMatches_PositiveAndNegative" />
    </UnitTest>
    <UnitTest name="LastOrDefault_WithNonEmptyCollection_ShouldReturnLastElement" storage="/workspace/tests/fluentuiscaffold.core.tests/bin/debug/net8.0/fluentuiscaffold.core.tests.dll" id="cbefd2c6-af4f-b601-5e3c-99959e055433">
      <Execution id="cb2b778f-4ec2-4bdb-89d5-009415c7bb25" />
      <TestMethod codeBase="/workspace/tests/FluentUIScaffold.Core.Tests/bin/Debug/net8.0/FluentUIScaffold.Core.Tests.dll" adapterTypeName="executor://nunit3testexecutor/" className="FluentUIScaffold.Core.Tests.ElementCollectionTests" name="LastOrDefault_WithNonEmptyCollection_ShouldReturnLastElement" />
    </UnitTest>
    <UnitTest name="DetectProjectPath_FromConfigFile_ReturnsPath" storage="/workspace/tests/fluentuiscaffold.core.tests/bin/debug/net8.0/fluentuiscaffold.core.tests.dll" id="fff58572-0076-1d30-45fe-03dd6cfeccd1">
      <Execution id="97845205-3f41-4d48-8338-c8d707ae0ded" />
      <TestMethod codeBase="/workspace/tests/FluentUIScaffold.Core.Tests/bin/Debug/net8.0/FluentUIScaffold.Core.Tests.dll" adapterTypeName="executor://nunit3testexecutor/" className="FluentUIScaffold.Core.Tests.EnvironmentBasedProjectDetectorTests" name="DetectProjectPath_FromConfigFile_ReturnsPath" />
    </UnitTest>
    <UnitTest name="SlowMo_WithValidValue_SetsSlowMo" storage="/workspace/tests/fluentuiscaffold.core.tests/bin/debug/net8.0/fluentuiscaffold.core.tests.dll" id="2c985496-df4a-5947-e2dc-50422705efcf">
      <Execution id="4c1821f2-ceac-4f5c-bf21-2e23d8cb2ec0" />
      <TestMethod codeBase="/workspace/tests/FluentUIScaffold.Core.Tests/bin/Debug/net8.0/FluentUIScaffold.Core.Tests.dll" adapterTypeName="executor://nunit3testexecutor/" className="FluentUIScaffold.Core.Tests.FluentUIScaffoldTests" name="SlowMo_WithValidValue_SetsSlowMo" />
    </UnitTest>
    <UnitTest name="WebApplicationFactory_WithHealthyEndpoint_ReadinessPathsCovered" storage="/workspace/tests/fluentuiscaffold.core.tests/bin/debug/net8.0/fluentuiscaffold.core.tests.dll" id="280bf3f0-72fb-f486-cff4-df88da493c15">
      <Execution id="e6a0dbf7-f338-441c-8193-71a72453db12" />
      <TestMethod codeBase="/workspace/tests/FluentUIScaffold.Core.Tests/bin/Debug/net8.0/FluentUIScaffold.Core.Tests.dll" adapterTypeName="executor://nunit3testexecutor/" className="FluentUIScaffold.Core.Tests.AspNetServerLauncherReadinessTests" name="WebApplicationFactory_WithHealthyEndpoint_ReadinessPathsCovered" />
    </UnitTest>
    <UnitTest name="FilterOutputByPort_MatchesCorrectLines" storage="/workspace/tests/fluentuiscaffold.core.tests/bin/debug/net8.0/fluentuiscaffold.core.tests.dll" id="a5af218b-8bb2-00fd-6d22-0e1ead0c9ffa">
      <Execution id="e87bd8b8-e6f0-44d1-9fe7-dc5e3ab2afc7" />
      <TestMethod codeBase="/workspace/tests/FluentUIScaffold.Core.Tests/bin/Debug/net8.0/FluentUIScaffold.Core.Tests.dll" adapterTypeName="executor://nunit3testexecutor/" className="FluentUIScaffold.Core.Tests.PortProcessFinderTests" name="FilterOutputByPort_MatchesCorrectLines" />
    </UnitTest>
    <UnitTest name="SpaProxyEnv_PropagatesToStartInfo" storage="/workspace/tests/fluentuiscaffold.core.tests/bin/debug/net8.0/fluentuiscaffold.core.tests.dll" id="ba86690a-e524-5b30-0581-e7c61fd4694c">
      <Execution id="08608cde-4117-4387-ae25-46e0eedd703d" />
      <TestMethod codeBase="/workspace/tests/FluentUIScaffold.Core.Tests/bin/Debug/net8.0/FluentUIScaffold.Core.Tests.dll" adapterTypeName="executor://nunit3testexecutor/" className="FluentUIScaffold.Core.Tests.AspNetCoreServerLauncherTests" name="SpaProxyEnv_PropagatesToStartInfo" />
    </UnitTest>
    <UnitTest name="WithAttribute_WithNullValue_ShouldSetEmptyString" storage="/workspace/tests/fluentuiscaffold.core.tests/bin/debug/net8.0/fluentuiscaffold.core.tests.dll" id="e490ff0f-804e-81fe-d54a-5987cfe60093">
      <Execution id="86b3a135-c87f-43bd-b73b-65a8e09b741e" />
      <TestMethod codeBase="/workspace/tests/FluentUIScaffold.Core.Tests/bin/Debug/net8.0/FluentUIScaffold.Core.Tests.dll" adapterTypeName="executor://nunit3testexecutor/" className="FluentUIScaffold.Core.Tests.ElementBuilderTests" name="WithAttribute_WithNullValue_ShouldSetEmptyString" />
    </UnitTest>
    <UnitTest name="GetEnumerator_ShouldReturnAllElements" storage="/workspace/tests/fluentuiscaffold.core.tests/bin/debug/net8.0/fluentuiscaffold.core.tests.dll" id="4b5ed4f4-cca7-3210-3b0c-b7d6cb410605">
      <Execution id="e20e6ac4-48d8-4c60-902e-1cbefa361fa5" />
      <TestMethod codeBase="/workspace/tests/FluentUIScaffold.Core.Tests/bin/Debug/net8.0/FluentUIScaffold.Core.Tests.dll" adapterTypeName="executor://nunit3testexecutor/" className="FluentUIScaffold.Core.Tests.ElementCollectionTests" name="GetEnumerator_ShouldReturnAllElements" />
    </UnitTest>
    <UnitTest name="RegisterLauncher_WithValidLauncher_RegistersSuccessfully" storage="/workspace/tests/fluentuiscaffold.core.tests/bin/debug/net8.0/fluentuiscaffold.core.tests.dll" id="24920700-cbf0-845b-81d7-78958082ce63">
      <Execution id="c2c01609-8c76-473e-b7d7-a340424d8853" />
      <TestMethod codeBase="/workspace/tests/FluentUIScaffold.Core.Tests/bin/Debug/net8.0/FluentUIScaffold.Core.Tests.dll" adapterTypeName="executor://nunit3testexecutor/" className="FluentUIScaffold.Core.Tests.ServerLauncherFactoryTests" name="RegisterLauncher_WithValidLauncher_RegistersSuccessfully" />
    </UnitTest>
    <UnitTest name="CreateElement_WithNullSelector_ShouldThrowArgumentException" storage="/workspace/tests/fluentuiscaffold.core.tests/bin/debug/net8.0/fluentuiscaffold.core.tests.dll" id="0857da33-b4ef-b236-6099-02a532ef2a14">
      <Execution id="2d885813-3586-4dbb-8c57-5a3cc1865a6a" />
      <TestMethod codeBase="/workspace/tests/FluentUIScaffold.Core.Tests/bin/Debug/net8.0/FluentUIScaffold.Core.Tests.dll" adapterTypeName="executor://nunit3testexecutor/" className="FluentUIScaffold.Core.Tests.ElementFactoryTests" name="CreateElement_WithNullSelector_ShouldThrowArgumentException" />
    </UnitTest>
    <UnitTest name="CreateElement_WithConfiguration_ShouldReturnConfiguredElement" storage="/workspace/tests/fluentuiscaffold.core.tests/bin/debug/net8.0/fluentuiscaffold.core.tests.dll" id="38f64a32-373c-d336-108a-9833491623db">
      <Execution id="cdd71271-5fb0-4161-8ce0-8cc3059216cb" />
      <TestMethod codeBase="/workspace/tests/FluentUIScaffold.Core.Tests/bin/Debug/net8.0/FluentUIScaffold.Core.Tests.dll" adapterTypeName="executor://nunit3testexecutor/" className="FluentUIScaffold.Core.Tests.ElementFactoryTests" name="CreateElement_WithConfiguration_ShouldReturnConfiguredElement" />
    </UnitTest>
    <UnitTest name="WithWebServerProjectPath_WithNullPath_Removed" storage="/workspace/tests/fluentuiscaffold.core.tests/bin/debug/net8.0/fluentuiscaffold.core.tests.dll" id="28f45f08-f929-d021-87bf-ac7bea3175f6">
      <Execution id="387177f1-6e7d-4469-aa63-bb477a445de4" />
      <TestMethod codeBase="/workspace/tests/FluentUIScaffold.Core.Tests/bin/Debug/net8.0/FluentUIScaffold.Core.Tests.dll" adapterTypeName="executor://nunit3testexecutor/" className="FluentUIScaffold.Core.Tests.FluentUIScaffoldOptionsBuilderTests" name="WithWebServerProjectPath_WithNullPath_Removed" />
    </UnitTest>
    <UnitTest name="GetLauncher_WithUnregisteredServerType_ThrowsException" storage="/workspace/tests/fluentuiscaffold.core.tests/bin/debug/net8.0/fluentuiscaffold.core.tests.dll" id="f02c83be-628b-c901-c0e0-b0c07da04720">
      <Execution id="321e41fd-9d74-4b7c-a212-9fefdbb31cbc" />
      <TestMethod codeBase="/workspace/tests/FluentUIScaffold.Core.Tests/bin/Debug/net8.0/FluentUIScaffold.Core.Tests.dll" adapterTypeName="executor://nunit3testexecutor/" className="FluentUIScaffold.Core.Tests.ServerLauncherFactoryTests" name="GetLauncher_WithUnregisteredServerType_ThrowsException" />
    </UnitTest>
    <UnitTest name="RegisterPlugin_WithNullPlugin_ThrowsArgumentNullException" storage="/workspace/tests/fluentuiscaffold.core.tests/bin/debug/net8.0/fluentuiscaffold.core.tests.dll" id="2e23022d-866f-3ace-93c9-9c504b47228e">
      <Execution id="0d62b271-4ee1-4bfd-a3c9-fc292e010368" />
      <TestMethod codeBase="/workspace/tests/FluentUIScaffold.Core.Tests/bin/Debug/net8.0/FluentUIScaffold.Core.Tests.dll" adapterTypeName="executor://nunit3testexecutor/" className="FluentUIScaffold.Core.Tests.PluginManagerTests" name="RegisterPlugin_WithNullPlugin_ThrowsArgumentNullException" />
    </UnitTest>
    <UnitTest name="FilterOutputByPort_EmptyOutput_ReturnsEmpty" storage="/workspace/tests/fluentuiscaffold.core.tests/bin/debug/net8.0/fluentuiscaffold.core.tests.dll" id="d2d2e102-f707-129a-9483-a3a753e80312">
      <Execution id="a91e45bc-3c2f-42e6-ba50-fc59b9da1e4a" />
      <TestMethod codeBase="/workspace/tests/FluentUIScaffold.Core.Tests/bin/Debug/net8.0/FluentUIScaffold.Core.Tests.dll" adapterTypeName="executor://nunit3testexecutor/" className="FluentUIScaffold.Core.Tests.PortProcessFinderTests" name="FilterOutputByPort_EmptyOutput_ReturnsEmpty" />
    </UnitTest>
    <UnitTest name="Constructor_WithExistingOptions_CreatesInstance" storage="/workspace/tests/fluentuiscaffold.core.tests/bin/debug/net8.0/fluentuiscaffold.core.tests.dll" id="68cc5f29-514d-38dc-c438-33585cc74aa4">
      <Execution id="52605205-af59-4428-821d-91dbef7bd93a" />
      <TestMethod codeBase="/workspace/tests/FluentUIScaffold.Core.Tests/bin/Debug/net8.0/FluentUIScaffold.Core.Tests.dll" adapterTypeName="executor://nunit3testexecutor/" className="FluentUIScaffold.Core.Tests.FluentUIScaffoldOptionsBuilderTests" name="Constructor_WithExistingOptions_CreatesInstance" />
    </UnitTest>
    <UnitTest name="LastOrDefault_WithEmptyCollection_ShouldReturnNull" storage="/workspace/tests/fluentuiscaffold.core.tests/bin/debug/net8.0/fluentuiscaffold.core.tests.dll" id="c288cdf5-4c17-bd42-bf19-8d1a299a2747">
      <Execution id="6c0f4a9c-4355-41bd-a8dd-20bb48c99d5e" />
      <TestMethod codeBase="/workspace/tests/FluentUIScaffold.Core.Tests/bin/Debug/net8.0/FluentUIScaffold.Core.Tests.dll" adapterTypeName="executor://nunit3testexecutor/" className="FluentUIScaffold.Core.Tests.ElementCollectionTests" name="LastOrDefault_WithEmptyCollection_ShouldReturnNull" />
    </UnitTest>
    <UnitTest name="WaitFor_WithClickableStrategy_ShouldCallWaitForClickable" storage="/workspace/tests/fluentuiscaffold.core.tests/bin/debug/net8.0/fluentuiscaffold.core.tests.dll" id="6343243c-dfd7-4b0b-0e3c-4021f44a4a0d">
      <Execution id="451143c7-765c-4baf-b2db-9f9dbf24c536" />
      <TestMethod codeBase="/workspace/tests/FluentUIScaffold.Core.Tests/bin/Debug/net8.0/FluentUIScaffold.Core.Tests.dll" adapterTypeName="executor://nunit3testexecutor/" className="FluentUIScaffold.Core.Tests.ElementTests" name="WaitFor_WithClickableStrategy_ShouldCallWaitForClickable" />
    </UnitTest>
    <UnitTest name="GetCssValue_ShouldReturnEmptyString" storage="/workspace/tests/fluentuiscaffold.core.tests/bin/debug/net8.0/fluentuiscaffold.core.tests.dll" id="37cb0dcf-4168-cbb7-f50e-73ed6d374e4a">
      <Execution id="2f77b4aa-dc51-4800-8fe6-400f12a1dc8b" />
      <TestMethod codeBase="/workspace/tests/FluentUIScaffold.Core.Tests/bin/Debug/net8.0/FluentUIScaffold.Core.Tests.dll" adapterTypeName="executor://nunit3testexecutor/" className="FluentUIScaffold.Core.Tests.ElementTests" name="GetCssValue_ShouldReturnEmptyString" />
    </UnitTest>
    <UnitTest name="FilterByText_WithNoMatchingText_ShouldReturnEmptyCollection" storage="/workspace/tests/fluentuiscaffold.core.tests/bin/debug/net8.0/fluentuiscaffold.core.tests.dll" id="7f949d80-13b6-78ce-6336-64f88eac33b7">
      <Execution id="269e2115-bcb4-42c4-9f39-7a49f3120e67" />
      <TestMethod codeBase="/workspace/tests/FluentUIScaffold.Core.Tests/bin/Debug/net8.0/FluentUIScaffold.Core.Tests.dll" adapterTypeName="executor://nunit3testexecutor/" className="FluentUIScaffold.Core.Tests.ElementCollectionTests" name="FilterByText_WithNoMatchingText_ShouldReturnEmptyCollection" />
    </UnitTest>
    <UnitTest name="DotNet_EnvironmentSetters_AreApplied" storage="/workspace/tests/fluentuiscaffold.core.tests/bin/debug/net8.0/fluentuiscaffold.core.tests.dll" id="7b7eece1-efca-5e39-6f9c-7c2cf05500c2">
      <Execution id="82858360-dcd3-46a7-9192-a91cd4d50075" />
      <TestMethod codeBase="/workspace/tests/FluentUIScaffold.Core.Tests/bin/Debug/net8.0/FluentUIScaffold.Core.Tests.dll" adapterTypeName="executor://nunit3testexecutor/" className="FluentUIScaffold.Core.Tests.ServerConfigurationBuilderIntegrationTests" name="DotNet_EnvironmentSetters_AreApplied" />
    </UnitTest>
    <UnitTest name="GetOrCreateElement_WithNullSelector_ShouldThrowArgumentException" storage="/workspace/tests/fluentuiscaffold.core.tests/bin/debug/net8.0/fluentuiscaffold.core.tests.dll" id="2ac27a39-0887-ff83-8ecd-f4b873b52bce">
      <Execution id="ff53f313-c1fa-4ac8-847c-2e8875588491" />
      <TestMethod codeBase="/workspace/tests/FluentUIScaffold.Core.Tests/bin/Debug/net8.0/FluentUIScaffold.Core.Tests.dll" adapterTypeName="executor://nunit3testexecutor/" className="FluentUIScaffold.Core.Tests.ElementFactoryTests" name="GetOrCreateElement_WithNullSelector_ShouldThrowArgumentException" />
    </UnitTest>
    <UnitTest name="SetServerSpecificEnvironmentVariables_Aspire_DoesNotOverrideAspNetCoreUrls" storage="/workspace/tests/fluentuiscaffold.core.tests/bin/debug/net8.0/fluentuiscaffold.core.tests.dll" id="2ac82e10-080e-2b5b-2d3d-5685bb444717">
      <Execution id="f709a23d-40ce-4a12-9428-71d1e0319ef5" />
      <TestMethod codeBase="/workspace/tests/FluentUIScaffold.Core.Tests/bin/Debug/net8.0/FluentUIScaffold.Core.Tests.dll" adapterTypeName="executor://nunit3testexecutor/" className="FluentUIScaffold.Core.Tests.AspNetServerLauncherTests" name="SetServerSpecificEnvironmentVariables_Aspire_DoesNotOverrideAspNetCoreUrls" />
    </UnitTest>
    <UnitTest name="FilterByText_WithCaseInsensitiveMatch_ShouldReturnFilteredCollection" storage="/workspace/tests/fluentuiscaffold.core.tests/bin/debug/net8.0/fluentuiscaffold.core.tests.dll" id="5b0b0b21-c836-f769-4fb0-bf7c584f610d">
      <Execution id="7379fad1-095a-4897-af71-8b809fe37489" />
      <TestMethod codeBase="/workspace/tests/FluentUIScaffold.Core.Tests/bin/Debug/net8.0/FluentUIScaffold.Core.Tests.dll" adapterTypeName="executor://nunit3testexecutor/" className="FluentUIScaffold.Core.Tests.ElementCollectionTests" name="FilterByText_WithCaseInsensitiveMatch_ShouldReturnFilteredCollection" />
    </UnitTest>
    <UnitTest name="Constructor_WithValidParameters_ShouldSetProperties" storage="/workspace/tests/fluentuiscaffold.core.tests/bin/debug/net8.0/fluentuiscaffold.core.tests.dll" id="1c0d19b9-1bef-846e-5c51-324c55f41975">
      <Execution id="6cd3fc4d-ca1f-4471-bc04-09d98eab017b" />
      <TestMethod codeBase="/workspace/tests/FluentUIScaffold.Core.Tests/bin/Debug/net8.0/FluentUIScaffold.Core.Tests.dll" adapterTypeName="executor://nunit3testexecutor/" className="FluentUIScaffold.Core.Tests.ElementTests" name="Constructor_WithValidParameters_ShouldSetProperties" />
    </UnitTest>
    <UnitTest name="WithHeadlessMode_WithNull_SetsNull" storage="/workspace/tests/fluentuiscaffold.core.tests/bin/debug/net8.0/fluentuiscaffold.core.tests.dll" id="471622d6-a01c-acdb-82c5-f00f72212509">
      <Execution id="3626922d-64e5-4b10-b4a5-9b8e6796c0c9" />
      <TestMethod codeBase="/workspace/tests/FluentUIScaffold.Core.Tests/bin/Debug/net8.0/FluentUIScaffold.Core.Tests.dll" adapterTypeName="executor://nunit3testexecutor/" className="FluentUIScaffold.Core.Tests.FluentUIScaffoldOptionsBuilderTests" name="WithHeadlessMode_WithNull_SetsNull" />
    </UnitTest>
    <UnitTest name="ElementTimeoutException_Constructors_Work" storage="/workspace/tests/fluentuiscaffold.core.tests/bin/debug/net8.0/fluentuiscaffold.core.tests.dll" id="3c6f06c4-eda4-678a-9f31-78ef1574d012">
      <Execution id="63ac6fa0-82da-46ec-93b2-5a03c625e088" />
      <TestMethod codeBase="/workspace/tests/FluentUIScaffold.Core.Tests/bin/Debug/net8.0/FluentUIScaffold.Core.Tests.dll" adapterTypeName="executor://nunit3testexecutor/" className="FluentUIScaffold.Core.Tests.ExceptionsTests" name="ElementTimeoutException_Constructors_Work" />
    </UnitTest>
    <UnitTest name="IsDisplayed_ShouldReturnIsVisibleResult" storage="/workspace/tests/fluentuiscaffold.core.tests/bin/debug/net8.0/fluentuiscaffold.core.tests.dll" id="95cf8d21-caaa-bf90-a4bb-f43f9e880ae1">
      <Execution id="a24408fb-988c-4596-b8c7-04a6f6511ca0" />
      <TestMethod codeBase="/workspace/tests/FluentUIScaffold.Core.Tests/bin/Debug/net8.0/FluentUIScaffold.Core.Tests.dll" adapterTypeName="executor://nunit3testexecutor/" className="FluentUIScaffold.Core.Tests.ElementTests" name="IsDisplayed_ShouldReturnIsVisibleResult" />
    </UnitTest>
    <UnitTest name="WithHeadlessMode_AndSlowMo_SetProperly" storage="/workspace/tests/fluentuiscaffold.core.tests/bin/debug/net8.0/fluentuiscaffold.core.tests.dll" id="ff506097-7a61-9dd6-1df2-d3c8d75a82f3">
      <Execution id="f6bf0099-32aa-401a-b414-3e1ede38714e" />
      <TestMethod codeBase="/workspace/tests/FluentUIScaffold.Core.Tests/bin/Debug/net8.0/FluentUIScaffold.Core.Tests.dll" adapterTypeName="executor://nunit3testexecutor/" className="FluentUIScaffold.Core.Tests.FluentUIScaffoldOptionsBuilderTests" name="WithHeadlessMode_AndSlowMo_SetProperly" />
    </UnitTest>
    <UnitTest name="WithWaitStrategy_ShouldSetWaitStrategy" storage="/workspace/tests/fluentuiscaffold.core.tests/bin/debug/net8.0/fluentuiscaffold.core.tests.dll" id="770867d9-ec05-f95d-4f86-cd135b847493">
      <Execution id="3d0cb14c-c9a1-4a72-abf0-18a89211a984" />
      <TestMethod codeBase="/workspace/tests/FluentUIScaffold.Core.Tests/bin/Debug/net8.0/FluentUIScaffold.Core.Tests.dll" adapterTypeName="executor://nunit3testexecutor/" className="FluentUIScaffold.Core.Tests.ElementBuilderTests" name="WithWaitStrategy_ShouldSetWaitStrategy" />
    </UnitTest>
    <UnitTest name="Placeholder_NoOp_ToMaintainTestStructure" storage="/workspace/tests/fluentuiscaffold.core.tests/bin/debug/net8.0/fluentuiscaffold.core.tests.dll" id="2ea41be2-ee63-3a11-0613-d95c2f91bed0">
      <Execution id="ba17e347-e271-4120-86a9-a70fd02b8d96" />
      <TestMethod codeBase="/workspace/tests/FluentUIScaffold.Core.Tests/bin/Debug/net8.0/FluentUIScaffold.Core.Tests.dll" adapterTypeName="executor://nunit3testexecutor/" className="FluentUIScaffold.Core.Tests.FluentUIScaffoldOptionsBuilderTests" name="Placeholder_NoOp_ToMaintainTestStructure" />
    </UnitTest>
    <UnitTest name="FluentChaining_ShouldWorkCorrectly" storage="/workspace/tests/fluentuiscaffold.core.tests/bin/debug/net8.0/fluentuiscaffold.core.tests.dll" id="551fc6ac-b856-8cac-3508-c2c42f5670a1">
      <Execution id="5e5bfbdc-60a7-4e0e-94cf-399f0280cd4b" />
      <TestMethod codeBase="/workspace/tests/FluentUIScaffold.Core.Tests/bin/Debug/net8.0/FluentUIScaffold.Core.Tests.dll" adapterTypeName="executor://nunit3testexecutor/" className="FluentUIScaffold.Core.Tests.ElementBuilderTests" name="FluentChaining_ShouldWorkCorrectly" />
    </UnitTest>
    <UnitTest name="WithDefaultWaitTimeout_WithNegativeTimeout_ThrowsException" storage="/workspace/tests/fluentuiscaffold.core.tests/bin/debug/net8.0/fluentuiscaffold.core.tests.dll" id="a8ade4ba-35e4-f1b1-b29c-1221576ebc2c">
      <Execution id="6829994d-eb2f-4bf2-8533-12ba92ef856f" />
      <TestMethod codeBase="/workspace/tests/FluentUIScaffold.Core.Tests/bin/Debug/net8.0/FluentUIScaffold.Core.Tests.dll" adapterTypeName="executor://nunit3testexecutor/" className="FluentUIScaffold.Core.Tests.FluentUIScaffoldOptionsBuilderTests" name="WithDefaultWaitTimeout_WithNegativeTimeout_ThrowsException" />
    </UnitTest>
    <UnitTest name="DotNet_ForwardedHeadersFlag_SerializesAsLowercaseBoolean" storage="/workspace/tests/fluentuiscaffold.core.tests/bin/debug/net8.0/fluentuiscaffold.core.tests.dll" id="b7f18d4e-e8c0-3285-6e79-21ddd24f3d41">
      <Execution id="c088285b-08bd-447f-8ad6-9c6f17326555" />
      <TestMethod codeBase="/workspace/tests/FluentUIScaffold.Core.Tests/bin/Debug/net8.0/FluentUIScaffold.Core.Tests.dll" adapterTypeName="executor://nunit3testexecutor/" className="FluentUIScaffold.Core.Tests.ServerConfigurationBuilderIntegrationTests" name="DotNet_ForwardedHeadersFlag_SerializesAsLowercaseBoolean" />
    </UnitTest>
    <UnitTest name="FirstOrDefault_WithEmptyCollection_ShouldReturnNull" storage="/workspace/tests/fluentuiscaffold.core.tests/bin/debug/net8.0/fluentuiscaffold.core.tests.dll" id="7fb7363f-268a-d980-fb84-31f8b492a262">
      <Execution id="819f2245-15e6-4f91-882b-7e6734190880" />
      <TestMethod codeBase="/workspace/tests/FluentUIScaffold.Core.Tests/bin/Debug/net8.0/FluentUIScaffold.Core.Tests.dll" adapterTypeName="executor://nunit3testexecutor/" className="FluentUIScaffold.Core.Tests.ElementCollectionTests" name="FirstOrDefault_WithEmptyCollection_ShouldReturnNull" />
    </UnitTest>
    <UnitTest name="WithRetryInterval_ShouldSetRetryInterval" storage="/workspace/tests/fluentuiscaffold.core.tests/bin/debug/net8.0/fluentuiscaffold.core.tests.dll" id="8ae62a86-1c76-a105-6718-7582f48ad523">
      <Execution id="690e2427-6016-4bff-b11c-b3c671432e41" />
      <TestMethod codeBase="/workspace/tests/FluentUIScaffold.Core.Tests/bin/Debug/net8.0/FluentUIScaffold.Core.Tests.dll" adapterTypeName="executor://nunit3testexecutor/" className="FluentUIScaffold.Core.Tests.ElementBuilderTests" name="WithRetryInterval_ShouldSetRetryInterval" />
    </UnitTest>
    <UnitTest name="SlowMo_WithNullValue_SetsSlowMoToNull" storage="/workspace/tests/fluentuiscaffold.core.tests/bin/debug/net8.0/fluentuiscaffold.core.tests.dll" id="db9ada96-dcf3-e037-db10-b7563d6669b8">
      <Execution id="f61c5761-ac18-4750-bc86-e284334e3f80" />
      <TestMethod codeBase="/workspace/tests/FluentUIScaffold.Core.Tests/bin/Debug/net8.0/FluentUIScaffold.Core.Tests.dll" adapterTypeName="executor://nunit3testexecutor/" className="FluentUIScaffold.Core.Tests.FluentUIScaffoldTests" name="SlowMo_WithNullValue_SetsSlowMoToNull" />
    </UnitTest>
    <UnitTest name="RegisterElement_WithNullKey_ShouldThrowArgumentException" storage="/workspace/tests/fluentuiscaffold.core.tests/bin/debug/net8.0/fluentuiscaffold.core.tests.dll" id="e46f5d7d-393e-88b9-1a00-80ae274b5f6e">
      <Execution id="041b3067-900c-4e14-b615-edf794908fea" />
      <TestMethod codeBase="/workspace/tests/FluentUIScaffold.Core.Tests/bin/Debug/net8.0/FluentUIScaffold.Core.Tests.dll" adapterTypeName="executor://nunit3testexecutor/" className="FluentUIScaffold.Core.Tests.ElementFactoryTests" name="RegisterElement_WithNullKey_ShouldThrowArgumentException" />
    </UnitTest>
    <UnitTest name="ElementContainsText_PositiveAndNegative" storage="/workspace/tests/fluentuiscaffold.core.tests/bin/debug/net8.0/fluentuiscaffold.core.tests.dll" id="3df7fba2-fa8b-3ca7-23f8-eddd788932a9">
      <Execution id="b8291aa3-89b6-4172-8aba-07c7c8466ff5" />
      <TestMethod codeBase="/workspace/tests/FluentUIScaffold.Core.Tests/bin/Debug/net8.0/FluentUIScaffold.Core.Tests.dll" adapterTypeName="executor://nunit3testexecutor/" className="FluentUIScaffold.Core.Tests.VerificationContextTests" name="ElementContainsText_PositiveAndNegative" />
    </UnitTest>
    <UnitTest name="Indexer_WithValidIndex_ShouldReturnElement" storage="/workspace/tests/fluentuiscaffold.core.tests/bin/debug/net8.0/fluentuiscaffold.core.tests.dll" id="28f7c59d-b5d1-8620-75b4-446e721774f0">
      <Execution id="c4ef85ea-8483-458f-bebb-2a52e3448797" />
      <TestMethod codeBase="/workspace/tests/FluentUIScaffold.Core.Tests/bin/Debug/net8.0/FluentUIScaffold.Core.Tests.dll" adapterTypeName="executor://nunit3testexecutor/" className="FluentUIScaffold.Core.Tests.ElementCollectionTests" name="Indexer_WithValidIndex_ShouldReturnElement" />
    </UnitTest>
    <UnitTest name="FilterByText_WithMatchingText_ShouldReturnFilteredCollection" storage="/workspace/tests/fluentuiscaffold.core.tests/bin/debug/net8.0/fluentuiscaffold.core.tests.dll" id="f2c0b89c-869a-b8e1-4f97-bcdc75425150">
      <Execution id="d5dc5f35-4c5c-40b1-8e7b-f85fb62ed655" />
      <TestMethod codeBase="/workspace/tests/FluentUIScaffold.Core.Tests/bin/Debug/net8.0/FluentUIScaffold.Core.Tests.dll" adapterTypeName="executor://nunit3testexecutor/" className="FluentUIScaffold.Core.Tests.ElementCollectionTests" name="FilterByText_WithMatchingText_ShouldReturnFilteredCollection" />
    </UnitTest>
    <UnitTest name="TitleContains_PositiveAndNegative" storage="/workspace/tests/fluentuiscaffold.core.tests/bin/debug/net8.0/fluentuiscaffold.core.tests.dll" id="c3234fde-006b-d3a0-c6d3-0d9f12720c48">
      <Execution id="74ff15a3-c1e2-472e-afca-0b04a645774b" />
      <TestMethod codeBase="/workspace/tests/FluentUIScaffold.Core.Tests/bin/Debug/net8.0/FluentUIScaffold.Core.Tests.dll" adapterTypeName="executor://nunit3testexecutor/" className="FluentUIScaffold.Core.Tests.VerificationContextTests" name="TitleContains_PositiveAndNegative" />
    </UnitTest>
    <UnitTest name="FilterByAttribute_WithCaseInsensitiveMatch_ShouldReturnFilteredCollection" storage="/workspace/tests/fluentuiscaffold.core.tests/bin/debug/net8.0/fluentuiscaffold.core.tests.dll" id="629e7f8f-acc1-6486-7ee3-d596d40e2188">
      <Execution id="dfcf0023-4b94-412f-9cc0-94c087c92bb8" />
      <TestMethod codeBase="/workspace/tests/FluentUIScaffold.Core.Tests/bin/Debug/net8.0/FluentUIScaffold.Core.Tests.dll" adapterTypeName="executor://nunit3testexecutor/" className="FluentUIScaffold.Core.Tests.ElementCollectionTests" name="FilterByAttribute_WithCaseInsensitiveMatch_ShouldReturnFilteredCollection" />
    </UnitTest>
    <UnitTest name="WebServerProjectPath_Removed_FromOptions" storage="/workspace/tests/fluentuiscaffold.core.tests/bin/debug/net8.0/fluentuiscaffold.core.tests.dll" id="0f9360de-cd99-435c-c549-ccd3fe79a633">
      <Execution id="f8d5becd-265b-42a1-b03d-e4d5cc978a76" />
      <TestMethod codeBase="/workspace/tests/FluentUIScaffold.Core.Tests/bin/Debug/net8.0/FluentUIScaffold.Core.Tests.dll" adapterTypeName="executor://nunit3testexecutor/" className="FluentUIScaffold.Core.Tests.FluentUIScaffoldTests" name="WebServerProjectPath_Removed_FromOptions" />
    </UnitTest>
    <UnitTest name="WithBaseUrl_WithNullUrl_ThrowsException" storage="/workspace/tests/fluentuiscaffold.core.tests/bin/debug/net8.0/fluentuiscaffold.core.tests.dll" id="11c6e8b9-63df-e19b-bf9f-452e7d9c0dd7">
      <Execution id="af9ca905-4303-4bca-8a7c-52f93e232bcf" />
      <TestMethod codeBase="/workspace/tests/FluentUIScaffold.Core.Tests/bin/Debug/net8.0/FluentUIScaffold.Core.Tests.dll" adapterTypeName="executor://nunit3testexecutor/" className="FluentUIScaffold.Core.Tests.FluentUIScaffoldOptionsBuilderTests" name="WithBaseUrl_WithNullUrl_ThrowsException" />
    </UnitTest>
    <UnitTest name="GetAttribute_ShouldReturnEmptyString" storage="/workspace/tests/fluentuiscaffold.core.tests/bin/debug/net8.0/fluentuiscaffold.core.tests.dll" id="c6d9c40f-adc6-4edb-6a83-6f4ac42882d1">
      <Execution id="e883d6a4-2489-4b81-8eeb-3e8d0ccf1795" />
      <TestMethod codeBase="/workspace/tests/FluentUIScaffold.Core.Tests/bin/Debug/net8.0/FluentUIScaffold.Core.Tests.dll" adapterTypeName="executor://nunit3testexecutor/" className="FluentUIScaffold.Core.Tests.ElementTests" name="GetAttribute_ShouldReturnEmptyString" />
    </UnitTest>
    <UnitTest name="IsCached_WithExistingKey_ShouldReturnTrue" storage="/workspace/tests/fluentuiscaffold.core.tests/bin/debug/net8.0/fluentuiscaffold.core.tests.dll" id="dddb8e0d-1bc6-fd59-4ffa-24cd6ce629ee">
      <Execution id="ff738a5b-1854-4d14-970c-e78d9e066796" />
      <TestMethod codeBase="/workspace/tests/FluentUIScaffold.Core.Tests/bin/Debug/net8.0/FluentUIScaffold.Core.Tests.dll" adapterTypeName="executor://nunit3testexecutor/" className="FluentUIScaffold.Core.Tests.ElementFactoryTests" name="IsCached_WithExistingKey_ShouldReturnTrue" />
    </UnitTest>
    <UnitTest name="Indexer_WithNegativeIndex_ShouldThrowArgumentOutOfRangeException" storage="/workspace/tests/fluentuiscaffold.core.tests/bin/debug/net8.0/fluentuiscaffold.core.tests.dll" id="46930332-f66d-a8f0-6df4-449ab0a9cd10">
      <Execution id="94a98917-50cd-42a4-a806-ddcbd5ca7fee" />
      <TestMethod codeBase="/workspace/tests/FluentUIScaffold.Core.Tests/bin/Debug/net8.0/FluentUIScaffold.Core.Tests.dll" adapterTypeName="executor://nunit3testexecutor/" className="FluentUIScaffold.Core.Tests.ElementCollectionTests" name="Indexer_WithNegativeIndex_ShouldThrowArgumentOutOfRangeException" />
    </UnitTest>
    <UnitTest name="StartServerAsync_MutexHeldByOther_AndServerBecomesReady_Completes" storage="/workspace/tests/fluentuiscaffold.core.tests/bin/debug/net8.0/fluentuiscaffold.core.tests.dll" id="7af08328-43c6-c4ff-4de5-161f93857df3">
      <Execution id="0082e4e0-741b-486d-ad70-62aab2c7170b" />
      <TestMethod codeBase="/workspace/tests/FluentUIScaffold.Core.Tests/bin/Debug/net8.0/FluentUIScaffold.Core.Tests.dll" adapterTypeName="executor://nunit3testexecutor/" className="FluentUIScaffold.Core.Tests.WebServerManagerTests" name="StartServerAsync_MutexHeldByOther_AndServerBecomesReady_Completes" />
    </UnitTest>
    <UnitTest name="FluentUIScaffoldValidationException_Constructors_Work" storage="/workspace/tests/fluentuiscaffold.core.tests/bin/debug/net8.0/fluentuiscaffold.core.tests.dll" id="a50fff13-3cd0-5b60-212f-066525a03c8a">
      <Execution id="b071a5a9-2418-493d-977d-3698d8b3224c" />
      <TestMethod codeBase="/workspace/tests/FluentUIScaffold.Core.Tests/bin/Debug/net8.0/FluentUIScaffold.Core.Tests.dll" adapterTypeName="executor://nunit3testexecutor/" className="FluentUIScaffold.Core.Tests.ExceptionsTests" name="FluentUIScaffoldValidationException_Constructors_Work" />
    </UnitTest>
    <UnitTest name="WithSlowMo_WithZeroValue_SetsSlowMoToZero" storage="/workspace/tests/fluentuiscaffold.core.tests/bin/debug/net8.0/fluentuiscaffold.core.tests.dll" id="5ecd0d47-634a-f5a5-e7c4-807c1c8c5935">
      <Execution id="d7b1b891-dddf-4cc3-9253-7c9fab708161" />
      <TestMethod codeBase="/workspace/tests/FluentUIScaffold.Core.Tests/bin/Debug/net8.0/FluentUIScaffold.Core.Tests.dll" adapterTypeName="executor://nunit3testexecutor/" className="FluentUIScaffold.Core.Tests.FluentUIScaffoldOptionsBuilderTests" name="WithSlowMo_WithZeroValue_SetsSlowMoToZero" />
    </UnitTest>
    <UnitTest name="Exists_WhenElementDoesNotExist_ShouldReturnFalse" storage="/workspace/tests/fluentuiscaffold.core.tests/bin/debug/net8.0/fluentuiscaffold.core.tests.dll" id="f3b5f62e-4f46-2207-7f46-5faefe33f536">
      <Execution id="9eaa3553-9a18-4619-9563-0650109f6220" />
      <TestMethod codeBase="/workspace/tests/FluentUIScaffold.Core.Tests/bin/Debug/net8.0/FluentUIScaffold.Core.Tests.dll" adapterTypeName="executor://nunit3testexecutor/" className="FluentUIScaffold.Core.Tests.ElementTests" name="Exists_WhenElementDoesNotExist_ShouldReturnFalse" />
    </UnitTest>
    <UnitTest name="WithAttribute_WithEmptyName_ShouldThrowArgumentException" storage="/workspace/tests/fluentuiscaffold.core.tests/bin/debug/net8.0/fluentuiscaffold.core.tests.dll" id="9878c4ec-2f1a-e8e4-b5a4-d9a2cba55d4b">
      <Execution id="290616af-6687-4f22-a955-fd3fb4e8fdfd" />
      <TestMethod codeBase="/workspace/tests/FluentUIScaffold.Core.Tests/bin/Debug/net8.0/FluentUIScaffold.Core.Tests.dll" adapterTypeName="executor://nunit3testexecutor/" className="FluentUIScaffold.Core.Tests.ElementBuilderTests" name="WithAttribute_WithEmptyName_ShouldThrowArgumentException" />
    </UnitTest>
    <UnitTest name="CreateElement_WithNullConfiguration_ShouldThrowArgumentNullException" storage="/workspace/tests/fluentuiscaffold.core.tests/bin/debug/net8.0/fluentuiscaffold.core.tests.dll" id="75c5db20-bc00-63de-91f7-e74098d22990">
      <Execution id="2db4b2b6-d327-4114-a116-ec4d3526970a" />
      <TestMethod codeBase="/workspace/tests/FluentUIScaffold.Core.Tests/bin/Debug/net8.0/FluentUIScaffold.Core.Tests.dll" adapterTypeName="executor://nunit3testexecutor/" className="FluentUIScaffold.Core.Tests.ElementFactoryTests" name="CreateElement_WithNullConfiguration_ShouldThrowArgumentNullException" />
    </UnitTest>
    <UnitTest name="WithWebServerProjectPath_IsRemoved_FromBuilder" storage="/workspace/tests/fluentuiscaffold.core.tests/bin/debug/net8.0/fluentuiscaffold.core.tests.dll" id="d9747d07-b571-8346-80a3-fe62a8b92e46">
      <Execution id="607c4258-1fbc-4214-98d0-5a9be22036d8" />
      <TestMethod codeBase="/workspace/tests/FluentUIScaffold.Core.Tests/bin/Debug/net8.0/FluentUIScaffold.Core.Tests.dll" adapterTypeName="executor://nunit3testexecutor/" className="FluentUIScaffold.Core.Tests.FluentUIScaffoldOptionsBuilderTests" name="WithWebServerProjectPath_IsRemoved_FromBuilder" />
    </UnitTest>
    <UnitTest name="RegisterElement_WithEmptyKey_ShouldThrowArgumentException" storage="/workspace/tests/fluentuiscaffold.core.tests/bin/debug/net8.0/fluentuiscaffold.core.tests.dll" id="b7012c97-f966-55dc-c35d-274095149e5d">
      <Execution id="2c874519-0eb4-48f0-aae8-05ac18a2d225" />
      <TestMethod codeBase="/workspace/tests/FluentUIScaffold.Core.Tests/bin/Debug/net8.0/FluentUIScaffold.Core.Tests.dll" adapterTypeName="executor://nunit3testexecutor/" className="FluentUIScaffold.Core.Tests.ElementFactoryTests" name="RegisterElement_WithEmptyKey_ShouldThrowArgumentException" />
    </UnitTest>
    <UnitTest name="NavigateToUrl_WithValidUrl_IsValid" storage="/workspace/tests/fluentuiscaffold.core.tests/bin/debug/net8.0/fluentuiscaffold.core.tests.dll" id="46ffc5ad-c340-b767-44fb-d87ee75aad26">
      <Execution id="f431849a-4f1a-4e8d-a74b-b340002fd3a0" />
      <TestMethod codeBase="/workspace/tests/FluentUIScaffold.Core.Tests/bin/Debug/net8.0/FluentUIScaffold.Core.Tests.dll" adapterTypeName="executor://nunit3testexecutor/" className="FluentUIScaffold.Core.Tests.NavigationTests" name="NavigateToUrl_WithValidUrl_IsValid" />
    </UnitTest>
    <UnitTest name="WithServerConfiguration_WithNullConfiguration_Removed" storage="/workspace/tests/fluentuiscaffold.core.tests/bin/debug/net8.0/fluentuiscaffold.core.tests.dll" id="0cc5a016-6448-c184-75cf-5538243062ce">
      <Execution id="87b65526-2357-48d2-a7c6-0b3d213c5d31" />
      <TestMethod codeBase="/workspace/tests/FluentUIScaffold.Core.Tests/bin/Debug/net8.0/FluentUIScaffold.Core.Tests.dll" adapterTypeName="executor://nunit3testexecutor/" className="FluentUIScaffold.Core.Tests.FluentUIScaffoldOptionsBuilderTests" name="WithServerConfiguration_WithNullConfiguration_Removed" />
    </UnitTest>
    <UnitTest name="Constructor_WithNullDriver_ShouldThrowArgumentNullException" storage="/workspace/tests/fluentuiscaffold.core.tests/bin/debug/net8.0/fluentuiscaffold.core.tests.dll" id="0b5f1728-7b8a-73cb-1723-24feb2bf7d3d">
      <Execution id="6cbcb886-46d0-4450-b0ca-7e219337fb3f" />
      <TestMethod codeBase="/workspace/tests/FluentUIScaffold.Core.Tests/bin/Debug/net8.0/FluentUIScaffold.Core.Tests.dll" adapterTypeName="executor://nunit3testexecutor/" className="FluentUIScaffold.Core.Tests.ElementFactoryTests" name="Constructor_WithNullDriver_ShouldThrowArgumentNullException" />
    </UnitTest>
    <UnitTest name="WithDescription_WithNullDescription_ShouldSetEmptyString" storage="/workspace/tests/fluentuiscaffold.core.tests/bin/debug/net8.0/fluentuiscaffold.core.tests.dll" id="d52fd675-05c7-c95c-d1f1-981f3a4f3701">
      <Execution id="4199675d-dd87-4661-88d1-133c6545712b" />
      <TestMethod codeBase="/workspace/tests/FluentUIScaffold.Core.Tests/bin/Debug/net8.0/FluentUIScaffold.Core.Tests.dll" adapterTypeName="executor://nunit3testexecutor/" className="FluentUIScaffold.Core.Tests.ElementBuilderTests" name="WithDescription_WithNullDescription_ShouldSetEmptyString" />
    </UnitTest>
    <UnitTest name="AspNetCore_ServerSpecificUrlsInjectedIntoStartInfo" storage="/workspace/tests/fluentuiscaffold.core.tests/bin/debug/net8.0/fluentuiscaffold.core.tests.dll" id="7ca0cb73-aeb1-887f-1af1-2afb19198c6a">
      <Execution id="fad0cd28-7709-43fd-96d7-74107e4ae3c9" />
      <TestMethod codeBase="/workspace/tests/FluentUIScaffold.Core.Tests/bin/Debug/net8.0/FluentUIScaffold.Core.Tests.dll" adapterTypeName="executor://nunit3testexecutor/" className="FluentUIScaffold.Core.Tests.ServerConfigurationBuilderIntegrationTests" name="AspNetCore_ServerSpecificUrlsInjectedIntoStartInfo" />
    </UnitTest>
    <UnitTest name="WithBaseUrl_WithValidUrl_SetsBaseUrl" storage="/workspace/tests/fluentuiscaffold.core.tests/bin/debug/net8.0/fluentuiscaffold.core.tests.dll" id="e694388c-e9b9-a1d2-ef93-70adf5bded0d">
      <Execution id="cdd1f4d1-fd5e-433b-a050-ad69bcd6c21a" />
      <TestMethod codeBase="/workspace/tests/FluentUIScaffold.Core.Tests/bin/Debug/net8.0/FluentUIScaffold.Core.Tests.dll" adapterTypeName="executor://nunit3testexecutor/" className="FluentUIScaffold.Core.Tests.FluentUIScaffoldOptionsBuilderTests" name="WithBaseUrl_WithValidUrl_SetsBaseUrl" />
    </UnitTest>
    <UnitTest name="FluentUIScaffoldPluginException_Constructors_Work" storage="/workspace/tests/fluentuiscaffold.core.tests/bin/debug/net8.0/fluentuiscaffold.core.tests.dll" id="4f345fbb-6a64-45b0-3c3e-0ecb27e08e28">
      <Execution id="c9b1592c-e879-4b60-bc74-ee4c5dd6fd3e" />
      <TestMethod codeBase="/workspace/tests/FluentUIScaffold.Core.Tests/bin/Debug/net8.0/FluentUIScaffold.Core.Tests.dll" adapterTypeName="executor://nunit3testexecutor/" className="FluentUIScaffold.Core.Tests.ExceptionsTests" name="FluentUIScaffoldPluginException_Constructors_Work" />
    </UnitTest>
    <UnitTest name="GetOrCreateElement_WithEmptyKey_ShouldThrowArgumentException" storage="/workspace/tests/fluentuiscaffold.core.tests/bin/debug/net8.0/fluentuiscaffold.core.tests.dll" id="fab6990d-3c1c-2c65-5826-c4e429096956">
      <Execution id="28e210d0-6701-475c-aa1e-9acb4c9238bd" />
      <TestMethod codeBase="/workspace/tests/FluentUIScaffold.Core.Tests/bin/Debug/net8.0/FluentUIScaffold.Core.Tests.dll" adapterTypeName="executor://nunit3testexecutor/" className="FluentUIScaffold.Core.Tests.ElementFactoryTests" name="GetOrCreateElement_WithEmptyKey_ShouldThrowArgumentException" />
    </UnitTest>
    <UnitTest name="ElementIsVisible_Negative_Throws" storage="/workspace/tests/fluentuiscaffold.core.tests/bin/debug/net8.0/fluentuiscaffold.core.tests.dll" id="5c65ae72-bd3b-fa7d-0bed-249316c4e40e">
      <Execution id="d6f0ecbf-7646-4bf9-a4cd-bf01a99350bd" />
      <TestMethod codeBase="/workspace/tests/FluentUIScaffold.Core.Tests/bin/Debug/net8.0/FluentUIScaffold.Core.Tests.dll" adapterTypeName="executor://nunit3testexecutor/" className="FluentUIScaffold.Core.Tests.VerificationContextTests" name="ElementIsVisible_Negative_Throws" />
    </UnitTest>
    <UnitTest name="WithSlowMo_WithValidValue_SetsSlowMo" storage="/workspace/tests/fluentuiscaffold.core.tests/bin/debug/net8.0/fluentuiscaffold.core.tests.dll" id="3c6ae5e7-2078-93c7-0cb9-170c4974fe27">
      <Execution id="776f72c0-b364-4e7c-9e44-1b6ceb97c969" />
      <TestMethod codeBase="/workspace/tests/FluentUIScaffold.Core.Tests/bin/Debug/net8.0/FluentUIScaffold.Core.Tests.dll" adapterTypeName="executor://nunit3testexecutor/" className="FluentUIScaffold.Core.Tests.FluentUIScaffoldOptionsBuilderTests" name="WithSlowMo_WithValidValue_SetsSlowMo" />
    </UnitTest>
    <UnitTest name="Constructor_WithValidOptions_CreatesInstance" storage="/workspace/tests/fluentuiscaffold.core.tests/bin/debug/net8.0/fluentuiscaffold.core.tests.dll" id="ddff61cf-6c8e-562e-62f7-c9fb5ab0fb05">
      <Execution id="30a58393-0095-40b5-b339-311955f6aaf1" />
      <TestMethod codeBase="/workspace/tests/FluentUIScaffold.Core.Tests/bin/Debug/net8.0/FluentUIScaffold.Core.Tests.dll" adapterTypeName="executor://nunit3testexecutor/" className="FluentUIScaffold.Core.Tests.FluentUIScaffoldTests" name="Constructor_WithValidOptions_CreatesInstance" />
    </UnitTest>
    <UnitTest name="First_WithNonEmptyCollection_ShouldReturnFirstElement" storage="/workspace/tests/fluentuiscaffold.core.tests/bin/debug/net8.0/fluentuiscaffold.core.tests.dll" id="ffb66a76-a7d1-dfa1-aa9c-bf5163813cc6">
      <Execution id="5dd9c1f5-b3ab-407e-ac22-0c3ce0314ce5" />
      <TestMethod codeBase="/workspace/tests/FluentUIScaffold.Core.Tests/bin/Debug/net8.0/FluentUIScaffold.Core.Tests.dll" adapterTypeName="executor://nunit3testexecutor/" className="FluentUIScaffold.Core.Tests.ElementCollectionTests" name="First_WithNonEmptyCollection_ShouldReturnFirstElement" />
    </UnitTest>
    <UnitTest name="Constructor_WithNullSelector_ShouldThrowArgumentNullException" storage="/workspace/tests/fluentuiscaffold.core.tests/bin/debug/net8.0/fluentuiscaffold.core.tests.dll" id="f886403e-9ef4-53a2-d4e1-ecec3b79370d">
      <Execution id="b392db08-a2cb-4670-802a-944cbb1ab492" />
      <TestMethod codeBase="/workspace/tests/FluentUIScaffold.Core.Tests/bin/Debug/net8.0/FluentUIScaffold.Core.Tests.dll" adapterTypeName="executor://nunit3testexecutor/" className="FluentUIScaffold.Core.Tests.ElementBuilderTests" name="Constructor_WithNullSelector_ShouldThrowArgumentNullException" />
    </UnitTest>
    <UnitTest name="FirstOrDefault_WithNonEmptyCollection_ShouldReturnFirstElement" storage="/workspace/tests/fluentuiscaffold.core.tests/bin/debug/net8.0/fluentuiscaffold.core.tests.dll" id="73a1b770-4a5e-0a29-6a9c-524092b48888">
      <Execution id="3f877fa8-b8c9-426f-9eaf-b50159dcd4cf" />
      <TestMethod codeBase="/workspace/tests/FluentUIScaffold.Core.Tests/bin/Debug/net8.0/FluentUIScaffold.Core.Tests.dll" adapterTypeName="executor://nunit3testexecutor/" className="FluentUIScaffold.Core.Tests.ElementCollectionTests" name="FirstOrDefault_WithNonEmptyCollection_ShouldReturnFirstElement" />
    </UnitTest>
    <UnitTest name="CreateConfiguration_WithValidParameters_ReturnsConfiguration" storage="/workspace/tests/fluentuiscaffold.core.tests/bin/debug/net8.0/fluentuiscaffold.core.tests.dll" id="ae197987-6a6c-0f53-9053-aa2a52fada6c">
      <Execution id="aa266619-b44e-497a-b819-49f4bd5c2809" />
      <TestMethod codeBase="/workspace/tests/FluentUIScaffold.Core.Tests/bin/Debug/net8.0/FluentUIScaffold.Core.Tests.dll" adapterTypeName="executor://nunit3testexecutor/" className="FluentUIScaffold.Core.Tests.ServerLauncherFactoryTests" name="CreateConfiguration_WithValidParameters_ReturnsConfiguration" />
    </UnitTest>
    <UnitTest name="CacheCount_ShouldReturnCorrectCount" storage="/workspace/tests/fluentuiscaffold.core.tests/bin/debug/net8.0/fluentuiscaffold.core.tests.dll" id="9a47f56b-5bfd-fc11-0334-5ee2c89f0d7c">
      <Execution id="be68ae00-7e07-4cc5-99a1-453cc4d82acc" />
      <TestMethod codeBase="/workspace/tests/FluentUIScaffold.Core.Tests/bin/Debug/net8.0/FluentUIScaffold.Core.Tests.dll" adapterTypeName="executor://nunit3testexecutor/" className="FluentUIScaffold.Core.Tests.ElementFactoryTests" name="CacheCount_ShouldReturnCorrectCount" />
    </UnitTest>
    <UnitTest name="Constructor_WithNullOptions_ThrowsException" storage="/workspace/tests/fluentuiscaffold.core.tests/bin/debug/net8.0/fluentuiscaffold.core.tests.dll" id="6bd0c540-38a9-699a-6e83-30afb294a184">
      <Execution id="252f8927-e7fa-400b-84ec-19bdf23f6b9d" />
      <TestMethod codeBase="/workspace/tests/FluentUIScaffold.Core.Tests/bin/Debug/net8.0/FluentUIScaffold.Core.Tests.dll" adapterTypeName="executor://nunit3testexecutor/" className="FluentUIScaffold.Core.Tests.FluentUIScaffoldTests" name="Constructor_WithNullOptions_ThrowsException" />
    </UnitTest>
    <UnitTest name="ElementIsVisible_Positive" storage="/workspace/tests/fluentuiscaffold.core.tests/bin/debug/net8.0/fluentuiscaffold.core.tests.dll" id="180a8a6f-cd05-0144-2ab5-cc27cf6b3780">
      <Execution id="2887e370-cf0f-4872-9096-d3b6f9537047" />
      <TestMethod codeBase="/workspace/tests/FluentUIScaffold.Core.Tests/bin/Debug/net8.0/FluentUIScaffold.Core.Tests.dll" adapterTypeName="executor://nunit3testexecutor/" className="FluentUIScaffold.Core.Tests.VerificationContextTests" name="ElementIsVisible_Positive" />
    </UnitTest>
    <UnitTest name="BuildCommandArguments_UsesFrameworkAndConfiguration_FromBuilder" storage="/workspace/tests/fluentuiscaffold.core.tests/bin/debug/net8.0/fluentuiscaffold.core.tests.dll" id="5fc1ac23-88fa-ea50-bc84-f014c480a778">
      <Execution id="aabee0e2-5bf3-4627-8593-7dc9a5812f14" />
      <TestMethod codeBase="/workspace/tests/FluentUIScaffold.Core.Tests/bin/Debug/net8.0/FluentUIScaffold.Core.Tests.dll" adapterTypeName="executor://nunit3testexecutor/" className="FluentUIScaffold.Core.Tests.AspNetServerLauncherTests" name="BuildCommandArguments_UsesFrameworkAndConfiguration_FromBuilder" />
    </UnitTest>
    <UnitTest name="DetectProjectPath_NoGit_FallsBackToDirectorySearch" storage="/workspace/tests/fluentuiscaffold.core.tests/bin/debug/net8.0/fluentuiscaffold.core.tests.dll" id="b877d3bb-b67c-3d6a-02a1-248c2c6a7c36">
      <Execution id="efb09720-2721-4f47-a52a-816c6129921c" />
      <TestMethod codeBase="/workspace/tests/FluentUIScaffold.Core.Tests/bin/Debug/net8.0/FluentUIScaffold.Core.Tests.dll" adapterTypeName="executor://nunit3testexecutor/" className="FluentUIScaffold.Core.Tests.GitBasedProjectDetectorTests" name="DetectProjectPath_NoGit_FallsBackToDirectorySearch" />
    </UnitTest>
    <UnitTest name="ServerConfiguration_Removed_FromOptions" storage="/workspace/tests/fluentuiscaffold.core.tests/bin/debug/net8.0/fluentuiscaffold.core.tests.dll" id="691a1ada-8b81-1eeb-9198-2480eca9bcb5">
      <Execution id="ff01ad6f-495b-4ed8-b6cd-9a3e5ce4e599" />
      <TestMethod codeBase="/workspace/tests/FluentUIScaffold.Core.Tests/bin/Debug/net8.0/FluentUIScaffold.Core.Tests.dll" adapterTypeName="executor://nunit3testexecutor/" className="FluentUIScaffold.Core.Tests.FluentUIScaffoldTests" name="ServerConfiguration_Removed_FromOptions" />
    </UnitTest>
    <UnitTest name="Last_WithEmptyCollection_ShouldThrowInvalidOperationException" storage="/workspace/tests/fluentuiscaffold.core.tests/bin/debug/net8.0/fluentuiscaffold.core.tests.dll" id="c9f61712-9fd7-d6bb-db15-07624030c6e4">
      <Execution id="239cdc62-147d-4e36-adbf-d06ec901f84d" />
      <TestMethod codeBase="/workspace/tests/FluentUIScaffold.Core.Tests/bin/Debug/net8.0/FluentUIScaffold.Core.Tests.dll" adapterTypeName="executor://nunit3testexecutor/" className="FluentUIScaffold.Core.Tests.ElementCollectionTests" name="Last_WithEmptyCollection_ShouldThrowInvalidOperationException" />
    </UnitTest>
    <UnitTest name="WaitForHidden_ShouldCallDriverWaitForElementToBeHidden" storage="/workspace/tests/fluentuiscaffold.core.tests/bin/debug/net8.0/fluentuiscaffold.core.tests.dll" id="32cab928-a934-2b6a-7a60-1dfa1c7f9abb">
      <Execution id="1eac28be-cb4d-4d18-b296-b67bc32d763b" />
      <TestMethod codeBase="/workspace/tests/FluentUIScaffold.Core.Tests/bin/Debug/net8.0/FluentUIScaffold.Core.Tests.dll" adapterTypeName="executor://nunit3testexecutor/" className="FluentUIScaffold.Core.Tests.ElementTests" name="WaitForHidden_ShouldCallDriverWaitForElementToBeHidden" />
    </UnitTest>
    <UnitTest name="Last_WithNonEmptyCollection_ShouldReturnLastElement" storage="/workspace/tests/fluentuiscaffold.core.tests/bin/debug/net8.0/fluentuiscaffold.core.tests.dll" id="202af691-80fb-dfa6-d9ed-de360fd56509">
      <Execution id="f05ca77e-bda4-4c1e-8186-7ab940fd9351" />
      <TestMethod codeBase="/workspace/tests/FluentUIScaffold.Core.Tests/bin/Debug/net8.0/FluentUIScaffold.Core.Tests.dll" adapterTypeName="executor://nunit3testexecutor/" className="FluentUIScaffold.Core.Tests.ElementCollectionTests" name="Last_WithNonEmptyCollection_ShouldReturnLastElement" />
    </UnitTest>
    <UnitTest name="Builder_SetsNodeEnvAndPort_FromFluentMethods" storage="/workspace/tests/fluentuiscaffold.core.tests/bin/debug/net8.0/fluentuiscaffold.core.tests.dll" id="6b94290b-4ed9-8c2a-b695-d80186249086">
      <Execution id="6c190777-d034-447b-bb5b-de7195cd1126" />
      <TestMethod codeBase="/workspace/tests/FluentUIScaffold.Core.Tests/bin/Debug/net8.0/FluentUIScaffold.Core.Tests.dll" adapterTypeName="executor://nunit3testexecutor/" className="FluentUIScaffold.Core.Tests.NodeJsServerLauncherTests" name="Builder_SetsNodeEnvAndPort_FromFluentMethods" />
    </UnitTest>
    <UnitTest name="NavigateToUrl_WithNullUrl_IsValid" storage="/workspace/tests/fluentuiscaffold.core.tests/bin/debug/net8.0/fluentuiscaffold.core.tests.dll" id="53b308dd-208a-388e-c5f9-16f490d67de6">
      <Execution id="71ef56e7-0773-4bd1-a3bf-9d570935c4bb" />
      <TestMethod codeBase="/workspace/tests/FluentUIScaffold.Core.Tests/bin/Debug/net8.0/FluentUIScaffold.Core.Tests.dll" adapterTypeName="executor://nunit3testexecutor/" className="FluentUIScaffold.Core.Tests.NavigationTests" name="NavigateToUrl_WithNullUrl_IsValid" />
    </UnitTest>
    <UnitTest name="ElementIsEnabled_PositiveAndNegative" storage="/workspace/tests/fluentuiscaffold.core.tests/bin/debug/net8.0/fluentuiscaffold.core.tests.dll" id="0c1cd9e9-2bf5-8e4c-5cc4-d59debbae135">
      <Execution id="9967247b-1ae4-4eec-a362-c512ac72f03a" />
      <TestMethod codeBase="/workspace/tests/FluentUIScaffold.Core.Tests/bin/Debug/net8.0/FluentUIScaffold.Core.Tests.dll" adapterTypeName="executor://nunit3testexecutor/" className="FluentUIScaffold.Core.Tests.VerificationContextTests" name="ElementIsEnabled_PositiveAndNegative" />
    </UnitTest>
    <UnitTest name="RemoveFromCache_WithNonExistingKey_ShouldReturnFalse" storage="/workspace/tests/fluentuiscaffold.core.tests/bin/debug/net8.0/fluentuiscaffold.core.tests.dll" id="d8390e41-bd5a-fe7f-3b98-f2190b4f7ae8">
      <Execution id="da812c3e-32d3-4a13-9486-5a47cf157d41" />
      <TestMethod codeBase="/workspace/tests/FluentUIScaffold.Core.Tests/bin/Debug/net8.0/FluentUIScaffold.Core.Tests.dll" adapterTypeName="executor://nunit3testexecutor/" className="FluentUIScaffold.Core.Tests.ElementFactoryTests" name="RemoveFromCache_WithNonExistingKey_ShouldReturnFalse" />
    </UnitTest>
    <UnitTest name="WithTimeout_ShouldSetTimeout" storage="/workspace/tests/fluentuiscaffold.core.tests/bin/debug/net8.0/fluentuiscaffold.core.tests.dll" id="8383728b-b15a-a0ae-e2d4-37daa1d150cf">
      <Execution id="1d940bc4-66e4-4e6f-a832-e39c29c79271" />
      <TestMethod codeBase="/workspace/tests/FluentUIScaffold.Core.Tests/bin/Debug/net8.0/FluentUIScaffold.Core.Tests.dll" adapterTypeName="executor://nunit3testexecutor/" className="FluentUIScaffold.Core.Tests.ElementBuilderTests" name="WithTimeout_ShouldSetTimeout" />
    </UnitTest>
    <UnitTest name="RegisterDetector_WithValidDetector_RegistersSuccessfully" storage="/workspace/tests/fluentuiscaffold.core.tests/bin/debug/net8.0/fluentuiscaffold.core.tests.dll" id="3060bcb3-7dbb-52ae-d898-6c736e92902a">
      <Execution id="10f38d8a-f0ef-4750-88a8-4ed14a2c8684" />
      <TestMethod codeBase="/workspace/tests/FluentUIScaffold.Core.Tests/bin/Debug/net8.0/FluentUIScaffold.Core.Tests.dll" adapterTypeName="executor://nunit3testexecutor/" className="FluentUIScaffold.Core.Tests.ServerLauncherFactoryTests" name="RegisterDetector_WithValidDetector_RegistersSuccessfully" />
    </UnitTest>
    <UnitTest name="Build_ShouldReturnConfiguredElement" storage="/workspace/tests/fluentuiscaffold.core.tests/bin/debug/net8.0/fluentuiscaffold.core.tests.dll" id="58c799eb-3510-390d-5f8b-eb2a700feeb4">
      <Execution id="86327782-0964-44a6-8968-e1b8f516a5b0" />
      <TestMethod codeBase="/workspace/tests/FluentUIScaffold.Core.Tests/bin/Debug/net8.0/FluentUIScaffold.Core.Tests.dll" adapterTypeName="executor://nunit3testexecutor/" className="FluentUIScaffold.Core.Tests.ElementBuilderTests" name="Build_ShouldReturnConfiguredElement" />
    </UnitTest>
    <UnitTest name="Filter_WithValidPredicate_ShouldReturnFilteredCollection" storage="/workspace/tests/fluentuiscaffold.core.tests/bin/debug/net8.0/fluentuiscaffold.core.tests.dll" id="9277c687-d1ec-06a3-91ef-9c2756a13404">
      <Execution id="555dad61-3c10-425b-b76c-da08a2adf060" />
      <TestMethod codeBase="/workspace/tests/FluentUIScaffold.Core.Tests/bin/Debug/net8.0/FluentUIScaffold.Core.Tests.dll" adapterTypeName="executor://nunit3testexecutor/" className="FluentUIScaffold.Core.Tests.ElementCollectionTests" name="Filter_WithValidPredicate_ShouldReturnFilteredCollection" />
    </UnitTest>
    <UnitTest name="Filter_WithNullPredicate_ShouldThrowArgumentNullException" storage="/workspace/tests/fluentuiscaffold.core.tests/bin/debug/net8.0/fluentuiscaffold.core.tests.dll" id="0d8a6f68-b892-8208-9f84-b0a607e9693d">
      <Execution id="165c9a6d-5ba7-4dca-bf82-03a32e7a70dc" />
      <TestMethod codeBase="/workspace/tests/FluentUIScaffold.Core.Tests/bin/Debug/net8.0/FluentUIScaffold.Core.Tests.dll" adapterTypeName="executor://nunit3testexecutor/" className="FluentUIScaffold.Core.Tests.ElementCollectionTests" name="Filter_WithNullPredicate_ShouldThrowArgumentNullException" />
    </UnitTest>
    <UnitTest name="GetOrCreateElement_WithNullKey_ShouldThrowArgumentException" storage="/workspace/tests/fluentuiscaffold.core.tests/bin/debug/net8.0/fluentuiscaffold.core.tests.dll" id="91a71ac4-590c-9e24-6500-b1be939120d3">
      <Execution id="7d26b353-6c71-45f3-9815-8ab2f056490e" />
      <TestMethod codeBase="/workspace/tests/FluentUIScaffold.Core.Tests/bin/Debug/net8.0/FluentUIScaffold.Core.Tests.dll" adapterTypeName="executor://nunit3testexecutor/" className="FluentUIScaffold.Core.Tests.ElementFactoryTests" name="GetOrCreateElement_WithNullKey_ShouldThrowArgumentException" />
    </UnitTest>
    <UnitTest name="WithDefaultWaitTimeout_WithValidTimeout_SetsDefaultWaitTimeout" storage="/workspace/tests/fluentuiscaffold.core.tests/bin/debug/net8.0/fluentuiscaffold.core.tests.dll" id="4c88da48-1cf2-2ce5-51d9-4c397983aa27">
      <Execution id="f81516bf-5169-4bb5-9170-b1a5076a7f6a" />
      <TestMethod codeBase="/workspace/tests/FluentUIScaffold.Core.Tests/bin/Debug/net8.0/FluentUIScaffold.Core.Tests.dll" adapterTypeName="executor://nunit3testexecutor/" className="FluentUIScaffold.Core.Tests.FluentUIScaffoldTests" name="WithDefaultWaitTimeout_WithValidTimeout_SetsDefaultWaitTimeout" />
    </UnitTest>
    <UnitTest name="RegisterPlugin_WithValidPluginType_RegistersPlugin" storage="/workspace/tests/fluentuiscaffold.core.tests/bin/debug/net8.0/fluentuiscaffold.core.tests.dll" id="22a55186-734f-9dba-b3aa-22207bab8f2a">
      <Execution id="6476a927-ffb6-4ffe-b379-cf15f12fa38c" />
      <TestMethod codeBase="/workspace/tests/FluentUIScaffold.Core.Tests/bin/Debug/net8.0/FluentUIScaffold.Core.Tests.dll" adapterTypeName="executor://nunit3testexecutor/" className="FluentUIScaffold.Core.Tests.PluginManagerTests" name="RegisterPlugin_WithValidPluginType_RegistersPlugin" />
    </UnitTest>
    <UnitTest name="DetectProjectPath_FromAdditionalPaths_ReturnsPath" storage="/workspace/tests/fluentuiscaffold.core.tests/bin/debug/net8.0/fluentuiscaffold.core.tests.dll" id="aa2ad8c9-644e-352f-745e-635b81ae401d">
      <Execution id="77636762-989d-476f-bb89-d451b3f46be5" />
      <TestMethod codeBase="/workspace/tests/FluentUIScaffold.Core.Tests/bin/Debug/net8.0/FluentUIScaffold.Core.Tests.dll" adapterTypeName="executor://nunit3testexecutor/" className="FluentUIScaffold.Core.Tests.EnvironmentBasedProjectDetectorTests" name="DetectProjectPath_FromAdditionalPaths_ReturnsPath" />
    </UnitTest>
    <UnitTest name="WithServerConfiguration_Removed_FromBuilder" storage="/workspace/tests/fluentuiscaffold.core.tests/bin/debug/net8.0/fluentuiscaffold.core.tests.dll" id="ce884f09-4916-a854-a0cc-dbdac776383b">
      <Execution id="a083c712-dc48-4cb7-9c51-e97317ee1fc8" />
      <TestMethod codeBase="/workspace/tests/FluentUIScaffold.Core.Tests/bin/Debug/net8.0/FluentUIScaffold.Core.Tests.dll" adapterTypeName="executor://nunit3testexecutor/" className="FluentUIScaffold.Core.Tests.FluentUIScaffoldOptionsBuilderTests" name="WithServerConfiguration_Removed_FromBuilder" />
    </UnitTest>
    <UnitTest name="WithDefaultWaitTimeout_WithValidTimeout_SetsDefaultWaitTimeout" storage="/workspace/tests/fluentuiscaffold.core.tests/bin/debug/net8.0/fluentuiscaffold.core.tests.dll" id="99f01ded-3ca2-e651-a7da-fe562e1e4884">
      <Execution id="43b1ffec-ff28-473b-89ff-14d50d4578ee" />
      <TestMethod codeBase="/workspace/tests/FluentUIScaffold.Core.Tests/bin/Debug/net8.0/FluentUIScaffold.Core.Tests.dll" adapterTypeName="executor://nunit3testexecutor/" className="FluentUIScaffold.Core.Tests.FluentUIScaffoldOptionsBuilderTests" name="WithDefaultWaitTimeout_WithValidTimeout_SetsDefaultWaitTimeout" />
    </UnitTest>
    <UnitTest name="WaitForVisible_ShouldCallDriverWaitForElementToBeVisible" storage="/workspace/tests/fluentuiscaffold.core.tests/bin/debug/net8.0/fluentuiscaffold.core.tests.dll" id="8edbc9e8-8106-4e2b-446e-15afc8cb2e79">
      <Execution id="674e40c8-cff6-4607-8083-c54605e2034d" />
      <TestMethod codeBase="/workspace/tests/FluentUIScaffold.Core.Tests/bin/Debug/net8.0/FluentUIScaffold.Core.Tests.dll" adapterTypeName="executor://nunit3testexecutor/" className="FluentUIScaffold.Core.Tests.ElementTests" name="WaitForVisible_ShouldCallDriverWaitForElementToBeVisible" />
    </UnitTest>
    <UnitTest name="GetText_ShouldCallDriverGetText" storage="/workspace/tests/fluentuiscaffold.core.tests/bin/debug/net8.0/fluentuiscaffold.core.tests.dll" id="179b7383-7c66-19a3-5099-a84ccfda3312">
      <Execution id="0e4ba3d0-dde5-470f-9cbe-4e0c79f27cfb" />
      <TestMethod codeBase="/workspace/tests/FluentUIScaffold.Core.Tests/bin/Debug/net8.0/FluentUIScaffold.Core.Tests.dll" adapterTypeName="executor://nunit3testexecutor/" className="FluentUIScaffold.Core.Tests.ElementTests" name="GetText_ShouldCallDriverGetText" />
    </UnitTest>
    <UnitTest name="Placeholder_NoOp_ToMaintainTestStructure" storage="/workspace/tests/fluentuiscaffold.core.tests/bin/debug/net8.0/fluentuiscaffold.core.tests.dll" id="27bf1d8f-6db2-9d4a-565f-5fca061cc8f1">
      <Execution id="a25bbf78-2cbc-43f8-9341-ba560ad6f7d5" />
      <TestMethod codeBase="/workspace/tests/FluentUIScaffold.Core.Tests/bin/Debug/net8.0/FluentUIScaffold.Core.Tests.dll" adapterTypeName="executor://nunit3testexecutor/" className="FluentUIScaffold.Core.Tests.FluentUIScaffoldTests" name="Placeholder_NoOp_ToMaintainTestStructure" />
    </UnitTest>
    <UnitTest name="RegisterElement_WithNullElement_ShouldThrowArgumentNullException" storage="/workspace/tests/fluentuiscaffold.core.tests/bin/debug/net8.0/fluentuiscaffold.core.tests.dll" id="a1f4b443-1603-0539-0dc0-d4ce95853134">
      <Execution id="f1b209cf-98b9-4c38-8227-ad08f557d9ed" />
      <TestMethod codeBase="/workspace/tests/FluentUIScaffold.Core.Tests/bin/Debug/net8.0/FluentUIScaffold.Core.Tests.dll" adapterTypeName="executor://nunit3testexecutor/" className="FluentUIScaffold.Core.Tests.ElementFactoryTests" name="RegisterElement_WithNullElement_ShouldThrowArgumentNullException" />
    </UnitTest>
    <UnitTest name="WithAttribute_ShouldAddAttribute" storage="/workspace/tests/fluentuiscaffold.core.tests/bin/debug/net8.0/fluentuiscaffold.core.tests.dll" id="ecd11cad-395d-4d5e-d9ae-03e7b8295be8">
      <Execution id="a7d7c81f-ce60-42d4-bbbe-e46a7aec9c2b" />
      <TestMethod codeBase="/workspace/tests/FluentUIScaffold.Core.Tests/bin/Debug/net8.0/FluentUIScaffold.Core.Tests.dll" adapterTypeName="executor://nunit3testexecutor/" className="FluentUIScaffold.Core.Tests.ElementBuilderTests" name="WithAttribute_ShouldAddAttribute" />
    </UnitTest>
    <UnitTest name="WaitFor_WithNoneStrategy_ShouldNotCallAnyWaitMethods" storage="/workspace/tests/fluentuiscaffold.core.tests/bin/debug/net8.0/fluentuiscaffold.core.tests.dll" id="9f3021c1-925a-71da-e253-d006455bc8e9">
      <Execution id="7c34077b-9b9f-4750-9aae-f7b1d9ff1acf" />
      <TestMethod codeBase="/workspace/tests/FluentUIScaffold.Core.Tests/bin/Debug/net8.0/FluentUIScaffold.Core.Tests.dll" adapterTypeName="executor://nunit3testexecutor/" className="FluentUIScaffold.Core.Tests.ElementTests" name="WaitFor_WithNoneStrategy_ShouldNotCallAnyWaitMethods" />
    </UnitTest>
    <UnitTest name="DetectProjectPath_FromEnvironmentVariable_ReturnsPath" storage="/workspace/tests/fluentuiscaffold.core.tests/bin/debug/net8.0/fluentuiscaffold.core.tests.dll" id="8ca40265-bff9-35e5-4c05-5311e5fae258">
      <Execution id="ff990f13-b5bd-47b8-a585-1d65bfa1253c" />
      <TestMethod codeBase="/workspace/tests/FluentUIScaffold.Core.Tests/bin/Debug/net8.0/FluentUIScaffold.Core.Tests.dll" adapterTypeName="executor://nunit3testexecutor/" className="FluentUIScaffold.Core.Tests.EnvironmentBasedProjectDetectorTests" name="DetectProjectPath_FromEnvironmentVariable_ReturnsPath" />
    </UnitTest>
    <UnitTest name="HeadlessMode_WithNullValue_SetsHeadlessModeToNull" storage="/workspace/tests/fluentuiscaffold.core.tests/bin/debug/net8.0/fluentuiscaffold.core.tests.dll" id="6c726527-cdae-6f0e-e424-af9055e97f92">
      <Execution id="b888fefe-0366-4b1b-ba86-faf085b64c58" />
      <TestMethod codeBase="/workspace/tests/FluentUIScaffold.Core.Tests/bin/Debug/net8.0/FluentUIScaffold.Core.Tests.dll" adapterTypeName="executor://nunit3testexecutor/" className="FluentUIScaffold.Core.Tests.FluentUIScaffoldTests" name="HeadlessMode_WithNullValue_SetsHeadlessModeToNull" />
    </UnitTest>
    <UnitTest name="WaitFor_WithUnsupportedStrategy_ShouldThrowArgumentException" storage="/workspace/tests/fluentuiscaffold.core.tests/bin/debug/net8.0/fluentuiscaffold.core.tests.dll" id="5b0f8305-1a07-717d-f99d-cd7dc78eb59e">
      <Execution id="15b3bbe2-aa94-455a-b463-27a4d260e8aa" />
      <TestMethod codeBase="/workspace/tests/FluentUIScaffold.Core.Tests/bin/Debug/net8.0/FluentUIScaffold.Core.Tests.dll" adapterTypeName="executor://nunit3testexecutor/" className="FluentUIScaffold.Core.Tests.ElementTests" name="WaitFor_WithUnsupportedStrategy_ShouldThrowArgumentException" />
    </UnitTest>
    <UnitTest name="Type_ShouldCallDriverType" storage="/workspace/tests/fluentuiscaffold.core.tests/bin/debug/net8.0/fluentuiscaffold.core.tests.dll" id="44803fba-616e-b64e-f070-676eb27c9592">
      <Execution id="da05dfe9-25af-4254-a325-08b1b745d1c7" />
      <TestMethod codeBase="/workspace/tests/FluentUIScaffold.Core.Tests/bin/Debug/net8.0/FluentUIScaffold.Core.Tests.dll" adapterTypeName="executor://nunit3testexecutor/" className="FluentUIScaffold.Core.Tests.ElementTests" name="Type_ShouldCallDriverType" />
    </UnitTest>
    <UnitTest name="HeadlessMode_WithValidValue_SetsHeadlessMode" storage="/workspace/tests/fluentuiscaffold.core.tests/bin/debug/net8.0/fluentuiscaffold.core.tests.dll" id="1dbd60f0-8bf8-0e06-1bea-3397a47d2afd">
      <Execution id="b51c58da-70b9-4f7f-b2c1-f6228eaa5506" />
      <TestMethod codeBase="/workspace/tests/FluentUIScaffold.Core.Tests/bin/Debug/net8.0/FluentUIScaffold.Core.Tests.dll" adapterTypeName="executor://nunit3testexecutor/" className="FluentUIScaffold.Core.Tests.FluentUIScaffoldTests" name="HeadlessMode_WithValidValue_SetsHeadlessMode" />
    </UnitTest>
    <UnitTest name="Indexer_WithIndexEqualToCount_ShouldThrowArgumentOutOfRangeException" storage="/workspace/tests/fluentuiscaffold.core.tests/bin/debug/net8.0/fluentuiscaffold.core.tests.dll" id="71ed1687-d25f-f0b2-eee1-f1f69754d207">
      <Execution id="abbcafa7-2f4a-4ff1-ac6c-3d851352197a" />
      <TestMethod codeBase="/workspace/tests/FluentUIScaffold.Core.Tests/bin/Debug/net8.0/FluentUIScaffold.Core.Tests.dll" adapterTypeName="executor://nunit3testexecutor/" className="FluentUIScaffold.Core.Tests.ElementCollectionTests" name="Indexer_WithIndexEqualToCount_ShouldThrowArgumentOutOfRangeException" />
    </UnitTest>
    <UnitTest name="Constructor_WithNullDriver_ShouldThrowArgumentNullException" storage="/workspace/tests/fluentuiscaffold.core.tests/bin/debug/net8.0/fluentuiscaffold.core.tests.dll" id="280bec51-23dc-ffba-208c-c20000ad7909">
      <Execution id="933be54c-f8e8-40f9-91ff-3cf9f6fc0b61" />
      <TestMethod codeBase="/workspace/tests/FluentUIScaffold.Core.Tests/bin/Debug/net8.0/FluentUIScaffold.Core.Tests.dll" adapterTypeName="executor://nunit3testexecutor/" className="FluentUIScaffold.Core.Tests.ElementBuilderTests" name="Constructor_WithNullDriver_ShouldThrowArgumentNullException" />
    </UnitTest>
    <UnitTest name="WaitFor_WithHiddenStrategy_ShouldCallWaitForHidden" storage="/workspace/tests/fluentuiscaffold.core.tests/bin/debug/net8.0/fluentuiscaffold.core.tests.dll" id="6ba06a82-9046-fcca-a49b-be1345ecbc51">
      <Execution id="99a0cdeb-51a3-4b0c-b92d-56e88fed5945" />
      <TestMethod codeBase="/workspace/tests/FluentUIScaffold.Core.Tests/bin/Debug/net8.0/FluentUIScaffold.Core.Tests.dll" adapterTypeName="executor://nunit3testexecutor/" className="FluentUIScaffold.Core.Tests.ElementTests" name="WaitFor_WithHiddenStrategy_ShouldCallWaitForHidden" />
    </UnitTest>
    <UnitTest name="WaitFor_WithVisibleStrategy_ShouldCallWaitForVisible" storage="/workspace/tests/fluentuiscaffold.core.tests/bin/debug/net8.0/fluentuiscaffold.core.tests.dll" id="85b3a0e0-be33-c2c1-998a-6dc53854bf16">
      <Execution id="501c6a90-e267-4bbf-9ad0-ff8f7795a3a3" />
      <TestMethod codeBase="/workspace/tests/FluentUIScaffold.Core.Tests/bin/Debug/net8.0/FluentUIScaffold.Core.Tests.dll" adapterTypeName="executor://nunit3testexecutor/" className="FluentUIScaffold.Core.Tests.ElementTests" name="WaitFor_WithVisibleStrategy_ShouldCallWaitForVisible" />
    </UnitTest>
    <UnitTest name="WithWebServerProjectPath_WithEmptyPath_Removed" storage="/workspace/tests/fluentuiscaffold.core.tests/bin/debug/net8.0/fluentuiscaffold.core.tests.dll" id="8a43bd3c-a801-bb4f-9167-9cddc20d64b5">
      <Execution id="403f059d-0f59-4573-b6a8-50fbb65eb9ba" />
      <TestMethod codeBase="/workspace/tests/FluentUIScaffold.Core.Tests/bin/Debug/net8.0/FluentUIScaffold.Core.Tests.dll" adapterTypeName="executor://nunit3testexecutor/" className="FluentUIScaffold.Core.Tests.FluentUIScaffoldOptionsBuilderTests" name="WithWebServerProjectPath_WithEmptyPath_Removed" />
    </UnitTest>
    <UnitTest name="That_DelegatesThrowOnFalse" storage="/workspace/tests/fluentuiscaffold.core.tests/bin/debug/net8.0/fluentuiscaffold.core.tests.dll" id="ecd0e042-7358-e08b-c8ac-f95b7ed8f0a9">
      <Execution id="0f3b4b24-65d8-4c5c-b5fc-1b5564f9c5e3" />
      <TestMethod codeBase="/workspace/tests/FluentUIScaffold.Core.Tests/bin/Debug/net8.0/FluentUIScaffold.Core.Tests.dll" adapterTypeName="executor://nunit3testexecutor/" className="FluentUIScaffold.Core.Tests.VerificationContextTests" name="That_DelegatesThrowOnFalse" />
    </UnitTest>
  </TestDefinitions>
  <TestEntries>
    <TestEntry testId="0d8a6f68-b892-8208-9f84-b0a607e9693d" executionId="165c9a6d-5ba7-4dca-bf82-03a32e7a70dc" testListId="8c84fa94-04c1-424b-9868-57a2d4851a1d" />
    <TestEntry testId="894f94b1-efcc-7bbe-43c4-5aa998a01fba" executionId="f0f43d75-0136-4611-befc-45725424c391" testListId="8c84fa94-04c1-424b-9868-57a2d4851a1d" />
    <TestEntry testId="d6e5f7f2-25f3-210a-1f00-1f733c0e9da8" executionId="ae6e5a6b-e3d9-41bf-99e7-4bae640f1089" testListId="8c84fa94-04c1-424b-9868-57a2d4851a1d" />
    <TestEntry testId="7f949d80-13b6-78ce-6336-64f88eac33b7" executionId="269e2115-bcb4-42c4-9f39-7a49f3120e67" testListId="8c84fa94-04c1-424b-9868-57a2d4851a1d" />
    <TestEntry testId="2ac82e10-080e-2b5b-2d3d-5685bb444717" executionId="f709a23d-40ce-4a12-9428-71d1e0319ef5" testListId="8c84fa94-04c1-424b-9868-57a2d4851a1d" />
    <TestEntry testId="ecd11cad-395d-4d5e-d9ae-03e7b8295be8" executionId="a7d7c81f-ce60-42d4-bbbe-e46a7aec9c2b" testListId="8c84fa94-04c1-424b-9868-57a2d4851a1d" />
    <TestEntry testId="2d7af110-a47a-3498-5f06-ff20a980bae8" executionId="73070053-3534-4d18-ad5b-b6c4ade6cc27" testListId="8c84fa94-04c1-424b-9868-57a2d4851a1d" />
    <TestEntry testId="f02c83be-628b-c901-c0e0-b0c07da04720" executionId="321e41fd-9d74-4b7c-a212-9fefdbb31cbc" testListId="8c84fa94-04c1-424b-9868-57a2d4851a1d" />
    <TestEntry testId="6bd0c540-38a9-699a-6e83-30afb294a184" executionId="252f8927-e7fa-400b-84ec-19bdf23f6b9d" testListId="8c84fa94-04c1-424b-9868-57a2d4851a1d" />
    <TestEntry testId="280bec51-23dc-ffba-208c-c20000ad7909" executionId="933be54c-f8e8-40f9-91ff-3cf9f6fc0b61" testListId="8c84fa94-04c1-424b-9868-57a2d4851a1d" />
    <TestEntry testId="2c985496-df4a-5947-e2dc-50422705efcf" executionId="4c1821f2-ceac-4f5c-bf21-2e23d8cb2ec0" testListId="8c84fa94-04c1-424b-9868-57a2d4851a1d" />
    <TestEntry testId="e75b2bb9-5515-7802-e744-4a6d4013843f" executionId="d1ed5e63-ce61-4a95-a364-6e0d7f6198ec" testListId="8c84fa94-04c1-424b-9868-57a2d4851a1d" />
    <TestEntry testId="85b3a0e0-be33-c2c1-998a-6dc53854bf16" executionId="501c6a90-e267-4bbf-9ad0-ff8f7795a3a3" testListId="8c84fa94-04c1-424b-9868-57a2d4851a1d" />
    <TestEntry testId="b7012c97-f966-55dc-c35d-274095149e5d" executionId="2c874519-0eb4-48f0-aae8-05ac18a2d225" testListId="8c84fa94-04c1-424b-9868-57a2d4851a1d" />
    <TestEntry testId="0b4fc99c-eb06-94b0-bab6-1d7f1e79217a" executionId="0ba75104-7261-4c82-9308-67b1fc59998c" testListId="8c84fa94-04c1-424b-9868-57a2d4851a1d" />
    <TestEntry testId="0f9360de-cd99-435c-c549-ccd3fe79a633" executionId="f8d5becd-265b-42a1-b03d-e4d5cc978a76" testListId="8c84fa94-04c1-424b-9868-57a2d4851a1d" />
    <TestEntry testId="677131f5-8f9b-a5d7-51f3-8830f5479d4d" executionId="f7684f8c-cb31-499d-9d05-89f8f3327b91" testListId="8c84fa94-04c1-424b-9868-57a2d4851a1d" />
    <TestEntry testId="f2c0b89c-869a-b8e1-4f97-bcdc75425150" executionId="d5dc5f35-4c5c-40b1-8e7b-f85fb62ed655" testListId="8c84fa94-04c1-424b-9868-57a2d4851a1d" />
    <TestEntry testId="8ca40265-bff9-35e5-4c05-5311e5fae258" executionId="ff990f13-b5bd-47b8-a585-1d65bfa1253c" testListId="8c84fa94-04c1-424b-9868-57a2d4851a1d" />
    <TestEntry testId="2e23022d-866f-3ace-93c9-9c504b47228e" executionId="0d62b271-4ee1-4bfd-a3c9-fc292e010368" testListId="8c84fa94-04c1-424b-9868-57a2d4851a1d" />
    <TestEntry testId="5bf46c48-3055-37d6-fef8-c9d126207b04" executionId="2f85b3b7-e5aa-4d98-8227-c5afa6698d44" testListId="8c84fa94-04c1-424b-9868-57a2d4851a1d" />
    <TestEntry testId="28f45f08-f929-d021-87bf-ac7bea3175f6" executionId="387177f1-6e7d-4469-aa63-bb477a445de4" testListId="8c84fa94-04c1-424b-9868-57a2d4851a1d" />
    <TestEntry testId="1d0c7a95-619b-8f87-d712-932128165f7a" executionId="43ce77bb-42f3-46b7-af5f-d630ac5a150e" testListId="8c84fa94-04c1-424b-9868-57a2d4851a1d" />
    <TestEntry testId="d9747d07-b571-8346-80a3-fe62a8b92e46" executionId="607c4258-1fbc-4214-98d0-5a9be22036d8" testListId="8c84fa94-04c1-424b-9868-57a2d4851a1d" />
    <TestEntry testId="3972325b-780e-8149-0501-afcdb2e51733" executionId="9e6c5798-5e9b-4f27-9c45-d1473e1d8ea7" testListId="8c84fa94-04c1-424b-9868-57a2d4851a1d" />
    <TestEntry testId="d52fd675-05c7-c95c-d1f1-981f3a4f3701" executionId="4199675d-dd87-4661-88d1-133c6545712b" testListId="8c84fa94-04c1-424b-9868-57a2d4851a1d" />
    <TestEntry testId="07d2e673-5834-e2ca-06bc-89c7780bb3c8" executionId="fc15b954-9166-4f3f-90a4-abd615baf426" testListId="8c84fa94-04c1-424b-9868-57a2d4851a1d" />
    <TestEntry testId="a646cbbd-eb04-f9aa-5695-780998d26368" executionId="eac7fde3-f018-49d0-8d99-e28a5a32191d" testListId="8c84fa94-04c1-424b-9868-57a2d4851a1d" />
    <TestEntry testId="8f39af80-f58e-71ee-14e2-037e33d2ca9e" executionId="5d1b5d96-d513-4ce7-917b-cccae7a338c9" testListId="8c84fa94-04c1-424b-9868-57a2d4851a1d" />
    <TestEntry testId="770867d9-ec05-f95d-4f86-cd135b847493" executionId="3d0cb14c-c9a1-4a72-abf0-18a89211a984" testListId="8c84fa94-04c1-424b-9868-57a2d4851a1d" />
    <TestEntry testId="db9ada96-dcf3-e037-db10-b7563d6669b8" executionId="f61c5761-ac18-4750-bc86-e284334e3f80" testListId="8c84fa94-04c1-424b-9868-57a2d4851a1d" />
    <TestEntry testId="11c6e8b9-63df-e19b-bf9f-452e7d9c0dd7" executionId="af9ca905-4303-4bca-8a7c-52f93e232bcf" testListId="8c84fa94-04c1-424b-9868-57a2d4851a1d" />
    <TestEntry testId="691a1ada-8b81-1eeb-9198-2480eca9bcb5" executionId="ff01ad6f-495b-4ed8-b6cd-9a3e5ce4e599" testListId="8c84fa94-04c1-424b-9868-57a2d4851a1d" />
    <TestEntry testId="6343243c-dfd7-4b0b-0e3c-4021f44a4a0d" executionId="451143c7-765c-4baf-b2db-9f9dbf24c536" testListId="8c84fa94-04c1-424b-9868-57a2d4851a1d" />
    <TestEntry testId="280bf3f0-72fb-f486-cff4-df88da493c15" executionId="e6a0dbf7-f338-441c-8193-71a72453db12" testListId="8c84fa94-04c1-424b-9868-57a2d4851a1d" />
    <TestEntry testId="fab6990d-3c1c-2c65-5826-c4e429096956" executionId="28e210d0-6701-475c-aa1e-9acb4c9238bd" testListId="8c84fa94-04c1-424b-9868-57a2d4851a1d" />
    <TestEntry testId="1c8b7bab-7237-42e0-5fb5-c55615089994" executionId="21901ea9-b2af-4abf-b12a-ef2377d58cca" testListId="8c84fa94-04c1-424b-9868-57a2d4851a1d" />
    <TestEntry testId="4c88da48-1cf2-2ce5-51d9-4c397983aa27" executionId="f81516bf-5169-4bb5-9170-b1a5076a7f6a" testListId="8c84fa94-04c1-424b-9868-57a2d4851a1d" />
    <TestEntry testId="e78cb7dd-0751-e11c-f830-882cb6a69d14" executionId="d4e5bc50-04e0-494b-a5e3-b0985cc8cd57" testListId="8c84fa94-04c1-424b-9868-57a2d4851a1d" />
    <TestEntry testId="2ae1304c-81ac-a359-4734-cee502a63ccd" executionId="26923029-f865-45b9-8044-d2d96364ce61" testListId="8c84fa94-04c1-424b-9868-57a2d4851a1d" />
    <TestEntry testId="18f05ca5-b5fb-a8dd-f454-c581d558cbe9" executionId="fd2e67e6-e129-4d73-a9f0-f89080b2bd88" testListId="8c84fa94-04c1-424b-9868-57a2d4851a1d" />
    <TestEntry testId="63abd0f8-5814-164f-7950-4ad186521ab4" executionId="032a1f82-1554-4afb-a5cc-486d80d934bf" testListId="8c84fa94-04c1-424b-9868-57a2d4851a1d" />
    <TestEntry testId="37cb0dcf-4168-cbb7-f50e-73ed6d374e4a" executionId="2f77b4aa-dc51-4800-8fe6-400f12a1dc8b" testListId="8c84fa94-04c1-424b-9868-57a2d4851a1d" />
    <TestEntry testId="7fb7363f-268a-d980-fb84-31f8b492a262" executionId="819f2245-15e6-4f91-882b-7e6734190880" testListId="8c84fa94-04c1-424b-9868-57a2d4851a1d" />
    <TestEntry testId="bb6d95e1-fe2b-c7f2-f120-8406bb52b03a" executionId="5e141c02-2d4b-49bb-bd78-00a623e936cb" testListId="8c84fa94-04c1-424b-9868-57a2d4851a1d" />
    <TestEntry testId="ddff61cf-6c8e-562e-62f7-c9fb5ab0fb05" executionId="30a58393-0095-40b5-b339-311955f6aaf1" testListId="8c84fa94-04c1-424b-9868-57a2d4851a1d" />
    <TestEntry testId="6112ca55-caad-863b-bca3-e844e296c7b3" executionId="ff36028d-6a4e-4c1c-b1c2-5545ad1fda4a" testListId="8c84fa94-04c1-424b-9868-57a2d4851a1d" />
    <TestEntry testId="09311360-5b2a-d8bb-bda7-c830483aca7e" executionId="c899e208-47b3-4341-a22d-7b4a5b7ab6bb" testListId="8c84fa94-04c1-424b-9868-57a2d4851a1d" />
    <TestEntry testId="c288cdf5-4c17-bd42-bf19-8d1a299a2747" executionId="6c0f4a9c-4355-41bd-a8dd-20bb48c99d5e" testListId="8c84fa94-04c1-424b-9868-57a2d4851a1d" />
    <TestEntry testId="fff58572-0076-1d30-45fe-03dd6cfeccd1" executionId="97845205-3f41-4d48-8338-c8d707ae0ded" testListId="8c84fa94-04c1-424b-9868-57a2d4851a1d" />
    <TestEntry testId="bba98ce8-0e46-19a1-add2-e0e6659866ca" executionId="18e30da8-2895-493f-a8f9-764f50553130" testListId="8c84fa94-04c1-424b-9868-57a2d4851a1d" />
    <TestEntry testId="4d23582b-dfd6-378d-ff6d-4da2dfba9dba" executionId="37cbe84d-b8eb-450e-add9-f662d3f1c921" testListId="8c84fa94-04c1-424b-9868-57a2d4851a1d" />
    <TestEntry testId="dd8f8349-d619-3359-a263-b07e1bc2b428" executionId="1943aae8-f165-44b5-b302-053e16f62296" testListId="8c84fa94-04c1-424b-9868-57a2d4851a1d" />
    <TestEntry testId="5c65ae72-bd3b-fa7d-0bed-249316c4e40e" executionId="d6f0ecbf-7646-4bf9-a4cd-bf01a99350bd" testListId="8c84fa94-04c1-424b-9868-57a2d4851a1d" />
    <TestEntry testId="68cc5f29-514d-38dc-c438-33585cc74aa4" executionId="52605205-af59-4428-821d-91dbef7bd93a" testListId="8c84fa94-04c1-424b-9868-57a2d4851a1d" />
    <TestEntry testId="6dd2c663-126f-c692-d442-51f4ddb16f47" executionId="a77d9a7d-6ec6-434d-b495-b0ff17c0559f" testListId="8c84fa94-04c1-424b-9868-57a2d4851a1d" />
    <TestEntry testId="3c6ae5e7-2078-93c7-0cb9-170c4974fe27" executionId="776f72c0-b364-4e7c-9e44-1b6ceb97c969" testListId="8c84fa94-04c1-424b-9868-57a2d4851a1d" />
    <TestEntry testId="180a8a6f-cd05-0144-2ab5-cc27cf6b3780" executionId="2887e370-cf0f-4872-9096-d3b6f9537047" testListId="8c84fa94-04c1-424b-9868-57a2d4851a1d" />
    <TestEntry testId="179b7383-7c66-19a3-5099-a84ccfda3312" executionId="0e4ba3d0-dde5-470f-9cbe-4e0c79f27cfb" testListId="8c84fa94-04c1-424b-9868-57a2d4851a1d" />
    <TestEntry testId="a1f4b443-1603-0539-0dc0-d4ce95853134" executionId="f1b209cf-98b9-4c38-8227-ad08f557d9ed" testListId="8c84fa94-04c1-424b-9868-57a2d4851a1d" />
    <TestEntry testId="46ffc5ad-c340-b767-44fb-d87ee75aad26" executionId="f431849a-4f1a-4e8d-a74b-b340002fd3a0" testListId="8c84fa94-04c1-424b-9868-57a2d4851a1d" />
    <TestEntry testId="e694388c-e9b9-a1d2-ef93-70adf5bded0d" executionId="cdd1f4d1-fd5e-433b-a050-ad69bcd6c21a" testListId="8c84fa94-04c1-424b-9868-57a2d4851a1d" />
    <TestEntry testId="5457ec9d-b666-cb43-0581-94c4ccf2eefc" executionId="070dea56-958b-433e-8157-9e9e2fdcd827" testListId="8c84fa94-04c1-424b-9868-57a2d4851a1d" />
    <TestEntry testId="0cc5a016-6448-c184-75cf-5538243062ce" executionId="87b65526-2357-48d2-a7c6-0b3d213c5d31" testListId="8c84fa94-04c1-424b-9868-57a2d4851a1d" />
    <TestEntry testId="4d36eff3-cb8c-cc2b-ae0a-7341e46f417f" executionId="3d67923e-9f1f-4d38-9e4b-ef4a7c14e256" testListId="8c84fa94-04c1-424b-9868-57a2d4851a1d" />
    <TestEntry testId="75c5db20-bc00-63de-91f7-e74098d22990" executionId="2db4b2b6-d327-4114-a116-ec4d3526970a" testListId="8c84fa94-04c1-424b-9868-57a2d4851a1d" />
    <TestEntry testId="446583bb-1a0c-a601-da8c-b6db446288a3" executionId="86c136c0-6970-4828-b700-67d00fff82e3" testListId="8c84fa94-04c1-424b-9868-57a2d4851a1d" />
    <TestEntry testId="dddb8e0d-1bc6-fd59-4ffa-24cd6ce629ee" executionId="ff738a5b-1854-4d14-970c-e78d9e066796" testListId="8c84fa94-04c1-424b-9868-57a2d4851a1d" />
    <TestEntry testId="5fc1ac23-88fa-ea50-bc84-f014c480a778" executionId="aabee0e2-5bf3-4627-8593-7dc9a5812f14" testListId="8c84fa94-04c1-424b-9868-57a2d4851a1d" />
    <TestEntry testId="c3694fbe-f799-3b5e-9ff5-0d754eb65db7" executionId="22f76cee-8873-4108-a276-93da3ef2e6cd" testListId="8c84fa94-04c1-424b-9868-57a2d4851a1d" />
    <TestEntry testId="0c1cd9e9-2bf5-8e4c-5cc4-d59debbae135" executionId="9967247b-1ae4-4eec-a362-c512ac72f03a" testListId="8c84fa94-04c1-424b-9868-57a2d4851a1d" />
    <TestEntry testId="9db3b268-6657-af98-9f75-1b63df5c1b61" executionId="1104ff8c-2e7b-4119-b52e-2c1780ce65e6" testListId="8c84fa94-04c1-424b-9868-57a2d4851a1d" />
    <TestEntry testId="268d744c-88c8-b894-11b0-d59382621120" executionId="c2954467-f0e3-4590-bf96-0a75ffd1a039" testListId="8c84fa94-04c1-424b-9868-57a2d4851a1d" />
    <TestEntry testId="19dd36e1-31f9-3753-0a72-7dc6f09188c0" executionId="727d5c92-1910-4afc-b036-9c96bda7b4fb" testListId="8c84fa94-04c1-424b-9868-57a2d4851a1d" />
    <TestEntry testId="1dbd60f0-8bf8-0e06-1bea-3397a47d2afd" executionId="b51c58da-70b9-4f7f-b2c1-f6228eaa5506" testListId="8c84fa94-04c1-424b-9868-57a2d4851a1d" />
    <TestEntry testId="95cf8d21-caaa-bf90-a4bb-f43f9e880ae1" executionId="a24408fb-988c-4596-b8c7-04a6f6511ca0" testListId="8c84fa94-04c1-424b-9868-57a2d4851a1d" />
    <TestEntry testId="9f3021c1-925a-71da-e253-d006455bc8e9" executionId="7c34077b-9b9f-4750-9aae-f7b1d9ff1acf" testListId="8c84fa94-04c1-424b-9868-57a2d4851a1d" />
    <TestEntry testId="405fd94c-1e16-06c6-669b-4f6514668f24" executionId="5fdce54b-e81b-4cdb-b9c0-96dbc2b0df40" testListId="8c84fa94-04c1-424b-9868-57a2d4851a1d" />
    <TestEntry testId="d2d2e102-f707-129a-9483-a3a753e80312" executionId="a91e45bc-3c2f-42e6-ba50-fc59b9da1e4a" testListId="8c84fa94-04c1-424b-9868-57a2d4851a1d" />
    <TestEntry testId="b16522d5-763c-5079-f175-3132fe0bb3ec" executionId="8c7a5f8f-e718-4cda-afad-6e9d7f204382" testListId="8c84fa94-04c1-424b-9868-57a2d4851a1d" />
    <TestEntry testId="020a6f08-c481-d586-c35b-71ffdcdf77ae" executionId="dedca56c-f593-417a-8bb5-ebca256c882c" testListId="8c84fa94-04c1-424b-9868-57a2d4851a1d" />
    <TestEntry testId="e46f5d7d-393e-88b9-1a00-80ae274b5f6e" executionId="041b3067-900c-4e14-b615-edf794908fea" testListId="8c84fa94-04c1-424b-9868-57a2d4851a1d" />
    <TestEntry testId="6ba06a82-9046-fcca-a49b-be1345ecbc51" executionId="99a0cdeb-51a3-4b0c-b92d-56e88fed5945" testListId="8c84fa94-04c1-424b-9868-57a2d4851a1d" />
    <TestEntry testId="6c726527-cdae-6f0e-e424-af9055e97f92" executionId="b888fefe-0366-4b1b-ba86-faf085b64c58" testListId="8c84fa94-04c1-424b-9868-57a2d4851a1d" />
    <TestEntry testId="aa2ad8c9-644e-352f-745e-635b81ae401d" executionId="77636762-989d-476f-bb89-d451b3f46be5" testListId="8c84fa94-04c1-424b-9868-57a2d4851a1d" />
    <TestEntry testId="a8ccc846-1ff4-1690-63b6-362e0b40f521" executionId="318dd1e5-01bc-410b-a894-78d66baac052" testListId="8c84fa94-04c1-424b-9868-57a2d4851a1d" />
    <TestEntry testId="cc28fd0d-aeb1-6068-03cf-a613121c3154" executionId="a55acb5d-90b2-49ca-b23b-99ab3b8773fe" testListId="8c84fa94-04c1-424b-9868-57a2d4851a1d" />
    <TestEntry testId="551fc6ac-b856-8cac-3508-c2c42f5670a1" executionId="5e5bfbdc-60a7-4e0e-94cf-399f0280cd4b" testListId="8c84fa94-04c1-424b-9868-57a2d4851a1d" />
    <TestEntry testId="24920700-cbf0-845b-81d7-78958082ce63" executionId="c2c01609-8c76-473e-b7d7-a340424d8853" testListId="8c84fa94-04c1-424b-9868-57a2d4851a1d" />
    <TestEntry testId="ab102e48-216b-a6e1-6a1e-ce5492770c81" executionId="ddd9b60a-4bf1-4814-871a-675cf6da35f2" testListId="8c84fa94-04c1-424b-9868-57a2d4851a1d" />
    <TestEntry testId="ecd0e042-7358-e08b-c8ac-f95b7ed8f0a9" executionId="0f3b4b24-65d8-4c5c-b5fc-1b5564f9c5e3" testListId="8c84fa94-04c1-424b-9868-57a2d4851a1d" />
    <TestEntry testId="8edbc9e8-8106-4e2b-446e-15afc8cb2e79" executionId="674e40c8-cff6-4607-8083-c54605e2034d" testListId="8c84fa94-04c1-424b-9868-57a2d4851a1d" />
    <TestEntry testId="7ca0cb73-aeb1-887f-1af1-2afb19198c6a" executionId="fad0cd28-7709-43fd-96d7-74107e4ae3c9" testListId="8c84fa94-04c1-424b-9868-57a2d4851a1d" />
    <TestEntry testId="58c799eb-3510-390d-5f8b-eb2a700feeb4" executionId="86327782-0964-44a6-8968-e1b8f516a5b0" testListId="8c84fa94-04c1-424b-9868-57a2d4851a1d" />
    <TestEntry testId="c3234fde-006b-d3a0-c6d3-0d9f12720c48" executionId="74ff15a3-c1e2-472e-afca-0b04a645774b" testListId="8c84fa94-04c1-424b-9868-57a2d4851a1d" />
    <TestEntry testId="99f01ded-3ca2-e651-a7da-fe562e1e4884" executionId="43b1ffec-ff28-473b-89ff-14d50d4578ee" testListId="8c84fa94-04c1-424b-9868-57a2d4851a1d" />
    <TestEntry testId="5dbab36b-8bf9-b94a-886b-0679437303ac" executionId="9c44b1f6-afd4-47d3-8844-cd460bb9ab86" testListId="8c84fa94-04c1-424b-9868-57a2d4851a1d" />
    <TestEntry testId="5e045292-2424-2536-e9a7-78679c446a8a" executionId="7ec5156c-f766-4881-86cf-8a95b6b33af5" testListId="8c84fa94-04c1-424b-9868-57a2d4851a1d" />
    <TestEntry testId="c9f61712-9fd7-d6bb-db15-07624030c6e4" executionId="239cdc62-147d-4e36-adbf-d06ec901f84d" testListId="8c84fa94-04c1-424b-9868-57a2d4851a1d" />
    <TestEntry testId="8ee850f6-f93d-44de-04bb-8bbc073b000b" executionId="ce87c1ff-4a6a-42fe-9bd9-c69b7d98e1df" testListId="8c84fa94-04c1-424b-9868-57a2d4851a1d" />
    <TestEntry testId="e490ff0f-804e-81fe-d54a-5987cfe60093" executionId="86b3a135-c87f-43bd-b73b-65a8e09b741e" testListId="8c84fa94-04c1-424b-9868-57a2d4851a1d" />
    <TestEntry testId="d8390e41-bd5a-fe7f-3b98-f2190b4f7ae8" executionId="da812c3e-32d3-4a13-9486-5a47cf157d41" testListId="8c84fa94-04c1-424b-9868-57a2d4851a1d" />
    <TestEntry testId="ffb66a76-a7d1-dfa1-aa9c-bf5163813cc6" executionId="5dd9c1f5-b3ab-407e-ac22-0c3ce0314ce5" testListId="8c84fa94-04c1-424b-9868-57a2d4851a1d" />
    <TestEntry testId="cc50075c-462e-8b57-d394-e1d716bb8f7e" executionId="35aa3583-3035-4e83-9466-3a595e4e912b" testListId="8c84fa94-04c1-424b-9868-57a2d4851a1d" />
    <TestEntry testId="b877d3bb-b67c-3d6a-02a1-248c2c6a7c36" executionId="efb09720-2721-4f47-a52a-816c6129921c" testListId="8c84fa94-04c1-424b-9868-57a2d4851a1d" />
    <TestEntry testId="179ad534-942e-3d0d-8cd9-ff68b706f3bf" executionId="ecee6eac-156b-4c05-9258-69f514bc82be" testListId="8c84fa94-04c1-424b-9868-57a2d4851a1d" />
    <TestEntry testId="3f49ee74-f47f-14db-402b-a5606f508f18" executionId="9f93032e-af13-4c35-b599-0d025a92fa08" testListId="8c84fa94-04c1-424b-9868-57a2d4851a1d" />
    <TestEntry testId="53b308dd-208a-388e-c5f9-16f490d67de6" executionId="71ef56e7-0773-4bd1-a3bf-9d570935c4bb" testListId="8c84fa94-04c1-424b-9868-57a2d4851a1d" />
    <TestEntry testId="c6b038af-0bc0-b632-00c4-3ef8ea29ed6e" executionId="583099b5-b015-47d5-9b4b-4a8b2ec04f34" testListId="8c84fa94-04c1-424b-9868-57a2d4851a1d" />
    <TestEntry testId="629e7f8f-acc1-6486-7ee3-d596d40e2188" executionId="dfcf0023-4b94-412f-9cc0-94c087c92bb8" testListId="8c84fa94-04c1-424b-9868-57a2d4851a1d" />
    <TestEntry testId="f1c510fe-f632-6958-5421-3d34e26a9b68" executionId="f7bc3a8c-64e4-473c-be21-d0ebc073e87b" testListId="8c84fa94-04c1-424b-9868-57a2d4851a1d" />
    <TestEntry testId="5ecd0d47-634a-f5a5-e7c4-807c1c8c5935" executionId="d7b1b891-dddf-4cc3-9253-7c9fab708161" testListId="8c84fa94-04c1-424b-9868-57a2d4851a1d" />
    <TestEntry testId="20de0f10-a260-56ec-7409-45cd1f921704" executionId="ab32bf56-5d80-4a9d-b872-b698dfe96d0c" testListId="8c84fa94-04c1-424b-9868-57a2d4851a1d" />
    <TestEntry testId="f46fda5d-5750-4db5-4e78-e68e765afd13" executionId="eea202bf-1bc1-4e58-a1d2-9335684474ed" testListId="8c84fa94-04c1-424b-9868-57a2d4851a1d" />
    <TestEntry testId="0b3109f8-d2a8-47f7-ae01-04faf34ff615" executionId="24c7827c-2a5d-47a4-a3bc-64098dbe9135" testListId="8c84fa94-04c1-424b-9868-57a2d4851a1d" />
    <TestEntry testId="73a1b770-4a5e-0a29-6a9c-524092b48888" executionId="3f877fa8-b8c9-426f-9eaf-b50159dcd4cf" testListId="8c84fa94-04c1-424b-9868-57a2d4851a1d" />
    <TestEntry testId="9277c687-d1ec-06a3-91ef-9c2756a13404" executionId="555dad61-3c10-425b-b76c-da08a2adf060" testListId="8c84fa94-04c1-424b-9868-57a2d4851a1d" />
    <TestEntry testId="22a55186-734f-9dba-b3aa-22207bab8f2a" executionId="6476a927-ffb6-4ffe-b379-cf15f12fa38c" testListId="8c84fa94-04c1-424b-9868-57a2d4851a1d" />
    <TestEntry testId="46930332-f66d-a8f0-6df4-449ab0a9cd10" executionId="94a98917-50cd-42a4-a806-ddcbd5ca7fee" testListId="8c84fa94-04c1-424b-9868-57a2d4851a1d" />
    <TestEntry testId="eeb41d66-bc8a-3f24-dae1-82048046740c" executionId="5209ea11-5b14-48b9-adf2-e14d90a19430" testListId="8c84fa94-04c1-424b-9868-57a2d4851a1d" />
    <TestEntry testId="f3b5f62e-4f46-2207-7f46-5faefe33f536" executionId="9eaa3553-9a18-4619-9563-0650109f6220" testListId="8c84fa94-04c1-424b-9868-57a2d4851a1d" />
    <TestEntry testId="d9c1e874-b98e-f314-cfca-82dd9dc7660b" executionId="540f5ef4-dbb9-4be5-8c4a-175c9c6c31fe" testListId="8c84fa94-04c1-424b-9868-57a2d4851a1d" />
    <TestEntry testId="c6d9c40f-adc6-4edb-6a83-6f4ac42882d1" executionId="e883d6a4-2489-4b81-8eeb-3e8d0ccf1795" testListId="8c84fa94-04c1-424b-9868-57a2d4851a1d" />
    <TestEntry testId="a8ade4ba-35e4-f1b1-b29c-1221576ebc2c" executionId="6829994d-eb2f-4bf2-8533-12ba92ef856f" testListId="8c84fa94-04c1-424b-9868-57a2d4851a1d" />
    <TestEntry testId="202af691-80fb-dfa6-d9ed-de360fd56509" executionId="f05ca77e-bda4-4c1e-8186-7ab940fd9351" testListId="8c84fa94-04c1-424b-9868-57a2d4851a1d" />
    <TestEntry testId="6d5a4486-b343-0cdc-4507-2918b358e5b5" executionId="fdafa6be-2ef5-496d-82b7-245715b6fba8" testListId="8c84fa94-04c1-424b-9868-57a2d4851a1d" />
    <TestEntry testId="0c9cdc29-691b-c84f-d982-5575012bff55" executionId="5f5920db-f974-414e-820c-1669d2250d35" testListId="8c84fa94-04c1-424b-9868-57a2d4851a1d" />
    <TestEntry testId="2ea41be2-ee63-3a11-0613-d95c2f91bed0" executionId="ba17e347-e271-4120-86a9-a70fd02b8d96" testListId="8c84fa94-04c1-424b-9868-57a2d4851a1d" />
    <TestEntry testId="8a43bd3c-a801-bb4f-9167-9cddc20d64b5" executionId="403f059d-0f59-4573-b6a8-50fbb65eb9ba" testListId="8c84fa94-04c1-424b-9868-57a2d4851a1d" />
    <TestEntry testId="0b5f1728-7b8a-73cb-1723-24feb2bf7d3d" executionId="6cbcb886-46d0-4450-b0ca-7e219337fb3f" testListId="8c84fa94-04c1-424b-9868-57a2d4851a1d" />
    <TestEntry testId="4346959c-3e94-4c0e-1880-3b5ac77fbbde" executionId="341ef718-33e7-44e2-9123-144d55f04c5c" testListId="8c84fa94-04c1-424b-9868-57a2d4851a1d" />
    <TestEntry testId="b301e5a2-6274-43e4-8d33-13911ec17a00" executionId="08ef5045-8300-48af-a30e-dddad3c41ddb" testListId="8c84fa94-04c1-424b-9868-57a2d4851a1d" />
    <TestEntry testId="d93cec4f-53d9-403d-a92c-21324eed1dc2" executionId="2ae692b5-2075-4b09-ae4f-dcf6ec011cd4" testListId="8c84fa94-04c1-424b-9868-57a2d4851a1d" />
    <TestEntry testId="869c75f3-f0d3-ccd1-94b9-b347ceeefe6e" executionId="aaa0901d-0a7b-4a06-a357-3b80bb58c98c" testListId="8c84fa94-04c1-424b-9868-57a2d4851a1d" />
    <TestEntry testId="cbefd2c6-af4f-b601-5e3c-99959e055433" executionId="cb2b778f-4ec2-4bdb-89d5-009415c7bb25" testListId="8c84fa94-04c1-424b-9868-57a2d4851a1d" />
    <TestEntry testId="f886403e-9ef4-53a2-d4e1-ecec3b79370d" executionId="b392db08-a2cb-4670-802a-944cbb1ab492" testListId="8c84fa94-04c1-424b-9868-57a2d4851a1d" />
    <TestEntry testId="a5af218b-8bb2-00fd-6d22-0e1ead0c9ffa" executionId="e87bd8b8-e6f0-44d1-9fe7-dc5e3ab2afc7" testListId="8c84fa94-04c1-424b-9868-57a2d4851a1d" />
    <TestEntry testId="7b7eece1-efca-5e39-6f9c-7c2cf05500c2" executionId="82858360-dcd3-46a7-9192-a91cd4d50075" testListId="8c84fa94-04c1-424b-9868-57a2d4851a1d" />
    <TestEntry testId="ba86690a-e524-5b30-0581-e7c61fd4694c" executionId="08608cde-4117-4387-ae25-46e0eedd703d" testListId="8c84fa94-04c1-424b-9868-57a2d4851a1d" />
    <TestEntry testId="8ae62a86-1c76-a105-6718-7582f48ad523" executionId="690e2427-6016-4bff-b11c-b3c671432e41" testListId="8c84fa94-04c1-424b-9868-57a2d4851a1d" />
    <TestEntry testId="38f64a32-373c-d336-108a-9833491623db" executionId="cdd71271-5fb0-4161-8ce0-8cc3059216cb" testListId="8c84fa94-04c1-424b-9868-57a2d4851a1d" />
    <TestEntry testId="7af08328-43c6-c4ff-4de5-161f93857df3" executionId="0082e4e0-741b-486d-ad70-62aab2c7170b" testListId="8c84fa94-04c1-424b-9868-57a2d4851a1d" />
    <TestEntry testId="91a71ac4-590c-9e24-6500-b1be939120d3" executionId="7d26b353-6c71-45f3-9815-8ab2f056490e" testListId="8c84fa94-04c1-424b-9868-57a2d4851a1d" />
    <TestEntry testId="9878c4ec-2f1a-e8e4-b5a4-d9a2cba55d4b" executionId="290616af-6687-4f22-a955-fd3fb4e8fdfd" testListId="8c84fa94-04c1-424b-9868-57a2d4851a1d" />
    <TestEntry testId="2ac27a39-0887-ff83-8ecd-f4b873b52bce" executionId="ff53f313-c1fa-4ac8-847c-2e8875588491" testListId="8c84fa94-04c1-424b-9868-57a2d4851a1d" />
    <TestEntry testId="3060bcb3-7dbb-52ae-d898-6c736e92902a" executionId="10f38d8a-f0ef-4750-88a8-4ed14a2c8684" testListId="8c84fa94-04c1-424b-9868-57a2d4851a1d" />
    <TestEntry testId="ff506097-7a61-9dd6-1df2-d3c8d75a82f3" executionId="f6bf0099-32aa-401a-b414-3e1ede38714e" testListId="8c84fa94-04c1-424b-9868-57a2d4851a1d" />
    <TestEntry testId="5b0b0b21-c836-f769-4fb0-bf7c584f610d" executionId="7379fad1-095a-4897-af71-8b809fe37489" testListId="8c84fa94-04c1-424b-9868-57a2d4851a1d" />
    <TestEntry testId="28f7c59d-b5d1-8620-75b4-446e721774f0" executionId="c4ef85ea-8483-458f-bebb-2a52e3448797" testListId="8c84fa94-04c1-424b-9868-57a2d4851a1d" />
    <TestEntry testId="4f345fbb-6a64-45b0-3c3e-0ecb27e08e28" executionId="c9b1592c-e879-4b60-bc74-ee4c5dd6fd3e" testListId="8c84fa94-04c1-424b-9868-57a2d4851a1d" />
    <TestEntry testId="ab73f926-d1a2-00f0-bb5d-c38f897fb557" executionId="6dbfeb97-d97a-487c-92af-885c3766088f" testListId="8c84fa94-04c1-424b-9868-57a2d4851a1d" />
    <TestEntry testId="2944cbda-271d-8e00-031a-dd03321c1f09" executionId="171e5490-2b71-47b2-901d-19b31b0d49de" testListId="8c84fa94-04c1-424b-9868-57a2d4851a1d" />
    <TestEntry testId="ac2caede-1993-10f2-1269-ecc9a1cb91c8" executionId="23ce42e5-d92c-4b10-8bc9-ff798066f244" testListId="8c84fa94-04c1-424b-9868-57a2d4851a1d" />
    <TestEntry testId="3df7fba2-fa8b-3ca7-23f8-eddd788932a9" executionId="b8291aa3-89b6-4172-8aba-07c7c8466ff5" testListId="8c84fa94-04c1-424b-9868-57a2d4851a1d" />
    <TestEntry testId="71ed1687-d25f-f0b2-eee1-f1f69754d207" executionId="abbcafa7-2f4a-4ff1-ac6c-3d851352197a" testListId="8c84fa94-04c1-424b-9868-57a2d4851a1d" />
    <TestEntry testId="1c0d19b9-1bef-846e-5c51-324c55f41975" executionId="6cd3fc4d-ca1f-4471-bc04-09d98eab017b" testListId="8c84fa94-04c1-424b-9868-57a2d4851a1d" />
    <TestEntry testId="0857da33-b4ef-b236-6099-02a532ef2a14" executionId="2d885813-3586-4dbb-8c57-5a3cc1865a6a" testListId="8c84fa94-04c1-424b-9868-57a2d4851a1d" />
    <TestEntry testId="4cd43b66-f3f8-8df6-5266-95b6a332d485" executionId="4b26f6dd-86c2-474d-8059-873e618bffb3" testListId="8c84fa94-04c1-424b-9868-57a2d4851a1d" />
    <TestEntry testId="5d00fc9b-986f-8e7a-5894-fe21deab4d76" executionId="24f9f321-520d-4d5b-9e1b-7a364197497a" testListId="8c84fa94-04c1-424b-9868-57a2d4851a1d" />
    <TestEntry testId="475357e7-c128-1ac1-651e-32f7af1e435a" executionId="a3c30974-6013-4814-b255-3bca4f203d05" testListId="8c84fa94-04c1-424b-9868-57a2d4851a1d" />
    <TestEntry testId="12ff9ff8-18aa-7b6e-4922-4d2923a6060b" executionId="86aa9b28-326d-412e-b188-33bc95a41935" testListId="8c84fa94-04c1-424b-9868-57a2d4851a1d" />
    <TestEntry testId="8383728b-b15a-a0ae-e2d4-37daa1d150cf" executionId="1d940bc4-66e4-4e6f-a832-e39c29c79271" testListId="8c84fa94-04c1-424b-9868-57a2d4851a1d" />
    <TestEntry testId="5b0f8305-1a07-717d-f99d-cd7dc78eb59e" executionId="15b3bbe2-aa94-455a-b463-27a4d260e8aa" testListId="8c84fa94-04c1-424b-9868-57a2d4851a1d" />
    <TestEntry testId="5f7c4701-d824-4b97-c114-36e1e6a4c33e" executionId="9bc781dd-f934-4f0f-a78a-01f2a1b3b126" testListId="8c84fa94-04c1-424b-9868-57a2d4851a1d" />
    <TestEntry testId="27bf1d8f-6db2-9d4a-565f-5fca061cc8f1" executionId="a25bbf78-2cbc-43f8-9341-ba560ad6f7d5" testListId="8c84fa94-04c1-424b-9868-57a2d4851a1d" />
    <TestEntry testId="bf028da6-1617-4eb8-985e-f133f6495b1c" executionId="9b47d54d-aa7a-4933-ba9a-9c68b3c6167d" testListId="8c84fa94-04c1-424b-9868-57a2d4851a1d" />
    <TestEntry testId="fcd32eae-1929-9e13-f2a2-ebf52e2ea1bb" executionId="e68ae3ae-db6d-4643-b1c2-799aa8e7156c" testListId="8c84fa94-04c1-424b-9868-57a2d4851a1d" />
    <TestEntry testId="f2f6b3ec-eeaf-c73e-5a2e-1ef2fc174766" executionId="e0783453-789a-42f3-9171-a1b80111f22b" testListId="8c84fa94-04c1-424b-9868-57a2d4851a1d" />
    <TestEntry testId="32cab928-a934-2b6a-7a60-1dfa1c7f9abb" executionId="1eac28be-cb4d-4d18-b296-b67bc32d763b" testListId="8c84fa94-04c1-424b-9868-57a2d4851a1d" />
    <TestEntry testId="121b3ea7-a273-e796-8c2e-1aff78536d24" executionId="f5b5d959-10cd-456e-96b4-0676d0a8ceab" testListId="8c84fa94-04c1-424b-9868-57a2d4851a1d" />
    <TestEntry testId="c2f5de2f-6096-d57c-95e5-fec26b8d796d" executionId="e6205029-9b34-46e1-bef3-c1ffafa2c33b" testListId="8c84fa94-04c1-424b-9868-57a2d4851a1d" />
    <TestEntry testId="bf999a1f-994b-fb2b-0916-7df6581792db" executionId="6952441c-b2e0-49d4-aa35-21aa1ac523b0" testListId="8c84fa94-04c1-424b-9868-57a2d4851a1d" />
    <TestEntry testId="c48c7a66-1a74-12aa-2595-2e164ad6c470" executionId="a5609d4b-d583-4c86-86c7-5b2f4ce89aae" testListId="8c84fa94-04c1-424b-9868-57a2d4851a1d" />
    <TestEntry testId="a50fff13-3cd0-5b60-212f-066525a03c8a" executionId="b071a5a9-2418-493d-977d-3698d8b3224c" testListId="8c84fa94-04c1-424b-9868-57a2d4851a1d" />
    <TestEntry testId="ce884f09-4916-a854-a0cc-dbdac776383b" executionId="a083c712-dc48-4cb7-9c51-e97317ee1fc8" testListId="8c84fa94-04c1-424b-9868-57a2d4851a1d" />
    <TestEntry testId="f6b53d12-55a1-6cea-cf6b-996b794f8a7d" executionId="e5fd7796-6e58-4bd8-bc3e-c76f160c2318" testListId="8c84fa94-04c1-424b-9868-57a2d4851a1d" />
    <TestEntry testId="9a47f56b-5bfd-fc11-0334-5ee2c89f0d7c" executionId="be68ae00-7e07-4cc5-99a1-453cc4d82acc" testListId="8c84fa94-04c1-424b-9868-57a2d4851a1d" />
    <TestEntry testId="3c6f06c4-eda4-678a-9f31-78ef1574d012" executionId="63ac6fa0-82da-46ec-93b2-5a03c625e088" testListId="8c84fa94-04c1-424b-9868-57a2d4851a1d" />
    <TestEntry testId="6b94290b-4ed9-8c2a-b695-d80186249086" executionId="6c190777-d034-447b-bb5b-de7195cd1126" testListId="8c84fa94-04c1-424b-9868-57a2d4851a1d" />
    <TestEntry testId="0f9f915d-f9f9-434c-81bb-640e07bacad2" executionId="ce565684-8e74-4da1-a7ff-46638d4837d3" testListId="8c84fa94-04c1-424b-9868-57a2d4851a1d" />
    <TestEntry testId="d0ef1a67-943c-e03c-80e8-cb9d77933072" executionId="f2e88f33-b6a3-428e-87bf-b8c91484b58b" testListId="8c84fa94-04c1-424b-9868-57a2d4851a1d" />
    <TestEntry testId="ae197987-6a6c-0f53-9053-aa2a52fada6c" executionId="aa266619-b44e-497a-b819-49f4bd5c2809" testListId="8c84fa94-04c1-424b-9868-57a2d4851a1d" />
    <TestEntry testId="471622d6-a01c-acdb-82c5-f00f72212509" executionId="3626922d-64e5-4b10-b4a5-9b8e6796c0c9" testListId="8c84fa94-04c1-424b-9868-57a2d4851a1d" />
    <TestEntry testId="e08a08af-210e-a1c2-6824-5a7b54cc2338" executionId="fba49e56-ddb5-4650-8b69-bed84b4f9eb5" testListId="8c84fa94-04c1-424b-9868-57a2d4851a1d" />
    <TestEntry testId="33a7bbde-5ce9-4487-c1d1-eb748c5080db" executionId="c1aae987-c664-4e00-83b9-bfe350e31116" testListId="8c84fa94-04c1-424b-9868-57a2d4851a1d" />
    <TestEntry testId="b7f18d4e-e8c0-3285-6e79-21ddd24f3d41" executionId="c088285b-08bd-447f-8ad6-9c6f17326555" testListId="8c84fa94-04c1-424b-9868-57a2d4851a1d" />
    <TestEntry testId="44803fba-616e-b64e-f070-676eb27c9592" executionId="da05dfe9-25af-4254-a325-08b1b745d1c7" testListId="8c84fa94-04c1-424b-9868-57a2d4851a1d" />
    <TestEntry testId="3297f400-bb31-d8da-0f7d-46758c3d7554" executionId="98c2f83e-2299-4f67-abb9-98bcb1493355" testListId="8c84fa94-04c1-424b-9868-57a2d4851a1d" />
    <TestEntry testId="4b5ed4f4-cca7-3210-3b0c-b7d6cb410605" executionId="e20e6ac4-48d8-4c60-902e-1cbefa361fa5" testListId="8c84fa94-04c1-424b-9868-57a2d4851a1d" />
    <TestEntry testId="dd2018e8-67f8-175b-29d6-c073c16953d1" executionId="61ec50c1-3524-4209-9fd1-878f6a10425e" testListId="8c84fa94-04c1-424b-9868-57a2d4851a1d" />
  </TestEntries>
  <TestLists>
    <TestList name="Results Not in a List" id="8c84fa94-04c1-424b-9868-57a2d4851a1d" />
    <TestList name="All Loaded Results" id="19431567-8539-422a-85d7-44ee4e166bda" />
  </TestLists>
  <ResultSummary outcome="Completed">
    <Counters total="190" executed="190" passed="190" failed="0" error="0" timeout="0" aborted="0" inconclusive="0" passedButRunAborted="0" notRunnable="0" notExecuted="0" disconnected="0" warning="0" completed="0" inProgress="0" pending="0" />
    <Output>
      <StdOut>NUnit Adapter 4.5.0.0: Test execution started
Running all tests in /workspace/tests/FluentUIScaffold.Core.Tests/bin/Debug/net8.0/FluentUIScaffold.Core.Tests.dll
   NUnit3TestExecutor discovered 190 of 190 NUnit test cases using Current Discovery mode, Non-Explicit run
WithServerConfiguration_Removed_FromBuilder: Server configuration is now provided only to WebServerManager
WithServerConfiguration_WithNullConfiguration_Removed: Removed
WithWebServerProjectPath_IsRemoved_FromBuilder: Server config APIs removed from options builder; managed by WebServerManager
WithWebServerProjectPath_WithEmptyPath_Removed: Removed
WithWebServerProjectPath_WithNullPath_Removed: Removed
ServerConfiguration_Removed_FromOptions: Server configuration removed from options; managed by WebServerManager
WebServerProjectPath_Removed_FromOptions: Server project path removed from options; managed by WebServerManager
RegisterDetector_WithValidDetector_RegistersSuccessfully: Detector registered successfully
NUnit Adapter 4.5.0.0: Test execution complete
</StdOut>
    </Output>
    <RunInfos>
      <RunInfo computerName="cursor" outcome="Warning" timestamp="2025-08-11T23:15:53.1142482+00:00">
        <Text>PluginRegistry count before seeding: 1
PluginManager count after seeding: 1
</Text>
      </RunInfo>
      <RunInfo computerName="cursor" outcome="Warning" timestamp="2025-08-11T23:15:53.1430722+00:00">
        <Text>=== Aspire (dotnet run) ===
Builder methods:
ServerConfiguration
    .CreateAspireServer(new Uri("http://localhost:6066"), "/path/to/AspireApp.AppHost.csproj")
    .WithFramework("net9.0")
    .WithConfiguration("Release")
Run command:
dotnet run --framework net9.0 --configuration Release --no-launch-profile
Environment variables:
ASPNETCORE_ENVIRONMENT=Development
ASPNETCORE_FORWARDEDHEADERS_ENABLED=false
ASPNETCORE_HOSTINGSTARTUPASSEMBLIES=
ASPNETCORE_URLS=http://localhost:6066/
DOTNET_DASHBOARD_OTLP_ENDPOINT_URL=https://localhost:21097
DOTNET_ENVIRONMENT=Development
DOTNET_RESOURCE_SERVICE_ENDPOINT_URL=https://localhost:22268
====================

</Text>
      </RunInfo>
      <RunInfo computerName="cursor" outcome="Warning" timestamp="2025-08-11T23:15:53.1445956+00:00">
        <Text>=== Custom env vars ===
Builder methods:
.WithEnvironmentVariable("MY_SETTING", "abc").WithEnvironmentVariables(...) 
Run command:
dotnet run --framework net8.0 --configuration Release --no-launch-profile
Environment variables:
ASPNETCORE_ENVIRONMENT=Staging
ASPNETCORE_HOSTINGSTARTUPASSEMBLIES=
FOO=bar
MY_SETTING=abc
====================

</Text>
      </RunInfo>
      <RunInfo computerName="cursor" outcome="Warning" timestamp="2025-08-11T23:15:53.1470161+00:00">
        <Text>=== ASP.NET Core (dotnet run) ===
Builder methods:
ServerConfiguration
    .CreateDotNetServer(new Uri("http://localhost:5055"), "/path/to/MyApp.csproj")
    .WithFramework("net9.0")
    .WithConfiguration("Debug")
Run command:
dotnet run --framework net9.0 --configuration Debug --no-launch-profile
Environment variables:
ASPNETCORE_ENVIRONMENT=Development
ASPNETCORE_HOSTINGSTARTUPASSEMBLIES=
====================

</Text>
      </RunInfo>
      <RunInfo computerName="cursor" outcome="Warning" timestamp="2025-08-11T23:15:53.1497736+00:00">
        <Text>=== Node.js (npm run) ===
Builder methods: WithNpmScript("dev").WithNodeEnvironment("production").WithPort(7777).WithArguments("--", "--open")
npm start dev -- --open
NODE_ENV=production
PORT=7777
====================

</Text>
      </RunInfo>
      <RunInfo computerName="cursor" outcome="Warning" timestamp="2025-08-11T23:15:53.1498873+00:00">
        <Text>=== SPA proxy enabled ===
Builder methods:
.WithSpaProxy(true)
Run command:
dotnet run --framework net8.0 --configuration Release --no-launch-profile
Environment variables:
ASPNETCORE_ENVIRONMENT=Development
ASPNETCORE_HOSTINGSTARTUPASSEMBLIES=Microsoft.AspNetCore.SpaProxy
====================

=== SPA proxy disabled ===
Builder methods:
.WithSpaProxy(false)
Run command:
dotnet run --framework net8.0 --configuration Release --no-launch-profile
Environment variables:
ASPNETCORE_ENVIRONMENT=Development
ASPNETCORE_HOSTINGSTARTUPASSEMBLIES=
====================

</Text>
      </RunInfo>
      <RunInfo computerName="cursor" outcome="Warning" timestamp="2025-08-11T23:15:53.1502478+00:00">
        <Text>=== WebApplicationFactory (fallback to dotnet run) ===
Builder methods:
.WithFramework("net9.0").WithConfiguration("Debug")
Run command:
dotnet run --framework net9.0 --configuration Debug --no-launch-profile
Environment variables:
ASPNETCORE_HOSTINGSTARTUPASSEMBLIES=
====================

</Text>
      </RunInfo>
    </RunInfos>
    <CollectorDataEntries>
      <Collector agentName="cursor" uri="datacollector://microsoft/CoverletCodeCoverage/1.0" collectorDisplayName="XPlat code coverage">
        <UriAttachments>
          <UriAttachment>
            <A href="cursor/coverage.cobertura.xml"></A>
          </UriAttachment>
        </UriAttachments>
      </Collector>
    </CollectorDataEntries>
  </ResultSummary>
</TestRun>