<?xml version="1.0" encoding="utf-8"?>
<TestRun id="75fd9ce4-a6f0-4351-bd3f-74f23cae8d62" name="@cursor 2025-08-11 11:37:33" xmlns="http://microsoft.com/schemas/VisualStudio/TeamTest/2010">
  <Times creation="2025-08-11T11:37:33.2139637+00:00" queuing="2025-08-11T11:37:33.2139637+00:00" start="2025-08-11T11:37:31.2104237+00:00" finish="2025-08-11T11:37:33.7061306+00:00" />
  <TestSettings name="default" id="b82fb2b0-549e-4dc1-8f22-5cc9f9c02d7f">
    <Deployment runDeploymentRoot="_cursor_2025-08-11_11_37_33" />
  </TestSettings>
  <Results>
    <UnitTestResult executionId="927eaccf-818b-461a-ad22-1eb40b026150" testId="c288cdf5-4c17-bd42-bf19-8d1a299a2747" testName="LastOrDefault_WithEmptyCollection_ShouldReturnNull" computerName="cursor" duration="00:00:00.0002590" startTime="2025-08-11T11:37:33.2126498+00:00" endTime="2025-08-11T11:37:33.2129088+00:00" testType="13cdc9d9-ddb5-4fa4-a97d-d965ccfc6d4b" outcome="Passed" testListId="8c84fa94-04c1-424b-9868-57a2d4851a1d" relativeResultsDirectory="927eaccf-818b-461a-ad22-1eb40b026150" />
    <UnitTestResult executionId="f65197a1-ade4-4d57-aee2-f52d24356d71" testId="6bd0c540-38a9-699a-6e83-30afb294a184" testName="Constructor_WithNullOptions_ThrowsException" computerName="cursor" duration="00:00:00.0009720" startTime="2025-08-11T11:37:33.2657726+00:00" endTime="2025-08-11T11:37:33.2667447+00:00" testType="13cdc9d9-ddb5-4fa4-a97d-d965ccfc6d4b" outcome="Passed" testListId="8c84fa94-04c1-424b-9868-57a2d4851a1d" relativeResultsDirectory="f65197a1-ade4-4d57-aee2-f52d24356d71" />
    <UnitTestResult executionId="7b1e939a-a383-432c-b18e-8d133768fa0d" testId="ab102e48-216b-a6e1-6a1e-ce5492770c81" testName="ValidatePlugins_WithInvalidPlugin_ThrowsPluginException" computerName="cursor" duration="00:00:00.0005999" startTime="2025-08-11T11:37:33.4165241+00:00" endTime="2025-08-11T11:37:33.4171238+00:00" testType="13cdc9d9-ddb5-4fa4-a97d-d965ccfc6d4b" outcome="Passed" testListId="8c84fa94-04c1-424b-9868-57a2d4851a1d" relativeResultsDirectory="7b1e939a-a383-432c-b18e-8d133768fa0d" />
    <UnitTestResult executionId="9b7ac306-a391-4b3d-9a3b-9162b6c293f4" testId="179ad534-942e-3d0d-8cd9-ff68b706f3bf" testName="IsSelected_ShouldReturnFalse" computerName="cursor" duration="00:00:00.0001399" startTime="2025-08-11T11:37:33.2304689+00:00" endTime="2025-08-11T11:37:33.2306091+00:00" testType="13cdc9d9-ddb5-4fa4-a97d-d965ccfc6d4b" outcome="Passed" testListId="8c84fa94-04c1-424b-9868-57a2d4851a1d" relativeResultsDirectory="9b7ac306-a391-4b3d-9a3b-9162b6c293f4" />
    <UnitTestResult executionId="e5b859f1-9751-45f1-846f-355240e27137" testId="0f9f915d-f9f9-434c-81bb-640e07bacad2" testName="Constructor_WithValidParameters_ShouldInitializeFactory" computerName="cursor" duration="00:00:00.0000699" startTime="2025-08-11T11:37:33.2149646+00:00" endTime="2025-08-11T11:37:33.2150342+00:00" testType="13cdc9d9-ddb5-4fa4-a97d-d965ccfc6d4b" outcome="Passed" testListId="8c84fa94-04c1-424b-9868-57a2d4851a1d" relativeResultsDirectory="e5b859f1-9751-45f1-846f-355240e27137" />
    <UnitTestResult executionId="e9b30b12-ce4a-468f-b3cc-395450560d15" testId="ce884f09-4916-a854-a0cc-dbdac776383b" testName="WithServerConfiguration_Removed_FromBuilder" computerName="cursor" duration="00:00:00.0003590" startTime="2025-08-11T11:37:33.2630288+00:00" endTime="2025-08-11T11:37:33.2633874+00:00" testType="13cdc9d9-ddb5-4fa4-a97d-d965ccfc6d4b" outcome="Passed" testListId="8c84fa94-04c1-424b-9868-57a2d4851a1d" relativeResultsDirectory="e9b30b12-ce4a-468f-b3cc-395450560d15">
      <Output>
        <StdOut>Server configuration is now provided only to WebServerManager</StdOut>
      </Output>
    </UnitTestResult>
    <UnitTestResult executionId="669604b7-5bf7-4ef3-ab7d-59d3274e7d67" testId="d93cec4f-53d9-403d-a92c-21324eed1dc2" testName="FilterByAttribute_WithNoMatchingAttribute_ShouldReturnEmptyCollection" computerName="cursor" duration="00:00:00.0001820" startTime="2025-08-11T11:37:33.2063244+00:00" endTime="2025-08-11T11:37:33.2065068+00:00" testType="13cdc9d9-ddb5-4fa4-a97d-d965ccfc6d4b" outcome="Passed" testListId="8c84fa94-04c1-424b-9868-57a2d4851a1d" relativeResultsDirectory="669604b7-5bf7-4ef3-ab7d-59d3274e7d67" />
    <UnitTestResult executionId="dd2c5588-4023-4428-a231-281c5b7513b5" testId="d9747d07-b571-8346-80a3-fe62a8b92e46" testName="WithWebServerProjectPath_IsRemoved_FromBuilder" computerName="cursor" duration="00:00:00.0002340" startTime="2025-08-11T11:37:33.2644136+00:00" endTime="2025-08-11T11:37:33.2646472+00:00" testType="13cdc9d9-ddb5-4fa4-a97d-d965ccfc6d4b" outcome="Passed" testListId="8c84fa94-04c1-424b-9868-57a2d4851a1d" relativeResultsDirectory="dd2c5588-4023-4428-a231-281c5b7513b5">
      <Output>
        <StdOut>Server config APIs removed from options builder; managed by WebServerManager</StdOut>
      </Output>
    </UnitTestResult>
    <UnitTestResult executionId="f135d040-5eca-45e0-9273-1ed45d044ac0" testId="446583bb-1a0c-a601-da8c-b6db446288a3" testName="WithCustomWait_ShouldSetCustomWaitCondition" computerName="cursor" duration="00:00:00.0002070" startTime="2025-08-11T11:37:33.1847902+00:00" endTime="2025-08-11T11:37:33.1849971+00:00" testType="13cdc9d9-ddb5-4fa4-a97d-d965ccfc6d4b" outcome="Passed" testListId="8c84fa94-04c1-424b-9868-57a2d4851a1d" relativeResultsDirectory="f135d040-5eca-45e0-9273-1ed45d044ac0" />
    <UnitTestResult executionId="588da414-a39d-43ec-936a-133b896c4d3a" testId="8ae62a86-1c76-a105-6718-7582f48ad523" testName="WithRetryInterval_ShouldSetRetryInterval" computerName="cursor" duration="00:00:00.0000970" startTime="2025-08-11T11:37:33.1854667+00:00" endTime="2025-08-11T11:37:33.1855632+00:00" testType="13cdc9d9-ddb5-4fa4-a97d-d965ccfc6d4b" outcome="Passed" testListId="8c84fa94-04c1-424b-9868-57a2d4851a1d" relativeResultsDirectory="588da414-a39d-43ec-936a-133b896c4d3a" />
    <UnitTestResult executionId="533b3aac-9b19-4c41-858a-adb6a38d15bc" testId="5bf46c48-3055-37d6-fef8-c9d126207b04" testName="Constructor_WithLogger_CreatesInstance" computerName="cursor" duration="00:00:00.0035690" startTime="2025-08-11T11:37:33.4102260+00:00" endTime="2025-08-11T11:37:33.4137947+00:00" testType="13cdc9d9-ddb5-4fa4-a97d-d965ccfc6d4b" outcome="Passed" testListId="8c84fa94-04c1-424b-9868-57a2d4851a1d" relativeResultsDirectory="533b3aac-9b19-4c41-858a-adb6a38d15bc" />
    <UnitTestResult executionId="e0dd5cad-7b59-44c7-9f19-3d2bc67e394b" testId="121b3ea7-a273-e796-8c2e-1aff78536d24" testName="Click_ShouldCallDriverClick" computerName="cursor" duration="00:00:00.0065680" startTime="2025-08-11T11:37:33.2184990+00:00" endTime="2025-08-11T11:37:33.2250663+00:00" testType="13cdc9d9-ddb5-4fa4-a97d-d965ccfc6d4b" outcome="Passed" testListId="8c84fa94-04c1-424b-9868-57a2d4851a1d" relativeResultsDirectory="e0dd5cad-7b59-44c7-9f19-3d2bc67e394b" />
    <UnitTestResult executionId="c6b46d83-c8bb-4e89-b404-b2bcb42124d1" testId="e694388c-e9b9-a1d2-ef93-70adf5bded0d" testName="WithBaseUrl_WithValidUrl_SetsBaseUrl" computerName="cursor" duration="00:00:00.0002100" startTime="2025-08-11T11:37:33.2595089+00:00" endTime="2025-08-11T11:37:33.2597193+00:00" testType="13cdc9d9-ddb5-4fa4-a97d-d965ccfc6d4b" outcome="Passed" testListId="8c84fa94-04c1-424b-9868-57a2d4851a1d" relativeResultsDirectory="c6b46d83-c8bb-4e89-b404-b2bcb42124d1" />
    <UnitTestResult executionId="45e7405b-b31c-4e60-94b9-981e063a0224" testId="f2c0b89c-869a-b8e1-4f97-bcdc75425150" testName="FilterByText_WithMatchingText_ShouldReturnFilteredCollection" computerName="cursor" duration="00:00:00.0002300" startTime="2025-08-11T11:37:33.2077361+00:00" endTime="2025-08-11T11:37:33.2079657+00:00" testType="13cdc9d9-ddb5-4fa4-a97d-d965ccfc6d4b" outcome="Passed" testListId="8c84fa94-04c1-424b-9868-57a2d4851a1d" relativeResultsDirectory="45e7405b-b31c-4e60-94b9-981e063a0224" />
    <UnitTestResult executionId="4a44b97d-8b6b-4806-9317-a86799111091" testId="7ca0cb73-aeb1-887f-1af1-2afb19198c6a" testName="AspNetCore_ServerSpecificUrlsInjectedIntoStartInfo" computerName="cursor" duration="00:00:00.0002310" startTime="2025-08-11T11:37:33.4206505+00:00" endTime="2025-08-11T11:37:33.4208819+00:00" testType="13cdc9d9-ddb5-4fa4-a97d-d965ccfc6d4b" outcome="Passed" testListId="8c84fa94-04c1-424b-9868-57a2d4851a1d" relativeResultsDirectory="4a44b97d-8b6b-4806-9317-a86799111091" />
    <UnitTestResult executionId="ae6cc6d0-a956-4bd3-ba46-6620a1d85433" testId="7f949d80-13b6-78ce-6336-64f88eac33b7" testName="FilterByText_WithNoMatchingText_ShouldReturnEmptyCollection" computerName="cursor" duration="00:00:00.0002290" startTime="2025-08-11T11:37:33.2079878+00:00" endTime="2025-08-11T11:37:33.2082169+00:00" testType="13cdc9d9-ddb5-4fa4-a97d-d965ccfc6d4b" outcome="Passed" testListId="8c84fa94-04c1-424b-9868-57a2d4851a1d" relativeResultsDirectory="ae6cc6d0-a956-4bd3-ba46-6620a1d85433" />
    <UnitTestResult executionId="f2a17510-b95a-40f7-9de6-9ead0e799669" testId="c6d9c40f-adc6-4edb-6a83-6f4ac42882d1" testName="GetAttribute_ShouldReturnEmptyString" computerName="cursor" duration="00:00:00.0005370" startTime="2025-08-11T11:37:33.2272107+00:00" endTime="2025-08-11T11:37:33.2277479+00:00" testType="13cdc9d9-ddb5-4fa4-a97d-d965ccfc6d4b" outcome="Passed" testListId="8c84fa94-04c1-424b-9868-57a2d4851a1d" relativeResultsDirectory="f2a17510-b95a-40f7-9de6-9ead0e799669" />
    <UnitTestResult executionId="f0c6b4ec-526b-4691-a1e0-3c0d910bd822" testId="3c6ae5e7-2078-93c7-0cb9-170c4974fe27" testName="WithSlowMo_WithValidValue_SetsSlowMo" computerName="cursor" duration="00:00:00.0001499" startTime="2025-08-11T11:37:33.2639254+00:00" endTime="2025-08-11T11:37:33.2640754+00:00" testType="13cdc9d9-ddb5-4fa4-a97d-d965ccfc6d4b" outcome="Passed" testListId="8c84fa94-04c1-424b-9868-57a2d4851a1d" relativeResultsDirectory="f0c6b4ec-526b-4691-a1e0-3c0d910bd822" />
    <UnitTestResult executionId="15df6223-2a47-44c4-9fcf-a7b584e2989d" testId="8f39af80-f58e-71ee-14e2-037e33d2ca9e" testName="ClearCache_ShouldRemoveAllElements" computerName="cursor" duration="00:00:00.0005599" startTime="2025-08-11T11:37:33.2137837+00:00" endTime="2025-08-11T11:37:33.2143439+00:00" testType="13cdc9d9-ddb5-4fa4-a97d-d965ccfc6d4b" outcome="Passed" testListId="8c84fa94-04c1-424b-9868-57a2d4851a1d" relativeResultsDirectory="15df6223-2a47-44c4-9fcf-a7b584e2989d" />
    <UnitTestResult executionId="75bfb4b0-6c1e-48f5-879f-c414b41382d9" testId="f1c510fe-f632-6958-5421-3d34e26a9b68" testName="GetOrCreateElement_WithNewKey_ShouldCreateAndCacheElement" computerName="cursor" duration="00:00:00.0002860" startTime="2025-08-11T11:37:33.2165941+00:00" endTime="2025-08-11T11:37:33.2168798+00:00" testType="13cdc9d9-ddb5-4fa4-a97d-d965ccfc6d4b" outcome="Passed" testListId="8c84fa94-04c1-424b-9868-57a2d4851a1d" relativeResultsDirectory="75bfb4b0-6c1e-48f5-879f-c414b41382d9" />
    <UnitTestResult executionId="438acaf7-624e-4f5c-aefe-ff1a6138ae2d" testId="5dbab36b-8bf9-b94a-886b-0679437303ac" testName="Build_WithInvalidConfiguration_ThrowsException" computerName="cursor" duration="00:00:00.0004000" startTime="2025-08-11T11:37:33.2428806+00:00" endTime="2025-08-11T11:37:33.2432804+00:00" testType="13cdc9d9-ddb5-4fa4-a97d-d965ccfc6d4b" outcome="Passed" testListId="8c84fa94-04c1-424b-9868-57a2d4851a1d" relativeResultsDirectory="438acaf7-624e-4f5c-aefe-ff1a6138ae2d" />
    <UnitTestResult executionId="82c9ba05-65dd-4b47-ace7-486434efcc35" testId="dddb8e0d-1bc6-fd59-4ffa-24cd6ce629ee" testName="IsCached_WithExistingKey_ShouldReturnTrue" computerName="cursor" duration="00:00:00.0000880" startTime="2025-08-11T11:37:33.2172719+00:00" endTime="2025-08-11T11:37:33.2173600+00:00" testType="13cdc9d9-ddb5-4fa4-a97d-d965ccfc6d4b" outcome="Passed" testListId="8c84fa94-04c1-424b-9868-57a2d4851a1d" relativeResultsDirectory="82c9ba05-65dd-4b47-ace7-486434efcc35" />
    <UnitTestResult executionId="dad23614-14c8-4223-b093-cdeaf5972b9d" testId="b16522d5-763c-5079-f175-3132fe0bb3ec" testName="GetPlugins_ReturnsReadOnlyCollection" computerName="cursor" duration="00:00:00.0003050" startTime="2025-08-11T11:37:33.4148908+00:00" endTime="2025-08-11T11:37:33.4151961+00:00" testType="13cdc9d9-ddb5-4fa4-a97d-d965ccfc6d4b" outcome="Passed" testListId="8c84fa94-04c1-424b-9868-57a2d4851a1d" relativeResultsDirectory="dad23614-14c8-4223-b093-cdeaf5972b9d" />
    <UnitTestResult executionId="4a42a298-4d43-4540-b121-fb38cff82098" testId="c2f5de2f-6096-d57c-95e5-fec26b8d796d" testName="Constructor_WithNullElements_ShouldInitializeEmptyCollection" computerName="cursor" duration="00:00:00.0003750" startTime="2025-08-11T11:37:33.1975506+00:00" endTime="2025-08-11T11:37:33.1979254+00:00" testType="13cdc9d9-ddb5-4fa4-a97d-d965ccfc6d4b" outcome="Passed" testListId="8c84fa94-04c1-424b-9868-57a2d4851a1d" relativeResultsDirectory="4a42a298-4d43-4540-b121-fb38cff82098" />
    <UnitTestResult executionId="f1ef762c-701b-4cdd-a437-771b0de06253" testId="3972325b-780e-8149-0501-afcdb2e51733" testName="IsEnabled_ShouldCallDriverIsEnabled" computerName="cursor" duration="00:00:00.0005830" startTime="2025-08-11T11:37:33.2298705+00:00" endTime="2025-08-11T11:37:33.2304532+00:00" testType="13cdc9d9-ddb5-4fa4-a97d-d965ccfc6d4b" outcome="Passed" testListId="8c84fa94-04c1-424b-9868-57a2d4851a1d" relativeResultsDirectory="f1ef762c-701b-4cdd-a437-771b0de06253" />
    <UnitTestResult executionId="896db0da-5862-491b-a2b6-f854890c496b" testId="e46f5d7d-393e-88b9-1a00-80ae274b5f6e" testName="RegisterElement_WithNullKey_ShouldThrowArgumentException" computerName="cursor" duration="00:00:00.0001570" startTime="2025-08-11T11:37:33.2178466+00:00" endTime="2025-08-11T11:37:33.2180035+00:00" testType="13cdc9d9-ddb5-4fa4-a97d-d965ccfc6d4b" outcome="Passed" testListId="8c84fa94-04c1-424b-9868-57a2d4851a1d" relativeResultsDirectory="896db0da-5862-491b-a2b6-f854890c496b" />
    <UnitTestResult executionId="11a71ddf-9921-470b-900d-26c7742eb4f5" testId="6343243c-dfd7-4b0b-0e3c-4021f44a4a0d" testName="WaitFor_WithClickableStrategy_ShouldCallWaitForClickable" computerName="cursor" duration="00:00:00.0003570" startTime="2025-08-11T11:37:33.2323959+00:00" endTime="2025-08-11T11:37:33.2327523+00:00" testType="13cdc9d9-ddb5-4fa4-a97d-d965ccfc6d4b" outcome="Passed" testListId="8c84fa94-04c1-424b-9868-57a2d4851a1d" relativeResultsDirectory="11a71ddf-9921-470b-900d-26c7742eb4f5" />
    <UnitTestResult executionId="e6cf5093-2e1a-4bf0-ab42-e1dc5a360c8d" testId="99f01ded-3ca2-e651-a7da-fe562e1e4884" testName="WithDefaultWaitTimeout_WithValidTimeout_SetsDefaultWaitTimeout" computerName="cursor" duration="00:00:00.0001460" startTime="2025-08-11T11:37:33.2598605+00:00" endTime="2025-08-11T11:37:33.2600069+00:00" testType="13cdc9d9-ddb5-4fa4-a97d-d965ccfc6d4b" outcome="Passed" testListId="8c84fa94-04c1-424b-9868-57a2d4851a1d" relativeResultsDirectory="e6cf5093-2e1a-4bf0-ab42-e1dc5a360c8d" />
    <UnitTestResult executionId="d5a5812d-4607-454b-b732-2f3df2423243" testId="6112ca55-caad-863b-bca3-e844e296c7b3" testName="CreateElement_WithValidSelector_ShouldReturnElement" computerName="cursor" duration="00:00:00.0001080" startTime="2025-08-11T11:37:33.2160686+00:00" endTime="2025-08-11T11:37:33.2161765+00:00" testType="13cdc9d9-ddb5-4fa4-a97d-d965ccfc6d4b" outcome="Passed" testListId="8c84fa94-04c1-424b-9868-57a2d4851a1d" relativeResultsDirectory="d5a5812d-4607-454b-b732-2f3df2423243" />
    <UnitTestResult executionId="94691a4e-0afe-42b3-8a91-685bbf2392df" testId="22a55186-734f-9dba-b3aa-22207bab8f2a" testName="RegisterPlugin_WithValidPluginType_RegistersPlugin" computerName="cursor" duration="00:00:00.0001770" startTime="2025-08-11T11:37:33.4163394+00:00" endTime="2025-08-11T11:37:33.4165162+00:00" testType="13cdc9d9-ddb5-4fa4-a97d-d965ccfc6d4b" outcome="Passed" testListId="8c84fa94-04c1-424b-9868-57a2d4851a1d" relativeResultsDirectory="94691a4e-0afe-42b3-8a91-685bbf2392df" />
    <UnitTestResult executionId="558b5f67-e814-4a73-a1b8-e678e5d7f725" testId="1c8b7bab-7237-42e0-5fb5-c55615089994" testName="RegisterElement_WithValidParameters_ShouldCacheElement" computerName="cursor" duration="00:00:00.0001290" startTime="2025-08-11T11:37:33.2180102+00:00" endTime="2025-08-11T11:37:33.2181393+00:00" testType="13cdc9d9-ddb5-4fa4-a97d-d965ccfc6d4b" outcome="Passed" testListId="8c84fa94-04c1-424b-9868-57a2d4851a1d" relativeResultsDirectory="558b5f67-e814-4a73-a1b8-e678e5d7f725" />
    <UnitTestResult executionId="d6b92b69-ea16-435f-ab9c-520dbb4c785e" testId="c9f61712-9fd7-d6bb-db15-07624030c6e4" testName="Last_WithEmptyCollection_ShouldThrowInvalidOperationException" computerName="cursor" duration="00:00:00.0003710" startTime="2025-08-11T11:37:33.2119451+00:00" endTime="2025-08-11T11:37:33.2123155+00:00" testType="13cdc9d9-ddb5-4fa4-a97d-d965ccfc6d4b" outcome="Passed" testListId="8c84fa94-04c1-424b-9868-57a2d4851a1d" relativeResultsDirectory="d6b92b69-ea16-435f-ab9c-520dbb4c785e" />
    <UnitTestResult executionId="ed3e06dc-e5d5-483b-b2fe-a3c40eb82e51" testId="38f64a32-373c-d336-108a-9833491623db" testName="CreateElement_WithConfiguration_ShouldReturnConfiguredElement" computerName="cursor" duration="00:00:00.0004530" startTime="2025-08-11T11:37:33.2150388+00:00" endTime="2025-08-11T11:37:33.2154912+00:00" testType="13cdc9d9-ddb5-4fa4-a97d-d965ccfc6d4b" outcome="Passed" testListId="8c84fa94-04c1-424b-9868-57a2d4851a1d" relativeResultsDirectory="ed3e06dc-e5d5-483b-b2fe-a3c40eb82e51" />
    <UnitTestResult executionId="adeb52ae-728e-43ab-afee-59de37273207" testId="2944cbda-271d-8e00-031a-dd03321c1f09" testName="WithHeadlessMode_WithValidValue_SetsHeadlessMode" computerName="cursor" duration="00:00:00.0003410" startTime="2025-08-11T11:37:33.2626751+00:00" endTime="2025-08-11T11:37:33.2630158+00:00" testType="13cdc9d9-ddb5-4fa4-a97d-d965ccfc6d4b" outcome="Passed" testListId="8c84fa94-04c1-424b-9868-57a2d4851a1d" relativeResultsDirectory="adeb52ae-728e-43ab-afee-59de37273207" />
    <UnitTestResult executionId="b2998d70-6214-4643-a316-da481007dc66" testId="2c985496-df4a-5947-e2dc-50422705efcf" testName="SlowMo_WithValidValue_SetsSlowMo" computerName="cursor" duration="00:00:00.0001530" startTime="2025-08-11T11:37:33.3993012+00:00" endTime="2025-08-11T11:37:33.3994544+00:00" testType="13cdc9d9-ddb5-4fa4-a97d-d965ccfc6d4b" outcome="Passed" testListId="8c84fa94-04c1-424b-9868-57a2d4851a1d" relativeResultsDirectory="b2998d70-6214-4643-a316-da481007dc66" />
    <UnitTestResult executionId="b281719d-d3d4-4552-93d6-67431e38f277" testId="9878c4ec-2f1a-e8e4-b5a4-d9a2cba55d4b" testName="WithAttribute_WithEmptyName_ShouldThrowArgumentException" computerName="cursor" duration="00:00:00.0002540" startTime="2025-08-11T11:37:33.1842152+00:00" endTime="2025-08-11T11:37:33.1844688+00:00" testType="13cdc9d9-ddb5-4fa4-a97d-d965ccfc6d4b" outcome="Passed" testListId="8c84fa94-04c1-424b-9868-57a2d4851a1d" relativeResultsDirectory="b281719d-d3d4-4552-93d6-67431e38f277" />
    <UnitTestResult executionId="363f12cb-4b43-4369-9b92-9363e5f91fb2" testId="a646cbbd-eb04-f9aa-5695-780998d26368" testName="WithDescription_ShouldSetDescription" computerName="cursor" duration="00:00:00.0001540" startTime="2025-08-11T11:37:33.1851877+00:00" endTime="2025-08-11T11:37:33.1853419+00:00" testType="13cdc9d9-ddb5-4fa4-a97d-d965ccfc6d4b" outcome="Passed" testListId="8c84fa94-04c1-424b-9868-57a2d4851a1d" relativeResultsDirectory="363f12cb-4b43-4369-9b92-9363e5f91fb2" />
    <UnitTestResult executionId="c0a76205-45cd-4c0b-b9f8-d0ce2e01d5d6" testId="2d7af110-a47a-3498-5f06-ff20a980bae8" testName="Constructor_WithValidParameters_ShouldInitializeWithDefaultValues" computerName="cursor" duration="00:00:00.0004580" startTime="2025-08-11T11:37:33.1830792+00:00" endTime="2025-08-11T11:37:33.1835373+00:00" testType="13cdc9d9-ddb5-4fa4-a97d-d965ccfc6d4b" outcome="Passed" testListId="8c84fa94-04c1-424b-9868-57a2d4851a1d" relativeResultsDirectory="c0a76205-45cd-4c0b-b9f8-d0ce2e01d5d6" />
    <UnitTestResult executionId="20b57800-b2e4-4cc6-be09-aa04cf5febe3" testId="46930332-f66d-a8f0-6df4-449ab0a9cd10" testName="Indexer_WithNegativeIndex_ShouldThrowArgumentOutOfRangeException" computerName="cursor" duration="00:00:00.0002830" startTime="2025-08-11T11:37:33.2114079+00:00" endTime="2025-08-11T11:37:33.2116908+00:00" testType="13cdc9d9-ddb5-4fa4-a97d-d965ccfc6d4b" outcome="Passed" testListId="8c84fa94-04c1-424b-9868-57a2d4851a1d" relativeResultsDirectory="20b57800-b2e4-4cc6-be09-aa04cf5febe3" />
    <UnitTestResult executionId="490d0e54-2058-4144-a46d-698f77741ca9" testId="11c6e8b9-63df-e19b-bf9f-452e7d9c0dd7" testName="WithBaseUrl_WithNullUrl_ThrowsException" computerName="cursor" duration="00:00:00.0001940" startTime="2025-08-11T11:37:33.2593082+00:00" endTime="2025-08-11T11:37:33.2595018+00:00" testType="13cdc9d9-ddb5-4fa4-a97d-d965ccfc6d4b" outcome="Passed" testListId="8c84fa94-04c1-424b-9868-57a2d4851a1d" relativeResultsDirectory="490d0e54-2058-4144-a46d-698f77741ca9" />
    <UnitTestResult executionId="0ce6d941-7a04-44e1-9fbe-bd7113eeaf52" testId="dd8f8349-d619-3359-a263-b07e1bc2b428" testName="Indexer_WithIndexGreaterThanCount_ShouldThrowArgumentOutOfRangeException" computerName="cursor" duration="00:00:00.0003530" startTime="2025-08-11T11:37:33.2110441+00:00" endTime="2025-08-11T11:37:33.2113968+00:00" testType="13cdc9d9-ddb5-4fa4-a97d-d965ccfc6d4b" outcome="Passed" testListId="8c84fa94-04c1-424b-9868-57a2d4851a1d" relativeResultsDirectory="0ce6d941-7a04-44e1-9fbe-bd7113eeaf52" />
    <UnitTestResult executionId="e2f49158-cd8b-4484-851d-ce5ef0cdb4dc" testId="bba98ce8-0e46-19a1-add2-e0e6659866ca" testName="Constructor_WithNoParameters_CreatesInstance" computerName="cursor" duration="00:00:00.0000989" startTime="2025-08-11T11:37:33.2440504+00:00" endTime="2025-08-11T11:37:33.2441482+00:00" testType="13cdc9d9-ddb5-4fa4-a97d-d965ccfc6d4b" outcome="Passed" testListId="8c84fa94-04c1-424b-9868-57a2d4851a1d" relativeResultsDirectory="e2f49158-cd8b-4484-851d-ce5ef0cdb4dc" />
    <UnitTestResult executionId="0df34d1e-98f1-463e-b2f8-587ae73f4124" testId="5d00fc9b-986f-8e7a-5894-fe21deab4d76" testName="FilterByText_WithEmptyText_ShouldReturnEmptyCollection" computerName="cursor" duration="00:00:00.0003030" startTime="2025-08-11T11:37:33.2074217+00:00" endTime="2025-08-11T11:37:33.2077246+00:00" testType="13cdc9d9-ddb5-4fa4-a97d-d965ccfc6d4b" outcome="Passed" testListId="8c84fa94-04c1-424b-9868-57a2d4851a1d" relativeResultsDirectory="0df34d1e-98f1-463e-b2f8-587ae73f4124" />
    <UnitTestResult executionId="211cb2cd-21ca-4801-99fd-4463abaa1452" testId="179b7383-7c66-19a3-5099-a84ccfda3312" testName="GetText_ShouldCallDriverGetText" computerName="cursor" duration="00:00:00.0006680" startTime="2025-08-11T11:37:33.2278762+00:00" endTime="2025-08-11T11:37:33.2285437+00:00" testType="13cdc9d9-ddb5-4fa4-a97d-d965ccfc6d4b" outcome="Passed" testListId="8c84fa94-04c1-424b-9868-57a2d4851a1d" relativeResultsDirectory="211cb2cd-21ca-4801-99fd-4463abaa1452" />
    <UnitTestResult executionId="0b3d6a62-99f0-4684-a048-804cc7b03348" testId="ddff61cf-6c8e-562e-62f7-c9fb5ab0fb05" testName="Constructor_WithValidOptions_CreatesInstance" computerName="cursor" duration="00:00:00.1314890" startTime="2025-08-11T11:37:33.2667623+00:00" endTime="2025-08-11T11:37:33.3982511+00:00" testType="13cdc9d9-ddb5-4fa4-a97d-d965ccfc6d4b" outcome="Passed" testListId="8c84fa94-04c1-424b-9868-57a2d4851a1d" relativeResultsDirectory="0b3d6a62-99f0-4684-a048-804cc7b03348">
      <Output>
        <StdOut>PluginRegistry count before seeding: 1
PluginManager count after seeding: 1</StdOut>
      </Output>
    </UnitTestResult>
    <UnitTestResult executionId="254620fe-b4a9-4223-8100-a92da1cff499" testId="f46fda5d-5750-4db5-4e78-e68e765afd13" testName="Register_SamePluginTypeTwice_DeduplicatesByType" computerName="cursor" duration="00:00:00.0001860" startTime="2025-08-11T11:37:33.4174534+00:00" endTime="2025-08-11T11:37:33.4176397+00:00" testType="13cdc9d9-ddb5-4fa4-a97d-d965ccfc6d4b" outcome="Passed" testListId="8c84fa94-04c1-424b-9868-57a2d4851a1d" relativeResultsDirectory="254620fe-b4a9-4223-8100-a92da1cff499" />
    <UnitTestResult executionId="04b23fb5-2389-49bf-b63c-0896f79ffa0e" testId="63abd0f8-5814-164f-7950-4ad186521ab4" testName="CreateDriver_WithNoPlugins_ThrowsFluentUIScaffoldPluginException" computerName="cursor" duration="00:00:00.0004150" startTime="2025-08-11T11:37:33.4138125+00:00" endTime="2025-08-11T11:37:33.4142270+00:00" testType="13cdc9d9-ddb5-4fa4-a97d-d965ccfc6d4b" outcome="Passed" testListId="8c84fa94-04c1-424b-9868-57a2d4851a1d" relativeResultsDirectory="04b23fb5-2389-49bf-b63c-0896f79ffa0e" />
    <UnitTestResult executionId="ce38b123-1acd-4f02-99e3-c9a5eb25f9fe" testId="95cf8d21-caaa-bf90-a4bb-f43f9e880ae1" testName="IsDisplayed_ShouldReturnIsVisibleResult" computerName="cursor" duration="00:00:00.0012950" startTime="2025-08-11T11:37:33.2285595+00:00" endTime="2025-08-11T11:37:33.2298541+00:00" testType="13cdc9d9-ddb5-4fa4-a97d-d965ccfc6d4b" outcome="Passed" testListId="8c84fa94-04c1-424b-9868-57a2d4851a1d" relativeResultsDirectory="ce38b123-1acd-4f02-99e3-c9a5eb25f9fe" />
    <UnitTestResult executionId="8dc3ab33-b9cb-4d98-b1aa-2b0b3ac47ac4" testId="37cb0dcf-4168-cbb7-f50e-73ed6d374e4a" testName="GetCssValue_ShouldReturnEmptyString" computerName="cursor" duration="00:00:00.0001110" startTime="2025-08-11T11:37:33.2277594+00:00" endTime="2025-08-11T11:37:33.2278700+00:00" testType="13cdc9d9-ddb5-4fa4-a97d-d965ccfc6d4b" outcome="Passed" testListId="8c84fa94-04c1-424b-9868-57a2d4851a1d" relativeResultsDirectory="8dc3ab33-b9cb-4d98-b1aa-2b0b3ac47ac4" />
    <UnitTestResult executionId="9bbd3256-04d4-4fc0-aa15-2e759bc1ac26" testId="0c9cdc29-691b-c84f-d982-5575012bff55" testName="IsVisible_ShouldCallDriverIsVisible" computerName="cursor" duration="00:00:00.0003200" startTime="2025-08-11T11:37:33.2306172+00:00" endTime="2025-08-11T11:37:33.2309368+00:00" testType="13cdc9d9-ddb5-4fa4-a97d-d965ccfc6d4b" outcome="Passed" testListId="8c84fa94-04c1-424b-9868-57a2d4851a1d" relativeResultsDirectory="9bbd3256-04d4-4fc0-aa15-2e759bc1ac26" />
    <UnitTestResult executionId="88cf287a-7756-45c1-96c2-e59a22572d01" testId="3f49ee74-f47f-14db-402b-a5606f508f18" testName="CreateDriver_WithValidOptions_ReturnsDriver" computerName="cursor" duration="00:00:00.0004810" startTime="2025-08-11T11:37:33.4143987+00:00" endTime="2025-08-11T11:37:33.4148795+00:00" testType="13cdc9d9-ddb5-4fa4-a97d-d965ccfc6d4b" outcome="Passed" testListId="8c84fa94-04c1-424b-9868-57a2d4851a1d" relativeResultsDirectory="88cf287a-7756-45c1-96c2-e59a22572d01" />
    <UnitTestResult executionId="98b08d22-e8a0-4c78-9c45-bef2eb64b112" testId="2ae1304c-81ac-a359-4734-cee502a63ccd" testName="NavigateToUrl_WithValidUrl_NavigatesSuccessfully" computerName="cursor" duration="00:00:00.0010540" startTime="2025-08-11T11:37:33.4079849+00:00" endTime="2025-08-11T11:37:33.4090387+00:00" testType="13cdc9d9-ddb5-4fa4-a97d-d965ccfc6d4b" outcome="Passed" testListId="8c84fa94-04c1-424b-9868-57a2d4851a1d" relativeResultsDirectory="98b08d22-e8a0-4c78-9c45-bef2eb64b112" />
    <UnitTestResult executionId="26008858-c0aa-4ef5-8667-5525bb35082b" testId="85b3a0e0-be33-c2c1-998a-6dc53854bf16" testName="WaitFor_WithVisibleStrategy_ShouldCallWaitForVisible" computerName="cursor" duration="00:00:00.0003950" startTime="2025-08-11T11:37:33.2377312+00:00" endTime="2025-08-11T11:37:33.2381258+00:00" testType="13cdc9d9-ddb5-4fa4-a97d-d965ccfc6d4b" outcome="Passed" testListId="8c84fa94-04c1-424b-9868-57a2d4851a1d" relativeResultsDirectory="26008858-c0aa-4ef5-8667-5525bb35082b" />
    <UnitTestResult executionId="fb900aa2-1c6e-4868-a551-c338a3439a49" testId="5457ec9d-b666-cb43-0581-94c4ccf2eefc" testName="NodeJs_WithScriptAndEnv_ProducesExpectedCommandAndEnv" computerName="cursor" duration="00:00:00.0009560" startTime="2025-08-11T11:37:33.4223097+00:00" endTime="2025-08-11T11:37:33.4232656+00:00" testType="13cdc9d9-ddb5-4fa4-a97d-d965ccfc6d4b" outcome="Passed" testListId="8c84fa94-04c1-424b-9868-57a2d4851a1d" relativeResultsDirectory="fb900aa2-1c6e-4868-a551-c338a3439a49">
      <Output>
        <StdOut>=== Node.js (npm run) ===
Builder methods: WithNpmScript("dev").WithNodeEnvironment("production").WithPort(7777).WithArguments("--", "--open")
npm start dev -- --open
NODE_ENV=production
PORT=7777
====================</StdOut>
      </Output>
    </UnitTestResult>
    <UnitTestResult executionId="6115f76c-cc27-42f9-8185-2d6d91f264b8" testId="8a43bd3c-a801-bb4f-9167-9cddc20d64b5" testName="WithWebServerProjectPath_WithEmptyPath_Removed" computerName="cursor" duration="00:00:00.0001670" startTime="2025-08-11T11:37:33.2646556+00:00" endTime="2025-08-11T11:37:33.2648230+00:00" testType="13cdc9d9-ddb5-4fa4-a97d-d965ccfc6d4b" outcome="Passed" testListId="8c84fa94-04c1-424b-9868-57a2d4851a1d" relativeResultsDirectory="6115f76c-cc27-42f9-8185-2d6d91f264b8">
      <Output>
        <StdOut>Removed</StdOut>
      </Output>
    </UnitTestResult>
    <UnitTestResult executionId="30a8b441-1b5d-4083-a70f-9b3c1073d232" testId="a1f4b443-1603-0539-0dc0-d4ce95853134" testName="RegisterElement_WithNullElement_ShouldThrowArgumentNullException" computerName="cursor" duration="00:00:00.0001610" startTime="2025-08-11T11:37:33.2176783+00:00" endTime="2025-08-11T11:37:33.2178395+00:00" testType="13cdc9d9-ddb5-4fa4-a97d-d965ccfc6d4b" outcome="Passed" testListId="8c84fa94-04c1-424b-9868-57a2d4851a1d" relativeResultsDirectory="30a8b441-1b5d-4083-a70f-9b3c1073d232" />
    <UnitTestResult executionId="4198b99a-58ac-41e0-98c2-bebf32147e73" testId="a8ade4ba-35e4-f1b1-b29c-1221576ebc2c" testName="WithDefaultWaitTimeout_WithNegativeTimeout_ThrowsException" computerName="cursor" duration="00:00:00.0001270" startTime="2025-08-11T11:37:33.2597280+00:00" endTime="2025-08-11T11:37:33.2598554+00:00" testType="13cdc9d9-ddb5-4fa4-a97d-d965ccfc6d4b" outcome="Passed" testListId="8c84fa94-04c1-424b-9868-57a2d4851a1d" relativeResultsDirectory="4198b99a-58ac-41e0-98c2-bebf32147e73" />
    <UnitTestResult executionId="ca1ee5de-a10c-410b-a7f3-69f40a00692c" testId="202af691-80fb-dfa6-d9ed-de360fd56509" testName="Last_WithNonEmptyCollection_ShouldReturnLastElement" computerName="cursor" duration="00:00:00.0003140" startTime="2025-08-11T11:37:33.2123254+00:00" endTime="2025-08-11T11:37:33.2126394+00:00" testType="13cdc9d9-ddb5-4fa4-a97d-d965ccfc6d4b" outcome="Passed" testListId="8c84fa94-04c1-424b-9868-57a2d4851a1d" relativeResultsDirectory="ca1ee5de-a10c-410b-a7f3-69f40a00692c" />
    <UnitTestResult executionId="f493939a-fbc4-48fa-a680-a75bd1d1628a" testId="0b4fc99c-eb06-94b0-bab6-1d7f1e79217a" testName="WithCustomWait_WithNullCondition_ShouldThrowArgumentNullException" computerName="cursor" duration="00:00:00.0001770" startTime="2025-08-11T11:37:33.1850040+00:00" endTime="2025-08-11T11:37:33.1851810+00:00" testType="13cdc9d9-ddb5-4fa4-a97d-d965ccfc6d4b" outcome="Passed" testListId="8c84fa94-04c1-424b-9868-57a2d4851a1d" relativeResultsDirectory="f493939a-fbc4-48fa-a680-a75bd1d1628a" />
    <UnitTestResult executionId="bc51a1f3-e900-4bee-8d0b-5111855dcbfd" testId="73a1b770-4a5e-0a29-6a9c-524092b48888" testName="FirstOrDefault_WithNonEmptyCollection_ShouldReturnFirstElement" computerName="cursor" duration="00:00:00.0002220" startTime="2025-08-11T11:37:33.2090585+00:00" endTime="2025-08-11T11:37:33.2092801+00:00" testType="13cdc9d9-ddb5-4fa4-a97d-d965ccfc6d4b" outcome="Passed" testListId="8c84fa94-04c1-424b-9868-57a2d4851a1d" relativeResultsDirectory="bc51a1f3-e900-4bee-8d0b-5111855dcbfd" />
    <UnitTestResult executionId="2e96c057-1fd0-43e8-8d3e-9feccfe92ef9" testId="2ea41be2-ee63-3a11-0613-d95c2f91bed0" testName="Placeholder_NoOp_ToMaintainTestStructure" computerName="cursor" duration="00:00:00.0149560" startTime="2025-08-11T11:37:33.2443299+00:00" endTime="2025-08-11T11:37:33.2592858+00:00" testType="13cdc9d9-ddb5-4fa4-a97d-d965ccfc6d4b" outcome="Passed" testListId="8c84fa94-04c1-424b-9868-57a2d4851a1d" relativeResultsDirectory="2e96c057-1fd0-43e8-8d3e-9feccfe92ef9" />
    <UnitTestResult executionId="e0b59224-fd8e-4f5c-bf75-10d265a5de50" testId="770867d9-ec05-f95d-4f86-cd135b847493" testName="WithWaitStrategy_ShouldSetWaitStrategy" computerName="cursor" duration="00:00:00.0001110" startTime="2025-08-11T11:37:33.1857037+00:00" endTime="2025-08-11T11:37:33.1858143+00:00" testType="13cdc9d9-ddb5-4fa4-a97d-d965ccfc6d4b" outcome="Passed" testListId="8c84fa94-04c1-424b-9868-57a2d4851a1d" relativeResultsDirectory="e0b59224-fd8e-4f5c-bf75-10d265a5de50" />
    <UnitTestResult executionId="e909af5d-dd30-4954-b8fc-cd71f2509310" testId="6ba06a82-9046-fcca-a49b-be1345ecbc51" testName="WaitFor_WithHiddenStrategy_ShouldCallWaitForHidden" computerName="cursor" duration="00:00:00.0005670" startTime="2025-08-11T11:37:33.2327651+00:00" endTime="2025-08-11T11:37:33.2333323+00:00" testType="13cdc9d9-ddb5-4fa4-a97d-d965ccfc6d4b" outcome="Passed" testListId="8c84fa94-04c1-424b-9868-57a2d4851a1d" relativeResultsDirectory="e909af5d-dd30-4954-b8fc-cd71f2509310" />
    <UnitTestResult executionId="fd812f6b-f176-4199-89cc-5571081be5c0" testId="ba86690a-e524-5b30-0581-e7c61fd4694c" testName="SpaProxyEnv_PropagatesToStartInfo" computerName="cursor" duration="00:00:00.0009450" startTime="2025-08-11T11:37:33.0846984+00:00" endTime="2025-08-11T11:37:33.0856434+00:00" testType="13cdc9d9-ddb5-4fa4-a97d-d965ccfc6d4b" outcome="Passed" testListId="8c84fa94-04c1-424b-9868-57a2d4851a1d" relativeResultsDirectory="fd812f6b-f176-4199-89cc-5571081be5c0" />
    <UnitTestResult executionId="2a23dad9-c2de-4672-b062-277a6429b54b" testId="e75b2bb9-5515-7802-e744-4a6d4013843f" testName="GetOrCreateElement_WithExistingKey_ShouldReturnCachedElement" computerName="cursor" duration="00:00:00.0002620" startTime="2025-08-11T11:37:33.2163228+00:00" endTime="2025-08-11T11:37:33.2165844+00:00" testType="13cdc9d9-ddb5-4fa4-a97d-d965ccfc6d4b" outcome="Passed" testListId="8c84fa94-04c1-424b-9868-57a2d4851a1d" relativeResultsDirectory="2a23dad9-c2de-4672-b062-277a6429b54b" />
    <UnitTestResult executionId="d735f5dd-93f8-47bc-b522-d5c193b0c21c" testId="d52fd675-05c7-c95c-d1f1-981f3a4f3701" testName="WithDescription_WithNullDescription_ShouldSetEmptyString" computerName="cursor" duration="00:00:00.0001110" startTime="2025-08-11T11:37:33.1853495+00:00" endTime="2025-08-11T11:37:33.1854608+00:00" testType="13cdc9d9-ddb5-4fa4-a97d-d965ccfc6d4b" outcome="Passed" testListId="8c84fa94-04c1-424b-9868-57a2d4851a1d" relativeResultsDirectory="d735f5dd-93f8-47bc-b522-d5c193b0c21c" />
    <UnitTestResult executionId="701b9697-9c05-40c2-b79b-9af28f8fb549" testId="551fc6ac-b856-8cac-3508-c2c42f5670a1" testName="FluentChaining_ShouldWorkCorrectly" computerName="cursor" duration="00:00:00.0003900" startTime="2025-08-11T11:37:33.1835528+00:00" endTime="2025-08-11T11:37:33.1839423+00:00" testType="13cdc9d9-ddb5-4fa4-a97d-d965ccfc6d4b" outcome="Passed" testListId="8c84fa94-04c1-424b-9868-57a2d4851a1d" relativeResultsDirectory="701b9697-9c05-40c2-b79b-9af28f8fb549" />
    <UnitTestResult executionId="5c3a762c-2450-4e04-80db-1e6488c479f5" testId="6dd2c663-126f-c692-d442-51f4ddb16f47" testName="WithSlowMo_WithNegativeValue_ThrowsException" computerName="cursor" duration="00:00:00.0001640" startTime="2025-08-11T11:37:33.2635890+00:00" endTime="2025-08-11T11:37:33.2637528+00:00" testType="13cdc9d9-ddb5-4fa4-a97d-d965ccfc6d4b" outcome="Passed" testListId="8c84fa94-04c1-424b-9868-57a2d4851a1d" relativeResultsDirectory="5c3a762c-2450-4e04-80db-1e6488c479f5" />
    <UnitTestResult executionId="0f2417aa-c942-46fe-bad4-73f80268e81b" testId="d9c1e874-b98e-f314-cfca-82dd9dc7660b" testName="DetectProjectPath_InGitRepo_FindsProjectInSrc" computerName="cursor" duration="00:00:00.0017930" startTime="2025-08-11T11:37:33.4005244+00:00" endTime="2025-08-11T11:37:33.4023168+00:00" testType="13cdc9d9-ddb5-4fa4-a97d-d965ccfc6d4b" outcome="Passed" testListId="8c84fa94-04c1-424b-9868-57a2d4851a1d" relativeResultsDirectory="0f2417aa-c942-46fe-bad4-73f80268e81b" />
    <UnitTestResult executionId="3c7635e5-6d59-4a20-a254-04cf19a03262" testId="405fd94c-1e16-06c6-669b-4f6514668f24" testName="DotNet_WithFrameworkAndConfiguration_ProducesExpectedRunCommand" computerName="cursor" duration="00:00:00.0003180" startTime="2025-08-11T11:37:33.4218447+00:00" endTime="2025-08-11T11:37:33.4221621+00:00" testType="13cdc9d9-ddb5-4fa4-a97d-d965ccfc6d4b" outcome="Passed" testListId="8c84fa94-04c1-424b-9868-57a2d4851a1d" relativeResultsDirectory="3c7635e5-6d59-4a20-a254-04cf19a03262">
      <Output>
        <StdOut>=== ASP.NET Core (dotnet run) ===
Builder methods:
ServerConfiguration
    .CreateDotNetServer(new Uri("http://localhost:5055"), "/path/to/MyApp.csproj")
    .WithFramework("net9.0")
    .WithConfiguration("Debug")
Run command:
dotnet run --framework net9.0 --configuration Debug --no-launch-profile
Environment variables:
ASPNETCORE_ENVIRONMENT=Development
ASPNETCORE_HOSTINGSTARTUPASSEMBLIES=
====================</StdOut>
      </Output>
    </UnitTestResult>
    <UnitTestResult executionId="e3bdd167-ddef-4319-ac3a-5f78ce81c3d4" testId="869c75f3-f0d3-ccd1-94b9-b347ceeefe6e" testName="CreateConfigurationWithDetection_WithValidParameters_ReturnsConfiguration" computerName="cursor" duration="00:00:00.0015410" startTime="2025-08-11T11:37:33.4269144+00:00" endTime="2025-08-11T11:37:33.4284547+00:00" testType="13cdc9d9-ddb5-4fa4-a97d-d965ccfc6d4b" outcome="Passed" testListId="8c84fa94-04c1-424b-9868-57a2d4851a1d" relativeResultsDirectory="e3bdd167-ddef-4319-ac3a-5f78ce81c3d4" />
    <UnitTestResult executionId="eb9f28ff-b32f-494a-b648-7c61011c6cf7" testId="0b5f1728-7b8a-73cb-1723-24feb2bf7d3d" testName="Constructor_WithNullDriver_ShouldThrowArgumentNullException" computerName="cursor" duration="00:00:00.0003780" startTime="2025-08-11T11:37:33.2143580+00:00" endTime="2025-08-11T11:37:33.2147357+00:00" testType="13cdc9d9-ddb5-4fa4-a97d-d965ccfc6d4b" outcome="Passed" testListId="8c84fa94-04c1-424b-9868-57a2d4851a1d" relativeResultsDirectory="eb9f28ff-b32f-494a-b648-7c61011c6cf7" />
    <UnitTestResult executionId="6999bd77-326d-4030-8c74-b08e289057e4" testId="8ca40265-bff9-35e5-4c05-5311e5fae258" testName="DetectProjectPath_FromEnvironmentVariable_ReturnsPath" computerName="cursor" duration="00:00:00.0003940" startTime="2025-08-11T11:37:33.2423529+00:00" endTime="2025-08-11T11:37:33.2427467+00:00" testType="13cdc9d9-ddb5-4fa4-a97d-d965ccfc6d4b" outcome="Passed" testListId="8c84fa94-04c1-424b-9868-57a2d4851a1d" relativeResultsDirectory="6999bd77-326d-4030-8c74-b08e289057e4" />
    <UnitTestResult executionId="c4c6f430-0925-466a-9e57-514c2258db7b" testId="9277c687-d1ec-06a3-91ef-9c2756a13404" testName="Filter_WithValidPredicate_ShouldReturnFilteredCollection" computerName="cursor" duration="00:00:00.0005240" startTime="2025-08-11T11:37:33.2041603+00:00" endTime="2025-08-11T11:37:33.2046842+00:00" testType="13cdc9d9-ddb5-4fa4-a97d-d965ccfc6d4b" outcome="Passed" testListId="8c84fa94-04c1-424b-9868-57a2d4851a1d" relativeResultsDirectory="c4c6f430-0925-466a-9e57-514c2258db7b" />
    <UnitTestResult executionId="a8e0ec63-6166-45d8-bbb2-3faf2a1f0e50" testId="53b308dd-208a-388e-c5f9-16f490d67de6" testName="NavigateToUrl_WithNullUrl_IsValid" computerName="cursor" duration="00:00:00.0005780" startTime="2025-08-11T11:37:33.4071241+00:00" endTime="2025-08-11T11:37:33.4077019+00:00" testType="13cdc9d9-ddb5-4fa4-a97d-d965ccfc6d4b" outcome="Passed" testListId="8c84fa94-04c1-424b-9868-57a2d4851a1d" relativeResultsDirectory="a8e0ec63-6166-45d8-bbb2-3faf2a1f0e50" />
    <UnitTestResult executionId="05f63467-4ef6-452e-b9ef-6be09f946d6c" testId="32cab928-a934-2b6a-7a60-1dfa1c7f9abb" testName="WaitForHidden_ShouldCallDriverWaitForElementToBeHidden" computerName="cursor" duration="00:00:00.0003840" startTime="2025-08-11T11:37:33.2381391+00:00" endTime="2025-08-11T11:37:33.2385232+00:00" testType="13cdc9d9-ddb5-4fa4-a97d-d965ccfc6d4b" outcome="Passed" testListId="8c84fa94-04c1-424b-9868-57a2d4851a1d" relativeResultsDirectory="05f63467-4ef6-452e-b9ef-6be09f946d6c" />
    <UnitTestResult executionId="02df8e3f-d060-4e2d-b259-89467a444519" testId="46ffc5ad-c340-b767-44fb-d87ee75aad26" testName="NavigateToUrl_WithValidUrl_IsValid" computerName="cursor" duration="00:00:00.0002599" startTime="2025-08-11T11:37:33.4077149+00:00" endTime="2025-08-11T11:37:33.4079746+00:00" testType="13cdc9d9-ddb5-4fa4-a97d-d965ccfc6d4b" outcome="Passed" testListId="8c84fa94-04c1-424b-9868-57a2d4851a1d" relativeResultsDirectory="02df8e3f-d060-4e2d-b259-89467a444519" />
    <UnitTestResult executionId="4dfc4b0f-62b3-45f7-bef2-5b5e7e9a9943" testId="4c88da48-1cf2-2ce5-51d9-4c397983aa27" testName="WithDefaultWaitTimeout_WithValidTimeout_SetsDefaultWaitTimeout" computerName="cursor" duration="00:00:00.0000870" startTime="2025-08-11T11:37:33.4002240+00:00" endTime="2025-08-11T11:37:33.4003105+00:00" testType="13cdc9d9-ddb5-4fa4-a97d-d965ccfc6d4b" outcome="Passed" testListId="8c84fa94-04c1-424b-9868-57a2d4851a1d" relativeResultsDirectory="4dfc4b0f-62b3-45f7-bef2-5b5e7e9a9943" />
    <UnitTestResult executionId="3184a8a5-83ca-483b-85c3-453e09c32ba9" testId="5b0b0b21-c836-f769-4fb0-bf7c584f610d" testName="FilterByText_WithCaseInsensitiveMatch_ShouldReturnFilteredCollection" computerName="cursor" duration="00:00:00.0006230" startTime="2025-08-11T11:37:33.2067846+00:00" endTime="2025-08-11T11:37:33.2074078+00:00" testType="13cdc9d9-ddb5-4fa4-a97d-d965ccfc6d4b" outcome="Passed" testListId="8c84fa94-04c1-424b-9868-57a2d4851a1d" relativeResultsDirectory="3184a8a5-83ca-483b-85c3-453e09c32ba9" />
    <UnitTestResult executionId="b6573d92-03fd-4e77-b102-e59acf81cb2a" testId="0d8a6f68-b892-8208-9f84-b0a607e9693d" testName="Filter_WithNullPredicate_ShouldThrowArgumentNullException" computerName="cursor" duration="00:00:00.0003990" startTime="2025-08-11T11:37:33.2037473+00:00" endTime="2025-08-11T11:37:33.2041465+00:00" testType="13cdc9d9-ddb5-4fa4-a97d-d965ccfc6d4b" outcome="Passed" testListId="8c84fa94-04c1-424b-9868-57a2d4851a1d" relativeResultsDirectory="b6573d92-03fd-4e77-b102-e59acf81cb2a" />
    <UnitTestResult executionId="a06a539e-79a8-4e40-9085-a12ac920f91b" testId="e08a08af-210e-a1c2-6824-5a7b54cc2338" testName="Constructor_WithNullSelector_ShouldThrowArgumentNullException" computerName="cursor" duration="00:00:00.0004510" startTime="2025-08-11T11:37:33.2250852+00:00" endTime="2025-08-11T11:37:33.2255362+00:00" testType="13cdc9d9-ddb5-4fa4-a97d-d965ccfc6d4b" outcome="Passed" testListId="8c84fa94-04c1-424b-9868-57a2d4851a1d" relativeResultsDirectory="a06a539e-79a8-4e40-9085-a12ac920f91b" />
    <UnitTestResult executionId="77b2eb3f-58bb-438d-86bd-1551fedc32f9" testId="4cd43b66-f3f8-8df6-5266-95b6a332d485" testName="BuildCommandArguments_PrependsScript_AndAppendsArgs" computerName="cursor" duration="00:00:00.0007940" startTime="2025-08-11T11:37:33.4091757+00:00" endTime="2025-08-11T11:37:33.4099692+00:00" testType="13cdc9d9-ddb5-4fa4-a97d-d965ccfc6d4b" outcome="Passed" testListId="8c84fa94-04c1-424b-9868-57a2d4851a1d" relativeResultsDirectory="77b2eb3f-58bb-438d-86bd-1551fedc32f9" />
    <UnitTestResult executionId="60654f90-1cce-4c5c-983e-572978718019" testId="0b3109f8-d2a8-47f7-ae01-04faf34ff615" testName="BuildCommandArguments_ReturnsExpectedFormat" computerName="cursor" duration="00:00:00.0064800" startTime="2025-08-11T11:37:33.0774331+00:00" endTime="2025-08-11T11:37:33.0838844+00:00" testType="13cdc9d9-ddb5-4fa4-a97d-d965ccfc6d4b" outcome="Passed" testListId="8c84fa94-04c1-424b-9868-57a2d4851a1d" relativeResultsDirectory="60654f90-1cce-4c5c-983e-572978718019" />
    <UnitTestResult executionId="bfd3168d-aabe-45fe-9978-36aca74f4bb7" testId="e490ff0f-804e-81fe-d54a-5987cfe60093" testName="WithAttribute_WithNullValue_ShouldSetEmptyString" computerName="cursor" duration="00:00:00.0000960" startTime="2025-08-11T11:37:33.1846895+00:00" endTime="2025-08-11T11:37:33.1847851+00:00" testType="13cdc9d9-ddb5-4fa4-a97d-d965ccfc6d4b" outcome="Passed" testListId="8c84fa94-04c1-424b-9868-57a2d4851a1d" relativeResultsDirectory="bfd3168d-aabe-45fe-9978-36aca74f4bb7" />
    <UnitTestResult executionId="050d8401-ce99-45a9-bd1a-7c3327f1b699" testId="894f94b1-efcc-7bbe-43c4-5aa998a01fba" testName="SetServerSpecificEnvironmentVariables_AspNetCore_SetsAspNetCoreUrls" computerName="cursor" duration="00:00:00.0003340" startTime="2025-08-11T11:37:33.0904438+00:00" endTime="2025-08-11T11:37:33.0907779+00:00" testType="13cdc9d9-ddb5-4fa4-a97d-d965ccfc6d4b" outcome="Passed" testListId="8c84fa94-04c1-424b-9868-57a2d4851a1d" relativeResultsDirectory="050d8401-ce99-45a9-bd1a-7c3327f1b699" />
    <UnitTestResult executionId="cdd4f2d5-1f39-403f-9089-bf7bc8f9d5bf" testId="4346959c-3e94-4c0e-1880-3b5ac77fbbde" testName="RegisterPlugin_WithDuplicatePlugin_DoesNotAddDuplicate" computerName="cursor" duration="00:00:00.0002560" startTime="2025-08-11T11:37:33.4154954+00:00" endTime="2025-08-11T11:37:33.4157516+00:00" testType="13cdc9d9-ddb5-4fa4-a97d-d965ccfc6d4b" outcome="Passed" testListId="8c84fa94-04c1-424b-9868-57a2d4851a1d" relativeResultsDirectory="cdd4f2d5-1f39-403f-9089-bf7bc8f9d5bf" />
    <UnitTestResult executionId="691740dc-88ca-44dd-a7b2-30c89e54fade" testId="280bec51-23dc-ffba-208c-c20000ad7909" testName="Constructor_WithNullDriver_ShouldThrowArgumentNullException" computerName="cursor" duration="00:00:00.0022450" startTime="2025-08-11T11:37:33.1617019+00:00" endTime="2025-08-11T11:37:33.1639471+00:00" testType="13cdc9d9-ddb5-4fa4-a97d-d965ccfc6d4b" outcome="Passed" testListId="8c84fa94-04c1-424b-9868-57a2d4851a1d" relativeResultsDirectory="691740dc-88ca-44dd-a7b2-30c89e54fade" />
    <UnitTestResult executionId="321b81d9-138f-4069-ad15-c429e33ef258" testId="b301e5a2-6274-43e4-8d33-13911ec17a00" testName="GetPlugins_ReturnsRegisteredPlugins" computerName="cursor" duration="00:00:00.0002640" startTime="2025-08-11T11:37:33.4152076+00:00" endTime="2025-08-11T11:37:33.4154716+00:00" testType="13cdc9d9-ddb5-4fa4-a97d-d965ccfc6d4b" outcome="Passed" testListId="8c84fa94-04c1-424b-9868-57a2d4851a1d" relativeResultsDirectory="321b81d9-138f-4069-ad15-c429e33ef258" />
    <UnitTestResult executionId="5a9fbe27-f664-4331-a3ff-604b6331a7c2" testId="2ac82e10-080e-2b5b-2d3d-5685bb444717" testName="SetServerSpecificEnvironmentVariables_Aspire_DoesNotOverrideAspNetCoreUrls" computerName="cursor" duration="00:00:00.0009520" startTime="2025-08-11T11:37:33.0894605+00:00" endTime="2025-08-11T11:37:33.0904122+00:00" testType="13cdc9d9-ddb5-4fa4-a97d-d965ccfc6d4b" outcome="Passed" testListId="8c84fa94-04c1-424b-9868-57a2d4851a1d" relativeResultsDirectory="5a9fbe27-f664-4331-a3ff-604b6331a7c2" />
    <UnitTestResult executionId="acc70f5c-24db-456e-8e7f-356493ee71a4" testId="58c799eb-3510-390d-5f8b-eb2a700feeb4" testName="Build_ShouldReturnConfiguredElement" computerName="cursor" duration="00:00:00.0690080" startTime="2025-08-11T11:37:33.0916607+00:00" endTime="2025-08-11T11:37:33.1606688+00:00" testType="13cdc9d9-ddb5-4fa4-a97d-d965ccfc6d4b" outcome="Passed" testListId="8c84fa94-04c1-424b-9868-57a2d4851a1d" relativeResultsDirectory="acc70f5c-24db-456e-8e7f-356493ee71a4" />
    <UnitTestResult executionId="ddb3fba0-7b1b-4b51-8f63-c7addd7b07fc" testId="cc50075c-462e-8b57-d394-e1d716bb8f7e" testName="Constructor_WithEmptyElements_ShouldInitializeEmptyCollection" computerName="cursor" duration="00:00:00.0114840" startTime="2025-08-11T11:37:33.1860484+00:00" endTime="2025-08-11T11:37:33.1975322+00:00" testType="13cdc9d9-ddb5-4fa4-a97d-d965ccfc6d4b" outcome="Passed" testListId="8c84fa94-04c1-424b-9868-57a2d4851a1d" relativeResultsDirectory="ddb3fba0-7b1b-4b51-8f63-c7addd7b07fc" />
    <UnitTestResult executionId="9a1dc693-9077-4065-8f2e-cf99699a07aa" testId="c48c7a66-1a74-12aa-2595-2e164ad6c470" testName="DotNet_CustomArguments_AreAppended" computerName="cursor" duration="00:00:00.0001750" startTime="2025-08-11T11:37:33.4213653+00:00" endTime="2025-08-11T11:37:33.4215397+00:00" testType="13cdc9d9-ddb5-4fa4-a97d-d965ccfc6d4b" outcome="Passed" testListId="8c84fa94-04c1-424b-9868-57a2d4851a1d" relativeResultsDirectory="9a1dc693-9077-4065-8f2e-cf99699a07aa" />
    <UnitTestResult executionId="ed4080b5-fed7-4501-9e67-7c4b5b86969d" testId="f3b5f62e-4f46-2207-7f46-5faefe33f536" testName="Exists_WhenElementDoesNotExist_ShouldReturnFalse" computerName="cursor" duration="00:00:00.0009090" startTime="2025-08-11T11:37:33.2259154+00:00" endTime="2025-08-11T11:37:33.2268238+00:00" testType="13cdc9d9-ddb5-4fa4-a97d-d965ccfc6d4b" outcome="Passed" testListId="8c84fa94-04c1-424b-9868-57a2d4851a1d" relativeResultsDirectory="ed4080b5-fed7-4501-9e67-7c4b5b86969d" />
    <UnitTestResult executionId="eb0a72a1-40ac-4025-b216-0d265a8fb7fb" testId="0857da33-b4ef-b236-6099-02a532ef2a14" testName="CreateElement_WithNullSelector_ShouldThrowArgumentException" computerName="cursor" duration="00:00:00.0001299" startTime="2025-08-11T11:37:33.2159322+00:00" endTime="2025-08-11T11:37:33.2160621+00:00" testType="13cdc9d9-ddb5-4fa4-a97d-d965ccfc6d4b" outcome="Passed" testListId="8c84fa94-04c1-424b-9868-57a2d4851a1d" relativeResultsDirectory="eb0a72a1-40ac-4025-b216-0d265a8fb7fb" />
    <UnitTestResult executionId="3b49fd14-19ff-4c5a-b8f2-e2e730f4c1d8" testId="3060bcb3-7dbb-52ae-d898-6c736e92902a" testName="RegisterDetector_WithValidDetector_RegistersSuccessfully" computerName="cursor" duration="00:00:00.0006020" startTime="2025-08-11T11:37:33.4287389+00:00" endTime="2025-08-11T11:37:33.4293408+00:00" testType="13cdc9d9-ddb5-4fa4-a97d-d965ccfc6d4b" outcome="Passed" testListId="8c84fa94-04c1-424b-9868-57a2d4851a1d" relativeResultsDirectory="3b49fd14-19ff-4c5a-b8f2-e2e730f4c1d8">
      <Output>
        <StdOut>Detector registered successfully</StdOut>
      </Output>
    </UnitTestResult>
    <UnitTestResult executionId="d0513715-8653-4fd5-a7c1-ac95ffcbae15" testId="8383728b-b15a-a0ae-e2d4-37daa1d150cf" testName="WithTimeout_ShouldSetTimeout" computerName="cursor" duration="00:00:00.0001190" startTime="2025-08-11T11:37:33.1855787+00:00" endTime="2025-08-11T11:37:33.1856980+00:00" testType="13cdc9d9-ddb5-4fa4-a97d-d965ccfc6d4b" outcome="Passed" testListId="8c84fa94-04c1-424b-9868-57a2d4851a1d" relativeResultsDirectory="d0513715-8653-4fd5-a7c1-ac95ffcbae15" />
    <UnitTestResult executionId="52ab8ddf-6f18-4344-a653-ddb87e2179f4" testId="268d744c-88c8-b894-11b0-d59382621120" testName="Exists_WhenElementExists_ShouldReturnTrue" computerName="cursor" duration="00:00:00.0003570" startTime="2025-08-11T11:37:33.2268410+00:00" endTime="2025-08-11T11:37:33.2271981+00:00" testType="13cdc9d9-ddb5-4fa4-a97d-d965ccfc6d4b" outcome="Passed" testListId="8c84fa94-04c1-424b-9868-57a2d4851a1d" relativeResultsDirectory="52ab8ddf-6f18-4344-a653-ddb87e2179f4" />
    <UnitTestResult executionId="fc7d52e8-04c6-41a7-99ad-2effbbb78642" testId="fff58572-0076-1d30-45fe-03dd6cfeccd1" testName="DetectProjectPath_FromConfigFile_ReturnsPath" computerName="cursor" duration="00:00:00.0008750" startTime="2025-08-11T11:37:33.2414592+00:00" endTime="2025-08-11T11:37:33.2423341+00:00" testType="13cdc9d9-ddb5-4fa4-a97d-d965ccfc6d4b" outcome="Passed" testListId="8c84fa94-04c1-424b-9868-57a2d4851a1d" relativeResultsDirectory="fc7d52e8-04c6-41a7-99ad-2effbbb78642" />
    <UnitTestResult executionId="6df4fb63-610e-4c96-8a21-440db1293ebe" testId="5fc1ac23-88fa-ea50-bc84-f014c480a778" testName="BuildCommandArguments_UsesFrameworkAndConfiguration_FromBuilder" computerName="cursor" duration="00:00:00.0020330" startTime="2025-08-11T11:37:33.0874102+00:00" endTime="2025-08-11T11:37:33.0894429+00:00" testType="13cdc9d9-ddb5-4fa4-a97d-d965ccfc6d4b" outcome="Passed" testListId="8c84fa94-04c1-424b-9868-57a2d4851a1d" relativeResultsDirectory="6df4fb63-610e-4c96-8a21-440db1293ebe" />
    <UnitTestResult executionId="ccfb5140-2f22-458b-8cef-51e73e3d5792" testId="4d36eff3-cb8c-cc2b-ae0a-7341e46f417f" testName="Constructor_WithNullOptions_ThrowsArgumentNullException" computerName="cursor" duration="00:00:00.0001670" startTime="2025-08-11T11:37:33.2441569+00:00" endTime="2025-08-11T11:37:33.2443242+00:00" testType="13cdc9d9-ddb5-4fa4-a97d-d965ccfc6d4b" outcome="Passed" testListId="8c84fa94-04c1-424b-9868-57a2d4851a1d" relativeResultsDirectory="ccfb5140-2f22-458b-8cef-51e73e3d5792" />
    <UnitTestResult executionId="b9864dac-6be2-4568-b023-96779cc463ab" testId="0f9360de-cd99-435c-c549-ccd3fe79a633" testName="WebServerProjectPath_Removed_FromOptions" computerName="cursor" duration="00:00:00.0001760" startTime="2025-08-11T11:37:33.3994608+00:00" endTime="2025-08-11T11:37:33.3996371+00:00" testType="13cdc9d9-ddb5-4fa4-a97d-d965ccfc6d4b" outcome="Passed" testListId="8c84fa94-04c1-424b-9868-57a2d4851a1d" relativeResultsDirectory="b9864dac-6be2-4568-b023-96779cc463ab">
      <Output>
        <StdOut>Server project path removed from options; managed by WebServerManager</StdOut>
      </Output>
    </UnitTestResult>
    <UnitTestResult executionId="b49936d0-e4eb-467a-97ae-f97f067255d9" testId="7fb7363f-268a-d980-fb84-31f8b492a262" testName="FirstOrDefault_WithEmptyCollection_ShouldReturnNull" computerName="cursor" duration="00:00:00.0002290" startTime="2025-08-11T11:37:33.2088223+00:00" endTime="2025-08-11T11:37:33.2090508+00:00" testType="13cdc9d9-ddb5-4fa4-a97d-d965ccfc6d4b" outcome="Passed" testListId="8c84fa94-04c1-424b-9868-57a2d4851a1d" relativeResultsDirectory="b49936d0-e4eb-467a-97ae-f97f067255d9" />
    <UnitTestResult executionId="1512ffed-4de5-4519-9380-9c697604ff43" testId="6b94290b-4ed9-8c2a-b695-d80186249086" testName="Builder_SetsNodeEnvAndPort_FromFluentMethods" computerName="cursor" duration="00:00:00.0001550" startTime="2025-08-11T11:37:33.4099832+00:00" endTime="2025-08-11T11:37:33.4101377+00:00" testType="13cdc9d9-ddb5-4fa4-a97d-d965ccfc6d4b" outcome="Passed" testListId="8c84fa94-04c1-424b-9868-57a2d4851a1d" relativeResultsDirectory="1512ffed-4de5-4519-9380-9c697604ff43" />
    <UnitTestResult executionId="c78a0678-afb8-436a-a1c7-e64fd98ea698" testId="ff506097-7a61-9dd6-1df2-d3c8d75a82f3" testName="WithHeadlessMode_AndSlowMo_SetProperly" computerName="cursor" duration="00:00:00.0021410" startTime="2025-08-11T11:37:33.2601476+00:00" endTime="2025-08-11T11:37:33.2622886+00:00" testType="13cdc9d9-ddb5-4fa4-a97d-d965ccfc6d4b" outcome="Passed" testListId="8c84fa94-04c1-424b-9868-57a2d4851a1d" relativeResultsDirectory="c78a0678-afb8-436a-a1c7-e64fd98ea698" />
    <UnitTestResult executionId="e3ccb2ae-62ca-4f69-9da2-3e3199e9c504" testId="91a71ac4-590c-9e24-6500-b1be939120d3" testName="GetOrCreateElement_WithNullKey_ShouldThrowArgumentException" computerName="cursor" duration="00:00:00.0001670" startTime="2025-08-11T11:37:33.2168885+00:00" endTime="2025-08-11T11:37:33.2170551+00:00" testType="13cdc9d9-ddb5-4fa4-a97d-d965ccfc6d4b" outcome="Passed" testListId="8c84fa94-04c1-424b-9868-57a2d4851a1d" relativeResultsDirectory="e3ccb2ae-62ca-4f69-9da2-3e3199e9c504" />
    <UnitTestResult executionId="0aeb505c-5b89-43ac-9471-85b33177a37c" testId="bb6d95e1-fe2b-c7f2-f120-8406bb52b03a" testName="WithDefaultWaitTimeout_WithZeroTimeout_ThrowsException" computerName="cursor" duration="00:00:00.0001250" startTime="2025-08-11T11:37:33.2600140+00:00" endTime="2025-08-11T11:37:33.2601394+00:00" testType="13cdc9d9-ddb5-4fa4-a97d-d965ccfc6d4b" outcome="Passed" testListId="8c84fa94-04c1-424b-9868-57a2d4851a1d" relativeResultsDirectory="0aeb505c-5b89-43ac-9471-85b33177a37c" />
    <UnitTestResult executionId="e09b858a-2f35-4b43-bcf9-280e1a2e36a4" testId="aa2ad8c9-644e-352f-745e-635b81ae401d" testName="DetectProjectPath_FromAdditionalPaths_ReturnsPath" computerName="cursor" duration="00:00:00.0025760" startTime="2025-08-11T11:37:33.2388641+00:00" endTime="2025-08-11T11:37:33.2414404+00:00" testType="13cdc9d9-ddb5-4fa4-a97d-d965ccfc6d4b" outcome="Passed" testListId="8c84fa94-04c1-424b-9868-57a2d4851a1d" relativeResultsDirectory="e09b858a-2f35-4b43-bcf9-280e1a2e36a4" />
    <UnitTestResult executionId="2b247eb1-40eb-4fd7-ab6a-83c7518a016f" testId="6c726527-cdae-6f0e-e424-af9055e97f92" testName="HeadlessMode_WithNullValue_SetsHeadlessModeToNull" computerName="cursor" duration="00:00:00.0002010" startTime="2025-08-11T11:37:33.3982777+00:00" endTime="2025-08-11T11:37:33.3984782+00:00" testType="13cdc9d9-ddb5-4fa4-a97d-d965ccfc6d4b" outcome="Passed" testListId="8c84fa94-04c1-424b-9868-57a2d4851a1d" relativeResultsDirectory="2b247eb1-40eb-4fd7-ab6a-83c7518a016f" />
    <UnitTestResult executionId="3ca2cbbe-5779-42b4-a45d-8f00272e8ce4" testId="44803fba-616e-b64e-f070-676eb27c9592" testName="Type_ShouldCallDriverType" computerName="cursor" duration="00:00:00.0007710" startTime="2025-08-11T11:37:33.2316103+00:00" endTime="2025-08-11T11:37:33.2323809+00:00" testType="13cdc9d9-ddb5-4fa4-a97d-d965ccfc6d4b" outcome="Passed" testListId="8c84fa94-04c1-424b-9868-57a2d4851a1d" relativeResultsDirectory="3ca2cbbe-5779-42b4-a45d-8f00272e8ce4" />
    <UnitTestResult executionId="d54d3bc3-9bd0-42c9-aebc-d962bb3953cb" testId="9f3021c1-925a-71da-e253-d006455bc8e9" testName="WaitFor_WithNoneStrategy_ShouldNotCallAnyWaitMethods" computerName="cursor" duration="00:00:00.0032870" startTime="2025-08-11T11:37:33.2333456+00:00" endTime="2025-08-11T11:37:33.2366325+00:00" testType="13cdc9d9-ddb5-4fa4-a97d-d965ccfc6d4b" outcome="Passed" testListId="8c84fa94-04c1-424b-9868-57a2d4851a1d" relativeResultsDirectory="d54d3bc3-9bd0-42c9-aebc-d962bb3953cb" />
    <UnitTestResult executionId="4ecfb949-5aeb-41cb-a6ac-6c1a3954b155" testId="ae197987-6a6c-0f53-9053-aa2a52fada6c" testName="CreateConfiguration_WithValidParameters_ReturnsConfiguration" computerName="cursor" duration="00:00:00.0005940" startTime="2025-08-11T11:37:33.4263076+00:00" endTime="2025-08-11T11:37:33.4269013+00:00" testType="13cdc9d9-ddb5-4fa4-a97d-d965ccfc6d4b" outcome="Passed" testListId="8c84fa94-04c1-424b-9868-57a2d4851a1d" relativeResultsDirectory="4ecfb949-5aeb-41cb-a6ac-6c1a3954b155" />
    <UnitTestResult executionId="98e53f73-3160-4ffa-b0c1-2aba927301ec" testId="ac2caede-1993-10f2-1269-ecc9a1cb91c8" testName="Aspire_WithFrameworkAndDefaults_ProducesExpectedRunCommandAndEnv" computerName="cursor" duration="00:00:00.0029180" startTime="2025-08-11T11:37:33.4177149+00:00" endTime="2025-08-11T11:37:33.4206326+00:00" testType="13cdc9d9-ddb5-4fa4-a97d-d965ccfc6d4b" outcome="Passed" testListId="8c84fa94-04c1-424b-9868-57a2d4851a1d" relativeResultsDirectory="98e53f73-3160-4ffa-b0c1-2aba927301ec">
      <Output>
        <StdOut>=== Aspire (dotnet run) ===
Builder methods:
ServerConfiguration
    .CreateAspireServer(new Uri("http://localhost:6066"), "/path/to/AspireApp.AppHost.csproj")
    .WithFramework("net9.0")
    .WithConfiguration("Release")
Run command:
dotnet run --framework net9.0 --configuration Release --no-launch-profile
Environment variables:
ASPNETCORE_ENVIRONMENT=Development
ASPNETCORE_FORWARDEDHEADERS_ENABLED=false
ASPNETCORE_HOSTINGSTARTUPASSEMBLIES=
ASPNETCORE_URLS=http://localhost:6066/
DOTNET_DASHBOARD_OTLP_ENDPOINT_URL=https://localhost:21097
DOTNET_ENVIRONMENT=Development
DOTNET_RESOURCE_SERVICE_ENDPOINT_URL=https://localhost:22268
====================</StdOut>
      </Output>
    </UnitTestResult>
    <UnitTestResult executionId="efdee30e-14f9-4fa0-b147-6dba4162870c" testId="1dbd60f0-8bf8-0e06-1bea-3397a47d2afd" testName="HeadlessMode_WithValidValue_SetsHeadlessMode" computerName="cursor" duration="00:00:00.0001760" startTime="2025-08-11T11:37:33.3984870+00:00" endTime="2025-08-11T11:37:33.3986630+00:00" testType="13cdc9d9-ddb5-4fa4-a97d-d965ccfc6d4b" outcome="Passed" testListId="8c84fa94-04c1-424b-9868-57a2d4851a1d" relativeResultsDirectory="efdee30e-14f9-4fa0-b147-6dba4162870c" />
    <UnitTestResult executionId="9e82bbb9-1cdc-4f32-9821-3a63abb66a00" testId="691a1ada-8b81-1eeb-9198-2480eca9bcb5" testName="ServerConfiguration_Removed_FromOptions" computerName="cursor" duration="00:00:00.0001620" startTime="2025-08-11T11:37:33.3989037+00:00" endTime="2025-08-11T11:37:33.3990653+00:00" testType="13cdc9d9-ddb5-4fa4-a97d-d965ccfc6d4b" outcome="Passed" testListId="8c84fa94-04c1-424b-9868-57a2d4851a1d" relativeResultsDirectory="9e82bbb9-1cdc-4f32-9821-3a63abb66a00">
      <Output>
        <StdOut>Server configuration removed from options; managed by WebServerManager</StdOut>
      </Output>
    </UnitTestResult>
    <UnitTestResult executionId="7c1fed20-2aac-4598-aa1f-f529eb2ffebb" testId="bf028da6-1617-4eb8-985e-f133f6495b1c" testName="IsCached_WithNonExistingKey_ShouldReturnFalse" computerName="cursor" duration="00:00:00.0000830" startTime="2025-08-11T11:37:33.2173647+00:00" endTime="2025-08-11T11:37:33.2174473+00:00" testType="13cdc9d9-ddb5-4fa4-a97d-d965ccfc6d4b" outcome="Passed" testListId="8c84fa94-04c1-424b-9868-57a2d4851a1d" relativeResultsDirectory="7c1fed20-2aac-4598-aa1f-f529eb2ffebb" />
    <UnitTestResult executionId="6cff6b82-b71a-48de-9875-aaeb610fdbbc" testId="5b0f8305-1a07-717d-f99d-cd7dc78eb59e" testName="WaitFor_WithUnsupportedStrategy_ShouldThrowArgumentException" computerName="cursor" duration="00:00:00.0010660" startTime="2025-08-11T11:37:33.2366483+00:00" endTime="2025-08-11T11:37:33.2377137+00:00" testType="13cdc9d9-ddb5-4fa4-a97d-d965ccfc6d4b" outcome="Passed" testListId="8c84fa94-04c1-424b-9868-57a2d4851a1d" relativeResultsDirectory="6cff6b82-b71a-48de-9875-aaeb610fdbbc" />
    <UnitTestResult executionId="49b1a393-417f-4c8a-b1cc-37aa222141e4" testId="d6e5f7f2-25f3-210a-1f00-1f733c0e9da8" testName="Filter_WithNoMatchingElements_ShouldReturnEmptyCollection" computerName="cursor" duration="00:00:00.0045590" startTime="2025-08-11T11:37:33.1991716+00:00" endTime="2025-08-11T11:37:33.2037307+00:00" testType="13cdc9d9-ddb5-4fa4-a97d-d965ccfc6d4b" outcome="Passed" testListId="8c84fa94-04c1-424b-9868-57a2d4851a1d" relativeResultsDirectory="49b1a393-417f-4c8a-b1cc-37aa222141e4" />
    <UnitTestResult executionId="c7fd48e9-7c3b-4c01-93e0-8f137cb29d37" testId="bf999a1f-994b-fb2b-0916-7df6581792db" testName="FilterByAttribute_WithMatchingAttribute_ShouldReturnFilteredCollection" computerName="cursor" duration="00:00:00.0002570" startTime="2025-08-11T11:37:33.2060576+00:00" endTime="2025-08-11T11:37:33.2063147+00:00" testType="13cdc9d9-ddb5-4fa4-a97d-d965ccfc6d4b" outcome="Passed" testListId="8c84fa94-04c1-424b-9868-57a2d4851a1d" relativeResultsDirectory="c7fd48e9-7c3b-4c01-93e0-8f137cb29d37" />
    <UnitTestResult executionId="221cb271-91d2-4ff7-8c45-917a9418f44b" testId="71ed1687-d25f-f0b2-eee1-f1f69754d207" testName="Indexer_WithIndexEqualToCount_ShouldThrowArgumentOutOfRangeException" computerName="cursor" duration="00:00:00.0004330" startTime="2025-08-11T11:37:33.2105966+00:00" endTime="2025-08-11T11:37:33.2110299+00:00" testType="13cdc9d9-ddb5-4fa4-a97d-d965ccfc6d4b" outcome="Passed" testListId="8c84fa94-04c1-424b-9868-57a2d4851a1d" relativeResultsDirectory="221cb271-91d2-4ff7-8c45-917a9418f44b" />
    <UnitTestResult executionId="48537a3b-2f9a-4a37-ac08-24933ccadb2c" testId="475357e7-c128-1ac1-651e-32f7af1e435a" testName="IEnumerableGetEnumerator_ShouldReturnAllElements" computerName="cursor" duration="00:00:00.0006300" startTime="2025-08-11T11:37:33.2099510+00:00" endTime="2025-08-11T11:37:33.2105806+00:00" testType="13cdc9d9-ddb5-4fa4-a97d-d965ccfc6d4b" outcome="Passed" testListId="8c84fa94-04c1-424b-9868-57a2d4851a1d" relativeResultsDirectory="48537a3b-2f9a-4a37-ac08-24933ccadb2c" />
    <UnitTestResult executionId="6adf5f9b-f658-4ae6-adee-dd75b0f8de09" testId="eeb41d66-bc8a-3f24-dae1-82048046740c" testName="WithSlowMo_WithNullValue_SetsSlowMoToNull" computerName="cursor" duration="00:00:00.0001620" startTime="2025-08-11T11:37:33.2637585+00:00" endTime="2025-08-11T11:37:33.2639204+00:00" testType="13cdc9d9-ddb5-4fa4-a97d-d965ccfc6d4b" outcome="Passed" testListId="8c84fa94-04c1-424b-9868-57a2d4851a1d" relativeResultsDirectory="6adf5f9b-f658-4ae6-adee-dd75b0f8de09" />
    <UnitTestResult executionId="40bf0fff-e4eb-4e81-9a65-e1f64f4f89c2" testId="ffb66a76-a7d1-dfa1-aa9c-bf5163813cc6" testName="First_WithNonEmptyCollection_ShouldReturnFirstElement" computerName="cursor" duration="00:00:00.0002350" startTime="2025-08-11T11:37:33.2085675+00:00" endTime="2025-08-11T11:37:33.2088027+00:00" testType="13cdc9d9-ddb5-4fa4-a97d-d965ccfc6d4b" outcome="Passed" testListId="8c84fa94-04c1-424b-9868-57a2d4851a1d" relativeResultsDirectory="40bf0fff-e4eb-4e81-9a65-e1f64f4f89c2" />
    <UnitTestResult executionId="79a0ce43-4b99-4a61-b4f6-8141508b0fbd" testId="75c5db20-bc00-63de-91f7-e74098d22990" testName="CreateElement_WithNullConfiguration_ShouldThrowArgumentNullException" computerName="cursor" duration="00:00:00.0001720" startTime="2025-08-11T11:37:33.2157533+00:00" endTime="2025-08-11T11:37:33.2159248+00:00" testType="13cdc9d9-ddb5-4fa4-a97d-d965ccfc6d4b" outcome="Passed" testListId="8c84fa94-04c1-424b-9868-57a2d4851a1d" relativeResultsDirectory="79a0ce43-4b99-4a61-b4f6-8141508b0fbd" />
    <UnitTestResult executionId="6523ab5c-e753-4feb-8f80-bbf98cd570c9" testId="8ee850f6-f93d-44de-04bb-8bbc073b000b" testName="Constructor_WithNullOptions_ShouldThrowArgumentNullException" computerName="cursor" duration="00:00:00.0006570" startTime="2025-08-11T11:37:33.1647658+00:00" endTime="2025-08-11T11:37:33.1654228+00:00" testType="13cdc9d9-ddb5-4fa4-a97d-d965ccfc6d4b" outcome="Passed" testListId="8c84fa94-04c1-424b-9868-57a2d4851a1d" relativeResultsDirectory="6523ab5c-e753-4feb-8f80-bbf98cd570c9" />
    <UnitTestResult executionId="10ae114f-6870-41fc-a2e6-7706a579b2c0" testId="18f05ca5-b5fb-a8dd-f454-c581d558cbe9" testName="FilterByAttribute_WithEmptyAttributeName_ShouldThrowArgumentException" computerName="cursor" duration="00:00:00.0003730" startTime="2025-08-11T11:37:33.2056736+00:00" endTime="2025-08-11T11:37:33.2060460+00:00" testType="13cdc9d9-ddb5-4fa4-a97d-d965ccfc6d4b" outcome="Passed" testListId="8c84fa94-04c1-424b-9868-57a2d4851a1d" relativeResultsDirectory="10ae114f-6870-41fc-a2e6-7706a579b2c0" />
    <UnitTestResult executionId="faa84828-8860-4210-b1f8-7d776b5a9d41" testId="8edbc9e8-8106-4e2b-446e-15afc8cb2e79" testName="WaitForVisible_ShouldCallDriverWaitForElementToBeVisible" computerName="cursor" duration="00:00:00.0002100" startTime="2025-08-11T11:37:33.2385352+00:00" endTime="2025-08-11T11:37:33.2387446+00:00" testType="13cdc9d9-ddb5-4fa4-a97d-d965ccfc6d4b" outcome="Passed" testListId="8c84fa94-04c1-424b-9868-57a2d4851a1d" relativeResultsDirectory="faa84828-8860-4210-b1f8-7d776b5a9d41" />
    <UnitTestResult executionId="151bc30d-ede7-4ed1-a946-fd7baed808f4" testId="db9ada96-dcf3-e037-db10-b7563d6669b8" testName="SlowMo_WithNullValue_SetsSlowMoToNull" computerName="cursor" duration="00:00:00.0002120" startTime="2025-08-11T11:37:33.3990720+00:00" endTime="2025-08-11T11:37:33.3992839+00:00" testType="13cdc9d9-ddb5-4fa4-a97d-d965ccfc6d4b" outcome="Passed" testListId="8c84fa94-04c1-424b-9868-57a2d4851a1d" relativeResultsDirectory="151bc30d-ede7-4ed1-a946-fd7baed808f4" />
    <UnitTestResult executionId="9b6d4b9f-9db2-4cd3-b9f3-be7795c03131" testId="b877d3bb-b67c-3d6a-02a1-248c2c6a7c36" testName="DetectProjectPath_NoGit_FallsBackToDirectorySearch" computerName="cursor" duration="00:00:00.0046010" startTime="2025-08-11T11:37:33.4023350+00:00" endTime="2025-08-11T11:37:33.4069357+00:00" testType="13cdc9d9-ddb5-4fa4-a97d-d965ccfc6d4b" outcome="Failed" testListId="8c84fa94-04c1-424b-9868-57a2d4851a1d" relativeResultsDirectory="9b6d4b9f-9db2-4cd3-b9f3-be7795c03131">
      <Output>
        <ErrorInfo>
          <Message>  Assert.That(result, Is.EqualTo(pkg))
  Expected: "/tmp/krU2MY/web/package.json"
  But was:  null
</Message>
          <StackTrace>   at FluentUIScaffold.Core.Tests.GitBasedProjectDetectorTests.DetectProjectPath_NoGit_FallsBackToDirectorySearch() in /workspace/tests/FluentUIScaffold.Core.Tests/GitBasedProjectDetectorTests.cs:line 53

1)    at FluentUIScaffold.Core.Tests.GitBasedProjectDetectorTests.DetectProjectPath_NoGit_FallsBackToDirectorySearch() in /workspace/tests/FluentUIScaffold.Core.Tests/GitBasedProjectDetectorTests.cs:line 53

</StackTrace>
        </ErrorInfo>
      </Output>
    </UnitTestResult>
    <UnitTestResult executionId="68cb2125-6ef5-46b1-8015-f67f96da5324" testId="c3694fbe-f799-3b5e-9ff5-0d754eb65db7" testName="FilterByAttribute_WithNullAttributeName_ShouldThrowArgumentException" computerName="cursor" duration="00:00:00.0002610" startTime="2025-08-11T11:37:33.2065144+00:00" endTime="2025-08-11T11:37:33.2067755+00:00" testType="13cdc9d9-ddb5-4fa4-a97d-d965ccfc6d4b" outcome="Passed" testListId="8c84fa94-04c1-424b-9868-57a2d4851a1d" relativeResultsDirectory="68cb2125-6ef5-46b1-8015-f67f96da5324" />
    <UnitTestResult executionId="32158325-616f-4570-8452-fd36d637e2af" testId="629e7f8f-acc1-6486-7ee3-d596d40e2188" testName="FilterByAttribute_WithCaseInsensitiveMatch_ShouldReturnFilteredCollection" computerName="cursor" duration="00:00:00.0009600" startTime="2025-08-11T11:37:33.2046989+00:00" endTime="2025-08-11T11:37:33.2056588+00:00" testType="13cdc9d9-ddb5-4fa4-a97d-d965ccfc6d4b" outcome="Passed" testListId="8c84fa94-04c1-424b-9868-57a2d4851a1d" relativeResultsDirectory="32158325-616f-4570-8452-fd36d637e2af" />
    <UnitTestResult executionId="eb785498-c993-46d6-835b-49304314f094" testId="471622d6-a01c-acdb-82c5-f00f72212509" testName="WithHeadlessMode_WithNull_SetsNull" computerName="cursor" duration="00:00:00.0001380" startTime="2025-08-11T11:37:33.2623073+00:00" endTime="2025-08-11T11:37:33.2624450+00:00" testType="13cdc9d9-ddb5-4fa4-a97d-d965ccfc6d4b" outcome="Passed" testListId="8c84fa94-04c1-424b-9868-57a2d4851a1d" relativeResultsDirectory="eb785498-c993-46d6-835b-49304314f094" />
    <UnitTestResult executionId="eca0c5c4-4395-419d-9466-35a9cf4b0db4" testId="2ac27a39-0887-ff83-8ecd-f4b873b52bce" testName="GetOrCreateElement_WithNullSelector_ShouldThrowArgumentException" computerName="cursor" duration="00:00:00.0002020" startTime="2025-08-11T11:37:33.2170623+00:00" endTime="2025-08-11T11:37:33.2172639+00:00" testType="13cdc9d9-ddb5-4fa4-a97d-d965ccfc6d4b" outcome="Passed" testListId="8c84fa94-04c1-424b-9868-57a2d4851a1d" relativeResultsDirectory="eca0c5c4-4395-419d-9466-35a9cf4b0db4" />
    <UnitTestResult executionId="482829e9-5f71-43b2-8757-a3c7d53cd9b4" testId="4b5ed4f4-cca7-3210-3b0c-b7d6cb410605" testName="GetEnumerator_ShouldReturnAllElements" computerName="cursor" duration="00:00:00.0006489" startTime="2025-08-11T11:37:33.2092874+00:00" endTime="2025-08-11T11:37:33.2099366+00:00" testType="13cdc9d9-ddb5-4fa4-a97d-d965ccfc6d4b" outcome="Passed" testListId="8c84fa94-04c1-424b-9868-57a2d4851a1d" relativeResultsDirectory="482829e9-5f71-43b2-8757-a3c7d53cd9b4" />
    <UnitTestResult executionId="4f225aa1-891b-427e-8438-bd8afdbb5143" testId="dd2018e8-67f8-175b-29d6-c073c16953d1" testName="Constructor_WithValidElements_ShouldInitializeCollection" computerName="cursor" duration="00:00:00.0012150" startTime="2025-08-11T11:37:33.1979389+00:00" endTime="2025-08-11T11:37:33.1991532+00:00" testType="13cdc9d9-ddb5-4fa4-a97d-d965ccfc6d4b" outcome="Passed" testListId="8c84fa94-04c1-424b-9868-57a2d4851a1d" relativeResultsDirectory="4f225aa1-891b-427e-8438-bd8afdbb5143" />
    <UnitTestResult executionId="995a3e70-4757-4217-be85-5fd337c59d97" testId="9a47f56b-5bfd-fc11-0334-5ee2c89f0d7c" testName="CacheCount_ShouldReturnCorrectCount" computerName="cursor" duration="00:00:00.0005080" startTime="2025-08-11T11:37:33.2132657+00:00" endTime="2025-08-11T11:37:33.2137733+00:00" testType="13cdc9d9-ddb5-4fa4-a97d-d965ccfc6d4b" outcome="Passed" testListId="8c84fa94-04c1-424b-9868-57a2d4851a1d" relativeResultsDirectory="995a3e70-4757-4217-be85-5fd337c59d97" />
    <UnitTestResult executionId="1e79b775-5923-4d33-b5db-de5daf715930" testId="cbefd2c6-af4f-b601-5e3c-99959e055433" testName="LastOrDefault_WithNonEmptyCollection_ShouldReturnLastElement" computerName="cursor" duration="00:00:00.0002220" startTime="2025-08-11T11:37:33.2129167+00:00" endTime="2025-08-11T11:37:33.2131389+00:00" testType="13cdc9d9-ddb5-4fa4-a97d-d965ccfc6d4b" outcome="Passed" testListId="8c84fa94-04c1-424b-9868-57a2d4851a1d" relativeResultsDirectory="1e79b775-5923-4d33-b5db-de5daf715930" />
    <UnitTestResult executionId="11fe1531-ec6d-4a5d-b993-91312ea6fffa" testId="f6b53d12-55a1-6cea-cf6b-996b794f8a7d" testName="Select_ShouldCallDriverSelectOption" computerName="cursor" duration="00:00:00.0006470" startTime="2025-08-11T11:37:33.2309479+00:00" endTime="2025-08-11T11:37:33.2315951+00:00" testType="13cdc9d9-ddb5-4fa4-a97d-d965ccfc6d4b" outcome="Passed" testListId="8c84fa94-04c1-424b-9868-57a2d4851a1d" relativeResultsDirectory="11fe1531-ec6d-4a5d-b993-91312ea6fffa" />
    <UnitTestResult executionId="4ebeb1b7-309e-4786-9e8a-4d04b7027b89" testId="f886403e-9ef4-53a2-d4e1-ecec3b79370d" testName="Constructor_WithNullSelector_ShouldThrowArgumentNullException" computerName="cursor" duration="00:00:00.0002890" startTime="2025-08-11T11:37:33.1661943+00:00" endTime="2025-08-11T11:37:33.1664830+00:00" testType="13cdc9d9-ddb5-4fa4-a97d-d965ccfc6d4b" outcome="Passed" testListId="8c84fa94-04c1-424b-9868-57a2d4851a1d" relativeResultsDirectory="4ebeb1b7-309e-4786-9e8a-4d04b7027b89" />
    <UnitTestResult executionId="6600c19b-8f7e-482e-a163-2704cd0e97ab" testId="12ff9ff8-18aa-7b6e-4922-4d2923a6060b" testName="RegisterPlugin_WithValidPluginInstance_RegistersPlugin" computerName="cursor" duration="00:00:00.0003370" startTime="2025-08-11T11:37:33.4159918+00:00" endTime="2025-08-11T11:37:33.4163285+00:00" testType="13cdc9d9-ddb5-4fa4-a97d-d965ccfc6d4b" outcome="Passed" testListId="8c84fa94-04c1-424b-9868-57a2d4851a1d" relativeResultsDirectory="6600c19b-8f7e-482e-a163-2704cd0e97ab" />
    <UnitTestResult executionId="cccc6ea4-cc85-4494-bcd2-1b5cfd8447fd" testId="9db3b268-6657-af98-9f75-1b63df5c1b61" testName="CustomEnvironmentVariables_ArePreserved" computerName="cursor" duration="00:00:00.0004640" startTime="2025-08-11T11:37:33.4208911+00:00" endTime="2025-08-11T11:37:33.4213551+00:00" testType="13cdc9d9-ddb5-4fa4-a97d-d965ccfc6d4b" outcome="Passed" testListId="8c84fa94-04c1-424b-9868-57a2d4851a1d" relativeResultsDirectory="cccc6ea4-cc85-4494-bcd2-1b5cfd8447fd">
      <Output>
        <StdOut>=== Custom env vars ===
Builder methods:
.WithEnvironmentVariable("MY_SETTING", "abc").WithEnvironmentVariables(...) 
Run command:
dotnet run --framework net8.0 --configuration Release --no-launch-profile
Environment variables:
ASPNETCORE_ENVIRONMENT=Staging
ASPNETCORE_HOSTINGSTARTUPASSEMBLIES=
FOO=bar
MY_SETTING=abc
====================</StdOut>
      </Output>
    </UnitTestResult>
    <UnitTestResult executionId="ef75594a-8c4d-4d23-9d7f-2ac12f7fe2b7" testId="6d5a4486-b343-0cdc-4507-2918b358e5b5" testName="DotNet_WorkingDirectory_IsApplied" computerName="cursor" duration="00:00:00.0001330" startTime="2025-08-11T11:37:33.4221719+00:00" endTime="2025-08-11T11:37:33.4223050+00:00" testType="13cdc9d9-ddb5-4fa4-a97d-d965ccfc6d4b" outcome="Passed" testListId="8c84fa94-04c1-424b-9868-57a2d4851a1d" relativeResultsDirectory="ef75594a-8c4d-4d23-9d7f-2ac12f7fe2b7" />
    <UnitTestResult executionId="b5589607-5d40-4c88-9be1-74c03fa52163" testId="677131f5-8f9b-a5d7-51f3-8830f5479d4d" testName="WithHeadlessMode_WithNullValue_SetsHeadlessModeToNull" computerName="cursor" duration="00:00:00.0002130" startTime="2025-08-11T11:37:33.2624524+00:00" endTime="2025-08-11T11:37:33.2626657+00:00" testType="13cdc9d9-ddb5-4fa4-a97d-d965ccfc6d4b" outcome="Passed" testListId="8c84fa94-04c1-424b-9868-57a2d4851a1d" relativeResultsDirectory="b5589607-5d40-4c88-9be1-74c03fa52163" />
    <UnitTestResult executionId="82d03626-73bb-4e8f-a74e-06f9cf69e718" testId="d8390e41-bd5a-fe7f-3b98-f2190b4f7ae8" testName="RemoveFromCache_WithNonExistingKey_ShouldReturnFalse" computerName="cursor" duration="00:00:00.0000760" startTime="2025-08-11T11:37:33.2183275+00:00" endTime="2025-08-11T11:37:33.2184038+00:00" testType="13cdc9d9-ddb5-4fa4-a97d-d965ccfc6d4b" outcome="Passed" testListId="8c84fa94-04c1-424b-9868-57a2d4851a1d" relativeResultsDirectory="82d03626-73bb-4e8f-a74e-06f9cf69e718" />
    <UnitTestResult executionId="2936a0e0-5303-4cf1-a5c8-1f1d7f94e7b9" testId="c6b038af-0bc0-b632-00c4-3ef8ea29ed6e" testName="RemoveFromCache_WithExistingKey_ShouldRemoveElement" computerName="cursor" duration="00:00:00.0001750" startTime="2025-08-11T11:37:33.2181456+00:00" endTime="2025-08-11T11:37:33.2183208+00:00" testType="13cdc9d9-ddb5-4fa4-a97d-d965ccfc6d4b" outcome="Passed" testListId="8c84fa94-04c1-424b-9868-57a2d4851a1d" relativeResultsDirectory="2936a0e0-5303-4cf1-a5c8-1f1d7f94e7b9" />
    <UnitTestResult executionId="ddd8a115-8008-4155-b615-f33410b17f7d" testId="2e23022d-866f-3ace-93c9-9c504b47228e" testName="RegisterPlugin_WithNullPlugin_ThrowsArgumentNullException" computerName="cursor" duration="00:00:00.0002240" startTime="2025-08-11T11:37:33.4157604+00:00" endTime="2025-08-11T11:37:33.4159839+00:00" testType="13cdc9d9-ddb5-4fa4-a97d-d965ccfc6d4b" outcome="Passed" testListId="8c84fa94-04c1-424b-9868-57a2d4851a1d" relativeResultsDirectory="ddd8a115-8008-4155-b615-f33410b17f7d" />
    <UnitTestResult executionId="82570c62-c520-48d2-9c86-d69cf4777248" testId="07d2e673-5834-e2ca-06bc-89c7780bb3c8" testName="SpaProxy_Toggle_SetsHostingStartupAssembliesEnv" computerName="cursor" duration="00:00:00.0002290" startTime="2025-08-11T11:37:33.4232809+00:00" endTime="2025-08-11T11:37:33.4235095+00:00" testType="13cdc9d9-ddb5-4fa4-a97d-d965ccfc6d4b" outcome="Passed" testListId="8c84fa94-04c1-424b-9868-57a2d4851a1d" relativeResultsDirectory="82570c62-c520-48d2-9c86-d69cf4777248">
      <Output>
        <StdOut>=== SPA proxy enabled ===
Builder methods:
.WithSpaProxy(true)
Run command:
dotnet run --framework net8.0 --configuration Release --no-launch-profile
Environment variables:
ASPNETCORE_ENVIRONMENT=Development
ASPNETCORE_HOSTINGSTARTUPASSEMBLIES=Microsoft.AspNetCore.SpaProxy
====================

=== SPA proxy disabled ===
Builder methods:
.WithSpaProxy(false)
Run command:
dotnet run --framework net8.0 --configuration Release --no-launch-profile
Environment variables:
ASPNETCORE_ENVIRONMENT=Development
ASPNETCORE_HOSTINGSTARTUPASSEMBLIES=
====================</StdOut>
      </Output>
    </UnitTestResult>
    <UnitTestResult executionId="f3718a5d-1314-4414-adeb-8fc30115f139" testId="33a7bbde-5ce9-4487-c1d1-eb748c5080db" testName="CreateDriver_WithNullOptions_ThrowsArgumentNullException" computerName="cursor" duration="00:00:00.0001390" startTime="2025-08-11T11:37:33.4142536+00:00" endTime="2025-08-11T11:37:33.4143926+00:00" testType="13cdc9d9-ddb5-4fa4-a97d-d965ccfc6d4b" outcome="Passed" testListId="8c84fa94-04c1-424b-9868-57a2d4851a1d" relativeResultsDirectory="f3718a5d-1314-4414-adeb-8fc30115f139" />
    <UnitTestResult executionId="2374ef19-d287-4185-ad7a-6686f418ecaf" testId="e78cb7dd-0751-e11c-f830-882cb6a69d14" testName="Constructor_WithNullOptions_ShouldThrowArgumentNullException" computerName="cursor" duration="00:00:00.0002090" startTime="2025-08-11T11:37:33.2147473+00:00" endTime="2025-08-11T11:37:33.2149562+00:00" testType="13cdc9d9-ddb5-4fa4-a97d-d965ccfc6d4b" outcome="Passed" testListId="8c84fa94-04c1-424b-9868-57a2d4851a1d" relativeResultsDirectory="2374ef19-d287-4185-ad7a-6686f418ecaf" />
    <UnitTestResult executionId="033df91c-5b37-41f9-8abd-ce74df618834" testId="fcd32eae-1929-9e13-f2a2-ebf52e2ea1bb" testName="WebApplicationFactory_GetLauncher_SelectsCorrectLauncher" computerName="cursor" duration="00:00:00.0024450" startTime="2025-08-11T11:37:33.4237402+00:00" endTime="2025-08-11T11:37:33.4261854+00:00" testType="13cdc9d9-ddb5-4fa4-a97d-d965ccfc6d4b" outcome="Passed" testListId="8c84fa94-04c1-424b-9868-57a2d4851a1d" relativeResultsDirectory="033df91c-5b37-41f9-8abd-ce74df618834" />
    <UnitTestResult executionId="268e4913-495c-42e1-ba28-db487ae6a207" testId="5ecd0d47-634a-f5a5-e7c4-807c1c8c5935" testName="WithSlowMo_WithZeroValue_SetsSlowMoToZero" computerName="cursor" duration="00:00:00.0003210" startTime="2025-08-11T11:37:33.2640823+00:00" endTime="2025-08-11T11:37:33.2644027+00:00" testType="13cdc9d9-ddb5-4fa4-a97d-d965ccfc6d4b" outcome="Passed" testListId="8c84fa94-04c1-424b-9868-57a2d4851a1d" relativeResultsDirectory="268e4913-495c-42e1-ba28-db487ae6a207" />
    <UnitTestResult executionId="3f7f0adf-bfe7-4e8b-8dae-9dfafe0844a8" testId="a8ccc846-1ff4-1690-63b6-362e0b40f521" testName="ValidatePlugins_WithValidPlugins_DoesNotThrow" computerName="cursor" duration="00:00:00.0002240" startTime="2025-08-11T11:37:33.4171366+00:00" endTime="2025-08-11T11:37:33.4173603+00:00" testType="13cdc9d9-ddb5-4fa4-a97d-d965ccfc6d4b" outcome="Passed" testListId="8c84fa94-04c1-424b-9868-57a2d4851a1d" relativeResultsDirectory="3f7f0adf-bfe7-4e8b-8dae-9dfafe0844a8" />
    <UnitTestResult executionId="eb89fec0-13f3-409f-b134-bed713ca6e1f" testId="b7012c97-f966-55dc-c35d-274095149e5d" testName="RegisterElement_WithEmptyKey_ShouldThrowArgumentException" computerName="cursor" duration="00:00:00.0002190" startTime="2025-08-11T11:37:33.2174534+00:00" endTime="2025-08-11T11:37:33.2176722+00:00" testType="13cdc9d9-ddb5-4fa4-a97d-d965ccfc6d4b" outcome="Passed" testListId="8c84fa94-04c1-424b-9868-57a2d4851a1d" relativeResultsDirectory="eb89fec0-13f3-409f-b134-bed713ca6e1f" />
    <UnitTestResult executionId="aeb5a1c4-c480-4d95-a4ca-0457593117bf" testId="24920700-cbf0-845b-81d7-78958082ce63" testName="RegisterLauncher_WithValidLauncher_RegistersSuccessfully" computerName="cursor" duration="00:00:00.0002520" startTime="2025-08-11T11:37:33.4293548+00:00" endTime="2025-08-11T11:37:33.4296070+00:00" testType="13cdc9d9-ddb5-4fa4-a97d-d965ccfc6d4b" outcome="Passed" testListId="8c84fa94-04c1-424b-9868-57a2d4851a1d" relativeResultsDirectory="aeb5a1c4-c480-4d95-a4ca-0457593117bf" />
    <UnitTestResult executionId="4217158e-e1ba-40e1-a29c-df9c36f974ae" testId="28f45f08-f929-d021-87bf-ac7bea3175f6" testName="WithWebServerProjectPath_WithNullPath_Removed" computerName="cursor" duration="00:00:00.0001410" startTime="2025-08-11T11:37:33.2648299+00:00" endTime="2025-08-11T11:37:33.2649711+00:00" testType="13cdc9d9-ddb5-4fa4-a97d-d965ccfc6d4b" outcome="Passed" testListId="8c84fa94-04c1-424b-9868-57a2d4851a1d" relativeResultsDirectory="4217158e-e1ba-40e1-a29c-df9c36f974ae">
      <Output>
        <StdOut>Removed</StdOut>
      </Output>
    </UnitTestResult>
    <UnitTestResult executionId="42d19579-7686-48ed-9da0-c72c9ea8e0b4" testId="d0ef1a67-943c-e03c-80e8-cb9d77933072" testName="WithBaseUrl_WithValidUrl_SetsBaseUrl" computerName="cursor" duration="00:00:00.0005640" startTime="2025-08-11T11:37:33.3996442+00:00" endTime="2025-08-11T11:37:33.4002078+00:00" testType="13cdc9d9-ddb5-4fa4-a97d-d965ccfc6d4b" outcome="Passed" testListId="8c84fa94-04c1-424b-9868-57a2d4851a1d" relativeResultsDirectory="42d19579-7686-48ed-9da0-c72c9ea8e0b4" />
    <UnitTestResult executionId="40983b2d-5e18-45db-a7d1-32bf4261cd53" testId="f2f6b3ec-eeaf-c73e-5a2e-1ef2fc174766" testName="WithAttribute_WithNullName_ShouldThrowArgumentException" computerName="cursor" duration="00:00:00.0002040" startTime="2025-08-11T11:37:33.1844783+00:00" endTime="2025-08-11T11:37:33.1846823+00:00" testType="13cdc9d9-ddb5-4fa4-a97d-d965ccfc6d4b" outcome="Passed" testListId="8c84fa94-04c1-424b-9868-57a2d4851a1d" relativeResultsDirectory="40983b2d-5e18-45db-a7d1-32bf4261cd53" />
    <UnitTestResult executionId="cc9c93aa-c4cc-4fb5-a674-10457445e35e" testId="7b7eece1-efca-5e39-6f9c-7c2cf05500c2" testName="DotNet_EnvironmentSetters_AreApplied" computerName="cursor" duration="00:00:00.0001510" startTime="2025-08-11T11:37:33.4215645+00:00" endTime="2025-08-11T11:37:33.4217154+00:00" testType="13cdc9d9-ddb5-4fa4-a97d-d965ccfc6d4b" outcome="Passed" testListId="8c84fa94-04c1-424b-9868-57a2d4851a1d" relativeResultsDirectory="cc9c93aa-c4cc-4fb5-a674-10457445e35e" />
    <UnitTestResult executionId="ef884876-74bb-4489-a37a-07a190225cbe" testId="ecd11cad-395d-4d5e-d9ae-03e7b8295be8" testName="WithAttribute_ShouldAddAttribute" computerName="cursor" duration="00:00:00.0002440" startTime="2025-08-11T11:37:33.1839612+00:00" endTime="2025-08-11T11:37:33.1842049+00:00" testType="13cdc9d9-ddb5-4fa4-a97d-d965ccfc6d4b" outcome="Passed" testListId="8c84fa94-04c1-424b-9868-57a2d4851a1d" relativeResultsDirectory="ef884876-74bb-4489-a37a-07a190225cbe" />
    <UnitTestResult executionId="bdf47ad0-2676-4c0c-a556-ebd6609c5494" testId="fab6990d-3c1c-2c65-5826-c4e429096956" testName="GetOrCreateElement_WithEmptyKey_ShouldThrowArgumentException" computerName="cursor" duration="00:00:00.0001210" startTime="2025-08-11T11:37:33.2161834+00:00" endTime="2025-08-11T11:37:33.2163041+00:00" testType="13cdc9d9-ddb5-4fa4-a97d-d965ccfc6d4b" outcome="Passed" testListId="8c84fa94-04c1-424b-9868-57a2d4851a1d" relativeResultsDirectory="bdf47ad0-2676-4c0c-a556-ebd6609c5494" />
    <UnitTestResult executionId="bf829c06-03b9-4617-b58c-07992df4af94" testId="cc28fd0d-aeb1-6068-03cf-a613121c3154" testName="First_WithEmptyCollection_ShouldThrowInvalidOperationException" computerName="cursor" duration="00:00:00.0003340" startTime="2025-08-11T11:37:33.2082245+00:00" endTime="2025-08-11T11:37:33.2085582+00:00" testType="13cdc9d9-ddb5-4fa4-a97d-d965ccfc6d4b" outcome="Passed" testListId="8c84fa94-04c1-424b-9868-57a2d4851a1d" relativeResultsDirectory="bf829c06-03b9-4617-b58c-07992df4af94" />
    <UnitTestResult executionId="2194c86c-c1ff-453a-a2e2-0ed73c3a2c22" testId="f02c83be-628b-c901-c0e0-b0c07da04720" testName="GetLauncher_WithUnregisteredServerType_ThrowsException" computerName="cursor" duration="00:00:00.0002560" startTime="2025-08-11T11:37:33.4284731+00:00" endTime="2025-08-11T11:37:33.4287285+00:00" testType="13cdc9d9-ddb5-4fa4-a97d-d965ccfc6d4b" outcome="Passed" testListId="8c84fa94-04c1-424b-9868-57a2d4851a1d" relativeResultsDirectory="2194c86c-c1ff-453a-a2e2-0ed73c3a2c22" />
    <UnitTestResult executionId="26937630-0cb5-4f39-9138-cce234184015" testId="b7f18d4e-e8c0-3285-6e79-21ddd24f3d41" testName="DotNet_ForwardedHeadersFlag_SerializesAsLowercaseBoolean" computerName="cursor" duration="00:00:00.0001190" startTime="2025-08-11T11:37:33.4217216+00:00" endTime="2025-08-11T11:37:33.4218405+00:00" testType="13cdc9d9-ddb5-4fa4-a97d-d965ccfc6d4b" outcome="Passed" testListId="8c84fa94-04c1-424b-9868-57a2d4851a1d" relativeResultsDirectory="26937630-0cb5-4f39-9138-cce234184015" />
    <UnitTestResult executionId="2c3c7a4b-8b6c-4c10-99af-95c442610481" testId="020a6f08-c481-d586-c35b-71ffdcdf77ae" testName="Build_WithValidConfiguration_ReturnsConfiguredOptions" computerName="cursor" duration="00:00:00.0005540" startTime="2025-08-11T11:37:33.2432923+00:00" endTime="2025-08-11T11:37:33.2438457+00:00" testType="13cdc9d9-ddb5-4fa4-a97d-d965ccfc6d4b" outcome="Passed" testListId="8c84fa94-04c1-424b-9868-57a2d4851a1d" relativeResultsDirectory="2c3c7a4b-8b6c-4c10-99af-95c442610481" />
    <UnitTestResult executionId="8a87f374-e9c8-4773-a09e-b37609086233" testId="ab73f926-d1a2-00f0-bb5d-c38f897fb557" testName="CreateElement_WithEmptySelector_ShouldThrowArgumentException" computerName="cursor" duration="00:00:00.0002320" startTime="2025-08-11T11:37:33.2155014+00:00" endTime="2025-08-11T11:37:33.2157329+00:00" testType="13cdc9d9-ddb5-4fa4-a97d-d965ccfc6d4b" outcome="Passed" testListId="8c84fa94-04c1-424b-9868-57a2d4851a1d" relativeResultsDirectory="8a87f374-e9c8-4773-a09e-b37609086233" />
    <UnitTestResult executionId="48557490-2567-4c85-8db0-ec051deea449" testId="68cc5f29-514d-38dc-c438-33585cc74aa4" testName="Constructor_WithExistingOptions_CreatesInstance" computerName="cursor" duration="00:00:00.0001830" startTime="2025-08-11T11:37:33.2438580+00:00" endTime="2025-08-11T11:37:33.2440409+00:00" testType="13cdc9d9-ddb5-4fa4-a97d-d965ccfc6d4b" outcome="Passed" testListId="8c84fa94-04c1-424b-9868-57a2d4851a1d" relativeResultsDirectory="48557490-2567-4c85-8db0-ec051deea449" />
    <UnitTestResult executionId="3b729eab-8248-42c7-9be4-52995eab728b" testId="5e045292-2424-2536-e9a7-78679c446a8a" testName="WebApplicationFactory_FrameworkAndConfiguration_ProducesExpectedRunCommand" computerName="cursor" duration="00:00:00.0002120" startTime="2025-08-11T11:37:33.4235195+00:00" endTime="2025-08-11T11:37:33.4237315+00:00" testType="13cdc9d9-ddb5-4fa4-a97d-d965ccfc6d4b" outcome="Passed" testListId="8c84fa94-04c1-424b-9868-57a2d4851a1d" relativeResultsDirectory="3b729eab-8248-42c7-9be4-52995eab728b">
      <Output>
        <StdOut>=== WebApplicationFactory (fallback to dotnet run) ===
Builder methods:
.WithFramework("net9.0").WithConfiguration("Debug")
Run command:
dotnet run --framework net9.0 --configuration Debug --no-launch-profile
Environment variables:
ASPNETCORE_HOSTINGSTARTUPASSEMBLIES=
====================</StdOut>
      </Output>
    </UnitTestResult>
    <UnitTestResult executionId="3a257c13-25c0-4cf1-952d-524bd8d3cb21" testId="1c0d19b9-1bef-846e-5c51-324c55f41975" testName="Constructor_WithValidParameters_ShouldSetProperties" computerName="cursor" duration="00:00:00.0003540" startTime="2025-08-11T11:37:33.2255503+00:00" endTime="2025-08-11T11:37:33.2259042+00:00" testType="13cdc9d9-ddb5-4fa4-a97d-d965ccfc6d4b" outcome="Passed" testListId="8c84fa94-04c1-424b-9868-57a2d4851a1d" relativeResultsDirectory="3a257c13-25c0-4cf1-952d-524bd8d3cb21" />
    <UnitTestResult executionId="9b34c636-e599-404d-bb9f-a8b916b7162a" testId="27bf1d8f-6db2-9d4a-565f-5fca061cc8f1" testName="Placeholder_NoOp_ToMaintainTestStructure" computerName="cursor" duration="00:00:00.0002140" startTime="2025-08-11T11:37:33.3986697+00:00" endTime="2025-08-11T11:37:33.3988831+00:00" testType="13cdc9d9-ddb5-4fa4-a97d-d965ccfc6d4b" outcome="Passed" testListId="8c84fa94-04c1-424b-9868-57a2d4851a1d" relativeResultsDirectory="9b34c636-e599-404d-bb9f-a8b916b7162a" />
    <UnitTestResult executionId="658fbe6a-f13f-451f-885a-7a4248936d0a" testId="0cc5a016-6448-c184-75cf-5538243062ce" testName="WithServerConfiguration_WithNullConfiguration_Removed" computerName="cursor" duration="00:00:00.0001830" startTime="2025-08-11T11:37:33.2633985+00:00" endTime="2025-08-11T11:37:33.2635813+00:00" testType="13cdc9d9-ddb5-4fa4-a97d-d965ccfc6d4b" outcome="Passed" testListId="8c84fa94-04c1-424b-9868-57a2d4851a1d" relativeResultsDirectory="658fbe6a-f13f-451f-885a-7a4248936d0a">
      <Output>
        <StdOut>Removed</StdOut>
      </Output>
    </UnitTestResult>
    <UnitTestResult executionId="051df62c-2962-46a8-b1b8-7f2989830f05" testId="28f7c59d-b5d1-8620-75b4-446e721774f0" testName="Indexer_WithValidIndex_ShouldReturnElement" computerName="cursor" duration="00:00:00.0002290" startTime="2025-08-11T11:37:33.2117085+00:00" endTime="2025-08-11T11:37:33.2119370+00:00" testType="13cdc9d9-ddb5-4fa4-a97d-d965ccfc6d4b" outcome="Passed" testListId="8c84fa94-04c1-424b-9868-57a2d4851a1d" relativeResultsDirectory="051df62c-2962-46a8-b1b8-7f2989830f05" />
  </Results>
  <TestDefinitions>
    <UnitTest name="IEnumerableGetEnumerator_ShouldReturnAllElements" storage="/workspace/tests/fluentuiscaffold.core.tests/bin/debug/net8.0/fluentuiscaffold.core.tests.dll" id="475357e7-c128-1ac1-651e-32f7af1e435a">
      <Execution id="48537a3b-2f9a-4a37-ac08-24933ccadb2c" />
      <TestMethod codeBase="/workspace/tests/FluentUIScaffold.Core.Tests/bin/Debug/net8.0/FluentUIScaffold.Core.Tests.dll" adapterTypeName="executor://nunit3testexecutor/" className="FluentUIScaffold.Core.Tests.ElementCollectionTests" name="IEnumerableGetEnumerator_ShouldReturnAllElements" />
    </UnitTest>
    <UnitTest name="Register_SamePluginTypeTwice_DeduplicatesByType" storage="/workspace/tests/fluentuiscaffold.core.tests/bin/debug/net8.0/fluentuiscaffold.core.tests.dll" id="f46fda5d-5750-4db5-4e78-e68e765afd13">
      <Execution id="254620fe-b4a9-4223-8100-a92da1cff499" />
      <TestMethod codeBase="/workspace/tests/FluentUIScaffold.Core.Tests/bin/Debug/net8.0/FluentUIScaffold.Core.Tests.dll" adapterTypeName="executor://nunit3testexecutor/" className="FluentUIScaffold.Core.Tests.PluginRegistryTests" name="Register_SamePluginTypeTwice_DeduplicatesByType" />
    </UnitTest>
    <UnitTest name="WithDefaultWaitTimeout_WithZeroTimeout_ThrowsException" storage="/workspace/tests/fluentuiscaffold.core.tests/bin/debug/net8.0/fluentuiscaffold.core.tests.dll" id="bb6d95e1-fe2b-c7f2-f120-8406bb52b03a">
      <Execution id="0aeb505c-5b89-43ac-9471-85b33177a37c" />
      <TestMethod codeBase="/workspace/tests/FluentUIScaffold.Core.Tests/bin/Debug/net8.0/FluentUIScaffold.Core.Tests.dll" adapterTypeName="executor://nunit3testexecutor/" className="FluentUIScaffold.Core.Tests.FluentUIScaffoldOptionsBuilderTests" name="WithDefaultWaitTimeout_WithZeroTimeout_ThrowsException" />
    </UnitTest>
    <UnitTest name="RegisterPlugin_WithDuplicatePlugin_DoesNotAddDuplicate" storage="/workspace/tests/fluentuiscaffold.core.tests/bin/debug/net8.0/fluentuiscaffold.core.tests.dll" id="4346959c-3e94-4c0e-1880-3b5ac77fbbde">
      <Execution id="cdd4f2d5-1f39-403f-9089-bf7bc8f9d5bf" />
      <TestMethod codeBase="/workspace/tests/FluentUIScaffold.Core.Tests/bin/Debug/net8.0/FluentUIScaffold.Core.Tests.dll" adapterTypeName="executor://nunit3testexecutor/" className="FluentUIScaffold.Core.Tests.PluginManagerTests" name="RegisterPlugin_WithDuplicatePlugin_DoesNotAddDuplicate" />
    </UnitTest>
    <UnitTest name="Constructor_WithNullElements_ShouldInitializeEmptyCollection" storage="/workspace/tests/fluentuiscaffold.core.tests/bin/debug/net8.0/fluentuiscaffold.core.tests.dll" id="c2f5de2f-6096-d57c-95e5-fec26b8d796d">
      <Execution id="4a42a298-4d43-4540-b121-fb38cff82098" />
      <TestMethod codeBase="/workspace/tests/FluentUIScaffold.Core.Tests/bin/Debug/net8.0/FluentUIScaffold.Core.Tests.dll" adapterTypeName="executor://nunit3testexecutor/" className="FluentUIScaffold.Core.Tests.ElementCollectionTests" name="Constructor_WithNullElements_ShouldInitializeEmptyCollection" />
    </UnitTest>
    <UnitTest name="WebApplicationFactory_FrameworkAndConfiguration_ProducesExpectedRunCommand" storage="/workspace/tests/fluentuiscaffold.core.tests/bin/debug/net8.0/fluentuiscaffold.core.tests.dll" id="5e045292-2424-2536-e9a7-78679c446a8a">
      <Execution id="3b729eab-8248-42c7-9be4-52995eab728b" />
      <TestMethod codeBase="/workspace/tests/FluentUIScaffold.Core.Tests/bin/Debug/net8.0/FluentUIScaffold.Core.Tests.dll" adapterTypeName="executor://nunit3testexecutor/" className="FluentUIScaffold.Core.Tests.ServerConfigurationBuilderIntegrationTests" name="WebApplicationFactory_FrameworkAndConfiguration_ProducesExpectedRunCommand" />
    </UnitTest>
    <UnitTest name="BuildCommandArguments_ReturnsExpectedFormat" storage="/workspace/tests/fluentuiscaffold.core.tests/bin/debug/net8.0/fluentuiscaffold.core.tests.dll" id="0b3109f8-d2a8-47f7-ae01-04faf34ff615">
      <Execution id="60654f90-1cce-4c5c-983e-572978718019" />
      <TestMethod codeBase="/workspace/tests/FluentUIScaffold.Core.Tests/bin/Debug/net8.0/FluentUIScaffold.Core.Tests.dll" adapterTypeName="executor://nunit3testexecutor/" className="FluentUIScaffold.Core.Tests.AspNetCoreServerLauncherTests" name="BuildCommandArguments_ReturnsExpectedFormat" />
    </UnitTest>
    <UnitTest name="WithDescription_ShouldSetDescription" storage="/workspace/tests/fluentuiscaffold.core.tests/bin/debug/net8.0/fluentuiscaffold.core.tests.dll" id="a646cbbd-eb04-f9aa-5695-780998d26368">
      <Execution id="363f12cb-4b43-4369-9b92-9363e5f91fb2" />
      <TestMethod codeBase="/workspace/tests/FluentUIScaffold.Core.Tests/bin/Debug/net8.0/FluentUIScaffold.Core.Tests.dll" adapterTypeName="executor://nunit3testexecutor/" className="FluentUIScaffold.Core.Tests.ElementBuilderTests" name="WithDescription_ShouldSetDescription" />
    </UnitTest>
    <UnitTest name="IsEnabled_ShouldCallDriverIsEnabled" storage="/workspace/tests/fluentuiscaffold.core.tests/bin/debug/net8.0/fluentuiscaffold.core.tests.dll" id="3972325b-780e-8149-0501-afcdb2e51733">
      <Execution id="f1ef762c-701b-4cdd-a437-771b0de06253" />
      <TestMethod codeBase="/workspace/tests/FluentUIScaffold.Core.Tests/bin/Debug/net8.0/FluentUIScaffold.Core.Tests.dll" adapterTypeName="executor://nunit3testexecutor/" className="FluentUIScaffold.Core.Tests.ElementTests" name="IsEnabled_ShouldCallDriverIsEnabled" />
    </UnitTest>
    <UnitTest name="WithSlowMo_WithNullValue_SetsSlowMoToNull" storage="/workspace/tests/fluentuiscaffold.core.tests/bin/debug/net8.0/fluentuiscaffold.core.tests.dll" id="eeb41d66-bc8a-3f24-dae1-82048046740c">
      <Execution id="6adf5f9b-f658-4ae6-adee-dd75b0f8de09" />
      <TestMethod codeBase="/workspace/tests/FluentUIScaffold.Core.Tests/bin/Debug/net8.0/FluentUIScaffold.Core.Tests.dll" adapterTypeName="executor://nunit3testexecutor/" className="FluentUIScaffold.Core.Tests.FluentUIScaffoldOptionsBuilderTests" name="WithSlowMo_WithNullValue_SetsSlowMoToNull" />
    </UnitTest>
    <UnitTest name="Filter_WithNoMatchingElements_ShouldReturnEmptyCollection" storage="/workspace/tests/fluentuiscaffold.core.tests/bin/debug/net8.0/fluentuiscaffold.core.tests.dll" id="d6e5f7f2-25f3-210a-1f00-1f733c0e9da8">
      <Execution id="49b1a393-417f-4c8a-b1cc-37aa222141e4" />
      <TestMethod codeBase="/workspace/tests/FluentUIScaffold.Core.Tests/bin/Debug/net8.0/FluentUIScaffold.Core.Tests.dll" adapterTypeName="executor://nunit3testexecutor/" className="FluentUIScaffold.Core.Tests.ElementCollectionTests" name="Filter_WithNoMatchingElements_ShouldReturnEmptyCollection" />
    </UnitTest>
    <UnitTest name="ValidatePlugins_WithInvalidPlugin_ThrowsPluginException" storage="/workspace/tests/fluentuiscaffold.core.tests/bin/debug/net8.0/fluentuiscaffold.core.tests.dll" id="ab102e48-216b-a6e1-6a1e-ce5492770c81">
      <Execution id="7b1e939a-a383-432c-b18e-8d133768fa0d" />
      <TestMethod codeBase="/workspace/tests/FluentUIScaffold.Core.Tests/bin/Debug/net8.0/FluentUIScaffold.Core.Tests.dll" adapterTypeName="executor://nunit3testexecutor/" className="FluentUIScaffold.Core.Tests.PluginManagerTests" name="ValidatePlugins_WithInvalidPlugin_ThrowsPluginException" />
    </UnitTest>
    <UnitTest name="WithBaseUrl_WithValidUrl_SetsBaseUrl" storage="/workspace/tests/fluentuiscaffold.core.tests/bin/debug/net8.0/fluentuiscaffold.core.tests.dll" id="d0ef1a67-943c-e03c-80e8-cb9d77933072">
      <Execution id="42d19579-7686-48ed-9da0-c72c9ea8e0b4" />
      <TestMethod codeBase="/workspace/tests/FluentUIScaffold.Core.Tests/bin/Debug/net8.0/FluentUIScaffold.Core.Tests.dll" adapterTypeName="executor://nunit3testexecutor/" className="FluentUIScaffold.Core.Tests.FluentUIScaffoldTests" name="WithBaseUrl_WithValidUrl_SetsBaseUrl" />
    </UnitTest>
    <UnitTest name="WithCustomWait_WithNullCondition_ShouldThrowArgumentNullException" storage="/workspace/tests/fluentuiscaffold.core.tests/bin/debug/net8.0/fluentuiscaffold.core.tests.dll" id="0b4fc99c-eb06-94b0-bab6-1d7f1e79217a">
      <Execution id="f493939a-fbc4-48fa-a680-a75bd1d1628a" />
      <TestMethod codeBase="/workspace/tests/FluentUIScaffold.Core.Tests/bin/Debug/net8.0/FluentUIScaffold.Core.Tests.dll" adapterTypeName="executor://nunit3testexecutor/" className="FluentUIScaffold.Core.Tests.ElementBuilderTests" name="WithCustomWait_WithNullCondition_ShouldThrowArgumentNullException" />
    </UnitTest>
    <UnitTest name="DetectProjectPath_InGitRepo_FindsProjectInSrc" storage="/workspace/tests/fluentuiscaffold.core.tests/bin/debug/net8.0/fluentuiscaffold.core.tests.dll" id="d9c1e874-b98e-f314-cfca-82dd9dc7660b">
      <Execution id="0f2417aa-c942-46fe-bad4-73f80268e81b" />
      <TestMethod codeBase="/workspace/tests/FluentUIScaffold.Core.Tests/bin/Debug/net8.0/FluentUIScaffold.Core.Tests.dll" adapterTypeName="executor://nunit3testexecutor/" className="FluentUIScaffold.Core.Tests.GitBasedProjectDetectorTests" name="DetectProjectPath_InGitRepo_FindsProjectInSrc" />
    </UnitTest>
    <UnitTest name="Constructor_WithValidElements_ShouldInitializeCollection" storage="/workspace/tests/fluentuiscaffold.core.tests/bin/debug/net8.0/fluentuiscaffold.core.tests.dll" id="dd2018e8-67f8-175b-29d6-c073c16953d1">
      <Execution id="4f225aa1-891b-427e-8438-bd8afdbb5143" />
      <TestMethod codeBase="/workspace/tests/FluentUIScaffold.Core.Tests/bin/Debug/net8.0/FluentUIScaffold.Core.Tests.dll" adapterTypeName="executor://nunit3testexecutor/" className="FluentUIScaffold.Core.Tests.ElementCollectionTests" name="Constructor_WithValidElements_ShouldInitializeCollection" />
    </UnitTest>
    <UnitTest name="DotNet_WorkingDirectory_IsApplied" storage="/workspace/tests/fluentuiscaffold.core.tests/bin/debug/net8.0/fluentuiscaffold.core.tests.dll" id="6d5a4486-b343-0cdc-4507-2918b358e5b5">
      <Execution id="ef75594a-8c4d-4d23-9d7f-2ac12f7fe2b7" />
      <TestMethod codeBase="/workspace/tests/FluentUIScaffold.Core.Tests/bin/Debug/net8.0/FluentUIScaffold.Core.Tests.dll" adapterTypeName="executor://nunit3testexecutor/" className="FluentUIScaffold.Core.Tests.ServerConfigurationBuilderIntegrationTests" name="DotNet_WorkingDirectory_IsApplied" />
    </UnitTest>
    <UnitTest name="SpaProxy_Toggle_SetsHostingStartupAssembliesEnv" storage="/workspace/tests/fluentuiscaffold.core.tests/bin/debug/net8.0/fluentuiscaffold.core.tests.dll" id="07d2e673-5834-e2ca-06bc-89c7780bb3c8">
      <Execution id="82570c62-c520-48d2-9c86-d69cf4777248" />
      <TestMethod codeBase="/workspace/tests/FluentUIScaffold.Core.Tests/bin/Debug/net8.0/FluentUIScaffold.Core.Tests.dll" adapterTypeName="executor://nunit3testexecutor/" className="FluentUIScaffold.Core.Tests.ServerConfigurationBuilderIntegrationTests" name="SpaProxy_Toggle_SetsHostingStartupAssembliesEnv" />
    </UnitTest>
    <UnitTest name="WithCustomWait_ShouldSetCustomWaitCondition" storage="/workspace/tests/fluentuiscaffold.core.tests/bin/debug/net8.0/fluentuiscaffold.core.tests.dll" id="446583bb-1a0c-a601-da8c-b6db446288a3">
      <Execution id="f135d040-5eca-45e0-9273-1ed45d044ac0" />
      <TestMethod codeBase="/workspace/tests/FluentUIScaffold.Core.Tests/bin/Debug/net8.0/FluentUIScaffold.Core.Tests.dll" adapterTypeName="executor://nunit3testexecutor/" className="FluentUIScaffold.Core.Tests.ElementBuilderTests" name="WithCustomWait_ShouldSetCustomWaitCondition" />
    </UnitTest>
    <UnitTest name="WithAttribute_WithNullName_ShouldThrowArgumentException" storage="/workspace/tests/fluentuiscaffold.core.tests/bin/debug/net8.0/fluentuiscaffold.core.tests.dll" id="f2f6b3ec-eeaf-c73e-5a2e-1ef2fc174766">
      <Execution id="40983b2d-5e18-45db-a7d1-32bf4261cd53" />
      <TestMethod codeBase="/workspace/tests/FluentUIScaffold.Core.Tests/bin/Debug/net8.0/FluentUIScaffold.Core.Tests.dll" adapterTypeName="executor://nunit3testexecutor/" className="FluentUIScaffold.Core.Tests.ElementBuilderTests" name="WithAttribute_WithNullName_ShouldThrowArgumentException" />
    </UnitTest>
    <UnitTest name="Constructor_WithLogger_CreatesInstance" storage="/workspace/tests/fluentuiscaffold.core.tests/bin/debug/net8.0/fluentuiscaffold.core.tests.dll" id="5bf46c48-3055-37d6-fef8-c9d126207b04">
      <Execution id="533b3aac-9b19-4c41-858a-adb6a38d15bc" />
      <TestMethod codeBase="/workspace/tests/FluentUIScaffold.Core.Tests/bin/Debug/net8.0/FluentUIScaffold.Core.Tests.dll" adapterTypeName="executor://nunit3testexecutor/" className="FluentUIScaffold.Core.Tests.PluginManagerTests" name="Constructor_WithLogger_CreatesInstance" />
    </UnitTest>
    <UnitTest name="Constructor_WithNullOptions_ThrowsArgumentNullException" storage="/workspace/tests/fluentuiscaffold.core.tests/bin/debug/net8.0/fluentuiscaffold.core.tests.dll" id="4d36eff3-cb8c-cc2b-ae0a-7341e46f417f">
      <Execution id="ccfb5140-2f22-458b-8cef-51e73e3d5792" />
      <TestMethod codeBase="/workspace/tests/FluentUIScaffold.Core.Tests/bin/Debug/net8.0/FluentUIScaffold.Core.Tests.dll" adapterTypeName="executor://nunit3testexecutor/" className="FluentUIScaffold.Core.Tests.FluentUIScaffoldOptionsBuilderTests" name="Constructor_WithNullOptions_ThrowsArgumentNullException" />
    </UnitTest>
    <UnitTest name="IsVisible_ShouldCallDriverIsVisible" storage="/workspace/tests/fluentuiscaffold.core.tests/bin/debug/net8.0/fluentuiscaffold.core.tests.dll" id="0c9cdc29-691b-c84f-d982-5575012bff55">
      <Execution id="9bbd3256-04d4-4fc0-aa15-2e759bc1ac26" />
      <TestMethod codeBase="/workspace/tests/FluentUIScaffold.Core.Tests/bin/Debug/net8.0/FluentUIScaffold.Core.Tests.dll" adapterTypeName="executor://nunit3testexecutor/" className="FluentUIScaffold.Core.Tests.ElementTests" name="IsVisible_ShouldCallDriverIsVisible" />
    </UnitTest>
    <UnitTest name="GetOrCreateElement_WithExistingKey_ShouldReturnCachedElement" storage="/workspace/tests/fluentuiscaffold.core.tests/bin/debug/net8.0/fluentuiscaffold.core.tests.dll" id="e75b2bb9-5515-7802-e744-4a6d4013843f">
      <Execution id="2a23dad9-c2de-4672-b062-277a6429b54b" />
      <TestMethod codeBase="/workspace/tests/FluentUIScaffold.Core.Tests/bin/Debug/net8.0/FluentUIScaffold.Core.Tests.dll" adapterTypeName="executor://nunit3testexecutor/" className="FluentUIScaffold.Core.Tests.ElementFactoryTests" name="GetOrCreateElement_WithExistingKey_ShouldReturnCachedElement" />
    </UnitTest>
    <UnitTest name="Select_ShouldCallDriverSelectOption" storage="/workspace/tests/fluentuiscaffold.core.tests/bin/debug/net8.0/fluentuiscaffold.core.tests.dll" id="f6b53d12-55a1-6cea-cf6b-996b794f8a7d">
      <Execution id="11fe1531-ec6d-4a5d-b993-91312ea6fffa" />
      <TestMethod codeBase="/workspace/tests/FluentUIScaffold.Core.Tests/bin/Debug/net8.0/FluentUIScaffold.Core.Tests.dll" adapterTypeName="executor://nunit3testexecutor/" className="FluentUIScaffold.Core.Tests.ElementTests" name="Select_ShouldCallDriverSelectOption" />
    </UnitTest>
    <UnitTest name="CreateDriver_WithNoPlugins_ThrowsFluentUIScaffoldPluginException" storage="/workspace/tests/fluentuiscaffold.core.tests/bin/debug/net8.0/fluentuiscaffold.core.tests.dll" id="63abd0f8-5814-164f-7950-4ad186521ab4">
      <Execution id="04b23fb5-2389-49bf-b63c-0896f79ffa0e" />
      <TestMethod codeBase="/workspace/tests/FluentUIScaffold.Core.Tests/bin/Debug/net8.0/FluentUIScaffold.Core.Tests.dll" adapterTypeName="executor://nunit3testexecutor/" className="FluentUIScaffold.Core.Tests.PluginManagerTests" name="CreateDriver_WithNoPlugins_ThrowsFluentUIScaffoldPluginException" />
    </UnitTest>
    <UnitTest name="WithHeadlessMode_WithNullValue_SetsHeadlessModeToNull" storage="/workspace/tests/fluentuiscaffold.core.tests/bin/debug/net8.0/fluentuiscaffold.core.tests.dll" id="677131f5-8f9b-a5d7-51f3-8830f5479d4d">
      <Execution id="b5589607-5d40-4c88-9be1-74c03fa52163" />
      <TestMethod codeBase="/workspace/tests/FluentUIScaffold.Core.Tests/bin/Debug/net8.0/FluentUIScaffold.Core.Tests.dll" adapterTypeName="executor://nunit3testexecutor/" className="FluentUIScaffold.Core.Tests.FluentUIScaffoldOptionsBuilderTests" name="WithHeadlessMode_WithNullValue_SetsHeadlessModeToNull" />
    </UnitTest>
    <UnitTest name="Indexer_WithIndexGreaterThanCount_ShouldThrowArgumentOutOfRangeException" storage="/workspace/tests/fluentuiscaffold.core.tests/bin/debug/net8.0/fluentuiscaffold.core.tests.dll" id="dd8f8349-d619-3359-a263-b07e1bc2b428">
      <Execution id="0ce6d941-7a04-44e1-9fbe-bd7113eeaf52" />
      <TestMethod codeBase="/workspace/tests/FluentUIScaffold.Core.Tests/bin/Debug/net8.0/FluentUIScaffold.Core.Tests.dll" adapterTypeName="executor://nunit3testexecutor/" className="FluentUIScaffold.Core.Tests.ElementCollectionTests" name="Indexer_WithIndexGreaterThanCount_ShouldThrowArgumentOutOfRangeException" />
    </UnitTest>
    <UnitTest name="IsSelected_ShouldReturnFalse" storage="/workspace/tests/fluentuiscaffold.core.tests/bin/debug/net8.0/fluentuiscaffold.core.tests.dll" id="179ad534-942e-3d0d-8cd9-ff68b706f3bf">
      <Execution id="9b7ac306-a391-4b3d-9a3b-9162b6c293f4" />
      <TestMethod codeBase="/workspace/tests/FluentUIScaffold.Core.Tests/bin/Debug/net8.0/FluentUIScaffold.Core.Tests.dll" adapterTypeName="executor://nunit3testexecutor/" className="FluentUIScaffold.Core.Tests.ElementTests" name="IsSelected_ShouldReturnFalse" />
    </UnitTest>
    <UnitTest name="CreateDriver_WithValidOptions_ReturnsDriver" storage="/workspace/tests/fluentuiscaffold.core.tests/bin/debug/net8.0/fluentuiscaffold.core.tests.dll" id="3f49ee74-f47f-14db-402b-a5606f508f18">
      <Execution id="88cf287a-7756-45c1-96c2-e59a22572d01" />
      <TestMethod codeBase="/workspace/tests/FluentUIScaffold.Core.Tests/bin/Debug/net8.0/FluentUIScaffold.Core.Tests.dll" adapterTypeName="executor://nunit3testexecutor/" className="FluentUIScaffold.Core.Tests.PluginManagerTests" name="CreateDriver_WithValidOptions_ReturnsDriver" />
    </UnitTest>
    <UnitTest name="ValidatePlugins_WithValidPlugins_DoesNotThrow" storage="/workspace/tests/fluentuiscaffold.core.tests/bin/debug/net8.0/fluentuiscaffold.core.tests.dll" id="a8ccc846-1ff4-1690-63b6-362e0b40f521">
      <Execution id="3f7f0adf-bfe7-4e8b-8dae-9dfafe0844a8" />
      <TestMethod codeBase="/workspace/tests/FluentUIScaffold.Core.Tests/bin/Debug/net8.0/FluentUIScaffold.Core.Tests.dll" adapterTypeName="executor://nunit3testexecutor/" className="FluentUIScaffold.Core.Tests.PluginManagerTests" name="ValidatePlugins_WithValidPlugins_DoesNotThrow" />
    </UnitTest>
    <UnitTest name="Build_WithValidConfiguration_ReturnsConfiguredOptions" storage="/workspace/tests/fluentuiscaffold.core.tests/bin/debug/net8.0/fluentuiscaffold.core.tests.dll" id="020a6f08-c481-d586-c35b-71ffdcdf77ae">
      <Execution id="2c3c7a4b-8b6c-4c10-99af-95c442610481" />
      <TestMethod codeBase="/workspace/tests/FluentUIScaffold.Core.Tests/bin/Debug/net8.0/FluentUIScaffold.Core.Tests.dll" adapterTypeName="executor://nunit3testexecutor/" className="FluentUIScaffold.Core.Tests.FluentUIScaffoldOptionsBuilderTests" name="Build_WithValidConfiguration_ReturnsConfiguredOptions" />
    </UnitTest>
    <UnitTest name="Constructor_WithValidParameters_ShouldInitializeFactory" storage="/workspace/tests/fluentuiscaffold.core.tests/bin/debug/net8.0/fluentuiscaffold.core.tests.dll" id="0f9f915d-f9f9-434c-81bb-640e07bacad2">
      <Execution id="e5b859f1-9751-45f1-846f-355240e27137" />
      <TestMethod codeBase="/workspace/tests/FluentUIScaffold.Core.Tests/bin/Debug/net8.0/FluentUIScaffold.Core.Tests.dll" adapterTypeName="executor://nunit3testexecutor/" className="FluentUIScaffold.Core.Tests.ElementFactoryTests" name="Constructor_WithValidParameters_ShouldInitializeFactory" />
    </UnitTest>
    <UnitTest name="Exists_WhenElementExists_ShouldReturnTrue" storage="/workspace/tests/fluentuiscaffold.core.tests/bin/debug/net8.0/fluentuiscaffold.core.tests.dll" id="268d744c-88c8-b894-11b0-d59382621120">
      <Execution id="52ab8ddf-6f18-4344-a653-ddb87e2179f4" />
      <TestMethod codeBase="/workspace/tests/FluentUIScaffold.Core.Tests/bin/Debug/net8.0/FluentUIScaffold.Core.Tests.dll" adapterTypeName="executor://nunit3testexecutor/" className="FluentUIScaffold.Core.Tests.ElementTests" name="Exists_WhenElementExists_ShouldReturnTrue" />
    </UnitTest>
    <UnitTest name="CreateDriver_WithNullOptions_ThrowsArgumentNullException" storage="/workspace/tests/fluentuiscaffold.core.tests/bin/debug/net8.0/fluentuiscaffold.core.tests.dll" id="33a7bbde-5ce9-4487-c1d1-eb748c5080db">
      <Execution id="f3718a5d-1314-4414-adeb-8fc30115f139" />
      <TestMethod codeBase="/workspace/tests/FluentUIScaffold.Core.Tests/bin/Debug/net8.0/FluentUIScaffold.Core.Tests.dll" adapterTypeName="executor://nunit3testexecutor/" className="FluentUIScaffold.Core.Tests.PluginManagerTests" name="CreateDriver_WithNullOptions_ThrowsArgumentNullException" />
    </UnitTest>
    <UnitTest name="WithHeadlessMode_WithValidValue_SetsHeadlessMode" storage="/workspace/tests/fluentuiscaffold.core.tests/bin/debug/net8.0/fluentuiscaffold.core.tests.dll" id="2944cbda-271d-8e00-031a-dd03321c1f09">
      <Execution id="adeb52ae-728e-43ab-afee-59de37273207" />
      <TestMethod codeBase="/workspace/tests/FluentUIScaffold.Core.Tests/bin/Debug/net8.0/FluentUIScaffold.Core.Tests.dll" adapterTypeName="executor://nunit3testexecutor/" className="FluentUIScaffold.Core.Tests.FluentUIScaffoldOptionsBuilderTests" name="WithHeadlessMode_WithValidValue_SetsHeadlessMode" />
    </UnitTest>
    <UnitTest name="FilterByAttribute_WithMatchingAttribute_ShouldReturnFilteredCollection" storage="/workspace/tests/fluentuiscaffold.core.tests/bin/debug/net8.0/fluentuiscaffold.core.tests.dll" id="bf999a1f-994b-fb2b-0916-7df6581792db">
      <Execution id="c7fd48e9-7c3b-4c01-93e0-8f137cb29d37" />
      <TestMethod codeBase="/workspace/tests/FluentUIScaffold.Core.Tests/bin/Debug/net8.0/FluentUIScaffold.Core.Tests.dll" adapterTypeName="executor://nunit3testexecutor/" className="FluentUIScaffold.Core.Tests.ElementCollectionTests" name="FilterByAttribute_WithMatchingAttribute_ShouldReturnFilteredCollection" />
    </UnitTest>
    <UnitTest name="Constructor_WithNoParameters_CreatesInstance" storage="/workspace/tests/fluentuiscaffold.core.tests/bin/debug/net8.0/fluentuiscaffold.core.tests.dll" id="bba98ce8-0e46-19a1-add2-e0e6659866ca">
      <Execution id="e2f49158-cd8b-4484-851d-ce5ef0cdb4dc" />
      <TestMethod codeBase="/workspace/tests/FluentUIScaffold.Core.Tests/bin/Debug/net8.0/FluentUIScaffold.Core.Tests.dll" adapterTypeName="executor://nunit3testexecutor/" className="FluentUIScaffold.Core.Tests.FluentUIScaffoldOptionsBuilderTests" name="Constructor_WithNoParameters_CreatesInstance" />
    </UnitTest>
    <UnitTest name="RegisterPlugin_WithValidPluginInstance_RegistersPlugin" storage="/workspace/tests/fluentuiscaffold.core.tests/bin/debug/net8.0/fluentuiscaffold.core.tests.dll" id="12ff9ff8-18aa-7b6e-4922-4d2923a6060b">
      <Execution id="6600c19b-8f7e-482e-a163-2704cd0e97ab" />
      <TestMethod codeBase="/workspace/tests/FluentUIScaffold.Core.Tests/bin/Debug/net8.0/FluentUIScaffold.Core.Tests.dll" adapterTypeName="executor://nunit3testexecutor/" className="FluentUIScaffold.Core.Tests.PluginManagerTests" name="RegisterPlugin_WithValidPluginInstance_RegistersPlugin" />
    </UnitTest>
    <UnitTest name="BuildCommandArguments_PrependsScript_AndAppendsArgs" storage="/workspace/tests/fluentuiscaffold.core.tests/bin/debug/net8.0/fluentuiscaffold.core.tests.dll" id="4cd43b66-f3f8-8df6-5266-95b6a332d485">
      <Execution id="77b2eb3f-58bb-438d-86bd-1551fedc32f9" />
      <TestMethod codeBase="/workspace/tests/FluentUIScaffold.Core.Tests/bin/Debug/net8.0/FluentUIScaffold.Core.Tests.dll" adapterTypeName="executor://nunit3testexecutor/" className="FluentUIScaffold.Core.Tests.NodeJsServerLauncherTests" name="BuildCommandArguments_PrependsScript_AndAppendsArgs" />
    </UnitTest>
    <UnitTest name="FilterByAttribute_WithNullAttributeName_ShouldThrowArgumentException" storage="/workspace/tests/fluentuiscaffold.core.tests/bin/debug/net8.0/fluentuiscaffold.core.tests.dll" id="c3694fbe-f799-3b5e-9ff5-0d754eb65db7">
      <Execution id="68cb2125-6ef5-46b1-8015-f67f96da5324" />
      <TestMethod codeBase="/workspace/tests/FluentUIScaffold.Core.Tests/bin/Debug/net8.0/FluentUIScaffold.Core.Tests.dll" adapterTypeName="executor://nunit3testexecutor/" className="FluentUIScaffold.Core.Tests.ElementCollectionTests" name="FilterByAttribute_WithNullAttributeName_ShouldThrowArgumentException" />
    </UnitTest>
    <UnitTest name="WebApplicationFactory_GetLauncher_SelectsCorrectLauncher" storage="/workspace/tests/fluentuiscaffold.core.tests/bin/debug/net8.0/fluentuiscaffold.core.tests.dll" id="fcd32eae-1929-9e13-f2a2-ebf52e2ea1bb">
      <Execution id="033df91c-5b37-41f9-8abd-ce74df618834" />
      <TestMethod codeBase="/workspace/tests/FluentUIScaffold.Core.Tests/bin/Debug/net8.0/FluentUIScaffold.Core.Tests.dll" adapterTypeName="executor://nunit3testexecutor/" className="FluentUIScaffold.Core.Tests.ServerConfigurationBuilderIntegrationTests" name="WebApplicationFactory_GetLauncher_SelectsCorrectLauncher" />
    </UnitTest>
    <UnitTest name="FilterByText_WithEmptyText_ShouldReturnEmptyCollection" storage="/workspace/tests/fluentuiscaffold.core.tests/bin/debug/net8.0/fluentuiscaffold.core.tests.dll" id="5d00fc9b-986f-8e7a-5894-fe21deab4d76">
      <Execution id="0df34d1e-98f1-463e-b2f8-587ae73f4124" />
      <TestMethod codeBase="/workspace/tests/FluentUIScaffold.Core.Tests/bin/Debug/net8.0/FluentUIScaffold.Core.Tests.dll" adapterTypeName="executor://nunit3testexecutor/" className="FluentUIScaffold.Core.Tests.ElementCollectionTests" name="FilterByText_WithEmptyText_ShouldReturnEmptyCollection" />
    </UnitTest>
    <UnitTest name="GetPlugins_ReturnsRegisteredPlugins" storage="/workspace/tests/fluentuiscaffold.core.tests/bin/debug/net8.0/fluentuiscaffold.core.tests.dll" id="b301e5a2-6274-43e4-8d33-13911ec17a00">
      <Execution id="321b81d9-138f-4069-ad15-c429e33ef258" />
      <TestMethod codeBase="/workspace/tests/FluentUIScaffold.Core.Tests/bin/Debug/net8.0/FluentUIScaffold.Core.Tests.dll" adapterTypeName="executor://nunit3testexecutor/" className="FluentUIScaffold.Core.Tests.PluginManagerTests" name="GetPlugins_ReturnsRegisteredPlugins" />
    </UnitTest>
    <UnitTest name="CustomEnvironmentVariables_ArePreserved" storage="/workspace/tests/fluentuiscaffold.core.tests/bin/debug/net8.0/fluentuiscaffold.core.tests.dll" id="9db3b268-6657-af98-9f75-1b63df5c1b61">
      <Execution id="cccc6ea4-cc85-4494-bcd2-1b5cfd8447fd" />
      <TestMethod codeBase="/workspace/tests/FluentUIScaffold.Core.Tests/bin/Debug/net8.0/FluentUIScaffold.Core.Tests.dll" adapterTypeName="executor://nunit3testexecutor/" className="FluentUIScaffold.Core.Tests.ServerConfigurationBuilderIntegrationTests" name="CustomEnvironmentVariables_ArePreserved" />
    </UnitTest>
    <UnitTest name="NodeJs_WithScriptAndEnv_ProducesExpectedCommandAndEnv" storage="/workspace/tests/fluentuiscaffold.core.tests/bin/debug/net8.0/fluentuiscaffold.core.tests.dll" id="5457ec9d-b666-cb43-0581-94c4ccf2eefc">
      <Execution id="fb900aa2-1c6e-4868-a551-c338a3439a49" />
      <TestMethod codeBase="/workspace/tests/FluentUIScaffold.Core.Tests/bin/Debug/net8.0/FluentUIScaffold.Core.Tests.dll" adapterTypeName="executor://nunit3testexecutor/" className="FluentUIScaffold.Core.Tests.ServerConfigurationBuilderIntegrationTests" name="NodeJs_WithScriptAndEnv_ProducesExpectedCommandAndEnv" />
    </UnitTest>
    <UnitTest name="IsCached_WithNonExistingKey_ShouldReturnFalse" storage="/workspace/tests/fluentuiscaffold.core.tests/bin/debug/net8.0/fluentuiscaffold.core.tests.dll" id="bf028da6-1617-4eb8-985e-f133f6495b1c">
      <Execution id="7c1fed20-2aac-4598-aa1f-f529eb2ffebb" />
      <TestMethod codeBase="/workspace/tests/FluentUIScaffold.Core.Tests/bin/Debug/net8.0/FluentUIScaffold.Core.Tests.dll" adapterTypeName="executor://nunit3testexecutor/" className="FluentUIScaffold.Core.Tests.ElementFactoryTests" name="IsCached_WithNonExistingKey_ShouldReturnFalse" />
    </UnitTest>
    <UnitTest name="Constructor_WithNullSelector_ShouldThrowArgumentNullException" storage="/workspace/tests/fluentuiscaffold.core.tests/bin/debug/net8.0/fluentuiscaffold.core.tests.dll" id="e08a08af-210e-a1c2-6824-5a7b54cc2338">
      <Execution id="a06a539e-79a8-4e40-9085-a12ac920f91b" />
      <TestMethod codeBase="/workspace/tests/FluentUIScaffold.Core.Tests/bin/Debug/net8.0/FluentUIScaffold.Core.Tests.dll" adapterTypeName="executor://nunit3testexecutor/" className="FluentUIScaffold.Core.Tests.ElementTests" name="Constructor_WithNullSelector_ShouldThrowArgumentNullException" />
    </UnitTest>
    <UnitTest name="Constructor_WithNullOptions_ShouldThrowArgumentNullException" storage="/workspace/tests/fluentuiscaffold.core.tests/bin/debug/net8.0/fluentuiscaffold.core.tests.dll" id="8ee850f6-f93d-44de-04bb-8bbc073b000b">
      <Execution id="6523ab5c-e753-4feb-8f80-bbf98cd570c9" />
      <TestMethod codeBase="/workspace/tests/FluentUIScaffold.Core.Tests/bin/Debug/net8.0/FluentUIScaffold.Core.Tests.dll" adapterTypeName="executor://nunit3testexecutor/" className="FluentUIScaffold.Core.Tests.ElementBuilderTests" name="Constructor_WithNullOptions_ShouldThrowArgumentNullException" />
    </UnitTest>
    <UnitTest name="SetServerSpecificEnvironmentVariables_AspNetCore_SetsAspNetCoreUrls" storage="/workspace/tests/fluentuiscaffold.core.tests/bin/debug/net8.0/fluentuiscaffold.core.tests.dll" id="894f94b1-efcc-7bbe-43c4-5aa998a01fba">
      <Execution id="050d8401-ce99-45a9-bd1a-7c3327f1b699" />
      <TestMethod codeBase="/workspace/tests/FluentUIScaffold.Core.Tests/bin/Debug/net8.0/FluentUIScaffold.Core.Tests.dll" adapterTypeName="executor://nunit3testexecutor/" className="FluentUIScaffold.Core.Tests.AspNetServerLauncherTests" name="SetServerSpecificEnvironmentVariables_AspNetCore_SetsAspNetCoreUrls" />
    </UnitTest>
    <UnitTest name="Constructor_WithNullOptions_ShouldThrowArgumentNullException" storage="/workspace/tests/fluentuiscaffold.core.tests/bin/debug/net8.0/fluentuiscaffold.core.tests.dll" id="e78cb7dd-0751-e11c-f830-882cb6a69d14">
      <Execution id="2374ef19-d287-4185-ad7a-6686f418ecaf" />
      <TestMethod codeBase="/workspace/tests/FluentUIScaffold.Core.Tests/bin/Debug/net8.0/FluentUIScaffold.Core.Tests.dll" adapterTypeName="executor://nunit3testexecutor/" className="FluentUIScaffold.Core.Tests.ElementFactoryTests" name="Constructor_WithNullOptions_ShouldThrowArgumentNullException" />
    </UnitTest>
    <UnitTest name="CreateConfigurationWithDetection_WithValidParameters_ReturnsConfiguration" storage="/workspace/tests/fluentuiscaffold.core.tests/bin/debug/net8.0/fluentuiscaffold.core.tests.dll" id="869c75f3-f0d3-ccd1-94b9-b347ceeefe6e">
      <Execution id="e3bdd167-ddef-4319-ac3a-5f78ce81c3d4" />
      <TestMethod codeBase="/workspace/tests/FluentUIScaffold.Core.Tests/bin/Debug/net8.0/FluentUIScaffold.Core.Tests.dll" adapterTypeName="executor://nunit3testexecutor/" className="FluentUIScaffold.Core.Tests.ServerLauncherFactoryTests" name="CreateConfigurationWithDetection_WithValidParameters_ReturnsConfiguration" />
    </UnitTest>
    <UnitTest name="CreateElement_WithValidSelector_ShouldReturnElement" storage="/workspace/tests/fluentuiscaffold.core.tests/bin/debug/net8.0/fluentuiscaffold.core.tests.dll" id="6112ca55-caad-863b-bca3-e844e296c7b3">
      <Execution id="d5a5812d-4607-454b-b732-2f3df2423243" />
      <TestMethod codeBase="/workspace/tests/FluentUIScaffold.Core.Tests/bin/Debug/net8.0/FluentUIScaffold.Core.Tests.dll" adapterTypeName="executor://nunit3testexecutor/" className="FluentUIScaffold.Core.Tests.ElementFactoryTests" name="CreateElement_WithValidSelector_ShouldReturnElement" />
    </UnitTest>
    <UnitTest name="DotNet_WithFrameworkAndConfiguration_ProducesExpectedRunCommand" storage="/workspace/tests/fluentuiscaffold.core.tests/bin/debug/net8.0/fluentuiscaffold.core.tests.dll" id="405fd94c-1e16-06c6-669b-4f6514668f24">
      <Execution id="3c7635e5-6d59-4a20-a254-04cf19a03262" />
      <TestMethod codeBase="/workspace/tests/FluentUIScaffold.Core.Tests/bin/Debug/net8.0/FluentUIScaffold.Core.Tests.dll" adapterTypeName="executor://nunit3testexecutor/" className="FluentUIScaffold.Core.Tests.ServerConfigurationBuilderIntegrationTests" name="DotNet_WithFrameworkAndConfiguration_ProducesExpectedRunCommand" />
    </UnitTest>
    <UnitTest name="RegisterElement_WithValidParameters_ShouldCacheElement" storage="/workspace/tests/fluentuiscaffold.core.tests/bin/debug/net8.0/fluentuiscaffold.core.tests.dll" id="1c8b7bab-7237-42e0-5fb5-c55615089994">
      <Execution id="558b5f67-e814-4a73-a1b8-e678e5d7f725" />
      <TestMethod codeBase="/workspace/tests/FluentUIScaffold.Core.Tests/bin/Debug/net8.0/FluentUIScaffold.Core.Tests.dll" adapterTypeName="executor://nunit3testexecutor/" className="FluentUIScaffold.Core.Tests.ElementFactoryTests" name="RegisterElement_WithValidParameters_ShouldCacheElement" />
    </UnitTest>
    <UnitTest name="FilterByAttribute_WithNoMatchingAttribute_ShouldReturnEmptyCollection" storage="/workspace/tests/fluentuiscaffold.core.tests/bin/debug/net8.0/fluentuiscaffold.core.tests.dll" id="d93cec4f-53d9-403d-a92c-21324eed1dc2">
      <Execution id="669604b7-5bf7-4ef3-ab7d-59d3274e7d67" />
      <TestMethod codeBase="/workspace/tests/FluentUIScaffold.Core.Tests/bin/Debug/net8.0/FluentUIScaffold.Core.Tests.dll" adapterTypeName="executor://nunit3testexecutor/" className="FluentUIScaffold.Core.Tests.ElementCollectionTests" name="FilterByAttribute_WithNoMatchingAttribute_ShouldReturnEmptyCollection" />
    </UnitTest>
    <UnitTest name="WithSlowMo_WithNegativeValue_ThrowsException" storage="/workspace/tests/fluentuiscaffold.core.tests/bin/debug/net8.0/fluentuiscaffold.core.tests.dll" id="6dd2c663-126f-c692-d442-51f4ddb16f47">
      <Execution id="5c3a762c-2450-4e04-80db-1e6488c479f5" />
      <TestMethod codeBase="/workspace/tests/FluentUIScaffold.Core.Tests/bin/Debug/net8.0/FluentUIScaffold.Core.Tests.dll" adapterTypeName="executor://nunit3testexecutor/" className="FluentUIScaffold.Core.Tests.FluentUIScaffoldOptionsBuilderTests" name="WithSlowMo_WithNegativeValue_ThrowsException" />
    </UnitTest>
    <UnitTest name="Constructor_WithValidParameters_ShouldInitializeWithDefaultValues" storage="/workspace/tests/fluentuiscaffold.core.tests/bin/debug/net8.0/fluentuiscaffold.core.tests.dll" id="2d7af110-a47a-3498-5f06-ff20a980bae8">
      <Execution id="c0a76205-45cd-4c0b-b9f8-d0ce2e01d5d6" />
      <TestMethod codeBase="/workspace/tests/FluentUIScaffold.Core.Tests/bin/Debug/net8.0/FluentUIScaffold.Core.Tests.dll" adapterTypeName="executor://nunit3testexecutor/" className="FluentUIScaffold.Core.Tests.ElementBuilderTests" name="Constructor_WithValidParameters_ShouldInitializeWithDefaultValues" />
    </UnitTest>
    <UnitTest name="GetOrCreateElement_WithNewKey_ShouldCreateAndCacheElement" storage="/workspace/tests/fluentuiscaffold.core.tests/bin/debug/net8.0/fluentuiscaffold.core.tests.dll" id="f1c510fe-f632-6958-5421-3d34e26a9b68">
      <Execution id="75bfb4b0-6c1e-48f5-879f-c414b41382d9" />
      <TestMethod codeBase="/workspace/tests/FluentUIScaffold.Core.Tests/bin/Debug/net8.0/FluentUIScaffold.Core.Tests.dll" adapterTypeName="executor://nunit3testexecutor/" className="FluentUIScaffold.Core.Tests.ElementFactoryTests" name="GetOrCreateElement_WithNewKey_ShouldCreateAndCacheElement" />
    </UnitTest>
    <UnitTest name="Constructor_WithEmptyElements_ShouldInitializeEmptyCollection" storage="/workspace/tests/fluentuiscaffold.core.tests/bin/debug/net8.0/fluentuiscaffold.core.tests.dll" id="cc50075c-462e-8b57-d394-e1d716bb8f7e">
      <Execution id="ddb3fba0-7b1b-4b51-8f63-c7addd7b07fc" />
      <TestMethod codeBase="/workspace/tests/FluentUIScaffold.Core.Tests/bin/Debug/net8.0/FluentUIScaffold.Core.Tests.dll" adapterTypeName="executor://nunit3testexecutor/" className="FluentUIScaffold.Core.Tests.ElementCollectionTests" name="Constructor_WithEmptyElements_ShouldInitializeEmptyCollection" />
    </UnitTest>
    <UnitTest name="CreateElement_WithEmptySelector_ShouldThrowArgumentException" storage="/workspace/tests/fluentuiscaffold.core.tests/bin/debug/net8.0/fluentuiscaffold.core.tests.dll" id="ab73f926-d1a2-00f0-bb5d-c38f897fb557">
      <Execution id="8a87f374-e9c8-4773-a09e-b37609086233" />
      <TestMethod codeBase="/workspace/tests/FluentUIScaffold.Core.Tests/bin/Debug/net8.0/FluentUIScaffold.Core.Tests.dll" adapterTypeName="executor://nunit3testexecutor/" className="FluentUIScaffold.Core.Tests.ElementFactoryTests" name="CreateElement_WithEmptySelector_ShouldThrowArgumentException" />
    </UnitTest>
    <UnitTest name="DotNet_CustomArguments_AreAppended" storage="/workspace/tests/fluentuiscaffold.core.tests/bin/debug/net8.0/fluentuiscaffold.core.tests.dll" id="c48c7a66-1a74-12aa-2595-2e164ad6c470">
      <Execution id="9a1dc693-9077-4065-8f2e-cf99699a07aa" />
      <TestMethod codeBase="/workspace/tests/FluentUIScaffold.Core.Tests/bin/Debug/net8.0/FluentUIScaffold.Core.Tests.dll" adapterTypeName="executor://nunit3testexecutor/" className="FluentUIScaffold.Core.Tests.ServerConfigurationBuilderIntegrationTests" name="DotNet_CustomArguments_AreAppended" />
    </UnitTest>
    <UnitTest name="GetPlugins_ReturnsReadOnlyCollection" storage="/workspace/tests/fluentuiscaffold.core.tests/bin/debug/net8.0/fluentuiscaffold.core.tests.dll" id="b16522d5-763c-5079-f175-3132fe0bb3ec">
      <Execution id="dad23614-14c8-4223-b093-cdeaf5972b9d" />
      <TestMethod codeBase="/workspace/tests/FluentUIScaffold.Core.Tests/bin/Debug/net8.0/FluentUIScaffold.Core.Tests.dll" adapterTypeName="executor://nunit3testexecutor/" className="FluentUIScaffold.Core.Tests.PluginManagerTests" name="GetPlugins_ReturnsReadOnlyCollection" />
    </UnitTest>
    <UnitTest name="Build_WithInvalidConfiguration_ThrowsException" storage="/workspace/tests/fluentuiscaffold.core.tests/bin/debug/net8.0/fluentuiscaffold.core.tests.dll" id="5dbab36b-8bf9-b94a-886b-0679437303ac">
      <Execution id="438acaf7-624e-4f5c-aefe-ff1a6138ae2d" />
      <TestMethod codeBase="/workspace/tests/FluentUIScaffold.Core.Tests/bin/Debug/net8.0/FluentUIScaffold.Core.Tests.dll" adapterTypeName="executor://nunit3testexecutor/" className="FluentUIScaffold.Core.Tests.FluentUIScaffoldOptionsBuilderTests" name="Build_WithInvalidConfiguration_ThrowsException" />
    </UnitTest>
    <UnitTest name="Aspire_WithFrameworkAndDefaults_ProducesExpectedRunCommandAndEnv" storage="/workspace/tests/fluentuiscaffold.core.tests/bin/debug/net8.0/fluentuiscaffold.core.tests.dll" id="ac2caede-1993-10f2-1269-ecc9a1cb91c8">
      <Execution id="98e53f73-3160-4ffa-b0c1-2aba927301ec" />
      <TestMethod codeBase="/workspace/tests/FluentUIScaffold.Core.Tests/bin/Debug/net8.0/FluentUIScaffold.Core.Tests.dll" adapterTypeName="executor://nunit3testexecutor/" className="FluentUIScaffold.Core.Tests.ServerConfigurationBuilderIntegrationTests" name="Aspire_WithFrameworkAndDefaults_ProducesExpectedRunCommandAndEnv" />
    </UnitTest>
    <UnitTest name="Click_ShouldCallDriverClick" storage="/workspace/tests/fluentuiscaffold.core.tests/bin/debug/net8.0/fluentuiscaffold.core.tests.dll" id="121b3ea7-a273-e796-8c2e-1aff78536d24">
      <Execution id="e0dd5cad-7b59-44c7-9f19-3d2bc67e394b" />
      <TestMethod codeBase="/workspace/tests/FluentUIScaffold.Core.Tests/bin/Debug/net8.0/FluentUIScaffold.Core.Tests.dll" adapterTypeName="executor://nunit3testexecutor/" className="FluentUIScaffold.Core.Tests.ElementTests" name="Click_ShouldCallDriverClick" />
    </UnitTest>
    <UnitTest name="First_WithEmptyCollection_ShouldThrowInvalidOperationException" storage="/workspace/tests/fluentuiscaffold.core.tests/bin/debug/net8.0/fluentuiscaffold.core.tests.dll" id="cc28fd0d-aeb1-6068-03cf-a613121c3154">
      <Execution id="bf829c06-03b9-4617-b58c-07992df4af94" />
      <TestMethod codeBase="/workspace/tests/FluentUIScaffold.Core.Tests/bin/Debug/net8.0/FluentUIScaffold.Core.Tests.dll" adapterTypeName="executor://nunit3testexecutor/" className="FluentUIScaffold.Core.Tests.ElementCollectionTests" name="First_WithEmptyCollection_ShouldThrowInvalidOperationException" />
    </UnitTest>
    <UnitTest name="RemoveFromCache_WithExistingKey_ShouldRemoveElement" storage="/workspace/tests/fluentuiscaffold.core.tests/bin/debug/net8.0/fluentuiscaffold.core.tests.dll" id="c6b038af-0bc0-b632-00c4-3ef8ea29ed6e">
      <Execution id="2936a0e0-5303-4cf1-a5c8-1f1d7f94e7b9" />
      <TestMethod codeBase="/workspace/tests/FluentUIScaffold.Core.Tests/bin/Debug/net8.0/FluentUIScaffold.Core.Tests.dll" adapterTypeName="executor://nunit3testexecutor/" className="FluentUIScaffold.Core.Tests.ElementFactoryTests" name="RemoveFromCache_WithExistingKey_ShouldRemoveElement" />
    </UnitTest>
    <UnitTest name="NavigateToUrl_WithValidUrl_NavigatesSuccessfully" storage="/workspace/tests/fluentuiscaffold.core.tests/bin/debug/net8.0/fluentuiscaffold.core.tests.dll" id="2ae1304c-81ac-a359-4734-cee502a63ccd">
      <Execution id="98b08d22-e8a0-4c78-9c45-bef2eb64b112" />
      <TestMethod codeBase="/workspace/tests/FluentUIScaffold.Core.Tests/bin/Debug/net8.0/FluentUIScaffold.Core.Tests.dll" adapterTypeName="executor://nunit3testexecutor/" className="FluentUIScaffold.Core.Tests.NavigationTests" name="NavigateToUrl_WithValidUrl_NavigatesSuccessfully" />
    </UnitTest>
    <UnitTest name="ClearCache_ShouldRemoveAllElements" storage="/workspace/tests/fluentuiscaffold.core.tests/bin/debug/net8.0/fluentuiscaffold.core.tests.dll" id="8f39af80-f58e-71ee-14e2-037e33d2ca9e">
      <Execution id="15df6223-2a47-44c4-9fcf-a7b584e2989d" />
      <TestMethod codeBase="/workspace/tests/FluentUIScaffold.Core.Tests/bin/Debug/net8.0/FluentUIScaffold.Core.Tests.dll" adapterTypeName="executor://nunit3testexecutor/" className="FluentUIScaffold.Core.Tests.ElementFactoryTests" name="ClearCache_ShouldRemoveAllElements" />
    </UnitTest>
    <UnitTest name="FilterByAttribute_WithEmptyAttributeName_ShouldThrowArgumentException" storage="/workspace/tests/fluentuiscaffold.core.tests/bin/debug/net8.0/fluentuiscaffold.core.tests.dll" id="18f05ca5-b5fb-a8dd-f454-c581d558cbe9">
      <Execution id="10ae114f-6870-41fc-a2e6-7706a579b2c0" />
      <TestMethod codeBase="/workspace/tests/FluentUIScaffold.Core.Tests/bin/Debug/net8.0/FluentUIScaffold.Core.Tests.dll" adapterTypeName="executor://nunit3testexecutor/" className="FluentUIScaffold.Core.Tests.ElementCollectionTests" name="FilterByAttribute_WithEmptyAttributeName_ShouldThrowArgumentException" />
    </UnitTest>
    <UnitTest name="LastOrDefault_WithNonEmptyCollection_ShouldReturnLastElement" storage="/workspace/tests/fluentuiscaffold.core.tests/bin/debug/net8.0/fluentuiscaffold.core.tests.dll" id="cbefd2c6-af4f-b601-5e3c-99959e055433">
      <Execution id="1e79b775-5923-4d33-b5db-de5daf715930" />
      <TestMethod codeBase="/workspace/tests/FluentUIScaffold.Core.Tests/bin/Debug/net8.0/FluentUIScaffold.Core.Tests.dll" adapterTypeName="executor://nunit3testexecutor/" className="FluentUIScaffold.Core.Tests.ElementCollectionTests" name="LastOrDefault_WithNonEmptyCollection_ShouldReturnLastElement" />
    </UnitTest>
    <UnitTest name="DetectProjectPath_FromConfigFile_ReturnsPath" storage="/workspace/tests/fluentuiscaffold.core.tests/bin/debug/net8.0/fluentuiscaffold.core.tests.dll" id="fff58572-0076-1d30-45fe-03dd6cfeccd1">
      <Execution id="fc7d52e8-04c6-41a7-99ad-2effbbb78642" />
      <TestMethod codeBase="/workspace/tests/FluentUIScaffold.Core.Tests/bin/Debug/net8.0/FluentUIScaffold.Core.Tests.dll" adapterTypeName="executor://nunit3testexecutor/" className="FluentUIScaffold.Core.Tests.EnvironmentBasedProjectDetectorTests" name="DetectProjectPath_FromConfigFile_ReturnsPath" />
    </UnitTest>
    <UnitTest name="SlowMo_WithValidValue_SetsSlowMo" storage="/workspace/tests/fluentuiscaffold.core.tests/bin/debug/net8.0/fluentuiscaffold.core.tests.dll" id="2c985496-df4a-5947-e2dc-50422705efcf">
      <Execution id="b2998d70-6214-4643-a316-da481007dc66" />
      <TestMethod codeBase="/workspace/tests/FluentUIScaffold.Core.Tests/bin/Debug/net8.0/FluentUIScaffold.Core.Tests.dll" adapterTypeName="executor://nunit3testexecutor/" className="FluentUIScaffold.Core.Tests.FluentUIScaffoldTests" name="SlowMo_WithValidValue_SetsSlowMo" />
    </UnitTest>
    <UnitTest name="SpaProxyEnv_PropagatesToStartInfo" storage="/workspace/tests/fluentuiscaffold.core.tests/bin/debug/net8.0/fluentuiscaffold.core.tests.dll" id="ba86690a-e524-5b30-0581-e7c61fd4694c">
      <Execution id="fd812f6b-f176-4199-89cc-5571081be5c0" />
      <TestMethod codeBase="/workspace/tests/FluentUIScaffold.Core.Tests/bin/Debug/net8.0/FluentUIScaffold.Core.Tests.dll" adapterTypeName="executor://nunit3testexecutor/" className="FluentUIScaffold.Core.Tests.AspNetCoreServerLauncherTests" name="SpaProxyEnv_PropagatesToStartInfo" />
    </UnitTest>
    <UnitTest name="WithAttribute_WithNullValue_ShouldSetEmptyString" storage="/workspace/tests/fluentuiscaffold.core.tests/bin/debug/net8.0/fluentuiscaffold.core.tests.dll" id="e490ff0f-804e-81fe-d54a-5987cfe60093">
      <Execution id="bfd3168d-aabe-45fe-9978-36aca74f4bb7" />
      <TestMethod codeBase="/workspace/tests/FluentUIScaffold.Core.Tests/bin/Debug/net8.0/FluentUIScaffold.Core.Tests.dll" adapterTypeName="executor://nunit3testexecutor/" className="FluentUIScaffold.Core.Tests.ElementBuilderTests" name="WithAttribute_WithNullValue_ShouldSetEmptyString" />
    </UnitTest>
    <UnitTest name="GetEnumerator_ShouldReturnAllElements" storage="/workspace/tests/fluentuiscaffold.core.tests/bin/debug/net8.0/fluentuiscaffold.core.tests.dll" id="4b5ed4f4-cca7-3210-3b0c-b7d6cb410605">
      <Execution id="482829e9-5f71-43b2-8757-a3c7d53cd9b4" />
      <TestMethod codeBase="/workspace/tests/FluentUIScaffold.Core.Tests/bin/Debug/net8.0/FluentUIScaffold.Core.Tests.dll" adapterTypeName="executor://nunit3testexecutor/" className="FluentUIScaffold.Core.Tests.ElementCollectionTests" name="GetEnumerator_ShouldReturnAllElements" />
    </UnitTest>
    <UnitTest name="RegisterLauncher_WithValidLauncher_RegistersSuccessfully" storage="/workspace/tests/fluentuiscaffold.core.tests/bin/debug/net8.0/fluentuiscaffold.core.tests.dll" id="24920700-cbf0-845b-81d7-78958082ce63">
      <Execution id="aeb5a1c4-c480-4d95-a4ca-0457593117bf" />
      <TestMethod codeBase="/workspace/tests/FluentUIScaffold.Core.Tests/bin/Debug/net8.0/FluentUIScaffold.Core.Tests.dll" adapterTypeName="executor://nunit3testexecutor/" className="FluentUIScaffold.Core.Tests.ServerLauncherFactoryTests" name="RegisterLauncher_WithValidLauncher_RegistersSuccessfully" />
    </UnitTest>
    <UnitTest name="CreateElement_WithNullSelector_ShouldThrowArgumentException" storage="/workspace/tests/fluentuiscaffold.core.tests/bin/debug/net8.0/fluentuiscaffold.core.tests.dll" id="0857da33-b4ef-b236-6099-02a532ef2a14">
      <Execution id="eb0a72a1-40ac-4025-b216-0d265a8fb7fb" />
      <TestMethod codeBase="/workspace/tests/FluentUIScaffold.Core.Tests/bin/Debug/net8.0/FluentUIScaffold.Core.Tests.dll" adapterTypeName="executor://nunit3testexecutor/" className="FluentUIScaffold.Core.Tests.ElementFactoryTests" name="CreateElement_WithNullSelector_ShouldThrowArgumentException" />
    </UnitTest>
    <UnitTest name="CreateElement_WithConfiguration_ShouldReturnConfiguredElement" storage="/workspace/tests/fluentuiscaffold.core.tests/bin/debug/net8.0/fluentuiscaffold.core.tests.dll" id="38f64a32-373c-d336-108a-9833491623db">
      <Execution id="ed3e06dc-e5d5-483b-b2fe-a3c40eb82e51" />
      <TestMethod codeBase="/workspace/tests/FluentUIScaffold.Core.Tests/bin/Debug/net8.0/FluentUIScaffold.Core.Tests.dll" adapterTypeName="executor://nunit3testexecutor/" className="FluentUIScaffold.Core.Tests.ElementFactoryTests" name="CreateElement_WithConfiguration_ShouldReturnConfiguredElement" />
    </UnitTest>
    <UnitTest name="WithWebServerProjectPath_WithNullPath_Removed" storage="/workspace/tests/fluentuiscaffold.core.tests/bin/debug/net8.0/fluentuiscaffold.core.tests.dll" id="28f45f08-f929-d021-87bf-ac7bea3175f6">
      <Execution id="4217158e-e1ba-40e1-a29c-df9c36f974ae" />
      <TestMethod codeBase="/workspace/tests/FluentUIScaffold.Core.Tests/bin/Debug/net8.0/FluentUIScaffold.Core.Tests.dll" adapterTypeName="executor://nunit3testexecutor/" className="FluentUIScaffold.Core.Tests.FluentUIScaffoldOptionsBuilderTests" name="WithWebServerProjectPath_WithNullPath_Removed" />
    </UnitTest>
    <UnitTest name="GetLauncher_WithUnregisteredServerType_ThrowsException" storage="/workspace/tests/fluentuiscaffold.core.tests/bin/debug/net8.0/fluentuiscaffold.core.tests.dll" id="f02c83be-628b-c901-c0e0-b0c07da04720">
      <Execution id="2194c86c-c1ff-453a-a2e2-0ed73c3a2c22" />
      <TestMethod codeBase="/workspace/tests/FluentUIScaffold.Core.Tests/bin/Debug/net8.0/FluentUIScaffold.Core.Tests.dll" adapterTypeName="executor://nunit3testexecutor/" className="FluentUIScaffold.Core.Tests.ServerLauncherFactoryTests" name="GetLauncher_WithUnregisteredServerType_ThrowsException" />
    </UnitTest>
    <UnitTest name="RegisterPlugin_WithNullPlugin_ThrowsArgumentNullException" storage="/workspace/tests/fluentuiscaffold.core.tests/bin/debug/net8.0/fluentuiscaffold.core.tests.dll" id="2e23022d-866f-3ace-93c9-9c504b47228e">
      <Execution id="ddd8a115-8008-4155-b615-f33410b17f7d" />
      <TestMethod codeBase="/workspace/tests/FluentUIScaffold.Core.Tests/bin/Debug/net8.0/FluentUIScaffold.Core.Tests.dll" adapterTypeName="executor://nunit3testexecutor/" className="FluentUIScaffold.Core.Tests.PluginManagerTests" name="RegisterPlugin_WithNullPlugin_ThrowsArgumentNullException" />
    </UnitTest>
    <UnitTest name="Constructor_WithExistingOptions_CreatesInstance" storage="/workspace/tests/fluentuiscaffold.core.tests/bin/debug/net8.0/fluentuiscaffold.core.tests.dll" id="68cc5f29-514d-38dc-c438-33585cc74aa4">
      <Execution id="48557490-2567-4c85-8db0-ec051deea449" />
      <TestMethod codeBase="/workspace/tests/FluentUIScaffold.Core.Tests/bin/Debug/net8.0/FluentUIScaffold.Core.Tests.dll" adapterTypeName="executor://nunit3testexecutor/" className="FluentUIScaffold.Core.Tests.FluentUIScaffoldOptionsBuilderTests" name="Constructor_WithExistingOptions_CreatesInstance" />
    </UnitTest>
    <UnitTest name="LastOrDefault_WithEmptyCollection_ShouldReturnNull" storage="/workspace/tests/fluentuiscaffold.core.tests/bin/debug/net8.0/fluentuiscaffold.core.tests.dll" id="c288cdf5-4c17-bd42-bf19-8d1a299a2747">
      <Execution id="927eaccf-818b-461a-ad22-1eb40b026150" />
      <TestMethod codeBase="/workspace/tests/FluentUIScaffold.Core.Tests/bin/Debug/net8.0/FluentUIScaffold.Core.Tests.dll" adapterTypeName="executor://nunit3testexecutor/" className="FluentUIScaffold.Core.Tests.ElementCollectionTests" name="LastOrDefault_WithEmptyCollection_ShouldReturnNull" />
    </UnitTest>
    <UnitTest name="WaitFor_WithClickableStrategy_ShouldCallWaitForClickable" storage="/workspace/tests/fluentuiscaffold.core.tests/bin/debug/net8.0/fluentuiscaffold.core.tests.dll" id="6343243c-dfd7-4b0b-0e3c-4021f44a4a0d">
      <Execution id="11a71ddf-9921-470b-900d-26c7742eb4f5" />
      <TestMethod codeBase="/workspace/tests/FluentUIScaffold.Core.Tests/bin/Debug/net8.0/FluentUIScaffold.Core.Tests.dll" adapterTypeName="executor://nunit3testexecutor/" className="FluentUIScaffold.Core.Tests.ElementTests" name="WaitFor_WithClickableStrategy_ShouldCallWaitForClickable" />
    </UnitTest>
    <UnitTest name="GetCssValue_ShouldReturnEmptyString" storage="/workspace/tests/fluentuiscaffold.core.tests/bin/debug/net8.0/fluentuiscaffold.core.tests.dll" id="37cb0dcf-4168-cbb7-f50e-73ed6d374e4a">
      <Execution id="8dc3ab33-b9cb-4d98-b1aa-2b0b3ac47ac4" />
      <TestMethod codeBase="/workspace/tests/FluentUIScaffold.Core.Tests/bin/Debug/net8.0/FluentUIScaffold.Core.Tests.dll" adapterTypeName="executor://nunit3testexecutor/" className="FluentUIScaffold.Core.Tests.ElementTests" name="GetCssValue_ShouldReturnEmptyString" />
    </UnitTest>
    <UnitTest name="FilterByText_WithNoMatchingText_ShouldReturnEmptyCollection" storage="/workspace/tests/fluentuiscaffold.core.tests/bin/debug/net8.0/fluentuiscaffold.core.tests.dll" id="7f949d80-13b6-78ce-6336-64f88eac33b7">
      <Execution id="ae6cc6d0-a956-4bd3-ba46-6620a1d85433" />
      <TestMethod codeBase="/workspace/tests/FluentUIScaffold.Core.Tests/bin/Debug/net8.0/FluentUIScaffold.Core.Tests.dll" adapterTypeName="executor://nunit3testexecutor/" className="FluentUIScaffold.Core.Tests.ElementCollectionTests" name="FilterByText_WithNoMatchingText_ShouldReturnEmptyCollection" />
    </UnitTest>
    <UnitTest name="DotNet_EnvironmentSetters_AreApplied" storage="/workspace/tests/fluentuiscaffold.core.tests/bin/debug/net8.0/fluentuiscaffold.core.tests.dll" id="7b7eece1-efca-5e39-6f9c-7c2cf05500c2">
      <Execution id="cc9c93aa-c4cc-4fb5-a674-10457445e35e" />
      <TestMethod codeBase="/workspace/tests/FluentUIScaffold.Core.Tests/bin/Debug/net8.0/FluentUIScaffold.Core.Tests.dll" adapterTypeName="executor://nunit3testexecutor/" className="FluentUIScaffold.Core.Tests.ServerConfigurationBuilderIntegrationTests" name="DotNet_EnvironmentSetters_AreApplied" />
    </UnitTest>
    <UnitTest name="GetOrCreateElement_WithNullSelector_ShouldThrowArgumentException" storage="/workspace/tests/fluentuiscaffold.core.tests/bin/debug/net8.0/fluentuiscaffold.core.tests.dll" id="2ac27a39-0887-ff83-8ecd-f4b873b52bce">
      <Execution id="eca0c5c4-4395-419d-9466-35a9cf4b0db4" />
      <TestMethod codeBase="/workspace/tests/FluentUIScaffold.Core.Tests/bin/Debug/net8.0/FluentUIScaffold.Core.Tests.dll" adapterTypeName="executor://nunit3testexecutor/" className="FluentUIScaffold.Core.Tests.ElementFactoryTests" name="GetOrCreateElement_WithNullSelector_ShouldThrowArgumentException" />
    </UnitTest>
    <UnitTest name="SetServerSpecificEnvironmentVariables_Aspire_DoesNotOverrideAspNetCoreUrls" storage="/workspace/tests/fluentuiscaffold.core.tests/bin/debug/net8.0/fluentuiscaffold.core.tests.dll" id="2ac82e10-080e-2b5b-2d3d-5685bb444717">
      <Execution id="5a9fbe27-f664-4331-a3ff-604b6331a7c2" />
      <TestMethod codeBase="/workspace/tests/FluentUIScaffold.Core.Tests/bin/Debug/net8.0/FluentUIScaffold.Core.Tests.dll" adapterTypeName="executor://nunit3testexecutor/" className="FluentUIScaffold.Core.Tests.AspNetServerLauncherTests" name="SetServerSpecificEnvironmentVariables_Aspire_DoesNotOverrideAspNetCoreUrls" />
    </UnitTest>
    <UnitTest name="FilterByText_WithCaseInsensitiveMatch_ShouldReturnFilteredCollection" storage="/workspace/tests/fluentuiscaffold.core.tests/bin/debug/net8.0/fluentuiscaffold.core.tests.dll" id="5b0b0b21-c836-f769-4fb0-bf7c584f610d">
      <Execution id="3184a8a5-83ca-483b-85c3-453e09c32ba9" />
      <TestMethod codeBase="/workspace/tests/FluentUIScaffold.Core.Tests/bin/Debug/net8.0/FluentUIScaffold.Core.Tests.dll" adapterTypeName="executor://nunit3testexecutor/" className="FluentUIScaffold.Core.Tests.ElementCollectionTests" name="FilterByText_WithCaseInsensitiveMatch_ShouldReturnFilteredCollection" />
    </UnitTest>
    <UnitTest name="Constructor_WithValidParameters_ShouldSetProperties" storage="/workspace/tests/fluentuiscaffold.core.tests/bin/debug/net8.0/fluentuiscaffold.core.tests.dll" id="1c0d19b9-1bef-846e-5c51-324c55f41975">
      <Execution id="3a257c13-25c0-4cf1-952d-524bd8d3cb21" />
      <TestMethod codeBase="/workspace/tests/FluentUIScaffold.Core.Tests/bin/Debug/net8.0/FluentUIScaffold.Core.Tests.dll" adapterTypeName="executor://nunit3testexecutor/" className="FluentUIScaffold.Core.Tests.ElementTests" name="Constructor_WithValidParameters_ShouldSetProperties" />
    </UnitTest>
    <UnitTest name="WithHeadlessMode_WithNull_SetsNull" storage="/workspace/tests/fluentuiscaffold.core.tests/bin/debug/net8.0/fluentuiscaffold.core.tests.dll" id="471622d6-a01c-acdb-82c5-f00f72212509">
      <Execution id="eb785498-c993-46d6-835b-49304314f094" />
      <TestMethod codeBase="/workspace/tests/FluentUIScaffold.Core.Tests/bin/Debug/net8.0/FluentUIScaffold.Core.Tests.dll" adapterTypeName="executor://nunit3testexecutor/" className="FluentUIScaffold.Core.Tests.FluentUIScaffoldOptionsBuilderTests" name="WithHeadlessMode_WithNull_SetsNull" />
    </UnitTest>
    <UnitTest name="IsDisplayed_ShouldReturnIsVisibleResult" storage="/workspace/tests/fluentuiscaffold.core.tests/bin/debug/net8.0/fluentuiscaffold.core.tests.dll" id="95cf8d21-caaa-bf90-a4bb-f43f9e880ae1">
      <Execution id="ce38b123-1acd-4f02-99e3-c9a5eb25f9fe" />
      <TestMethod codeBase="/workspace/tests/FluentUIScaffold.Core.Tests/bin/Debug/net8.0/FluentUIScaffold.Core.Tests.dll" adapterTypeName="executor://nunit3testexecutor/" className="FluentUIScaffold.Core.Tests.ElementTests" name="IsDisplayed_ShouldReturnIsVisibleResult" />
    </UnitTest>
    <UnitTest name="WithHeadlessMode_AndSlowMo_SetProperly" storage="/workspace/tests/fluentuiscaffold.core.tests/bin/debug/net8.0/fluentuiscaffold.core.tests.dll" id="ff506097-7a61-9dd6-1df2-d3c8d75a82f3">
      <Execution id="c78a0678-afb8-436a-a1c7-e64fd98ea698" />
      <TestMethod codeBase="/workspace/tests/FluentUIScaffold.Core.Tests/bin/Debug/net8.0/FluentUIScaffold.Core.Tests.dll" adapterTypeName="executor://nunit3testexecutor/" className="FluentUIScaffold.Core.Tests.FluentUIScaffoldOptionsBuilderTests" name="WithHeadlessMode_AndSlowMo_SetProperly" />
    </UnitTest>
    <UnitTest name="WithWaitStrategy_ShouldSetWaitStrategy" storage="/workspace/tests/fluentuiscaffold.core.tests/bin/debug/net8.0/fluentuiscaffold.core.tests.dll" id="770867d9-ec05-f95d-4f86-cd135b847493">
      <Execution id="e0b59224-fd8e-4f5c-bf75-10d265a5de50" />
      <TestMethod codeBase="/workspace/tests/FluentUIScaffold.Core.Tests/bin/Debug/net8.0/FluentUIScaffold.Core.Tests.dll" adapterTypeName="executor://nunit3testexecutor/" className="FluentUIScaffold.Core.Tests.ElementBuilderTests" name="WithWaitStrategy_ShouldSetWaitStrategy" />
    </UnitTest>
    <UnitTest name="Placeholder_NoOp_ToMaintainTestStructure" storage="/workspace/tests/fluentuiscaffold.core.tests/bin/debug/net8.0/fluentuiscaffold.core.tests.dll" id="2ea41be2-ee63-3a11-0613-d95c2f91bed0">
      <Execution id="2e96c057-1fd0-43e8-8d3e-9feccfe92ef9" />
      <TestMethod codeBase="/workspace/tests/FluentUIScaffold.Core.Tests/bin/Debug/net8.0/FluentUIScaffold.Core.Tests.dll" adapterTypeName="executor://nunit3testexecutor/" className="FluentUIScaffold.Core.Tests.FluentUIScaffoldOptionsBuilderTests" name="Placeholder_NoOp_ToMaintainTestStructure" />
    </UnitTest>
    <UnitTest name="FluentChaining_ShouldWorkCorrectly" storage="/workspace/tests/fluentuiscaffold.core.tests/bin/debug/net8.0/fluentuiscaffold.core.tests.dll" id="551fc6ac-b856-8cac-3508-c2c42f5670a1">
      <Execution id="701b9697-9c05-40c2-b79b-9af28f8fb549" />
      <TestMethod codeBase="/workspace/tests/FluentUIScaffold.Core.Tests/bin/Debug/net8.0/FluentUIScaffold.Core.Tests.dll" adapterTypeName="executor://nunit3testexecutor/" className="FluentUIScaffold.Core.Tests.ElementBuilderTests" name="FluentChaining_ShouldWorkCorrectly" />
    </UnitTest>
    <UnitTest name="WithDefaultWaitTimeout_WithNegativeTimeout_ThrowsException" storage="/workspace/tests/fluentuiscaffold.core.tests/bin/debug/net8.0/fluentuiscaffold.core.tests.dll" id="a8ade4ba-35e4-f1b1-b29c-1221576ebc2c">
      <Execution id="4198b99a-58ac-41e0-98c2-bebf32147e73" />
      <TestMethod codeBase="/workspace/tests/FluentUIScaffold.Core.Tests/bin/Debug/net8.0/FluentUIScaffold.Core.Tests.dll" adapterTypeName="executor://nunit3testexecutor/" className="FluentUIScaffold.Core.Tests.FluentUIScaffoldOptionsBuilderTests" name="WithDefaultWaitTimeout_WithNegativeTimeout_ThrowsException" />
    </UnitTest>
    <UnitTest name="DotNet_ForwardedHeadersFlag_SerializesAsLowercaseBoolean" storage="/workspace/tests/fluentuiscaffold.core.tests/bin/debug/net8.0/fluentuiscaffold.core.tests.dll" id="b7f18d4e-e8c0-3285-6e79-21ddd24f3d41">
      <Execution id="26937630-0cb5-4f39-9138-cce234184015" />
      <TestMethod codeBase="/workspace/tests/FluentUIScaffold.Core.Tests/bin/Debug/net8.0/FluentUIScaffold.Core.Tests.dll" adapterTypeName="executor://nunit3testexecutor/" className="FluentUIScaffold.Core.Tests.ServerConfigurationBuilderIntegrationTests" name="DotNet_ForwardedHeadersFlag_SerializesAsLowercaseBoolean" />
    </UnitTest>
    <UnitTest name="FirstOrDefault_WithEmptyCollection_ShouldReturnNull" storage="/workspace/tests/fluentuiscaffold.core.tests/bin/debug/net8.0/fluentuiscaffold.core.tests.dll" id="7fb7363f-268a-d980-fb84-31f8b492a262">
      <Execution id="b49936d0-e4eb-467a-97ae-f97f067255d9" />
      <TestMethod codeBase="/workspace/tests/FluentUIScaffold.Core.Tests/bin/Debug/net8.0/FluentUIScaffold.Core.Tests.dll" adapterTypeName="executor://nunit3testexecutor/" className="FluentUIScaffold.Core.Tests.ElementCollectionTests" name="FirstOrDefault_WithEmptyCollection_ShouldReturnNull" />
    </UnitTest>
    <UnitTest name="WithRetryInterval_ShouldSetRetryInterval" storage="/workspace/tests/fluentuiscaffold.core.tests/bin/debug/net8.0/fluentuiscaffold.core.tests.dll" id="8ae62a86-1c76-a105-6718-7582f48ad523">
      <Execution id="588da414-a39d-43ec-936a-133b896c4d3a" />
      <TestMethod codeBase="/workspace/tests/FluentUIScaffold.Core.Tests/bin/Debug/net8.0/FluentUIScaffold.Core.Tests.dll" adapterTypeName="executor://nunit3testexecutor/" className="FluentUIScaffold.Core.Tests.ElementBuilderTests" name="WithRetryInterval_ShouldSetRetryInterval" />
    </UnitTest>
    <UnitTest name="SlowMo_WithNullValue_SetsSlowMoToNull" storage="/workspace/tests/fluentuiscaffold.core.tests/bin/debug/net8.0/fluentuiscaffold.core.tests.dll" id="db9ada96-dcf3-e037-db10-b7563d6669b8">
      <Execution id="151bc30d-ede7-4ed1-a946-fd7baed808f4" />
      <TestMethod codeBase="/workspace/tests/FluentUIScaffold.Core.Tests/bin/Debug/net8.0/FluentUIScaffold.Core.Tests.dll" adapterTypeName="executor://nunit3testexecutor/" className="FluentUIScaffold.Core.Tests.FluentUIScaffoldTests" name="SlowMo_WithNullValue_SetsSlowMoToNull" />
    </UnitTest>
    <UnitTest name="RegisterElement_WithNullKey_ShouldThrowArgumentException" storage="/workspace/tests/fluentuiscaffold.core.tests/bin/debug/net8.0/fluentuiscaffold.core.tests.dll" id="e46f5d7d-393e-88b9-1a00-80ae274b5f6e">
      <Execution id="896db0da-5862-491b-a2b6-f854890c496b" />
      <TestMethod codeBase="/workspace/tests/FluentUIScaffold.Core.Tests/bin/Debug/net8.0/FluentUIScaffold.Core.Tests.dll" adapterTypeName="executor://nunit3testexecutor/" className="FluentUIScaffold.Core.Tests.ElementFactoryTests" name="RegisterElement_WithNullKey_ShouldThrowArgumentException" />
    </UnitTest>
    <UnitTest name="Indexer_WithValidIndex_ShouldReturnElement" storage="/workspace/tests/fluentuiscaffold.core.tests/bin/debug/net8.0/fluentuiscaffold.core.tests.dll" id="28f7c59d-b5d1-8620-75b4-446e721774f0">
      <Execution id="051df62c-2962-46a8-b1b8-7f2989830f05" />
      <TestMethod codeBase="/workspace/tests/FluentUIScaffold.Core.Tests/bin/Debug/net8.0/FluentUIScaffold.Core.Tests.dll" adapterTypeName="executor://nunit3testexecutor/" className="FluentUIScaffold.Core.Tests.ElementCollectionTests" name="Indexer_WithValidIndex_ShouldReturnElement" />
    </UnitTest>
    <UnitTest name="FilterByText_WithMatchingText_ShouldReturnFilteredCollection" storage="/workspace/tests/fluentuiscaffold.core.tests/bin/debug/net8.0/fluentuiscaffold.core.tests.dll" id="f2c0b89c-869a-b8e1-4f97-bcdc75425150">
      <Execution id="45e7405b-b31c-4e60-94b9-981e063a0224" />
      <TestMethod codeBase="/workspace/tests/FluentUIScaffold.Core.Tests/bin/Debug/net8.0/FluentUIScaffold.Core.Tests.dll" adapterTypeName="executor://nunit3testexecutor/" className="FluentUIScaffold.Core.Tests.ElementCollectionTests" name="FilterByText_WithMatchingText_ShouldReturnFilteredCollection" />
    </UnitTest>
    <UnitTest name="FilterByAttribute_WithCaseInsensitiveMatch_ShouldReturnFilteredCollection" storage="/workspace/tests/fluentuiscaffold.core.tests/bin/debug/net8.0/fluentuiscaffold.core.tests.dll" id="629e7f8f-acc1-6486-7ee3-d596d40e2188">
      <Execution id="32158325-616f-4570-8452-fd36d637e2af" />
      <TestMethod codeBase="/workspace/tests/FluentUIScaffold.Core.Tests/bin/Debug/net8.0/FluentUIScaffold.Core.Tests.dll" adapterTypeName="executor://nunit3testexecutor/" className="FluentUIScaffold.Core.Tests.ElementCollectionTests" name="FilterByAttribute_WithCaseInsensitiveMatch_ShouldReturnFilteredCollection" />
    </UnitTest>
    <UnitTest name="WebServerProjectPath_Removed_FromOptions" storage="/workspace/tests/fluentuiscaffold.core.tests/bin/debug/net8.0/fluentuiscaffold.core.tests.dll" id="0f9360de-cd99-435c-c549-ccd3fe79a633">
      <Execution id="b9864dac-6be2-4568-b023-96779cc463ab" />
      <TestMethod codeBase="/workspace/tests/FluentUIScaffold.Core.Tests/bin/Debug/net8.0/FluentUIScaffold.Core.Tests.dll" adapterTypeName="executor://nunit3testexecutor/" className="FluentUIScaffold.Core.Tests.FluentUIScaffoldTests" name="WebServerProjectPath_Removed_FromOptions" />
    </UnitTest>
    <UnitTest name="WithBaseUrl_WithNullUrl_ThrowsException" storage="/workspace/tests/fluentuiscaffold.core.tests/bin/debug/net8.0/fluentuiscaffold.core.tests.dll" id="11c6e8b9-63df-e19b-bf9f-452e7d9c0dd7">
      <Execution id="490d0e54-2058-4144-a46d-698f77741ca9" />
      <TestMethod codeBase="/workspace/tests/FluentUIScaffold.Core.Tests/bin/Debug/net8.0/FluentUIScaffold.Core.Tests.dll" adapterTypeName="executor://nunit3testexecutor/" className="FluentUIScaffold.Core.Tests.FluentUIScaffoldOptionsBuilderTests" name="WithBaseUrl_WithNullUrl_ThrowsException" />
    </UnitTest>
    <UnitTest name="GetAttribute_ShouldReturnEmptyString" storage="/workspace/tests/fluentuiscaffold.core.tests/bin/debug/net8.0/fluentuiscaffold.core.tests.dll" id="c6d9c40f-adc6-4edb-6a83-6f4ac42882d1">
      <Execution id="f2a17510-b95a-40f7-9de6-9ead0e799669" />
      <TestMethod codeBase="/workspace/tests/FluentUIScaffold.Core.Tests/bin/Debug/net8.0/FluentUIScaffold.Core.Tests.dll" adapterTypeName="executor://nunit3testexecutor/" className="FluentUIScaffold.Core.Tests.ElementTests" name="GetAttribute_ShouldReturnEmptyString" />
    </UnitTest>
    <UnitTest name="IsCached_WithExistingKey_ShouldReturnTrue" storage="/workspace/tests/fluentuiscaffold.core.tests/bin/debug/net8.0/fluentuiscaffold.core.tests.dll" id="dddb8e0d-1bc6-fd59-4ffa-24cd6ce629ee">
      <Execution id="82c9ba05-65dd-4b47-ace7-486434efcc35" />
      <TestMethod codeBase="/workspace/tests/FluentUIScaffold.Core.Tests/bin/Debug/net8.0/FluentUIScaffold.Core.Tests.dll" adapterTypeName="executor://nunit3testexecutor/" className="FluentUIScaffold.Core.Tests.ElementFactoryTests" name="IsCached_WithExistingKey_ShouldReturnTrue" />
    </UnitTest>
    <UnitTest name="Indexer_WithNegativeIndex_ShouldThrowArgumentOutOfRangeException" storage="/workspace/tests/fluentuiscaffold.core.tests/bin/debug/net8.0/fluentuiscaffold.core.tests.dll" id="46930332-f66d-a8f0-6df4-449ab0a9cd10">
      <Execution id="20b57800-b2e4-4cc6-be09-aa04cf5febe3" />
      <TestMethod codeBase="/workspace/tests/FluentUIScaffold.Core.Tests/bin/Debug/net8.0/FluentUIScaffold.Core.Tests.dll" adapterTypeName="executor://nunit3testexecutor/" className="FluentUIScaffold.Core.Tests.ElementCollectionTests" name="Indexer_WithNegativeIndex_ShouldThrowArgumentOutOfRangeException" />
    </UnitTest>
    <UnitTest name="WithSlowMo_WithZeroValue_SetsSlowMoToZero" storage="/workspace/tests/fluentuiscaffold.core.tests/bin/debug/net8.0/fluentuiscaffold.core.tests.dll" id="5ecd0d47-634a-f5a5-e7c4-807c1c8c5935">
      <Execution id="268e4913-495c-42e1-ba28-db487ae6a207" />
      <TestMethod codeBase="/workspace/tests/FluentUIScaffold.Core.Tests/bin/Debug/net8.0/FluentUIScaffold.Core.Tests.dll" adapterTypeName="executor://nunit3testexecutor/" className="FluentUIScaffold.Core.Tests.FluentUIScaffoldOptionsBuilderTests" name="WithSlowMo_WithZeroValue_SetsSlowMoToZero" />
    </UnitTest>
    <UnitTest name="Exists_WhenElementDoesNotExist_ShouldReturnFalse" storage="/workspace/tests/fluentuiscaffold.core.tests/bin/debug/net8.0/fluentuiscaffold.core.tests.dll" id="f3b5f62e-4f46-2207-7f46-5faefe33f536">
      <Execution id="ed4080b5-fed7-4501-9e67-7c4b5b86969d" />
      <TestMethod codeBase="/workspace/tests/FluentUIScaffold.Core.Tests/bin/Debug/net8.0/FluentUIScaffold.Core.Tests.dll" adapterTypeName="executor://nunit3testexecutor/" className="FluentUIScaffold.Core.Tests.ElementTests" name="Exists_WhenElementDoesNotExist_ShouldReturnFalse" />
    </UnitTest>
    <UnitTest name="WithAttribute_WithEmptyName_ShouldThrowArgumentException" storage="/workspace/tests/fluentuiscaffold.core.tests/bin/debug/net8.0/fluentuiscaffold.core.tests.dll" id="9878c4ec-2f1a-e8e4-b5a4-d9a2cba55d4b">
      <Execution id="b281719d-d3d4-4552-93d6-67431e38f277" />
      <TestMethod codeBase="/workspace/tests/FluentUIScaffold.Core.Tests/bin/Debug/net8.0/FluentUIScaffold.Core.Tests.dll" adapterTypeName="executor://nunit3testexecutor/" className="FluentUIScaffold.Core.Tests.ElementBuilderTests" name="WithAttribute_WithEmptyName_ShouldThrowArgumentException" />
    </UnitTest>
    <UnitTest name="CreateElement_WithNullConfiguration_ShouldThrowArgumentNullException" storage="/workspace/tests/fluentuiscaffold.core.tests/bin/debug/net8.0/fluentuiscaffold.core.tests.dll" id="75c5db20-bc00-63de-91f7-e74098d22990">
      <Execution id="79a0ce43-4b99-4a61-b4f6-8141508b0fbd" />
      <TestMethod codeBase="/workspace/tests/FluentUIScaffold.Core.Tests/bin/Debug/net8.0/FluentUIScaffold.Core.Tests.dll" adapterTypeName="executor://nunit3testexecutor/" className="FluentUIScaffold.Core.Tests.ElementFactoryTests" name="CreateElement_WithNullConfiguration_ShouldThrowArgumentNullException" />
    </UnitTest>
    <UnitTest name="WithWebServerProjectPath_IsRemoved_FromBuilder" storage="/workspace/tests/fluentuiscaffold.core.tests/bin/debug/net8.0/fluentuiscaffold.core.tests.dll" id="d9747d07-b571-8346-80a3-fe62a8b92e46">
      <Execution id="dd2c5588-4023-4428-a231-281c5b7513b5" />
      <TestMethod codeBase="/workspace/tests/FluentUIScaffold.Core.Tests/bin/Debug/net8.0/FluentUIScaffold.Core.Tests.dll" adapterTypeName="executor://nunit3testexecutor/" className="FluentUIScaffold.Core.Tests.FluentUIScaffoldOptionsBuilderTests" name="WithWebServerProjectPath_IsRemoved_FromBuilder" />
    </UnitTest>
    <UnitTest name="RegisterElement_WithEmptyKey_ShouldThrowArgumentException" storage="/workspace/tests/fluentuiscaffold.core.tests/bin/debug/net8.0/fluentuiscaffold.core.tests.dll" id="b7012c97-f966-55dc-c35d-274095149e5d">
      <Execution id="eb89fec0-13f3-409f-b134-bed713ca6e1f" />
      <TestMethod codeBase="/workspace/tests/FluentUIScaffold.Core.Tests/bin/Debug/net8.0/FluentUIScaffold.Core.Tests.dll" adapterTypeName="executor://nunit3testexecutor/" className="FluentUIScaffold.Core.Tests.ElementFactoryTests" name="RegisterElement_WithEmptyKey_ShouldThrowArgumentException" />
    </UnitTest>
    <UnitTest name="NavigateToUrl_WithValidUrl_IsValid" storage="/workspace/tests/fluentuiscaffold.core.tests/bin/debug/net8.0/fluentuiscaffold.core.tests.dll" id="46ffc5ad-c340-b767-44fb-d87ee75aad26">
      <Execution id="02df8e3f-d060-4e2d-b259-89467a444519" />
      <TestMethod codeBase="/workspace/tests/FluentUIScaffold.Core.Tests/bin/Debug/net8.0/FluentUIScaffold.Core.Tests.dll" adapterTypeName="executor://nunit3testexecutor/" className="FluentUIScaffold.Core.Tests.NavigationTests" name="NavigateToUrl_WithValidUrl_IsValid" />
    </UnitTest>
    <UnitTest name="WithServerConfiguration_WithNullConfiguration_Removed" storage="/workspace/tests/fluentuiscaffold.core.tests/bin/debug/net8.0/fluentuiscaffold.core.tests.dll" id="0cc5a016-6448-c184-75cf-5538243062ce">
      <Execution id="658fbe6a-f13f-451f-885a-7a4248936d0a" />
      <TestMethod codeBase="/workspace/tests/FluentUIScaffold.Core.Tests/bin/Debug/net8.0/FluentUIScaffold.Core.Tests.dll" adapterTypeName="executor://nunit3testexecutor/" className="FluentUIScaffold.Core.Tests.FluentUIScaffoldOptionsBuilderTests" name="WithServerConfiguration_WithNullConfiguration_Removed" />
    </UnitTest>
    <UnitTest name="Constructor_WithNullDriver_ShouldThrowArgumentNullException" storage="/workspace/tests/fluentuiscaffold.core.tests/bin/debug/net8.0/fluentuiscaffold.core.tests.dll" id="0b5f1728-7b8a-73cb-1723-24feb2bf7d3d">
      <Execution id="eb9f28ff-b32f-494a-b648-7c61011c6cf7" />
      <TestMethod codeBase="/workspace/tests/FluentUIScaffold.Core.Tests/bin/Debug/net8.0/FluentUIScaffold.Core.Tests.dll" adapterTypeName="executor://nunit3testexecutor/" className="FluentUIScaffold.Core.Tests.ElementFactoryTests" name="Constructor_WithNullDriver_ShouldThrowArgumentNullException" />
    </UnitTest>
    <UnitTest name="WithDescription_WithNullDescription_ShouldSetEmptyString" storage="/workspace/tests/fluentuiscaffold.core.tests/bin/debug/net8.0/fluentuiscaffold.core.tests.dll" id="d52fd675-05c7-c95c-d1f1-981f3a4f3701">
      <Execution id="d735f5dd-93f8-47bc-b522-d5c193b0c21c" />
      <TestMethod codeBase="/workspace/tests/FluentUIScaffold.Core.Tests/bin/Debug/net8.0/FluentUIScaffold.Core.Tests.dll" adapterTypeName="executor://nunit3testexecutor/" className="FluentUIScaffold.Core.Tests.ElementBuilderTests" name="WithDescription_WithNullDescription_ShouldSetEmptyString" />
    </UnitTest>
    <UnitTest name="AspNetCore_ServerSpecificUrlsInjectedIntoStartInfo" storage="/workspace/tests/fluentuiscaffold.core.tests/bin/debug/net8.0/fluentuiscaffold.core.tests.dll" id="7ca0cb73-aeb1-887f-1af1-2afb19198c6a">
      <Execution id="4a44b97d-8b6b-4806-9317-a86799111091" />
      <TestMethod codeBase="/workspace/tests/FluentUIScaffold.Core.Tests/bin/Debug/net8.0/FluentUIScaffold.Core.Tests.dll" adapterTypeName="executor://nunit3testexecutor/" className="FluentUIScaffold.Core.Tests.ServerConfigurationBuilderIntegrationTests" name="AspNetCore_ServerSpecificUrlsInjectedIntoStartInfo" />
    </UnitTest>
    <UnitTest name="WithBaseUrl_WithValidUrl_SetsBaseUrl" storage="/workspace/tests/fluentuiscaffold.core.tests/bin/debug/net8.0/fluentuiscaffold.core.tests.dll" id="e694388c-e9b9-a1d2-ef93-70adf5bded0d">
      <Execution id="c6b46d83-c8bb-4e89-b404-b2bcb42124d1" />
      <TestMethod codeBase="/workspace/tests/FluentUIScaffold.Core.Tests/bin/Debug/net8.0/FluentUIScaffold.Core.Tests.dll" adapterTypeName="executor://nunit3testexecutor/" className="FluentUIScaffold.Core.Tests.FluentUIScaffoldOptionsBuilderTests" name="WithBaseUrl_WithValidUrl_SetsBaseUrl" />
    </UnitTest>
    <UnitTest name="GetOrCreateElement_WithEmptyKey_ShouldThrowArgumentException" storage="/workspace/tests/fluentuiscaffold.core.tests/bin/debug/net8.0/fluentuiscaffold.core.tests.dll" id="fab6990d-3c1c-2c65-5826-c4e429096956">
      <Execution id="bdf47ad0-2676-4c0c-a556-ebd6609c5494" />
      <TestMethod codeBase="/workspace/tests/FluentUIScaffold.Core.Tests/bin/Debug/net8.0/FluentUIScaffold.Core.Tests.dll" adapterTypeName="executor://nunit3testexecutor/" className="FluentUIScaffold.Core.Tests.ElementFactoryTests" name="GetOrCreateElement_WithEmptyKey_ShouldThrowArgumentException" />
    </UnitTest>
    <UnitTest name="WithSlowMo_WithValidValue_SetsSlowMo" storage="/workspace/tests/fluentuiscaffold.core.tests/bin/debug/net8.0/fluentuiscaffold.core.tests.dll" id="3c6ae5e7-2078-93c7-0cb9-170c4974fe27">
      <Execution id="f0c6b4ec-526b-4691-a1e0-3c0d910bd822" />
      <TestMethod codeBase="/workspace/tests/FluentUIScaffold.Core.Tests/bin/Debug/net8.0/FluentUIScaffold.Core.Tests.dll" adapterTypeName="executor://nunit3testexecutor/" className="FluentUIScaffold.Core.Tests.FluentUIScaffoldOptionsBuilderTests" name="WithSlowMo_WithValidValue_SetsSlowMo" />
    </UnitTest>
    <UnitTest name="Constructor_WithValidOptions_CreatesInstance" storage="/workspace/tests/fluentuiscaffold.core.tests/bin/debug/net8.0/fluentuiscaffold.core.tests.dll" id="ddff61cf-6c8e-562e-62f7-c9fb5ab0fb05">
      <Execution id="0b3d6a62-99f0-4684-a048-804cc7b03348" />
      <TestMethod codeBase="/workspace/tests/FluentUIScaffold.Core.Tests/bin/Debug/net8.0/FluentUIScaffold.Core.Tests.dll" adapterTypeName="executor://nunit3testexecutor/" className="FluentUIScaffold.Core.Tests.FluentUIScaffoldTests" name="Constructor_WithValidOptions_CreatesInstance" />
    </UnitTest>
    <UnitTest name="First_WithNonEmptyCollection_ShouldReturnFirstElement" storage="/workspace/tests/fluentuiscaffold.core.tests/bin/debug/net8.0/fluentuiscaffold.core.tests.dll" id="ffb66a76-a7d1-dfa1-aa9c-bf5163813cc6">
      <Execution id="40bf0fff-e4eb-4e81-9a65-e1f64f4f89c2" />
      <TestMethod codeBase="/workspace/tests/FluentUIScaffold.Core.Tests/bin/Debug/net8.0/FluentUIScaffold.Core.Tests.dll" adapterTypeName="executor://nunit3testexecutor/" className="FluentUIScaffold.Core.Tests.ElementCollectionTests" name="First_WithNonEmptyCollection_ShouldReturnFirstElement" />
    </UnitTest>
    <UnitTest name="Constructor_WithNullSelector_ShouldThrowArgumentNullException" storage="/workspace/tests/fluentuiscaffold.core.tests/bin/debug/net8.0/fluentuiscaffold.core.tests.dll" id="f886403e-9ef4-53a2-d4e1-ecec3b79370d">
      <Execution id="4ebeb1b7-309e-4786-9e8a-4d04b7027b89" />
      <TestMethod codeBase="/workspace/tests/FluentUIScaffold.Core.Tests/bin/Debug/net8.0/FluentUIScaffold.Core.Tests.dll" adapterTypeName="executor://nunit3testexecutor/" className="FluentUIScaffold.Core.Tests.ElementBuilderTests" name="Constructor_WithNullSelector_ShouldThrowArgumentNullException" />
    </UnitTest>
    <UnitTest name="FirstOrDefault_WithNonEmptyCollection_ShouldReturnFirstElement" storage="/workspace/tests/fluentuiscaffold.core.tests/bin/debug/net8.0/fluentuiscaffold.core.tests.dll" id="73a1b770-4a5e-0a29-6a9c-524092b48888">
      <Execution id="bc51a1f3-e900-4bee-8d0b-5111855dcbfd" />
      <TestMethod codeBase="/workspace/tests/FluentUIScaffold.Core.Tests/bin/Debug/net8.0/FluentUIScaffold.Core.Tests.dll" adapterTypeName="executor://nunit3testexecutor/" className="FluentUIScaffold.Core.Tests.ElementCollectionTests" name="FirstOrDefault_WithNonEmptyCollection_ShouldReturnFirstElement" />
    </UnitTest>
    <UnitTest name="CreateConfiguration_WithValidParameters_ReturnsConfiguration" storage="/workspace/tests/fluentuiscaffold.core.tests/bin/debug/net8.0/fluentuiscaffold.core.tests.dll" id="ae197987-6a6c-0f53-9053-aa2a52fada6c">
      <Execution id="4ecfb949-5aeb-41cb-a6ac-6c1a3954b155" />
      <TestMethod codeBase="/workspace/tests/FluentUIScaffold.Core.Tests/bin/Debug/net8.0/FluentUIScaffold.Core.Tests.dll" adapterTypeName="executor://nunit3testexecutor/" className="FluentUIScaffold.Core.Tests.ServerLauncherFactoryTests" name="CreateConfiguration_WithValidParameters_ReturnsConfiguration" />
    </UnitTest>
    <UnitTest name="CacheCount_ShouldReturnCorrectCount" storage="/workspace/tests/fluentuiscaffold.core.tests/bin/debug/net8.0/fluentuiscaffold.core.tests.dll" id="9a47f56b-5bfd-fc11-0334-5ee2c89f0d7c">
      <Execution id="995a3e70-4757-4217-be85-5fd337c59d97" />
      <TestMethod codeBase="/workspace/tests/FluentUIScaffold.Core.Tests/bin/Debug/net8.0/FluentUIScaffold.Core.Tests.dll" adapterTypeName="executor://nunit3testexecutor/" className="FluentUIScaffold.Core.Tests.ElementFactoryTests" name="CacheCount_ShouldReturnCorrectCount" />
    </UnitTest>
    <UnitTest name="Constructor_WithNullOptions_ThrowsException" storage="/workspace/tests/fluentuiscaffold.core.tests/bin/debug/net8.0/fluentuiscaffold.core.tests.dll" id="6bd0c540-38a9-699a-6e83-30afb294a184">
      <Execution id="f65197a1-ade4-4d57-aee2-f52d24356d71" />
      <TestMethod codeBase="/workspace/tests/FluentUIScaffold.Core.Tests/bin/Debug/net8.0/FluentUIScaffold.Core.Tests.dll" adapterTypeName="executor://nunit3testexecutor/" className="FluentUIScaffold.Core.Tests.FluentUIScaffoldTests" name="Constructor_WithNullOptions_ThrowsException" />
    </UnitTest>
    <UnitTest name="BuildCommandArguments_UsesFrameworkAndConfiguration_FromBuilder" storage="/workspace/tests/fluentuiscaffold.core.tests/bin/debug/net8.0/fluentuiscaffold.core.tests.dll" id="5fc1ac23-88fa-ea50-bc84-f014c480a778">
      <Execution id="6df4fb63-610e-4c96-8a21-440db1293ebe" />
      <TestMethod codeBase="/workspace/tests/FluentUIScaffold.Core.Tests/bin/Debug/net8.0/FluentUIScaffold.Core.Tests.dll" adapterTypeName="executor://nunit3testexecutor/" className="FluentUIScaffold.Core.Tests.AspNetServerLauncherTests" name="BuildCommandArguments_UsesFrameworkAndConfiguration_FromBuilder" />
    </UnitTest>
    <UnitTest name="DetectProjectPath_NoGit_FallsBackToDirectorySearch" storage="/workspace/tests/fluentuiscaffold.core.tests/bin/debug/net8.0/fluentuiscaffold.core.tests.dll" id="b877d3bb-b67c-3d6a-02a1-248c2c6a7c36">
      <Execution id="9b6d4b9f-9db2-4cd3-b9f3-be7795c03131" />
      <TestMethod codeBase="/workspace/tests/FluentUIScaffold.Core.Tests/bin/Debug/net8.0/FluentUIScaffold.Core.Tests.dll" adapterTypeName="executor://nunit3testexecutor/" className="FluentUIScaffold.Core.Tests.GitBasedProjectDetectorTests" name="DetectProjectPath_NoGit_FallsBackToDirectorySearch" />
    </UnitTest>
    <UnitTest name="ServerConfiguration_Removed_FromOptions" storage="/workspace/tests/fluentuiscaffold.core.tests/bin/debug/net8.0/fluentuiscaffold.core.tests.dll" id="691a1ada-8b81-1eeb-9198-2480eca9bcb5">
      <Execution id="9e82bbb9-1cdc-4f32-9821-3a63abb66a00" />
      <TestMethod codeBase="/workspace/tests/FluentUIScaffold.Core.Tests/bin/Debug/net8.0/FluentUIScaffold.Core.Tests.dll" adapterTypeName="executor://nunit3testexecutor/" className="FluentUIScaffold.Core.Tests.FluentUIScaffoldTests" name="ServerConfiguration_Removed_FromOptions" />
    </UnitTest>
    <UnitTest name="Last_WithEmptyCollection_ShouldThrowInvalidOperationException" storage="/workspace/tests/fluentuiscaffold.core.tests/bin/debug/net8.0/fluentuiscaffold.core.tests.dll" id="c9f61712-9fd7-d6bb-db15-07624030c6e4">
      <Execution id="d6b92b69-ea16-435f-ab9c-520dbb4c785e" />
      <TestMethod codeBase="/workspace/tests/FluentUIScaffold.Core.Tests/bin/Debug/net8.0/FluentUIScaffold.Core.Tests.dll" adapterTypeName="executor://nunit3testexecutor/" className="FluentUIScaffold.Core.Tests.ElementCollectionTests" name="Last_WithEmptyCollection_ShouldThrowInvalidOperationException" />
    </UnitTest>
    <UnitTest name="WaitForHidden_ShouldCallDriverWaitForElementToBeHidden" storage="/workspace/tests/fluentuiscaffold.core.tests/bin/debug/net8.0/fluentuiscaffold.core.tests.dll" id="32cab928-a934-2b6a-7a60-1dfa1c7f9abb">
      <Execution id="05f63467-4ef6-452e-b9ef-6be09f946d6c" />
      <TestMethod codeBase="/workspace/tests/FluentUIScaffold.Core.Tests/bin/Debug/net8.0/FluentUIScaffold.Core.Tests.dll" adapterTypeName="executor://nunit3testexecutor/" className="FluentUIScaffold.Core.Tests.ElementTests" name="WaitForHidden_ShouldCallDriverWaitForElementToBeHidden" />
    </UnitTest>
    <UnitTest name="Last_WithNonEmptyCollection_ShouldReturnLastElement" storage="/workspace/tests/fluentuiscaffold.core.tests/bin/debug/net8.0/fluentuiscaffold.core.tests.dll" id="202af691-80fb-dfa6-d9ed-de360fd56509">
      <Execution id="ca1ee5de-a10c-410b-a7f3-69f40a00692c" />
      <TestMethod codeBase="/workspace/tests/FluentUIScaffold.Core.Tests/bin/Debug/net8.0/FluentUIScaffold.Core.Tests.dll" adapterTypeName="executor://nunit3testexecutor/" className="FluentUIScaffold.Core.Tests.ElementCollectionTests" name="Last_WithNonEmptyCollection_ShouldReturnLastElement" />
    </UnitTest>
    <UnitTest name="Builder_SetsNodeEnvAndPort_FromFluentMethods" storage="/workspace/tests/fluentuiscaffold.core.tests/bin/debug/net8.0/fluentuiscaffold.core.tests.dll" id="6b94290b-4ed9-8c2a-b695-d80186249086">
      <Execution id="1512ffed-4de5-4519-9380-9c697604ff43" />
      <TestMethod codeBase="/workspace/tests/FluentUIScaffold.Core.Tests/bin/Debug/net8.0/FluentUIScaffold.Core.Tests.dll" adapterTypeName="executor://nunit3testexecutor/" className="FluentUIScaffold.Core.Tests.NodeJsServerLauncherTests" name="Builder_SetsNodeEnvAndPort_FromFluentMethods" />
    </UnitTest>
    <UnitTest name="NavigateToUrl_WithNullUrl_IsValid" storage="/workspace/tests/fluentuiscaffold.core.tests/bin/debug/net8.0/fluentuiscaffold.core.tests.dll" id="53b308dd-208a-388e-c5f9-16f490d67de6">
      <Execution id="a8e0ec63-6166-45d8-bbb2-3faf2a1f0e50" />
      <TestMethod codeBase="/workspace/tests/FluentUIScaffold.Core.Tests/bin/Debug/net8.0/FluentUIScaffold.Core.Tests.dll" adapterTypeName="executor://nunit3testexecutor/" className="FluentUIScaffold.Core.Tests.NavigationTests" name="NavigateToUrl_WithNullUrl_IsValid" />
    </UnitTest>
    <UnitTest name="RemoveFromCache_WithNonExistingKey_ShouldReturnFalse" storage="/workspace/tests/fluentuiscaffold.core.tests/bin/debug/net8.0/fluentuiscaffold.core.tests.dll" id="d8390e41-bd5a-fe7f-3b98-f2190b4f7ae8">
      <Execution id="82d03626-73bb-4e8f-a74e-06f9cf69e718" />
      <TestMethod codeBase="/workspace/tests/FluentUIScaffold.Core.Tests/bin/Debug/net8.0/FluentUIScaffold.Core.Tests.dll" adapterTypeName="executor://nunit3testexecutor/" className="FluentUIScaffold.Core.Tests.ElementFactoryTests" name="RemoveFromCache_WithNonExistingKey_ShouldReturnFalse" />
    </UnitTest>
    <UnitTest name="WithTimeout_ShouldSetTimeout" storage="/workspace/tests/fluentuiscaffold.core.tests/bin/debug/net8.0/fluentuiscaffold.core.tests.dll" id="8383728b-b15a-a0ae-e2d4-37daa1d150cf">
      <Execution id="d0513715-8653-4fd5-a7c1-ac95ffcbae15" />
      <TestMethod codeBase="/workspace/tests/FluentUIScaffold.Core.Tests/bin/Debug/net8.0/FluentUIScaffold.Core.Tests.dll" adapterTypeName="executor://nunit3testexecutor/" className="FluentUIScaffold.Core.Tests.ElementBuilderTests" name="WithTimeout_ShouldSetTimeout" />
    </UnitTest>
    <UnitTest name="RegisterDetector_WithValidDetector_RegistersSuccessfully" storage="/workspace/tests/fluentuiscaffold.core.tests/bin/debug/net8.0/fluentuiscaffold.core.tests.dll" id="3060bcb3-7dbb-52ae-d898-6c736e92902a">
      <Execution id="3b49fd14-19ff-4c5a-b8f2-e2e730f4c1d8" />
      <TestMethod codeBase="/workspace/tests/FluentUIScaffold.Core.Tests/bin/Debug/net8.0/FluentUIScaffold.Core.Tests.dll" adapterTypeName="executor://nunit3testexecutor/" className="FluentUIScaffold.Core.Tests.ServerLauncherFactoryTests" name="RegisterDetector_WithValidDetector_RegistersSuccessfully" />
    </UnitTest>
    <UnitTest name="Build_ShouldReturnConfiguredElement" storage="/workspace/tests/fluentuiscaffold.core.tests/bin/debug/net8.0/fluentuiscaffold.core.tests.dll" id="58c799eb-3510-390d-5f8b-eb2a700feeb4">
      <Execution id="acc70f5c-24db-456e-8e7f-356493ee71a4" />
      <TestMethod codeBase="/workspace/tests/FluentUIScaffold.Core.Tests/bin/Debug/net8.0/FluentUIScaffold.Core.Tests.dll" adapterTypeName="executor://nunit3testexecutor/" className="FluentUIScaffold.Core.Tests.ElementBuilderTests" name="Build_ShouldReturnConfiguredElement" />
    </UnitTest>
    <UnitTest name="Filter_WithValidPredicate_ShouldReturnFilteredCollection" storage="/workspace/tests/fluentuiscaffold.core.tests/bin/debug/net8.0/fluentuiscaffold.core.tests.dll" id="9277c687-d1ec-06a3-91ef-9c2756a13404">
      <Execution id="c4c6f430-0925-466a-9e57-514c2258db7b" />
      <TestMethod codeBase="/workspace/tests/FluentUIScaffold.Core.Tests/bin/Debug/net8.0/FluentUIScaffold.Core.Tests.dll" adapterTypeName="executor://nunit3testexecutor/" className="FluentUIScaffold.Core.Tests.ElementCollectionTests" name="Filter_WithValidPredicate_ShouldReturnFilteredCollection" />
    </UnitTest>
    <UnitTest name="Filter_WithNullPredicate_ShouldThrowArgumentNullException" storage="/workspace/tests/fluentuiscaffold.core.tests/bin/debug/net8.0/fluentuiscaffold.core.tests.dll" id="0d8a6f68-b892-8208-9f84-b0a607e9693d">
      <Execution id="b6573d92-03fd-4e77-b102-e59acf81cb2a" />
      <TestMethod codeBase="/workspace/tests/FluentUIScaffold.Core.Tests/bin/Debug/net8.0/FluentUIScaffold.Core.Tests.dll" adapterTypeName="executor://nunit3testexecutor/" className="FluentUIScaffold.Core.Tests.ElementCollectionTests" name="Filter_WithNullPredicate_ShouldThrowArgumentNullException" />
    </UnitTest>
    <UnitTest name="GetOrCreateElement_WithNullKey_ShouldThrowArgumentException" storage="/workspace/tests/fluentuiscaffold.core.tests/bin/debug/net8.0/fluentuiscaffold.core.tests.dll" id="91a71ac4-590c-9e24-6500-b1be939120d3">
      <Execution id="e3ccb2ae-62ca-4f69-9da2-3e3199e9c504" />
      <TestMethod codeBase="/workspace/tests/FluentUIScaffold.Core.Tests/bin/Debug/net8.0/FluentUIScaffold.Core.Tests.dll" adapterTypeName="executor://nunit3testexecutor/" className="FluentUIScaffold.Core.Tests.ElementFactoryTests" name="GetOrCreateElement_WithNullKey_ShouldThrowArgumentException" />
    </UnitTest>
    <UnitTest name="WithDefaultWaitTimeout_WithValidTimeout_SetsDefaultWaitTimeout" storage="/workspace/tests/fluentuiscaffold.core.tests/bin/debug/net8.0/fluentuiscaffold.core.tests.dll" id="4c88da48-1cf2-2ce5-51d9-4c397983aa27">
      <Execution id="4dfc4b0f-62b3-45f7-bef2-5b5e7e9a9943" />
      <TestMethod codeBase="/workspace/tests/FluentUIScaffold.Core.Tests/bin/Debug/net8.0/FluentUIScaffold.Core.Tests.dll" adapterTypeName="executor://nunit3testexecutor/" className="FluentUIScaffold.Core.Tests.FluentUIScaffoldTests" name="WithDefaultWaitTimeout_WithValidTimeout_SetsDefaultWaitTimeout" />
    </UnitTest>
    <UnitTest name="RegisterPlugin_WithValidPluginType_RegistersPlugin" storage="/workspace/tests/fluentuiscaffold.core.tests/bin/debug/net8.0/fluentuiscaffold.core.tests.dll" id="22a55186-734f-9dba-b3aa-22207bab8f2a">
      <Execution id="94691a4e-0afe-42b3-8a91-685bbf2392df" />
      <TestMethod codeBase="/workspace/tests/FluentUIScaffold.Core.Tests/bin/Debug/net8.0/FluentUIScaffold.Core.Tests.dll" adapterTypeName="executor://nunit3testexecutor/" className="FluentUIScaffold.Core.Tests.PluginManagerTests" name="RegisterPlugin_WithValidPluginType_RegistersPlugin" />
    </UnitTest>
    <UnitTest name="DetectProjectPath_FromAdditionalPaths_ReturnsPath" storage="/workspace/tests/fluentuiscaffold.core.tests/bin/debug/net8.0/fluentuiscaffold.core.tests.dll" id="aa2ad8c9-644e-352f-745e-635b81ae401d">
      <Execution id="e09b858a-2f35-4b43-bcf9-280e1a2e36a4" />
      <TestMethod codeBase="/workspace/tests/FluentUIScaffold.Core.Tests/bin/Debug/net8.0/FluentUIScaffold.Core.Tests.dll" adapterTypeName="executor://nunit3testexecutor/" className="FluentUIScaffold.Core.Tests.EnvironmentBasedProjectDetectorTests" name="DetectProjectPath_FromAdditionalPaths_ReturnsPath" />
    </UnitTest>
    <UnitTest name="WithServerConfiguration_Removed_FromBuilder" storage="/workspace/tests/fluentuiscaffold.core.tests/bin/debug/net8.0/fluentuiscaffold.core.tests.dll" id="ce884f09-4916-a854-a0cc-dbdac776383b">
      <Execution id="e9b30b12-ce4a-468f-b3cc-395450560d15" />
      <TestMethod codeBase="/workspace/tests/FluentUIScaffold.Core.Tests/bin/Debug/net8.0/FluentUIScaffold.Core.Tests.dll" adapterTypeName="executor://nunit3testexecutor/" className="FluentUIScaffold.Core.Tests.FluentUIScaffoldOptionsBuilderTests" name="WithServerConfiguration_Removed_FromBuilder" />
    </UnitTest>
    <UnitTest name="WithDefaultWaitTimeout_WithValidTimeout_SetsDefaultWaitTimeout" storage="/workspace/tests/fluentuiscaffold.core.tests/bin/debug/net8.0/fluentuiscaffold.core.tests.dll" id="99f01ded-3ca2-e651-a7da-fe562e1e4884">
      <Execution id="e6cf5093-2e1a-4bf0-ab42-e1dc5a360c8d" />
      <TestMethod codeBase="/workspace/tests/FluentUIScaffold.Core.Tests/bin/Debug/net8.0/FluentUIScaffold.Core.Tests.dll" adapterTypeName="executor://nunit3testexecutor/" className="FluentUIScaffold.Core.Tests.FluentUIScaffoldOptionsBuilderTests" name="WithDefaultWaitTimeout_WithValidTimeout_SetsDefaultWaitTimeout" />
    </UnitTest>
    <UnitTest name="WaitForVisible_ShouldCallDriverWaitForElementToBeVisible" storage="/workspace/tests/fluentuiscaffold.core.tests/bin/debug/net8.0/fluentuiscaffold.core.tests.dll" id="8edbc9e8-8106-4e2b-446e-15afc8cb2e79">
      <Execution id="faa84828-8860-4210-b1f8-7d776b5a9d41" />
      <TestMethod codeBase="/workspace/tests/FluentUIScaffold.Core.Tests/bin/Debug/net8.0/FluentUIScaffold.Core.Tests.dll" adapterTypeName="executor://nunit3testexecutor/" className="FluentUIScaffold.Core.Tests.ElementTests" name="WaitForVisible_ShouldCallDriverWaitForElementToBeVisible" />
    </UnitTest>
    <UnitTest name="GetText_ShouldCallDriverGetText" storage="/workspace/tests/fluentuiscaffold.core.tests/bin/debug/net8.0/fluentuiscaffold.core.tests.dll" id="179b7383-7c66-19a3-5099-a84ccfda3312">
      <Execution id="211cb2cd-21ca-4801-99fd-4463abaa1452" />
      <TestMethod codeBase="/workspace/tests/FluentUIScaffold.Core.Tests/bin/Debug/net8.0/FluentUIScaffold.Core.Tests.dll" adapterTypeName="executor://nunit3testexecutor/" className="FluentUIScaffold.Core.Tests.ElementTests" name="GetText_ShouldCallDriverGetText" />
    </UnitTest>
    <UnitTest name="Placeholder_NoOp_ToMaintainTestStructure" storage="/workspace/tests/fluentuiscaffold.core.tests/bin/debug/net8.0/fluentuiscaffold.core.tests.dll" id="27bf1d8f-6db2-9d4a-565f-5fca061cc8f1">
      <Execution id="9b34c636-e599-404d-bb9f-a8b916b7162a" />
      <TestMethod codeBase="/workspace/tests/FluentUIScaffold.Core.Tests/bin/Debug/net8.0/FluentUIScaffold.Core.Tests.dll" adapterTypeName="executor://nunit3testexecutor/" className="FluentUIScaffold.Core.Tests.FluentUIScaffoldTests" name="Placeholder_NoOp_ToMaintainTestStructure" />
    </UnitTest>
    <UnitTest name="RegisterElement_WithNullElement_ShouldThrowArgumentNullException" storage="/workspace/tests/fluentuiscaffold.core.tests/bin/debug/net8.0/fluentuiscaffold.core.tests.dll" id="a1f4b443-1603-0539-0dc0-d4ce95853134">
      <Execution id="30a8b441-1b5d-4083-a70f-9b3c1073d232" />
      <TestMethod codeBase="/workspace/tests/FluentUIScaffold.Core.Tests/bin/Debug/net8.0/FluentUIScaffold.Core.Tests.dll" adapterTypeName="executor://nunit3testexecutor/" className="FluentUIScaffold.Core.Tests.ElementFactoryTests" name="RegisterElement_WithNullElement_ShouldThrowArgumentNullException" />
    </UnitTest>
    <UnitTest name="WithAttribute_ShouldAddAttribute" storage="/workspace/tests/fluentuiscaffold.core.tests/bin/debug/net8.0/fluentuiscaffold.core.tests.dll" id="ecd11cad-395d-4d5e-d9ae-03e7b8295be8">
      <Execution id="ef884876-74bb-4489-a37a-07a190225cbe" />
      <TestMethod codeBase="/workspace/tests/FluentUIScaffold.Core.Tests/bin/Debug/net8.0/FluentUIScaffold.Core.Tests.dll" adapterTypeName="executor://nunit3testexecutor/" className="FluentUIScaffold.Core.Tests.ElementBuilderTests" name="WithAttribute_ShouldAddAttribute" />
    </UnitTest>
    <UnitTest name="WaitFor_WithNoneStrategy_ShouldNotCallAnyWaitMethods" storage="/workspace/tests/fluentuiscaffold.core.tests/bin/debug/net8.0/fluentuiscaffold.core.tests.dll" id="9f3021c1-925a-71da-e253-d006455bc8e9">
      <Execution id="d54d3bc3-9bd0-42c9-aebc-d962bb3953cb" />
      <TestMethod codeBase="/workspace/tests/FluentUIScaffold.Core.Tests/bin/Debug/net8.0/FluentUIScaffold.Core.Tests.dll" adapterTypeName="executor://nunit3testexecutor/" className="FluentUIScaffold.Core.Tests.ElementTests" name="WaitFor_WithNoneStrategy_ShouldNotCallAnyWaitMethods" />
    </UnitTest>
    <UnitTest name="DetectProjectPath_FromEnvironmentVariable_ReturnsPath" storage="/workspace/tests/fluentuiscaffold.core.tests/bin/debug/net8.0/fluentuiscaffold.core.tests.dll" id="8ca40265-bff9-35e5-4c05-5311e5fae258">
      <Execution id="6999bd77-326d-4030-8c74-b08e289057e4" />
      <TestMethod codeBase="/workspace/tests/FluentUIScaffold.Core.Tests/bin/Debug/net8.0/FluentUIScaffold.Core.Tests.dll" adapterTypeName="executor://nunit3testexecutor/" className="FluentUIScaffold.Core.Tests.EnvironmentBasedProjectDetectorTests" name="DetectProjectPath_FromEnvironmentVariable_ReturnsPath" />
    </UnitTest>
    <UnitTest name="HeadlessMode_WithNullValue_SetsHeadlessModeToNull" storage="/workspace/tests/fluentuiscaffold.core.tests/bin/debug/net8.0/fluentuiscaffold.core.tests.dll" id="6c726527-cdae-6f0e-e424-af9055e97f92">
      <Execution id="2b247eb1-40eb-4fd7-ab6a-83c7518a016f" />
      <TestMethod codeBase="/workspace/tests/FluentUIScaffold.Core.Tests/bin/Debug/net8.0/FluentUIScaffold.Core.Tests.dll" adapterTypeName="executor://nunit3testexecutor/" className="FluentUIScaffold.Core.Tests.FluentUIScaffoldTests" name="HeadlessMode_WithNullValue_SetsHeadlessModeToNull" />
    </UnitTest>
    <UnitTest name="WaitFor_WithUnsupportedStrategy_ShouldThrowArgumentException" storage="/workspace/tests/fluentuiscaffold.core.tests/bin/debug/net8.0/fluentuiscaffold.core.tests.dll" id="5b0f8305-1a07-717d-f99d-cd7dc78eb59e">
      <Execution id="6cff6b82-b71a-48de-9875-aaeb610fdbbc" />
      <TestMethod codeBase="/workspace/tests/FluentUIScaffold.Core.Tests/bin/Debug/net8.0/FluentUIScaffold.Core.Tests.dll" adapterTypeName="executor://nunit3testexecutor/" className="FluentUIScaffold.Core.Tests.ElementTests" name="WaitFor_WithUnsupportedStrategy_ShouldThrowArgumentException" />
    </UnitTest>
    <UnitTest name="Type_ShouldCallDriverType" storage="/workspace/tests/fluentuiscaffold.core.tests/bin/debug/net8.0/fluentuiscaffold.core.tests.dll" id="44803fba-616e-b64e-f070-676eb27c9592">
      <Execution id="3ca2cbbe-5779-42b4-a45d-8f00272e8ce4" />
      <TestMethod codeBase="/workspace/tests/FluentUIScaffold.Core.Tests/bin/Debug/net8.0/FluentUIScaffold.Core.Tests.dll" adapterTypeName="executor://nunit3testexecutor/" className="FluentUIScaffold.Core.Tests.ElementTests" name="Type_ShouldCallDriverType" />
    </UnitTest>
    <UnitTest name="HeadlessMode_WithValidValue_SetsHeadlessMode" storage="/workspace/tests/fluentuiscaffold.core.tests/bin/debug/net8.0/fluentuiscaffold.core.tests.dll" id="1dbd60f0-8bf8-0e06-1bea-3397a47d2afd">
      <Execution id="efdee30e-14f9-4fa0-b147-6dba4162870c" />
      <TestMethod codeBase="/workspace/tests/FluentUIScaffold.Core.Tests/bin/Debug/net8.0/FluentUIScaffold.Core.Tests.dll" adapterTypeName="executor://nunit3testexecutor/" className="FluentUIScaffold.Core.Tests.FluentUIScaffoldTests" name="HeadlessMode_WithValidValue_SetsHeadlessMode" />
    </UnitTest>
    <UnitTest name="Indexer_WithIndexEqualToCount_ShouldThrowArgumentOutOfRangeException" storage="/workspace/tests/fluentuiscaffold.core.tests/bin/debug/net8.0/fluentuiscaffold.core.tests.dll" id="71ed1687-d25f-f0b2-eee1-f1f69754d207">
      <Execution id="221cb271-91d2-4ff7-8c45-917a9418f44b" />
      <TestMethod codeBase="/workspace/tests/FluentUIScaffold.Core.Tests/bin/Debug/net8.0/FluentUIScaffold.Core.Tests.dll" adapterTypeName="executor://nunit3testexecutor/" className="FluentUIScaffold.Core.Tests.ElementCollectionTests" name="Indexer_WithIndexEqualToCount_ShouldThrowArgumentOutOfRangeException" />
    </UnitTest>
    <UnitTest name="Constructor_WithNullDriver_ShouldThrowArgumentNullException" storage="/workspace/tests/fluentuiscaffold.core.tests/bin/debug/net8.0/fluentuiscaffold.core.tests.dll" id="280bec51-23dc-ffba-208c-c20000ad7909">
      <Execution id="691740dc-88ca-44dd-a7b2-30c89e54fade" />
      <TestMethod codeBase="/workspace/tests/FluentUIScaffold.Core.Tests/bin/Debug/net8.0/FluentUIScaffold.Core.Tests.dll" adapterTypeName="executor://nunit3testexecutor/" className="FluentUIScaffold.Core.Tests.ElementBuilderTests" name="Constructor_WithNullDriver_ShouldThrowArgumentNullException" />
    </UnitTest>
    <UnitTest name="WaitFor_WithHiddenStrategy_ShouldCallWaitForHidden" storage="/workspace/tests/fluentuiscaffold.core.tests/bin/debug/net8.0/fluentuiscaffold.core.tests.dll" id="6ba06a82-9046-fcca-a49b-be1345ecbc51">
      <Execution id="e909af5d-dd30-4954-b8fc-cd71f2509310" />
      <TestMethod codeBase="/workspace/tests/FluentUIScaffold.Core.Tests/bin/Debug/net8.0/FluentUIScaffold.Core.Tests.dll" adapterTypeName="executor://nunit3testexecutor/" className="FluentUIScaffold.Core.Tests.ElementTests" name="WaitFor_WithHiddenStrategy_ShouldCallWaitForHidden" />
    </UnitTest>
    <UnitTest name="WaitFor_WithVisibleStrategy_ShouldCallWaitForVisible" storage="/workspace/tests/fluentuiscaffold.core.tests/bin/debug/net8.0/fluentuiscaffold.core.tests.dll" id="85b3a0e0-be33-c2c1-998a-6dc53854bf16">
      <Execution id="26008858-c0aa-4ef5-8667-5525bb35082b" />
      <TestMethod codeBase="/workspace/tests/FluentUIScaffold.Core.Tests/bin/Debug/net8.0/FluentUIScaffold.Core.Tests.dll" adapterTypeName="executor://nunit3testexecutor/" className="FluentUIScaffold.Core.Tests.ElementTests" name="WaitFor_WithVisibleStrategy_ShouldCallWaitForVisible" />
    </UnitTest>
    <UnitTest name="WithWebServerProjectPath_WithEmptyPath_Removed" storage="/workspace/tests/fluentuiscaffold.core.tests/bin/debug/net8.0/fluentuiscaffold.core.tests.dll" id="8a43bd3c-a801-bb4f-9167-9cddc20d64b5">
      <Execution id="6115f76c-cc27-42f9-8185-2d6d91f264b8" />
      <TestMethod codeBase="/workspace/tests/FluentUIScaffold.Core.Tests/bin/Debug/net8.0/FluentUIScaffold.Core.Tests.dll" adapterTypeName="executor://nunit3testexecutor/" className="FluentUIScaffold.Core.Tests.FluentUIScaffoldOptionsBuilderTests" name="WithWebServerProjectPath_WithEmptyPath_Removed" />
    </UnitTest>
  </TestDefinitions>
  <TestEntries>
    <TestEntry testId="c288cdf5-4c17-bd42-bf19-8d1a299a2747" executionId="927eaccf-818b-461a-ad22-1eb40b026150" testListId="8c84fa94-04c1-424b-9868-57a2d4851a1d" />
    <TestEntry testId="6bd0c540-38a9-699a-6e83-30afb294a184" executionId="f65197a1-ade4-4d57-aee2-f52d24356d71" testListId="8c84fa94-04c1-424b-9868-57a2d4851a1d" />
    <TestEntry testId="ab102e48-216b-a6e1-6a1e-ce5492770c81" executionId="7b1e939a-a383-432c-b18e-8d133768fa0d" testListId="8c84fa94-04c1-424b-9868-57a2d4851a1d" />
    <TestEntry testId="179ad534-942e-3d0d-8cd9-ff68b706f3bf" executionId="9b7ac306-a391-4b3d-9a3b-9162b6c293f4" testListId="8c84fa94-04c1-424b-9868-57a2d4851a1d" />
    <TestEntry testId="0f9f915d-f9f9-434c-81bb-640e07bacad2" executionId="e5b859f1-9751-45f1-846f-355240e27137" testListId="8c84fa94-04c1-424b-9868-57a2d4851a1d" />
    <TestEntry testId="ce884f09-4916-a854-a0cc-dbdac776383b" executionId="e9b30b12-ce4a-468f-b3cc-395450560d15" testListId="8c84fa94-04c1-424b-9868-57a2d4851a1d" />
    <TestEntry testId="d93cec4f-53d9-403d-a92c-21324eed1dc2" executionId="669604b7-5bf7-4ef3-ab7d-59d3274e7d67" testListId="8c84fa94-04c1-424b-9868-57a2d4851a1d" />
    <TestEntry testId="d9747d07-b571-8346-80a3-fe62a8b92e46" executionId="dd2c5588-4023-4428-a231-281c5b7513b5" testListId="8c84fa94-04c1-424b-9868-57a2d4851a1d" />
    <TestEntry testId="446583bb-1a0c-a601-da8c-b6db446288a3" executionId="f135d040-5eca-45e0-9273-1ed45d044ac0" testListId="8c84fa94-04c1-424b-9868-57a2d4851a1d" />
    <TestEntry testId="8ae62a86-1c76-a105-6718-7582f48ad523" executionId="588da414-a39d-43ec-936a-133b896c4d3a" testListId="8c84fa94-04c1-424b-9868-57a2d4851a1d" />
    <TestEntry testId="5bf46c48-3055-37d6-fef8-c9d126207b04" executionId="533b3aac-9b19-4c41-858a-adb6a38d15bc" testListId="8c84fa94-04c1-424b-9868-57a2d4851a1d" />
    <TestEntry testId="121b3ea7-a273-e796-8c2e-1aff78536d24" executionId="e0dd5cad-7b59-44c7-9f19-3d2bc67e394b" testListId="8c84fa94-04c1-424b-9868-57a2d4851a1d" />
    <TestEntry testId="e694388c-e9b9-a1d2-ef93-70adf5bded0d" executionId="c6b46d83-c8bb-4e89-b404-b2bcb42124d1" testListId="8c84fa94-04c1-424b-9868-57a2d4851a1d" />
    <TestEntry testId="f2c0b89c-869a-b8e1-4f97-bcdc75425150" executionId="45e7405b-b31c-4e60-94b9-981e063a0224" testListId="8c84fa94-04c1-424b-9868-57a2d4851a1d" />
    <TestEntry testId="7ca0cb73-aeb1-887f-1af1-2afb19198c6a" executionId="4a44b97d-8b6b-4806-9317-a86799111091" testListId="8c84fa94-04c1-424b-9868-57a2d4851a1d" />
    <TestEntry testId="7f949d80-13b6-78ce-6336-64f88eac33b7" executionId="ae6cc6d0-a956-4bd3-ba46-6620a1d85433" testListId="8c84fa94-04c1-424b-9868-57a2d4851a1d" />
    <TestEntry testId="c6d9c40f-adc6-4edb-6a83-6f4ac42882d1" executionId="f2a17510-b95a-40f7-9de6-9ead0e799669" testListId="8c84fa94-04c1-424b-9868-57a2d4851a1d" />
    <TestEntry testId="3c6ae5e7-2078-93c7-0cb9-170c4974fe27" executionId="f0c6b4ec-526b-4691-a1e0-3c0d910bd822" testListId="8c84fa94-04c1-424b-9868-57a2d4851a1d" />
    <TestEntry testId="8f39af80-f58e-71ee-14e2-037e33d2ca9e" executionId="15df6223-2a47-44c4-9fcf-a7b584e2989d" testListId="8c84fa94-04c1-424b-9868-57a2d4851a1d" />
    <TestEntry testId="f1c510fe-f632-6958-5421-3d34e26a9b68" executionId="75bfb4b0-6c1e-48f5-879f-c414b41382d9" testListId="8c84fa94-04c1-424b-9868-57a2d4851a1d" />
    <TestEntry testId="5dbab36b-8bf9-b94a-886b-0679437303ac" executionId="438acaf7-624e-4f5c-aefe-ff1a6138ae2d" testListId="8c84fa94-04c1-424b-9868-57a2d4851a1d" />
    <TestEntry testId="dddb8e0d-1bc6-fd59-4ffa-24cd6ce629ee" executionId="82c9ba05-65dd-4b47-ace7-486434efcc35" testListId="8c84fa94-04c1-424b-9868-57a2d4851a1d" />
    <TestEntry testId="b16522d5-763c-5079-f175-3132fe0bb3ec" executionId="dad23614-14c8-4223-b093-cdeaf5972b9d" testListId="8c84fa94-04c1-424b-9868-57a2d4851a1d" />
    <TestEntry testId="c2f5de2f-6096-d57c-95e5-fec26b8d796d" executionId="4a42a298-4d43-4540-b121-fb38cff82098" testListId="8c84fa94-04c1-424b-9868-57a2d4851a1d" />
    <TestEntry testId="3972325b-780e-8149-0501-afcdb2e51733" executionId="f1ef762c-701b-4cdd-a437-771b0de06253" testListId="8c84fa94-04c1-424b-9868-57a2d4851a1d" />
    <TestEntry testId="e46f5d7d-393e-88b9-1a00-80ae274b5f6e" executionId="896db0da-5862-491b-a2b6-f854890c496b" testListId="8c84fa94-04c1-424b-9868-57a2d4851a1d" />
    <TestEntry testId="6343243c-dfd7-4b0b-0e3c-4021f44a4a0d" executionId="11a71ddf-9921-470b-900d-26c7742eb4f5" testListId="8c84fa94-04c1-424b-9868-57a2d4851a1d" />
    <TestEntry testId="99f01ded-3ca2-e651-a7da-fe562e1e4884" executionId="e6cf5093-2e1a-4bf0-ab42-e1dc5a360c8d" testListId="8c84fa94-04c1-424b-9868-57a2d4851a1d" />
    <TestEntry testId="6112ca55-caad-863b-bca3-e844e296c7b3" executionId="d5a5812d-4607-454b-b732-2f3df2423243" testListId="8c84fa94-04c1-424b-9868-57a2d4851a1d" />
    <TestEntry testId="22a55186-734f-9dba-b3aa-22207bab8f2a" executionId="94691a4e-0afe-42b3-8a91-685bbf2392df" testListId="8c84fa94-04c1-424b-9868-57a2d4851a1d" />
    <TestEntry testId="1c8b7bab-7237-42e0-5fb5-c55615089994" executionId="558b5f67-e814-4a73-a1b8-e678e5d7f725" testListId="8c84fa94-04c1-424b-9868-57a2d4851a1d" />
    <TestEntry testId="c9f61712-9fd7-d6bb-db15-07624030c6e4" executionId="d6b92b69-ea16-435f-ab9c-520dbb4c785e" testListId="8c84fa94-04c1-424b-9868-57a2d4851a1d" />
    <TestEntry testId="38f64a32-373c-d336-108a-9833491623db" executionId="ed3e06dc-e5d5-483b-b2fe-a3c40eb82e51" testListId="8c84fa94-04c1-424b-9868-57a2d4851a1d" />
    <TestEntry testId="2944cbda-271d-8e00-031a-dd03321c1f09" executionId="adeb52ae-728e-43ab-afee-59de37273207" testListId="8c84fa94-04c1-424b-9868-57a2d4851a1d" />
    <TestEntry testId="2c985496-df4a-5947-e2dc-50422705efcf" executionId="b2998d70-6214-4643-a316-da481007dc66" testListId="8c84fa94-04c1-424b-9868-57a2d4851a1d" />
    <TestEntry testId="9878c4ec-2f1a-e8e4-b5a4-d9a2cba55d4b" executionId="b281719d-d3d4-4552-93d6-67431e38f277" testListId="8c84fa94-04c1-424b-9868-57a2d4851a1d" />
    <TestEntry testId="a646cbbd-eb04-f9aa-5695-780998d26368" executionId="363f12cb-4b43-4369-9b92-9363e5f91fb2" testListId="8c84fa94-04c1-424b-9868-57a2d4851a1d" />
    <TestEntry testId="2d7af110-a47a-3498-5f06-ff20a980bae8" executionId="c0a76205-45cd-4c0b-b9f8-d0ce2e01d5d6" testListId="8c84fa94-04c1-424b-9868-57a2d4851a1d" />
    <TestEntry testId="46930332-f66d-a8f0-6df4-449ab0a9cd10" executionId="20b57800-b2e4-4cc6-be09-aa04cf5febe3" testListId="8c84fa94-04c1-424b-9868-57a2d4851a1d" />
    <TestEntry testId="11c6e8b9-63df-e19b-bf9f-452e7d9c0dd7" executionId="490d0e54-2058-4144-a46d-698f77741ca9" testListId="8c84fa94-04c1-424b-9868-57a2d4851a1d" />
    <TestEntry testId="dd8f8349-d619-3359-a263-b07e1bc2b428" executionId="0ce6d941-7a04-44e1-9fbe-bd7113eeaf52" testListId="8c84fa94-04c1-424b-9868-57a2d4851a1d" />
    <TestEntry testId="bba98ce8-0e46-19a1-add2-e0e6659866ca" executionId="e2f49158-cd8b-4484-851d-ce5ef0cdb4dc" testListId="8c84fa94-04c1-424b-9868-57a2d4851a1d" />
    <TestEntry testId="5d00fc9b-986f-8e7a-5894-fe21deab4d76" executionId="0df34d1e-98f1-463e-b2f8-587ae73f4124" testListId="8c84fa94-04c1-424b-9868-57a2d4851a1d" />
    <TestEntry testId="179b7383-7c66-19a3-5099-a84ccfda3312" executionId="211cb2cd-21ca-4801-99fd-4463abaa1452" testListId="8c84fa94-04c1-424b-9868-57a2d4851a1d" />
    <TestEntry testId="ddff61cf-6c8e-562e-62f7-c9fb5ab0fb05" executionId="0b3d6a62-99f0-4684-a048-804cc7b03348" testListId="8c84fa94-04c1-424b-9868-57a2d4851a1d" />
    <TestEntry testId="f46fda5d-5750-4db5-4e78-e68e765afd13" executionId="254620fe-b4a9-4223-8100-a92da1cff499" testListId="8c84fa94-04c1-424b-9868-57a2d4851a1d" />
    <TestEntry testId="63abd0f8-5814-164f-7950-4ad186521ab4" executionId="04b23fb5-2389-49bf-b63c-0896f79ffa0e" testListId="8c84fa94-04c1-424b-9868-57a2d4851a1d" />
    <TestEntry testId="95cf8d21-caaa-bf90-a4bb-f43f9e880ae1" executionId="ce38b123-1acd-4f02-99e3-c9a5eb25f9fe" testListId="8c84fa94-04c1-424b-9868-57a2d4851a1d" />
    <TestEntry testId="37cb0dcf-4168-cbb7-f50e-73ed6d374e4a" executionId="8dc3ab33-b9cb-4d98-b1aa-2b0b3ac47ac4" testListId="8c84fa94-04c1-424b-9868-57a2d4851a1d" />
    <TestEntry testId="0c9cdc29-691b-c84f-d982-5575012bff55" executionId="9bbd3256-04d4-4fc0-aa15-2e759bc1ac26" testListId="8c84fa94-04c1-424b-9868-57a2d4851a1d" />
    <TestEntry testId="3f49ee74-f47f-14db-402b-a5606f508f18" executionId="88cf287a-7756-45c1-96c2-e59a22572d01" testListId="8c84fa94-04c1-424b-9868-57a2d4851a1d" />
    <TestEntry testId="2ae1304c-81ac-a359-4734-cee502a63ccd" executionId="98b08d22-e8a0-4c78-9c45-bef2eb64b112" testListId="8c84fa94-04c1-424b-9868-57a2d4851a1d" />
    <TestEntry testId="85b3a0e0-be33-c2c1-998a-6dc53854bf16" executionId="26008858-c0aa-4ef5-8667-5525bb35082b" testListId="8c84fa94-04c1-424b-9868-57a2d4851a1d" />
    <TestEntry testId="5457ec9d-b666-cb43-0581-94c4ccf2eefc" executionId="fb900aa2-1c6e-4868-a551-c338a3439a49" testListId="8c84fa94-04c1-424b-9868-57a2d4851a1d" />
    <TestEntry testId="8a43bd3c-a801-bb4f-9167-9cddc20d64b5" executionId="6115f76c-cc27-42f9-8185-2d6d91f264b8" testListId="8c84fa94-04c1-424b-9868-57a2d4851a1d" />
    <TestEntry testId="a1f4b443-1603-0539-0dc0-d4ce95853134" executionId="30a8b441-1b5d-4083-a70f-9b3c1073d232" testListId="8c84fa94-04c1-424b-9868-57a2d4851a1d" />
    <TestEntry testId="a8ade4ba-35e4-f1b1-b29c-1221576ebc2c" executionId="4198b99a-58ac-41e0-98c2-bebf32147e73" testListId="8c84fa94-04c1-424b-9868-57a2d4851a1d" />
    <TestEntry testId="202af691-80fb-dfa6-d9ed-de360fd56509" executionId="ca1ee5de-a10c-410b-a7f3-69f40a00692c" testListId="8c84fa94-04c1-424b-9868-57a2d4851a1d" />
    <TestEntry testId="0b4fc99c-eb06-94b0-bab6-1d7f1e79217a" executionId="f493939a-fbc4-48fa-a680-a75bd1d1628a" testListId="8c84fa94-04c1-424b-9868-57a2d4851a1d" />
    <TestEntry testId="73a1b770-4a5e-0a29-6a9c-524092b48888" executionId="bc51a1f3-e900-4bee-8d0b-5111855dcbfd" testListId="8c84fa94-04c1-424b-9868-57a2d4851a1d" />
    <TestEntry testId="2ea41be2-ee63-3a11-0613-d95c2f91bed0" executionId="2e96c057-1fd0-43e8-8d3e-9feccfe92ef9" testListId="8c84fa94-04c1-424b-9868-57a2d4851a1d" />
    <TestEntry testId="770867d9-ec05-f95d-4f86-cd135b847493" executionId="e0b59224-fd8e-4f5c-bf75-10d265a5de50" testListId="8c84fa94-04c1-424b-9868-57a2d4851a1d" />
    <TestEntry testId="6ba06a82-9046-fcca-a49b-be1345ecbc51" executionId="e909af5d-dd30-4954-b8fc-cd71f2509310" testListId="8c84fa94-04c1-424b-9868-57a2d4851a1d" />
    <TestEntry testId="ba86690a-e524-5b30-0581-e7c61fd4694c" executionId="fd812f6b-f176-4199-89cc-5571081be5c0" testListId="8c84fa94-04c1-424b-9868-57a2d4851a1d" />
    <TestEntry testId="e75b2bb9-5515-7802-e744-4a6d4013843f" executionId="2a23dad9-c2de-4672-b062-277a6429b54b" testListId="8c84fa94-04c1-424b-9868-57a2d4851a1d" />
    <TestEntry testId="d52fd675-05c7-c95c-d1f1-981f3a4f3701" executionId="d735f5dd-93f8-47bc-b522-d5c193b0c21c" testListId="8c84fa94-04c1-424b-9868-57a2d4851a1d" />
    <TestEntry testId="551fc6ac-b856-8cac-3508-c2c42f5670a1" executionId="701b9697-9c05-40c2-b79b-9af28f8fb549" testListId="8c84fa94-04c1-424b-9868-57a2d4851a1d" />
    <TestEntry testId="6dd2c663-126f-c692-d442-51f4ddb16f47" executionId="5c3a762c-2450-4e04-80db-1e6488c479f5" testListId="8c84fa94-04c1-424b-9868-57a2d4851a1d" />
    <TestEntry testId="d9c1e874-b98e-f314-cfca-82dd9dc7660b" executionId="0f2417aa-c942-46fe-bad4-73f80268e81b" testListId="8c84fa94-04c1-424b-9868-57a2d4851a1d" />
    <TestEntry testId="405fd94c-1e16-06c6-669b-4f6514668f24" executionId="3c7635e5-6d59-4a20-a254-04cf19a03262" testListId="8c84fa94-04c1-424b-9868-57a2d4851a1d" />
    <TestEntry testId="869c75f3-f0d3-ccd1-94b9-b347ceeefe6e" executionId="e3bdd167-ddef-4319-ac3a-5f78ce81c3d4" testListId="8c84fa94-04c1-424b-9868-57a2d4851a1d" />
    <TestEntry testId="0b5f1728-7b8a-73cb-1723-24feb2bf7d3d" executionId="eb9f28ff-b32f-494a-b648-7c61011c6cf7" testListId="8c84fa94-04c1-424b-9868-57a2d4851a1d" />
    <TestEntry testId="8ca40265-bff9-35e5-4c05-5311e5fae258" executionId="6999bd77-326d-4030-8c74-b08e289057e4" testListId="8c84fa94-04c1-424b-9868-57a2d4851a1d" />
    <TestEntry testId="9277c687-d1ec-06a3-91ef-9c2756a13404" executionId="c4c6f430-0925-466a-9e57-514c2258db7b" testListId="8c84fa94-04c1-424b-9868-57a2d4851a1d" />
    <TestEntry testId="53b308dd-208a-388e-c5f9-16f490d67de6" executionId="a8e0ec63-6166-45d8-bbb2-3faf2a1f0e50" testListId="8c84fa94-04c1-424b-9868-57a2d4851a1d" />
    <TestEntry testId="32cab928-a934-2b6a-7a60-1dfa1c7f9abb" executionId="05f63467-4ef6-452e-b9ef-6be09f946d6c" testListId="8c84fa94-04c1-424b-9868-57a2d4851a1d" />
    <TestEntry testId="46ffc5ad-c340-b767-44fb-d87ee75aad26" executionId="02df8e3f-d060-4e2d-b259-89467a444519" testListId="8c84fa94-04c1-424b-9868-57a2d4851a1d" />
    <TestEntry testId="4c88da48-1cf2-2ce5-51d9-4c397983aa27" executionId="4dfc4b0f-62b3-45f7-bef2-5b5e7e9a9943" testListId="8c84fa94-04c1-424b-9868-57a2d4851a1d" />
    <TestEntry testId="5b0b0b21-c836-f769-4fb0-bf7c584f610d" executionId="3184a8a5-83ca-483b-85c3-453e09c32ba9" testListId="8c84fa94-04c1-424b-9868-57a2d4851a1d" />
    <TestEntry testId="0d8a6f68-b892-8208-9f84-b0a607e9693d" executionId="b6573d92-03fd-4e77-b102-e59acf81cb2a" testListId="8c84fa94-04c1-424b-9868-57a2d4851a1d" />
    <TestEntry testId="e08a08af-210e-a1c2-6824-5a7b54cc2338" executionId="a06a539e-79a8-4e40-9085-a12ac920f91b" testListId="8c84fa94-04c1-424b-9868-57a2d4851a1d" />
    <TestEntry testId="4cd43b66-f3f8-8df6-5266-95b6a332d485" executionId="77b2eb3f-58bb-438d-86bd-1551fedc32f9" testListId="8c84fa94-04c1-424b-9868-57a2d4851a1d" />
    <TestEntry testId="0b3109f8-d2a8-47f7-ae01-04faf34ff615" executionId="60654f90-1cce-4c5c-983e-572978718019" testListId="8c84fa94-04c1-424b-9868-57a2d4851a1d" />
    <TestEntry testId="e490ff0f-804e-81fe-d54a-5987cfe60093" executionId="bfd3168d-aabe-45fe-9978-36aca74f4bb7" testListId="8c84fa94-04c1-424b-9868-57a2d4851a1d" />
    <TestEntry testId="894f94b1-efcc-7bbe-43c4-5aa998a01fba" executionId="050d8401-ce99-45a9-bd1a-7c3327f1b699" testListId="8c84fa94-04c1-424b-9868-57a2d4851a1d" />
    <TestEntry testId="4346959c-3e94-4c0e-1880-3b5ac77fbbde" executionId="cdd4f2d5-1f39-403f-9089-bf7bc8f9d5bf" testListId="8c84fa94-04c1-424b-9868-57a2d4851a1d" />
    <TestEntry testId="280bec51-23dc-ffba-208c-c20000ad7909" executionId="691740dc-88ca-44dd-a7b2-30c89e54fade" testListId="8c84fa94-04c1-424b-9868-57a2d4851a1d" />
    <TestEntry testId="b301e5a2-6274-43e4-8d33-13911ec17a00" executionId="321b81d9-138f-4069-ad15-c429e33ef258" testListId="8c84fa94-04c1-424b-9868-57a2d4851a1d" />
    <TestEntry testId="2ac82e10-080e-2b5b-2d3d-5685bb444717" executionId="5a9fbe27-f664-4331-a3ff-604b6331a7c2" testListId="8c84fa94-04c1-424b-9868-57a2d4851a1d" />
    <TestEntry testId="58c799eb-3510-390d-5f8b-eb2a700feeb4" executionId="acc70f5c-24db-456e-8e7f-356493ee71a4" testListId="8c84fa94-04c1-424b-9868-57a2d4851a1d" />
    <TestEntry testId="cc50075c-462e-8b57-d394-e1d716bb8f7e" executionId="ddb3fba0-7b1b-4b51-8f63-c7addd7b07fc" testListId="8c84fa94-04c1-424b-9868-57a2d4851a1d" />
    <TestEntry testId="c48c7a66-1a74-12aa-2595-2e164ad6c470" executionId="9a1dc693-9077-4065-8f2e-cf99699a07aa" testListId="8c84fa94-04c1-424b-9868-57a2d4851a1d" />
    <TestEntry testId="f3b5f62e-4f46-2207-7f46-5faefe33f536" executionId="ed4080b5-fed7-4501-9e67-7c4b5b86969d" testListId="8c84fa94-04c1-424b-9868-57a2d4851a1d" />
    <TestEntry testId="0857da33-b4ef-b236-6099-02a532ef2a14" executionId="eb0a72a1-40ac-4025-b216-0d265a8fb7fb" testListId="8c84fa94-04c1-424b-9868-57a2d4851a1d" />
    <TestEntry testId="3060bcb3-7dbb-52ae-d898-6c736e92902a" executionId="3b49fd14-19ff-4c5a-b8f2-e2e730f4c1d8" testListId="8c84fa94-04c1-424b-9868-57a2d4851a1d" />
    <TestEntry testId="8383728b-b15a-a0ae-e2d4-37daa1d150cf" executionId="d0513715-8653-4fd5-a7c1-ac95ffcbae15" testListId="8c84fa94-04c1-424b-9868-57a2d4851a1d" />
    <TestEntry testId="268d744c-88c8-b894-11b0-d59382621120" executionId="52ab8ddf-6f18-4344-a653-ddb87e2179f4" testListId="8c84fa94-04c1-424b-9868-57a2d4851a1d" />
    <TestEntry testId="fff58572-0076-1d30-45fe-03dd6cfeccd1" executionId="fc7d52e8-04c6-41a7-99ad-2effbbb78642" testListId="8c84fa94-04c1-424b-9868-57a2d4851a1d" />
    <TestEntry testId="5fc1ac23-88fa-ea50-bc84-f014c480a778" executionId="6df4fb63-610e-4c96-8a21-440db1293ebe" testListId="8c84fa94-04c1-424b-9868-57a2d4851a1d" />
    <TestEntry testId="4d36eff3-cb8c-cc2b-ae0a-7341e46f417f" executionId="ccfb5140-2f22-458b-8cef-51e73e3d5792" testListId="8c84fa94-04c1-424b-9868-57a2d4851a1d" />
    <TestEntry testId="0f9360de-cd99-435c-c549-ccd3fe79a633" executionId="b9864dac-6be2-4568-b023-96779cc463ab" testListId="8c84fa94-04c1-424b-9868-57a2d4851a1d" />
    <TestEntry testId="7fb7363f-268a-d980-fb84-31f8b492a262" executionId="b49936d0-e4eb-467a-97ae-f97f067255d9" testListId="8c84fa94-04c1-424b-9868-57a2d4851a1d" />
    <TestEntry testId="6b94290b-4ed9-8c2a-b695-d80186249086" executionId="1512ffed-4de5-4519-9380-9c697604ff43" testListId="8c84fa94-04c1-424b-9868-57a2d4851a1d" />
    <TestEntry testId="ff506097-7a61-9dd6-1df2-d3c8d75a82f3" executionId="c78a0678-afb8-436a-a1c7-e64fd98ea698" testListId="8c84fa94-04c1-424b-9868-57a2d4851a1d" />
    <TestEntry testId="91a71ac4-590c-9e24-6500-b1be939120d3" executionId="e3ccb2ae-62ca-4f69-9da2-3e3199e9c504" testListId="8c84fa94-04c1-424b-9868-57a2d4851a1d" />
    <TestEntry testId="bb6d95e1-fe2b-c7f2-f120-8406bb52b03a" executionId="0aeb505c-5b89-43ac-9471-85b33177a37c" testListId="8c84fa94-04c1-424b-9868-57a2d4851a1d" />
    <TestEntry testId="aa2ad8c9-644e-352f-745e-635b81ae401d" executionId="e09b858a-2f35-4b43-bcf9-280e1a2e36a4" testListId="8c84fa94-04c1-424b-9868-57a2d4851a1d" />
    <TestEntry testId="6c726527-cdae-6f0e-e424-af9055e97f92" executionId="2b247eb1-40eb-4fd7-ab6a-83c7518a016f" testListId="8c84fa94-04c1-424b-9868-57a2d4851a1d" />
    <TestEntry testId="44803fba-616e-b64e-f070-676eb27c9592" executionId="3ca2cbbe-5779-42b4-a45d-8f00272e8ce4" testListId="8c84fa94-04c1-424b-9868-57a2d4851a1d" />
    <TestEntry testId="9f3021c1-925a-71da-e253-d006455bc8e9" executionId="d54d3bc3-9bd0-42c9-aebc-d962bb3953cb" testListId="8c84fa94-04c1-424b-9868-57a2d4851a1d" />
    <TestEntry testId="ae197987-6a6c-0f53-9053-aa2a52fada6c" executionId="4ecfb949-5aeb-41cb-a6ac-6c1a3954b155" testListId="8c84fa94-04c1-424b-9868-57a2d4851a1d" />
    <TestEntry testId="ac2caede-1993-10f2-1269-ecc9a1cb91c8" executionId="98e53f73-3160-4ffa-b0c1-2aba927301ec" testListId="8c84fa94-04c1-424b-9868-57a2d4851a1d" />
    <TestEntry testId="1dbd60f0-8bf8-0e06-1bea-3397a47d2afd" executionId="efdee30e-14f9-4fa0-b147-6dba4162870c" testListId="8c84fa94-04c1-424b-9868-57a2d4851a1d" />
    <TestEntry testId="691a1ada-8b81-1eeb-9198-2480eca9bcb5" executionId="9e82bbb9-1cdc-4f32-9821-3a63abb66a00" testListId="8c84fa94-04c1-424b-9868-57a2d4851a1d" />
    <TestEntry testId="bf028da6-1617-4eb8-985e-f133f6495b1c" executionId="7c1fed20-2aac-4598-aa1f-f529eb2ffebb" testListId="8c84fa94-04c1-424b-9868-57a2d4851a1d" />
    <TestEntry testId="5b0f8305-1a07-717d-f99d-cd7dc78eb59e" executionId="6cff6b82-b71a-48de-9875-aaeb610fdbbc" testListId="8c84fa94-04c1-424b-9868-57a2d4851a1d" />
    <TestEntry testId="d6e5f7f2-25f3-210a-1f00-1f733c0e9da8" executionId="49b1a393-417f-4c8a-b1cc-37aa222141e4" testListId="8c84fa94-04c1-424b-9868-57a2d4851a1d" />
    <TestEntry testId="bf999a1f-994b-fb2b-0916-7df6581792db" executionId="c7fd48e9-7c3b-4c01-93e0-8f137cb29d37" testListId="8c84fa94-04c1-424b-9868-57a2d4851a1d" />
    <TestEntry testId="71ed1687-d25f-f0b2-eee1-f1f69754d207" executionId="221cb271-91d2-4ff7-8c45-917a9418f44b" testListId="8c84fa94-04c1-424b-9868-57a2d4851a1d" />
    <TestEntry testId="475357e7-c128-1ac1-651e-32f7af1e435a" executionId="48537a3b-2f9a-4a37-ac08-24933ccadb2c" testListId="8c84fa94-04c1-424b-9868-57a2d4851a1d" />
    <TestEntry testId="eeb41d66-bc8a-3f24-dae1-82048046740c" executionId="6adf5f9b-f658-4ae6-adee-dd75b0f8de09" testListId="8c84fa94-04c1-424b-9868-57a2d4851a1d" />
    <TestEntry testId="ffb66a76-a7d1-dfa1-aa9c-bf5163813cc6" executionId="40bf0fff-e4eb-4e81-9a65-e1f64f4f89c2" testListId="8c84fa94-04c1-424b-9868-57a2d4851a1d" />
    <TestEntry testId="75c5db20-bc00-63de-91f7-e74098d22990" executionId="79a0ce43-4b99-4a61-b4f6-8141508b0fbd" testListId="8c84fa94-04c1-424b-9868-57a2d4851a1d" />
    <TestEntry testId="8ee850f6-f93d-44de-04bb-8bbc073b000b" executionId="6523ab5c-e753-4feb-8f80-bbf98cd570c9" testListId="8c84fa94-04c1-424b-9868-57a2d4851a1d" />
    <TestEntry testId="18f05ca5-b5fb-a8dd-f454-c581d558cbe9" executionId="10ae114f-6870-41fc-a2e6-7706a579b2c0" testListId="8c84fa94-04c1-424b-9868-57a2d4851a1d" />
    <TestEntry testId="8edbc9e8-8106-4e2b-446e-15afc8cb2e79" executionId="faa84828-8860-4210-b1f8-7d776b5a9d41" testListId="8c84fa94-04c1-424b-9868-57a2d4851a1d" />
    <TestEntry testId="db9ada96-dcf3-e037-db10-b7563d6669b8" executionId="151bc30d-ede7-4ed1-a946-fd7baed808f4" testListId="8c84fa94-04c1-424b-9868-57a2d4851a1d" />
    <TestEntry testId="b877d3bb-b67c-3d6a-02a1-248c2c6a7c36" executionId="9b6d4b9f-9db2-4cd3-b9f3-be7795c03131" testListId="8c84fa94-04c1-424b-9868-57a2d4851a1d" />
    <TestEntry testId="c3694fbe-f799-3b5e-9ff5-0d754eb65db7" executionId="68cb2125-6ef5-46b1-8015-f67f96da5324" testListId="8c84fa94-04c1-424b-9868-57a2d4851a1d" />
    <TestEntry testId="629e7f8f-acc1-6486-7ee3-d596d40e2188" executionId="32158325-616f-4570-8452-fd36d637e2af" testListId="8c84fa94-04c1-424b-9868-57a2d4851a1d" />
    <TestEntry testId="471622d6-a01c-acdb-82c5-f00f72212509" executionId="eb785498-c993-46d6-835b-49304314f094" testListId="8c84fa94-04c1-424b-9868-57a2d4851a1d" />
    <TestEntry testId="2ac27a39-0887-ff83-8ecd-f4b873b52bce" executionId="eca0c5c4-4395-419d-9466-35a9cf4b0db4" testListId="8c84fa94-04c1-424b-9868-57a2d4851a1d" />
    <TestEntry testId="4b5ed4f4-cca7-3210-3b0c-b7d6cb410605" executionId="482829e9-5f71-43b2-8757-a3c7d53cd9b4" testListId="8c84fa94-04c1-424b-9868-57a2d4851a1d" />
    <TestEntry testId="dd2018e8-67f8-175b-29d6-c073c16953d1" executionId="4f225aa1-891b-427e-8438-bd8afdbb5143" testListId="8c84fa94-04c1-424b-9868-57a2d4851a1d" />
    <TestEntry testId="9a47f56b-5bfd-fc11-0334-5ee2c89f0d7c" executionId="995a3e70-4757-4217-be85-5fd337c59d97" testListId="8c84fa94-04c1-424b-9868-57a2d4851a1d" />
    <TestEntry testId="cbefd2c6-af4f-b601-5e3c-99959e055433" executionId="1e79b775-5923-4d33-b5db-de5daf715930" testListId="8c84fa94-04c1-424b-9868-57a2d4851a1d" />
    <TestEntry testId="f6b53d12-55a1-6cea-cf6b-996b794f8a7d" executionId="11fe1531-ec6d-4a5d-b993-91312ea6fffa" testListId="8c84fa94-04c1-424b-9868-57a2d4851a1d" />
    <TestEntry testId="f886403e-9ef4-53a2-d4e1-ecec3b79370d" executionId="4ebeb1b7-309e-4786-9e8a-4d04b7027b89" testListId="8c84fa94-04c1-424b-9868-57a2d4851a1d" />
    <TestEntry testId="12ff9ff8-18aa-7b6e-4922-4d2923a6060b" executionId="6600c19b-8f7e-482e-a163-2704cd0e97ab" testListId="8c84fa94-04c1-424b-9868-57a2d4851a1d" />
    <TestEntry testId="9db3b268-6657-af98-9f75-1b63df5c1b61" executionId="cccc6ea4-cc85-4494-bcd2-1b5cfd8447fd" testListId="8c84fa94-04c1-424b-9868-57a2d4851a1d" />
    <TestEntry testId="6d5a4486-b343-0cdc-4507-2918b358e5b5" executionId="ef75594a-8c4d-4d23-9d7f-2ac12f7fe2b7" testListId="8c84fa94-04c1-424b-9868-57a2d4851a1d" />
    <TestEntry testId="677131f5-8f9b-a5d7-51f3-8830f5479d4d" executionId="b5589607-5d40-4c88-9be1-74c03fa52163" testListId="8c84fa94-04c1-424b-9868-57a2d4851a1d" />
    <TestEntry testId="d8390e41-bd5a-fe7f-3b98-f2190b4f7ae8" executionId="82d03626-73bb-4e8f-a74e-06f9cf69e718" testListId="8c84fa94-04c1-424b-9868-57a2d4851a1d" />
    <TestEntry testId="c6b038af-0bc0-b632-00c4-3ef8ea29ed6e" executionId="2936a0e0-5303-4cf1-a5c8-1f1d7f94e7b9" testListId="8c84fa94-04c1-424b-9868-57a2d4851a1d" />
    <TestEntry testId="2e23022d-866f-3ace-93c9-9c504b47228e" executionId="ddd8a115-8008-4155-b615-f33410b17f7d" testListId="8c84fa94-04c1-424b-9868-57a2d4851a1d" />
    <TestEntry testId="07d2e673-5834-e2ca-06bc-89c7780bb3c8" executionId="82570c62-c520-48d2-9c86-d69cf4777248" testListId="8c84fa94-04c1-424b-9868-57a2d4851a1d" />
    <TestEntry testId="33a7bbde-5ce9-4487-c1d1-eb748c5080db" executionId="f3718a5d-1314-4414-adeb-8fc30115f139" testListId="8c84fa94-04c1-424b-9868-57a2d4851a1d" />
    <TestEntry testId="e78cb7dd-0751-e11c-f830-882cb6a69d14" executionId="2374ef19-d287-4185-ad7a-6686f418ecaf" testListId="8c84fa94-04c1-424b-9868-57a2d4851a1d" />
    <TestEntry testId="fcd32eae-1929-9e13-f2a2-ebf52e2ea1bb" executionId="033df91c-5b37-41f9-8abd-ce74df618834" testListId="8c84fa94-04c1-424b-9868-57a2d4851a1d" />
    <TestEntry testId="5ecd0d47-634a-f5a5-e7c4-807c1c8c5935" executionId="268e4913-495c-42e1-ba28-db487ae6a207" testListId="8c84fa94-04c1-424b-9868-57a2d4851a1d" />
    <TestEntry testId="a8ccc846-1ff4-1690-63b6-362e0b40f521" executionId="3f7f0adf-bfe7-4e8b-8dae-9dfafe0844a8" testListId="8c84fa94-04c1-424b-9868-57a2d4851a1d" />
    <TestEntry testId="b7012c97-f966-55dc-c35d-274095149e5d" executionId="eb89fec0-13f3-409f-b134-bed713ca6e1f" testListId="8c84fa94-04c1-424b-9868-57a2d4851a1d" />
    <TestEntry testId="24920700-cbf0-845b-81d7-78958082ce63" executionId="aeb5a1c4-c480-4d95-a4ca-0457593117bf" testListId="8c84fa94-04c1-424b-9868-57a2d4851a1d" />
    <TestEntry testId="28f45f08-f929-d021-87bf-ac7bea3175f6" executionId="4217158e-e1ba-40e1-a29c-df9c36f974ae" testListId="8c84fa94-04c1-424b-9868-57a2d4851a1d" />
    <TestEntry testId="d0ef1a67-943c-e03c-80e8-cb9d77933072" executionId="42d19579-7686-48ed-9da0-c72c9ea8e0b4" testListId="8c84fa94-04c1-424b-9868-57a2d4851a1d" />
    <TestEntry testId="f2f6b3ec-eeaf-c73e-5a2e-1ef2fc174766" executionId="40983b2d-5e18-45db-a7d1-32bf4261cd53" testListId="8c84fa94-04c1-424b-9868-57a2d4851a1d" />
    <TestEntry testId="7b7eece1-efca-5e39-6f9c-7c2cf05500c2" executionId="cc9c93aa-c4cc-4fb5-a674-10457445e35e" testListId="8c84fa94-04c1-424b-9868-57a2d4851a1d" />
    <TestEntry testId="ecd11cad-395d-4d5e-d9ae-03e7b8295be8" executionId="ef884876-74bb-4489-a37a-07a190225cbe" testListId="8c84fa94-04c1-424b-9868-57a2d4851a1d" />
    <TestEntry testId="fab6990d-3c1c-2c65-5826-c4e429096956" executionId="bdf47ad0-2676-4c0c-a556-ebd6609c5494" testListId="8c84fa94-04c1-424b-9868-57a2d4851a1d" />
    <TestEntry testId="cc28fd0d-aeb1-6068-03cf-a613121c3154" executionId="bf829c06-03b9-4617-b58c-07992df4af94" testListId="8c84fa94-04c1-424b-9868-57a2d4851a1d" />
    <TestEntry testId="f02c83be-628b-c901-c0e0-b0c07da04720" executionId="2194c86c-c1ff-453a-a2e2-0ed73c3a2c22" testListId="8c84fa94-04c1-424b-9868-57a2d4851a1d" />
    <TestEntry testId="b7f18d4e-e8c0-3285-6e79-21ddd24f3d41" executionId="26937630-0cb5-4f39-9138-cce234184015" testListId="8c84fa94-04c1-424b-9868-57a2d4851a1d" />
    <TestEntry testId="020a6f08-c481-d586-c35b-71ffdcdf77ae" executionId="2c3c7a4b-8b6c-4c10-99af-95c442610481" testListId="8c84fa94-04c1-424b-9868-57a2d4851a1d" />
    <TestEntry testId="ab73f926-d1a2-00f0-bb5d-c38f897fb557" executionId="8a87f374-e9c8-4773-a09e-b37609086233" testListId="8c84fa94-04c1-424b-9868-57a2d4851a1d" />
    <TestEntry testId="68cc5f29-514d-38dc-c438-33585cc74aa4" executionId="48557490-2567-4c85-8db0-ec051deea449" testListId="8c84fa94-04c1-424b-9868-57a2d4851a1d" />
    <TestEntry testId="5e045292-2424-2536-e9a7-78679c446a8a" executionId="3b729eab-8248-42c7-9be4-52995eab728b" testListId="8c84fa94-04c1-424b-9868-57a2d4851a1d" />
    <TestEntry testId="1c0d19b9-1bef-846e-5c51-324c55f41975" executionId="3a257c13-25c0-4cf1-952d-524bd8d3cb21" testListId="8c84fa94-04c1-424b-9868-57a2d4851a1d" />
    <TestEntry testId="27bf1d8f-6db2-9d4a-565f-5fca061cc8f1" executionId="9b34c636-e599-404d-bb9f-a8b916b7162a" testListId="8c84fa94-04c1-424b-9868-57a2d4851a1d" />
    <TestEntry testId="0cc5a016-6448-c184-75cf-5538243062ce" executionId="658fbe6a-f13f-451f-885a-7a4248936d0a" testListId="8c84fa94-04c1-424b-9868-57a2d4851a1d" />
    <TestEntry testId="28f7c59d-b5d1-8620-75b4-446e721774f0" executionId="051df62c-2962-46a8-b1b8-7f2989830f05" testListId="8c84fa94-04c1-424b-9868-57a2d4851a1d" />
  </TestEntries>
  <TestLists>
    <TestList name="Results Not in a List" id="8c84fa94-04c1-424b-9868-57a2d4851a1d" />
    <TestList name="All Loaded Results" id="19431567-8539-422a-85d7-44ee4e166bda" />
  </TestLists>
  <ResultSummary outcome="Failed">
    <Counters total="170" executed="170" passed="169" failed="1" error="0" timeout="0" aborted="0" inconclusive="0" passedButRunAborted="0" notRunnable="0" notExecuted="0" disconnected="0" warning="0" completed="0" inProgress="0" pending="0" />
    <Output>
      <StdOut>NUnit Adapter 4.5.0.0: Test execution started
Running all tests in /workspace/tests/FluentUIScaffold.Core.Tests/bin/Debug/net8.0/FluentUIScaffold.Core.Tests.dll
   NUnit3TestExecutor discovered 170 of 170 NUnit test cases using Current Discovery mode, Non-Explicit run
WithServerConfiguration_Removed_FromBuilder: Server configuration is now provided only to WebServerManager
WithServerConfiguration_WithNullConfiguration_Removed: Removed
WithWebServerProjectPath_IsRemoved_FromBuilder: Server config APIs removed from options builder; managed by WebServerManager
WithWebServerProjectPath_WithEmptyPath_Removed: Removed
WithWebServerProjectPath_WithNullPath_Removed: Removed
ServerConfiguration_Removed_FromOptions: Server configuration removed from options; managed by WebServerManager
WebServerProjectPath_Removed_FromOptions: Server project path removed from options; managed by WebServerManager
RegisterDetector_WithValidDetector_RegistersSuccessfully: Detector registered successfully
NUnit Adapter 4.5.0.0: Test execution complete
</StdOut>
    </Output>
    <RunInfos>
      <RunInfo computerName="cursor" outcome="Warning" timestamp="2025-08-11T11:37:33.3993906+00:00">
        <Text>PluginRegistry count before seeding: 1
PluginManager count after seeding: 1
</Text>
      </RunInfo>
      <RunInfo computerName="cursor" outcome="Warning" timestamp="2025-08-11T11:37:33.4285645+00:00">
        <Text>=== Aspire (dotnet run) ===
Builder methods:
ServerConfiguration
    .CreateAspireServer(new Uri("http://localhost:6066"), "/path/to/AspireApp.AppHost.csproj")
    .WithFramework("net9.0")
    .WithConfiguration("Release")
Run command:
dotnet run --framework net9.0 --configuration Release --no-launch-profile
Environment variables:
ASPNETCORE_ENVIRONMENT=Development
ASPNETCORE_FORWARDEDHEADERS_ENABLED=false
ASPNETCORE_HOSTINGSTARTUPASSEMBLIES=
ASPNETCORE_URLS=http://localhost:6066/
DOTNET_DASHBOARD_OTLP_ENDPOINT_URL=https://localhost:21097
DOTNET_ENVIRONMENT=Development
DOTNET_RESOURCE_SERVICE_ENDPOINT_URL=https://localhost:22268
====================

</Text>
      </RunInfo>
      <RunInfo computerName="cursor" outcome="Warning" timestamp="2025-08-11T11:37:33.4303960+00:00">
        <Text>=== Custom env vars ===
Builder methods:
.WithEnvironmentVariable("MY_SETTING", "abc").WithEnvironmentVariables(...) 
Run command:
dotnet run --framework net8.0 --configuration Release --no-launch-profile
Environment variables:
ASPNETCORE_ENVIRONMENT=Staging
ASPNETCORE_HOSTINGSTARTUPASSEMBLIES=
FOO=bar
MY_SETTING=abc
====================

</Text>
      </RunInfo>
      <RunInfo computerName="cursor" outcome="Warning" timestamp="2025-08-11T11:37:33.4330850+00:00">
        <Text>=== ASP.NET Core (dotnet run) ===
Builder methods:
ServerConfiguration
    .CreateDotNetServer(new Uri("http://localhost:5055"), "/path/to/MyApp.csproj")
    .WithFramework("net9.0")
    .WithConfiguration("Debug")
Run command:
dotnet run --framework net9.0 --configuration Debug --no-launch-profile
Environment variables:
ASPNETCORE_ENVIRONMENT=Development
ASPNETCORE_HOSTINGSTARTUPASSEMBLIES=
====================

</Text>
      </RunInfo>
      <RunInfo computerName="cursor" outcome="Warning" timestamp="2025-08-11T11:37:33.4366097+00:00">
        <Text>=== Node.js (npm run) ===
Builder methods: WithNpmScript("dev").WithNodeEnvironment("production").WithPort(7777).WithArguments("--", "--open")
npm start dev -- --open
NODE_ENV=production
PORT=7777
====================

</Text>
      </RunInfo>
      <RunInfo computerName="cursor" outcome="Warning" timestamp="2025-08-11T11:37:33.4391102+00:00">
        <Text>=== SPA proxy enabled ===
Builder methods:
.WithSpaProxy(true)
Run command:
dotnet run --framework net8.0 --configuration Release --no-launch-profile
Environment variables:
ASPNETCORE_ENVIRONMENT=Development
ASPNETCORE_HOSTINGSTARTUPASSEMBLIES=Microsoft.AspNetCore.SpaProxy
====================

=== SPA proxy disabled ===
Builder methods:
.WithSpaProxy(false)
Run command:
dotnet run --framework net8.0 --configuration Release --no-launch-profile
Environment variables:
ASPNETCORE_ENVIRONMENT=Development
ASPNETCORE_HOSTINGSTARTUPASSEMBLIES=
====================

</Text>
      </RunInfo>
      <RunInfo computerName="cursor" outcome="Warning" timestamp="2025-08-11T11:37:33.4391469+00:00">
        <Text>=== WebApplicationFactory (fallback to dotnet run) ===
Builder methods:
.WithFramework("net9.0").WithConfiguration("Debug")
Run command:
dotnet run --framework net9.0 --configuration Debug --no-launch-profile
Environment variables:
ASPNETCORE_HOSTINGSTARTUPASSEMBLIES=
====================

</Text>
      </RunInfo>
    </RunInfos>
    <CollectorDataEntries>
      <Collector agentName="cursor" uri="datacollector://microsoft/CoverletCodeCoverage/1.0" collectorDisplayName="XPlat code coverage">
        <UriAttachments>
          <UriAttachment>
            <A href="cursor/coverage.cobertura.xml"></A>
          </UriAttachment>
        </UriAttachments>
      </Collector>
    </CollectorDataEntries>
  </ResultSummary>
</TestRun>