<?xml version="1.0" encoding="utf-8"?>
<TestRun id="6d377666-7cae-41b2-9493-9e753f01146b" name="@cursor 2025-08-11 10:56:41" xmlns="http://microsoft.com/schemas/VisualStudio/TeamTest/2010">
  <Times creation="2025-08-11T10:56:41.3021471+00:00" queuing="2025-08-11T10:56:41.3021471+00:00" start="2025-08-11T10:56:40.1823247+00:00" finish="2025-08-11T10:56:50.0149971+00:00" />
  <TestSettings name="default" id="177d2ff0-c440-4c48-ae55-354e1921ecce">
    <Deployment runDeploymentRoot="_cursor_2025-08-11_10_56_41" />
  </TestSettings>
  <Results>
    <UnitTestResult executionId="d2bd7d7a-e19d-4ab1-8bbe-4e2732e867dd" testId="431f452d-c23f-9ca3-4bae-283bd4f22bb9" testName="IsEnabled_WithEmptySelector_ShouldThrowArgumentException" computerName="cursor" duration="00:00:00.2530190" startTime="2025-08-11T10:56:45.4606260+00:00" endTime="2025-08-11T10:56:45.7136449+00:00" testType="13cdc9d9-ddb5-4fa4-a97d-d965ccfc6d4b" outcome="Passed" testListId="8c84fa94-04c1-424b-9868-57a2d4851a1d" relativeResultsDirectory="d2bd7d7a-e19d-4ab1-8bbe-4e2732e867dd" />
    <UnitTestResult executionId="ad0bb11f-0c33-4a51-846a-f8acfa8229fd" testId="6e8c0812-e23c-e7a6-cbe8-62f734dab9f7" testName="WaitForElementAttribute_WithNullSelector_ShouldThrowArgumentException" computerName="cursor" duration="00:00:00.0007730" startTime="2025-08-11T10:56:49.6899406+00:00" endTime="2025-08-11T10:56:49.6907130+00:00" testType="13cdc9d9-ddb5-4fa4-a97d-d965ccfc6d4b" outcome="Passed" testListId="8c84fa94-04c1-424b-9868-57a2d4851a1d" relativeResultsDirectory="ad0bb11f-0c33-4a51-846a-f8acfa8229fd" />
    <UnitTestResult executionId="055fe340-9001-4fcd-941b-943a9e7748fb" testId="e8d74a76-a6dc-3af0-710e-e305cc9a27a7" testName="IsVisible_WithEmptySelector_ShouldThrowArgumentException" computerName="cursor" duration="00:00:00.2677080" startTime="2025-08-11T10:56:45.9739238+00:00" endTime="2025-08-11T10:56:46.2416317+00:00" testType="13cdc9d9-ddb5-4fa4-a97d-d965ccfc6d4b" outcome="Passed" testListId="8c84fa94-04c1-424b-9868-57a2d4851a1d" relativeResultsDirectory="055fe340-9001-4fcd-941b-943a9e7748fb" />
    <UnitTestResult executionId="58a89edb-11f1-4ab8-a438-ece9d53d4642" testId="f62e70a1-30d9-b0fc-8eea-390e512b56f9" testName="Constructor_WithNullPage_ShouldThrowArgumentNullException" computerName="cursor" duration="00:00:00.0003910" startTime="2025-08-11T10:56:49.6707997+00:00" endTime="2025-08-11T10:56:49.6711909+00:00" testType="13cdc9d9-ddb5-4fa4-a97d-d965ccfc6d4b" outcome="Passed" testListId="8c84fa94-04c1-424b-9868-57a2d4851a1d" relativeResultsDirectory="58a89edb-11f1-4ab8-a438-ece9d53d4642" />
    <UnitTestResult executionId="205f4874-8c76-4bed-a696-3195e13b9844" testId="29b927ce-f540-26d4-d1f1-a1b0b62c4d93" testName="SetPermissionsAsync_WithValidPermissions_ShouldNotThrowException" computerName="cursor" duration="00:00:00.0010810" startTime="2025-08-11T10:56:41.2872778+00:00" endTime="2025-08-11T10:56:41.2883589+00:00" testType="13cdc9d9-ddb5-4fa4-a97d-d965ccfc6d4b" outcome="Passed" testListId="8c84fa94-04c1-424b-9868-57a2d4851a1d" relativeResultsDirectory="205f4874-8c76-4bed-a696-3195e13b9844" />
    <UnitTestResult executionId="ebe371ec-a538-465c-82fe-50742e74be0d" testId="a7110f0d-1515-f79f-160d-c973adc19695" testName="EmulateMobileDeviceAsync_WithValidDeviceName_ShouldNotThrowException" computerName="cursor" duration="00:00:00.0011040" startTime="2025-08-11T10:56:41.2474230+00:00" endTime="2025-08-11T10:56:41.2485268+00:00" testType="13cdc9d9-ddb5-4fa4-a97d-d965ccfc6d4b" outcome="Passed" testListId="8c84fa94-04c1-424b-9868-57a2d4851a1d" relativeResultsDirectory="ebe371ec-a538-465c-82fe-50742e74be0d" />
    <UnitTestResult executionId="78ccc8df-202a-45f6-9289-e92a1a813d0d" testId="705b3a66-7abb-be15-4d76-eeeccbd1e039" testName="PlaywrightTimeoutException_WithDefaultTimeout_ShouldSetDefaultTimeout" computerName="cursor" duration="00:00:00.0024320" startTime="2025-08-11T10:56:49.4237740+00:00" endTime="2025-08-11T10:56:49.4262053+00:00" testType="13cdc9d9-ddb5-4fa4-a97d-d965ccfc6d4b" outcome="Passed" testListId="8c84fa94-04c1-424b-9868-57a2d4851a1d" relativeResultsDirectory="78ccc8df-202a-45f6-9289-e92a1a813d0d" />
    <UnitTestResult executionId="463ea35a-82f3-4bd9-bb3a-6dd128157d0a" testId="08024d7f-f5d4-70e2-2d00-1732d845efa4" testName="SetGeolocationAsync_WithValidCoordinates_ShouldNotThrowException" computerName="cursor" duration="00:00:00.0014590" startTime="2025-08-11T10:56:41.2832600+00:00" endTime="2025-08-11T10:56:41.2847187+00:00" testType="13cdc9d9-ddb5-4fa4-a97d-d965ccfc6d4b" outcome="Passed" testListId="8c84fa94-04c1-424b-9868-57a2d4851a1d" relativeResultsDirectory="463ea35a-82f3-4bd9-bb3a-6dd128157d0a" />
    <UnitTestResult executionId="071768b4-f125-4950-8fc6-074964f4c1c9" testId="cdf95cc8-e652-0533-8bc6-85dc81d809bd" testName="PlaywrightElementNotVisibleException_WithSelectorAndInnerException_ShouldSetProperties" computerName="cursor" duration="00:00:00.0001010" startTime="2025-08-11T10:56:49.4221050+00:00" endTime="2025-08-11T10:56:49.4222063+00:00" testType="13cdc9d9-ddb5-4fa4-a97d-d965ccfc6d4b" outcome="Passed" testListId="8c84fa94-04c1-424b-9868-57a2d4851a1d" relativeResultsDirectory="071768b4-f125-4950-8fc6-074964f4c1c9" />
    <UnitTestResult executionId="ba82c307-d1f2-4322-b0c4-f392a2b27ed4" testId="ae12414c-2a3b-8fba-bfbc-5cc41bbf8493" testName="WaitForElement_WithTextPresentStrategy_ShouldNotThrowException" computerName="cursor" duration="00:00:00.0008560" startTime="2025-08-11T10:56:49.6858860+00:00" endTime="2025-08-11T10:56:49.6867425+00:00" testType="13cdc9d9-ddb5-4fa4-a97d-d965ccfc6d4b" outcome="Passed" testListId="8c84fa94-04c1-424b-9868-57a2d4851a1d" relativeResultsDirectory="ba82c307-d1f2-4322-b0c4-f392a2b27ed4" />
    <UnitTestResult executionId="ab5d873f-aaef-40a7-8a26-e8a4c7c77895" testId="ce7ef0ae-30d6-cbcc-bdb4-d03420e984dd" testName="StartVideoRecordingAsync_WithEmptyPath_ShouldThrowArgumentException" computerName="cursor" duration="00:00:00.0012770" startTime="2025-08-11T10:56:41.2883749+00:00" endTime="2025-08-11T10:56:41.2896521+00:00" testType="13cdc9d9-ddb5-4fa4-a97d-d965ccfc6d4b" outcome="Passed" testListId="8c84fa94-04c1-424b-9868-57a2d4851a1d" relativeResultsDirectory="ab5d873f-aaef-40a7-8a26-e8a4c7c77895" />
    <UnitTestResult executionId="ca64e202-c47c-47ba-b831-058ab3ac55f9" testId="8e4e42a9-cbeb-2ffe-badb-66dcdda7de9a" testName="WaitForElement_WithUnsupportedStrategy_ShouldThrowArgumentException" computerName="cursor" duration="00:00:00.0015000" startTime="2025-08-11T10:56:49.6867704+00:00" endTime="2025-08-11T10:56:49.6882697+00:00" testType="13cdc9d9-ddb5-4fa4-a97d-d965ccfc6d4b" outcome="Passed" testListId="8c84fa94-04c1-424b-9868-57a2d4851a1d" relativeResultsDirectory="ca64e202-c47c-47ba-b831-058ab3ac55f9" />
    <UnitTestResult executionId="519ba364-8b3b-45e5-88f4-723f5b0f1122" testId="fa631617-c65d-b7c1-e160-e4d485baa491" testName="WaitForElement_WithHiddenStrategy_ShouldNotThrowException" computerName="cursor" duration="00:00:00.0006400" startTime="2025-08-11T10:56:49.6806873+00:00" endTime="2025-08-11T10:56:49.6813269+00:00" testType="13cdc9d9-ddb5-4fa4-a97d-d965ccfc6d4b" outcome="Passed" testListId="8c84fa94-04c1-424b-9868-57a2d4851a1d" relativeResultsDirectory="519ba364-8b3b-45e5-88f4-723f5b0f1122" />
    <UnitTestResult executionId="16558c7e-03cf-4f21-bd76-b8fe0cf156cb" testId="5d8f4898-8bd2-03b0-b2a9-5666b648c3a8" testName="PlaywrightException_WithMessageAndSelector_ShouldSetProperties" computerName="cursor" duration="00:00:00.0005260" startTime="2025-08-11T10:56:49.4223191+00:00" endTime="2025-08-11T10:56:49.4228454+00:00" testType="13cdc9d9-ddb5-4fa4-a97d-d965ccfc6d4b" outcome="Passed" testListId="8c84fa94-04c1-424b-9868-57a2d4851a1d" relativeResultsDirectory="16558c7e-03cf-4f21-bd76-b8fe0cf156cb" />
    <UnitTestResult executionId="dd7512e6-99ed-434d-8618-1e585c3e8138" testId="42fb382d-1c8c-a4e5-48a8-bcf25cccc671" testName="PlaywrightNavigationException_ShouldInheritFromPlaywrightException" computerName="cursor" duration="00:00:00.0001180" startTime="2025-08-11T10:56:49.4231718+00:00" endTime="2025-08-11T10:56:49.4232901+00:00" testType="13cdc9d9-ddb5-4fa4-a97d-d965ccfc6d4b" outcome="Passed" testListId="8c84fa94-04c1-424b-9868-57a2d4851a1d" relativeResultsDirectory="dd7512e6-99ed-434d-8618-1e585c3e8138" />
    <UnitTestResult executionId="a59beb21-09b5-4982-87c0-b9749456da7b" testId="81987c09-bfbe-10db-7f52-1c7de4cb6a0e" testName="EmulateMobileDeviceAsync_WithNullDeviceName_ShouldThrowArgumentException" computerName="cursor" duration="00:00:00.0011520" startTime="2025-08-11T10:56:41.2456645+00:00" endTime="2025-08-11T10:56:41.2468167+00:00" testType="13cdc9d9-ddb5-4fa4-a97d-d965ccfc6d4b" outcome="Passed" testListId="8c84fa94-04c1-424b-9868-57a2d4851a1d" relativeResultsDirectory="a59beb21-09b5-4982-87c0-b9749456da7b" />
    <UnitTestResult executionId="84ba6885-be2b-4492-b30f-b140ec4718a4" testId="babf245e-61e1-cd79-5730-5304e9bd7511" testName="WaitForNetworkRequestAsync_WithNullUrlPattern_ShouldThrowArgumentException" computerName="cursor" duration="00:00:00.0012170" startTime="2025-08-11T10:56:41.3081879+00:00" endTime="2025-08-11T10:56:41.3094050+00:00" testType="13cdc9d9-ddb5-4fa4-a97d-d965ccfc6d4b" outcome="Passed" testListId="8c84fa94-04c1-424b-9868-57a2d4851a1d" relativeResultsDirectory="84ba6885-be2b-4492-b30f-b140ec4718a4" />
    <UnitTestResult executionId="4c5f888e-d325-4625-b3fe-8666e1b57581" testId="77166824-4ddf-283f-a4fc-781ad7e809a3" testName="PlaywrightBrowserStartupException_WithMessageBrowserTypeAndInnerException_ShouldSetProperties" computerName="cursor" duration="00:00:00.0002570" startTime="2025-08-11T10:56:49.4191603+00:00" endTime="2025-08-11T10:56:49.4194167+00:00" testType="13cdc9d9-ddb5-4fa4-a97d-d965ccfc6d4b" outcome="Passed" testListId="8c84fa94-04c1-424b-9868-57a2d4851a1d" relativeResultsDirectory="4c5f888e-d325-4625-b3fe-8666e1b57581" />
    <UnitTestResult executionId="f058385e-1b10-4203-ad20-72147549f838" testId="11bf123b-4b49-9aad-cb04-3660819fe124" testName="SelectOption_WithEmptySelector_ShouldThrowArgumentException" computerName="cursor" duration="00:00:00.2624950" startTime="2025-08-11T10:56:46.7664690+00:00" endTime="2025-08-11T10:56:47.0289633+00:00" testType="13cdc9d9-ddb5-4fa4-a97d-d965ccfc6d4b" outcome="Passed" testListId="8c84fa94-04c1-424b-9868-57a2d4851a1d" relativeResultsDirectory="f058385e-1b10-4203-ad20-72147549f838" />
    <UnitTestResult executionId="7c39311a-9fbc-43ae-9311-03e0bf1ba11e" testId="3498048a-05a3-5fab-e906-09acaee53433" testName="Constructor_WithNullPage_ShouldThrowArgumentNullException" computerName="cursor" duration="00:00:00.0005190" startTime="2025-08-11T10:56:41.2403258+00:00" endTime="2025-08-11T10:56:41.2408445+00:00" testType="13cdc9d9-ddb5-4fa4-a97d-d965ccfc6d4b" outcome="Passed" testListId="8c84fa94-04c1-424b-9868-57a2d4851a1d" relativeResultsDirectory="7c39311a-9fbc-43ae-9311-03e0bf1ba11e" />
    <UnitTestResult executionId="9b478d61-998f-4531-9f41-86eab5f6f6ca" testId="f18c7ad7-eb0f-06f7-7be6-b1c9e4fa00a2" testName="InterceptNetworkRequests_WithNullHandler_ShouldThrowArgumentNullException" computerName="cursor" duration="00:00:00.0009850" startTime="2025-08-11T10:56:41.2813046+00:00" endTime="2025-08-11T10:56:41.2822895+00:00" testType="13cdc9d9-ddb5-4fa4-a97d-d965ccfc6d4b" outcome="Passed" testListId="8c84fa94-04c1-424b-9868-57a2d4851a1d" relativeResultsDirectory="9b478d61-998f-4531-9f41-86eab5f6f6ca" />
    <UnitTestResult executionId="ecf11de1-00fa-4fd0-9da9-ce14bc207727" testId="c4dce798-f1a3-ea12-2f13-63b553ffaea1" testName="Click_WithNullSelector_ShouldThrowArgumentException" computerName="cursor" duration="00:00:00.3078460" startTime="2025-08-11T10:56:41.8024292+00:00" endTime="2025-08-11T10:56:42.1102749+00:00" testType="13cdc9d9-ddb5-4fa4-a97d-d965ccfc6d4b" outcome="Passed" testListId="8c84fa94-04c1-424b-9868-57a2d4851a1d" relativeResultsDirectory="ecf11de1-00fa-4fd0-9da9-ce14bc207727" />
    <UnitTestResult executionId="fbacfe98-550a-4d00-848d-83a77c8938d0" testId="0bc0dd3d-4205-ff81-c8aa-57581549ca33" testName="WaitForElement_WithVisibleStrategy_ShouldNotThrowException" computerName="cursor" duration="00:00:00.0006400" startTime="2025-08-11T10:56:49.6883003+00:00" endTime="2025-08-11T10:56:49.6889402+00:00" testType="13cdc9d9-ddb5-4fa4-a97d-d965ccfc6d4b" outcome="Passed" testListId="8c84fa94-04c1-424b-9868-57a2d4851a1d" relativeResultsDirectory="fbacfe98-550a-4d00-848d-83a77c8938d0" />
    <UnitTestResult executionId="68cd1e80-c918-4890-9bc8-38bae86bb1de" testId="3ffb125b-102b-bde1-b8fc-5af3a8320f3e" testName="StartVideoRecordingAsync_WithNullPath_ShouldThrowArgumentException" computerName="cursor" duration="00:00:00.0011410" startTime="2025-08-11T10:56:41.2896680+00:00" endTime="2025-08-11T10:56:41.2908084+00:00" testType="13cdc9d9-ddb5-4fa4-a97d-d965ccfc6d4b" outcome="Passed" testListId="8c84fa94-04c1-424b-9868-57a2d4851a1d" relativeResultsDirectory="68cd1e80-c918-4890-9bc8-38bae86bb1de" />
    <UnitTestResult executionId="269d491e-917b-4e77-9a80-41649ea72cf3" testId="27a6b503-6d8a-6bf4-22e7-91fa4a9610ae" testName="Dispose_DisposesCorrectly" computerName="cursor" duration="00:00:00.3548070" startTime="2025-08-11T10:56:42.9635135+00:00" endTime="2025-08-11T10:56:43.3183200+00:00" testType="13cdc9d9-ddb5-4fa4-a97d-d965ccfc6d4b" outcome="Passed" testListId="8c84fa94-04c1-424b-9868-57a2d4851a1d" relativeResultsDirectory="269d491e-917b-4e77-9a80-41649ea72cf3" />
    <UnitTestResult executionId="e3a72c08-f5ac-4a8d-be2d-20d269483b00" testId="4d512506-d61d-6e99-e5c8-886efba56d40" testName="PlaywrightElementNotEnabledException_WithSelector_ShouldSetMessageAndSelector" computerName="cursor" duration="00:00:00.0014440" startTime="2025-08-11T10:56:49.4197024+00:00" endTime="2025-08-11T10:56:49.4211463+00:00" testType="13cdc9d9-ddb5-4fa4-a97d-d965ccfc6d4b" outcome="Passed" testListId="8c84fa94-04c1-424b-9868-57a2d4851a1d" relativeResultsDirectory="e3a72c08-f5ac-4a8d-be2d-20d269483b00" />
    <UnitTestResult executionId="0a64912d-ba0e-4f8a-ab6f-bd5061bb7e5b" testId="8ad984d6-7085-8350-03f6-84c69fb96b0b" testName="GetFrameworkDriver_WithIPlaywrightType_ShouldReturnPlaywright" computerName="cursor" duration="00:00:00.2948080" startTime="2025-08-11T10:56:44.3749901+00:00" endTime="2025-08-11T10:56:44.6697970+00:00" testType="13cdc9d9-ddb5-4fa4-a97d-d965ccfc6d4b" outcome="Passed" testListId="8c84fa94-04c1-424b-9868-57a2d4851a1d" relativeResultsDirectory="0a64912d-ba0e-4f8a-ab6f-bd5061bb7e5b" />
    <UnitTestResult executionId="36cfbb2c-b33f-4eac-bda0-861f441c917a" testId="a5d32aa4-c3a6-e1da-183c-f4e414cd9910" testName="IsVisible_WithNullSelector_ShouldThrowArgumentException" computerName="cursor" duration="00:00:00.2683850" startTime="2025-08-11T10:56:46.2416716+00:00" endTime="2025-08-11T10:56:46.5100567+00:00" testType="13cdc9d9-ddb5-4fa4-a97d-d965ccfc6d4b" outcome="Passed" testListId="8c84fa94-04c1-424b-9868-57a2d4851a1d" relativeResultsDirectory="36cfbb2c-b33f-4eac-bda0-861f441c917a" />
    <UnitTestResult executionId="fa1a4f2e-e9a8-46aa-a649-a770207cb1b6" testId="ceb91d2d-ad4f-bb50-563d-695574499def" testName="IsEnabled_WithNullSelector_ShouldThrowArgumentException" computerName="cursor" duration="00:00:00.2602190" startTime="2025-08-11T10:56:45.7136777+00:00" endTime="2025-08-11T10:56:45.9738965+00:00" testType="13cdc9d9-ddb5-4fa4-a97d-d965ccfc6d4b" outcome="Passed" testListId="8c84fa94-04c1-424b-9868-57a2d4851a1d" relativeResultsDirectory="fa1a4f2e-e9a8-46aa-a649-a770207cb1b6" />
    <UnitTestResult executionId="d297e50f-dec6-41ee-a759-bf9a9312b493" testId="4ea4703d-971f-8d0f-9080-579d4df73c0e" testName="GetText_WithEmptySelector_ShouldThrowArgumentException" computerName="cursor" duration="00:00:00.2587729" startTime="2025-08-11T10:56:44.9402655+00:00" endTime="2025-08-11T10:56:45.1990378+00:00" testType="13cdc9d9-ddb5-4fa4-a97d-d965ccfc6d4b" outcome="Passed" testListId="8c84fa94-04c1-424b-9868-57a2d4851a1d" relativeResultsDirectory="d297e50f-dec6-41ee-a759-bf9a9312b493" />
    <UnitTestResult executionId="81ebc9d6-a764-4043-a532-75705d74b80f" testId="a0b42499-9aa5-d679-1ef3-7d05e5974b9e" testName="TakeElementScreenshotAsync_WithEmptySelector_ShouldThrowArgumentException" computerName="cursor" duration="00:00:00.0014840" startTime="2025-08-11T10:56:41.2930421+00:00" endTime="2025-08-11T10:56:41.2945255+00:00" testType="13cdc9d9-ddb5-4fa4-a97d-d965ccfc6d4b" outcome="Passed" testListId="8c84fa94-04c1-424b-9868-57a2d4851a1d" relativeResultsDirectory="81ebc9d6-a764-4043-a532-75705d74b80f" />
    <UnitTestResult executionId="f347752e-3b1e-4739-8b13-7120aeedbd14" testId="25abdc2d-45ef-3e74-73db-d094b04fac31" testName="PlaywrightElementNotVisibleException_ShouldInheritFromPlaywrightException" computerName="cursor" duration="00:00:00.0001250" startTime="2025-08-11T10:56:49.4218497+00:00" endTime="2025-08-11T10:56:49.4219742+00:00" testType="13cdc9d9-ddb5-4fa4-a97d-d965ccfc6d4b" outcome="Passed" testListId="8c84fa94-04c1-424b-9868-57a2d4851a1d" relativeResultsDirectory="f347752e-3b1e-4739-8b13-7120aeedbd14" />
    <UnitTestResult executionId="63eb1fd0-97bb-40e9-a6bd-5828d2f871ae" testId="df4d6327-e7bc-643e-5619-c31e31143540" testName="NavigateToUrl_WithNullUrl_ShouldThrowArgumentNullException" computerName="cursor" duration="00:00:00.2563460" startTime="2025-08-11T10:56:46.5100844+00:00" endTime="2025-08-11T10:56:46.7664306+00:00" testType="13cdc9d9-ddb5-4fa4-a97d-d965ccfc6d4b" outcome="Passed" testListId="8c84fa94-04c1-424b-9868-57a2d4851a1d" relativeResultsDirectory="63eb1fd0-97bb-40e9-a6bd-5828d2f871ae" />
    <UnitTestResult executionId="886e39f5-8e0f-462e-b6c9-1183129d97b5" testId="f7945da7-05fc-93b2-6c8b-30796e4537e2" testName="Constructor_WithValidParameters_ShouldCreateStrategy" computerName="cursor" duration="00:00:00.0007240" startTime="2025-08-11T10:56:49.6721700+00:00" endTime="2025-08-11T10:56:49.6728939+00:00" testType="13cdc9d9-ddb5-4fa4-a97d-d965ccfc6d4b" outcome="Passed" testListId="8c84fa94-04c1-424b-9868-57a2d4851a1d" relativeResultsDirectory="886e39f5-8e0f-462e-b6c9-1183129d97b5" />
    <UnitTestResult executionId="1cb3b368-df36-4f23-9941-07698d58406c" testId="9c4667d8-9f8a-fe5b-50bf-47a735c0cdb4" testName="StopVideoRecordingAsync_ShouldNotThrowException" computerName="cursor" duration="00:00:00.0010980" startTime="2025-08-11T10:56:41.2919287+00:00" endTime="2025-08-11T10:56:41.2930267+00:00" testType="13cdc9d9-ddb5-4fa4-a97d-d965ccfc6d4b" outcome="Passed" testListId="8c84fa94-04c1-424b-9868-57a2d4851a1d" relativeResultsDirectory="1cb3b368-df36-4f23-9941-07698d58406c" />
    <UnitTestResult executionId="30bebb6c-ec8a-4683-9f4f-c6d8c4316a6d" testId="ab7fb356-7440-899e-cd01-0e36beaea533" testName="WaitForElement_WithNullSelector_ShouldThrowArgumentException" computerName="cursor" duration="00:00:00.0007630" startTime="2025-08-11T10:56:49.6828706+00:00" endTime="2025-08-11T10:56:49.6836337+00:00" testType="13cdc9d9-ddb5-4fa4-a97d-d965ccfc6d4b" outcome="Passed" testListId="8c84fa94-04c1-424b-9868-57a2d4851a1d" relativeResultsDirectory="30bebb6c-ec8a-4683-9f4f-c6d8c4316a6d" />
    <UnitTestResult executionId="caff8ab6-9526-48d7-8b01-a9a1293e9527" testId="c5ace3fd-819e-bba6-cdba-2401aa2b6b10" testName="CanHandle_WithPlaywrightDriverType_ReturnsTrue" computerName="cursor" duration="00:00:00.0001310" startTime="2025-08-11T10:56:49.4276869+00:00" endTime="2025-08-11T10:56:49.4278183+00:00" testType="13cdc9d9-ddb5-4fa4-a97d-d965ccfc6d4b" outcome="Passed" testListId="8c84fa94-04c1-424b-9868-57a2d4851a1d" relativeResultsDirectory="caff8ab6-9526-48d7-8b01-a9a1293e9527" />
    <UnitTestResult executionId="1c6aef02-4f31-449d-b397-68a91038fc63" testId="7c2b473a-b129-8a39-0f11-3dfd0ad70e94" testName="PlaywrightTimeoutException_WithMessageAndSelector_ShouldSetProperties" computerName="cursor" duration="00:00:00.0004770" startTime="2025-08-11T10:56:49.4262318+00:00" endTime="2025-08-11T10:56:49.4267085+00:00" testType="13cdc9d9-ddb5-4fa4-a97d-d965ccfc6d4b" outcome="Passed" testListId="8c84fa94-04c1-424b-9868-57a2d4851a1d" relativeResultsDirectory="1c6aef02-4f31-449d-b397-68a91038fc63" />
    <UnitTestResult executionId="e4cdb61f-dedd-4151-bca2-03ffc33bb942" testId="bf3e385b-dfdb-8f76-ab68-66223f8891f9" testName="PlaywrightElementNotVisibleException_WithSelector_ShouldSetMessageAndSelector" computerName="cursor" duration="00:00:00.0001200" startTime="2025-08-11T10:56:49.4219803+00:00" endTime="2025-08-11T10:56:49.4221005+00:00" testType="13cdc9d9-ddb5-4fa4-a97d-d965ccfc6d4b" outcome="Passed" testListId="8c84fa94-04c1-424b-9868-57a2d4851a1d" relativeResultsDirectory="e4cdb61f-dedd-4151-bca2-03ffc33bb942" />
    <UnitTestResult executionId="77ce15c6-9503-468f-bcdc-ce3ef3336d86" testId="29102099-3023-58e6-1b9e-94381bd37eb7" testName="InterceptNetworkRequests_WithNullUrlPattern_ShouldThrowArgumentException" computerName="cursor" duration="00:00:00.0009430" startTime="2025-08-11T10:56:41.2823040+00:00" endTime="2025-08-11T10:56:41.2832467+00:00" testType="13cdc9d9-ddb5-4fa4-a97d-d965ccfc6d4b" outcome="Passed" testListId="8c84fa94-04c1-424b-9868-57a2d4851a1d" relativeResultsDirectory="77ce15c6-9503-468f-bcdc-ce3ef3336d86" />
    <UnitTestResult executionId="894ca240-5993-4454-ad2e-fc15f98d4cd1" testId="bcd1ca03-417a-4076-e596-5bfcbb44e0e2" testName="EvaluateJavaScriptAsync_WithEmptyScript_ShouldThrowArgumentException" computerName="cursor" duration="00:00:00.0016040" startTime="2025-08-11T10:56:41.2491032+00:00" endTime="2025-08-11T10:56:41.2507074+00:00" testType="13cdc9d9-ddb5-4fa4-a97d-d965ccfc6d4b" outcome="Passed" testListId="8c84fa94-04c1-424b-9868-57a2d4851a1d" relativeResultsDirectory="894ca240-5993-4454-ad2e-fc15f98d4cd1" />
    <UnitTestResult executionId="de4a2073-86d5-4e6f-b308-aa23fb8150e1" testId="e44936e1-43c5-f732-a194-48ac2203688b" testName="AddInitScriptAsync_WithNullScript_ShouldThrowArgumentException" computerName="cursor" duration="00:00:00.0021280" startTime="2025-08-11T10:56:41.2291380+00:00" endTime="2025-08-11T10:56:41.2312656+00:00" testType="13cdc9d9-ddb5-4fa4-a97d-d965ccfc6d4b" outcome="Passed" testListId="8c84fa94-04c1-424b-9868-57a2d4851a1d" relativeResultsDirectory="de4a2073-86d5-4e6f-b308-aa23fb8150e1" />
    <UnitTestResult executionId="70c37b3e-b8ad-4beb-a51b-3de610efd832" testId="815098b5-efab-3788-b82b-7c2f40ad7411" testName="Type_WithNullSelector_ShouldThrowArgumentException" computerName="cursor" duration="00:00:00.2683160" startTime="2025-08-11T10:56:47.5658010+00:00" endTime="2025-08-11T10:56:47.8341169+00:00" testType="13cdc9d9-ddb5-4fa4-a97d-d965ccfc6d4b" outcome="Passed" testListId="8c84fa94-04c1-424b-9868-57a2d4851a1d" relativeResultsDirectory="70c37b3e-b8ad-4beb-a51b-3de610efd832" />
    <UnitTestResult executionId="164a4ee0-51b1-47b0-83e9-b27248f96aa7" testId="e5737d36-51a6-dc2d-8804-78bd59fa91a2" testName="WaitForNetworkRequestInitiatedAsync_WithNullUrlPattern_ShouldThrowArgumentException" computerName="cursor" duration="00:00:00.0011680" startTime="2025-08-11T10:56:41.3137281+00:00" endTime="2025-08-11T10:56:41.3148959+00:00" testType="13cdc9d9-ddb5-4fa4-a97d-d965ccfc6d4b" outcome="Passed" testListId="8c84fa94-04c1-424b-9868-57a2d4851a1d" relativeResultsDirectory="164a4ee0-51b1-47b0-83e9-b27248f96aa7" />
    <UnitTestResult executionId="eb063803-d89b-490e-82e4-f8247ea2a6c8" testId="89d34624-71ad-44f5-abfd-0f410f0823b2" testName="PlaywrightNavigationException_WithMessageAndUrl_ShouldSetProperties" computerName="cursor" duration="00:00:00.0001399" startTime="2025-08-11T10:56:49.4232955+00:00" endTime="2025-08-11T10:56:49.4234359+00:00" testType="13cdc9d9-ddb5-4fa4-a97d-d965ccfc6d4b" outcome="Passed" testListId="8c84fa94-04c1-424b-9868-57a2d4851a1d" relativeResultsDirectory="eb063803-d89b-490e-82e4-f8247ea2a6c8" />
    <UnitTestResult executionId="a22db468-3c21-4190-84ea-62745d19f3df" testId="7def36c3-84cc-de65-8474-fb3817dac248" testName="WaitForNetworkRequestAsync_WithEmptyUrlPattern_ShouldThrowArgumentException" computerName="cursor" duration="00:00:00.0099190" startTime="2025-08-11T10:56:41.2982527+00:00" endTime="2025-08-11T10:56:41.3081716+00:00" testType="13cdc9d9-ddb5-4fa4-a97d-d965ccfc6d4b" outcome="Passed" testListId="8c84fa94-04c1-424b-9868-57a2d4851a1d" relativeResultsDirectory="a22db468-3c21-4190-84ea-62745d19f3df" />
    <UnitTestResult executionId="0914f5d3-e23c-4e12-949a-6362e52129ff" testId="d35e5fdf-75d0-2f95-568c-44152552faab" testName="Name_ReturnsPlaywright" computerName="cursor" duration="00:00:00.0001760" startTime="2025-08-11T10:56:49.6645143+00:00" endTime="2025-08-11T10:56:49.6646904+00:00" testType="13cdc9d9-ddb5-4fa4-a97d-d965ccfc6d4b" outcome="Passed" testListId="8c84fa94-04c1-424b-9868-57a2d4851a1d" relativeResultsDirectory="0914f5d3-e23c-4e12-949a-6362e52129ff" />
    <UnitTestResult executionId="99238738-6a49-413c-bf43-0485b515e139" testId="8b412a83-eed0-b405-9d7e-9460966d666b" testName="EmulateMobileDeviceAsync_WithEmptyDeviceName_ShouldThrowArgumentException" computerName="cursor" duration="00:00:00.0014410" startTime="2025-08-11T10:56:41.2436349+00:00" endTime="2025-08-11T10:56:41.2450761+00:00" testType="13cdc9d9-ddb5-4fa4-a97d-d965ccfc6d4b" outcome="Passed" testListId="8c84fa94-04c1-424b-9868-57a2d4851a1d" relativeResultsDirectory="99238738-6a49-413c-bf43-0485b515e139" />
    <UnitTestResult executionId="03943a4f-3de3-4436-bbd7-087954aa8c60" testId="b5825f7a-1718-d5b8-d745-4d4cf3df9a9b" testName="Click_WithEmptySelector_ShouldThrowArgumentException" computerName="cursor" duration="00:00:00.4857520" startTime="2025-08-11T10:56:41.3166382+00:00" endTime="2025-08-11T10:56:41.8023902+00:00" testType="13cdc9d9-ddb5-4fa4-a97d-d965ccfc6d4b" outcome="Passed" testListId="8c84fa94-04c1-424b-9868-57a2d4851a1d" relativeResultsDirectory="03943a4f-3de3-4436-bbd7-087954aa8c60" />
    <UnitTestResult executionId="8ef4850e-f9c4-4e4e-92aa-7de8b4c9caf4" testId="98ab0928-473a-f0b2-1c0f-979f2f5dd59d" testName="WaitForElement_WithSmartStrategy_ShouldNotThrowException" computerName="cursor" duration="00:00:00.0009190" startTime="2025-08-11T10:56:49.6841055+00:00" endTime="2025-08-11T10:56:49.6850242+00:00" testType="13cdc9d9-ddb5-4fa4-a97d-d965ccfc6d4b" outcome="Passed" testListId="8c84fa94-04c1-424b-9868-57a2d4851a1d" relativeResultsDirectory="8ef4850e-f9c4-4e4e-92aa-7de8b4c9caf4" />
    <UnitTestResult executionId="2d8bdd33-30b1-411d-8a71-b74d0480d020" testId="e2038e8d-a0ec-f93d-73e6-4ef1063fd72c" testName="PlaywrightBrowserStartupException_WithMessageAndBrowserType_ShouldSetProperties" computerName="cursor" duration="00:00:00.0008550" startTime="2025-08-11T10:56:49.4182793+00:00" endTime="2025-08-11T10:56:49.4191355+00:00" testType="13cdc9d9-ddb5-4fa4-a97d-d965ccfc6d4b" outcome="Passed" testListId="8c84fa94-04c1-424b-9868-57a2d4851a1d" relativeResultsDirectory="2d8bdd33-30b1-411d-8a71-b74d0480d020" />
    <UnitTestResult executionId="950572fd-dcc8-4737-ac31-ca6c3db52396" testId="3c8cad92-46ed-0873-a4a3-5d20f77cde53" testName="WaitForElement_WithDisabledStrategy_ShouldNotThrowException" computerName="cursor" duration="00:00:00.0009720" startTime="2025-08-11T10:56:49.6767470+00:00" endTime="2025-08-11T10:56:49.6777194+00:00" testType="13cdc9d9-ddb5-4fa4-a97d-d965ccfc6d4b" outcome="Passed" testListId="8c84fa94-04c1-424b-9868-57a2d4851a1d" relativeResultsDirectory="950572fd-dcc8-4737-ac31-ca6c3db52396" />
    <UnitTestResult executionId="dfee3a24-c96e-4168-a233-6e482a1da20d" testId="8a988672-c520-f531-e937-e9bc3434963b" testName="PlaywrightTimeoutException_ShouldInheritFromPlaywrightException" computerName="cursor" duration="00:00:00.0001030" startTime="2025-08-11T10:56:49.4236661+00:00" endTime="2025-08-11T10:56:49.4237693+00:00" testType="13cdc9d9-ddb5-4fa4-a97d-d965ccfc6d4b" outcome="Passed" testListId="8c84fa94-04c1-424b-9868-57a2d4851a1d" relativeResultsDirectory="dfee3a24-c96e-4168-a233-6e482a1da20d" />
    <UnitTestResult executionId="d5f54732-b1a1-447e-bf85-8d72b502f5ae" testId="6d764fe3-fd38-7c7c-3992-4f2ce7db3d78" testName="WaitForElementToBeVisible_WithEmptySelector_ShouldThrowArgumentException" computerName="cursor" duration="00:00:00.2654440" startTime="2025-08-11T10:56:48.8825148+00:00" endTime="2025-08-11T10:56:49.1479589+00:00" testType="13cdc9d9-ddb5-4fa4-a97d-d965ccfc6d4b" outcome="Passed" testListId="8c84fa94-04c1-424b-9868-57a2d4851a1d" relativeResultsDirectory="d5f54732-b1a1-447e-bf85-8d72b502f5ae" />
    <UnitTestResult executionId="f8ac596f-5c7d-49a0-b49d-4b4b47b5f344" testId="2b967a35-4f93-7672-b237-6aff698f6ce5" testName="AddInitScriptAsync_WithEmptyScript_ShouldThrowArgumentException" computerName="cursor" duration="00:00:00.0927370" startTime="2025-08-11T10:56:41.1217020+00:00" endTime="2025-08-11T10:56:41.2144066+00:00" testType="13cdc9d9-ddb5-4fa4-a97d-d965ccfc6d4b" outcome="Passed" testListId="8c84fa94-04c1-424b-9868-57a2d4851a1d" relativeResultsDirectory="f8ac596f-5c7d-49a0-b49d-4b4b47b5f344" />
    <UnitTestResult executionId="d60a21a6-3c79-4421-b223-f1d0d6fa3930" testId="6a43d979-e903-e862-7ae2-248d09dea56d" testName="GetFrameworkDriver_WithUnsupportedType_ShouldThrowInvalidOperationException" computerName="cursor" duration="00:00:00.2703780" startTime="2025-08-11T10:56:44.6698427+00:00" endTime="2025-08-11T10:56:44.9402203+00:00" testType="13cdc9d9-ddb5-4fa4-a97d-d965ccfc6d4b" outcome="Passed" testListId="8c84fa94-04c1-424b-9868-57a2d4851a1d" relativeResultsDirectory="d60a21a6-3c79-4421-b223-f1d0d6fa3930" />
    <UnitTestResult executionId="d8dd25e9-4df9-4e2f-81a8-39adf7a10952" testId="e4684098-88e8-a927-a52a-bb65b5d5ba67" testName="Version_ReturnsExpectedVersion" computerName="cursor" duration="00:00:00.0001590" startTime="2025-08-11T10:56:49.6654761+00:00" endTime="2025-08-11T10:56:49.6656347+00:00" testType="13cdc9d9-ddb5-4fa4-a97d-d965ccfc6d4b" outcome="Passed" testListId="8c84fa94-04c1-424b-9868-57a2d4851a1d" relativeResultsDirectory="d8dd25e9-4df9-4e2f-81a8-39adf7a10952" />
    <UnitTestResult executionId="5f1b59c8-b5bd-4967-a37b-e3875ffc7a20" testId="a17eff27-7a9d-3fe1-a994-0b42d6f3dc3a" testName="SelectOption_WithNullSelector_ShouldThrowArgumentException" computerName="cursor" duration="00:00:00.2676710" startTime="2025-08-11T10:56:47.0290900+00:00" endTime="2025-08-11T10:56:47.2967612+00:00" testType="13cdc9d9-ddb5-4fa4-a97d-d965ccfc6d4b" outcome="Passed" testListId="8c84fa94-04c1-424b-9868-57a2d4851a1d" relativeResultsDirectory="5f1b59c8-b5bd-4967-a37b-e3875ffc7a20" />
    <UnitTestResult executionId="4c1c6192-81ba-4ac1-8b11-04874b00d75c" testId="4f4ef7fd-36f7-ba05-36a3-7b3f66834768" testName="PlaywrightException_WithMessageSelectorAndInnerException_ShouldSetProperties" computerName="cursor" duration="00:00:00.0001570" startTime="2025-08-11T10:56:49.4228574+00:00" endTime="2025-08-11T10:56:49.4230149+00:00" testType="13cdc9d9-ddb5-4fa4-a97d-d965ccfc6d4b" outcome="Passed" testListId="8c84fa94-04c1-424b-9868-57a2d4851a1d" relativeResultsDirectory="4c1c6192-81ba-4ac1-8b11-04874b00d75c" />
    <UnitTestResult executionId="71d7990d-212f-4388-87f1-211103ae33dc" testId="77b8f1d6-b8c9-e577-da61-e76abc5e190a" testName="GetFrameworkDriver_WithIPageType_ShouldReturnPage" computerName="cursor" duration="00:00:00.2684340" startTime="2025-08-11T10:56:44.1065230+00:00" endTime="2025-08-11T10:56:44.3749568+00:00" testType="13cdc9d9-ddb5-4fa4-a97d-d965ccfc6d4b" outcome="Passed" testListId="8c84fa94-04c1-424b-9868-57a2d4851a1d" relativeResultsDirectory="71d7990d-212f-4388-87f1-211103ae33dc" />
    <UnitTestResult executionId="29d8af15-0de2-4a18-873d-892d4484e69c" testId="7129b340-9055-6f76-82b2-850b838de151" testName="CurrentUrl_ReturnsExpectedUrl" computerName="cursor" duration="00:00:00.3106380" startTime="2025-08-11T10:56:42.6520681+00:00" endTime="2025-08-11T10:56:42.9627053+00:00" testType="13cdc9d9-ddb5-4fa4-a97d-d965ccfc6d4b" outcome="Passed" testListId="8c84fa94-04c1-424b-9868-57a2d4851a1d" relativeResultsDirectory="29d8af15-0de2-4a18-873d-892d4484e69c" />
    <UnitTestResult executionId="c6fff403-d641-4d1b-b1aa-b41d964fdb14" testId="4c697dac-7fda-ed9a-8482-a66b241202c5" testName="EvaluateJavaScriptAsync_WithNullScript_ShouldThrowArgumentException" computerName="cursor" duration="00:00:00.0011940" startTime="2025-08-11T10:56:41.2670777+00:00" endTime="2025-08-11T10:56:41.2682719+00:00" testType="13cdc9d9-ddb5-4fa4-a97d-d965ccfc6d4b" outcome="Passed" testListId="8c84fa94-04c1-424b-9868-57a2d4851a1d" relativeResultsDirectory="c6fff403-d641-4d1b-b1aa-b41d964fdb14" />
    <UnitTestResult executionId="9c5d5e68-2642-49a4-97ef-45f98c489c2e" testId="8b1d7b5e-1d6e-fbde-e6fa-a6405decaab9" testName="WaitForElementToBeVisible_WithNullSelector_ShouldThrowArgumentException" computerName="cursor" duration="00:00:00.2690250" startTime="2025-08-11T10:56:49.1480047+00:00" endTime="2025-08-11T10:56:49.4170290+00:00" testType="13cdc9d9-ddb5-4fa4-a97d-d965ccfc6d4b" outcome="Passed" testListId="8c84fa94-04c1-424b-9868-57a2d4851a1d" relativeResultsDirectory="9c5d5e68-2642-49a4-97ef-45f98c489c2e" />
    <UnitTestResult executionId="efbb8c70-5936-404e-83f9-6ae7b71c1641" testId="a9901a4f-2a1e-0b93-d3e6-730637b0b658" testName="PlaywrightBrowserStartupException_ShouldInheritFromPlaywrightException" computerName="cursor" duration="00:00:00.0004860" startTime="2025-08-11T10:56:49.4177676+00:00" endTime="2025-08-11T10:56:49.4182536+00:00" testType="13cdc9d9-ddb5-4fa4-a97d-d965ccfc6d4b" outcome="Passed" testListId="8c84fa94-04c1-424b-9868-57a2d4851a1d" relativeResultsDirectory="efbb8c70-5936-404e-83f9-6ae7b71c1641" />
    <UnitTestResult executionId="6945083e-982f-43fb-a821-e8f68f402ca9" testId="ce9a076c-9acd-572b-8425-afddb1c89e02" testName="CreateDriver_WithValidOptions_ReturnsDriver" computerName="cursor" duration="00:00:00.2359650" startTime="2025-08-11T10:56:49.4281866+00:00" endTime="2025-08-11T10:56:49.6641513+00:00" testType="13cdc9d9-ddb5-4fa4-a97d-d965ccfc6d4b" outcome="Passed" testListId="8c84fa94-04c1-424b-9868-57a2d4851a1d" relativeResultsDirectory="6945083e-982f-43fb-a821-e8f68f402ca9" />
    <UnitTestResult executionId="b11efc41-5c52-4463-b9c2-605b2b63941e" testId="cd2fb9d4-c210-d572-239c-0d75835cfc5e" testName="PlaywrightBrowserStartupException_WithNullBrowserType_ShouldSetBrowserTypeToNull" computerName="cursor" duration="00:00:00.0001380" startTime="2025-08-11T10:56:49.4194286+00:00" endTime="2025-08-11T10:56:49.4195667+00:00" testType="13cdc9d9-ddb5-4fa4-a97d-d965ccfc6d4b" outcome="Passed" testListId="8c84fa94-04c1-424b-9868-57a2d4851a1d" relativeResultsDirectory="b11efc41-5c52-4463-b9c2-605b2b63941e" />
    <UnitTestResult executionId="6cc85365-b386-45f3-b988-f5b02ac08e90" testId="d8f4bef2-a3b9-084c-3bb4-021b9fe3d72e" testName="InterceptNetworkRequests_WithEmptyUrlPattern_ShouldThrowArgumentException" computerName="cursor" duration="00:00:00.0012230" startTime="2025-08-11T10:56:41.2800656+00:00" endTime="2025-08-11T10:56:41.2812886+00:00" testType="13cdc9d9-ddb5-4fa4-a97d-d965ccfc6d4b" outcome="Passed" testListId="8c84fa94-04c1-424b-9868-57a2d4851a1d" relativeResultsDirectory="6cc85365-b386-45f3-b988-f5b02ac08e90" />
    <UnitTestResult executionId="1c3d03fb-044f-4edf-a336-deb9bf92830a" testId="93c9e350-5104-a6bd-9d83-106bac79dae7" testName="WaitForElementToBeHidden_WithEmptySelector_ShouldThrowArgumentException" computerName="cursor" duration="00:00:00.2661600" startTime="2025-08-11T10:56:48.3613865+00:00" endTime="2025-08-11T10:56:48.6275459+00:00" testType="13cdc9d9-ddb5-4fa4-a97d-d965ccfc6d4b" outcome="Passed" testListId="8c84fa94-04c1-424b-9868-57a2d4851a1d" relativeResultsDirectory="1c3d03fb-044f-4edf-a336-deb9bf92830a" />
    <UnitTestResult executionId="ce619b93-6b1b-46fd-a029-58330654c2e5" testId="8213bc5b-42b0-75d7-a534-797053f7517b" testName="WaitForElementText_WithNullSelector_ShouldThrowArgumentException" computerName="cursor" duration="00:00:00.0008030" startTime="2025-08-11T10:56:49.6917068+00:00" endTime="2025-08-11T10:56:49.6925097+00:00" testType="13cdc9d9-ddb5-4fa4-a97d-d965ccfc6d4b" outcome="Passed" testListId="8c84fa94-04c1-424b-9868-57a2d4851a1d" relativeResultsDirectory="ce619b93-6b1b-46fd-a029-58330654c2e5" />
    <UnitTestResult executionId="5eb3940f-7ea7-484e-9b23-0af8ab33e8bf" testId="34add508-2a70-84a8-717f-061411066a1d" testName="GetFrameworkDriver_WithIBrowserContextType_ShouldReturnContext" computerName="cursor" duration="00:00:00.2589330" startTime="2025-08-11T10:56:43.5785121+00:00" endTime="2025-08-11T10:56:43.8374445+00:00" testType="13cdc9d9-ddb5-4fa4-a97d-d965ccfc6d4b" outcome="Passed" testListId="8c84fa94-04c1-424b-9868-57a2d4851a1d" relativeResultsDirectory="5eb3940f-7ea7-484e-9b23-0af8ab33e8bf" />
    <UnitTestResult executionId="3e94ec32-d78e-4788-b451-22224244d4c6" testId="b08e593a-105a-8f9a-8a16-fc40973c941d" testName="PlaywrightException_ShouldInheritFromFluentUIScaffoldException" computerName="cursor" duration="00:00:00.0001030" startTime="2025-08-11T10:56:49.4222103+00:00" endTime="2025-08-11T10:56:49.4223131+00:00" testType="13cdc9d9-ddb5-4fa4-a97d-d965ccfc6d4b" outcome="Passed" testListId="8c84fa94-04c1-424b-9868-57a2d4851a1d" relativeResultsDirectory="3e94ec32-d78e-4788-b451-22224244d4c6" />
    <UnitTestResult executionId="9c65d4e5-5df6-44fb-8e9f-07758a252dd0" testId="3b14417e-ad23-ef34-465a-8ff764684d0a" testName="GetText_WithNullSelector_ShouldThrowArgumentException" computerName="cursor" duration="00:00:00.2614970" startTime="2025-08-11T10:56:45.1990886+00:00" endTime="2025-08-11T10:56:45.4605834+00:00" testType="13cdc9d9-ddb5-4fa4-a97d-d965ccfc6d4b" outcome="Passed" testListId="8c84fa94-04c1-424b-9868-57a2d4851a1d" relativeResultsDirectory="9c65d4e5-5df6-44fb-8e9f-07758a252dd0" />
    <UnitTestResult executionId="c4df309f-7206-49c9-ad3a-da1b656c7eee" testId="76ff7f4d-9c8c-06e9-6eaf-d088e0e04505" testName="Constructor_WithNullOptions_ThrowsException" computerName="cursor" duration="00:00:00.0003890" startTime="2025-08-11T10:56:42.3941073+00:00" endTime="2025-08-11T10:56:42.3944961+00:00" testType="13cdc9d9-ddb5-4fa4-a97d-d965ccfc6d4b" outcome="Passed" testListId="8c84fa94-04c1-424b-9868-57a2d4851a1d" relativeResultsDirectory="c4df309f-7206-49c9-ad3a-da1b656c7eee" />
    <UnitTestResult executionId="18052c94-7c3b-430c-b18e-a7e97a45e5bc" testId="ded617c3-d704-a2dc-89a2-9e07115fa2fd" testName="Constructor_WithNullOptions_ShouldThrowArgumentNullException" computerName="cursor" duration="00:00:00.0031730" startTime="2025-08-11T10:56:49.6663831+00:00" endTime="2025-08-11T10:56:49.6695564+00:00" testType="13cdc9d9-ddb5-4fa4-a97d-d965ccfc6d4b" outcome="Passed" testListId="8c84fa94-04c1-424b-9868-57a2d4851a1d" relativeResultsDirectory="18052c94-7c3b-430c-b18e-a7e97a45e5bc" />
    <UnitTestResult executionId="f1949b68-6989-4cf8-9b56-8fe45c226e1e" testId="4877fee6-7639-5a08-f7d7-8315d464aac4" testName="CanHandle_WithOtherDriverType_ReturnsFalse" computerName="cursor" duration="00:00:00.0007970" startTime="2025-08-11T10:56:49.4268646+00:00" endTime="2025-08-11T10:56:49.4276614+00:00" testType="13cdc9d9-ddb5-4fa4-a97d-d965ccfc6d4b" outcome="Passed" testListId="8c84fa94-04c1-424b-9868-57a2d4851a1d" relativeResultsDirectory="f1949b68-6989-4cf8-9b56-8fe45c226e1e" />
    <UnitTestResult executionId="5b8cebc1-bc03-4a3b-9439-34635f522f7e" testId="3ad03a22-2777-d2d4-5f83-9fd05f5245af" testName="PlaywrightElementNotEnabledException_WithSelectorAndInnerException_ShouldSetProperties" computerName="cursor" duration="00:00:00.0002080" startTime="2025-08-11T10:56:49.4211726+00:00" endTime="2025-08-11T10:56:49.4213810+00:00" testType="13cdc9d9-ddb5-4fa4-a97d-d965ccfc6d4b" outcome="Passed" testListId="8c84fa94-04c1-424b-9868-57a2d4851a1d" relativeResultsDirectory="5b8cebc1-bc03-4a3b-9439-34635f522f7e" />
    <UnitTestResult executionId="45849f80-7777-4011-bfaa-d32115111bad" testId="91fc287d-2917-073f-d019-a49cedb4c089" testName="PlaywrightElementNotFoundException_WithSelectorAndInnerException_ShouldSetProperties" computerName="cursor" duration="00:00:00.0001080" startTime="2025-08-11T10:56:49.4217379+00:00" endTime="2025-08-11T10:56:49.4218456+00:00" testType="13cdc9d9-ddb5-4fa4-a97d-d965ccfc6d4b" outcome="Passed" testListId="8c84fa94-04c1-424b-9868-57a2d4851a1d" relativeResultsDirectory="45849f80-7777-4011-bfaa-d32115111bad" />
    <UnitTestResult executionId="c395d224-34d3-4ae9-b0cf-cc53d95310f8" testId="eae310e3-db41-6fc8-d145-0be80a4f2556" testName="WaitForElement_WithEnabledStrategy_ShouldNotThrowException" computerName="cursor" duration="00:00:00.0007730" startTime="2025-08-11T10:56:49.6794148+00:00" endTime="2025-08-11T10:56:49.6801878+00:00" testType="13cdc9d9-ddb5-4fa4-a97d-d965ccfc6d4b" outcome="Passed" testListId="8c84fa94-04c1-424b-9868-57a2d4851a1d" relativeResultsDirectory="c395d224-34d3-4ae9-b0cf-cc53d95310f8" />
    <UnitTestResult executionId="38400e9c-8658-4054-8d7e-cf5d575999a0" testId="13205d21-5396-0d73-194f-16064907002f" testName="WaitForElementToBeHidden_WithNullSelector_ShouldThrowArgumentException" computerName="cursor" duration="00:00:00.2549130" startTime="2025-08-11T10:56:48.6275749+00:00" endTime="2025-08-11T10:56:48.8824877+00:00" testType="13cdc9d9-ddb5-4fa4-a97d-d965ccfc6d4b" outcome="Passed" testListId="8c84fa94-04c1-424b-9868-57a2d4851a1d" relativeResultsDirectory="38400e9c-8658-4054-8d7e-cf5d575999a0" />
    <UnitTestResult executionId="7b35906d-b421-4ce8-bb5c-19b85380e197" testId="b658b339-aeef-29fb-d21b-40e08f77927d" testName="PlaywrightNavigationException_WithMessageUrlAndInnerException_ShouldSetProperties" computerName="cursor" duration="00:00:00.0001350" startTime="2025-08-11T10:56:49.4234403+00:00" endTime="2025-08-11T10:56:49.4235757+00:00" testType="13cdc9d9-ddb5-4fa4-a97d-d965ccfc6d4b" outcome="Passed" testListId="8c84fa94-04c1-424b-9868-57a2d4851a1d" relativeResultsDirectory="7b35906d-b421-4ce8-bb5c-19b85380e197" />
    <UnitTestResult executionId="0a42e415-a304-4b69-97dd-e81716d5ea00" testId="ff27c3ee-967a-d5b0-28a4-0b2f2d102b00" testName="WaitForNetworkRequestInitiatedAsync_WithEmptyUrlPattern_ShouldThrowArgumentException" computerName="cursor" duration="00:00:00.0042930" startTime="2025-08-11T10:56:41.3094193+00:00" endTime="2025-08-11T10:56:41.3137120+00:00" testType="13cdc9d9-ddb5-4fa4-a97d-d965ccfc6d4b" outcome="Passed" testListId="8c84fa94-04c1-424b-9868-57a2d4851a1d" relativeResultsDirectory="0a42e415-a304-4b69-97dd-e81716d5ea00" />
    <UnitTestResult executionId="c56eaf74-83bc-47c1-ac09-98000dbf406f" testId="1c19d2b9-0d7d-1341-0e1e-577e56b55133" testName="WaitForElement_WithNoneStrategy_ShouldNotThrowException" computerName="cursor" duration="00:00:00.0005920" startTime="2025-08-11T10:56:49.6818060+00:00" endTime="2025-08-11T10:56:49.6823980+00:00" testType="13cdc9d9-ddb5-4fa4-a97d-d965ccfc6d4b" outcome="Passed" testListId="8c84fa94-04c1-424b-9868-57a2d4851a1d" relativeResultsDirectory="c56eaf74-83bc-47c1-ac09-98000dbf406f" />
    <UnitTestResult executionId="fdb3e870-aaed-4e4d-bf46-ad5c939881d6" testId="45134bbd-894d-df2d-e054-a81510231f3d" testName="PlaywrightElementNotFoundException_ShouldInheritFromPlaywrightException" computerName="cursor" duration="00:00:00.0001700" startTime="2025-08-11T10:56:49.4213976+00:00" endTime="2025-08-11T10:56:49.4215675+00:00" testType="13cdc9d9-ddb5-4fa4-a97d-d965ccfc6d4b" outcome="Passed" testListId="8c84fa94-04c1-424b-9868-57a2d4851a1d" relativeResultsDirectory="fdb3e870-aaed-4e4d-bf46-ad5c939881d6" />
    <UnitTestResult executionId="b6e4767e-97b9-4392-b4a5-8d59b02cf567" testId="3ff93f72-7ce5-5fab-8610-20cbfcaf06d2" testName="Constructor_WithLogger_ShouldCreateDriver" computerName="cursor" duration="00:00:00.2826590" startTime="2025-08-11T10:56:42.1103123+00:00" endTime="2025-08-11T10:56:42.3929702+00:00" testType="13cdc9d9-ddb5-4fa4-a97d-d965ccfc6d4b" outcome="Passed" testListId="8c84fa94-04c1-424b-9868-57a2d4851a1d" relativeResultsDirectory="b6e4767e-97b9-4392-b4a5-8d59b02cf567" />
    <UnitTestResult executionId="4a632db2-d2f9-4794-84bf-22d955d5b147" testId="9d8e977a-2daa-bc0b-9397-cfa6dd67da2e" testName="Constructor_WithValidOptions_CreatesInstance" computerName="cursor" duration="00:00:00.2558510" startTime="2025-08-11T10:56:42.3957458+00:00" endTime="2025-08-11T10:56:42.6515968+00:00" testType="13cdc9d9-ddb5-4fa4-a97d-d965ccfc6d4b" outcome="Passed" testListId="8c84fa94-04c1-424b-9868-57a2d4851a1d" relativeResultsDirectory="4a632db2-d2f9-4794-84bf-22d955d5b147" />
    <UnitTestResult executionId="8891200c-f70e-4d36-a404-d37829318994" testId="471c48b8-3934-9ff4-83c3-85e85475d277" testName="TakeElementScreenshotAsync_WithValidSelector_ShouldReturnByteArray" computerName="cursor" duration="00:00:00.0011110" startTime="2025-08-11T10:56:41.2957889+00:00" endTime="2025-08-11T10:56:41.2968998+00:00" testType="13cdc9d9-ddb5-4fa4-a97d-d965ccfc6d4b" outcome="Passed" testListId="8c84fa94-04c1-424b-9868-57a2d4851a1d" relativeResultsDirectory="8891200c-f70e-4d36-a404-d37829318994" />
    <UnitTestResult executionId="05aa84b0-571f-49c4-81b3-05af5b03e076" testId="7bcdd09f-6609-1f20-233b-7512e4e6f7c1" testName="Constructor_WithValidOptions_CreatesInstance" computerName="cursor" duration="00:00:00.0001630" startTime="2025-08-11T10:56:49.4278251+00:00" endTime="2025-08-11T10:56:49.4279877+00:00" testType="13cdc9d9-ddb5-4fa4-a97d-d965ccfc6d4b" outcome="Passed" testListId="8c84fa94-04c1-424b-9868-57a2d4851a1d" relativeResultsDirectory="05aa84b0-571f-49c4-81b3-05af5b03e076" />
    <UnitTestResult executionId="34e67d2d-b04f-4623-b0f9-b8595ea05f06" testId="d004b151-1a2b-5307-b77d-2f9884eee910" testName="WaitForElement_WithEmptySelector_ShouldThrowArgumentException" computerName="cursor" duration="00:00:00.0007460" startTime="2025-08-11T10:56:49.6781821+00:00" endTime="2025-08-11T10:56:49.6789281+00:00" testType="13cdc9d9-ddb5-4fa4-a97d-d965ccfc6d4b" outcome="Passed" testListId="8c84fa94-04c1-424b-9868-57a2d4851a1d" relativeResultsDirectory="34e67d2d-b04f-4623-b0f9-b8595ea05f06" />
    <UnitTestResult executionId="f41a1dbe-d7fa-4e43-b1ac-e65ae94765b2" testId="2a52eb47-2f2b-89a4-1aaf-1041ed903d63" testName="TakeScreenshotAsync_WithValidParameters_ShouldReturnByteArray" computerName="cursor" duration="00:00:00.0013150" startTime="2025-08-11T10:56:41.2969215+00:00" endTime="2025-08-11T10:56:41.2982359+00:00" testType="13cdc9d9-ddb5-4fa4-a97d-d965ccfc6d4b" outcome="Passed" testListId="8c84fa94-04c1-424b-9868-57a2d4851a1d" relativeResultsDirectory="f41a1dbe-d7fa-4e43-b1ac-e65ae94765b2" />
    <UnitTestResult executionId="279d9069-52d2-4ba1-b6cb-fe6437f604bd" testId="a040c7ad-7721-eef7-f7a3-3be656e62ca9" testName="WaitForElementAttribute_WithEmptySelector_ShouldThrowArgumentException" computerName="cursor" duration="00:00:00.0009560" startTime="2025-08-11T10:56:49.6889616+00:00" endTime="2025-08-11T10:56:49.6899170+00:00" testType="13cdc9d9-ddb5-4fa4-a97d-d965ccfc6d4b" outcome="Passed" testListId="8c84fa94-04c1-424b-9868-57a2d4851a1d" relativeResultsDirectory="279d9069-52d2-4ba1-b6cb-fe6437f604bd" />
    <UnitTestResult executionId="b8652653-b1c0-4c1a-9bec-dd2162e7c35f" testId="f9eaa350-3407-dfbf-81e7-a2dcc8ed9569" testName="CreateDriver_WithNullOptions_ThrowsException" computerName="cursor" duration="00:00:00.0001850" startTime="2025-08-11T10:56:49.4279960+00:00" endTime="2025-08-11T10:56:49.4281806+00:00" testType="13cdc9d9-ddb5-4fa4-a97d-d965ccfc6d4b" outcome="Passed" testListId="8c84fa94-04c1-424b-9868-57a2d4851a1d" relativeResultsDirectory="b8652653-b1c0-4c1a-9bec-dd2162e7c35f" />
    <UnitTestResult executionId="88300d20-6bf3-436f-aa89-079dc639b9a4" testId="ef42b422-8ac9-4685-b465-5741dfd4e276" testName="PlaywrightNavigationException_WithNullUrl_ShouldSetUrlToNull" computerName="cursor" duration="00:00:00.0000800" startTime="2025-08-11T10:56:49.4235822+00:00" endTime="2025-08-11T10:56:49.4236624+00:00" testType="13cdc9d9-ddb5-4fa4-a97d-d965ccfc6d4b" outcome="Passed" testListId="8c84fa94-04c1-424b-9868-57a2d4851a1d" relativeResultsDirectory="88300d20-6bf3-436f-aa89-079dc639b9a4" />
    <UnitTestResult executionId="f6f9ff5d-ec41-4d8f-b3fb-038474c8dcba" testId="944f38ad-08f1-a287-da8c-959767d157ca" testName="WaitForElementText_WithEmptySelector_ShouldThrowArgumentException" computerName="cursor" duration="00:00:00.0009510" startTime="2025-08-11T10:56:49.6907344+00:00" endTime="2025-08-11T10:56:49.6916847+00:00" testType="13cdc9d9-ddb5-4fa4-a97d-d965ccfc6d4b" outcome="Passed" testListId="8c84fa94-04c1-424b-9868-57a2d4851a1d" relativeResultsDirectory="f6f9ff5d-ec41-4d8f-b3fb-038474c8dcba" />
    <UnitTestResult executionId="a01d1170-b090-46f1-8fc0-4c35d53ba2e3" testId="4037d24c-70f3-df4c-51c5-e323f0c729ef" testName="PlaywrightElementNotEnabledException_ShouldInheritFromPlaywrightException" computerName="cursor" duration="00:00:00.0001220" startTime="2025-08-11T10:56:49.4195746+00:00" endTime="2025-08-11T10:56:49.4196968+00:00" testType="13cdc9d9-ddb5-4fa4-a97d-d965ccfc6d4b" outcome="Passed" testListId="8c84fa94-04c1-424b-9868-57a2d4851a1d" relativeResultsDirectory="a01d1170-b090-46f1-8fc0-4c35d53ba2e3" />
    <UnitTestResult executionId="a9e53872-ab96-4d23-8489-727560124343" testId="c664cdab-350c-1fb1-39db-9c396900386f" testName="Type_WithEmptySelector_ShouldThrowArgumentException" computerName="cursor" duration="00:00:00.2689760" startTime="2025-08-11T10:56:47.2967944+00:00" endTime="2025-08-11T10:56:47.5657706+00:00" testType="13cdc9d9-ddb5-4fa4-a97d-d965ccfc6d4b" outcome="Passed" testListId="8c84fa94-04c1-424b-9868-57a2d4851a1d" relativeResultsDirectory="a9e53872-ab96-4d23-8489-727560124343" />
    <UnitTestResult executionId="ecf98709-4007-4210-83a9-6d1f751b1454" testId="b2ab8ddd-ea45-0e6e-e413-55319ef7b10b" testName="Dispose_ShouldBeCallableMultipleTimes" computerName="cursor" duration="00:00:00.2601180" startTime="2025-08-11T10:56:43.3183602+00:00" endTime="2025-08-11T10:56:43.5784781+00:00" testType="13cdc9d9-ddb5-4fa4-a97d-d965ccfc6d4b" outcome="Passed" testListId="8c84fa94-04c1-424b-9868-57a2d4851a1d" relativeResultsDirectory="ecf98709-4007-4210-83a9-6d1f751b1454" />
    <UnitTestResult executionId="7a723327-8f3b-4d1c-ad2c-2b9d6b74d7d7" testId="d8a94e68-473e-230d-959c-c6cb87f94d0d" testName="SetPermissionsAsync_WithNullPermissions_ShouldThrowArgumentException" computerName="cursor" duration="00:00:00.0011970" startTime="2025-08-11T10:56:41.2860644+00:00" endTime="2025-08-11T10:56:41.2872617+00:00" testType="13cdc9d9-ddb5-4fa4-a97d-d965ccfc6d4b" outcome="Passed" testListId="8c84fa94-04c1-424b-9868-57a2d4851a1d" relativeResultsDirectory="7a723327-8f3b-4d1c-ad2c-2b9d6b74d7d7" />
    <UnitTestResult executionId="9f4626cf-0100-4148-8c4a-a96deb82a2b1" testId="39a497ce-1c9b-21eb-4e39-bf1601ef01af" testName="StartVideoRecordingAsync_WithValidPath_ShouldNotThrowException" computerName="cursor" duration="00:00:00.0010889" startTime="2025-08-11T10:56:41.2908237+00:00" endTime="2025-08-11T10:56:41.2919128+00:00" testType="13cdc9d9-ddb5-4fa4-a97d-d965ccfc6d4b" outcome="Passed" testListId="8c84fa94-04c1-424b-9868-57a2d4851a1d" relativeResultsDirectory="9f4626cf-0100-4148-8c4a-a96deb82a2b1" />
    <UnitTestResult executionId="1aaf47e8-b080-4624-91f7-62ebd4a805e6" testId="8bfbe005-5221-22b1-278d-cb9bd37053a6" testName="GetFrameworkDriver_WithIBrowserType_ShouldReturnBrowser" computerName="cursor" duration="00:00:00.2678240" startTime="2025-08-11T10:56:43.8381916+00:00" endTime="2025-08-11T10:56:44.1060158+00:00" testType="13cdc9d9-ddb5-4fa4-a97d-d965ccfc6d4b" outcome="Passed" testListId="8c84fa94-04c1-424b-9868-57a2d4851a1d" relativeResultsDirectory="1aaf47e8-b080-4624-91f7-62ebd4a805e6" />
    <UnitTestResult executionId="9875ab53-2f71-4e26-9b54-205a85386b6f" testId="45856250-19cb-ef6e-6149-9cc71288bcb7" testName="GeneratePdfAsync_WithValidParameters_ShouldReturnByteArray" computerName="cursor" duration="00:00:00.0058120" startTime="2025-08-11T10:56:41.2697432+00:00" endTime="2025-08-11T10:56:41.2755546+00:00" testType="13cdc9d9-ddb5-4fa4-a97d-d965ccfc6d4b" outcome="Passed" testListId="8c84fa94-04c1-424b-9868-57a2d4851a1d" relativeResultsDirectory="9875ab53-2f71-4e26-9b54-205a85386b6f" />
    <UnitTestResult executionId="1cb2f242-ad1f-4c3b-9c75-f85733a3fd1f" testId="362c113e-5702-d90c-7ecb-13bbbfd61463" testName="EvaluateJavaScriptAsync_WithValidScript_ShouldReturnResult" computerName="cursor" duration="00:00:00.0014319" startTime="2025-08-11T10:56:41.2682884+00:00" endTime="2025-08-11T10:56:41.2697203+00:00" testType="13cdc9d9-ddb5-4fa4-a97d-d965ccfc6d4b" outcome="Passed" testListId="8c84fa94-04c1-424b-9868-57a2d4851a1d" relativeResultsDirectory="1cb2f242-ad1f-4c3b-9c75-f85733a3fd1f" />
    <UnitTestResult executionId="376d84b9-9da5-443d-8753-6c5e12c5840d" testId="95496f37-19bd-a3f6-2a2c-3d627f1301ea" testName="WaitForElement_WithEmptySelector_ShouldThrowArgumentException" computerName="cursor" duration="00:00:00.2648650" startTime="2025-08-11T10:56:47.8341473+00:00" endTime="2025-08-11T10:56:48.0990118+00:00" testType="13cdc9d9-ddb5-4fa4-a97d-d965ccfc6d4b" outcome="Passed" testListId="8c84fa94-04c1-424b-9868-57a2d4851a1d" relativeResultsDirectory="376d84b9-9da5-443d-8753-6c5e12c5840d" />
    <UnitTestResult executionId="2dc8086e-b187-40e5-9624-6ccb77e96045" testId="236ebad8-d8a1-9190-7cc9-fc41c258d7ec" testName="PlaywrightElementNotFoundException_WithSelector_ShouldSetMessageAndSelector" computerName="cursor" duration="00:00:00.0001480" startTime="2025-08-11T10:56:49.4215846+00:00" endTime="2025-08-11T10:56:49.4217331+00:00" testType="13cdc9d9-ddb5-4fa4-a97d-d965ccfc6d4b" outcome="Passed" testListId="8c84fa94-04c1-424b-9868-57a2d4851a1d" relativeResultsDirectory="2dc8086e-b187-40e5-9624-6ccb77e96045" />
    <UnitTestResult executionId="8d67a560-ace2-4576-b169-713a3e7ae502" testId="6e3418a6-0523-597c-afc0-6f63762ec308" testName="PlaywrightException_WithNullSelector_ShouldSetSelectorToNull" computerName="cursor" duration="00:00:00.0001410" startTime="2025-08-11T10:56:49.4230205+00:00" endTime="2025-08-11T10:56:49.4231615+00:00" testType="13cdc9d9-ddb5-4fa4-a97d-d965ccfc6d4b" outcome="Passed" testListId="8c84fa94-04c1-424b-9868-57a2d4851a1d" relativeResultsDirectory="8d67a560-ace2-4576-b169-713a3e7ae502" />
    <UnitTestResult executionId="3e5b4f0d-2776-4a4c-9446-b8b8f86d317e" testId="f44ad0a1-0847-0f54-bff5-381243908744" testName="SetPermissionsAsync_WithEmptyPermissions_ShouldThrowArgumentException" computerName="cursor" duration="00:00:00.0013140" startTime="2025-08-11T10:56:41.2847343+00:00" endTime="2025-08-11T10:56:41.2860483+00:00" testType="13cdc9d9-ddb5-4fa4-a97d-d965ccfc6d4b" outcome="Passed" testListId="8c84fa94-04c1-424b-9868-57a2d4851a1d" relativeResultsDirectory="3e5b4f0d-2776-4a4c-9446-b8b8f86d317e" />
    <UnitTestResult executionId="a04fb0ec-7e91-4a84-89df-73abe3519cb2" testId="b4a2eecf-9a99-b799-a456-523f1eb6e158" testName="Constructor_WithValidPage_ShouldCreateFeatures" computerName="cursor" duration="00:00:00.0016970" startTime="2025-08-11T10:56:41.2413696+00:00" endTime="2025-08-11T10:56:41.2430659+00:00" testType="13cdc9d9-ddb5-4fa4-a97d-d965ccfc6d4b" outcome="Passed" testListId="8c84fa94-04c1-424b-9868-57a2d4851a1d" relativeResultsDirectory="a04fb0ec-7e91-4a84-89df-73abe3519cb2" />
    <UnitTestResult executionId="8e0009b2-2e36-493c-8eab-f4d2788880ea" testId="93632efa-74f1-63ac-ce85-01344d72df82" testName="WaitForElement_WithClickableStrategy_ShouldNotThrowException" computerName="cursor" duration="00:00:00.0028850" startTime="2025-08-11T10:56:49.6733425+00:00" endTime="2025-08-11T10:56:49.6762279+00:00" testType="13cdc9d9-ddb5-4fa4-a97d-d965ccfc6d4b" outcome="Passed" testListId="8c84fa94-04c1-424b-9868-57a2d4851a1d" relativeResultsDirectory="8e0009b2-2e36-493c-8eab-f4d2788880ea" />
    <UnitTestResult executionId="4f0644c4-e68d-408a-bdc3-6142b1f01759" testId="ba32e0e1-6ed8-0e3a-e188-0c4b4bac2eae" testName="AddInitScriptAsync_WithValidScript_ShouldNotThrowException" computerName="cursor" duration="00:00:00.0060390" startTime="2025-08-11T10:56:41.2336024+00:00" endTime="2025-08-11T10:56:41.2396415+00:00" testType="13cdc9d9-ddb5-4fa4-a97d-d965ccfc6d4b" outcome="Passed" testListId="8c84fa94-04c1-424b-9868-57a2d4851a1d" relativeResultsDirectory="4f0644c4-e68d-408a-bdc3-6142b1f01759" />
    <UnitTestResult executionId="cb2e5b06-f788-42cb-8cc2-4623ea311554" testId="5637c2bc-4ff0-830b-afbc-8160de8eaeff" testName="TakeElementScreenshotAsync_WithNullSelector_ShouldThrowArgumentException" computerName="cursor" duration="00:00:00.0012310" startTime="2025-08-11T10:56:41.2945412+00:00" endTime="2025-08-11T10:56:41.2957716+00:00" testType="13cdc9d9-ddb5-4fa4-a97d-d965ccfc6d4b" outcome="Passed" testListId="8c84fa94-04c1-424b-9868-57a2d4851a1d" relativeResultsDirectory="cb2e5b06-f788-42cb-8cc2-4623ea311554" />
    <UnitTestResult executionId="79e67b45-ae65-4c2b-bc11-9ec97db75ef9" testId="4dbe9558-da89-b0af-04d4-50fba6f3e664" testName="WaitForElement_WithNullSelector_ShouldThrowArgumentException" computerName="cursor" duration="00:00:00.2623080" startTime="2025-08-11T10:56:48.0990450+00:00" endTime="2025-08-11T10:56:48.3613531+00:00" testType="13cdc9d9-ddb5-4fa4-a97d-d965ccfc6d4b" outcome="Passed" testListId="8c84fa94-04c1-424b-9868-57a2d4851a1d" relativeResultsDirectory="79e67b45-ae65-4c2b-bc11-9ec97db75ef9" />
  </Results>
  <TestDefinitions>
    <UnitTest name="WaitForElement_WithEmptySelector_ShouldThrowArgumentException" storage="/workspace/tests/fluentuiscaffold.playwright.tests/bin/debug/net8.0/fluentuiscaffold.playwright.tests.dll" id="d004b151-1a2b-5307-b77d-2f9884eee910">
      <Execution id="34e67d2d-b04f-4623-b0f9-b8595ea05f06" />
      <TestMethod codeBase="/workspace/tests/FluentUIScaffold.Playwright.Tests/bin/Debug/net8.0/FluentUIScaffold.Playwright.Tests.dll" adapterTypeName="executor://nunit3testexecutor/" className="FluentUIScaffold.Playwright.Tests.PlaywrightWaitStrategyTests" name="WaitForElement_WithEmptySelector_ShouldThrowArgumentException" />
    </UnitTest>
    <UnitTest name="WaitForElement_WithSmartStrategy_ShouldNotThrowException" storage="/workspace/tests/fluentuiscaffold.playwright.tests/bin/debug/net8.0/fluentuiscaffold.playwright.tests.dll" id="98ab0928-473a-f0b2-1c0f-979f2f5dd59d">
      <Execution id="8ef4850e-f9c4-4e4e-92aa-7de8b4c9caf4" />
      <TestMethod codeBase="/workspace/tests/FluentUIScaffold.Playwright.Tests/bin/Debug/net8.0/FluentUIScaffold.Playwright.Tests.dll" adapterTypeName="executor://nunit3testexecutor/" className="FluentUIScaffold.Playwright.Tests.PlaywrightWaitStrategyTests" name="WaitForElement_WithSmartStrategy_ShouldNotThrowException" />
    </UnitTest>
    <UnitTest name="WaitForElement_WithNullSelector_ShouldThrowArgumentException" storage="/workspace/tests/fluentuiscaffold.playwright.tests/bin/debug/net8.0/fluentuiscaffold.playwright.tests.dll" id="ab7fb356-7440-899e-cd01-0e36beaea533">
      <Execution id="30bebb6c-ec8a-4683-9f4f-c6d8c4316a6d" />
      <TestMethod codeBase="/workspace/tests/FluentUIScaffold.Playwright.Tests/bin/Debug/net8.0/FluentUIScaffold.Playwright.Tests.dll" adapterTypeName="executor://nunit3testexecutor/" className="FluentUIScaffold.Playwright.Tests.PlaywrightWaitStrategyTests" name="WaitForElement_WithNullSelector_ShouldThrowArgumentException" />
    </UnitTest>
    <UnitTest name="PlaywrightElementNotFoundException_WithSelector_ShouldSetMessageAndSelector" storage="/workspace/tests/fluentuiscaffold.playwright.tests/bin/debug/net8.0/fluentuiscaffold.playwright.tests.dll" id="236ebad8-d8a1-9190-7cc9-fc41c258d7ec">
      <Execution id="2dc8086e-b187-40e5-9624-6ccb77e96045" />
      <TestMethod codeBase="/workspace/tests/FluentUIScaffold.Playwright.Tests/bin/Debug/net8.0/FluentUIScaffold.Playwright.Tests.dll" adapterTypeName="executor://nunit3testexecutor/" className="FluentUIScaffold.Playwright.Tests.PlaywrightExceptionsTests" name="PlaywrightElementNotFoundException_WithSelector_ShouldSetMessageAndSelector" />
    </UnitTest>
    <UnitTest name="WaitForElement_WithEmptySelector_ShouldThrowArgumentException" storage="/workspace/tests/fluentuiscaffold.playwright.tests/bin/debug/net8.0/fluentuiscaffold.playwright.tests.dll" id="95496f37-19bd-a3f6-2a2c-3d627f1301ea">
      <Execution id="376d84b9-9da5-443d-8753-6c5e12c5840d" />
      <TestMethod codeBase="/workspace/tests/FluentUIScaffold.Playwright.Tests/bin/Debug/net8.0/FluentUIScaffold.Playwright.Tests.dll" adapterTypeName="executor://nunit3testexecutor/" className="FluentUIScaffold.Playwright.Tests.PlaywrightDriverTests" name="WaitForElement_WithEmptySelector_ShouldThrowArgumentException" />
    </UnitTest>
    <UnitTest name="WaitForElement_WithUnsupportedStrategy_ShouldThrowArgumentException" storage="/workspace/tests/fluentuiscaffold.playwright.tests/bin/debug/net8.0/fluentuiscaffold.playwright.tests.dll" id="8e4e42a9-cbeb-2ffe-badb-66dcdda7de9a">
      <Execution id="ca64e202-c47c-47ba-b831-058ab3ac55f9" />
      <TestMethod codeBase="/workspace/tests/FluentUIScaffold.Playwright.Tests/bin/Debug/net8.0/FluentUIScaffold.Playwright.Tests.dll" adapterTypeName="executor://nunit3testexecutor/" className="FluentUIScaffold.Playwright.Tests.PlaywrightWaitStrategyTests" name="WaitForElement_WithUnsupportedStrategy_ShouldThrowArgumentException" />
    </UnitTest>
    <UnitTest name="PlaywrightException_WithNullSelector_ShouldSetSelectorToNull" storage="/workspace/tests/fluentuiscaffold.playwright.tests/bin/debug/net8.0/fluentuiscaffold.playwright.tests.dll" id="6e3418a6-0523-597c-afc0-6f63762ec308">
      <Execution id="8d67a560-ace2-4576-b169-713a3e7ae502" />
      <TestMethod codeBase="/workspace/tests/FluentUIScaffold.Playwright.Tests/bin/Debug/net8.0/FluentUIScaffold.Playwright.Tests.dll" adapterTypeName="executor://nunit3testexecutor/" className="FluentUIScaffold.Playwright.Tests.PlaywrightExceptionsTests" name="PlaywrightException_WithNullSelector_ShouldSetSelectorToNull" />
    </UnitTest>
    <UnitTest name="EvaluateJavaScriptAsync_WithEmptyScript_ShouldThrowArgumentException" storage="/workspace/tests/fluentuiscaffold.playwright.tests/bin/debug/net8.0/fluentuiscaffold.playwright.tests.dll" id="bcd1ca03-417a-4076-e596-5bfcbb44e0e2">
      <Execution id="894ca240-5993-4454-ad2e-fc15f98d4cd1" />
      <TestMethod codeBase="/workspace/tests/FluentUIScaffold.Playwright.Tests/bin/Debug/net8.0/FluentUIScaffold.Playwright.Tests.dll" adapterTypeName="executor://nunit3testexecutor/" className="FluentUIScaffold.Playwright.Tests.PlaywrightAdvancedFeaturesTests" name="EvaluateJavaScriptAsync_WithEmptyScript_ShouldThrowArgumentException" />
    </UnitTest>
    <UnitTest name="IsVisible_WithNullSelector_ShouldThrowArgumentException" storage="/workspace/tests/fluentuiscaffold.playwright.tests/bin/debug/net8.0/fluentuiscaffold.playwright.tests.dll" id="a5d32aa4-c3a6-e1da-183c-f4e414cd9910">
      <Execution id="36cfbb2c-b33f-4eac-bda0-861f441c917a" />
      <TestMethod codeBase="/workspace/tests/FluentUIScaffold.Playwright.Tests/bin/Debug/net8.0/FluentUIScaffold.Playwright.Tests.dll" adapterTypeName="executor://nunit3testexecutor/" className="FluentUIScaffold.Playwright.Tests.PlaywrightDriverTests" name="IsVisible_WithNullSelector_ShouldThrowArgumentException" />
    </UnitTest>
    <UnitTest name="PlaywrightNavigationException_WithNullUrl_ShouldSetUrlToNull" storage="/workspace/tests/fluentuiscaffold.playwright.tests/bin/debug/net8.0/fluentuiscaffold.playwright.tests.dll" id="ef42b422-8ac9-4685-b465-5741dfd4e276">
      <Execution id="88300d20-6bf3-436f-aa89-079dc639b9a4" />
      <TestMethod codeBase="/workspace/tests/FluentUIScaffold.Playwright.Tests/bin/Debug/net8.0/FluentUIScaffold.Playwright.Tests.dll" adapterTypeName="executor://nunit3testexecutor/" className="FluentUIScaffold.Playwright.Tests.PlaywrightExceptionsTests" name="PlaywrightNavigationException_WithNullUrl_ShouldSetUrlToNull" />
    </UnitTest>
    <UnitTest name="PlaywrightNavigationException_WithMessageAndUrl_ShouldSetProperties" storage="/workspace/tests/fluentuiscaffold.playwright.tests/bin/debug/net8.0/fluentuiscaffold.playwright.tests.dll" id="89d34624-71ad-44f5-abfd-0f410f0823b2">
      <Execution id="eb063803-d89b-490e-82e4-f8247ea2a6c8" />
      <TestMethod codeBase="/workspace/tests/FluentUIScaffold.Playwright.Tests/bin/Debug/net8.0/FluentUIScaffold.Playwright.Tests.dll" adapterTypeName="executor://nunit3testexecutor/" className="FluentUIScaffold.Playwright.Tests.PlaywrightExceptionsTests" name="PlaywrightNavigationException_WithMessageAndUrl_ShouldSetProperties" />
    </UnitTest>
    <UnitTest name="GetFrameworkDriver_WithUnsupportedType_ShouldThrowInvalidOperationException" storage="/workspace/tests/fluentuiscaffold.playwright.tests/bin/debug/net8.0/fluentuiscaffold.playwright.tests.dll" id="6a43d979-e903-e862-7ae2-248d09dea56d">
      <Execution id="d60a21a6-3c79-4421-b223-f1d0d6fa3930" />
      <TestMethod codeBase="/workspace/tests/FluentUIScaffold.Playwright.Tests/bin/Debug/net8.0/FluentUIScaffold.Playwright.Tests.dll" adapterTypeName="executor://nunit3testexecutor/" className="FluentUIScaffold.Playwright.Tests.PlaywrightDriverTests" name="GetFrameworkDriver_WithUnsupportedType_ShouldThrowInvalidOperationException" />
    </UnitTest>
    <UnitTest name="StartVideoRecordingAsync_WithEmptyPath_ShouldThrowArgumentException" storage="/workspace/tests/fluentuiscaffold.playwright.tests/bin/debug/net8.0/fluentuiscaffold.playwright.tests.dll" id="ce7ef0ae-30d6-cbcc-bdb4-d03420e984dd">
      <Execution id="ab5d873f-aaef-40a7-8a26-e8a4c7c77895" />
      <TestMethod codeBase="/workspace/tests/FluentUIScaffold.Playwright.Tests/bin/Debug/net8.0/FluentUIScaffold.Playwright.Tests.dll" adapterTypeName="executor://nunit3testexecutor/" className="FluentUIScaffold.Playwright.Tests.PlaywrightAdvancedFeaturesTests" name="StartVideoRecordingAsync_WithEmptyPath_ShouldThrowArgumentException" />
    </UnitTest>
    <UnitTest name="InterceptNetworkRequests_WithNullHandler_ShouldThrowArgumentNullException" storage="/workspace/tests/fluentuiscaffold.playwright.tests/bin/debug/net8.0/fluentuiscaffold.playwright.tests.dll" id="f18c7ad7-eb0f-06f7-7be6-b1c9e4fa00a2">
      <Execution id="9b478d61-998f-4531-9f41-86eab5f6f6ca" />
      <TestMethod codeBase="/workspace/tests/FluentUIScaffold.Playwright.Tests/bin/Debug/net8.0/FluentUIScaffold.Playwright.Tests.dll" adapterTypeName="executor://nunit3testexecutor/" className="FluentUIScaffold.Playwright.Tests.PlaywrightAdvancedFeaturesTests" name="InterceptNetworkRequests_WithNullHandler_ShouldThrowArgumentNullException" />
    </UnitTest>
    <UnitTest name="GeneratePdfAsync_WithValidParameters_ShouldReturnByteArray" storage="/workspace/tests/fluentuiscaffold.playwright.tests/bin/debug/net8.0/fluentuiscaffold.playwright.tests.dll" id="45856250-19cb-ef6e-6149-9cc71288bcb7">
      <Execution id="9875ab53-2f71-4e26-9b54-205a85386b6f" />
      <TestMethod codeBase="/workspace/tests/FluentUIScaffold.Playwright.Tests/bin/Debug/net8.0/FluentUIScaffold.Playwright.Tests.dll" adapterTypeName="executor://nunit3testexecutor/" className="FluentUIScaffold.Playwright.Tests.PlaywrightAdvancedFeaturesTests" name="GeneratePdfAsync_WithValidParameters_ShouldReturnByteArray" />
    </UnitTest>
    <UnitTest name="WaitForNetworkRequestInitiatedAsync_WithNullUrlPattern_ShouldThrowArgumentException" storage="/workspace/tests/fluentuiscaffold.playwright.tests/bin/debug/net8.0/fluentuiscaffold.playwright.tests.dll" id="e5737d36-51a6-dc2d-8804-78bd59fa91a2">
      <Execution id="164a4ee0-51b1-47b0-83e9-b27248f96aa7" />
      <TestMethod codeBase="/workspace/tests/FluentUIScaffold.Playwright.Tests/bin/Debug/net8.0/FluentUIScaffold.Playwright.Tests.dll" adapterTypeName="executor://nunit3testexecutor/" className="FluentUIScaffold.Playwright.Tests.PlaywrightAdvancedFeaturesTests" name="WaitForNetworkRequestInitiatedAsync_WithNullUrlPattern_ShouldThrowArgumentException" />
    </UnitTest>
    <UnitTest name="EvaluateJavaScriptAsync_WithNullScript_ShouldThrowArgumentException" storage="/workspace/tests/fluentuiscaffold.playwright.tests/bin/debug/net8.0/fluentuiscaffold.playwright.tests.dll" id="4c697dac-7fda-ed9a-8482-a66b241202c5">
      <Execution id="c6fff403-d641-4d1b-b1aa-b41d964fdb14" />
      <TestMethod codeBase="/workspace/tests/FluentUIScaffold.Playwright.Tests/bin/Debug/net8.0/FluentUIScaffold.Playwright.Tests.dll" adapterTypeName="executor://nunit3testexecutor/" className="FluentUIScaffold.Playwright.Tests.PlaywrightAdvancedFeaturesTests" name="EvaluateJavaScriptAsync_WithNullScript_ShouldThrowArgumentException" />
    </UnitTest>
    <UnitTest name="StopVideoRecordingAsync_ShouldNotThrowException" storage="/workspace/tests/fluentuiscaffold.playwright.tests/bin/debug/net8.0/fluentuiscaffold.playwright.tests.dll" id="9c4667d8-9f8a-fe5b-50bf-47a735c0cdb4">
      <Execution id="1cb3b368-df36-4f23-9941-07698d58406c" />
      <TestMethod codeBase="/workspace/tests/FluentUIScaffold.Playwright.Tests/bin/Debug/net8.0/FluentUIScaffold.Playwright.Tests.dll" adapterTypeName="executor://nunit3testexecutor/" className="FluentUIScaffold.Playwright.Tests.PlaywrightAdvancedFeaturesTests" name="StopVideoRecordingAsync_ShouldNotThrowException" />
    </UnitTest>
    <UnitTest name="AddInitScriptAsync_WithEmptyScript_ShouldThrowArgumentException" storage="/workspace/tests/fluentuiscaffold.playwright.tests/bin/debug/net8.0/fluentuiscaffold.playwright.tests.dll" id="2b967a35-4f93-7672-b237-6aff698f6ce5">
      <Execution id="f8ac596f-5c7d-49a0-b49d-4b4b47b5f344" />
      <TestMethod codeBase="/workspace/tests/FluentUIScaffold.Playwright.Tests/bin/Debug/net8.0/FluentUIScaffold.Playwright.Tests.dll" adapterTypeName="executor://nunit3testexecutor/" className="FluentUIScaffold.Playwright.Tests.PlaywrightAdvancedFeaturesTests" name="AddInitScriptAsync_WithEmptyScript_ShouldThrowArgumentException" />
    </UnitTest>
    <UnitTest name="EmulateMobileDeviceAsync_WithNullDeviceName_ShouldThrowArgumentException" storage="/workspace/tests/fluentuiscaffold.playwright.tests/bin/debug/net8.0/fluentuiscaffold.playwright.tests.dll" id="81987c09-bfbe-10db-7f52-1c7de4cb6a0e">
      <Execution id="a59beb21-09b5-4982-87c0-b9749456da7b" />
      <TestMethod codeBase="/workspace/tests/FluentUIScaffold.Playwright.Tests/bin/Debug/net8.0/FluentUIScaffold.Playwright.Tests.dll" adapterTypeName="executor://nunit3testexecutor/" className="FluentUIScaffold.Playwright.Tests.PlaywrightAdvancedFeaturesTests" name="EmulateMobileDeviceAsync_WithNullDeviceName_ShouldThrowArgumentException" />
    </UnitTest>
    <UnitTest name="WaitForElement_WithTextPresentStrategy_ShouldNotThrowException" storage="/workspace/tests/fluentuiscaffold.playwright.tests/bin/debug/net8.0/fluentuiscaffold.playwright.tests.dll" id="ae12414c-2a3b-8fba-bfbc-5cc41bbf8493">
      <Execution id="ba82c307-d1f2-4322-b0c4-f392a2b27ed4" />
      <TestMethod codeBase="/workspace/tests/FluentUIScaffold.Playwright.Tests/bin/Debug/net8.0/FluentUIScaffold.Playwright.Tests.dll" adapterTypeName="executor://nunit3testexecutor/" className="FluentUIScaffold.Playwright.Tests.PlaywrightWaitStrategyTests" name="WaitForElement_WithTextPresentStrategy_ShouldNotThrowException" />
    </UnitTest>
    <UnitTest name="Click_WithNullSelector_ShouldThrowArgumentException" storage="/workspace/tests/fluentuiscaffold.playwright.tests/bin/debug/net8.0/fluentuiscaffold.playwright.tests.dll" id="c4dce798-f1a3-ea12-2f13-63b553ffaea1">
      <Execution id="ecf11de1-00fa-4fd0-9da9-ce14bc207727" />
      <TestMethod codeBase="/workspace/tests/FluentUIScaffold.Playwright.Tests/bin/Debug/net8.0/FluentUIScaffold.Playwright.Tests.dll" adapterTypeName="executor://nunit3testexecutor/" className="FluentUIScaffold.Playwright.Tests.PlaywrightDriverTests" name="Click_WithNullSelector_ShouldThrowArgumentException" />
    </UnitTest>
    <UnitTest name="SetGeolocationAsync_WithValidCoordinates_ShouldNotThrowException" storage="/workspace/tests/fluentuiscaffold.playwright.tests/bin/debug/net8.0/fluentuiscaffold.playwright.tests.dll" id="08024d7f-f5d4-70e2-2d00-1732d845efa4">
      <Execution id="463ea35a-82f3-4bd9-bb3a-6dd128157d0a" />
      <TestMethod codeBase="/workspace/tests/FluentUIScaffold.Playwright.Tests/bin/Debug/net8.0/FluentUIScaffold.Playwright.Tests.dll" adapterTypeName="executor://nunit3testexecutor/" className="FluentUIScaffold.Playwright.Tests.PlaywrightAdvancedFeaturesTests" name="SetGeolocationAsync_WithValidCoordinates_ShouldNotThrowException" />
    </UnitTest>
    <UnitTest name="CreateDriver_WithNullOptions_ThrowsException" storage="/workspace/tests/fluentuiscaffold.playwright.tests/bin/debug/net8.0/fluentuiscaffold.playwright.tests.dll" id="f9eaa350-3407-dfbf-81e7-a2dcc8ed9569">
      <Execution id="b8652653-b1c0-4c1a-9bec-dd2162e7c35f" />
      <TestMethod codeBase="/workspace/tests/FluentUIScaffold.Playwright.Tests/bin/Debug/net8.0/FluentUIScaffold.Playwright.Tests.dll" adapterTypeName="executor://nunit3testexecutor/" className="FluentUIScaffold.Playwright.Tests.PlaywrightPluginTests" name="CreateDriver_WithNullOptions_ThrowsException" />
    </UnitTest>
    <UnitTest name="CanHandle_WithPlaywrightDriverType_ReturnsTrue" storage="/workspace/tests/fluentuiscaffold.playwright.tests/bin/debug/net8.0/fluentuiscaffold.playwright.tests.dll" id="c5ace3fd-819e-bba6-cdba-2401aa2b6b10">
      <Execution id="caff8ab6-9526-48d7-8b01-a9a1293e9527" />
      <TestMethod codeBase="/workspace/tests/FluentUIScaffold.Playwright.Tests/bin/Debug/net8.0/FluentUIScaffold.Playwright.Tests.dll" adapterTypeName="executor://nunit3testexecutor/" className="FluentUIScaffold.Playwright.Tests.PlaywrightPluginTests" name="CanHandle_WithPlaywrightDriverType_ReturnsTrue" />
    </UnitTest>
    <UnitTest name="WaitForElement_WithClickableStrategy_ShouldNotThrowException" storage="/workspace/tests/fluentuiscaffold.playwright.tests/bin/debug/net8.0/fluentuiscaffold.playwright.tests.dll" id="93632efa-74f1-63ac-ce85-01344d72df82">
      <Execution id="8e0009b2-2e36-493c-8eab-f4d2788880ea" />
      <TestMethod codeBase="/workspace/tests/FluentUIScaffold.Playwright.Tests/bin/Debug/net8.0/FluentUIScaffold.Playwright.Tests.dll" adapterTypeName="executor://nunit3testexecutor/" className="FluentUIScaffold.Playwright.Tests.PlaywrightWaitStrategyTests" name="WaitForElement_WithClickableStrategy_ShouldNotThrowException" />
    </UnitTest>
    <UnitTest name="Type_WithNullSelector_ShouldThrowArgumentException" storage="/workspace/tests/fluentuiscaffold.playwright.tests/bin/debug/net8.0/fluentuiscaffold.playwright.tests.dll" id="815098b5-efab-3788-b82b-7c2f40ad7411">
      <Execution id="70c37b3e-b8ad-4beb-a51b-3de610efd832" />
      <TestMethod codeBase="/workspace/tests/FluentUIScaffold.Playwright.Tests/bin/Debug/net8.0/FluentUIScaffold.Playwright.Tests.dll" adapterTypeName="executor://nunit3testexecutor/" className="FluentUIScaffold.Playwright.Tests.PlaywrightDriverTests" name="Type_WithNullSelector_ShouldThrowArgumentException" />
    </UnitTest>
    <UnitTest name="WaitForElement_WithEnabledStrategy_ShouldNotThrowException" storage="/workspace/tests/fluentuiscaffold.playwright.tests/bin/debug/net8.0/fluentuiscaffold.playwright.tests.dll" id="eae310e3-db41-6fc8-d145-0be80a4f2556">
      <Execution id="c395d224-34d3-4ae9-b0cf-cc53d95310f8" />
      <TestMethod codeBase="/workspace/tests/FluentUIScaffold.Playwright.Tests/bin/Debug/net8.0/FluentUIScaffold.Playwright.Tests.dll" adapterTypeName="executor://nunit3testexecutor/" className="FluentUIScaffold.Playwright.Tests.PlaywrightWaitStrategyTests" name="WaitForElement_WithEnabledStrategy_ShouldNotThrowException" />
    </UnitTest>
    <UnitTest name="GetFrameworkDriver_WithIBrowserContextType_ShouldReturnContext" storage="/workspace/tests/fluentuiscaffold.playwright.tests/bin/debug/net8.0/fluentuiscaffold.playwright.tests.dll" id="34add508-2a70-84a8-717f-061411066a1d">
      <Execution id="5eb3940f-7ea7-484e-9b23-0af8ab33e8bf" />
      <TestMethod codeBase="/workspace/tests/FluentUIScaffold.Playwright.Tests/bin/Debug/net8.0/FluentUIScaffold.Playwright.Tests.dll" adapterTypeName="executor://nunit3testexecutor/" className="FluentUIScaffold.Playwright.Tests.PlaywrightDriverTests" name="GetFrameworkDriver_WithIBrowserContextType_ShouldReturnContext" />
    </UnitTest>
    <UnitTest name="AddInitScriptAsync_WithNullScript_ShouldThrowArgumentException" storage="/workspace/tests/fluentuiscaffold.playwright.tests/bin/debug/net8.0/fluentuiscaffold.playwright.tests.dll" id="e44936e1-43c5-f732-a194-48ac2203688b">
      <Execution id="de4a2073-86d5-4e6f-b308-aa23fb8150e1" />
      <TestMethod codeBase="/workspace/tests/FluentUIScaffold.Playwright.Tests/bin/Debug/net8.0/FluentUIScaffold.Playwright.Tests.dll" adapterTypeName="executor://nunit3testexecutor/" className="FluentUIScaffold.Playwright.Tests.PlaywrightAdvancedFeaturesTests" name="AddInitScriptAsync_WithNullScript_ShouldThrowArgumentException" />
    </UnitTest>
    <UnitTest name="WaitForNetworkRequestAsync_WithNullUrlPattern_ShouldThrowArgumentException" storage="/workspace/tests/fluentuiscaffold.playwright.tests/bin/debug/net8.0/fluentuiscaffold.playwright.tests.dll" id="babf245e-61e1-cd79-5730-5304e9bd7511">
      <Execution id="84ba6885-be2b-4492-b30f-b140ec4718a4" />
      <TestMethod codeBase="/workspace/tests/FluentUIScaffold.Playwright.Tests/bin/Debug/net8.0/FluentUIScaffold.Playwright.Tests.dll" adapterTypeName="executor://nunit3testexecutor/" className="FluentUIScaffold.Playwright.Tests.PlaywrightAdvancedFeaturesTests" name="WaitForNetworkRequestAsync_WithNullUrlPattern_ShouldThrowArgumentException" />
    </UnitTest>
    <UnitTest name="PlaywrightException_WithMessageAndSelector_ShouldSetProperties" storage="/workspace/tests/fluentuiscaffold.playwright.tests/bin/debug/net8.0/fluentuiscaffold.playwright.tests.dll" id="5d8f4898-8bd2-03b0-b2a9-5666b648c3a8">
      <Execution id="16558c7e-03cf-4f21-bd76-b8fe0cf156cb" />
      <TestMethod codeBase="/workspace/tests/FluentUIScaffold.Playwright.Tests/bin/Debug/net8.0/FluentUIScaffold.Playwright.Tests.dll" adapterTypeName="executor://nunit3testexecutor/" className="FluentUIScaffold.Playwright.Tests.PlaywrightExceptionsTests" name="PlaywrightException_WithMessageAndSelector_ShouldSetProperties" />
    </UnitTest>
    <UnitTest name="WaitForElementAttribute_WithNullSelector_ShouldThrowArgumentException" storage="/workspace/tests/fluentuiscaffold.playwright.tests/bin/debug/net8.0/fluentuiscaffold.playwright.tests.dll" id="6e8c0812-e23c-e7a6-cbe8-62f734dab9f7">
      <Execution id="ad0bb11f-0c33-4a51-846a-f8acfa8229fd" />
      <TestMethod codeBase="/workspace/tests/FluentUIScaffold.Playwright.Tests/bin/Debug/net8.0/FluentUIScaffold.Playwright.Tests.dll" adapterTypeName="executor://nunit3testexecutor/" className="FluentUIScaffold.Playwright.Tests.PlaywrightWaitStrategyTests" name="WaitForElementAttribute_WithNullSelector_ShouldThrowArgumentException" />
    </UnitTest>
    <UnitTest name="CurrentUrl_ReturnsExpectedUrl" storage="/workspace/tests/fluentuiscaffold.playwright.tests/bin/debug/net8.0/fluentuiscaffold.playwright.tests.dll" id="7129b340-9055-6f76-82b2-850b838de151">
      <Execution id="29d8af15-0de2-4a18-873d-892d4484e69c" />
      <TestMethod codeBase="/workspace/tests/FluentUIScaffold.Playwright.Tests/bin/Debug/net8.0/FluentUIScaffold.Playwright.Tests.dll" adapterTypeName="executor://nunit3testexecutor/" className="FluentUIScaffold.Playwright.Tests.PlaywrightDriverTests" name="CurrentUrl_ReturnsExpectedUrl" />
    </UnitTest>
    <UnitTest name="Name_ReturnsPlaywright" storage="/workspace/tests/fluentuiscaffold.playwright.tests/bin/debug/net8.0/fluentuiscaffold.playwright.tests.dll" id="d35e5fdf-75d0-2f95-568c-44152552faab">
      <Execution id="0914f5d3-e23c-4e12-949a-6362e52129ff" />
      <TestMethod codeBase="/workspace/tests/FluentUIScaffold.Playwright.Tests/bin/Debug/net8.0/FluentUIScaffold.Playwright.Tests.dll" adapterTypeName="executor://nunit3testexecutor/" className="FluentUIScaffold.Playwright.Tests.PlaywrightPluginTests" name="Name_ReturnsPlaywright" />
    </UnitTest>
    <UnitTest name="StartVideoRecordingAsync_WithValidPath_ShouldNotThrowException" storage="/workspace/tests/fluentuiscaffold.playwright.tests/bin/debug/net8.0/fluentuiscaffold.playwright.tests.dll" id="39a497ce-1c9b-21eb-4e39-bf1601ef01af">
      <Execution id="9f4626cf-0100-4148-8c4a-a96deb82a2b1" />
      <TestMethod codeBase="/workspace/tests/FluentUIScaffold.Playwright.Tests/bin/Debug/net8.0/FluentUIScaffold.Playwright.Tests.dll" adapterTypeName="executor://nunit3testexecutor/" className="FluentUIScaffold.Playwright.Tests.PlaywrightAdvancedFeaturesTests" name="StartVideoRecordingAsync_WithValidPath_ShouldNotThrowException" />
    </UnitTest>
    <UnitTest name="GetFrameworkDriver_WithIBrowserType_ShouldReturnBrowser" storage="/workspace/tests/fluentuiscaffold.playwright.tests/bin/debug/net8.0/fluentuiscaffold.playwright.tests.dll" id="8bfbe005-5221-22b1-278d-cb9bd37053a6">
      <Execution id="1aaf47e8-b080-4624-91f7-62ebd4a805e6" />
      <TestMethod codeBase="/workspace/tests/FluentUIScaffold.Playwright.Tests/bin/Debug/net8.0/FluentUIScaffold.Playwright.Tests.dll" adapterTypeName="executor://nunit3testexecutor/" className="FluentUIScaffold.Playwright.Tests.PlaywrightDriverTests" name="GetFrameworkDriver_WithIBrowserType_ShouldReturnBrowser" />
    </UnitTest>
    <UnitTest name="Version_ReturnsExpectedVersion" storage="/workspace/tests/fluentuiscaffold.playwright.tests/bin/debug/net8.0/fluentuiscaffold.playwright.tests.dll" id="e4684098-88e8-a927-a52a-bb65b5d5ba67">
      <Execution id="d8dd25e9-4df9-4e2f-81a8-39adf7a10952" />
      <TestMethod codeBase="/workspace/tests/FluentUIScaffold.Playwright.Tests/bin/Debug/net8.0/FluentUIScaffold.Playwright.Tests.dll" adapterTypeName="executor://nunit3testexecutor/" className="FluentUIScaffold.Playwright.Tests.PlaywrightPluginTests" name="Version_ReturnsExpectedVersion" />
    </UnitTest>
    <UnitTest name="PlaywrightNavigationException_WithMessageUrlAndInnerException_ShouldSetProperties" storage="/workspace/tests/fluentuiscaffold.playwright.tests/bin/debug/net8.0/fluentuiscaffold.playwright.tests.dll" id="b658b339-aeef-29fb-d21b-40e08f77927d">
      <Execution id="7b35906d-b421-4ce8-bb5c-19b85380e197" />
      <TestMethod codeBase="/workspace/tests/FluentUIScaffold.Playwright.Tests/bin/Debug/net8.0/FluentUIScaffold.Playwright.Tests.dll" adapterTypeName="executor://nunit3testexecutor/" className="FluentUIScaffold.Playwright.Tests.PlaywrightExceptionsTests" name="PlaywrightNavigationException_WithMessageUrlAndInnerException_ShouldSetProperties" />
    </UnitTest>
    <UnitTest name="WaitForElementAttribute_WithEmptySelector_ShouldThrowArgumentException" storage="/workspace/tests/fluentuiscaffold.playwright.tests/bin/debug/net8.0/fluentuiscaffold.playwright.tests.dll" id="a040c7ad-7721-eef7-f7a3-3be656e62ca9">
      <Execution id="279d9069-52d2-4ba1-b6cb-fe6437f604bd" />
      <TestMethod codeBase="/workspace/tests/FluentUIScaffold.Playwright.Tests/bin/Debug/net8.0/FluentUIScaffold.Playwright.Tests.dll" adapterTypeName="executor://nunit3testexecutor/" className="FluentUIScaffold.Playwright.Tests.PlaywrightWaitStrategyTests" name="WaitForElementAttribute_WithEmptySelector_ShouldThrowArgumentException" />
    </UnitTest>
    <UnitTest name="PlaywrightTimeoutException_WithMessageAndSelector_ShouldSetProperties" storage="/workspace/tests/fluentuiscaffold.playwright.tests/bin/debug/net8.0/fluentuiscaffold.playwright.tests.dll" id="7c2b473a-b129-8a39-0f11-3dfd0ad70e94">
      <Execution id="1c6aef02-4f31-449d-b397-68a91038fc63" />
      <TestMethod codeBase="/workspace/tests/FluentUIScaffold.Playwright.Tests/bin/Debug/net8.0/FluentUIScaffold.Playwright.Tests.dll" adapterTypeName="executor://nunit3testexecutor/" className="FluentUIScaffold.Playwright.Tests.PlaywrightExceptionsTests" name="PlaywrightTimeoutException_WithMessageAndSelector_ShouldSetProperties" />
    </UnitTest>
    <UnitTest name="Constructor_WithNullOptions_ShouldThrowArgumentNullException" storage="/workspace/tests/fluentuiscaffold.playwright.tests/bin/debug/net8.0/fluentuiscaffold.playwright.tests.dll" id="ded617c3-d704-a2dc-89a2-9e07115fa2fd">
      <Execution id="18052c94-7c3b-430c-b18e-a7e97a45e5bc" />
      <TestMethod codeBase="/workspace/tests/FluentUIScaffold.Playwright.Tests/bin/Debug/net8.0/FluentUIScaffold.Playwright.Tests.dll" adapterTypeName="executor://nunit3testexecutor/" className="FluentUIScaffold.Playwright.Tests.PlaywrightWaitStrategyTests" name="Constructor_WithNullOptions_ShouldThrowArgumentNullException" />
    </UnitTest>
    <UnitTest name="CreateDriver_WithValidOptions_ReturnsDriver" storage="/workspace/tests/fluentuiscaffold.playwright.tests/bin/debug/net8.0/fluentuiscaffold.playwright.tests.dll" id="ce9a076c-9acd-572b-8425-afddb1c89e02">
      <Execution id="6945083e-982f-43fb-a821-e8f68f402ca9" />
      <TestMethod codeBase="/workspace/tests/FluentUIScaffold.Playwright.Tests/bin/Debug/net8.0/FluentUIScaffold.Playwright.Tests.dll" adapterTypeName="executor://nunit3testexecutor/" className="FluentUIScaffold.Playwright.Tests.PlaywrightPluginTests" name="CreateDriver_WithValidOptions_ReturnsDriver" />
    </UnitTest>
    <UnitTest name="Constructor_WithValidOptions_CreatesInstance" storage="/workspace/tests/fluentuiscaffold.playwright.tests/bin/debug/net8.0/fluentuiscaffold.playwright.tests.dll" id="7bcdd09f-6609-1f20-233b-7512e4e6f7c1">
      <Execution id="05aa84b0-571f-49c4-81b3-05af5b03e076" />
      <TestMethod codeBase="/workspace/tests/FluentUIScaffold.Playwright.Tests/bin/Debug/net8.0/FluentUIScaffold.Playwright.Tests.dll" adapterTypeName="executor://nunit3testexecutor/" className="FluentUIScaffold.Playwright.Tests.PlaywrightPluginTests" name="Constructor_WithValidOptions_CreatesInstance" />
    </UnitTest>
    <UnitTest name="WaitForElementToBeVisible_WithEmptySelector_ShouldThrowArgumentException" storage="/workspace/tests/fluentuiscaffold.playwright.tests/bin/debug/net8.0/fluentuiscaffold.playwright.tests.dll" id="6d764fe3-fd38-7c7c-3992-4f2ce7db3d78">
      <Execution id="d5f54732-b1a1-447e-bf85-8d72b502f5ae" />
      <TestMethod codeBase="/workspace/tests/FluentUIScaffold.Playwright.Tests/bin/Debug/net8.0/FluentUIScaffold.Playwright.Tests.dll" adapterTypeName="executor://nunit3testexecutor/" className="FluentUIScaffold.Playwright.Tests.PlaywrightDriverTests" name="WaitForElementToBeVisible_WithEmptySelector_ShouldThrowArgumentException" />
    </UnitTest>
    <UnitTest name="PlaywrightElementNotVisibleException_ShouldInheritFromPlaywrightException" storage="/workspace/tests/fluentuiscaffold.playwright.tests/bin/debug/net8.0/fluentuiscaffold.playwright.tests.dll" id="25abdc2d-45ef-3e74-73db-d094b04fac31">
      <Execution id="f347752e-3b1e-4739-8b13-7120aeedbd14" />
      <TestMethod codeBase="/workspace/tests/FluentUIScaffold.Playwright.Tests/bin/Debug/net8.0/FluentUIScaffold.Playwright.Tests.dll" adapterTypeName="executor://nunit3testexecutor/" className="FluentUIScaffold.Playwright.Tests.PlaywrightExceptionsTests" name="PlaywrightElementNotVisibleException_ShouldInheritFromPlaywrightException" />
    </UnitTest>
    <UnitTest name="Constructor_WithValidParameters_ShouldCreateStrategy" storage="/workspace/tests/fluentuiscaffold.playwright.tests/bin/debug/net8.0/fluentuiscaffold.playwright.tests.dll" id="f7945da7-05fc-93b2-6c8b-30796e4537e2">
      <Execution id="886e39f5-8e0f-462e-b6c9-1183129d97b5" />
      <TestMethod codeBase="/workspace/tests/FluentUIScaffold.Playwright.Tests/bin/Debug/net8.0/FluentUIScaffold.Playwright.Tests.dll" adapterTypeName="executor://nunit3testexecutor/" className="FluentUIScaffold.Playwright.Tests.PlaywrightWaitStrategyTests" name="Constructor_WithValidParameters_ShouldCreateStrategy" />
    </UnitTest>
    <UnitTest name="WaitForNetworkRequestInitiatedAsync_WithEmptyUrlPattern_ShouldThrowArgumentException" storage="/workspace/tests/fluentuiscaffold.playwright.tests/bin/debug/net8.0/fluentuiscaffold.playwright.tests.dll" id="ff27c3ee-967a-d5b0-28a4-0b2f2d102b00">
      <Execution id="0a42e415-a304-4b69-97dd-e81716d5ea00" />
      <TestMethod codeBase="/workspace/tests/FluentUIScaffold.Playwright.Tests/bin/Debug/net8.0/FluentUIScaffold.Playwright.Tests.dll" adapterTypeName="executor://nunit3testexecutor/" className="FluentUIScaffold.Playwright.Tests.PlaywrightAdvancedFeaturesTests" name="WaitForNetworkRequestInitiatedAsync_WithEmptyUrlPattern_ShouldThrowArgumentException" />
    </UnitTest>
    <UnitTest name="GetText_WithNullSelector_ShouldThrowArgumentException" storage="/workspace/tests/fluentuiscaffold.playwright.tests/bin/debug/net8.0/fluentuiscaffold.playwright.tests.dll" id="3b14417e-ad23-ef34-465a-8ff764684d0a">
      <Execution id="9c65d4e5-5df6-44fb-8e9f-07758a252dd0" />
      <TestMethod codeBase="/workspace/tests/FluentUIScaffold.Playwright.Tests/bin/Debug/net8.0/FluentUIScaffold.Playwright.Tests.dll" adapterTypeName="executor://nunit3testexecutor/" className="FluentUIScaffold.Playwright.Tests.PlaywrightDriverTests" name="GetText_WithNullSelector_ShouldThrowArgumentException" />
    </UnitTest>
    <UnitTest name="PlaywrightElementNotEnabledException_WithSelector_ShouldSetMessageAndSelector" storage="/workspace/tests/fluentuiscaffold.playwright.tests/bin/debug/net8.0/fluentuiscaffold.playwright.tests.dll" id="4d512506-d61d-6e99-e5c8-886efba56d40">
      <Execution id="e3a72c08-f5ac-4a8d-be2d-20d269483b00" />
      <TestMethod codeBase="/workspace/tests/FluentUIScaffold.Playwright.Tests/bin/Debug/net8.0/FluentUIScaffold.Playwright.Tests.dll" adapterTypeName="executor://nunit3testexecutor/" className="FluentUIScaffold.Playwright.Tests.PlaywrightExceptionsTests" name="PlaywrightElementNotEnabledException_WithSelector_ShouldSetMessageAndSelector" />
    </UnitTest>
    <UnitTest name="PlaywrightElementNotVisibleException_WithSelector_ShouldSetMessageAndSelector" storage="/workspace/tests/fluentuiscaffold.playwright.tests/bin/debug/net8.0/fluentuiscaffold.playwright.tests.dll" id="bf3e385b-dfdb-8f76-ab68-66223f8891f9">
      <Execution id="e4cdb61f-dedd-4151-bca2-03ffc33bb942" />
      <TestMethod codeBase="/workspace/tests/FluentUIScaffold.Playwright.Tests/bin/Debug/net8.0/FluentUIScaffold.Playwright.Tests.dll" adapterTypeName="executor://nunit3testexecutor/" className="FluentUIScaffold.Playwright.Tests.PlaywrightExceptionsTests" name="PlaywrightElementNotVisibleException_WithSelector_ShouldSetMessageAndSelector" />
    </UnitTest>
    <UnitTest name="PlaywrightBrowserStartupException_ShouldInheritFromPlaywrightException" storage="/workspace/tests/fluentuiscaffold.playwright.tests/bin/debug/net8.0/fluentuiscaffold.playwright.tests.dll" id="a9901a4f-2a1e-0b93-d3e6-730637b0b658">
      <Execution id="efbb8c70-5936-404e-83f9-6ae7b71c1641" />
      <TestMethod codeBase="/workspace/tests/FluentUIScaffold.Playwright.Tests/bin/Debug/net8.0/FluentUIScaffold.Playwright.Tests.dll" adapterTypeName="executor://nunit3testexecutor/" className="FluentUIScaffold.Playwright.Tests.PlaywrightExceptionsTests" name="PlaywrightBrowserStartupException_ShouldInheritFromPlaywrightException" />
    </UnitTest>
    <UnitTest name="WaitForElement_WithVisibleStrategy_ShouldNotThrowException" storage="/workspace/tests/fluentuiscaffold.playwright.tests/bin/debug/net8.0/fluentuiscaffold.playwright.tests.dll" id="0bc0dd3d-4205-ff81-c8aa-57581549ca33">
      <Execution id="fbacfe98-550a-4d00-848d-83a77c8938d0" />
      <TestMethod codeBase="/workspace/tests/FluentUIScaffold.Playwright.Tests/bin/Debug/net8.0/FluentUIScaffold.Playwright.Tests.dll" adapterTypeName="executor://nunit3testexecutor/" className="FluentUIScaffold.Playwright.Tests.PlaywrightWaitStrategyTests" name="WaitForElement_WithVisibleStrategy_ShouldNotThrowException" />
    </UnitTest>
    <UnitTest name="TakeScreenshotAsync_WithValidParameters_ShouldReturnByteArray" storage="/workspace/tests/fluentuiscaffold.playwright.tests/bin/debug/net8.0/fluentuiscaffold.playwright.tests.dll" id="2a52eb47-2f2b-89a4-1aaf-1041ed903d63">
      <Execution id="f41a1dbe-d7fa-4e43-b1ac-e65ae94765b2" />
      <TestMethod codeBase="/workspace/tests/FluentUIScaffold.Playwright.Tests/bin/Debug/net8.0/FluentUIScaffold.Playwright.Tests.dll" adapterTypeName="executor://nunit3testexecutor/" className="FluentUIScaffold.Playwright.Tests.PlaywrightAdvancedFeaturesTests" name="TakeScreenshotAsync_WithValidParameters_ShouldReturnByteArray" />
    </UnitTest>
    <UnitTest name="Constructor_WithNullPage_ShouldThrowArgumentNullException" storage="/workspace/tests/fluentuiscaffold.playwright.tests/bin/debug/net8.0/fluentuiscaffold.playwright.tests.dll" id="f62e70a1-30d9-b0fc-8eea-390e512b56f9">
      <Execution id="58a89edb-11f1-4ab8-a438-ece9d53d4642" />
      <TestMethod codeBase="/workspace/tests/FluentUIScaffold.Playwright.Tests/bin/Debug/net8.0/FluentUIScaffold.Playwright.Tests.dll" adapterTypeName="executor://nunit3testexecutor/" className="FluentUIScaffold.Playwright.Tests.PlaywrightWaitStrategyTests" name="Constructor_WithNullPage_ShouldThrowArgumentNullException" />
    </UnitTest>
    <UnitTest name="PlaywrightTimeoutException_ShouldInheritFromPlaywrightException" storage="/workspace/tests/fluentuiscaffold.playwright.tests/bin/debug/net8.0/fluentuiscaffold.playwright.tests.dll" id="8a988672-c520-f531-e937-e9bc3434963b">
      <Execution id="dfee3a24-c96e-4168-a233-6e482a1da20d" />
      <TestMethod codeBase="/workspace/tests/FluentUIScaffold.Playwright.Tests/bin/Debug/net8.0/FluentUIScaffold.Playwright.Tests.dll" adapterTypeName="executor://nunit3testexecutor/" className="FluentUIScaffold.Playwright.Tests.PlaywrightExceptionsTests" name="PlaywrightTimeoutException_ShouldInheritFromPlaywrightException" />
    </UnitTest>
    <UnitTest name="InterceptNetworkRequests_WithEmptyUrlPattern_ShouldThrowArgumentException" storage="/workspace/tests/fluentuiscaffold.playwright.tests/bin/debug/net8.0/fluentuiscaffold.playwright.tests.dll" id="d8f4bef2-a3b9-084c-3bb4-021b9fe3d72e">
      <Execution id="6cc85365-b386-45f3-b988-f5b02ac08e90" />
      <TestMethod codeBase="/workspace/tests/FluentUIScaffold.Playwright.Tests/bin/Debug/net8.0/FluentUIScaffold.Playwright.Tests.dll" adapterTypeName="executor://nunit3testexecutor/" className="FluentUIScaffold.Playwright.Tests.PlaywrightAdvancedFeaturesTests" name="InterceptNetworkRequests_WithEmptyUrlPattern_ShouldThrowArgumentException" />
    </UnitTest>
    <UnitTest name="NavigateToUrl_WithNullUrl_ShouldThrowArgumentNullException" storage="/workspace/tests/fluentuiscaffold.playwright.tests/bin/debug/net8.0/fluentuiscaffold.playwright.tests.dll" id="df4d6327-e7bc-643e-5619-c31e31143540">
      <Execution id="63eb1fd0-97bb-40e9-a6bd-5828d2f871ae" />
      <TestMethod codeBase="/workspace/tests/FluentUIScaffold.Playwright.Tests/bin/Debug/net8.0/FluentUIScaffold.Playwright.Tests.dll" adapterTypeName="executor://nunit3testexecutor/" className="FluentUIScaffold.Playwright.Tests.PlaywrightDriverTests" name="NavigateToUrl_WithNullUrl_ShouldThrowArgumentNullException" />
    </UnitTest>
    <UnitTest name="EmulateMobileDeviceAsync_WithEmptyDeviceName_ShouldThrowArgumentException" storage="/workspace/tests/fluentuiscaffold.playwright.tests/bin/debug/net8.0/fluentuiscaffold.playwright.tests.dll" id="8b412a83-eed0-b405-9d7e-9460966d666b">
      <Execution id="99238738-6a49-413c-bf43-0485b515e139" />
      <TestMethod codeBase="/workspace/tests/FluentUIScaffold.Playwright.Tests/bin/Debug/net8.0/FluentUIScaffold.Playwright.Tests.dll" adapterTypeName="executor://nunit3testexecutor/" className="FluentUIScaffold.Playwright.Tests.PlaywrightAdvancedFeaturesTests" name="EmulateMobileDeviceAsync_WithEmptyDeviceName_ShouldThrowArgumentException" />
    </UnitTest>
    <UnitTest name="CanHandle_WithOtherDriverType_ReturnsFalse" storage="/workspace/tests/fluentuiscaffold.playwright.tests/bin/debug/net8.0/fluentuiscaffold.playwright.tests.dll" id="4877fee6-7639-5a08-f7d7-8315d464aac4">
      <Execution id="f1949b68-6989-4cf8-9b56-8fe45c226e1e" />
      <TestMethod codeBase="/workspace/tests/FluentUIScaffold.Playwright.Tests/bin/Debug/net8.0/FluentUIScaffold.Playwright.Tests.dll" adapterTypeName="executor://nunit3testexecutor/" className="FluentUIScaffold.Playwright.Tests.PlaywrightPluginTests" name="CanHandle_WithOtherDriverType_ReturnsFalse" />
    </UnitTest>
    <UnitTest name="PlaywrightBrowserStartupException_WithMessageAndBrowserType_ShouldSetProperties" storage="/workspace/tests/fluentuiscaffold.playwright.tests/bin/debug/net8.0/fluentuiscaffold.playwright.tests.dll" id="e2038e8d-a0ec-f93d-73e6-4ef1063fd72c">
      <Execution id="2d8bdd33-30b1-411d-8a71-b74d0480d020" />
      <TestMethod codeBase="/workspace/tests/FluentUIScaffold.Playwright.Tests/bin/Debug/net8.0/FluentUIScaffold.Playwright.Tests.dll" adapterTypeName="executor://nunit3testexecutor/" className="FluentUIScaffold.Playwright.Tests.PlaywrightExceptionsTests" name="PlaywrightBrowserStartupException_WithMessageAndBrowserType_ShouldSetProperties" />
    </UnitTest>
    <UnitTest name="WaitForElementText_WithEmptySelector_ShouldThrowArgumentException" storage="/workspace/tests/fluentuiscaffold.playwright.tests/bin/debug/net8.0/fluentuiscaffold.playwright.tests.dll" id="944f38ad-08f1-a287-da8c-959767d157ca">
      <Execution id="f6f9ff5d-ec41-4d8f-b3fb-038474c8dcba" />
      <TestMethod codeBase="/workspace/tests/FluentUIScaffold.Playwright.Tests/bin/Debug/net8.0/FluentUIScaffold.Playwright.Tests.dll" adapterTypeName="executor://nunit3testexecutor/" className="FluentUIScaffold.Playwright.Tests.PlaywrightWaitStrategyTests" name="WaitForElementText_WithEmptySelector_ShouldThrowArgumentException" />
    </UnitTest>
    <UnitTest name="SelectOption_WithNullSelector_ShouldThrowArgumentException" storage="/workspace/tests/fluentuiscaffold.playwright.tests/bin/debug/net8.0/fluentuiscaffold.playwright.tests.dll" id="a17eff27-7a9d-3fe1-a994-0b42d6f3dc3a">
      <Execution id="5f1b59c8-b5bd-4967-a37b-e3875ffc7a20" />
      <TestMethod codeBase="/workspace/tests/FluentUIScaffold.Playwright.Tests/bin/Debug/net8.0/FluentUIScaffold.Playwright.Tests.dll" adapterTypeName="executor://nunit3testexecutor/" className="FluentUIScaffold.Playwright.Tests.PlaywrightDriverTests" name="SelectOption_WithNullSelector_ShouldThrowArgumentException" />
    </UnitTest>
    <UnitTest name="Constructor_WithValidOptions_CreatesInstance" storage="/workspace/tests/fluentuiscaffold.playwright.tests/bin/debug/net8.0/fluentuiscaffold.playwright.tests.dll" id="9d8e977a-2daa-bc0b-9397-cfa6dd67da2e">
      <Execution id="4a632db2-d2f9-4794-84bf-22d955d5b147" />
      <TestMethod codeBase="/workspace/tests/FluentUIScaffold.Playwright.Tests/bin/Debug/net8.0/FluentUIScaffold.Playwright.Tests.dll" adapterTypeName="executor://nunit3testexecutor/" className="FluentUIScaffold.Playwright.Tests.PlaywrightDriverTests" name="Constructor_WithValidOptions_CreatesInstance" />
    </UnitTest>
    <UnitTest name="Constructor_WithNullOptions_ThrowsException" storage="/workspace/tests/fluentuiscaffold.playwright.tests/bin/debug/net8.0/fluentuiscaffold.playwright.tests.dll" id="76ff7f4d-9c8c-06e9-6eaf-d088e0e04505">
      <Execution id="c4df309f-7206-49c9-ad3a-da1b656c7eee" />
      <TestMethod codeBase="/workspace/tests/FluentUIScaffold.Playwright.Tests/bin/Debug/net8.0/FluentUIScaffold.Playwright.Tests.dll" adapterTypeName="executor://nunit3testexecutor/" className="FluentUIScaffold.Playwright.Tests.PlaywrightDriverTests" name="Constructor_WithNullOptions_ThrowsException" />
    </UnitTest>
    <UnitTest name="SetPermissionsAsync_WithValidPermissions_ShouldNotThrowException" storage="/workspace/tests/fluentuiscaffold.playwright.tests/bin/debug/net8.0/fluentuiscaffold.playwright.tests.dll" id="29b927ce-f540-26d4-d1f1-a1b0b62c4d93">
      <Execution id="205f4874-8c76-4bed-a696-3195e13b9844" />
      <TestMethod codeBase="/workspace/tests/FluentUIScaffold.Playwright.Tests/bin/Debug/net8.0/FluentUIScaffold.Playwright.Tests.dll" adapterTypeName="executor://nunit3testexecutor/" className="FluentUIScaffold.Playwright.Tests.PlaywrightAdvancedFeaturesTests" name="SetPermissionsAsync_WithValidPermissions_ShouldNotThrowException" />
    </UnitTest>
    <UnitTest name="WaitForNetworkRequestAsync_WithEmptyUrlPattern_ShouldThrowArgumentException" storage="/workspace/tests/fluentuiscaffold.playwright.tests/bin/debug/net8.0/fluentuiscaffold.playwright.tests.dll" id="7def36c3-84cc-de65-8474-fb3817dac248">
      <Execution id="a22db468-3c21-4190-84ea-62745d19f3df" />
      <TestMethod codeBase="/workspace/tests/FluentUIScaffold.Playwright.Tests/bin/Debug/net8.0/FluentUIScaffold.Playwright.Tests.dll" adapterTypeName="executor://nunit3testexecutor/" className="FluentUIScaffold.Playwright.Tests.PlaywrightAdvancedFeaturesTests" name="WaitForNetworkRequestAsync_WithEmptyUrlPattern_ShouldThrowArgumentException" />
    </UnitTest>
    <UnitTest name="Click_WithEmptySelector_ShouldThrowArgumentException" storage="/workspace/tests/fluentuiscaffold.playwright.tests/bin/debug/net8.0/fluentuiscaffold.playwright.tests.dll" id="b5825f7a-1718-d5b8-d745-4d4cf3df9a9b">
      <Execution id="03943a4f-3de3-4436-bbd7-087954aa8c60" />
      <TestMethod codeBase="/workspace/tests/FluentUIScaffold.Playwright.Tests/bin/Debug/net8.0/FluentUIScaffold.Playwright.Tests.dll" adapterTypeName="executor://nunit3testexecutor/" className="FluentUIScaffold.Playwright.Tests.PlaywrightDriverTests" name="Click_WithEmptySelector_ShouldThrowArgumentException" />
    </UnitTest>
    <UnitTest name="PlaywrightException_ShouldInheritFromFluentUIScaffoldException" storage="/workspace/tests/fluentuiscaffold.playwright.tests/bin/debug/net8.0/fluentuiscaffold.playwright.tests.dll" id="b08e593a-105a-8f9a-8a16-fc40973c941d">
      <Execution id="3e94ec32-d78e-4788-b451-22224244d4c6" />
      <TestMethod codeBase="/workspace/tests/FluentUIScaffold.Playwright.Tests/bin/Debug/net8.0/FluentUIScaffold.Playwright.Tests.dll" adapterTypeName="executor://nunit3testexecutor/" className="FluentUIScaffold.Playwright.Tests.PlaywrightExceptionsTests" name="PlaywrightException_ShouldInheritFromFluentUIScaffoldException" />
    </UnitTest>
    <UnitTest name="StartVideoRecordingAsync_WithNullPath_ShouldThrowArgumentException" storage="/workspace/tests/fluentuiscaffold.playwright.tests/bin/debug/net8.0/fluentuiscaffold.playwright.tests.dll" id="3ffb125b-102b-bde1-b8fc-5af3a8320f3e">
      <Execution id="68cd1e80-c918-4890-9bc8-38bae86bb1de" />
      <TestMethod codeBase="/workspace/tests/FluentUIScaffold.Playwright.Tests/bin/Debug/net8.0/FluentUIScaffold.Playwright.Tests.dll" adapterTypeName="executor://nunit3testexecutor/" className="FluentUIScaffold.Playwright.Tests.PlaywrightAdvancedFeaturesTests" name="StartVideoRecordingAsync_WithNullPath_ShouldThrowArgumentException" />
    </UnitTest>
    <UnitTest name="Type_WithEmptySelector_ShouldThrowArgumentException" storage="/workspace/tests/fluentuiscaffold.playwright.tests/bin/debug/net8.0/fluentuiscaffold.playwright.tests.dll" id="c664cdab-350c-1fb1-39db-9c396900386f">
      <Execution id="a9e53872-ab96-4d23-8489-727560124343" />
      <TestMethod codeBase="/workspace/tests/FluentUIScaffold.Playwright.Tests/bin/Debug/net8.0/FluentUIScaffold.Playwright.Tests.dll" adapterTypeName="executor://nunit3testexecutor/" className="FluentUIScaffold.Playwright.Tests.PlaywrightDriverTests" name="Type_WithEmptySelector_ShouldThrowArgumentException" />
    </UnitTest>
    <UnitTest name="PlaywrightElementNotFoundException_WithSelectorAndInnerException_ShouldSetProperties" storage="/workspace/tests/fluentuiscaffold.playwright.tests/bin/debug/net8.0/fluentuiscaffold.playwright.tests.dll" id="91fc287d-2917-073f-d019-a49cedb4c089">
      <Execution id="45849f80-7777-4011-bfaa-d32115111bad" />
      <TestMethod codeBase="/workspace/tests/FluentUIScaffold.Playwright.Tests/bin/Debug/net8.0/FluentUIScaffold.Playwright.Tests.dll" adapterTypeName="executor://nunit3testexecutor/" className="FluentUIScaffold.Playwright.Tests.PlaywrightExceptionsTests" name="PlaywrightElementNotFoundException_WithSelectorAndInnerException_ShouldSetProperties" />
    </UnitTest>
    <UnitTest name="Constructor_WithNullPage_ShouldThrowArgumentNullException" storage="/workspace/tests/fluentuiscaffold.playwright.tests/bin/debug/net8.0/fluentuiscaffold.playwright.tests.dll" id="3498048a-05a3-5fab-e906-09acaee53433">
      <Execution id="7c39311a-9fbc-43ae-9311-03e0bf1ba11e" />
      <TestMethod codeBase="/workspace/tests/FluentUIScaffold.Playwright.Tests/bin/Debug/net8.0/FluentUIScaffold.Playwright.Tests.dll" adapterTypeName="executor://nunit3testexecutor/" className="FluentUIScaffold.Playwright.Tests.PlaywrightAdvancedFeaturesTests" name="Constructor_WithNullPage_ShouldThrowArgumentNullException" />
    </UnitTest>
    <UnitTest name="TakeElementScreenshotAsync_WithNullSelector_ShouldThrowArgumentException" storage="/workspace/tests/fluentuiscaffold.playwright.tests/bin/debug/net8.0/fluentuiscaffold.playwright.tests.dll" id="5637c2bc-4ff0-830b-afbc-8160de8eaeff">
      <Execution id="cb2e5b06-f788-42cb-8cc2-4623ea311554" />
      <TestMethod codeBase="/workspace/tests/FluentUIScaffold.Playwright.Tests/bin/Debug/net8.0/FluentUIScaffold.Playwright.Tests.dll" adapterTypeName="executor://nunit3testexecutor/" className="FluentUIScaffold.Playwright.Tests.PlaywrightAdvancedFeaturesTests" name="TakeElementScreenshotAsync_WithNullSelector_ShouldThrowArgumentException" />
    </UnitTest>
    <UnitTest name="WaitForElementToBeHidden_WithNullSelector_ShouldThrowArgumentException" storage="/workspace/tests/fluentuiscaffold.playwright.tests/bin/debug/net8.0/fluentuiscaffold.playwright.tests.dll" id="13205d21-5396-0d73-194f-16064907002f">
      <Execution id="38400e9c-8658-4054-8d7e-cf5d575999a0" />
      <TestMethod codeBase="/workspace/tests/FluentUIScaffold.Playwright.Tests/bin/Debug/net8.0/FluentUIScaffold.Playwright.Tests.dll" adapterTypeName="executor://nunit3testexecutor/" className="FluentUIScaffold.Playwright.Tests.PlaywrightDriverTests" name="WaitForElementToBeHidden_WithNullSelector_ShouldThrowArgumentException" />
    </UnitTest>
    <UnitTest name="WaitForElement_WithNoneStrategy_ShouldNotThrowException" storage="/workspace/tests/fluentuiscaffold.playwright.tests/bin/debug/net8.0/fluentuiscaffold.playwright.tests.dll" id="1c19d2b9-0d7d-1341-0e1e-577e56b55133">
      <Execution id="c56eaf74-83bc-47c1-ac09-98000dbf406f" />
      <TestMethod codeBase="/workspace/tests/FluentUIScaffold.Playwright.Tests/bin/Debug/net8.0/FluentUIScaffold.Playwright.Tests.dll" adapterTypeName="executor://nunit3testexecutor/" className="FluentUIScaffold.Playwright.Tests.PlaywrightWaitStrategyTests" name="WaitForElement_WithNoneStrategy_ShouldNotThrowException" />
    </UnitTest>
    <UnitTest name="SetPermissionsAsync_WithNullPermissions_ShouldThrowArgumentException" storage="/workspace/tests/fluentuiscaffold.playwright.tests/bin/debug/net8.0/fluentuiscaffold.playwright.tests.dll" id="d8a94e68-473e-230d-959c-c6cb87f94d0d">
      <Execution id="7a723327-8f3b-4d1c-ad2c-2b9d6b74d7d7" />
      <TestMethod codeBase="/workspace/tests/FluentUIScaffold.Playwright.Tests/bin/Debug/net8.0/FluentUIScaffold.Playwright.Tests.dll" adapterTypeName="executor://nunit3testexecutor/" className="FluentUIScaffold.Playwright.Tests.PlaywrightAdvancedFeaturesTests" name="SetPermissionsAsync_WithNullPermissions_ShouldThrowArgumentException" />
    </UnitTest>
    <UnitTest name="GetText_WithEmptySelector_ShouldThrowArgumentException" storage="/workspace/tests/fluentuiscaffold.playwright.tests/bin/debug/net8.0/fluentuiscaffold.playwright.tests.dll" id="4ea4703d-971f-8d0f-9080-579d4df73c0e">
      <Execution id="d297e50f-dec6-41ee-a759-bf9a9312b493" />
      <TestMethod codeBase="/workspace/tests/FluentUIScaffold.Playwright.Tests/bin/Debug/net8.0/FluentUIScaffold.Playwright.Tests.dll" adapterTypeName="executor://nunit3testexecutor/" className="FluentUIScaffold.Playwright.Tests.PlaywrightDriverTests" name="GetText_WithEmptySelector_ShouldThrowArgumentException" />
    </UnitTest>
    <UnitTest name="SelectOption_WithEmptySelector_ShouldThrowArgumentException" storage="/workspace/tests/fluentuiscaffold.playwright.tests/bin/debug/net8.0/fluentuiscaffold.playwright.tests.dll" id="11bf123b-4b49-9aad-cb04-3660819fe124">
      <Execution id="f058385e-1b10-4203-ad20-72147549f838" />
      <TestMethod codeBase="/workspace/tests/FluentUIScaffold.Playwright.Tests/bin/Debug/net8.0/FluentUIScaffold.Playwright.Tests.dll" adapterTypeName="executor://nunit3testexecutor/" className="FluentUIScaffold.Playwright.Tests.PlaywrightDriverTests" name="SelectOption_WithEmptySelector_ShouldThrowArgumentException" />
    </UnitTest>
    <UnitTest name="WaitForElement_WithDisabledStrategy_ShouldNotThrowException" storage="/workspace/tests/fluentuiscaffold.playwright.tests/bin/debug/net8.0/fluentuiscaffold.playwright.tests.dll" id="3c8cad92-46ed-0873-a4a3-5d20f77cde53">
      <Execution id="950572fd-dcc8-4737-ac31-ca6c3db52396" />
      <TestMethod codeBase="/workspace/tests/FluentUIScaffold.Playwright.Tests/bin/Debug/net8.0/FluentUIScaffold.Playwright.Tests.dll" adapterTypeName="executor://nunit3testexecutor/" className="FluentUIScaffold.Playwright.Tests.PlaywrightWaitStrategyTests" name="WaitForElement_WithDisabledStrategy_ShouldNotThrowException" />
    </UnitTest>
    <UnitTest name="PlaywrightElementNotEnabledException_WithSelectorAndInnerException_ShouldSetProperties" storage="/workspace/tests/fluentuiscaffold.playwright.tests/bin/debug/net8.0/fluentuiscaffold.playwright.tests.dll" id="3ad03a22-2777-d2d4-5f83-9fd05f5245af">
      <Execution id="5b8cebc1-bc03-4a3b-9439-34635f522f7e" />
      <TestMethod codeBase="/workspace/tests/FluentUIScaffold.Playwright.Tests/bin/Debug/net8.0/FluentUIScaffold.Playwright.Tests.dll" adapterTypeName="executor://nunit3testexecutor/" className="FluentUIScaffold.Playwright.Tests.PlaywrightExceptionsTests" name="PlaywrightElementNotEnabledException_WithSelectorAndInnerException_ShouldSetProperties" />
    </UnitTest>
    <UnitTest name="GetFrameworkDriver_WithIPageType_ShouldReturnPage" storage="/workspace/tests/fluentuiscaffold.playwright.tests/bin/debug/net8.0/fluentuiscaffold.playwright.tests.dll" id="77b8f1d6-b8c9-e577-da61-e76abc5e190a">
      <Execution id="71d7990d-212f-4388-87f1-211103ae33dc" />
      <TestMethod codeBase="/workspace/tests/FluentUIScaffold.Playwright.Tests/bin/Debug/net8.0/FluentUIScaffold.Playwright.Tests.dll" adapterTypeName="executor://nunit3testexecutor/" className="FluentUIScaffold.Playwright.Tests.PlaywrightDriverTests" name="GetFrameworkDriver_WithIPageType_ShouldReturnPage" />
    </UnitTest>
    <UnitTest name="IsEnabled_WithNullSelector_ShouldThrowArgumentException" storage="/workspace/tests/fluentuiscaffold.playwright.tests/bin/debug/net8.0/fluentuiscaffold.playwright.tests.dll" id="ceb91d2d-ad4f-bb50-563d-695574499def">
      <Execution id="fa1a4f2e-e9a8-46aa-a649-a770207cb1b6" />
      <TestMethod codeBase="/workspace/tests/FluentUIScaffold.Playwright.Tests/bin/Debug/net8.0/FluentUIScaffold.Playwright.Tests.dll" adapterTypeName="executor://nunit3testexecutor/" className="FluentUIScaffold.Playwright.Tests.PlaywrightDriverTests" name="IsEnabled_WithNullSelector_ShouldThrowArgumentException" />
    </UnitTest>
    <UnitTest name="TakeElementScreenshotAsync_WithEmptySelector_ShouldThrowArgumentException" storage="/workspace/tests/fluentuiscaffold.playwright.tests/bin/debug/net8.0/fluentuiscaffold.playwright.tests.dll" id="a0b42499-9aa5-d679-1ef3-7d05e5974b9e">
      <Execution id="81ebc9d6-a764-4043-a532-75705d74b80f" />
      <TestMethod codeBase="/workspace/tests/FluentUIScaffold.Playwright.Tests/bin/Debug/net8.0/FluentUIScaffold.Playwright.Tests.dll" adapterTypeName="executor://nunit3testexecutor/" className="FluentUIScaffold.Playwright.Tests.PlaywrightAdvancedFeaturesTests" name="TakeElementScreenshotAsync_WithEmptySelector_ShouldThrowArgumentException" />
    </UnitTest>
    <UnitTest name="SetPermissionsAsync_WithEmptyPermissions_ShouldThrowArgumentException" storage="/workspace/tests/fluentuiscaffold.playwright.tests/bin/debug/net8.0/fluentuiscaffold.playwright.tests.dll" id="f44ad0a1-0847-0f54-bff5-381243908744">
      <Execution id="3e5b4f0d-2776-4a4c-9446-b8b8f86d317e" />
      <TestMethod codeBase="/workspace/tests/FluentUIScaffold.Playwright.Tests/bin/Debug/net8.0/FluentUIScaffold.Playwright.Tests.dll" adapterTypeName="executor://nunit3testexecutor/" className="FluentUIScaffold.Playwright.Tests.PlaywrightAdvancedFeaturesTests" name="SetPermissionsAsync_WithEmptyPermissions_ShouldThrowArgumentException" />
    </UnitTest>
    <UnitTest name="PlaywrightElementNotVisibleException_WithSelectorAndInnerException_ShouldSetProperties" storage="/workspace/tests/fluentuiscaffold.playwright.tests/bin/debug/net8.0/fluentuiscaffold.playwright.tests.dll" id="cdf95cc8-e652-0533-8bc6-85dc81d809bd">
      <Execution id="071768b4-f125-4950-8fc6-074964f4c1c9" />
      <TestMethod codeBase="/workspace/tests/FluentUIScaffold.Playwright.Tests/bin/Debug/net8.0/FluentUIScaffold.Playwright.Tests.dll" adapterTypeName="executor://nunit3testexecutor/" className="FluentUIScaffold.Playwright.Tests.PlaywrightExceptionsTests" name="PlaywrightElementNotVisibleException_WithSelectorAndInnerException_ShouldSetProperties" />
    </UnitTest>
    <UnitTest name="IsEnabled_WithEmptySelector_ShouldThrowArgumentException" storage="/workspace/tests/fluentuiscaffold.playwright.tests/bin/debug/net8.0/fluentuiscaffold.playwright.tests.dll" id="431f452d-c23f-9ca3-4bae-283bd4f22bb9">
      <Execution id="d2bd7d7a-e19d-4ab1-8bbe-4e2732e867dd" />
      <TestMethod codeBase="/workspace/tests/FluentUIScaffold.Playwright.Tests/bin/Debug/net8.0/FluentUIScaffold.Playwright.Tests.dll" adapterTypeName="executor://nunit3testexecutor/" className="FluentUIScaffold.Playwright.Tests.PlaywrightDriverTests" name="IsEnabled_WithEmptySelector_ShouldThrowArgumentException" />
    </UnitTest>
    <UnitTest name="IsVisible_WithEmptySelector_ShouldThrowArgumentException" storage="/workspace/tests/fluentuiscaffold.playwright.tests/bin/debug/net8.0/fluentuiscaffold.playwright.tests.dll" id="e8d74a76-a6dc-3af0-710e-e305cc9a27a7">
      <Execution id="055fe340-9001-4fcd-941b-943a9e7748fb" />
      <TestMethod codeBase="/workspace/tests/FluentUIScaffold.Playwright.Tests/bin/Debug/net8.0/FluentUIScaffold.Playwright.Tests.dll" adapterTypeName="executor://nunit3testexecutor/" className="FluentUIScaffold.Playwright.Tests.PlaywrightDriverTests" name="IsVisible_WithEmptySelector_ShouldThrowArgumentException" />
    </UnitTest>
    <UnitTest name="WaitForElementText_WithNullSelector_ShouldThrowArgumentException" storage="/workspace/tests/fluentuiscaffold.playwright.tests/bin/debug/net8.0/fluentuiscaffold.playwright.tests.dll" id="8213bc5b-42b0-75d7-a534-797053f7517b">
      <Execution id="ce619b93-6b1b-46fd-a029-58330654c2e5" />
      <TestMethod codeBase="/workspace/tests/FluentUIScaffold.Playwright.Tests/bin/Debug/net8.0/FluentUIScaffold.Playwright.Tests.dll" adapterTypeName="executor://nunit3testexecutor/" className="FluentUIScaffold.Playwright.Tests.PlaywrightWaitStrategyTests" name="WaitForElementText_WithNullSelector_ShouldThrowArgumentException" />
    </UnitTest>
    <UnitTest name="WaitForElement_WithNullSelector_ShouldThrowArgumentException" storage="/workspace/tests/fluentuiscaffold.playwright.tests/bin/debug/net8.0/fluentuiscaffold.playwright.tests.dll" id="4dbe9558-da89-b0af-04d4-50fba6f3e664">
      <Execution id="79e67b45-ae65-4c2b-bc11-9ec97db75ef9" />
      <TestMethod codeBase="/workspace/tests/FluentUIScaffold.Playwright.Tests/bin/Debug/net8.0/FluentUIScaffold.Playwright.Tests.dll" adapterTypeName="executor://nunit3testexecutor/" className="FluentUIScaffold.Playwright.Tests.PlaywrightDriverTests" name="WaitForElement_WithNullSelector_ShouldThrowArgumentException" />
    </UnitTest>
    <UnitTest name="GetFrameworkDriver_WithIPlaywrightType_ShouldReturnPlaywright" storage="/workspace/tests/fluentuiscaffold.playwright.tests/bin/debug/net8.0/fluentuiscaffold.playwright.tests.dll" id="8ad984d6-7085-8350-03f6-84c69fb96b0b">
      <Execution id="0a64912d-ba0e-4f8a-ab6f-bd5061bb7e5b" />
      <TestMethod codeBase="/workspace/tests/FluentUIScaffold.Playwright.Tests/bin/Debug/net8.0/FluentUIScaffold.Playwright.Tests.dll" adapterTypeName="executor://nunit3testexecutor/" className="FluentUIScaffold.Playwright.Tests.PlaywrightDriverTests" name="GetFrameworkDriver_WithIPlaywrightType_ShouldReturnPlaywright" />
    </UnitTest>
    <UnitTest name="PlaywrightElementNotFoundException_ShouldInheritFromPlaywrightException" storage="/workspace/tests/fluentuiscaffold.playwright.tests/bin/debug/net8.0/fluentuiscaffold.playwright.tests.dll" id="45134bbd-894d-df2d-e054-a81510231f3d">
      <Execution id="fdb3e870-aaed-4e4d-bf46-ad5c939881d6" />
      <TestMethod codeBase="/workspace/tests/FluentUIScaffold.Playwright.Tests/bin/Debug/net8.0/FluentUIScaffold.Playwright.Tests.dll" adapterTypeName="executor://nunit3testexecutor/" className="FluentUIScaffold.Playwright.Tests.PlaywrightExceptionsTests" name="PlaywrightElementNotFoundException_ShouldInheritFromPlaywrightException" />
    </UnitTest>
    <UnitTest name="TakeElementScreenshotAsync_WithValidSelector_ShouldReturnByteArray" storage="/workspace/tests/fluentuiscaffold.playwright.tests/bin/debug/net8.0/fluentuiscaffold.playwright.tests.dll" id="471c48b8-3934-9ff4-83c3-85e85475d277">
      <Execution id="8891200c-f70e-4d36-a404-d37829318994" />
      <TestMethod codeBase="/workspace/tests/FluentUIScaffold.Playwright.Tests/bin/Debug/net8.0/FluentUIScaffold.Playwright.Tests.dll" adapterTypeName="executor://nunit3testexecutor/" className="FluentUIScaffold.Playwright.Tests.PlaywrightAdvancedFeaturesTests" name="TakeElementScreenshotAsync_WithValidSelector_ShouldReturnByteArray" />
    </UnitTest>
    <UnitTest name="Constructor_WithLogger_ShouldCreateDriver" storage="/workspace/tests/fluentuiscaffold.playwright.tests/bin/debug/net8.0/fluentuiscaffold.playwright.tests.dll" id="3ff93f72-7ce5-5fab-8610-20cbfcaf06d2">
      <Execution id="b6e4767e-97b9-4392-b4a5-8d59b02cf567" />
      <TestMethod codeBase="/workspace/tests/FluentUIScaffold.Playwright.Tests/bin/Debug/net8.0/FluentUIScaffold.Playwright.Tests.dll" adapterTypeName="executor://nunit3testexecutor/" className="FluentUIScaffold.Playwright.Tests.PlaywrightDriverTests" name="Constructor_WithLogger_ShouldCreateDriver" />
    </UnitTest>
    <UnitTest name="PlaywrightElementNotEnabledException_ShouldInheritFromPlaywrightException" storage="/workspace/tests/fluentuiscaffold.playwright.tests/bin/debug/net8.0/fluentuiscaffold.playwright.tests.dll" id="4037d24c-70f3-df4c-51c5-e323f0c729ef">
      <Execution id="a01d1170-b090-46f1-8fc0-4c35d53ba2e3" />
      <TestMethod codeBase="/workspace/tests/FluentUIScaffold.Playwright.Tests/bin/Debug/net8.0/FluentUIScaffold.Playwright.Tests.dll" adapterTypeName="executor://nunit3testexecutor/" className="FluentUIScaffold.Playwright.Tests.PlaywrightExceptionsTests" name="PlaywrightElementNotEnabledException_ShouldInheritFromPlaywrightException" />
    </UnitTest>
    <UnitTest name="Dispose_ShouldBeCallableMultipleTimes" storage="/workspace/tests/fluentuiscaffold.playwright.tests/bin/debug/net8.0/fluentuiscaffold.playwright.tests.dll" id="b2ab8ddd-ea45-0e6e-e413-55319ef7b10b">
      <Execution id="ecf98709-4007-4210-83a9-6d1f751b1454" />
      <TestMethod codeBase="/workspace/tests/FluentUIScaffold.Playwright.Tests/bin/Debug/net8.0/FluentUIScaffold.Playwright.Tests.dll" adapterTypeName="executor://nunit3testexecutor/" className="FluentUIScaffold.Playwright.Tests.PlaywrightDriverTests" name="Dispose_ShouldBeCallableMultipleTimes" />
    </UnitTest>
    <UnitTest name="PlaywrightTimeoutException_WithDefaultTimeout_ShouldSetDefaultTimeout" storage="/workspace/tests/fluentuiscaffold.playwright.tests/bin/debug/net8.0/fluentuiscaffold.playwright.tests.dll" id="705b3a66-7abb-be15-4d76-eeeccbd1e039">
      <Execution id="78ccc8df-202a-45f6-9289-e92a1a813d0d" />
      <TestMethod codeBase="/workspace/tests/FluentUIScaffold.Playwright.Tests/bin/Debug/net8.0/FluentUIScaffold.Playwright.Tests.dll" adapterTypeName="executor://nunit3testexecutor/" className="FluentUIScaffold.Playwright.Tests.PlaywrightExceptionsTests" name="PlaywrightTimeoutException_WithDefaultTimeout_ShouldSetDefaultTimeout" />
    </UnitTest>
    <UnitTest name="PlaywrightBrowserStartupException_WithMessageBrowserTypeAndInnerException_ShouldSetProperties" storage="/workspace/tests/fluentuiscaffold.playwright.tests/bin/debug/net8.0/fluentuiscaffold.playwright.tests.dll" id="77166824-4ddf-283f-a4fc-781ad7e809a3">
      <Execution id="4c5f888e-d325-4625-b3fe-8666e1b57581" />
      <TestMethod codeBase="/workspace/tests/FluentUIScaffold.Playwright.Tests/bin/Debug/net8.0/FluentUIScaffold.Playwright.Tests.dll" adapterTypeName="executor://nunit3testexecutor/" className="FluentUIScaffold.Playwright.Tests.PlaywrightExceptionsTests" name="PlaywrightBrowserStartupException_WithMessageBrowserTypeAndInnerException_ShouldSetProperties" />
    </UnitTest>
    <UnitTest name="WaitForElement_WithHiddenStrategy_ShouldNotThrowException" storage="/workspace/tests/fluentuiscaffold.playwright.tests/bin/debug/net8.0/fluentuiscaffold.playwright.tests.dll" id="fa631617-c65d-b7c1-e160-e4d485baa491">
      <Execution id="519ba364-8b3b-45e5-88f4-723f5b0f1122" />
      <TestMethod codeBase="/workspace/tests/FluentUIScaffold.Playwright.Tests/bin/Debug/net8.0/FluentUIScaffold.Playwright.Tests.dll" adapterTypeName="executor://nunit3testexecutor/" className="FluentUIScaffold.Playwright.Tests.PlaywrightWaitStrategyTests" name="WaitForElement_WithHiddenStrategy_ShouldNotThrowException" />
    </UnitTest>
    <UnitTest name="PlaywrightNavigationException_ShouldInheritFromPlaywrightException" storage="/workspace/tests/fluentuiscaffold.playwright.tests/bin/debug/net8.0/fluentuiscaffold.playwright.tests.dll" id="42fb382d-1c8c-a4e5-48a8-bcf25cccc671">
      <Execution id="dd7512e6-99ed-434d-8618-1e585c3e8138" />
      <TestMethod codeBase="/workspace/tests/FluentUIScaffold.Playwright.Tests/bin/Debug/net8.0/FluentUIScaffold.Playwright.Tests.dll" adapterTypeName="executor://nunit3testexecutor/" className="FluentUIScaffold.Playwright.Tests.PlaywrightExceptionsTests" name="PlaywrightNavigationException_ShouldInheritFromPlaywrightException" />
    </UnitTest>
    <UnitTest name="PlaywrightException_WithMessageSelectorAndInnerException_ShouldSetProperties" storage="/workspace/tests/fluentuiscaffold.playwright.tests/bin/debug/net8.0/fluentuiscaffold.playwright.tests.dll" id="4f4ef7fd-36f7-ba05-36a3-7b3f66834768">
      <Execution id="4c1c6192-81ba-4ac1-8b11-04874b00d75c" />
      <TestMethod codeBase="/workspace/tests/FluentUIScaffold.Playwright.Tests/bin/Debug/net8.0/FluentUIScaffold.Playwright.Tests.dll" adapterTypeName="executor://nunit3testexecutor/" className="FluentUIScaffold.Playwright.Tests.PlaywrightExceptionsTests" name="PlaywrightException_WithMessageSelectorAndInnerException_ShouldSetProperties" />
    </UnitTest>
    <UnitTest name="Dispose_DisposesCorrectly" storage="/workspace/tests/fluentuiscaffold.playwright.tests/bin/debug/net8.0/fluentuiscaffold.playwright.tests.dll" id="27a6b503-6d8a-6bf4-22e7-91fa4a9610ae">
      <Execution id="269d491e-917b-4e77-9a80-41649ea72cf3" />
      <TestMethod codeBase="/workspace/tests/FluentUIScaffold.Playwright.Tests/bin/Debug/net8.0/FluentUIScaffold.Playwright.Tests.dll" adapterTypeName="executor://nunit3testexecutor/" className="FluentUIScaffold.Playwright.Tests.PlaywrightDriverTests" name="Dispose_DisposesCorrectly" />
    </UnitTest>
    <UnitTest name="InterceptNetworkRequests_WithNullUrlPattern_ShouldThrowArgumentException" storage="/workspace/tests/fluentuiscaffold.playwright.tests/bin/debug/net8.0/fluentuiscaffold.playwright.tests.dll" id="29102099-3023-58e6-1b9e-94381bd37eb7">
      <Execution id="77ce15c6-9503-468f-bcdc-ce3ef3336d86" />
      <TestMethod codeBase="/workspace/tests/FluentUIScaffold.Playwright.Tests/bin/Debug/net8.0/FluentUIScaffold.Playwright.Tests.dll" adapterTypeName="executor://nunit3testexecutor/" className="FluentUIScaffold.Playwright.Tests.PlaywrightAdvancedFeaturesTests" name="InterceptNetworkRequests_WithNullUrlPattern_ShouldThrowArgumentException" />
    </UnitTest>
    <UnitTest name="PlaywrightBrowserStartupException_WithNullBrowserType_ShouldSetBrowserTypeToNull" storage="/workspace/tests/fluentuiscaffold.playwright.tests/bin/debug/net8.0/fluentuiscaffold.playwright.tests.dll" id="cd2fb9d4-c210-d572-239c-0d75835cfc5e">
      <Execution id="b11efc41-5c52-4463-b9c2-605b2b63941e" />
      <TestMethod codeBase="/workspace/tests/FluentUIScaffold.Playwright.Tests/bin/Debug/net8.0/FluentUIScaffold.Playwright.Tests.dll" adapterTypeName="executor://nunit3testexecutor/" className="FluentUIScaffold.Playwright.Tests.PlaywrightExceptionsTests" name="PlaywrightBrowserStartupException_WithNullBrowserType_ShouldSetBrowserTypeToNull" />
    </UnitTest>
    <UnitTest name="Constructor_WithValidPage_ShouldCreateFeatures" storage="/workspace/tests/fluentuiscaffold.playwright.tests/bin/debug/net8.0/fluentuiscaffold.playwright.tests.dll" id="b4a2eecf-9a99-b799-a456-523f1eb6e158">
      <Execution id="a04fb0ec-7e91-4a84-89df-73abe3519cb2" />
      <TestMethod codeBase="/workspace/tests/FluentUIScaffold.Playwright.Tests/bin/Debug/net8.0/FluentUIScaffold.Playwright.Tests.dll" adapterTypeName="executor://nunit3testexecutor/" className="FluentUIScaffold.Playwright.Tests.PlaywrightAdvancedFeaturesTests" name="Constructor_WithValidPage_ShouldCreateFeatures" />
    </UnitTest>
    <UnitTest name="EmulateMobileDeviceAsync_WithValidDeviceName_ShouldNotThrowException" storage="/workspace/tests/fluentuiscaffold.playwright.tests/bin/debug/net8.0/fluentuiscaffold.playwright.tests.dll" id="a7110f0d-1515-f79f-160d-c973adc19695">
      <Execution id="ebe371ec-a538-465c-82fe-50742e74be0d" />
      <TestMethod codeBase="/workspace/tests/FluentUIScaffold.Playwright.Tests/bin/Debug/net8.0/FluentUIScaffold.Playwright.Tests.dll" adapterTypeName="executor://nunit3testexecutor/" className="FluentUIScaffold.Playwright.Tests.PlaywrightAdvancedFeaturesTests" name="EmulateMobileDeviceAsync_WithValidDeviceName_ShouldNotThrowException" />
    </UnitTest>
    <UnitTest name="WaitForElementToBeVisible_WithNullSelector_ShouldThrowArgumentException" storage="/workspace/tests/fluentuiscaffold.playwright.tests/bin/debug/net8.0/fluentuiscaffold.playwright.tests.dll" id="8b1d7b5e-1d6e-fbde-e6fa-a6405decaab9">
      <Execution id="9c5d5e68-2642-49a4-97ef-45f98c489c2e" />
      <TestMethod codeBase="/workspace/tests/FluentUIScaffold.Playwright.Tests/bin/Debug/net8.0/FluentUIScaffold.Playwright.Tests.dll" adapterTypeName="executor://nunit3testexecutor/" className="FluentUIScaffold.Playwright.Tests.PlaywrightDriverTests" name="WaitForElementToBeVisible_WithNullSelector_ShouldThrowArgumentException" />
    </UnitTest>
    <UnitTest name="AddInitScriptAsync_WithValidScript_ShouldNotThrowException" storage="/workspace/tests/fluentuiscaffold.playwright.tests/bin/debug/net8.0/fluentuiscaffold.playwright.tests.dll" id="ba32e0e1-6ed8-0e3a-e188-0c4b4bac2eae">
      <Execution id="4f0644c4-e68d-408a-bdc3-6142b1f01759" />
      <TestMethod codeBase="/workspace/tests/FluentUIScaffold.Playwright.Tests/bin/Debug/net8.0/FluentUIScaffold.Playwright.Tests.dll" adapterTypeName="executor://nunit3testexecutor/" className="FluentUIScaffold.Playwright.Tests.PlaywrightAdvancedFeaturesTests" name="AddInitScriptAsync_WithValidScript_ShouldNotThrowException" />
    </UnitTest>
    <UnitTest name="EvaluateJavaScriptAsync_WithValidScript_ShouldReturnResult" storage="/workspace/tests/fluentuiscaffold.playwright.tests/bin/debug/net8.0/fluentuiscaffold.playwright.tests.dll" id="362c113e-5702-d90c-7ecb-13bbbfd61463">
      <Execution id="1cb2f242-ad1f-4c3b-9c75-f85733a3fd1f" />
      <TestMethod codeBase="/workspace/tests/FluentUIScaffold.Playwright.Tests/bin/Debug/net8.0/FluentUIScaffold.Playwright.Tests.dll" adapterTypeName="executor://nunit3testexecutor/" className="FluentUIScaffold.Playwright.Tests.PlaywrightAdvancedFeaturesTests" name="EvaluateJavaScriptAsync_WithValidScript_ShouldReturnResult" />
    </UnitTest>
    <UnitTest name="WaitForElementToBeHidden_WithEmptySelector_ShouldThrowArgumentException" storage="/workspace/tests/fluentuiscaffold.playwright.tests/bin/debug/net8.0/fluentuiscaffold.playwright.tests.dll" id="93c9e350-5104-a6bd-9d83-106bac79dae7">
      <Execution id="1c3d03fb-044f-4edf-a336-deb9bf92830a" />
      <TestMethod codeBase="/workspace/tests/FluentUIScaffold.Playwright.Tests/bin/Debug/net8.0/FluentUIScaffold.Playwright.Tests.dll" adapterTypeName="executor://nunit3testexecutor/" className="FluentUIScaffold.Playwright.Tests.PlaywrightDriverTests" name="WaitForElementToBeHidden_WithEmptySelector_ShouldThrowArgumentException" />
    </UnitTest>
  </TestDefinitions>
  <TestEntries>
    <TestEntry testId="431f452d-c23f-9ca3-4bae-283bd4f22bb9" executionId="d2bd7d7a-e19d-4ab1-8bbe-4e2732e867dd" testListId="8c84fa94-04c1-424b-9868-57a2d4851a1d" />
    <TestEntry testId="6e8c0812-e23c-e7a6-cbe8-62f734dab9f7" executionId="ad0bb11f-0c33-4a51-846a-f8acfa8229fd" testListId="8c84fa94-04c1-424b-9868-57a2d4851a1d" />
    <TestEntry testId="e8d74a76-a6dc-3af0-710e-e305cc9a27a7" executionId="055fe340-9001-4fcd-941b-943a9e7748fb" testListId="8c84fa94-04c1-424b-9868-57a2d4851a1d" />
    <TestEntry testId="f62e70a1-30d9-b0fc-8eea-390e512b56f9" executionId="58a89edb-11f1-4ab8-a438-ece9d53d4642" testListId="8c84fa94-04c1-424b-9868-57a2d4851a1d" />
    <TestEntry testId="29b927ce-f540-26d4-d1f1-a1b0b62c4d93" executionId="205f4874-8c76-4bed-a696-3195e13b9844" testListId="8c84fa94-04c1-424b-9868-57a2d4851a1d" />
    <TestEntry testId="a7110f0d-1515-f79f-160d-c973adc19695" executionId="ebe371ec-a538-465c-82fe-50742e74be0d" testListId="8c84fa94-04c1-424b-9868-57a2d4851a1d" />
    <TestEntry testId="705b3a66-7abb-be15-4d76-eeeccbd1e039" executionId="78ccc8df-202a-45f6-9289-e92a1a813d0d" testListId="8c84fa94-04c1-424b-9868-57a2d4851a1d" />
    <TestEntry testId="08024d7f-f5d4-70e2-2d00-1732d845efa4" executionId="463ea35a-82f3-4bd9-bb3a-6dd128157d0a" testListId="8c84fa94-04c1-424b-9868-57a2d4851a1d" />
    <TestEntry testId="cdf95cc8-e652-0533-8bc6-85dc81d809bd" executionId="071768b4-f125-4950-8fc6-074964f4c1c9" testListId="8c84fa94-04c1-424b-9868-57a2d4851a1d" />
    <TestEntry testId="ae12414c-2a3b-8fba-bfbc-5cc41bbf8493" executionId="ba82c307-d1f2-4322-b0c4-f392a2b27ed4" testListId="8c84fa94-04c1-424b-9868-57a2d4851a1d" />
    <TestEntry testId="ce7ef0ae-30d6-cbcc-bdb4-d03420e984dd" executionId="ab5d873f-aaef-40a7-8a26-e8a4c7c77895" testListId="8c84fa94-04c1-424b-9868-57a2d4851a1d" />
    <TestEntry testId="8e4e42a9-cbeb-2ffe-badb-66dcdda7de9a" executionId="ca64e202-c47c-47ba-b831-058ab3ac55f9" testListId="8c84fa94-04c1-424b-9868-57a2d4851a1d" />
    <TestEntry testId="fa631617-c65d-b7c1-e160-e4d485baa491" executionId="519ba364-8b3b-45e5-88f4-723f5b0f1122" testListId="8c84fa94-04c1-424b-9868-57a2d4851a1d" />
    <TestEntry testId="5d8f4898-8bd2-03b0-b2a9-5666b648c3a8" executionId="16558c7e-03cf-4f21-bd76-b8fe0cf156cb" testListId="8c84fa94-04c1-424b-9868-57a2d4851a1d" />
    <TestEntry testId="42fb382d-1c8c-a4e5-48a8-bcf25cccc671" executionId="dd7512e6-99ed-434d-8618-1e585c3e8138" testListId="8c84fa94-04c1-424b-9868-57a2d4851a1d" />
    <TestEntry testId="81987c09-bfbe-10db-7f52-1c7de4cb6a0e" executionId="a59beb21-09b5-4982-87c0-b9749456da7b" testListId="8c84fa94-04c1-424b-9868-57a2d4851a1d" />
    <TestEntry testId="babf245e-61e1-cd79-5730-5304e9bd7511" executionId="84ba6885-be2b-4492-b30f-b140ec4718a4" testListId="8c84fa94-04c1-424b-9868-57a2d4851a1d" />
    <TestEntry testId="77166824-4ddf-283f-a4fc-781ad7e809a3" executionId="4c5f888e-d325-4625-b3fe-8666e1b57581" testListId="8c84fa94-04c1-424b-9868-57a2d4851a1d" />
    <TestEntry testId="11bf123b-4b49-9aad-cb04-3660819fe124" executionId="f058385e-1b10-4203-ad20-72147549f838" testListId="8c84fa94-04c1-424b-9868-57a2d4851a1d" />
    <TestEntry testId="3498048a-05a3-5fab-e906-09acaee53433" executionId="7c39311a-9fbc-43ae-9311-03e0bf1ba11e" testListId="8c84fa94-04c1-424b-9868-57a2d4851a1d" />
    <TestEntry testId="f18c7ad7-eb0f-06f7-7be6-b1c9e4fa00a2" executionId="9b478d61-998f-4531-9f41-86eab5f6f6ca" testListId="8c84fa94-04c1-424b-9868-57a2d4851a1d" />
    <TestEntry testId="c4dce798-f1a3-ea12-2f13-63b553ffaea1" executionId="ecf11de1-00fa-4fd0-9da9-ce14bc207727" testListId="8c84fa94-04c1-424b-9868-57a2d4851a1d" />
    <TestEntry testId="0bc0dd3d-4205-ff81-c8aa-57581549ca33" executionId="fbacfe98-550a-4d00-848d-83a77c8938d0" testListId="8c84fa94-04c1-424b-9868-57a2d4851a1d" />
    <TestEntry testId="3ffb125b-102b-bde1-b8fc-5af3a8320f3e" executionId="68cd1e80-c918-4890-9bc8-38bae86bb1de" testListId="8c84fa94-04c1-424b-9868-57a2d4851a1d" />
    <TestEntry testId="27a6b503-6d8a-6bf4-22e7-91fa4a9610ae" executionId="269d491e-917b-4e77-9a80-41649ea72cf3" testListId="8c84fa94-04c1-424b-9868-57a2d4851a1d" />
    <TestEntry testId="4d512506-d61d-6e99-e5c8-886efba56d40" executionId="e3a72c08-f5ac-4a8d-be2d-20d269483b00" testListId="8c84fa94-04c1-424b-9868-57a2d4851a1d" />
    <TestEntry testId="8ad984d6-7085-8350-03f6-84c69fb96b0b" executionId="0a64912d-ba0e-4f8a-ab6f-bd5061bb7e5b" testListId="8c84fa94-04c1-424b-9868-57a2d4851a1d" />
    <TestEntry testId="a5d32aa4-c3a6-e1da-183c-f4e414cd9910" executionId="36cfbb2c-b33f-4eac-bda0-861f441c917a" testListId="8c84fa94-04c1-424b-9868-57a2d4851a1d" />
    <TestEntry testId="ceb91d2d-ad4f-bb50-563d-695574499def" executionId="fa1a4f2e-e9a8-46aa-a649-a770207cb1b6" testListId="8c84fa94-04c1-424b-9868-57a2d4851a1d" />
    <TestEntry testId="4ea4703d-971f-8d0f-9080-579d4df73c0e" executionId="d297e50f-dec6-41ee-a759-bf9a9312b493" testListId="8c84fa94-04c1-424b-9868-57a2d4851a1d" />
    <TestEntry testId="a0b42499-9aa5-d679-1ef3-7d05e5974b9e" executionId="81ebc9d6-a764-4043-a532-75705d74b80f" testListId="8c84fa94-04c1-424b-9868-57a2d4851a1d" />
    <TestEntry testId="25abdc2d-45ef-3e74-73db-d094b04fac31" executionId="f347752e-3b1e-4739-8b13-7120aeedbd14" testListId="8c84fa94-04c1-424b-9868-57a2d4851a1d" />
    <TestEntry testId="df4d6327-e7bc-643e-5619-c31e31143540" executionId="63eb1fd0-97bb-40e9-a6bd-5828d2f871ae" testListId="8c84fa94-04c1-424b-9868-57a2d4851a1d" />
    <TestEntry testId="f7945da7-05fc-93b2-6c8b-30796e4537e2" executionId="886e39f5-8e0f-462e-b6c9-1183129d97b5" testListId="8c84fa94-04c1-424b-9868-57a2d4851a1d" />
    <TestEntry testId="9c4667d8-9f8a-fe5b-50bf-47a735c0cdb4" executionId="1cb3b368-df36-4f23-9941-07698d58406c" testListId="8c84fa94-04c1-424b-9868-57a2d4851a1d" />
    <TestEntry testId="ab7fb356-7440-899e-cd01-0e36beaea533" executionId="30bebb6c-ec8a-4683-9f4f-c6d8c4316a6d" testListId="8c84fa94-04c1-424b-9868-57a2d4851a1d" />
    <TestEntry testId="c5ace3fd-819e-bba6-cdba-2401aa2b6b10" executionId="caff8ab6-9526-48d7-8b01-a9a1293e9527" testListId="8c84fa94-04c1-424b-9868-57a2d4851a1d" />
    <TestEntry testId="7c2b473a-b129-8a39-0f11-3dfd0ad70e94" executionId="1c6aef02-4f31-449d-b397-68a91038fc63" testListId="8c84fa94-04c1-424b-9868-57a2d4851a1d" />
    <TestEntry testId="bf3e385b-dfdb-8f76-ab68-66223f8891f9" executionId="e4cdb61f-dedd-4151-bca2-03ffc33bb942" testListId="8c84fa94-04c1-424b-9868-57a2d4851a1d" />
    <TestEntry testId="29102099-3023-58e6-1b9e-94381bd37eb7" executionId="77ce15c6-9503-468f-bcdc-ce3ef3336d86" testListId="8c84fa94-04c1-424b-9868-57a2d4851a1d" />
    <TestEntry testId="bcd1ca03-417a-4076-e596-5bfcbb44e0e2" executionId="894ca240-5993-4454-ad2e-fc15f98d4cd1" testListId="8c84fa94-04c1-424b-9868-57a2d4851a1d" />
    <TestEntry testId="e44936e1-43c5-f732-a194-48ac2203688b" executionId="de4a2073-86d5-4e6f-b308-aa23fb8150e1" testListId="8c84fa94-04c1-424b-9868-57a2d4851a1d" />
    <TestEntry testId="815098b5-efab-3788-b82b-7c2f40ad7411" executionId="70c37b3e-b8ad-4beb-a51b-3de610efd832" testListId="8c84fa94-04c1-424b-9868-57a2d4851a1d" />
    <TestEntry testId="e5737d36-51a6-dc2d-8804-78bd59fa91a2" executionId="164a4ee0-51b1-47b0-83e9-b27248f96aa7" testListId="8c84fa94-04c1-424b-9868-57a2d4851a1d" />
    <TestEntry testId="89d34624-71ad-44f5-abfd-0f410f0823b2" executionId="eb063803-d89b-490e-82e4-f8247ea2a6c8" testListId="8c84fa94-04c1-424b-9868-57a2d4851a1d" />
    <TestEntry testId="7def36c3-84cc-de65-8474-fb3817dac248" executionId="a22db468-3c21-4190-84ea-62745d19f3df" testListId="8c84fa94-04c1-424b-9868-57a2d4851a1d" />
    <TestEntry testId="d35e5fdf-75d0-2f95-568c-44152552faab" executionId="0914f5d3-e23c-4e12-949a-6362e52129ff" testListId="8c84fa94-04c1-424b-9868-57a2d4851a1d" />
    <TestEntry testId="8b412a83-eed0-b405-9d7e-9460966d666b" executionId="99238738-6a49-413c-bf43-0485b515e139" testListId="8c84fa94-04c1-424b-9868-57a2d4851a1d" />
    <TestEntry testId="b5825f7a-1718-d5b8-d745-4d4cf3df9a9b" executionId="03943a4f-3de3-4436-bbd7-087954aa8c60" testListId="8c84fa94-04c1-424b-9868-57a2d4851a1d" />
    <TestEntry testId="98ab0928-473a-f0b2-1c0f-979f2f5dd59d" executionId="8ef4850e-f9c4-4e4e-92aa-7de8b4c9caf4" testListId="8c84fa94-04c1-424b-9868-57a2d4851a1d" />
    <TestEntry testId="e2038e8d-a0ec-f93d-73e6-4ef1063fd72c" executionId="2d8bdd33-30b1-411d-8a71-b74d0480d020" testListId="8c84fa94-04c1-424b-9868-57a2d4851a1d" />
    <TestEntry testId="3c8cad92-46ed-0873-a4a3-5d20f77cde53" executionId="950572fd-dcc8-4737-ac31-ca6c3db52396" testListId="8c84fa94-04c1-424b-9868-57a2d4851a1d" />
    <TestEntry testId="8a988672-c520-f531-e937-e9bc3434963b" executionId="dfee3a24-c96e-4168-a233-6e482a1da20d" testListId="8c84fa94-04c1-424b-9868-57a2d4851a1d" />
    <TestEntry testId="6d764fe3-fd38-7c7c-3992-4f2ce7db3d78" executionId="d5f54732-b1a1-447e-bf85-8d72b502f5ae" testListId="8c84fa94-04c1-424b-9868-57a2d4851a1d" />
    <TestEntry testId="2b967a35-4f93-7672-b237-6aff698f6ce5" executionId="f8ac596f-5c7d-49a0-b49d-4b4b47b5f344" testListId="8c84fa94-04c1-424b-9868-57a2d4851a1d" />
    <TestEntry testId="6a43d979-e903-e862-7ae2-248d09dea56d" executionId="d60a21a6-3c79-4421-b223-f1d0d6fa3930" testListId="8c84fa94-04c1-424b-9868-57a2d4851a1d" />
    <TestEntry testId="e4684098-88e8-a927-a52a-bb65b5d5ba67" executionId="d8dd25e9-4df9-4e2f-81a8-39adf7a10952" testListId="8c84fa94-04c1-424b-9868-57a2d4851a1d" />
    <TestEntry testId="a17eff27-7a9d-3fe1-a994-0b42d6f3dc3a" executionId="5f1b59c8-b5bd-4967-a37b-e3875ffc7a20" testListId="8c84fa94-04c1-424b-9868-57a2d4851a1d" />
    <TestEntry testId="4f4ef7fd-36f7-ba05-36a3-7b3f66834768" executionId="4c1c6192-81ba-4ac1-8b11-04874b00d75c" testListId="8c84fa94-04c1-424b-9868-57a2d4851a1d" />
    <TestEntry testId="77b8f1d6-b8c9-e577-da61-e76abc5e190a" executionId="71d7990d-212f-4388-87f1-211103ae33dc" testListId="8c84fa94-04c1-424b-9868-57a2d4851a1d" />
    <TestEntry testId="7129b340-9055-6f76-82b2-850b838de151" executionId="29d8af15-0de2-4a18-873d-892d4484e69c" testListId="8c84fa94-04c1-424b-9868-57a2d4851a1d" />
    <TestEntry testId="4c697dac-7fda-ed9a-8482-a66b241202c5" executionId="c6fff403-d641-4d1b-b1aa-b41d964fdb14" testListId="8c84fa94-04c1-424b-9868-57a2d4851a1d" />
    <TestEntry testId="8b1d7b5e-1d6e-fbde-e6fa-a6405decaab9" executionId="9c5d5e68-2642-49a4-97ef-45f98c489c2e" testListId="8c84fa94-04c1-424b-9868-57a2d4851a1d" />
    <TestEntry testId="a9901a4f-2a1e-0b93-d3e6-730637b0b658" executionId="efbb8c70-5936-404e-83f9-6ae7b71c1641" testListId="8c84fa94-04c1-424b-9868-57a2d4851a1d" />
    <TestEntry testId="ce9a076c-9acd-572b-8425-afddb1c89e02" executionId="6945083e-982f-43fb-a821-e8f68f402ca9" testListId="8c84fa94-04c1-424b-9868-57a2d4851a1d" />
    <TestEntry testId="cd2fb9d4-c210-d572-239c-0d75835cfc5e" executionId="b11efc41-5c52-4463-b9c2-605b2b63941e" testListId="8c84fa94-04c1-424b-9868-57a2d4851a1d" />
    <TestEntry testId="d8f4bef2-a3b9-084c-3bb4-021b9fe3d72e" executionId="6cc85365-b386-45f3-b988-f5b02ac08e90" testListId="8c84fa94-04c1-424b-9868-57a2d4851a1d" />
    <TestEntry testId="93c9e350-5104-a6bd-9d83-106bac79dae7" executionId="1c3d03fb-044f-4edf-a336-deb9bf92830a" testListId="8c84fa94-04c1-424b-9868-57a2d4851a1d" />
    <TestEntry testId="8213bc5b-42b0-75d7-a534-797053f7517b" executionId="ce619b93-6b1b-46fd-a029-58330654c2e5" testListId="8c84fa94-04c1-424b-9868-57a2d4851a1d" />
    <TestEntry testId="34add508-2a70-84a8-717f-061411066a1d" executionId="5eb3940f-7ea7-484e-9b23-0af8ab33e8bf" testListId="8c84fa94-04c1-424b-9868-57a2d4851a1d" />
    <TestEntry testId="b08e593a-105a-8f9a-8a16-fc40973c941d" executionId="3e94ec32-d78e-4788-b451-22224244d4c6" testListId="8c84fa94-04c1-424b-9868-57a2d4851a1d" />
    <TestEntry testId="3b14417e-ad23-ef34-465a-8ff764684d0a" executionId="9c65d4e5-5df6-44fb-8e9f-07758a252dd0" testListId="8c84fa94-04c1-424b-9868-57a2d4851a1d" />
    <TestEntry testId="76ff7f4d-9c8c-06e9-6eaf-d088e0e04505" executionId="c4df309f-7206-49c9-ad3a-da1b656c7eee" testListId="8c84fa94-04c1-424b-9868-57a2d4851a1d" />
    <TestEntry testId="ded617c3-d704-a2dc-89a2-9e07115fa2fd" executionId="18052c94-7c3b-430c-b18e-a7e97a45e5bc" testListId="8c84fa94-04c1-424b-9868-57a2d4851a1d" />
    <TestEntry testId="4877fee6-7639-5a08-f7d7-8315d464aac4" executionId="f1949b68-6989-4cf8-9b56-8fe45c226e1e" testListId="8c84fa94-04c1-424b-9868-57a2d4851a1d" />
    <TestEntry testId="3ad03a22-2777-d2d4-5f83-9fd05f5245af" executionId="5b8cebc1-bc03-4a3b-9439-34635f522f7e" testListId="8c84fa94-04c1-424b-9868-57a2d4851a1d" />
    <TestEntry testId="91fc287d-2917-073f-d019-a49cedb4c089" executionId="45849f80-7777-4011-bfaa-d32115111bad" testListId="8c84fa94-04c1-424b-9868-57a2d4851a1d" />
    <TestEntry testId="eae310e3-db41-6fc8-d145-0be80a4f2556" executionId="c395d224-34d3-4ae9-b0cf-cc53d95310f8" testListId="8c84fa94-04c1-424b-9868-57a2d4851a1d" />
    <TestEntry testId="13205d21-5396-0d73-194f-16064907002f" executionId="38400e9c-8658-4054-8d7e-cf5d575999a0" testListId="8c84fa94-04c1-424b-9868-57a2d4851a1d" />
    <TestEntry testId="b658b339-aeef-29fb-d21b-40e08f77927d" executionId="7b35906d-b421-4ce8-bb5c-19b85380e197" testListId="8c84fa94-04c1-424b-9868-57a2d4851a1d" />
    <TestEntry testId="ff27c3ee-967a-d5b0-28a4-0b2f2d102b00" executionId="0a42e415-a304-4b69-97dd-e81716d5ea00" testListId="8c84fa94-04c1-424b-9868-57a2d4851a1d" />
    <TestEntry testId="1c19d2b9-0d7d-1341-0e1e-577e56b55133" executionId="c56eaf74-83bc-47c1-ac09-98000dbf406f" testListId="8c84fa94-04c1-424b-9868-57a2d4851a1d" />
    <TestEntry testId="45134bbd-894d-df2d-e054-a81510231f3d" executionId="fdb3e870-aaed-4e4d-bf46-ad5c939881d6" testListId="8c84fa94-04c1-424b-9868-57a2d4851a1d" />
    <TestEntry testId="3ff93f72-7ce5-5fab-8610-20cbfcaf06d2" executionId="b6e4767e-97b9-4392-b4a5-8d59b02cf567" testListId="8c84fa94-04c1-424b-9868-57a2d4851a1d" />
    <TestEntry testId="9d8e977a-2daa-bc0b-9397-cfa6dd67da2e" executionId="4a632db2-d2f9-4794-84bf-22d955d5b147" testListId="8c84fa94-04c1-424b-9868-57a2d4851a1d" />
    <TestEntry testId="471c48b8-3934-9ff4-83c3-85e85475d277" executionId="8891200c-f70e-4d36-a404-d37829318994" testListId="8c84fa94-04c1-424b-9868-57a2d4851a1d" />
    <TestEntry testId="7bcdd09f-6609-1f20-233b-7512e4e6f7c1" executionId="05aa84b0-571f-49c4-81b3-05af5b03e076" testListId="8c84fa94-04c1-424b-9868-57a2d4851a1d" />
    <TestEntry testId="d004b151-1a2b-5307-b77d-2f9884eee910" executionId="34e67d2d-b04f-4623-b0f9-b8595ea05f06" testListId="8c84fa94-04c1-424b-9868-57a2d4851a1d" />
    <TestEntry testId="2a52eb47-2f2b-89a4-1aaf-1041ed903d63" executionId="f41a1dbe-d7fa-4e43-b1ac-e65ae94765b2" testListId="8c84fa94-04c1-424b-9868-57a2d4851a1d" />
    <TestEntry testId="a040c7ad-7721-eef7-f7a3-3be656e62ca9" executionId="279d9069-52d2-4ba1-b6cb-fe6437f604bd" testListId="8c84fa94-04c1-424b-9868-57a2d4851a1d" />
    <TestEntry testId="f9eaa350-3407-dfbf-81e7-a2dcc8ed9569" executionId="b8652653-b1c0-4c1a-9bec-dd2162e7c35f" testListId="8c84fa94-04c1-424b-9868-57a2d4851a1d" />
    <TestEntry testId="ef42b422-8ac9-4685-b465-5741dfd4e276" executionId="88300d20-6bf3-436f-aa89-079dc639b9a4" testListId="8c84fa94-04c1-424b-9868-57a2d4851a1d" />
    <TestEntry testId="944f38ad-08f1-a287-da8c-959767d157ca" executionId="f6f9ff5d-ec41-4d8f-b3fb-038474c8dcba" testListId="8c84fa94-04c1-424b-9868-57a2d4851a1d" />
    <TestEntry testId="4037d24c-70f3-df4c-51c5-e323f0c729ef" executionId="a01d1170-b090-46f1-8fc0-4c35d53ba2e3" testListId="8c84fa94-04c1-424b-9868-57a2d4851a1d" />
    <TestEntry testId="c664cdab-350c-1fb1-39db-9c396900386f" executionId="a9e53872-ab96-4d23-8489-727560124343" testListId="8c84fa94-04c1-424b-9868-57a2d4851a1d" />
    <TestEntry testId="b2ab8ddd-ea45-0e6e-e413-55319ef7b10b" executionId="ecf98709-4007-4210-83a9-6d1f751b1454" testListId="8c84fa94-04c1-424b-9868-57a2d4851a1d" />
    <TestEntry testId="d8a94e68-473e-230d-959c-c6cb87f94d0d" executionId="7a723327-8f3b-4d1c-ad2c-2b9d6b74d7d7" testListId="8c84fa94-04c1-424b-9868-57a2d4851a1d" />
    <TestEntry testId="39a497ce-1c9b-21eb-4e39-bf1601ef01af" executionId="9f4626cf-0100-4148-8c4a-a96deb82a2b1" testListId="8c84fa94-04c1-424b-9868-57a2d4851a1d" />
    <TestEntry testId="8bfbe005-5221-22b1-278d-cb9bd37053a6" executionId="1aaf47e8-b080-4624-91f7-62ebd4a805e6" testListId="8c84fa94-04c1-424b-9868-57a2d4851a1d" />
    <TestEntry testId="45856250-19cb-ef6e-6149-9cc71288bcb7" executionId="9875ab53-2f71-4e26-9b54-205a85386b6f" testListId="8c84fa94-04c1-424b-9868-57a2d4851a1d" />
    <TestEntry testId="362c113e-5702-d90c-7ecb-13bbbfd61463" executionId="1cb2f242-ad1f-4c3b-9c75-f85733a3fd1f" testListId="8c84fa94-04c1-424b-9868-57a2d4851a1d" />
    <TestEntry testId="95496f37-19bd-a3f6-2a2c-3d627f1301ea" executionId="376d84b9-9da5-443d-8753-6c5e12c5840d" testListId="8c84fa94-04c1-424b-9868-57a2d4851a1d" />
    <TestEntry testId="236ebad8-d8a1-9190-7cc9-fc41c258d7ec" executionId="2dc8086e-b187-40e5-9624-6ccb77e96045" testListId="8c84fa94-04c1-424b-9868-57a2d4851a1d" />
    <TestEntry testId="6e3418a6-0523-597c-afc0-6f63762ec308" executionId="8d67a560-ace2-4576-b169-713a3e7ae502" testListId="8c84fa94-04c1-424b-9868-57a2d4851a1d" />
    <TestEntry testId="f44ad0a1-0847-0f54-bff5-381243908744" executionId="3e5b4f0d-2776-4a4c-9446-b8b8f86d317e" testListId="8c84fa94-04c1-424b-9868-57a2d4851a1d" />
    <TestEntry testId="b4a2eecf-9a99-b799-a456-523f1eb6e158" executionId="a04fb0ec-7e91-4a84-89df-73abe3519cb2" testListId="8c84fa94-04c1-424b-9868-57a2d4851a1d" />
    <TestEntry testId="93632efa-74f1-63ac-ce85-01344d72df82" executionId="8e0009b2-2e36-493c-8eab-f4d2788880ea" testListId="8c84fa94-04c1-424b-9868-57a2d4851a1d" />
    <TestEntry testId="ba32e0e1-6ed8-0e3a-e188-0c4b4bac2eae" executionId="4f0644c4-e68d-408a-bdc3-6142b1f01759" testListId="8c84fa94-04c1-424b-9868-57a2d4851a1d" />
    <TestEntry testId="5637c2bc-4ff0-830b-afbc-8160de8eaeff" executionId="cb2e5b06-f788-42cb-8cc2-4623ea311554" testListId="8c84fa94-04c1-424b-9868-57a2d4851a1d" />
    <TestEntry testId="4dbe9558-da89-b0af-04d4-50fba6f3e664" executionId="79e67b45-ae65-4c2b-bc11-9ec97db75ef9" testListId="8c84fa94-04c1-424b-9868-57a2d4851a1d" />
  </TestEntries>
  <TestLists>
    <TestList name="Results Not in a List" id="8c84fa94-04c1-424b-9868-57a2d4851a1d" />
    <TestList name="All Loaded Results" id="19431567-8539-422a-85d7-44ee4e166bda" />
  </TestLists>
  <ResultSummary outcome="Completed">
    <Counters total="110" executed="110" passed="110" failed="0" error="0" timeout="0" aborted="0" inconclusive="0" passedButRunAborted="0" notRunnable="0" notExecuted="0" disconnected="0" warning="0" completed="0" inProgress="0" pending="0" />
    <Output>
      <StdOut>NUnit Adapter 4.5.0.0: Test execution started
Running all tests in /workspace/tests/FluentUIScaffold.Playwright.Tests/bin/Debug/net8.0/FluentUIScaffold.Playwright.Tests.dll
   NUnit3TestExecutor discovered 110 of 110 NUnit test cases using Current Discovery mode, Non-Explicit run
NUnit Adapter 4.5.0.0: Test execution complete
</StdOut>
    </Output>
    <CollectorDataEntries>
      <Collector agentName="cursor" uri="datacollector://microsoft/CoverletCodeCoverage/1.0" collectorDisplayName="XPlat code coverage">
        <UriAttachments>
          <UriAttachment>
            <A href="cursor/coverage.cobertura.xml"></A>
          </UriAttachment>
        </UriAttachments>
      </Collector>
    </CollectorDataEntries>
  </ResultSummary>
</TestRun>