<?xml version="1.0" encoding="utf-8"?>
<TestRun id="ed070a3c-75bf-4ce6-9a2a-30fcac9b3967" name="@cursor 2025-08-11 10:29:31" xmlns="http://microsoft.com/schemas/VisualStudio/TeamTest/2010">
  <Times creation="2025-08-11T10:29:31.5170281+00:00" queuing="2025-08-11T10:29:31.5170282+00:00" start="2025-08-11T10:29:30.4527228+00:00" finish="2025-08-11T10:29:39.7877235+00:00" />
  <TestSettings name="default" id="e5499b37-3b2a-472f-8e0f-72714a3dbde4">
    <Deployment runDeploymentRoot="_cursor_2025-08-11_10_29_31" />
  </TestSettings>
  <Results>
    <UnitTestResult executionId="195a4b25-9118-4560-81b6-b3dec8280095" testId="eae310e3-db41-6fc8-d145-0be80a4f2556" testName="WaitForElement_WithEnabledStrategy_ShouldNotThrowException" computerName="cursor" duration="00:00:00.0008730" startTime="2025-08-11T10:29:39.4627300+00:00" endTime="2025-08-11T10:29:39.4636026+00:00" testType="13cdc9d9-ddb5-4fa4-a97d-d965ccfc6d4b" outcome="Passed" testListId="8c84fa94-04c1-424b-9868-57a2d4851a1d" relativeResultsDirectory="195a4b25-9118-4560-81b6-b3dec8280095" />
    <UnitTestResult executionId="d805d51d-c5e5-4d65-acdc-6c620fdb3e89" testId="a5d32aa4-c3a6-e1da-183c-f4e414cd9910" testName="IsVisible_WithNullSelector_ShouldThrowArgumentException" computerName="cursor" duration="00:00:00.2513000" startTime="2025-08-11T10:29:36.1368039+00:00" endTime="2025-08-11T10:29:36.3881039+00:00" testType="13cdc9d9-ddb5-4fa4-a97d-d965ccfc6d4b" outcome="Passed" testListId="8c84fa94-04c1-424b-9868-57a2d4851a1d" relativeResultsDirectory="d805d51d-c5e5-4d65-acdc-6c620fdb3e89" />
    <UnitTestResult executionId="018f640d-3dff-4586-b9ff-1c45229e79a3" testId="2a52eb47-2f2b-89a4-1aaf-1041ed903d63" testName="TakeScreenshotAsync_WithValidParameters_ShouldReturnByteArray" computerName="cursor" duration="00:00:00.0015930" startTime="2025-08-11T10:29:31.5033546+00:00" endTime="2025-08-11T10:29:31.5049475+00:00" testType="13cdc9d9-ddb5-4fa4-a97d-d965ccfc6d4b" outcome="Passed" testListId="8c84fa94-04c1-424b-9868-57a2d4851a1d" relativeResultsDirectory="018f640d-3dff-4586-b9ff-1c45229e79a3" />
    <UnitTestResult executionId="d26b4c91-4a77-4d1c-a3fd-418ebb133c9b" testId="b2ab8ddd-ea45-0e6e-e413-55319ef7b10b" testName="Dispose_ShouldBeCallableMultipleTimes" computerName="cursor" duration="00:00:00.2646670" startTime="2025-08-11T10:29:33.3924670+00:00" endTime="2025-08-11T10:29:33.6571339+00:00" testType="13cdc9d9-ddb5-4fa4-a97d-d965ccfc6d4b" outcome="Passed" testListId="8c84fa94-04c1-424b-9868-57a2d4851a1d" relativeResultsDirectory="d26b4c91-4a77-4d1c-a3fd-418ebb133c9b" />
    <UnitTestResult executionId="30d30287-ca21-4a47-8922-c0c45003bbb0" testId="e5737d36-51a6-dc2d-8804-78bd59fa91a2" testName="WaitForNetworkRequestInitiatedAsync_WithNullUrlPattern_ShouldThrowArgumentException" computerName="cursor" duration="00:00:00.0015310" startTime="2025-08-11T10:29:31.5104672+00:00" endTime="2025-08-11T10:29:31.5119976+00:00" testType="13cdc9d9-ddb5-4fa4-a97d-d965ccfc6d4b" outcome="Passed" testListId="8c84fa94-04c1-424b-9868-57a2d4851a1d" relativeResultsDirectory="30d30287-ca21-4a47-8922-c0c45003bbb0" />
    <UnitTestResult executionId="9471cab4-ff6e-4f58-a93c-92fb1d07b0df" testId="3c8cad92-46ed-0873-a4a3-5d20f77cde53" testName="WaitForElement_WithDisabledStrategy_ShouldNotThrowException" computerName="cursor" duration="00:00:00.0010410" startTime="2025-08-11T10:29:39.4598427+00:00" endTime="2025-08-11T10:29:39.4608841+00:00" testType="13cdc9d9-ddb5-4fa4-a97d-d965ccfc6d4b" outcome="Passed" testListId="8c84fa94-04c1-424b-9868-57a2d4851a1d" relativeResultsDirectory="9471cab4-ff6e-4f58-a93c-92fb1d07b0df" />
    <UnitTestResult executionId="547e0853-19e6-46cc-85e9-186ab4ac277f" testId="89d34624-71ad-44f5-abfd-0f410f0823b2" testName="PlaywrightNavigationException_WithMessageAndUrl_ShouldSetProperties" computerName="cursor" duration="00:00:00.0005920" startTime="2025-08-11T10:29:39.2094206+00:00" endTime="2025-08-11T10:29:39.2100121+00:00" testType="13cdc9d9-ddb5-4fa4-a97d-d965ccfc6d4b" outcome="Passed" testListId="8c84fa94-04c1-424b-9868-57a2d4851a1d" relativeResultsDirectory="547e0853-19e6-46cc-85e9-186ab4ac277f" />
    <UnitTestResult executionId="fd4fd441-e129-4410-9fc6-1dc68d12faef" testId="ce9a076c-9acd-572b-8425-afddb1c89e02" testName="CreateDriver_WithValidOptions_ReturnsDriver" computerName="cursor" duration="00:00:00.2331040" startTime="2025-08-11T10:29:39.2147883+00:00" endTime="2025-08-11T10:29:39.4478917+00:00" testType="13cdc9d9-ddb5-4fa4-a97d-d965ccfc6d4b" outcome="Passed" testListId="8c84fa94-04c1-424b-9868-57a2d4851a1d" relativeResultsDirectory="fd4fd441-e129-4410-9fc6-1dc68d12faef" />
    <UnitTestResult executionId="159f92b9-9b55-4a02-9091-84441cfeee26" testId="8e4e42a9-cbeb-2ffe-badb-66dcdda7de9a" testName="WaitForElement_WithUnsupportedStrategy_ShouldThrowArgumentException" computerName="cursor" duration="00:00:00.0019450" startTime="2025-08-11T10:29:39.4710825+00:00" endTime="2025-08-11T10:29:39.4730276+00:00" testType="13cdc9d9-ddb5-4fa4-a97d-d965ccfc6d4b" outcome="Passed" testListId="8c84fa94-04c1-424b-9868-57a2d4851a1d" relativeResultsDirectory="159f92b9-9b55-4a02-9091-84441cfeee26" />
    <UnitTestResult executionId="99ea1f27-5b63-4bc4-be6f-a3f0ee5fd16c" testId="5637c2bc-4ff0-830b-afbc-8160de8eaeff" testName="TakeElementScreenshotAsync_WithNullSelector_ShouldThrowArgumentException" computerName="cursor" duration="00:00:00.0015050" startTime="2025-08-11T10:29:31.5002373+00:00" endTime="2025-08-11T10:29:31.5017423+00:00" testType="13cdc9d9-ddb5-4fa4-a97d-d965ccfc6d4b" outcome="Passed" testListId="8c84fa94-04c1-424b-9868-57a2d4851a1d" relativeResultsDirectory="99ea1f27-5b63-4bc4-be6f-a3f0ee5fd16c" />
    <UnitTestResult executionId="5dccb697-c82a-40f7-b32f-fae6c4c503fc" testId="a17eff27-7a9d-3fe1-a994-0b42d6f3dc3a" testName="SelectOption_WithNullSelector_ShouldThrowArgumentException" computerName="cursor" duration="00:00:00.2465400" startTime="2025-08-11T10:29:36.8845436+00:00" endTime="2025-08-11T10:29:37.1310831+00:00" testType="13cdc9d9-ddb5-4fa4-a97d-d965ccfc6d4b" outcome="Passed" testListId="8c84fa94-04c1-424b-9868-57a2d4851a1d" relativeResultsDirectory="5dccb697-c82a-40f7-b32f-fae6c4c503fc" />
    <UnitTestResult executionId="3d227490-cab5-4e0e-9991-9fed9501f47a" testId="ce7ef0ae-30d6-cbcc-bdb4-d03420e984dd" testName="StartVideoRecordingAsync_WithEmptyPath_ShouldThrowArgumentException" computerName="cursor" duration="00:00:00.0018410" startTime="2025-08-11T10:29:31.4919373+00:00" endTime="2025-08-11T10:29:31.4937785+00:00" testType="13cdc9d9-ddb5-4fa4-a97d-d965ccfc6d4b" outcome="Passed" testListId="8c84fa94-04c1-424b-9868-57a2d4851a1d" relativeResultsDirectory="3d227490-cab5-4e0e-9991-9fed9501f47a" />
    <UnitTestResult executionId="85e9dcc0-f2fc-4a02-b856-c49798129cb3" testId="b4a2eecf-9a99-b799-a456-523f1eb6e158" testName="Constructor_WithValidPage_ShouldCreateFeatures" computerName="cursor" duration="00:00:00.0020600" startTime="2025-08-11T10:29:31.4623127+00:00" endTime="2025-08-11T10:29:31.4643726+00:00" testType="13cdc9d9-ddb5-4fa4-a97d-d965ccfc6d4b" outcome="Passed" testListId="8c84fa94-04c1-424b-9868-57a2d4851a1d" relativeResultsDirectory="85e9dcc0-f2fc-4a02-b856-c49798129cb3" />
    <UnitTestResult executionId="7f2e8476-5ee8-41f6-a965-7a4229e9887e" testId="2b967a35-4f93-7672-b237-6aff698f6ce5" testName="AddInitScriptAsync_WithEmptyScript_ShouldThrowArgumentException" computerName="cursor" duration="00:00:00.0967650" startTime="2025-08-11T10:29:31.3556003+00:00" endTime="2025-08-11T10:29:31.4523344+00:00" testType="13cdc9d9-ddb5-4fa4-a97d-d965ccfc6d4b" outcome="Passed" testListId="8c84fa94-04c1-424b-9868-57a2d4851a1d" relativeResultsDirectory="7f2e8476-5ee8-41f6-a965-7a4229e9887e" />
    <UnitTestResult executionId="7e05b3b6-1b21-49db-954f-565c7c71d654" testId="4c697dac-7fda-ed9a-8482-a66b241202c5" testName="EvaluateJavaScriptAsync_WithNullScript_ShouldThrowArgumentException" computerName="cursor" duration="00:00:00.0013060" startTime="2025-08-11T10:29:31.4705795+00:00" endTime="2025-08-11T10:29:31.4718851+00:00" testType="13cdc9d9-ddb5-4fa4-a97d-d965ccfc6d4b" outcome="Passed" testListId="8c84fa94-04c1-424b-9868-57a2d4851a1d" relativeResultsDirectory="7e05b3b6-1b21-49db-954f-565c7c71d654" />
    <UnitTestResult executionId="abbcdeb3-ab04-4e5d-8aa0-2da450ae623f" testId="95496f37-19bd-a3f6-2a2c-3d627f1301ea" testName="WaitForElement_WithEmptySelector_ShouldThrowArgumentException" computerName="cursor" duration="00:00:00.2587880" startTime="2025-08-11T10:29:37.6544107+00:00" endTime="2025-08-11T10:29:37.9131988+00:00" testType="13cdc9d9-ddb5-4fa4-a97d-d965ccfc6d4b" outcome="Passed" testListId="8c84fa94-04c1-424b-9868-57a2d4851a1d" relativeResultsDirectory="abbcdeb3-ab04-4e5d-8aa0-2da450ae623f" />
    <UnitTestResult executionId="b7a7ce9c-ea97-4da0-ac8e-d7e4dc2c56d6" testId="f7945da7-05fc-93b2-6c8b-30796e4537e2" testName="Constructor_WithValidParameters_ShouldCreateStrategy" computerName="cursor" duration="00:00:00.0007940" startTime="2025-08-11T10:29:39.4544015+00:00" endTime="2025-08-11T10:29:39.4551954+00:00" testType="13cdc9d9-ddb5-4fa4-a97d-d965ccfc6d4b" outcome="Passed" testListId="8c84fa94-04c1-424b-9868-57a2d4851a1d" relativeResultsDirectory="b7a7ce9c-ea97-4da0-ac8e-d7e4dc2c56d6" />
    <UnitTestResult executionId="728dc150-4bab-470a-8629-85c001fa52fd" testId="13205d21-5396-0d73-194f-16064907002f" testName="WaitForElementToBeHidden_WithNullSelector_ShouldThrowArgumentException" computerName="cursor" duration="00:00:00.2481610" startTime="2025-08-11T10:29:38.4691611+00:00" endTime="2025-08-11T10:29:38.7173219+00:00" testType="13cdc9d9-ddb5-4fa4-a97d-d965ccfc6d4b" outcome="Passed" testListId="8c84fa94-04c1-424b-9868-57a2d4851a1d" relativeResultsDirectory="728dc150-4bab-470a-8629-85c001fa52fd" />
    <UnitTestResult executionId="cec54e60-50ab-46e2-9613-86af6f6a4061" testId="91fc287d-2917-073f-d019-a49cedb4c089" testName="PlaywrightElementNotFoundException_WithSelectorAndInnerException_ShouldSetProperties" computerName="cursor" duration="00:00:00.0001240" startTime="2025-08-11T10:29:39.2084106+00:00" endTime="2025-08-11T10:29:39.2085341+00:00" testType="13cdc9d9-ddb5-4fa4-a97d-d965ccfc6d4b" outcome="Passed" testListId="8c84fa94-04c1-424b-9868-57a2d4851a1d" relativeResultsDirectory="cec54e60-50ab-46e2-9613-86af6f6a4061" />
    <UnitTestResult executionId="b6fe5c25-b718-41ee-9e66-d3e008a47cc1" testId="3498048a-05a3-5fab-e906-09acaee53433" testName="Constructor_WithNullPage_ShouldThrowArgumentNullException" computerName="cursor" duration="00:00:00.0004910" startTime="2025-08-11T10:29:31.4618103+00:00" endTime="2025-08-11T10:29:31.4623012+00:00" testType="13cdc9d9-ddb5-4fa4-a97d-d965ccfc6d4b" outcome="Passed" testListId="8c84fa94-04c1-424b-9868-57a2d4851a1d" relativeResultsDirectory="b6fe5c25-b718-41ee-9e66-d3e008a47cc1" />
    <UnitTestResult executionId="59d7d873-c297-49da-9eec-3b954bd383b5" testId="45856250-19cb-ef6e-6149-9cc71288bcb7" testName="GeneratePdfAsync_WithValidParameters_ShouldReturnByteArray" computerName="cursor" duration="00:00:00.0084400" startTime="2025-08-11T10:29:31.4737001+00:00" endTime="2025-08-11T10:29:31.4821400+00:00" testType="13cdc9d9-ddb5-4fa4-a97d-d965ccfc6d4b" outcome="Passed" testListId="8c84fa94-04c1-424b-9868-57a2d4851a1d" relativeResultsDirectory="59d7d873-c297-49da-9eec-3b954bd383b5" />
    <UnitTestResult executionId="8372b645-80c2-4959-9c48-2fb1820a2000" testId="7129b340-9055-6f76-82b2-850b838de151" testName="CurrentUrl_ReturnsExpectedUrl" computerName="cursor" duration="00:00:00.3197749" startTime="2025-08-11T10:29:32.7495825+00:00" endTime="2025-08-11T10:29:33.0693569+00:00" testType="13cdc9d9-ddb5-4fa4-a97d-d965ccfc6d4b" outcome="Passed" testListId="8c84fa94-04c1-424b-9868-57a2d4851a1d" relativeResultsDirectory="8372b645-80c2-4959-9c48-2fb1820a2000" />
    <UnitTestResult executionId="32ae54b3-326b-4670-9c55-b8e6af31f4a2" testId="4f4ef7fd-36f7-ba05-36a3-7b3f66834768" testName="PlaywrightException_WithMessageSelectorAndInnerException_ShouldSetProperties" computerName="cursor" duration="00:00:00.0000970" startTime="2025-08-11T10:29:39.2091504+00:00" endTime="2025-08-11T10:29:39.2092470+00:00" testType="13cdc9d9-ddb5-4fa4-a97d-d965ccfc6d4b" outcome="Passed" testListId="8c84fa94-04c1-424b-9868-57a2d4851a1d" relativeResultsDirectory="32ae54b3-326b-4670-9c55-b8e6af31f4a2" />
    <UnitTestResult executionId="03591e36-4134-497f-a024-622aa1a4b029" testId="93c9e350-5104-a6bd-9d83-106bac79dae7" testName="WaitForElementToBeHidden_WithEmptySelector_ShouldThrowArgumentException" computerName="cursor" duration="00:00:00.2959550" startTime="2025-08-11T10:29:38.1731659+00:00" endTime="2025-08-11T10:29:38.4691208+00:00" testType="13cdc9d9-ddb5-4fa4-a97d-d965ccfc6d4b" outcome="Passed" testListId="8c84fa94-04c1-424b-9868-57a2d4851a1d" relativeResultsDirectory="03591e36-4134-497f-a024-622aa1a4b029" />
    <UnitTestResult executionId="43308e28-b118-43cc-a9c4-3c99a96717aa" testId="11bf123b-4b49-9aad-cb04-3660819fe124" testName="SelectOption_WithEmptySelector_ShouldThrowArgumentException" computerName="cursor" duration="00:00:00.2407330" startTime="2025-08-11T10:29:36.6437826+00:00" endTime="2025-08-11T10:29:36.8845157+00:00" testType="13cdc9d9-ddb5-4fa4-a97d-d965ccfc6d4b" outcome="Passed" testListId="8c84fa94-04c1-424b-9868-57a2d4851a1d" relativeResultsDirectory="43308e28-b118-43cc-a9c4-3c99a96717aa" />
    <UnitTestResult executionId="6baad6c8-4d40-419e-9b7a-5b9d1050205c" testId="4877fee6-7639-5a08-f7d7-8315d464aac4" testName="CanHandle_WithOtherDriverType_ReturnsFalse" computerName="cursor" duration="00:00:00.0004860" startTime="2025-08-11T10:29:39.2138084+00:00" endTime="2025-08-11T10:29:39.2142945+00:00" testType="13cdc9d9-ddb5-4fa4-a97d-d965ccfc6d4b" outcome="Passed" testListId="8c84fa94-04c1-424b-9868-57a2d4851a1d" relativeResultsDirectory="6baad6c8-4d40-419e-9b7a-5b9d1050205c" />
    <UnitTestResult executionId="0de04e1a-6c41-4de3-a808-8451770238e4" testId="8a988672-c520-f531-e937-e9bc3434963b" testName="PlaywrightTimeoutException_ShouldInheritFromPlaywrightException" computerName="cursor" duration="00:00:00.0001160" startTime="2025-08-11T10:29:39.2103437+00:00" endTime="2025-08-11T10:29:39.2104599+00:00" testType="13cdc9d9-ddb5-4fa4-a97d-d965ccfc6d4b" outcome="Passed" testListId="8c84fa94-04c1-424b-9868-57a2d4851a1d" relativeResultsDirectory="0de04e1a-6c41-4de3-a808-8451770238e4" />
    <UnitTestResult executionId="0312234f-82fe-418f-8fac-3811c0cd0cba" testId="f18c7ad7-eb0f-06f7-7be6-b1c9e4fa00a2" testName="InterceptNetworkRequests_WithNullHandler_ShouldThrowArgumentNullException" computerName="cursor" duration="00:00:00.0010640" startTime="2025-08-11T10:29:31.4834686+00:00" endTime="2025-08-11T10:29:31.4845328+00:00" testType="13cdc9d9-ddb5-4fa4-a97d-d965ccfc6d4b" outcome="Passed" testListId="8c84fa94-04c1-424b-9868-57a2d4851a1d" relativeResultsDirectory="0312234f-82fe-418f-8fac-3811c0cd0cba" />
    <UnitTestResult executionId="2c774add-e3b4-4439-839c-2c0e7e0d98bc" testId="431f452d-c23f-9ca3-4bae-283bd4f22bb9" testName="IsEnabled_WithEmptySelector_ShouldThrowArgumentException" computerName="cursor" duration="00:00:00.2568240" startTime="2025-08-11T10:29:35.4000941+00:00" endTime="2025-08-11T10:29:35.6569178+00:00" testType="13cdc9d9-ddb5-4fa4-a97d-d965ccfc6d4b" outcome="Passed" testListId="8c84fa94-04c1-424b-9868-57a2d4851a1d" relativeResultsDirectory="2c774add-e3b4-4439-839c-2c0e7e0d98bc" />
    <UnitTestResult executionId="d7be3b49-21de-420b-ada7-c1491dc48f47" testId="ef42b422-8ac9-4685-b465-5741dfd4e276" testName="PlaywrightNavigationException_WithNullUrl_ShouldSetUrlToNull" computerName="cursor" duration="00:00:00.0001190" startTime="2025-08-11T10:29:39.2102179+00:00" endTime="2025-08-11T10:29:39.2103366+00:00" testType="13cdc9d9-ddb5-4fa4-a97d-d965ccfc6d4b" outcome="Passed" testListId="8c84fa94-04c1-424b-9868-57a2d4851a1d" relativeResultsDirectory="d7be3b49-21de-420b-ada7-c1491dc48f47" />
    <UnitTestResult executionId="5755bcc4-6df9-4d2a-88df-977a04326cb2" testId="1c19d2b9-0d7d-1341-0e1e-577e56b55133" testName="WaitForElement_WithNoneStrategy_ShouldNotThrowException" computerName="cursor" duration="00:00:00.0006900" startTime="2025-08-11T10:29:39.4653051+00:00" endTime="2025-08-11T10:29:39.4659955+00:00" testType="13cdc9d9-ddb5-4fa4-a97d-d965ccfc6d4b" outcome="Passed" testListId="8c84fa94-04c1-424b-9868-57a2d4851a1d" relativeResultsDirectory="5755bcc4-6df9-4d2a-88df-977a04326cb2" />
    <UnitTestResult executionId="728826b6-9c5b-410a-a2dd-07ce468c13ca" testId="9d8e977a-2daa-bc0b-9397-cfa6dd67da2e" testName="Constructor_WithValidOptions_CreatesInstance" computerName="cursor" duration="00:00:00.2371940" startTime="2025-08-11T10:29:32.5106198+00:00" endTime="2025-08-11T10:29:32.7478132+00:00" testType="13cdc9d9-ddb5-4fa4-a97d-d965ccfc6d4b" outcome="Passed" testListId="8c84fa94-04c1-424b-9868-57a2d4851a1d" relativeResultsDirectory="728826b6-9c5b-410a-a2dd-07ce468c13ca" />
    <UnitTestResult executionId="afa3be95-1f4b-4d07-994b-9d9cb0be9921" testId="29b927ce-f540-26d4-d1f1-a1b0b62c4d93" testName="SetPermissionsAsync_WithValidPermissions_ShouldNotThrowException" computerName="cursor" duration="00:00:00.0015299" startTime="2025-08-11T10:29:31.4903919+00:00" endTime="2025-08-11T10:29:31.4919213+00:00" testType="13cdc9d9-ddb5-4fa4-a97d-d965ccfc6d4b" outcome="Passed" testListId="8c84fa94-04c1-424b-9868-57a2d4851a1d" relativeResultsDirectory="afa3be95-1f4b-4d07-994b-9d9cb0be9921" />
    <UnitTestResult executionId="bc6e19a0-6689-4fe9-9afe-04f43819c6b7" testId="4d512506-d61d-6e99-e5c8-886efba56d40" testName="PlaywrightElementNotEnabledException_WithSelector_ShouldSetMessageAndSelector" computerName="cursor" duration="00:00:00.0014380" startTime="2025-08-11T10:29:39.2064342+00:00" endTime="2025-08-11T10:29:39.2078722+00:00" testType="13cdc9d9-ddb5-4fa4-a97d-d965ccfc6d4b" outcome="Passed" testListId="8c84fa94-04c1-424b-9868-57a2d4851a1d" relativeResultsDirectory="bc6e19a0-6689-4fe9-9afe-04f43819c6b7" />
    <UnitTestResult executionId="b87f42ea-da18-4965-baf7-ca993d7dc9ae" testId="df4d6327-e7bc-643e-5619-c31e31143540" testName="NavigateToUrl_WithNullUrl_ShouldThrowArgumentNullException" computerName="cursor" duration="00:00:00.2556150" startTime="2025-08-11T10:29:36.3881399+00:00" endTime="2025-08-11T10:29:36.6437541+00:00" testType="13cdc9d9-ddb5-4fa4-a97d-d965ccfc6d4b" outcome="Passed" testListId="8c84fa94-04c1-424b-9868-57a2d4851a1d" relativeResultsDirectory="b87f42ea-da18-4965-baf7-ca993d7dc9ae" />
    <UnitTestResult executionId="e43abc43-e867-45c5-92fd-b938ad529bef" testId="25abdc2d-45ef-3e74-73db-d094b04fac31" testName="PlaywrightElementNotVisibleException_ShouldInheritFromPlaywrightException" computerName="cursor" duration="00:00:00.0001440" startTime="2025-08-11T10:29:39.2085384+00:00" endTime="2025-08-11T10:29:39.2086827+00:00" testType="13cdc9d9-ddb5-4fa4-a97d-d965ccfc6d4b" outcome="Passed" testListId="8c84fa94-04c1-424b-9868-57a2d4851a1d" relativeResultsDirectory="e43abc43-e867-45c5-92fd-b938ad529bef" />
    <UnitTestResult executionId="01ab7224-9b81-4767-9983-e70ffe42c1c3" testId="471c48b8-3934-9ff4-83c3-85e85475d277" testName="TakeElementScreenshotAsync_WithValidSelector_ShouldReturnByteArray" computerName="cursor" duration="00:00:00.0015750" startTime="2025-08-11T10:29:31.5017600+00:00" endTime="2025-08-11T10:29:31.5033343+00:00" testType="13cdc9d9-ddb5-4fa4-a97d-d965ccfc6d4b" outcome="Passed" testListId="8c84fa94-04c1-424b-9868-57a2d4851a1d" relativeResultsDirectory="01ab7224-9b81-4767-9983-e70ffe42c1c3" />
    <UnitTestResult executionId="c0c8a217-8d6d-4181-9c64-553704726856" testId="ae12414c-2a3b-8fba-bfbc-5cc41bbf8493" testName="WaitForElement_WithTextPresentStrategy_ShouldNotThrowException" computerName="cursor" duration="00:00:00.0007429" startTime="2025-08-11T10:29:39.4695862+00:00" endTime="2025-08-11T10:29:39.4703294+00:00" testType="13cdc9d9-ddb5-4fa4-a97d-d965ccfc6d4b" outcome="Passed" testListId="8c84fa94-04c1-424b-9868-57a2d4851a1d" relativeResultsDirectory="c0c8a217-8d6d-4181-9c64-553704726856" />
    <UnitTestResult executionId="795241ba-b5bb-4a7d-858b-4e4ab1e20afd" testId="e8d74a76-a6dc-3af0-710e-e305cc9a27a7" testName="IsVisible_WithEmptySelector_ShouldThrowArgumentException" computerName="cursor" duration="00:00:00.2406570" startTime="2025-08-11T10:29:35.8961166+00:00" endTime="2025-08-11T10:29:36.1367737+00:00" testType="13cdc9d9-ddb5-4fa4-a97d-d965ccfc6d4b" outcome="Passed" testListId="8c84fa94-04c1-424b-9868-57a2d4851a1d" relativeResultsDirectory="795241ba-b5bb-4a7d-858b-4e4ab1e20afd" />
    <UnitTestResult executionId="1fb2b1b8-e106-4981-b752-3de68814f5c8" testId="fa631617-c65d-b7c1-e160-e4d485baa491" testName="WaitForElement_WithHiddenStrategy_ShouldNotThrowException" computerName="cursor" duration="00:00:00.0006660" startTime="2025-08-11T10:29:39.4641210+00:00" endTime="2025-08-11T10:29:39.4647865+00:00" testType="13cdc9d9-ddb5-4fa4-a97d-d965ccfc6d4b" outcome="Passed" testListId="8c84fa94-04c1-424b-9868-57a2d4851a1d" relativeResultsDirectory="1fb2b1b8-e106-4981-b752-3de68814f5c8" />
    <UnitTestResult executionId="b6d3025a-6a93-4a9a-8c99-5fec6e877ac3" testId="cdf95cc8-e652-0533-8bc6-85dc81d809bd" testName="PlaywrightElementNotVisibleException_WithSelectorAndInnerException_ShouldSetProperties" computerName="cursor" duration="00:00:00.0001160" startTime="2025-08-11T10:29:39.2088515+00:00" endTime="2025-08-11T10:29:39.2089675+00:00" testType="13cdc9d9-ddb5-4fa4-a97d-d965ccfc6d4b" outcome="Passed" testListId="8c84fa94-04c1-424b-9868-57a2d4851a1d" relativeResultsDirectory="b6d3025a-6a93-4a9a-8c99-5fec6e877ac3" />
    <UnitTestResult executionId="80b66816-3d21-45e8-8663-99d97f8445df" testId="bcd1ca03-417a-4076-e596-5bfcbb44e0e2" testName="EvaluateJavaScriptAsync_WithEmptyScript_ShouldThrowArgumentException" computerName="cursor" duration="00:00:00.0016750" startTime="2025-08-11T10:29:31.4688874+00:00" endTime="2025-08-11T10:29:31.4705624+00:00" testType="13cdc9d9-ddb5-4fa4-a97d-d965ccfc6d4b" outcome="Passed" testListId="8c84fa94-04c1-424b-9868-57a2d4851a1d" relativeResultsDirectory="80b66816-3d21-45e8-8663-99d97f8445df" />
    <UnitTestResult executionId="bee52a8c-c4e4-42f3-b7db-92d9454a5f73" testId="ba32e0e1-6ed8-0e3a-e188-0c4b4bac2eae" testName="AddInitScriptAsync_WithValidScript_ShouldNotThrowException" computerName="cursor" duration="00:00:00.0063800" startTime="2025-08-11T10:29:31.4554120+00:00" endTime="2025-08-11T10:29:31.4617922+00:00" testType="13cdc9d9-ddb5-4fa4-a97d-d965ccfc6d4b" outcome="Passed" testListId="8c84fa94-04c1-424b-9868-57a2d4851a1d" relativeResultsDirectory="bee52a8c-c4e4-42f3-b7db-92d9454a5f73" />
    <UnitTestResult executionId="04ae7439-46ee-4cd6-be4f-c3c939dc9fa2" testId="bf3e385b-dfdb-8f76-ab68-66223f8891f9" testName="PlaywrightElementNotVisibleException_WithSelector_ShouldSetMessageAndSelector" computerName="cursor" duration="00:00:00.0001550" startTime="2025-08-11T10:29:39.2086911+00:00" endTime="2025-08-11T10:29:39.2088459+00:00" testType="13cdc9d9-ddb5-4fa4-a97d-d965ccfc6d4b" outcome="Passed" testListId="8c84fa94-04c1-424b-9868-57a2d4851a1d" relativeResultsDirectory="04ae7439-46ee-4cd6-be4f-c3c939dc9fa2" />
    <UnitTestResult executionId="87336170-a13a-4e0b-b1f6-47cc7bb94f77" testId="4037d24c-70f3-df4c-51c5-e323f0c729ef" testName="PlaywrightElementNotEnabledException_ShouldInheritFromPlaywrightException" computerName="cursor" duration="00:00:00.0001180" startTime="2025-08-11T10:29:39.2063118+00:00" endTime="2025-08-11T10:29:39.2064298+00:00" testType="13cdc9d9-ddb5-4fa4-a97d-d965ccfc6d4b" outcome="Passed" testListId="8c84fa94-04c1-424b-9868-57a2d4851a1d" relativeResultsDirectory="87336170-a13a-4e0b-b1f6-47cc7bb94f77" />
    <UnitTestResult executionId="b0339394-d1d8-411b-8e82-860248183f1d" testId="7def36c3-84cc-de65-8474-fb3817dac248" testName="WaitForNetworkRequestAsync_WithEmptyUrlPattern_ShouldThrowArgumentException" computerName="cursor" duration="00:00:00.0019980" startTime="2025-08-11T10:29:31.5049707+00:00" endTime="2025-08-11T10:29:31.5069680+00:00" testType="13cdc9d9-ddb5-4fa4-a97d-d965ccfc6d4b" outcome="Passed" testListId="8c84fa94-04c1-424b-9868-57a2d4851a1d" relativeResultsDirectory="b0339394-d1d8-411b-8e82-860248183f1d" />
    <UnitTestResult executionId="d9a87944-deb3-497a-981a-20014c734446" testId="76ff7f4d-9c8c-06e9-6eaf-d088e0e04505" testName="Constructor_WithNullOptions_ThrowsException" computerName="cursor" duration="00:00:00.0003940" startTime="2025-08-11T10:29:32.5102129+00:00" endTime="2025-08-11T10:29:32.5106063+00:00" testType="13cdc9d9-ddb5-4fa4-a97d-d965ccfc6d4b" outcome="Passed" testListId="8c84fa94-04c1-424b-9868-57a2d4851a1d" relativeResultsDirectory="d9a87944-deb3-497a-981a-20014c734446" />
    <UnitTestResult executionId="e7cf65b9-e9e9-4f27-abab-4e25ed136cb4" testId="a7110f0d-1515-f79f-160d-c973adc19695" testName="EmulateMobileDeviceAsync_WithValidDeviceName_ShouldNotThrowException" computerName="cursor" duration="00:00:00.0014650" startTime="2025-08-11T10:29:31.4674071+00:00" endTime="2025-08-11T10:29:31.4688716+00:00" testType="13cdc9d9-ddb5-4fa4-a97d-d965ccfc6d4b" outcome="Passed" testListId="8c84fa94-04c1-424b-9868-57a2d4851a1d" relativeResultsDirectory="e7cf65b9-e9e9-4f27-abab-4e25ed136cb4" />
    <UnitTestResult executionId="2e822dd9-293b-4bc3-89eb-b8cb89356cc1" testId="98ab0928-473a-f0b2-1c0f-979f2f5dd59d" testName="WaitForElement_WithSmartStrategy_ShouldNotThrowException" computerName="cursor" duration="00:00:00.0011230" startTime="2025-08-11T10:29:39.4678843+00:00" endTime="2025-08-11T10:29:39.4690075+00:00" testType="13cdc9d9-ddb5-4fa4-a97d-d965ccfc6d4b" outcome="Passed" testListId="8c84fa94-04c1-424b-9868-57a2d4851a1d" relativeResultsDirectory="2e822dd9-293b-4bc3-89eb-b8cb89356cc1" />
    <UnitTestResult executionId="22552eca-6849-4b35-9137-f2b1f52ca233" testId="81987c09-bfbe-10db-7f52-1c7de4cb6a0e" testName="EmulateMobileDeviceAsync_WithNullDeviceName_ShouldThrowArgumentException" computerName="cursor" duration="00:00:00.0014920" startTime="2025-08-11T10:29:31.4658976+00:00" endTime="2025-08-11T10:29:31.4673896+00:00" testType="13cdc9d9-ddb5-4fa4-a97d-d965ccfc6d4b" outcome="Passed" testListId="8c84fa94-04c1-424b-9868-57a2d4851a1d" relativeResultsDirectory="22552eca-6849-4b35-9137-f2b1f52ca233" />
    <UnitTestResult executionId="98797a90-bb72-4ec8-ab6a-a814740f6f45" testId="4ea4703d-971f-8d0f-9080-579d4df73c0e" testName="GetText_WithEmptySelector_ShouldThrowArgumentException" computerName="cursor" duration="00:00:00.2523430" startTime="2025-08-11T10:29:34.9049701+00:00" endTime="2025-08-11T10:29:35.1573125+00:00" testType="13cdc9d9-ddb5-4fa4-a97d-d965ccfc6d4b" outcome="Passed" testListId="8c84fa94-04c1-424b-9868-57a2d4851a1d" relativeResultsDirectory="98797a90-bb72-4ec8-ab6a-a814740f6f45" />
    <UnitTestResult executionId="bb108c6d-16cf-45ef-8598-21d7644ee71a" testId="815098b5-efab-3788-b82b-7c2f40ad7411" testName="Type_WithNullSelector_ShouldThrowArgumentException" computerName="cursor" duration="00:00:00.2488540" startTime="2025-08-11T10:29:37.4055292+00:00" endTime="2025-08-11T10:29:37.6543827+00:00" testType="13cdc9d9-ddb5-4fa4-a97d-d965ccfc6d4b" outcome="Passed" testListId="8c84fa94-04c1-424b-9868-57a2d4851a1d" relativeResultsDirectory="bb108c6d-16cf-45ef-8598-21d7644ee71a" />
    <UnitTestResult executionId="894c45b0-3905-42a7-b02b-6b525b1d7996" testId="babf245e-61e1-cd79-5730-5304e9bd7511" testName="WaitForNetworkRequestAsync_WithNullUrlPattern_ShouldThrowArgumentException" computerName="cursor" duration="00:00:00.0014980" startTime="2025-08-11T10:29:31.5069928+00:00" endTime="2025-08-11T10:29:31.5084908+00:00" testType="13cdc9d9-ddb5-4fa4-a97d-d965ccfc6d4b" outcome="Passed" testListId="8c84fa94-04c1-424b-9868-57a2d4851a1d" relativeResultsDirectory="894c45b0-3905-42a7-b02b-6b525b1d7996" />
    <UnitTestResult executionId="c9c5c7fc-65e1-44c0-8471-0210bd23b510" testId="705b3a66-7abb-be15-4d76-eeeccbd1e039" testName="PlaywrightTimeoutException_WithDefaultTimeout_ShouldSetDefaultTimeout" computerName="cursor" duration="00:00:00.0026870" startTime="2025-08-11T10:29:39.2104650+00:00" endTime="2025-08-11T10:29:39.2131521+00:00" testType="13cdc9d9-ddb5-4fa4-a97d-d965ccfc6d4b" outcome="Passed" testListId="8c84fa94-04c1-424b-9868-57a2d4851a1d" relativeResultsDirectory="c9c5c7fc-65e1-44c0-8471-0210bd23b510" />
    <UnitTestResult executionId="e768e15b-512f-4dda-9df2-6e7830aeabff" testId="ab7fb356-7440-899e-cd01-0e36beaea533" testName="WaitForElement_WithNullSelector_ShouldThrowArgumentException" computerName="cursor" duration="00:00:00.0007880" startTime="2025-08-11T10:29:39.4665028+00:00" endTime="2025-08-11T10:29:39.4672905+00:00" testType="13cdc9d9-ddb5-4fa4-a97d-d965ccfc6d4b" outcome="Passed" testListId="8c84fa94-04c1-424b-9868-57a2d4851a1d" relativeResultsDirectory="e768e15b-512f-4dda-9df2-6e7830aeabff" />
    <UnitTestResult executionId="22dbb1b1-389f-46f7-97ef-fbc98e10929f" testId="42fb382d-1c8c-a4e5-48a8-bcf25cccc671" testName="PlaywrightNavigationException_ShouldInheritFromPlaywrightException" computerName="cursor" duration="00:00:00.0000890" startTime="2025-08-11T10:29:39.2093272+00:00" endTime="2025-08-11T10:29:39.2094163+00:00" testType="13cdc9d9-ddb5-4fa4-a97d-d965ccfc6d4b" outcome="Passed" testListId="8c84fa94-04c1-424b-9868-57a2d4851a1d" relativeResultsDirectory="22dbb1b1-389f-46f7-97ef-fbc98e10929f" />
    <UnitTestResult executionId="f6cba1f8-7e51-4437-9406-ee7ec9499d03" testId="29102099-3023-58e6-1b9e-94381bd37eb7" testName="InterceptNetworkRequests_WithNullUrlPattern_ShouldThrowArgumentException" computerName="cursor" duration="00:00:00.0009830" startTime="2025-08-11T10:29:31.4845524+00:00" endTime="2025-08-11T10:29:31.4855349+00:00" testType="13cdc9d9-ddb5-4fa4-a97d-d965ccfc6d4b" outcome="Passed" testListId="8c84fa94-04c1-424b-9868-57a2d4851a1d" relativeResultsDirectory="f6cba1f8-7e51-4437-9406-ee7ec9499d03" />
    <UnitTestResult executionId="840a7f49-2137-49d8-bbb9-6c45ece1f240" testId="34add508-2a70-84a8-717f-061411066a1d" testName="GetFrameworkDriver_WithIBrowserContextType_ShouldReturnContext" computerName="cursor" duration="00:00:00.2597560" startTime="2025-08-11T10:29:33.6571595+00:00" endTime="2025-08-11T10:29:33.9169155+00:00" testType="13cdc9d9-ddb5-4fa4-a97d-d965ccfc6d4b" outcome="Passed" testListId="8c84fa94-04c1-424b-9868-57a2d4851a1d" relativeResultsDirectory="840a7f49-2137-49d8-bbb9-6c45ece1f240" />
    <UnitTestResult executionId="7f57777e-78f6-48b1-9054-2e10a8e86381" testId="d35e5fdf-75d0-2f95-568c-44152552faab" testName="Name_ReturnsPlaywright" computerName="cursor" duration="00:00:00.0001660" startTime="2025-08-11T10:29:39.4484704+00:00" endTime="2025-08-11T10:29:39.4486359+00:00" testType="13cdc9d9-ddb5-4fa4-a97d-d965ccfc6d4b" outcome="Passed" testListId="8c84fa94-04c1-424b-9868-57a2d4851a1d" relativeResultsDirectory="7f57777e-78f6-48b1-9054-2e10a8e86381" />
    <UnitTestResult executionId="9403b5e9-bad7-47e0-aa7a-c16d931fae4c" testId="362c113e-5702-d90c-7ecb-13bbbfd61463" testName="EvaluateJavaScriptAsync_WithValidScript_ShouldReturnResult" computerName="cursor" duration="00:00:00.0017760" startTime="2025-08-11T10:29:31.4719078+00:00" endTime="2025-08-11T10:29:31.4736833+00:00" testType="13cdc9d9-ddb5-4fa4-a97d-d965ccfc6d4b" outcome="Passed" testListId="8c84fa94-04c1-424b-9868-57a2d4851a1d" relativeResultsDirectory="9403b5e9-bad7-47e0-aa7a-c16d931fae4c" />
    <UnitTestResult executionId="a4e61b35-987f-4577-8c1d-3bf2e106fd4e" testId="8ad984d6-7085-8350-03f6-84c69fb96b0b" testName="GetFrameworkDriver_WithIPlaywrightType_ShouldReturnPlaywright" computerName="cursor" duration="00:00:00.2470820" startTime="2025-08-11T10:29:34.4091297+00:00" endTime="2025-08-11T10:29:34.6562117+00:00" testType="13cdc9d9-ddb5-4fa4-a97d-d965ccfc6d4b" outcome="Passed" testListId="8c84fa94-04c1-424b-9868-57a2d4851a1d" relativeResultsDirectory="a4e61b35-987f-4577-8c1d-3bf2e106fd4e" />
    <UnitTestResult executionId="31b792b5-169b-42c8-83e0-0d12e8782080" testId="77b8f1d6-b8c9-e577-da61-e76abc5e190a" testName="GetFrameworkDriver_WithIPageType_ShouldReturnPage" computerName="cursor" duration="00:00:00.2480660" startTime="2025-08-11T10:29:34.1610279+00:00" endTime="2025-08-11T10:29:34.4090930+00:00" testType="13cdc9d9-ddb5-4fa4-a97d-d965ccfc6d4b" outcome="Passed" testListId="8c84fa94-04c1-424b-9868-57a2d4851a1d" relativeResultsDirectory="31b792b5-169b-42c8-83e0-0d12e8782080" />
    <UnitTestResult executionId="2a74f889-4ff3-4d21-82a6-bdf9bdc92964" testId="5d8f4898-8bd2-03b0-b2a9-5666b648c3a8" testName="PlaywrightException_WithMessageAndSelector_ShouldSetProperties" computerName="cursor" duration="00:00:00.0001070" startTime="2025-08-11T10:29:39.2090391+00:00" endTime="2025-08-11T10:29:39.2091466+00:00" testType="13cdc9d9-ddb5-4fa4-a97d-d965ccfc6d4b" outcome="Passed" testListId="8c84fa94-04c1-424b-9868-57a2d4851a1d" relativeResultsDirectory="2a74f889-4ff3-4d21-82a6-bdf9bdc92964" />
    <UnitTestResult executionId="24bfad92-1290-478d-b89a-ef990f0b118b" testId="6d764fe3-fd38-7c7c-3992-4f2ce7db3d78" testName="WaitForElementToBeVisible_WithEmptySelector_ShouldThrowArgumentException" computerName="cursor" duration="00:00:00.2395490" startTime="2025-08-11T10:29:38.7173541+00:00" endTime="2025-08-11T10:29:38.9569030+00:00" testType="13cdc9d9-ddb5-4fa4-a97d-d965ccfc6d4b" outcome="Passed" testListId="8c84fa94-04c1-424b-9868-57a2d4851a1d" relativeResultsDirectory="24bfad92-1290-478d-b89a-ef990f0b118b" />
    <UnitTestResult executionId="b15f9cc9-e739-4780-b0bf-6c158aa488d4" testId="b658b339-aeef-29fb-d21b-40e08f77927d" testName="PlaywrightNavigationException_WithMessageUrlAndInnerException_ShouldSetProperties" computerName="cursor" duration="00:00:00.0001840" startTime="2025-08-11T10:29:39.2100264+00:00" endTime="2025-08-11T10:29:39.2102102+00:00" testType="13cdc9d9-ddb5-4fa4-a97d-d965ccfc6d4b" outcome="Passed" testListId="8c84fa94-04c1-424b-9868-57a2d4851a1d" relativeResultsDirectory="b15f9cc9-e739-4780-b0bf-6c158aa488d4" />
    <UnitTestResult executionId="f5ec5be1-0b3d-4069-b85d-615228024d21" testId="8b1d7b5e-1d6e-fbde-e6fa-a6405decaab9" testName="WaitForElementToBeVisible_WithNullSelector_ShouldThrowArgumentException" computerName="cursor" duration="00:00:00.2467540" startTime="2025-08-11T10:29:38.9569321+00:00" endTime="2025-08-11T10:29:39.2036862+00:00" testType="13cdc9d9-ddb5-4fa4-a97d-d965ccfc6d4b" outcome="Passed" testListId="8c84fa94-04c1-424b-9868-57a2d4851a1d" relativeResultsDirectory="f5ec5be1-0b3d-4069-b85d-615228024d21" />
    <UnitTestResult executionId="b0de5dbf-00d0-4320-8379-76ba77c33345" testId="3b14417e-ad23-ef34-465a-8ff764684d0a" testName="GetText_WithNullSelector_ShouldThrowArgumentException" computerName="cursor" duration="00:00:00.2427240" startTime="2025-08-11T10:29:35.1573417+00:00" endTime="2025-08-11T10:29:35.4000654+00:00" testType="13cdc9d9-ddb5-4fa4-a97d-d965ccfc6d4b" outcome="Passed" testListId="8c84fa94-04c1-424b-9868-57a2d4851a1d" relativeResultsDirectory="b0de5dbf-00d0-4320-8379-76ba77c33345" />
    <UnitTestResult executionId="54937f0f-109c-49b5-93a1-823c5f618535" testId="8bfbe005-5221-22b1-278d-cb9bd37053a6" testName="GetFrameworkDriver_WithIBrowserType_ShouldReturnBrowser" computerName="cursor" duration="00:00:00.2440450" startTime="2025-08-11T10:29:33.9169459+00:00" endTime="2025-08-11T10:29:34.1609902+00:00" testType="13cdc9d9-ddb5-4fa4-a97d-d965ccfc6d4b" outcome="Passed" testListId="8c84fa94-04c1-424b-9868-57a2d4851a1d" relativeResultsDirectory="54937f0f-109c-49b5-93a1-823c5f618535" />
    <UnitTestResult executionId="12c8d827-92ab-4cf1-b95e-65e4d1f8d13e" testId="c664cdab-350c-1fb1-39db-9c396900386f" testName="Type_WithEmptySelector_ShouldThrowArgumentException" computerName="cursor" duration="00:00:00.2743850" startTime="2025-08-11T10:29:37.1311104+00:00" endTime="2025-08-11T10:29:37.4054949+00:00" testType="13cdc9d9-ddb5-4fa4-a97d-d965ccfc6d4b" outcome="Passed" testListId="8c84fa94-04c1-424b-9868-57a2d4851a1d" relativeResultsDirectory="12c8d827-92ab-4cf1-b95e-65e4d1f8d13e" />
    <UnitTestResult executionId="57c46874-8059-4f7e-b826-a3c2266029a3" testId="cd2fb9d4-c210-d572-239c-0d75835cfc5e" testName="PlaywrightBrowserStartupException_WithNullBrowserType_ShouldSetBrowserTypeToNull" computerName="cursor" duration="00:00:00.0001450" startTime="2025-08-11T10:29:39.2061613+00:00" endTime="2025-08-11T10:29:39.2063060+00:00" testType="13cdc9d9-ddb5-4fa4-a97d-d965ccfc6d4b" outcome="Passed" testListId="8c84fa94-04c1-424b-9868-57a2d4851a1d" relativeResultsDirectory="57c46874-8059-4f7e-b826-a3c2266029a3" />
    <UnitTestResult executionId="175052fd-5924-4d5b-9bb5-4a18afb564e6" testId="e44936e1-43c5-f732-a194-48ac2203688b" testName="AddInitScriptAsync_WithNullScript_ShouldThrowArgumentException" computerName="cursor" duration="00:00:00.0023160" startTime="2025-08-11T10:29:31.4530477+00:00" endTime="2025-08-11T10:29:31.4553633+00:00" testType="13cdc9d9-ddb5-4fa4-a97d-d965ccfc6d4b" outcome="Passed" testListId="8c84fa94-04c1-424b-9868-57a2d4851a1d" relativeResultsDirectory="175052fd-5924-4d5b-9bb5-4a18afb564e6" />
    <UnitTestResult executionId="42f3f3d3-fb03-437a-84c6-c73565ca0c68" testId="d8a94e68-473e-230d-959c-c6cb87f94d0d" testName="SetPermissionsAsync_WithNullPermissions_ShouldThrowArgumentException" computerName="cursor" duration="00:00:00.0014890" startTime="2025-08-11T10:29:31.4888876+00:00" endTime="2025-08-11T10:29:31.4903764+00:00" testType="13cdc9d9-ddb5-4fa4-a97d-d965ccfc6d4b" outcome="Passed" testListId="8c84fa94-04c1-424b-9868-57a2d4851a1d" relativeResultsDirectory="42f3f3d3-fb03-437a-84c6-c73565ca0c68" />
    <UnitTestResult executionId="769bd371-a154-4ed3-9cfe-b5183c0d467e" testId="0bc0dd3d-4205-ff81-c8aa-57581549ca33" testName="WaitForElement_WithVisibleStrategy_ShouldNotThrowException" computerName="cursor" duration="00:00:00.0007200" startTime="2025-08-11T10:29:39.4735759+00:00" endTime="2025-08-11T10:29:39.4742962+00:00" testType="13cdc9d9-ddb5-4fa4-a97d-d965ccfc6d4b" outcome="Passed" testListId="8c84fa94-04c1-424b-9868-57a2d4851a1d" relativeResultsDirectory="769bd371-a154-4ed3-9cfe-b5183c0d467e" />
    <UnitTestResult executionId="1977e63f-309c-4196-9b2a-0fc61fc91a02" testId="c5ace3fd-819e-bba6-cdba-2401aa2b6b10" testName="CanHandle_WithPlaywrightDriverType_ReturnsTrue" computerName="cursor" duration="00:00:00.0001270" startTime="2025-08-11T10:29:39.2143231+00:00" endTime="2025-08-11T10:29:39.2144498+00:00" testType="13cdc9d9-ddb5-4fa4-a97d-d965ccfc6d4b" outcome="Passed" testListId="8c84fa94-04c1-424b-9868-57a2d4851a1d" relativeResultsDirectory="1977e63f-309c-4196-9b2a-0fc61fc91a02" />
    <UnitTestResult executionId="d7007aad-f2da-4a8c-877b-475fd2368d35" testId="ff27c3ee-967a-d5b0-28a4-0b2f2d102b00" testName="WaitForNetworkRequestInitiatedAsync_WithEmptyUrlPattern_ShouldThrowArgumentException" computerName="cursor" duration="00:00:00.0019120" startTime="2025-08-11T10:29:31.5085296+00:00" endTime="2025-08-11T10:29:31.5104419+00:00" testType="13cdc9d9-ddb5-4fa4-a97d-d965ccfc6d4b" outcome="Passed" testListId="8c84fa94-04c1-424b-9868-57a2d4851a1d" relativeResultsDirectory="d7007aad-f2da-4a8c-877b-475fd2368d35" />
    <UnitTestResult executionId="3724c274-6a4f-4e1d-b907-848b3f0f20c0" testId="f44ad0a1-0847-0f54-bff5-381243908744" testName="SetPermissionsAsync_WithEmptyPermissions_ShouldThrowArgumentException" computerName="cursor" duration="00:00:00.0017290" startTime="2025-08-11T10:29:31.4871415+00:00" endTime="2025-08-11T10:29:31.4888705+00:00" testType="13cdc9d9-ddb5-4fa4-a97d-d965ccfc6d4b" outcome="Passed" testListId="8c84fa94-04c1-424b-9868-57a2d4851a1d" relativeResultsDirectory="3724c274-6a4f-4e1d-b907-848b3f0f20c0" />
    <UnitTestResult executionId="94393df6-5600-4658-9b0f-c30c4d189b8d" testId="e2038e8d-a0ec-f93d-73e6-4ef1063fd72c" testName="PlaywrightBrowserStartupException_WithMessageAndBrowserType_ShouldSetProperties" computerName="cursor" duration="00:00:00.0010380" startTime="2025-08-11T10:29:39.2048570+00:00" endTime="2025-08-11T10:29:39.2058956+00:00" testType="13cdc9d9-ddb5-4fa4-a97d-d965ccfc6d4b" outcome="Passed" testListId="8c84fa94-04c1-424b-9868-57a2d4851a1d" relativeResultsDirectory="94393df6-5600-4658-9b0f-c30c4d189b8d" />
    <UnitTestResult executionId="16a34e16-ed7f-4a03-bb09-398a43fbdfff" testId="f62e70a1-30d9-b0fc-8eea-390e512b56f9" testName="Constructor_WithNullPage_ShouldThrowArgumentNullException" computerName="cursor" duration="00:00:00.0003600" startTime="2025-08-11T10:29:39.4535952+00:00" endTime="2025-08-11T10:29:39.4539548+00:00" testType="13cdc9d9-ddb5-4fa4-a97d-d965ccfc6d4b" outcome="Passed" testListId="8c84fa94-04c1-424b-9868-57a2d4851a1d" relativeResultsDirectory="16a34e16-ed7f-4a03-bb09-398a43fbdfff" />
    <UnitTestResult executionId="3b5fb0f3-52ef-4ec9-bb92-90b451b90f6e" testId="45134bbd-894d-df2d-e054-a81510231f3d" testName="PlaywrightElementNotFoundException_ShouldInheritFromPlaywrightException" computerName="cursor" duration="00:00:00.0001540" startTime="2025-08-11T10:29:39.2081004+00:00" endTime="2025-08-11T10:29:39.2082543+00:00" testType="13cdc9d9-ddb5-4fa4-a97d-d965ccfc6d4b" outcome="Passed" testListId="8c84fa94-04c1-424b-9868-57a2d4851a1d" relativeResultsDirectory="3b5fb0f3-52ef-4ec9-bb92-90b451b90f6e" />
    <UnitTestResult executionId="e05d8a23-43c1-47d5-891a-d581bc476699" testId="8b412a83-eed0-b405-9d7e-9460966d666b" testName="EmulateMobileDeviceAsync_WithEmptyDeviceName_ShouldThrowArgumentException" computerName="cursor" duration="00:00:00.0014820" startTime="2025-08-11T10:29:31.4643893+00:00" endTime="2025-08-11T10:29:31.4658714+00:00" testType="13cdc9d9-ddb5-4fa4-a97d-d965ccfc6d4b" outcome="Passed" testListId="8c84fa94-04c1-424b-9868-57a2d4851a1d" relativeResultsDirectory="e05d8a23-43c1-47d5-891a-d581bc476699" />
    <UnitTestResult executionId="14c305d0-e554-4d31-9cc3-b0cce65345f7" testId="8213bc5b-42b0-75d7-a534-797053f7517b" testName="WaitForElementText_WithNullSelector_ShouldThrowArgumentException" computerName="cursor" duration="00:00:00.0008530" startTime="2025-08-11T10:29:39.4795230+00:00" endTime="2025-08-11T10:29:39.4803761+00:00" testType="13cdc9d9-ddb5-4fa4-a97d-d965ccfc6d4b" outcome="Passed" testListId="8c84fa94-04c1-424b-9868-57a2d4851a1d" relativeResultsDirectory="14c305d0-e554-4d31-9cc3-b0cce65345f7" />
    <UnitTestResult executionId="5b272708-372e-40b6-8969-b1775d932bf6" testId="f9eaa350-3407-dfbf-81e7-a2dcc8ed9569" testName="CreateDriver_WithNullOptions_ThrowsException" computerName="cursor" duration="00:00:00.0001880" startTime="2025-08-11T10:29:39.2145930+00:00" endTime="2025-08-11T10:29:39.2147814+00:00" testType="13cdc9d9-ddb5-4fa4-a97d-d965ccfc6d4b" outcome="Passed" testListId="8c84fa94-04c1-424b-9868-57a2d4851a1d" relativeResultsDirectory="5b272708-372e-40b6-8969-b1775d932bf6" />
    <UnitTestResult executionId="91e79d42-ee95-4123-a3d8-79ce238feb02" testId="a040c7ad-7721-eef7-f7a3-3be656e62ca9" testName="WaitForElementAttribute_WithEmptySelector_ShouldThrowArgumentException" computerName="cursor" duration="00:00:00.0011670" startTime="2025-08-11T10:29:39.4748203+00:00" endTime="2025-08-11T10:29:39.4759877+00:00" testType="13cdc9d9-ddb5-4fa4-a97d-d965ccfc6d4b" outcome="Passed" testListId="8c84fa94-04c1-424b-9868-57a2d4851a1d" relativeResultsDirectory="91e79d42-ee95-4123-a3d8-79ce238feb02" />
    <UnitTestResult executionId="58e79f1c-67d6-4282-ae76-dc28a01f76eb" testId="a9901a4f-2a1e-0b93-d3e6-730637b0b658" testName="PlaywrightBrowserStartupException_ShouldInheritFromPlaywrightException" computerName="cursor" duration="00:00:00.0003840" startTime="2025-08-11T10:29:39.2044039+00:00" endTime="2025-08-11T10:29:39.2047878+00:00" testType="13cdc9d9-ddb5-4fa4-a97d-d965ccfc6d4b" outcome="Passed" testListId="8c84fa94-04c1-424b-9868-57a2d4851a1d" relativeResultsDirectory="58e79f1c-67d6-4282-ae76-dc28a01f76eb" />
    <UnitTestResult executionId="64e4542a-924c-44dd-a528-802cc03f2724" testId="c4dce798-f1a3-ea12-2f13-63b553ffaea1" testName="Click_WithNullSelector_ShouldThrowArgumentException" computerName="cursor" duration="00:00:00.2751640" startTime="2025-08-11T10:29:31.9699548+00:00" endTime="2025-08-11T10:29:32.2451187+00:00" testType="13cdc9d9-ddb5-4fa4-a97d-d965ccfc6d4b" outcome="Passed" testListId="8c84fa94-04c1-424b-9868-57a2d4851a1d" relativeResultsDirectory="64e4542a-924c-44dd-a528-802cc03f2724" />
    <UnitTestResult executionId="bead5d04-4e4c-428d-88b1-5efad932d6f4" testId="b08e593a-105a-8f9a-8a16-fc40973c941d" testName="PlaywrightException_ShouldInheritFromFluentUIScaffoldException" computerName="cursor" duration="00:00:00.0000640" startTime="2025-08-11T10:29:39.2089716+00:00" endTime="2025-08-11T10:29:39.2090353+00:00" testType="13cdc9d9-ddb5-4fa4-a97d-d965ccfc6d4b" outcome="Passed" testListId="8c84fa94-04c1-424b-9868-57a2d4851a1d" relativeResultsDirectory="bead5d04-4e4c-428d-88b1-5efad932d6f4" />
    <UnitTestResult executionId="6ac0a010-83ee-479d-81fb-66764825741c" testId="6e8c0812-e23c-e7a6-cbe8-62f734dab9f7" testName="WaitForElementAttribute_WithNullSelector_ShouldThrowArgumentException" computerName="cursor" duration="00:00:00.0008510" startTime="2025-08-11T10:29:39.4765428+00:00" endTime="2025-08-11T10:29:39.4773936+00:00" testType="13cdc9d9-ddb5-4fa4-a97d-d965ccfc6d4b" outcome="Passed" testListId="8c84fa94-04c1-424b-9868-57a2d4851a1d" relativeResultsDirectory="6ac0a010-83ee-479d-81fb-66764825741c" />
    <UnitTestResult executionId="e46a6901-1f20-4432-a681-83c286036436" testId="6a43d979-e903-e862-7ae2-248d09dea56d" testName="GetFrameworkDriver_WithUnsupportedType_ShouldThrowInvalidOperationException" computerName="cursor" duration="00:00:00.2487000" startTime="2025-08-11T10:29:34.6562402+00:00" endTime="2025-08-11T10:29:34.9049403+00:00" testType="13cdc9d9-ddb5-4fa4-a97d-d965ccfc6d4b" outcome="Passed" testListId="8c84fa94-04c1-424b-9868-57a2d4851a1d" relativeResultsDirectory="e46a6901-1f20-4432-a681-83c286036436" />
    <UnitTestResult executionId="c7339b9b-938f-4758-b16b-5d60302d3019" testId="236ebad8-d8a1-9190-7cc9-fc41c258d7ec" testName="PlaywrightElementNotFoundException_WithSelector_ShouldSetMessageAndSelector" computerName="cursor" duration="00:00:00.0001390" startTime="2025-08-11T10:29:39.2082669+00:00" endTime="2025-08-11T10:29:39.2084057+00:00" testType="13cdc9d9-ddb5-4fa4-a97d-d965ccfc6d4b" outcome="Passed" testListId="8c84fa94-04c1-424b-9868-57a2d4851a1d" relativeResultsDirectory="c7339b9b-938f-4758-b16b-5d60302d3019" />
    <UnitTestResult executionId="93d2d0a7-d99f-4c90-b9bc-e3d9cbde70d7" testId="08024d7f-f5d4-70e2-2d00-1732d845efa4" testName="SetGeolocationAsync_WithValidCoordinates_ShouldNotThrowException" computerName="cursor" duration="00:00:00.0015760" startTime="2025-08-11T10:29:31.4855495+00:00" endTime="2025-08-11T10:29:31.4871256+00:00" testType="13cdc9d9-ddb5-4fa4-a97d-d965ccfc6d4b" outcome="Passed" testListId="8c84fa94-04c1-424b-9868-57a2d4851a1d" relativeResultsDirectory="93d2d0a7-d99f-4c90-b9bc-e3d9cbde70d7" />
    <UnitTestResult executionId="c1c7b81e-d852-4564-b423-cd1434497bc4" testId="27a6b503-6d8a-6bf4-22e7-91fa4a9610ae" testName="Dispose_DisposesCorrectly" computerName="cursor" duration="00:00:00.3219980" startTime="2025-08-11T10:29:33.0704380+00:00" endTime="2025-08-11T10:29:33.3924359+00:00" testType="13cdc9d9-ddb5-4fa4-a97d-d965ccfc6d4b" outcome="Passed" testListId="8c84fa94-04c1-424b-9868-57a2d4851a1d" relativeResultsDirectory="c1c7b81e-d852-4564-b423-cd1434497bc4" />
    <UnitTestResult executionId="a322451e-44a5-48ec-9a88-2ccae2efcd08" testId="3ffb125b-102b-bde1-b8fc-5af3a8320f3e" testName="StartVideoRecordingAsync_WithNullPath_ShouldThrowArgumentException" computerName="cursor" duration="00:00:00.0014859" startTime="2025-08-11T10:29:31.4938129+00:00" endTime="2025-08-11T10:29:31.4952990+00:00" testType="13cdc9d9-ddb5-4fa4-a97d-d965ccfc6d4b" outcome="Passed" testListId="8c84fa94-04c1-424b-9868-57a2d4851a1d" relativeResultsDirectory="a322451e-44a5-48ec-9a88-2ccae2efcd08" />
    <UnitTestResult executionId="67281297-457f-4ca5-a538-100b8b70defb" testId="93632efa-74f1-63ac-ce85-01344d72df82" testName="WaitForElement_WithClickableStrategy_ShouldNotThrowException" computerName="cursor" duration="00:00:00.0037130" startTime="2025-08-11T10:29:39.4555461+00:00" endTime="2025-08-11T10:29:39.4592594+00:00" testType="13cdc9d9-ddb5-4fa4-a97d-d965ccfc6d4b" outcome="Passed" testListId="8c84fa94-04c1-424b-9868-57a2d4851a1d" relativeResultsDirectory="67281297-457f-4ca5-a538-100b8b70defb" />
    <UnitTestResult executionId="d6d7f8a2-d010-495b-acb3-02658b9e63f1" testId="7bcdd09f-6609-1f20-233b-7512e4e6f7c1" testName="Constructor_WithValidOptions_CreatesInstance" computerName="cursor" duration="00:00:00.0001330" startTime="2025-08-11T10:29:39.2144549+00:00" endTime="2025-08-11T10:29:39.2145878+00:00" testType="13cdc9d9-ddb5-4fa4-a97d-d965ccfc6d4b" outcome="Passed" testListId="8c84fa94-04c1-424b-9868-57a2d4851a1d" relativeResultsDirectory="d6d7f8a2-d010-495b-acb3-02658b9e63f1" />
    <UnitTestResult executionId="c5cfd3bf-a4c6-4df9-bf57-8326899bbc26" testId="7c2b473a-b129-8a39-0f11-3dfd0ad70e94" testName="PlaywrightTimeoutException_WithMessageAndSelector_ShouldSetProperties" computerName="cursor" duration="00:00:00.0004730" startTime="2025-08-11T10:29:39.2131757+00:00" endTime="2025-08-11T10:29:39.2136482+00:00" testType="13cdc9d9-ddb5-4fa4-a97d-d965ccfc6d4b" outcome="Passed" testListId="8c84fa94-04c1-424b-9868-57a2d4851a1d" relativeResultsDirectory="c5cfd3bf-a4c6-4df9-bf57-8326899bbc26" />
    <UnitTestResult executionId="9c0504f6-8cd6-48c5-be65-1691e197bff6" testId="3ad03a22-2777-d2d4-5f83-9fd05f5245af" testName="PlaywrightElementNotEnabledException_WithSelectorAndInnerException_ShouldSetProperties" computerName="cursor" duration="00:00:00.0001979" startTime="2025-08-11T10:29:39.2078943+00:00" endTime="2025-08-11T10:29:39.2080919+00:00" testType="13cdc9d9-ddb5-4fa4-a97d-d965ccfc6d4b" outcome="Passed" testListId="8c84fa94-04c1-424b-9868-57a2d4851a1d" relativeResultsDirectory="9c0504f6-8cd6-48c5-be65-1691e197bff6" />
    <UnitTestResult executionId="b9c581de-4043-4189-b139-8d8bbd6a9d34" testId="d8f4bef2-a3b9-084c-3bb4-021b9fe3d72e" testName="InterceptNetworkRequests_WithEmptyUrlPattern_ShouldThrowArgumentException" computerName="cursor" duration="00:00:00.0012960" startTime="2025-08-11T10:29:31.4821566+00:00" endTime="2025-08-11T10:29:31.4834526+00:00" testType="13cdc9d9-ddb5-4fa4-a97d-d965ccfc6d4b" outcome="Passed" testListId="8c84fa94-04c1-424b-9868-57a2d4851a1d" relativeResultsDirectory="b9c581de-4043-4189-b139-8d8bbd6a9d34" />
    <UnitTestResult executionId="c4c00107-932d-413f-916f-d4d7e9cf1133" testId="ded617c3-d704-a2dc-89a2-9e07115fa2fd" testName="Constructor_WithNullOptions_ShouldThrowArgumentNullException" computerName="cursor" duration="00:00:00.0028840" startTime="2025-08-11T10:29:39.4498439+00:00" endTime="2025-08-11T10:29:39.4527273+00:00" testType="13cdc9d9-ddb5-4fa4-a97d-d965ccfc6d4b" outcome="Passed" testListId="8c84fa94-04c1-424b-9868-57a2d4851a1d" relativeResultsDirectory="c4c00107-932d-413f-916f-d4d7e9cf1133" />
    <UnitTestResult executionId="e1a0f8b0-8efb-460b-8ba9-172a6246aeb8" testId="3ff93f72-7ce5-5fab-8610-20cbfcaf06d2" testName="Constructor_WithLogger_ShouldCreateDriver" computerName="cursor" duration="00:00:00.2650220" startTime="2025-08-11T10:29:32.2451494+00:00" endTime="2025-08-11T10:29:32.5101707+00:00" testType="13cdc9d9-ddb5-4fa4-a97d-d965ccfc6d4b" outcome="Passed" testListId="8c84fa94-04c1-424b-9868-57a2d4851a1d" relativeResultsDirectory="e1a0f8b0-8efb-460b-8ba9-172a6246aeb8" />
    <UnitTestResult executionId="ad638b95-8cf5-4a79-9158-97b65dfc95b8" testId="944f38ad-08f1-a287-da8c-959767d157ca" testName="WaitForElementText_WithEmptySelector_ShouldThrowArgumentException" computerName="cursor" duration="00:00:00.0010880" startTime="2025-08-11T10:29:39.4779024+00:00" endTime="2025-08-11T10:29:39.4789908+00:00" testType="13cdc9d9-ddb5-4fa4-a97d-d965ccfc6d4b" outcome="Passed" testListId="8c84fa94-04c1-424b-9868-57a2d4851a1d" relativeResultsDirectory="ad638b95-8cf5-4a79-9158-97b65dfc95b8" />
    <UnitTestResult executionId="c7a5d023-7eb6-4045-8157-c8a9c03edae7" testId="9c4667d8-9f8a-fe5b-50bf-47a735c0cdb4" testName="StopVideoRecordingAsync_ShouldNotThrowException" computerName="cursor" duration="00:00:00.0015540" startTime="2025-08-11T10:29:31.4966108+00:00" endTime="2025-08-11T10:29:31.4981643+00:00" testType="13cdc9d9-ddb5-4fa4-a97d-d965ccfc6d4b" outcome="Passed" testListId="8c84fa94-04c1-424b-9868-57a2d4851a1d" relativeResultsDirectory="c7a5d023-7eb6-4045-8157-c8a9c03edae7" />
    <UnitTestResult executionId="ffe776b1-424a-4365-bb18-37989b93011a" testId="4dbe9558-da89-b0af-04d4-50fba6f3e664" testName="WaitForElement_WithNullSelector_ShouldThrowArgumentException" computerName="cursor" duration="00:00:00.2596879" startTime="2025-08-11T10:29:37.9132470+00:00" endTime="2025-08-11T10:29:38.1729343+00:00" testType="13cdc9d9-ddb5-4fa4-a97d-d965ccfc6d4b" outcome="Passed" testListId="8c84fa94-04c1-424b-9868-57a2d4851a1d" relativeResultsDirectory="ffe776b1-424a-4365-bb18-37989b93011a" />
    <UnitTestResult executionId="3b4656d2-4662-4f25-b46f-83cac4658a8d" testId="39a497ce-1c9b-21eb-4e39-bf1601ef01af" testName="StartVideoRecordingAsync_WithValidPath_ShouldNotThrowException" computerName="cursor" duration="00:00:00.0012800" startTime="2025-08-11T10:29:31.4953147+00:00" endTime="2025-08-11T10:29:31.4965945+00:00" testType="13cdc9d9-ddb5-4fa4-a97d-d965ccfc6d4b" outcome="Passed" testListId="8c84fa94-04c1-424b-9868-57a2d4851a1d" relativeResultsDirectory="3b4656d2-4662-4f25-b46f-83cac4658a8d" />
    <UnitTestResult executionId="571fcd04-fe62-4dca-8ef5-204a8efd6baf" testId="ceb91d2d-ad4f-bb50-563d-695574499def" testName="IsEnabled_WithNullSelector_ShouldThrowArgumentException" computerName="cursor" duration="00:00:00.2390900" startTime="2025-08-11T10:29:35.6569917+00:00" endTime="2025-08-11T10:29:35.8960819+00:00" testType="13cdc9d9-ddb5-4fa4-a97d-d965ccfc6d4b" outcome="Passed" testListId="8c84fa94-04c1-424b-9868-57a2d4851a1d" relativeResultsDirectory="571fcd04-fe62-4dca-8ef5-204a8efd6baf" />
    <UnitTestResult executionId="de9de5fc-3a2d-4b21-b241-6f1e69c7dad8" testId="6e3418a6-0523-597c-afc0-6f63762ec308" testName="PlaywrightException_WithNullSelector_ShouldSetSelectorToNull" computerName="cursor" duration="00:00:00.0000740" startTime="2025-08-11T10:29:39.2092504+00:00" endTime="2025-08-11T10:29:39.2093240+00:00" testType="13cdc9d9-ddb5-4fa4-a97d-d965ccfc6d4b" outcome="Passed" testListId="8c84fa94-04c1-424b-9868-57a2d4851a1d" relativeResultsDirectory="de9de5fc-3a2d-4b21-b241-6f1e69c7dad8" />
    <UnitTestResult executionId="554227d6-7ee9-433e-9e18-551f29c5e1a7" testId="77166824-4ddf-283f-a4fc-781ad7e809a3" testName="PlaywrightBrowserStartupException_WithMessageBrowserTypeAndInnerException_ShouldSetProperties" computerName="cursor" duration="00:00:00.0002260" startTime="2025-08-11T10:29:39.2059249+00:00" endTime="2025-08-11T10:29:39.2061513+00:00" testType="13cdc9d9-ddb5-4fa4-a97d-d965ccfc6d4b" outcome="Passed" testListId="8c84fa94-04c1-424b-9868-57a2d4851a1d" relativeResultsDirectory="554227d6-7ee9-433e-9e18-551f29c5e1a7" />
    <UnitTestResult executionId="ca68079d-6b52-49e9-8ba0-babeb17f91a3" testId="a0b42499-9aa5-d679-1ef3-7d05e5974b9e" testName="TakeElementScreenshotAsync_WithEmptySelector_ShouldThrowArgumentException" computerName="cursor" duration="00:00:00.0020390" startTime="2025-08-11T10:29:31.4981819+00:00" endTime="2025-08-11T10:29:31.5002203+00:00" testType="13cdc9d9-ddb5-4fa4-a97d-d965ccfc6d4b" outcome="Passed" testListId="8c84fa94-04c1-424b-9868-57a2d4851a1d" relativeResultsDirectory="ca68079d-6b52-49e9-8ba0-babeb17f91a3" />
    <UnitTestResult executionId="6508760a-b641-42f5-8d1f-a3fff0457bc0" testId="e4684098-88e8-a927-a52a-bb65b5d5ba67" testName="Version_ReturnsExpectedVersion" computerName="cursor" duration="00:00:00.0000830" startTime="2025-08-11T10:29:39.4486542+00:00" endTime="2025-08-11T10:29:39.4487370+00:00" testType="13cdc9d9-ddb5-4fa4-a97d-d965ccfc6d4b" outcome="Passed" testListId="8c84fa94-04c1-424b-9868-57a2d4851a1d" relativeResultsDirectory="6508760a-b641-42f5-8d1f-a3fff0457bc0" />
    <UnitTestResult executionId="96c1d7cf-0abb-4b61-94bc-7e0eebb6521f" testId="d004b151-1a2b-5307-b77d-2f9884eee910" testName="WaitForElement_WithEmptySelector_ShouldThrowArgumentException" computerName="cursor" duration="00:00:00.0007860" startTime="2025-08-11T10:29:39.4614130+00:00" endTime="2025-08-11T10:29:39.4621985+00:00" testType="13cdc9d9-ddb5-4fa4-a97d-d965ccfc6d4b" outcome="Passed" testListId="8c84fa94-04c1-424b-9868-57a2d4851a1d" relativeResultsDirectory="96c1d7cf-0abb-4b61-94bc-7e0eebb6521f" />
    <UnitTestResult executionId="c967f35e-7941-42f0-9c7a-0edadb0a2b93" testId="b5825f7a-1718-d5b8-d745-4d4cf3df9a9b" testName="Click_WithEmptySelector_ShouldThrowArgumentException" computerName="cursor" duration="00:00:00.4554630" startTime="2025-08-11T10:29:31.5144678+00:00" endTime="2025-08-11T10:29:31.9699306+00:00" testType="13cdc9d9-ddb5-4fa4-a97d-d965ccfc6d4b" outcome="Passed" testListId="8c84fa94-04c1-424b-9868-57a2d4851a1d" relativeResultsDirectory="c967f35e-7941-42f0-9c7a-0edadb0a2b93" />
  </Results>
  <TestDefinitions>
    <UnitTest name="WaitForElement_WithEmptySelector_ShouldThrowArgumentException" storage="/workspace/tests/fluentuiscaffold.playwright.tests/bin/debug/net8.0/fluentuiscaffold.playwright.tests.dll" id="d004b151-1a2b-5307-b77d-2f9884eee910">
      <Execution id="96c1d7cf-0abb-4b61-94bc-7e0eebb6521f" />
      <TestMethod codeBase="/workspace/tests/FluentUIScaffold.Playwright.Tests/bin/Debug/net8.0/FluentUIScaffold.Playwright.Tests.dll" adapterTypeName="executor://nunit3testexecutor/" className="FluentUIScaffold.Playwright.Tests.PlaywrightWaitStrategyTests" name="WaitForElement_WithEmptySelector_ShouldThrowArgumentException" />
    </UnitTest>
    <UnitTest name="WaitForElement_WithSmartStrategy_ShouldNotThrowException" storage="/workspace/tests/fluentuiscaffold.playwright.tests/bin/debug/net8.0/fluentuiscaffold.playwright.tests.dll" id="98ab0928-473a-f0b2-1c0f-979f2f5dd59d">
      <Execution id="2e822dd9-293b-4bc3-89eb-b8cb89356cc1" />
      <TestMethod codeBase="/workspace/tests/FluentUIScaffold.Playwright.Tests/bin/Debug/net8.0/FluentUIScaffold.Playwright.Tests.dll" adapterTypeName="executor://nunit3testexecutor/" className="FluentUIScaffold.Playwright.Tests.PlaywrightWaitStrategyTests" name="WaitForElement_WithSmartStrategy_ShouldNotThrowException" />
    </UnitTest>
    <UnitTest name="WaitForElement_WithNullSelector_ShouldThrowArgumentException" storage="/workspace/tests/fluentuiscaffold.playwright.tests/bin/debug/net8.0/fluentuiscaffold.playwright.tests.dll" id="ab7fb356-7440-899e-cd01-0e36beaea533">
      <Execution id="e768e15b-512f-4dda-9df2-6e7830aeabff" />
      <TestMethod codeBase="/workspace/tests/FluentUIScaffold.Playwright.Tests/bin/Debug/net8.0/FluentUIScaffold.Playwright.Tests.dll" adapterTypeName="executor://nunit3testexecutor/" className="FluentUIScaffold.Playwright.Tests.PlaywrightWaitStrategyTests" name="WaitForElement_WithNullSelector_ShouldThrowArgumentException" />
    </UnitTest>
    <UnitTest name="PlaywrightElementNotFoundException_WithSelector_ShouldSetMessageAndSelector" storage="/workspace/tests/fluentuiscaffold.playwright.tests/bin/debug/net8.0/fluentuiscaffold.playwright.tests.dll" id="236ebad8-d8a1-9190-7cc9-fc41c258d7ec">
      <Execution id="c7339b9b-938f-4758-b16b-5d60302d3019" />
      <TestMethod codeBase="/workspace/tests/FluentUIScaffold.Playwright.Tests/bin/Debug/net8.0/FluentUIScaffold.Playwright.Tests.dll" adapterTypeName="executor://nunit3testexecutor/" className="FluentUIScaffold.Playwright.Tests.PlaywrightExceptionsTests" name="PlaywrightElementNotFoundException_WithSelector_ShouldSetMessageAndSelector" />
    </UnitTest>
    <UnitTest name="WaitForElement_WithEmptySelector_ShouldThrowArgumentException" storage="/workspace/tests/fluentuiscaffold.playwright.tests/bin/debug/net8.0/fluentuiscaffold.playwright.tests.dll" id="95496f37-19bd-a3f6-2a2c-3d627f1301ea">
      <Execution id="abbcdeb3-ab04-4e5d-8aa0-2da450ae623f" />
      <TestMethod codeBase="/workspace/tests/FluentUIScaffold.Playwright.Tests/bin/Debug/net8.0/FluentUIScaffold.Playwright.Tests.dll" adapterTypeName="executor://nunit3testexecutor/" className="FluentUIScaffold.Playwright.Tests.PlaywrightDriverTests" name="WaitForElement_WithEmptySelector_ShouldThrowArgumentException" />
    </UnitTest>
    <UnitTest name="WaitForElement_WithUnsupportedStrategy_ShouldThrowArgumentException" storage="/workspace/tests/fluentuiscaffold.playwright.tests/bin/debug/net8.0/fluentuiscaffold.playwright.tests.dll" id="8e4e42a9-cbeb-2ffe-badb-66dcdda7de9a">
      <Execution id="159f92b9-9b55-4a02-9091-84441cfeee26" />
      <TestMethod codeBase="/workspace/tests/FluentUIScaffold.Playwright.Tests/bin/Debug/net8.0/FluentUIScaffold.Playwright.Tests.dll" adapterTypeName="executor://nunit3testexecutor/" className="FluentUIScaffold.Playwright.Tests.PlaywrightWaitStrategyTests" name="WaitForElement_WithUnsupportedStrategy_ShouldThrowArgumentException" />
    </UnitTest>
    <UnitTest name="PlaywrightException_WithNullSelector_ShouldSetSelectorToNull" storage="/workspace/tests/fluentuiscaffold.playwright.tests/bin/debug/net8.0/fluentuiscaffold.playwright.tests.dll" id="6e3418a6-0523-597c-afc0-6f63762ec308">
      <Execution id="de9de5fc-3a2d-4b21-b241-6f1e69c7dad8" />
      <TestMethod codeBase="/workspace/tests/FluentUIScaffold.Playwright.Tests/bin/Debug/net8.0/FluentUIScaffold.Playwright.Tests.dll" adapterTypeName="executor://nunit3testexecutor/" className="FluentUIScaffold.Playwright.Tests.PlaywrightExceptionsTests" name="PlaywrightException_WithNullSelector_ShouldSetSelectorToNull" />
    </UnitTest>
    <UnitTest name="EvaluateJavaScriptAsync_WithEmptyScript_ShouldThrowArgumentException" storage="/workspace/tests/fluentuiscaffold.playwright.tests/bin/debug/net8.0/fluentuiscaffold.playwright.tests.dll" id="bcd1ca03-417a-4076-e596-5bfcbb44e0e2">
      <Execution id="80b66816-3d21-45e8-8663-99d97f8445df" />
      <TestMethod codeBase="/workspace/tests/FluentUIScaffold.Playwright.Tests/bin/Debug/net8.0/FluentUIScaffold.Playwright.Tests.dll" adapterTypeName="executor://nunit3testexecutor/" className="FluentUIScaffold.Playwright.Tests.PlaywrightAdvancedFeaturesTests" name="EvaluateJavaScriptAsync_WithEmptyScript_ShouldThrowArgumentException" />
    </UnitTest>
    <UnitTest name="IsVisible_WithNullSelector_ShouldThrowArgumentException" storage="/workspace/tests/fluentuiscaffold.playwright.tests/bin/debug/net8.0/fluentuiscaffold.playwright.tests.dll" id="a5d32aa4-c3a6-e1da-183c-f4e414cd9910">
      <Execution id="d805d51d-c5e5-4d65-acdc-6c620fdb3e89" />
      <TestMethod codeBase="/workspace/tests/FluentUIScaffold.Playwright.Tests/bin/Debug/net8.0/FluentUIScaffold.Playwright.Tests.dll" adapterTypeName="executor://nunit3testexecutor/" className="FluentUIScaffold.Playwright.Tests.PlaywrightDriverTests" name="IsVisible_WithNullSelector_ShouldThrowArgumentException" />
    </UnitTest>
    <UnitTest name="PlaywrightNavigationException_WithNullUrl_ShouldSetUrlToNull" storage="/workspace/tests/fluentuiscaffold.playwright.tests/bin/debug/net8.0/fluentuiscaffold.playwright.tests.dll" id="ef42b422-8ac9-4685-b465-5741dfd4e276">
      <Execution id="d7be3b49-21de-420b-ada7-c1491dc48f47" />
      <TestMethod codeBase="/workspace/tests/FluentUIScaffold.Playwright.Tests/bin/Debug/net8.0/FluentUIScaffold.Playwright.Tests.dll" adapterTypeName="executor://nunit3testexecutor/" className="FluentUIScaffold.Playwright.Tests.PlaywrightExceptionsTests" name="PlaywrightNavigationException_WithNullUrl_ShouldSetUrlToNull" />
    </UnitTest>
    <UnitTest name="PlaywrightNavigationException_WithMessageAndUrl_ShouldSetProperties" storage="/workspace/tests/fluentuiscaffold.playwright.tests/bin/debug/net8.0/fluentuiscaffold.playwright.tests.dll" id="89d34624-71ad-44f5-abfd-0f410f0823b2">
      <Execution id="547e0853-19e6-46cc-85e9-186ab4ac277f" />
      <TestMethod codeBase="/workspace/tests/FluentUIScaffold.Playwright.Tests/bin/Debug/net8.0/FluentUIScaffold.Playwright.Tests.dll" adapterTypeName="executor://nunit3testexecutor/" className="FluentUIScaffold.Playwright.Tests.PlaywrightExceptionsTests" name="PlaywrightNavigationException_WithMessageAndUrl_ShouldSetProperties" />
    </UnitTest>
    <UnitTest name="GetFrameworkDriver_WithUnsupportedType_ShouldThrowInvalidOperationException" storage="/workspace/tests/fluentuiscaffold.playwright.tests/bin/debug/net8.0/fluentuiscaffold.playwright.tests.dll" id="6a43d979-e903-e862-7ae2-248d09dea56d">
      <Execution id="e46a6901-1f20-4432-a681-83c286036436" />
      <TestMethod codeBase="/workspace/tests/FluentUIScaffold.Playwright.Tests/bin/Debug/net8.0/FluentUIScaffold.Playwright.Tests.dll" adapterTypeName="executor://nunit3testexecutor/" className="FluentUIScaffold.Playwright.Tests.PlaywrightDriverTests" name="GetFrameworkDriver_WithUnsupportedType_ShouldThrowInvalidOperationException" />
    </UnitTest>
    <UnitTest name="StartVideoRecordingAsync_WithEmptyPath_ShouldThrowArgumentException" storage="/workspace/tests/fluentuiscaffold.playwright.tests/bin/debug/net8.0/fluentuiscaffold.playwright.tests.dll" id="ce7ef0ae-30d6-cbcc-bdb4-d03420e984dd">
      <Execution id="3d227490-cab5-4e0e-9991-9fed9501f47a" />
      <TestMethod codeBase="/workspace/tests/FluentUIScaffold.Playwright.Tests/bin/Debug/net8.0/FluentUIScaffold.Playwright.Tests.dll" adapterTypeName="executor://nunit3testexecutor/" className="FluentUIScaffold.Playwright.Tests.PlaywrightAdvancedFeaturesTests" name="StartVideoRecordingAsync_WithEmptyPath_ShouldThrowArgumentException" />
    </UnitTest>
    <UnitTest name="InterceptNetworkRequests_WithNullHandler_ShouldThrowArgumentNullException" storage="/workspace/tests/fluentuiscaffold.playwright.tests/bin/debug/net8.0/fluentuiscaffold.playwright.tests.dll" id="f18c7ad7-eb0f-06f7-7be6-b1c9e4fa00a2">
      <Execution id="0312234f-82fe-418f-8fac-3811c0cd0cba" />
      <TestMethod codeBase="/workspace/tests/FluentUIScaffold.Playwright.Tests/bin/Debug/net8.0/FluentUIScaffold.Playwright.Tests.dll" adapterTypeName="executor://nunit3testexecutor/" className="FluentUIScaffold.Playwright.Tests.PlaywrightAdvancedFeaturesTests" name="InterceptNetworkRequests_WithNullHandler_ShouldThrowArgumentNullException" />
    </UnitTest>
    <UnitTest name="GeneratePdfAsync_WithValidParameters_ShouldReturnByteArray" storage="/workspace/tests/fluentuiscaffold.playwright.tests/bin/debug/net8.0/fluentuiscaffold.playwright.tests.dll" id="45856250-19cb-ef6e-6149-9cc71288bcb7">
      <Execution id="59d7d873-c297-49da-9eec-3b954bd383b5" />
      <TestMethod codeBase="/workspace/tests/FluentUIScaffold.Playwright.Tests/bin/Debug/net8.0/FluentUIScaffold.Playwright.Tests.dll" adapterTypeName="executor://nunit3testexecutor/" className="FluentUIScaffold.Playwright.Tests.PlaywrightAdvancedFeaturesTests" name="GeneratePdfAsync_WithValidParameters_ShouldReturnByteArray" />
    </UnitTest>
    <UnitTest name="WaitForNetworkRequestInitiatedAsync_WithNullUrlPattern_ShouldThrowArgumentException" storage="/workspace/tests/fluentuiscaffold.playwright.tests/bin/debug/net8.0/fluentuiscaffold.playwright.tests.dll" id="e5737d36-51a6-dc2d-8804-78bd59fa91a2">
      <Execution id="30d30287-ca21-4a47-8922-c0c45003bbb0" />
      <TestMethod codeBase="/workspace/tests/FluentUIScaffold.Playwright.Tests/bin/Debug/net8.0/FluentUIScaffold.Playwright.Tests.dll" adapterTypeName="executor://nunit3testexecutor/" className="FluentUIScaffold.Playwright.Tests.PlaywrightAdvancedFeaturesTests" name="WaitForNetworkRequestInitiatedAsync_WithNullUrlPattern_ShouldThrowArgumentException" />
    </UnitTest>
    <UnitTest name="EvaluateJavaScriptAsync_WithNullScript_ShouldThrowArgumentException" storage="/workspace/tests/fluentuiscaffold.playwright.tests/bin/debug/net8.0/fluentuiscaffold.playwright.tests.dll" id="4c697dac-7fda-ed9a-8482-a66b241202c5">
      <Execution id="7e05b3b6-1b21-49db-954f-565c7c71d654" />
      <TestMethod codeBase="/workspace/tests/FluentUIScaffold.Playwright.Tests/bin/Debug/net8.0/FluentUIScaffold.Playwright.Tests.dll" adapterTypeName="executor://nunit3testexecutor/" className="FluentUIScaffold.Playwright.Tests.PlaywrightAdvancedFeaturesTests" name="EvaluateJavaScriptAsync_WithNullScript_ShouldThrowArgumentException" />
    </UnitTest>
    <UnitTest name="StopVideoRecordingAsync_ShouldNotThrowException" storage="/workspace/tests/fluentuiscaffold.playwright.tests/bin/debug/net8.0/fluentuiscaffold.playwright.tests.dll" id="9c4667d8-9f8a-fe5b-50bf-47a735c0cdb4">
      <Execution id="c7a5d023-7eb6-4045-8157-c8a9c03edae7" />
      <TestMethod codeBase="/workspace/tests/FluentUIScaffold.Playwright.Tests/bin/Debug/net8.0/FluentUIScaffold.Playwright.Tests.dll" adapterTypeName="executor://nunit3testexecutor/" className="FluentUIScaffold.Playwright.Tests.PlaywrightAdvancedFeaturesTests" name="StopVideoRecordingAsync_ShouldNotThrowException" />
    </UnitTest>
    <UnitTest name="AddInitScriptAsync_WithEmptyScript_ShouldThrowArgumentException" storage="/workspace/tests/fluentuiscaffold.playwright.tests/bin/debug/net8.0/fluentuiscaffold.playwright.tests.dll" id="2b967a35-4f93-7672-b237-6aff698f6ce5">
      <Execution id="7f2e8476-5ee8-41f6-a965-7a4229e9887e" />
      <TestMethod codeBase="/workspace/tests/FluentUIScaffold.Playwright.Tests/bin/Debug/net8.0/FluentUIScaffold.Playwright.Tests.dll" adapterTypeName="executor://nunit3testexecutor/" className="FluentUIScaffold.Playwright.Tests.PlaywrightAdvancedFeaturesTests" name="AddInitScriptAsync_WithEmptyScript_ShouldThrowArgumentException" />
    </UnitTest>
    <UnitTest name="EmulateMobileDeviceAsync_WithNullDeviceName_ShouldThrowArgumentException" storage="/workspace/tests/fluentuiscaffold.playwright.tests/bin/debug/net8.0/fluentuiscaffold.playwright.tests.dll" id="81987c09-bfbe-10db-7f52-1c7de4cb6a0e">
      <Execution id="22552eca-6849-4b35-9137-f2b1f52ca233" />
      <TestMethod codeBase="/workspace/tests/FluentUIScaffold.Playwright.Tests/bin/Debug/net8.0/FluentUIScaffold.Playwright.Tests.dll" adapterTypeName="executor://nunit3testexecutor/" className="FluentUIScaffold.Playwright.Tests.PlaywrightAdvancedFeaturesTests" name="EmulateMobileDeviceAsync_WithNullDeviceName_ShouldThrowArgumentException" />
    </UnitTest>
    <UnitTest name="WaitForElement_WithTextPresentStrategy_ShouldNotThrowException" storage="/workspace/tests/fluentuiscaffold.playwright.tests/bin/debug/net8.0/fluentuiscaffold.playwright.tests.dll" id="ae12414c-2a3b-8fba-bfbc-5cc41bbf8493">
      <Execution id="c0c8a217-8d6d-4181-9c64-553704726856" />
      <TestMethod codeBase="/workspace/tests/FluentUIScaffold.Playwright.Tests/bin/Debug/net8.0/FluentUIScaffold.Playwright.Tests.dll" adapterTypeName="executor://nunit3testexecutor/" className="FluentUIScaffold.Playwright.Tests.PlaywrightWaitStrategyTests" name="WaitForElement_WithTextPresentStrategy_ShouldNotThrowException" />
    </UnitTest>
    <UnitTest name="Click_WithNullSelector_ShouldThrowArgumentException" storage="/workspace/tests/fluentuiscaffold.playwright.tests/bin/debug/net8.0/fluentuiscaffold.playwright.tests.dll" id="c4dce798-f1a3-ea12-2f13-63b553ffaea1">
      <Execution id="64e4542a-924c-44dd-a528-802cc03f2724" />
      <TestMethod codeBase="/workspace/tests/FluentUIScaffold.Playwright.Tests/bin/Debug/net8.0/FluentUIScaffold.Playwright.Tests.dll" adapterTypeName="executor://nunit3testexecutor/" className="FluentUIScaffold.Playwright.Tests.PlaywrightDriverTests" name="Click_WithNullSelector_ShouldThrowArgumentException" />
    </UnitTest>
    <UnitTest name="SetGeolocationAsync_WithValidCoordinates_ShouldNotThrowException" storage="/workspace/tests/fluentuiscaffold.playwright.tests/bin/debug/net8.0/fluentuiscaffold.playwright.tests.dll" id="08024d7f-f5d4-70e2-2d00-1732d845efa4">
      <Execution id="93d2d0a7-d99f-4c90-b9bc-e3d9cbde70d7" />
      <TestMethod codeBase="/workspace/tests/FluentUIScaffold.Playwright.Tests/bin/Debug/net8.0/FluentUIScaffold.Playwright.Tests.dll" adapterTypeName="executor://nunit3testexecutor/" className="FluentUIScaffold.Playwright.Tests.PlaywrightAdvancedFeaturesTests" name="SetGeolocationAsync_WithValidCoordinates_ShouldNotThrowException" />
    </UnitTest>
    <UnitTest name="CreateDriver_WithNullOptions_ThrowsException" storage="/workspace/tests/fluentuiscaffold.playwright.tests/bin/debug/net8.0/fluentuiscaffold.playwright.tests.dll" id="f9eaa350-3407-dfbf-81e7-a2dcc8ed9569">
      <Execution id="5b272708-372e-40b6-8969-b1775d932bf6" />
      <TestMethod codeBase="/workspace/tests/FluentUIScaffold.Playwright.Tests/bin/Debug/net8.0/FluentUIScaffold.Playwright.Tests.dll" adapterTypeName="executor://nunit3testexecutor/" className="FluentUIScaffold.Playwright.Tests.PlaywrightPluginTests" name="CreateDriver_WithNullOptions_ThrowsException" />
    </UnitTest>
    <UnitTest name="CanHandle_WithPlaywrightDriverType_ReturnsTrue" storage="/workspace/tests/fluentuiscaffold.playwright.tests/bin/debug/net8.0/fluentuiscaffold.playwright.tests.dll" id="c5ace3fd-819e-bba6-cdba-2401aa2b6b10">
      <Execution id="1977e63f-309c-4196-9b2a-0fc61fc91a02" />
      <TestMethod codeBase="/workspace/tests/FluentUIScaffold.Playwright.Tests/bin/Debug/net8.0/FluentUIScaffold.Playwright.Tests.dll" adapterTypeName="executor://nunit3testexecutor/" className="FluentUIScaffold.Playwright.Tests.PlaywrightPluginTests" name="CanHandle_WithPlaywrightDriverType_ReturnsTrue" />
    </UnitTest>
    <UnitTest name="WaitForElement_WithClickableStrategy_ShouldNotThrowException" storage="/workspace/tests/fluentuiscaffold.playwright.tests/bin/debug/net8.0/fluentuiscaffold.playwright.tests.dll" id="93632efa-74f1-63ac-ce85-01344d72df82">
      <Execution id="67281297-457f-4ca5-a538-100b8b70defb" />
      <TestMethod codeBase="/workspace/tests/FluentUIScaffold.Playwright.Tests/bin/Debug/net8.0/FluentUIScaffold.Playwright.Tests.dll" adapterTypeName="executor://nunit3testexecutor/" className="FluentUIScaffold.Playwright.Tests.PlaywrightWaitStrategyTests" name="WaitForElement_WithClickableStrategy_ShouldNotThrowException" />
    </UnitTest>
    <UnitTest name="Type_WithNullSelector_ShouldThrowArgumentException" storage="/workspace/tests/fluentuiscaffold.playwright.tests/bin/debug/net8.0/fluentuiscaffold.playwright.tests.dll" id="815098b5-efab-3788-b82b-7c2f40ad7411">
      <Execution id="bb108c6d-16cf-45ef-8598-21d7644ee71a" />
      <TestMethod codeBase="/workspace/tests/FluentUIScaffold.Playwright.Tests/bin/Debug/net8.0/FluentUIScaffold.Playwright.Tests.dll" adapterTypeName="executor://nunit3testexecutor/" className="FluentUIScaffold.Playwright.Tests.PlaywrightDriverTests" name="Type_WithNullSelector_ShouldThrowArgumentException" />
    </UnitTest>
    <UnitTest name="WaitForElement_WithEnabledStrategy_ShouldNotThrowException" storage="/workspace/tests/fluentuiscaffold.playwright.tests/bin/debug/net8.0/fluentuiscaffold.playwright.tests.dll" id="eae310e3-db41-6fc8-d145-0be80a4f2556">
      <Execution id="195a4b25-9118-4560-81b6-b3dec8280095" />
      <TestMethod codeBase="/workspace/tests/FluentUIScaffold.Playwright.Tests/bin/Debug/net8.0/FluentUIScaffold.Playwright.Tests.dll" adapterTypeName="executor://nunit3testexecutor/" className="FluentUIScaffold.Playwright.Tests.PlaywrightWaitStrategyTests" name="WaitForElement_WithEnabledStrategy_ShouldNotThrowException" />
    </UnitTest>
    <UnitTest name="GetFrameworkDriver_WithIBrowserContextType_ShouldReturnContext" storage="/workspace/tests/fluentuiscaffold.playwright.tests/bin/debug/net8.0/fluentuiscaffold.playwright.tests.dll" id="34add508-2a70-84a8-717f-061411066a1d">
      <Execution id="840a7f49-2137-49d8-bbb9-6c45ece1f240" />
      <TestMethod codeBase="/workspace/tests/FluentUIScaffold.Playwright.Tests/bin/Debug/net8.0/FluentUIScaffold.Playwright.Tests.dll" adapterTypeName="executor://nunit3testexecutor/" className="FluentUIScaffold.Playwright.Tests.PlaywrightDriverTests" name="GetFrameworkDriver_WithIBrowserContextType_ShouldReturnContext" />
    </UnitTest>
    <UnitTest name="AddInitScriptAsync_WithNullScript_ShouldThrowArgumentException" storage="/workspace/tests/fluentuiscaffold.playwright.tests/bin/debug/net8.0/fluentuiscaffold.playwright.tests.dll" id="e44936e1-43c5-f732-a194-48ac2203688b">
      <Execution id="175052fd-5924-4d5b-9bb5-4a18afb564e6" />
      <TestMethod codeBase="/workspace/tests/FluentUIScaffold.Playwright.Tests/bin/Debug/net8.0/FluentUIScaffold.Playwright.Tests.dll" adapterTypeName="executor://nunit3testexecutor/" className="FluentUIScaffold.Playwright.Tests.PlaywrightAdvancedFeaturesTests" name="AddInitScriptAsync_WithNullScript_ShouldThrowArgumentException" />
    </UnitTest>
    <UnitTest name="WaitForNetworkRequestAsync_WithNullUrlPattern_ShouldThrowArgumentException" storage="/workspace/tests/fluentuiscaffold.playwright.tests/bin/debug/net8.0/fluentuiscaffold.playwright.tests.dll" id="babf245e-61e1-cd79-5730-5304e9bd7511">
      <Execution id="894c45b0-3905-42a7-b02b-6b525b1d7996" />
      <TestMethod codeBase="/workspace/tests/FluentUIScaffold.Playwright.Tests/bin/Debug/net8.0/FluentUIScaffold.Playwright.Tests.dll" adapterTypeName="executor://nunit3testexecutor/" className="FluentUIScaffold.Playwright.Tests.PlaywrightAdvancedFeaturesTests" name="WaitForNetworkRequestAsync_WithNullUrlPattern_ShouldThrowArgumentException" />
    </UnitTest>
    <UnitTest name="PlaywrightException_WithMessageAndSelector_ShouldSetProperties" storage="/workspace/tests/fluentuiscaffold.playwright.tests/bin/debug/net8.0/fluentuiscaffold.playwright.tests.dll" id="5d8f4898-8bd2-03b0-b2a9-5666b648c3a8">
      <Execution id="2a74f889-4ff3-4d21-82a6-bdf9bdc92964" />
      <TestMethod codeBase="/workspace/tests/FluentUIScaffold.Playwright.Tests/bin/Debug/net8.0/FluentUIScaffold.Playwright.Tests.dll" adapterTypeName="executor://nunit3testexecutor/" className="FluentUIScaffold.Playwright.Tests.PlaywrightExceptionsTests" name="PlaywrightException_WithMessageAndSelector_ShouldSetProperties" />
    </UnitTest>
    <UnitTest name="WaitForElementAttribute_WithNullSelector_ShouldThrowArgumentException" storage="/workspace/tests/fluentuiscaffold.playwright.tests/bin/debug/net8.0/fluentuiscaffold.playwright.tests.dll" id="6e8c0812-e23c-e7a6-cbe8-62f734dab9f7">
      <Execution id="6ac0a010-83ee-479d-81fb-66764825741c" />
      <TestMethod codeBase="/workspace/tests/FluentUIScaffold.Playwright.Tests/bin/Debug/net8.0/FluentUIScaffold.Playwright.Tests.dll" adapterTypeName="executor://nunit3testexecutor/" className="FluentUIScaffold.Playwright.Tests.PlaywrightWaitStrategyTests" name="WaitForElementAttribute_WithNullSelector_ShouldThrowArgumentException" />
    </UnitTest>
    <UnitTest name="CurrentUrl_ReturnsExpectedUrl" storage="/workspace/tests/fluentuiscaffold.playwright.tests/bin/debug/net8.0/fluentuiscaffold.playwright.tests.dll" id="7129b340-9055-6f76-82b2-850b838de151">
      <Execution id="8372b645-80c2-4959-9c48-2fb1820a2000" />
      <TestMethod codeBase="/workspace/tests/FluentUIScaffold.Playwright.Tests/bin/Debug/net8.0/FluentUIScaffold.Playwright.Tests.dll" adapterTypeName="executor://nunit3testexecutor/" className="FluentUIScaffold.Playwright.Tests.PlaywrightDriverTests" name="CurrentUrl_ReturnsExpectedUrl" />
    </UnitTest>
    <UnitTest name="Name_ReturnsPlaywright" storage="/workspace/tests/fluentuiscaffold.playwright.tests/bin/debug/net8.0/fluentuiscaffold.playwright.tests.dll" id="d35e5fdf-75d0-2f95-568c-44152552faab">
      <Execution id="7f57777e-78f6-48b1-9054-2e10a8e86381" />
      <TestMethod codeBase="/workspace/tests/FluentUIScaffold.Playwright.Tests/bin/Debug/net8.0/FluentUIScaffold.Playwright.Tests.dll" adapterTypeName="executor://nunit3testexecutor/" className="FluentUIScaffold.Playwright.Tests.PlaywrightPluginTests" name="Name_ReturnsPlaywright" />
    </UnitTest>
    <UnitTest name="StartVideoRecordingAsync_WithValidPath_ShouldNotThrowException" storage="/workspace/tests/fluentuiscaffold.playwright.tests/bin/debug/net8.0/fluentuiscaffold.playwright.tests.dll" id="39a497ce-1c9b-21eb-4e39-bf1601ef01af">
      <Execution id="3b4656d2-4662-4f25-b46f-83cac4658a8d" />
      <TestMethod codeBase="/workspace/tests/FluentUIScaffold.Playwright.Tests/bin/Debug/net8.0/FluentUIScaffold.Playwright.Tests.dll" adapterTypeName="executor://nunit3testexecutor/" className="FluentUIScaffold.Playwright.Tests.PlaywrightAdvancedFeaturesTests" name="StartVideoRecordingAsync_WithValidPath_ShouldNotThrowException" />
    </UnitTest>
    <UnitTest name="GetFrameworkDriver_WithIBrowserType_ShouldReturnBrowser" storage="/workspace/tests/fluentuiscaffold.playwright.tests/bin/debug/net8.0/fluentuiscaffold.playwright.tests.dll" id="8bfbe005-5221-22b1-278d-cb9bd37053a6">
      <Execution id="54937f0f-109c-49b5-93a1-823c5f618535" />
      <TestMethod codeBase="/workspace/tests/FluentUIScaffold.Playwright.Tests/bin/Debug/net8.0/FluentUIScaffold.Playwright.Tests.dll" adapterTypeName="executor://nunit3testexecutor/" className="FluentUIScaffold.Playwright.Tests.PlaywrightDriverTests" name="GetFrameworkDriver_WithIBrowserType_ShouldReturnBrowser" />
    </UnitTest>
    <UnitTest name="Version_ReturnsExpectedVersion" storage="/workspace/tests/fluentuiscaffold.playwright.tests/bin/debug/net8.0/fluentuiscaffold.playwright.tests.dll" id="e4684098-88e8-a927-a52a-bb65b5d5ba67">
      <Execution id="6508760a-b641-42f5-8d1f-a3fff0457bc0" />
      <TestMethod codeBase="/workspace/tests/FluentUIScaffold.Playwright.Tests/bin/Debug/net8.0/FluentUIScaffold.Playwright.Tests.dll" adapterTypeName="executor://nunit3testexecutor/" className="FluentUIScaffold.Playwright.Tests.PlaywrightPluginTests" name="Version_ReturnsExpectedVersion" />
    </UnitTest>
    <UnitTest name="PlaywrightNavigationException_WithMessageUrlAndInnerException_ShouldSetProperties" storage="/workspace/tests/fluentuiscaffold.playwright.tests/bin/debug/net8.0/fluentuiscaffold.playwright.tests.dll" id="b658b339-aeef-29fb-d21b-40e08f77927d">
      <Execution id="b15f9cc9-e739-4780-b0bf-6c158aa488d4" />
      <TestMethod codeBase="/workspace/tests/FluentUIScaffold.Playwright.Tests/bin/Debug/net8.0/FluentUIScaffold.Playwright.Tests.dll" adapterTypeName="executor://nunit3testexecutor/" className="FluentUIScaffold.Playwright.Tests.PlaywrightExceptionsTests" name="PlaywrightNavigationException_WithMessageUrlAndInnerException_ShouldSetProperties" />
    </UnitTest>
    <UnitTest name="WaitForElementAttribute_WithEmptySelector_ShouldThrowArgumentException" storage="/workspace/tests/fluentuiscaffold.playwright.tests/bin/debug/net8.0/fluentuiscaffold.playwright.tests.dll" id="a040c7ad-7721-eef7-f7a3-3be656e62ca9">
      <Execution id="91e79d42-ee95-4123-a3d8-79ce238feb02" />
      <TestMethod codeBase="/workspace/tests/FluentUIScaffold.Playwright.Tests/bin/Debug/net8.0/FluentUIScaffold.Playwright.Tests.dll" adapterTypeName="executor://nunit3testexecutor/" className="FluentUIScaffold.Playwright.Tests.PlaywrightWaitStrategyTests" name="WaitForElementAttribute_WithEmptySelector_ShouldThrowArgumentException" />
    </UnitTest>
    <UnitTest name="PlaywrightTimeoutException_WithMessageAndSelector_ShouldSetProperties" storage="/workspace/tests/fluentuiscaffold.playwright.tests/bin/debug/net8.0/fluentuiscaffold.playwright.tests.dll" id="7c2b473a-b129-8a39-0f11-3dfd0ad70e94">
      <Execution id="c5cfd3bf-a4c6-4df9-bf57-8326899bbc26" />
      <TestMethod codeBase="/workspace/tests/FluentUIScaffold.Playwright.Tests/bin/Debug/net8.0/FluentUIScaffold.Playwright.Tests.dll" adapterTypeName="executor://nunit3testexecutor/" className="FluentUIScaffold.Playwright.Tests.PlaywrightExceptionsTests" name="PlaywrightTimeoutException_WithMessageAndSelector_ShouldSetProperties" />
    </UnitTest>
    <UnitTest name="Constructor_WithNullOptions_ShouldThrowArgumentNullException" storage="/workspace/tests/fluentuiscaffold.playwright.tests/bin/debug/net8.0/fluentuiscaffold.playwright.tests.dll" id="ded617c3-d704-a2dc-89a2-9e07115fa2fd">
      <Execution id="c4c00107-932d-413f-916f-d4d7e9cf1133" />
      <TestMethod codeBase="/workspace/tests/FluentUIScaffold.Playwright.Tests/bin/Debug/net8.0/FluentUIScaffold.Playwright.Tests.dll" adapterTypeName="executor://nunit3testexecutor/" className="FluentUIScaffold.Playwright.Tests.PlaywrightWaitStrategyTests" name="Constructor_WithNullOptions_ShouldThrowArgumentNullException" />
    </UnitTest>
    <UnitTest name="CreateDriver_WithValidOptions_ReturnsDriver" storage="/workspace/tests/fluentuiscaffold.playwright.tests/bin/debug/net8.0/fluentuiscaffold.playwright.tests.dll" id="ce9a076c-9acd-572b-8425-afddb1c89e02">
      <Execution id="fd4fd441-e129-4410-9fc6-1dc68d12faef" />
      <TestMethod codeBase="/workspace/tests/FluentUIScaffold.Playwright.Tests/bin/Debug/net8.0/FluentUIScaffold.Playwright.Tests.dll" adapterTypeName="executor://nunit3testexecutor/" className="FluentUIScaffold.Playwright.Tests.PlaywrightPluginTests" name="CreateDriver_WithValidOptions_ReturnsDriver" />
    </UnitTest>
    <UnitTest name="Constructor_WithValidOptions_CreatesInstance" storage="/workspace/tests/fluentuiscaffold.playwright.tests/bin/debug/net8.0/fluentuiscaffold.playwright.tests.dll" id="7bcdd09f-6609-1f20-233b-7512e4e6f7c1">
      <Execution id="d6d7f8a2-d010-495b-acb3-02658b9e63f1" />
      <TestMethod codeBase="/workspace/tests/FluentUIScaffold.Playwright.Tests/bin/Debug/net8.0/FluentUIScaffold.Playwright.Tests.dll" adapterTypeName="executor://nunit3testexecutor/" className="FluentUIScaffold.Playwright.Tests.PlaywrightPluginTests" name="Constructor_WithValidOptions_CreatesInstance" />
    </UnitTest>
    <UnitTest name="WaitForElementToBeVisible_WithEmptySelector_ShouldThrowArgumentException" storage="/workspace/tests/fluentuiscaffold.playwright.tests/bin/debug/net8.0/fluentuiscaffold.playwright.tests.dll" id="6d764fe3-fd38-7c7c-3992-4f2ce7db3d78">
      <Execution id="24bfad92-1290-478d-b89a-ef990f0b118b" />
      <TestMethod codeBase="/workspace/tests/FluentUIScaffold.Playwright.Tests/bin/Debug/net8.0/FluentUIScaffold.Playwright.Tests.dll" adapterTypeName="executor://nunit3testexecutor/" className="FluentUIScaffold.Playwright.Tests.PlaywrightDriverTests" name="WaitForElementToBeVisible_WithEmptySelector_ShouldThrowArgumentException" />
    </UnitTest>
    <UnitTest name="PlaywrightElementNotVisibleException_ShouldInheritFromPlaywrightException" storage="/workspace/tests/fluentuiscaffold.playwright.tests/bin/debug/net8.0/fluentuiscaffold.playwright.tests.dll" id="25abdc2d-45ef-3e74-73db-d094b04fac31">
      <Execution id="e43abc43-e867-45c5-92fd-b938ad529bef" />
      <TestMethod codeBase="/workspace/tests/FluentUIScaffold.Playwright.Tests/bin/Debug/net8.0/FluentUIScaffold.Playwright.Tests.dll" adapterTypeName="executor://nunit3testexecutor/" className="FluentUIScaffold.Playwright.Tests.PlaywrightExceptionsTests" name="PlaywrightElementNotVisibleException_ShouldInheritFromPlaywrightException" />
    </UnitTest>
    <UnitTest name="Constructor_WithValidParameters_ShouldCreateStrategy" storage="/workspace/tests/fluentuiscaffold.playwright.tests/bin/debug/net8.0/fluentuiscaffold.playwright.tests.dll" id="f7945da7-05fc-93b2-6c8b-30796e4537e2">
      <Execution id="b7a7ce9c-ea97-4da0-ac8e-d7e4dc2c56d6" />
      <TestMethod codeBase="/workspace/tests/FluentUIScaffold.Playwright.Tests/bin/Debug/net8.0/FluentUIScaffold.Playwright.Tests.dll" adapterTypeName="executor://nunit3testexecutor/" className="FluentUIScaffold.Playwright.Tests.PlaywrightWaitStrategyTests" name="Constructor_WithValidParameters_ShouldCreateStrategy" />
    </UnitTest>
    <UnitTest name="WaitForNetworkRequestInitiatedAsync_WithEmptyUrlPattern_ShouldThrowArgumentException" storage="/workspace/tests/fluentuiscaffold.playwright.tests/bin/debug/net8.0/fluentuiscaffold.playwright.tests.dll" id="ff27c3ee-967a-d5b0-28a4-0b2f2d102b00">
      <Execution id="d7007aad-f2da-4a8c-877b-475fd2368d35" />
      <TestMethod codeBase="/workspace/tests/FluentUIScaffold.Playwright.Tests/bin/Debug/net8.0/FluentUIScaffold.Playwright.Tests.dll" adapterTypeName="executor://nunit3testexecutor/" className="FluentUIScaffold.Playwright.Tests.PlaywrightAdvancedFeaturesTests" name="WaitForNetworkRequestInitiatedAsync_WithEmptyUrlPattern_ShouldThrowArgumentException" />
    </UnitTest>
    <UnitTest name="GetText_WithNullSelector_ShouldThrowArgumentException" storage="/workspace/tests/fluentuiscaffold.playwright.tests/bin/debug/net8.0/fluentuiscaffold.playwright.tests.dll" id="3b14417e-ad23-ef34-465a-8ff764684d0a">
      <Execution id="b0de5dbf-00d0-4320-8379-76ba77c33345" />
      <TestMethod codeBase="/workspace/tests/FluentUIScaffold.Playwright.Tests/bin/Debug/net8.0/FluentUIScaffold.Playwright.Tests.dll" adapterTypeName="executor://nunit3testexecutor/" className="FluentUIScaffold.Playwright.Tests.PlaywrightDriverTests" name="GetText_WithNullSelector_ShouldThrowArgumentException" />
    </UnitTest>
    <UnitTest name="PlaywrightElementNotEnabledException_WithSelector_ShouldSetMessageAndSelector" storage="/workspace/tests/fluentuiscaffold.playwright.tests/bin/debug/net8.0/fluentuiscaffold.playwright.tests.dll" id="4d512506-d61d-6e99-e5c8-886efba56d40">
      <Execution id="bc6e19a0-6689-4fe9-9afe-04f43819c6b7" />
      <TestMethod codeBase="/workspace/tests/FluentUIScaffold.Playwright.Tests/bin/Debug/net8.0/FluentUIScaffold.Playwright.Tests.dll" adapterTypeName="executor://nunit3testexecutor/" className="FluentUIScaffold.Playwright.Tests.PlaywrightExceptionsTests" name="PlaywrightElementNotEnabledException_WithSelector_ShouldSetMessageAndSelector" />
    </UnitTest>
    <UnitTest name="PlaywrightElementNotVisibleException_WithSelector_ShouldSetMessageAndSelector" storage="/workspace/tests/fluentuiscaffold.playwright.tests/bin/debug/net8.0/fluentuiscaffold.playwright.tests.dll" id="bf3e385b-dfdb-8f76-ab68-66223f8891f9">
      <Execution id="04ae7439-46ee-4cd6-be4f-c3c939dc9fa2" />
      <TestMethod codeBase="/workspace/tests/FluentUIScaffold.Playwright.Tests/bin/Debug/net8.0/FluentUIScaffold.Playwright.Tests.dll" adapterTypeName="executor://nunit3testexecutor/" className="FluentUIScaffold.Playwright.Tests.PlaywrightExceptionsTests" name="PlaywrightElementNotVisibleException_WithSelector_ShouldSetMessageAndSelector" />
    </UnitTest>
    <UnitTest name="PlaywrightBrowserStartupException_ShouldInheritFromPlaywrightException" storage="/workspace/tests/fluentuiscaffold.playwright.tests/bin/debug/net8.0/fluentuiscaffold.playwright.tests.dll" id="a9901a4f-2a1e-0b93-d3e6-730637b0b658">
      <Execution id="58e79f1c-67d6-4282-ae76-dc28a01f76eb" />
      <TestMethod codeBase="/workspace/tests/FluentUIScaffold.Playwright.Tests/bin/Debug/net8.0/FluentUIScaffold.Playwright.Tests.dll" adapterTypeName="executor://nunit3testexecutor/" className="FluentUIScaffold.Playwright.Tests.PlaywrightExceptionsTests" name="PlaywrightBrowserStartupException_ShouldInheritFromPlaywrightException" />
    </UnitTest>
    <UnitTest name="WaitForElement_WithVisibleStrategy_ShouldNotThrowException" storage="/workspace/tests/fluentuiscaffold.playwright.tests/bin/debug/net8.0/fluentuiscaffold.playwright.tests.dll" id="0bc0dd3d-4205-ff81-c8aa-57581549ca33">
      <Execution id="769bd371-a154-4ed3-9cfe-b5183c0d467e" />
      <TestMethod codeBase="/workspace/tests/FluentUIScaffold.Playwright.Tests/bin/Debug/net8.0/FluentUIScaffold.Playwright.Tests.dll" adapterTypeName="executor://nunit3testexecutor/" className="FluentUIScaffold.Playwright.Tests.PlaywrightWaitStrategyTests" name="WaitForElement_WithVisibleStrategy_ShouldNotThrowException" />
    </UnitTest>
    <UnitTest name="TakeScreenshotAsync_WithValidParameters_ShouldReturnByteArray" storage="/workspace/tests/fluentuiscaffold.playwright.tests/bin/debug/net8.0/fluentuiscaffold.playwright.tests.dll" id="2a52eb47-2f2b-89a4-1aaf-1041ed903d63">
      <Execution id="018f640d-3dff-4586-b9ff-1c45229e79a3" />
      <TestMethod codeBase="/workspace/tests/FluentUIScaffold.Playwright.Tests/bin/Debug/net8.0/FluentUIScaffold.Playwright.Tests.dll" adapterTypeName="executor://nunit3testexecutor/" className="FluentUIScaffold.Playwright.Tests.PlaywrightAdvancedFeaturesTests" name="TakeScreenshotAsync_WithValidParameters_ShouldReturnByteArray" />
    </UnitTest>
    <UnitTest name="Constructor_WithNullPage_ShouldThrowArgumentNullException" storage="/workspace/tests/fluentuiscaffold.playwright.tests/bin/debug/net8.0/fluentuiscaffold.playwright.tests.dll" id="f62e70a1-30d9-b0fc-8eea-390e512b56f9">
      <Execution id="16a34e16-ed7f-4a03-bb09-398a43fbdfff" />
      <TestMethod codeBase="/workspace/tests/FluentUIScaffold.Playwright.Tests/bin/Debug/net8.0/FluentUIScaffold.Playwright.Tests.dll" adapterTypeName="executor://nunit3testexecutor/" className="FluentUIScaffold.Playwright.Tests.PlaywrightWaitStrategyTests" name="Constructor_WithNullPage_ShouldThrowArgumentNullException" />
    </UnitTest>
    <UnitTest name="PlaywrightTimeoutException_ShouldInheritFromPlaywrightException" storage="/workspace/tests/fluentuiscaffold.playwright.tests/bin/debug/net8.0/fluentuiscaffold.playwright.tests.dll" id="8a988672-c520-f531-e937-e9bc3434963b">
      <Execution id="0de04e1a-6c41-4de3-a808-8451770238e4" />
      <TestMethod codeBase="/workspace/tests/FluentUIScaffold.Playwright.Tests/bin/Debug/net8.0/FluentUIScaffold.Playwright.Tests.dll" adapterTypeName="executor://nunit3testexecutor/" className="FluentUIScaffold.Playwright.Tests.PlaywrightExceptionsTests" name="PlaywrightTimeoutException_ShouldInheritFromPlaywrightException" />
    </UnitTest>
    <UnitTest name="InterceptNetworkRequests_WithEmptyUrlPattern_ShouldThrowArgumentException" storage="/workspace/tests/fluentuiscaffold.playwright.tests/bin/debug/net8.0/fluentuiscaffold.playwright.tests.dll" id="d8f4bef2-a3b9-084c-3bb4-021b9fe3d72e">
      <Execution id="b9c581de-4043-4189-b139-8d8bbd6a9d34" />
      <TestMethod codeBase="/workspace/tests/FluentUIScaffold.Playwright.Tests/bin/Debug/net8.0/FluentUIScaffold.Playwright.Tests.dll" adapterTypeName="executor://nunit3testexecutor/" className="FluentUIScaffold.Playwright.Tests.PlaywrightAdvancedFeaturesTests" name="InterceptNetworkRequests_WithEmptyUrlPattern_ShouldThrowArgumentException" />
    </UnitTest>
    <UnitTest name="NavigateToUrl_WithNullUrl_ShouldThrowArgumentNullException" storage="/workspace/tests/fluentuiscaffold.playwright.tests/bin/debug/net8.0/fluentuiscaffold.playwright.tests.dll" id="df4d6327-e7bc-643e-5619-c31e31143540">
      <Execution id="b87f42ea-da18-4965-baf7-ca993d7dc9ae" />
      <TestMethod codeBase="/workspace/tests/FluentUIScaffold.Playwright.Tests/bin/Debug/net8.0/FluentUIScaffold.Playwright.Tests.dll" adapterTypeName="executor://nunit3testexecutor/" className="FluentUIScaffold.Playwright.Tests.PlaywrightDriverTests" name="NavigateToUrl_WithNullUrl_ShouldThrowArgumentNullException" />
    </UnitTest>
    <UnitTest name="EmulateMobileDeviceAsync_WithEmptyDeviceName_ShouldThrowArgumentException" storage="/workspace/tests/fluentuiscaffold.playwright.tests/bin/debug/net8.0/fluentuiscaffold.playwright.tests.dll" id="8b412a83-eed0-b405-9d7e-9460966d666b">
      <Execution id="e05d8a23-43c1-47d5-891a-d581bc476699" />
      <TestMethod codeBase="/workspace/tests/FluentUIScaffold.Playwright.Tests/bin/Debug/net8.0/FluentUIScaffold.Playwright.Tests.dll" adapterTypeName="executor://nunit3testexecutor/" className="FluentUIScaffold.Playwright.Tests.PlaywrightAdvancedFeaturesTests" name="EmulateMobileDeviceAsync_WithEmptyDeviceName_ShouldThrowArgumentException" />
    </UnitTest>
    <UnitTest name="CanHandle_WithOtherDriverType_ReturnsFalse" storage="/workspace/tests/fluentuiscaffold.playwright.tests/bin/debug/net8.0/fluentuiscaffold.playwright.tests.dll" id="4877fee6-7639-5a08-f7d7-8315d464aac4">
      <Execution id="6baad6c8-4d40-419e-9b7a-5b9d1050205c" />
      <TestMethod codeBase="/workspace/tests/FluentUIScaffold.Playwright.Tests/bin/Debug/net8.0/FluentUIScaffold.Playwright.Tests.dll" adapterTypeName="executor://nunit3testexecutor/" className="FluentUIScaffold.Playwright.Tests.PlaywrightPluginTests" name="CanHandle_WithOtherDriverType_ReturnsFalse" />
    </UnitTest>
    <UnitTest name="PlaywrightBrowserStartupException_WithMessageAndBrowserType_ShouldSetProperties" storage="/workspace/tests/fluentuiscaffold.playwright.tests/bin/debug/net8.0/fluentuiscaffold.playwright.tests.dll" id="e2038e8d-a0ec-f93d-73e6-4ef1063fd72c">
      <Execution id="94393df6-5600-4658-9b0f-c30c4d189b8d" />
      <TestMethod codeBase="/workspace/tests/FluentUIScaffold.Playwright.Tests/bin/Debug/net8.0/FluentUIScaffold.Playwright.Tests.dll" adapterTypeName="executor://nunit3testexecutor/" className="FluentUIScaffold.Playwright.Tests.PlaywrightExceptionsTests" name="PlaywrightBrowserStartupException_WithMessageAndBrowserType_ShouldSetProperties" />
    </UnitTest>
    <UnitTest name="WaitForElementText_WithEmptySelector_ShouldThrowArgumentException" storage="/workspace/tests/fluentuiscaffold.playwright.tests/bin/debug/net8.0/fluentuiscaffold.playwright.tests.dll" id="944f38ad-08f1-a287-da8c-959767d157ca">
      <Execution id="ad638b95-8cf5-4a79-9158-97b65dfc95b8" />
      <TestMethod codeBase="/workspace/tests/FluentUIScaffold.Playwright.Tests/bin/Debug/net8.0/FluentUIScaffold.Playwright.Tests.dll" adapterTypeName="executor://nunit3testexecutor/" className="FluentUIScaffold.Playwright.Tests.PlaywrightWaitStrategyTests" name="WaitForElementText_WithEmptySelector_ShouldThrowArgumentException" />
    </UnitTest>
    <UnitTest name="SelectOption_WithNullSelector_ShouldThrowArgumentException" storage="/workspace/tests/fluentuiscaffold.playwright.tests/bin/debug/net8.0/fluentuiscaffold.playwright.tests.dll" id="a17eff27-7a9d-3fe1-a994-0b42d6f3dc3a">
      <Execution id="5dccb697-c82a-40f7-b32f-fae6c4c503fc" />
      <TestMethod codeBase="/workspace/tests/FluentUIScaffold.Playwright.Tests/bin/Debug/net8.0/FluentUIScaffold.Playwright.Tests.dll" adapterTypeName="executor://nunit3testexecutor/" className="FluentUIScaffold.Playwright.Tests.PlaywrightDriverTests" name="SelectOption_WithNullSelector_ShouldThrowArgumentException" />
    </UnitTest>
    <UnitTest name="Constructor_WithValidOptions_CreatesInstance" storage="/workspace/tests/fluentuiscaffold.playwright.tests/bin/debug/net8.0/fluentuiscaffold.playwright.tests.dll" id="9d8e977a-2daa-bc0b-9397-cfa6dd67da2e">
      <Execution id="728826b6-9c5b-410a-a2dd-07ce468c13ca" />
      <TestMethod codeBase="/workspace/tests/FluentUIScaffold.Playwright.Tests/bin/Debug/net8.0/FluentUIScaffold.Playwright.Tests.dll" adapterTypeName="executor://nunit3testexecutor/" className="FluentUIScaffold.Playwright.Tests.PlaywrightDriverTests" name="Constructor_WithValidOptions_CreatesInstance" />
    </UnitTest>
    <UnitTest name="Constructor_WithNullOptions_ThrowsException" storage="/workspace/tests/fluentuiscaffold.playwright.tests/bin/debug/net8.0/fluentuiscaffold.playwright.tests.dll" id="76ff7f4d-9c8c-06e9-6eaf-d088e0e04505">
      <Execution id="d9a87944-deb3-497a-981a-20014c734446" />
      <TestMethod codeBase="/workspace/tests/FluentUIScaffold.Playwright.Tests/bin/Debug/net8.0/FluentUIScaffold.Playwright.Tests.dll" adapterTypeName="executor://nunit3testexecutor/" className="FluentUIScaffold.Playwright.Tests.PlaywrightDriverTests" name="Constructor_WithNullOptions_ThrowsException" />
    </UnitTest>
    <UnitTest name="SetPermissionsAsync_WithValidPermissions_ShouldNotThrowException" storage="/workspace/tests/fluentuiscaffold.playwright.tests/bin/debug/net8.0/fluentuiscaffold.playwright.tests.dll" id="29b927ce-f540-26d4-d1f1-a1b0b62c4d93">
      <Execution id="afa3be95-1f4b-4d07-994b-9d9cb0be9921" />
      <TestMethod codeBase="/workspace/tests/FluentUIScaffold.Playwright.Tests/bin/Debug/net8.0/FluentUIScaffold.Playwright.Tests.dll" adapterTypeName="executor://nunit3testexecutor/" className="FluentUIScaffold.Playwright.Tests.PlaywrightAdvancedFeaturesTests" name="SetPermissionsAsync_WithValidPermissions_ShouldNotThrowException" />
    </UnitTest>
    <UnitTest name="WaitForNetworkRequestAsync_WithEmptyUrlPattern_ShouldThrowArgumentException" storage="/workspace/tests/fluentuiscaffold.playwright.tests/bin/debug/net8.0/fluentuiscaffold.playwright.tests.dll" id="7def36c3-84cc-de65-8474-fb3817dac248">
      <Execution id="b0339394-d1d8-411b-8e82-860248183f1d" />
      <TestMethod codeBase="/workspace/tests/FluentUIScaffold.Playwright.Tests/bin/Debug/net8.0/FluentUIScaffold.Playwright.Tests.dll" adapterTypeName="executor://nunit3testexecutor/" className="FluentUIScaffold.Playwright.Tests.PlaywrightAdvancedFeaturesTests" name="WaitForNetworkRequestAsync_WithEmptyUrlPattern_ShouldThrowArgumentException" />
    </UnitTest>
    <UnitTest name="Click_WithEmptySelector_ShouldThrowArgumentException" storage="/workspace/tests/fluentuiscaffold.playwright.tests/bin/debug/net8.0/fluentuiscaffold.playwright.tests.dll" id="b5825f7a-1718-d5b8-d745-4d4cf3df9a9b">
      <Execution id="c967f35e-7941-42f0-9c7a-0edadb0a2b93" />
      <TestMethod codeBase="/workspace/tests/FluentUIScaffold.Playwright.Tests/bin/Debug/net8.0/FluentUIScaffold.Playwright.Tests.dll" adapterTypeName="executor://nunit3testexecutor/" className="FluentUIScaffold.Playwright.Tests.PlaywrightDriverTests" name="Click_WithEmptySelector_ShouldThrowArgumentException" />
    </UnitTest>
    <UnitTest name="PlaywrightException_ShouldInheritFromFluentUIScaffoldException" storage="/workspace/tests/fluentuiscaffold.playwright.tests/bin/debug/net8.0/fluentuiscaffold.playwright.tests.dll" id="b08e593a-105a-8f9a-8a16-fc40973c941d">
      <Execution id="bead5d04-4e4c-428d-88b1-5efad932d6f4" />
      <TestMethod codeBase="/workspace/tests/FluentUIScaffold.Playwright.Tests/bin/Debug/net8.0/FluentUIScaffold.Playwright.Tests.dll" adapterTypeName="executor://nunit3testexecutor/" className="FluentUIScaffold.Playwright.Tests.PlaywrightExceptionsTests" name="PlaywrightException_ShouldInheritFromFluentUIScaffoldException" />
    </UnitTest>
    <UnitTest name="StartVideoRecordingAsync_WithNullPath_ShouldThrowArgumentException" storage="/workspace/tests/fluentuiscaffold.playwright.tests/bin/debug/net8.0/fluentuiscaffold.playwright.tests.dll" id="3ffb125b-102b-bde1-b8fc-5af3a8320f3e">
      <Execution id="a322451e-44a5-48ec-9a88-2ccae2efcd08" />
      <TestMethod codeBase="/workspace/tests/FluentUIScaffold.Playwright.Tests/bin/Debug/net8.0/FluentUIScaffold.Playwright.Tests.dll" adapterTypeName="executor://nunit3testexecutor/" className="FluentUIScaffold.Playwright.Tests.PlaywrightAdvancedFeaturesTests" name="StartVideoRecordingAsync_WithNullPath_ShouldThrowArgumentException" />
    </UnitTest>
    <UnitTest name="Type_WithEmptySelector_ShouldThrowArgumentException" storage="/workspace/tests/fluentuiscaffold.playwright.tests/bin/debug/net8.0/fluentuiscaffold.playwright.tests.dll" id="c664cdab-350c-1fb1-39db-9c396900386f">
      <Execution id="12c8d827-92ab-4cf1-b95e-65e4d1f8d13e" />
      <TestMethod codeBase="/workspace/tests/FluentUIScaffold.Playwright.Tests/bin/Debug/net8.0/FluentUIScaffold.Playwright.Tests.dll" adapterTypeName="executor://nunit3testexecutor/" className="FluentUIScaffold.Playwright.Tests.PlaywrightDriverTests" name="Type_WithEmptySelector_ShouldThrowArgumentException" />
    </UnitTest>
    <UnitTest name="PlaywrightElementNotFoundException_WithSelectorAndInnerException_ShouldSetProperties" storage="/workspace/tests/fluentuiscaffold.playwright.tests/bin/debug/net8.0/fluentuiscaffold.playwright.tests.dll" id="91fc287d-2917-073f-d019-a49cedb4c089">
      <Execution id="cec54e60-50ab-46e2-9613-86af6f6a4061" />
      <TestMethod codeBase="/workspace/tests/FluentUIScaffold.Playwright.Tests/bin/Debug/net8.0/FluentUIScaffold.Playwright.Tests.dll" adapterTypeName="executor://nunit3testexecutor/" className="FluentUIScaffold.Playwright.Tests.PlaywrightExceptionsTests" name="PlaywrightElementNotFoundException_WithSelectorAndInnerException_ShouldSetProperties" />
    </UnitTest>
    <UnitTest name="Constructor_WithNullPage_ShouldThrowArgumentNullException" storage="/workspace/tests/fluentuiscaffold.playwright.tests/bin/debug/net8.0/fluentuiscaffold.playwright.tests.dll" id="3498048a-05a3-5fab-e906-09acaee53433">
      <Execution id="b6fe5c25-b718-41ee-9e66-d3e008a47cc1" />
      <TestMethod codeBase="/workspace/tests/FluentUIScaffold.Playwright.Tests/bin/Debug/net8.0/FluentUIScaffold.Playwright.Tests.dll" adapterTypeName="executor://nunit3testexecutor/" className="FluentUIScaffold.Playwright.Tests.PlaywrightAdvancedFeaturesTests" name="Constructor_WithNullPage_ShouldThrowArgumentNullException" />
    </UnitTest>
    <UnitTest name="TakeElementScreenshotAsync_WithNullSelector_ShouldThrowArgumentException" storage="/workspace/tests/fluentuiscaffold.playwright.tests/bin/debug/net8.0/fluentuiscaffold.playwright.tests.dll" id="5637c2bc-4ff0-830b-afbc-8160de8eaeff">
      <Execution id="99ea1f27-5b63-4bc4-be6f-a3f0ee5fd16c" />
      <TestMethod codeBase="/workspace/tests/FluentUIScaffold.Playwright.Tests/bin/Debug/net8.0/FluentUIScaffold.Playwright.Tests.dll" adapterTypeName="executor://nunit3testexecutor/" className="FluentUIScaffold.Playwright.Tests.PlaywrightAdvancedFeaturesTests" name="TakeElementScreenshotAsync_WithNullSelector_ShouldThrowArgumentException" />
    </UnitTest>
    <UnitTest name="WaitForElementToBeHidden_WithNullSelector_ShouldThrowArgumentException" storage="/workspace/tests/fluentuiscaffold.playwright.tests/bin/debug/net8.0/fluentuiscaffold.playwright.tests.dll" id="13205d21-5396-0d73-194f-16064907002f">
      <Execution id="728dc150-4bab-470a-8629-85c001fa52fd" />
      <TestMethod codeBase="/workspace/tests/FluentUIScaffold.Playwright.Tests/bin/Debug/net8.0/FluentUIScaffold.Playwright.Tests.dll" adapterTypeName="executor://nunit3testexecutor/" className="FluentUIScaffold.Playwright.Tests.PlaywrightDriverTests" name="WaitForElementToBeHidden_WithNullSelector_ShouldThrowArgumentException" />
    </UnitTest>
    <UnitTest name="WaitForElement_WithNoneStrategy_ShouldNotThrowException" storage="/workspace/tests/fluentuiscaffold.playwright.tests/bin/debug/net8.0/fluentuiscaffold.playwright.tests.dll" id="1c19d2b9-0d7d-1341-0e1e-577e56b55133">
      <Execution id="5755bcc4-6df9-4d2a-88df-977a04326cb2" />
      <TestMethod codeBase="/workspace/tests/FluentUIScaffold.Playwright.Tests/bin/Debug/net8.0/FluentUIScaffold.Playwright.Tests.dll" adapterTypeName="executor://nunit3testexecutor/" className="FluentUIScaffold.Playwright.Tests.PlaywrightWaitStrategyTests" name="WaitForElement_WithNoneStrategy_ShouldNotThrowException" />
    </UnitTest>
    <UnitTest name="SetPermissionsAsync_WithNullPermissions_ShouldThrowArgumentException" storage="/workspace/tests/fluentuiscaffold.playwright.tests/bin/debug/net8.0/fluentuiscaffold.playwright.tests.dll" id="d8a94e68-473e-230d-959c-c6cb87f94d0d">
      <Execution id="42f3f3d3-fb03-437a-84c6-c73565ca0c68" />
      <TestMethod codeBase="/workspace/tests/FluentUIScaffold.Playwright.Tests/bin/Debug/net8.0/FluentUIScaffold.Playwright.Tests.dll" adapterTypeName="executor://nunit3testexecutor/" className="FluentUIScaffold.Playwright.Tests.PlaywrightAdvancedFeaturesTests" name="SetPermissionsAsync_WithNullPermissions_ShouldThrowArgumentException" />
    </UnitTest>
    <UnitTest name="GetText_WithEmptySelector_ShouldThrowArgumentException" storage="/workspace/tests/fluentuiscaffold.playwright.tests/bin/debug/net8.0/fluentuiscaffold.playwright.tests.dll" id="4ea4703d-971f-8d0f-9080-579d4df73c0e">
      <Execution id="98797a90-bb72-4ec8-ab6a-a814740f6f45" />
      <TestMethod codeBase="/workspace/tests/FluentUIScaffold.Playwright.Tests/bin/Debug/net8.0/FluentUIScaffold.Playwright.Tests.dll" adapterTypeName="executor://nunit3testexecutor/" className="FluentUIScaffold.Playwright.Tests.PlaywrightDriverTests" name="GetText_WithEmptySelector_ShouldThrowArgumentException" />
    </UnitTest>
    <UnitTest name="SelectOption_WithEmptySelector_ShouldThrowArgumentException" storage="/workspace/tests/fluentuiscaffold.playwright.tests/bin/debug/net8.0/fluentuiscaffold.playwright.tests.dll" id="11bf123b-4b49-9aad-cb04-3660819fe124">
      <Execution id="43308e28-b118-43cc-a9c4-3c99a96717aa" />
      <TestMethod codeBase="/workspace/tests/FluentUIScaffold.Playwright.Tests/bin/Debug/net8.0/FluentUIScaffold.Playwright.Tests.dll" adapterTypeName="executor://nunit3testexecutor/" className="FluentUIScaffold.Playwright.Tests.PlaywrightDriverTests" name="SelectOption_WithEmptySelector_ShouldThrowArgumentException" />
    </UnitTest>
    <UnitTest name="WaitForElement_WithDisabledStrategy_ShouldNotThrowException" storage="/workspace/tests/fluentuiscaffold.playwright.tests/bin/debug/net8.0/fluentuiscaffold.playwright.tests.dll" id="3c8cad92-46ed-0873-a4a3-5d20f77cde53">
      <Execution id="9471cab4-ff6e-4f58-a93c-92fb1d07b0df" />
      <TestMethod codeBase="/workspace/tests/FluentUIScaffold.Playwright.Tests/bin/Debug/net8.0/FluentUIScaffold.Playwright.Tests.dll" adapterTypeName="executor://nunit3testexecutor/" className="FluentUIScaffold.Playwright.Tests.PlaywrightWaitStrategyTests" name="WaitForElement_WithDisabledStrategy_ShouldNotThrowException" />
    </UnitTest>
    <UnitTest name="PlaywrightElementNotEnabledException_WithSelectorAndInnerException_ShouldSetProperties" storage="/workspace/tests/fluentuiscaffold.playwright.tests/bin/debug/net8.0/fluentuiscaffold.playwright.tests.dll" id="3ad03a22-2777-d2d4-5f83-9fd05f5245af">
      <Execution id="9c0504f6-8cd6-48c5-be65-1691e197bff6" />
      <TestMethod codeBase="/workspace/tests/FluentUIScaffold.Playwright.Tests/bin/Debug/net8.0/FluentUIScaffold.Playwright.Tests.dll" adapterTypeName="executor://nunit3testexecutor/" className="FluentUIScaffold.Playwright.Tests.PlaywrightExceptionsTests" name="PlaywrightElementNotEnabledException_WithSelectorAndInnerException_ShouldSetProperties" />
    </UnitTest>
    <UnitTest name="GetFrameworkDriver_WithIPageType_ShouldReturnPage" storage="/workspace/tests/fluentuiscaffold.playwright.tests/bin/debug/net8.0/fluentuiscaffold.playwright.tests.dll" id="77b8f1d6-b8c9-e577-da61-e76abc5e190a">
      <Execution id="31b792b5-169b-42c8-83e0-0d12e8782080" />
      <TestMethod codeBase="/workspace/tests/FluentUIScaffold.Playwright.Tests/bin/Debug/net8.0/FluentUIScaffold.Playwright.Tests.dll" adapterTypeName="executor://nunit3testexecutor/" className="FluentUIScaffold.Playwright.Tests.PlaywrightDriverTests" name="GetFrameworkDriver_WithIPageType_ShouldReturnPage" />
    </UnitTest>
    <UnitTest name="IsEnabled_WithNullSelector_ShouldThrowArgumentException" storage="/workspace/tests/fluentuiscaffold.playwright.tests/bin/debug/net8.0/fluentuiscaffold.playwright.tests.dll" id="ceb91d2d-ad4f-bb50-563d-695574499def">
      <Execution id="571fcd04-fe62-4dca-8ef5-204a8efd6baf" />
      <TestMethod codeBase="/workspace/tests/FluentUIScaffold.Playwright.Tests/bin/Debug/net8.0/FluentUIScaffold.Playwright.Tests.dll" adapterTypeName="executor://nunit3testexecutor/" className="FluentUIScaffold.Playwright.Tests.PlaywrightDriverTests" name="IsEnabled_WithNullSelector_ShouldThrowArgumentException" />
    </UnitTest>
    <UnitTest name="TakeElementScreenshotAsync_WithEmptySelector_ShouldThrowArgumentException" storage="/workspace/tests/fluentuiscaffold.playwright.tests/bin/debug/net8.0/fluentuiscaffold.playwright.tests.dll" id="a0b42499-9aa5-d679-1ef3-7d05e5974b9e">
      <Execution id="ca68079d-6b52-49e9-8ba0-babeb17f91a3" />
      <TestMethod codeBase="/workspace/tests/FluentUIScaffold.Playwright.Tests/bin/Debug/net8.0/FluentUIScaffold.Playwright.Tests.dll" adapterTypeName="executor://nunit3testexecutor/" className="FluentUIScaffold.Playwright.Tests.PlaywrightAdvancedFeaturesTests" name="TakeElementScreenshotAsync_WithEmptySelector_ShouldThrowArgumentException" />
    </UnitTest>
    <UnitTest name="SetPermissionsAsync_WithEmptyPermissions_ShouldThrowArgumentException" storage="/workspace/tests/fluentuiscaffold.playwright.tests/bin/debug/net8.0/fluentuiscaffold.playwright.tests.dll" id="f44ad0a1-0847-0f54-bff5-381243908744">
      <Execution id="3724c274-6a4f-4e1d-b907-848b3f0f20c0" />
      <TestMethod codeBase="/workspace/tests/FluentUIScaffold.Playwright.Tests/bin/Debug/net8.0/FluentUIScaffold.Playwright.Tests.dll" adapterTypeName="executor://nunit3testexecutor/" className="FluentUIScaffold.Playwright.Tests.PlaywrightAdvancedFeaturesTests" name="SetPermissionsAsync_WithEmptyPermissions_ShouldThrowArgumentException" />
    </UnitTest>
    <UnitTest name="PlaywrightElementNotVisibleException_WithSelectorAndInnerException_ShouldSetProperties" storage="/workspace/tests/fluentuiscaffold.playwright.tests/bin/debug/net8.0/fluentuiscaffold.playwright.tests.dll" id="cdf95cc8-e652-0533-8bc6-85dc81d809bd">
      <Execution id="b6d3025a-6a93-4a9a-8c99-5fec6e877ac3" />
      <TestMethod codeBase="/workspace/tests/FluentUIScaffold.Playwright.Tests/bin/Debug/net8.0/FluentUIScaffold.Playwright.Tests.dll" adapterTypeName="executor://nunit3testexecutor/" className="FluentUIScaffold.Playwright.Tests.PlaywrightExceptionsTests" name="PlaywrightElementNotVisibleException_WithSelectorAndInnerException_ShouldSetProperties" />
    </UnitTest>
    <UnitTest name="IsEnabled_WithEmptySelector_ShouldThrowArgumentException" storage="/workspace/tests/fluentuiscaffold.playwright.tests/bin/debug/net8.0/fluentuiscaffold.playwright.tests.dll" id="431f452d-c23f-9ca3-4bae-283bd4f22bb9">
      <Execution id="2c774add-e3b4-4439-839c-2c0e7e0d98bc" />
      <TestMethod codeBase="/workspace/tests/FluentUIScaffold.Playwright.Tests/bin/Debug/net8.0/FluentUIScaffold.Playwright.Tests.dll" adapterTypeName="executor://nunit3testexecutor/" className="FluentUIScaffold.Playwright.Tests.PlaywrightDriverTests" name="IsEnabled_WithEmptySelector_ShouldThrowArgumentException" />
    </UnitTest>
    <UnitTest name="IsVisible_WithEmptySelector_ShouldThrowArgumentException" storage="/workspace/tests/fluentuiscaffold.playwright.tests/bin/debug/net8.0/fluentuiscaffold.playwright.tests.dll" id="e8d74a76-a6dc-3af0-710e-e305cc9a27a7">
      <Execution id="795241ba-b5bb-4a7d-858b-4e4ab1e20afd" />
      <TestMethod codeBase="/workspace/tests/FluentUIScaffold.Playwright.Tests/bin/Debug/net8.0/FluentUIScaffold.Playwright.Tests.dll" adapterTypeName="executor://nunit3testexecutor/" className="FluentUIScaffold.Playwright.Tests.PlaywrightDriverTests" name="IsVisible_WithEmptySelector_ShouldThrowArgumentException" />
    </UnitTest>
    <UnitTest name="WaitForElementText_WithNullSelector_ShouldThrowArgumentException" storage="/workspace/tests/fluentuiscaffold.playwright.tests/bin/debug/net8.0/fluentuiscaffold.playwright.tests.dll" id="8213bc5b-42b0-75d7-a534-797053f7517b">
      <Execution id="14c305d0-e554-4d31-9cc3-b0cce65345f7" />
      <TestMethod codeBase="/workspace/tests/FluentUIScaffold.Playwright.Tests/bin/Debug/net8.0/FluentUIScaffold.Playwright.Tests.dll" adapterTypeName="executor://nunit3testexecutor/" className="FluentUIScaffold.Playwright.Tests.PlaywrightWaitStrategyTests" name="WaitForElementText_WithNullSelector_ShouldThrowArgumentException" />
    </UnitTest>
    <UnitTest name="WaitForElement_WithNullSelector_ShouldThrowArgumentException" storage="/workspace/tests/fluentuiscaffold.playwright.tests/bin/debug/net8.0/fluentuiscaffold.playwright.tests.dll" id="4dbe9558-da89-b0af-04d4-50fba6f3e664">
      <Execution id="ffe776b1-424a-4365-bb18-37989b93011a" />
      <TestMethod codeBase="/workspace/tests/FluentUIScaffold.Playwright.Tests/bin/Debug/net8.0/FluentUIScaffold.Playwright.Tests.dll" adapterTypeName="executor://nunit3testexecutor/" className="FluentUIScaffold.Playwright.Tests.PlaywrightDriverTests" name="WaitForElement_WithNullSelector_ShouldThrowArgumentException" />
    </UnitTest>
    <UnitTest name="GetFrameworkDriver_WithIPlaywrightType_ShouldReturnPlaywright" storage="/workspace/tests/fluentuiscaffold.playwright.tests/bin/debug/net8.0/fluentuiscaffold.playwright.tests.dll" id="8ad984d6-7085-8350-03f6-84c69fb96b0b">
      <Execution id="a4e61b35-987f-4577-8c1d-3bf2e106fd4e" />
      <TestMethod codeBase="/workspace/tests/FluentUIScaffold.Playwright.Tests/bin/Debug/net8.0/FluentUIScaffold.Playwright.Tests.dll" adapterTypeName="executor://nunit3testexecutor/" className="FluentUIScaffold.Playwright.Tests.PlaywrightDriverTests" name="GetFrameworkDriver_WithIPlaywrightType_ShouldReturnPlaywright" />
    </UnitTest>
    <UnitTest name="PlaywrightElementNotFoundException_ShouldInheritFromPlaywrightException" storage="/workspace/tests/fluentuiscaffold.playwright.tests/bin/debug/net8.0/fluentuiscaffold.playwright.tests.dll" id="45134bbd-894d-df2d-e054-a81510231f3d">
      <Execution id="3b5fb0f3-52ef-4ec9-bb92-90b451b90f6e" />
      <TestMethod codeBase="/workspace/tests/FluentUIScaffold.Playwright.Tests/bin/Debug/net8.0/FluentUIScaffold.Playwright.Tests.dll" adapterTypeName="executor://nunit3testexecutor/" className="FluentUIScaffold.Playwright.Tests.PlaywrightExceptionsTests" name="PlaywrightElementNotFoundException_ShouldInheritFromPlaywrightException" />
    </UnitTest>
    <UnitTest name="TakeElementScreenshotAsync_WithValidSelector_ShouldReturnByteArray" storage="/workspace/tests/fluentuiscaffold.playwright.tests/bin/debug/net8.0/fluentuiscaffold.playwright.tests.dll" id="471c48b8-3934-9ff4-83c3-85e85475d277">
      <Execution id="01ab7224-9b81-4767-9983-e70ffe42c1c3" />
      <TestMethod codeBase="/workspace/tests/FluentUIScaffold.Playwright.Tests/bin/Debug/net8.0/FluentUIScaffold.Playwright.Tests.dll" adapterTypeName="executor://nunit3testexecutor/" className="FluentUIScaffold.Playwright.Tests.PlaywrightAdvancedFeaturesTests" name="TakeElementScreenshotAsync_WithValidSelector_ShouldReturnByteArray" />
    </UnitTest>
    <UnitTest name="Constructor_WithLogger_ShouldCreateDriver" storage="/workspace/tests/fluentuiscaffold.playwright.tests/bin/debug/net8.0/fluentuiscaffold.playwright.tests.dll" id="3ff93f72-7ce5-5fab-8610-20cbfcaf06d2">
      <Execution id="e1a0f8b0-8efb-460b-8ba9-172a6246aeb8" />
      <TestMethod codeBase="/workspace/tests/FluentUIScaffold.Playwright.Tests/bin/Debug/net8.0/FluentUIScaffold.Playwright.Tests.dll" adapterTypeName="executor://nunit3testexecutor/" className="FluentUIScaffold.Playwright.Tests.PlaywrightDriverTests" name="Constructor_WithLogger_ShouldCreateDriver" />
    </UnitTest>
    <UnitTest name="PlaywrightElementNotEnabledException_ShouldInheritFromPlaywrightException" storage="/workspace/tests/fluentuiscaffold.playwright.tests/bin/debug/net8.0/fluentuiscaffold.playwright.tests.dll" id="4037d24c-70f3-df4c-51c5-e323f0c729ef">
      <Execution id="87336170-a13a-4e0b-b1f6-47cc7bb94f77" />
      <TestMethod codeBase="/workspace/tests/FluentUIScaffold.Playwright.Tests/bin/Debug/net8.0/FluentUIScaffold.Playwright.Tests.dll" adapterTypeName="executor://nunit3testexecutor/" className="FluentUIScaffold.Playwright.Tests.PlaywrightExceptionsTests" name="PlaywrightElementNotEnabledException_ShouldInheritFromPlaywrightException" />
    </UnitTest>
    <UnitTest name="Dispose_ShouldBeCallableMultipleTimes" storage="/workspace/tests/fluentuiscaffold.playwright.tests/bin/debug/net8.0/fluentuiscaffold.playwright.tests.dll" id="b2ab8ddd-ea45-0e6e-e413-55319ef7b10b">
      <Execution id="d26b4c91-4a77-4d1c-a3fd-418ebb133c9b" />
      <TestMethod codeBase="/workspace/tests/FluentUIScaffold.Playwright.Tests/bin/Debug/net8.0/FluentUIScaffold.Playwright.Tests.dll" adapterTypeName="executor://nunit3testexecutor/" className="FluentUIScaffold.Playwright.Tests.PlaywrightDriverTests" name="Dispose_ShouldBeCallableMultipleTimes" />
    </UnitTest>
    <UnitTest name="PlaywrightTimeoutException_WithDefaultTimeout_ShouldSetDefaultTimeout" storage="/workspace/tests/fluentuiscaffold.playwright.tests/bin/debug/net8.0/fluentuiscaffold.playwright.tests.dll" id="705b3a66-7abb-be15-4d76-eeeccbd1e039">
      <Execution id="c9c5c7fc-65e1-44c0-8471-0210bd23b510" />
      <TestMethod codeBase="/workspace/tests/FluentUIScaffold.Playwright.Tests/bin/Debug/net8.0/FluentUIScaffold.Playwright.Tests.dll" adapterTypeName="executor://nunit3testexecutor/" className="FluentUIScaffold.Playwright.Tests.PlaywrightExceptionsTests" name="PlaywrightTimeoutException_WithDefaultTimeout_ShouldSetDefaultTimeout" />
    </UnitTest>
    <UnitTest name="PlaywrightBrowserStartupException_WithMessageBrowserTypeAndInnerException_ShouldSetProperties" storage="/workspace/tests/fluentuiscaffold.playwright.tests/bin/debug/net8.0/fluentuiscaffold.playwright.tests.dll" id="77166824-4ddf-283f-a4fc-781ad7e809a3">
      <Execution id="554227d6-7ee9-433e-9e18-551f29c5e1a7" />
      <TestMethod codeBase="/workspace/tests/FluentUIScaffold.Playwright.Tests/bin/Debug/net8.0/FluentUIScaffold.Playwright.Tests.dll" adapterTypeName="executor://nunit3testexecutor/" className="FluentUIScaffold.Playwright.Tests.PlaywrightExceptionsTests" name="PlaywrightBrowserStartupException_WithMessageBrowserTypeAndInnerException_ShouldSetProperties" />
    </UnitTest>
    <UnitTest name="WaitForElement_WithHiddenStrategy_ShouldNotThrowException" storage="/workspace/tests/fluentuiscaffold.playwright.tests/bin/debug/net8.0/fluentuiscaffold.playwright.tests.dll" id="fa631617-c65d-b7c1-e160-e4d485baa491">
      <Execution id="1fb2b1b8-e106-4981-b752-3de68814f5c8" />
      <TestMethod codeBase="/workspace/tests/FluentUIScaffold.Playwright.Tests/bin/Debug/net8.0/FluentUIScaffold.Playwright.Tests.dll" adapterTypeName="executor://nunit3testexecutor/" className="FluentUIScaffold.Playwright.Tests.PlaywrightWaitStrategyTests" name="WaitForElement_WithHiddenStrategy_ShouldNotThrowException" />
    </UnitTest>
    <UnitTest name="PlaywrightNavigationException_ShouldInheritFromPlaywrightException" storage="/workspace/tests/fluentuiscaffold.playwright.tests/bin/debug/net8.0/fluentuiscaffold.playwright.tests.dll" id="42fb382d-1c8c-a4e5-48a8-bcf25cccc671">
      <Execution id="22dbb1b1-389f-46f7-97ef-fbc98e10929f" />
      <TestMethod codeBase="/workspace/tests/FluentUIScaffold.Playwright.Tests/bin/Debug/net8.0/FluentUIScaffold.Playwright.Tests.dll" adapterTypeName="executor://nunit3testexecutor/" className="FluentUIScaffold.Playwright.Tests.PlaywrightExceptionsTests" name="PlaywrightNavigationException_ShouldInheritFromPlaywrightException" />
    </UnitTest>
    <UnitTest name="PlaywrightException_WithMessageSelectorAndInnerException_ShouldSetProperties" storage="/workspace/tests/fluentuiscaffold.playwright.tests/bin/debug/net8.0/fluentuiscaffold.playwright.tests.dll" id="4f4ef7fd-36f7-ba05-36a3-7b3f66834768">
      <Execution id="32ae54b3-326b-4670-9c55-b8e6af31f4a2" />
      <TestMethod codeBase="/workspace/tests/FluentUIScaffold.Playwright.Tests/bin/Debug/net8.0/FluentUIScaffold.Playwright.Tests.dll" adapterTypeName="executor://nunit3testexecutor/" className="FluentUIScaffold.Playwright.Tests.PlaywrightExceptionsTests" name="PlaywrightException_WithMessageSelectorAndInnerException_ShouldSetProperties" />
    </UnitTest>
    <UnitTest name="Dispose_DisposesCorrectly" storage="/workspace/tests/fluentuiscaffold.playwright.tests/bin/debug/net8.0/fluentuiscaffold.playwright.tests.dll" id="27a6b503-6d8a-6bf4-22e7-91fa4a9610ae">
      <Execution id="c1c7b81e-d852-4564-b423-cd1434497bc4" />
      <TestMethod codeBase="/workspace/tests/FluentUIScaffold.Playwright.Tests/bin/Debug/net8.0/FluentUIScaffold.Playwright.Tests.dll" adapterTypeName="executor://nunit3testexecutor/" className="FluentUIScaffold.Playwright.Tests.PlaywrightDriverTests" name="Dispose_DisposesCorrectly" />
    </UnitTest>
    <UnitTest name="InterceptNetworkRequests_WithNullUrlPattern_ShouldThrowArgumentException" storage="/workspace/tests/fluentuiscaffold.playwright.tests/bin/debug/net8.0/fluentuiscaffold.playwright.tests.dll" id="29102099-3023-58e6-1b9e-94381bd37eb7">
      <Execution id="f6cba1f8-7e51-4437-9406-ee7ec9499d03" />
      <TestMethod codeBase="/workspace/tests/FluentUIScaffold.Playwright.Tests/bin/Debug/net8.0/FluentUIScaffold.Playwright.Tests.dll" adapterTypeName="executor://nunit3testexecutor/" className="FluentUIScaffold.Playwright.Tests.PlaywrightAdvancedFeaturesTests" name="InterceptNetworkRequests_WithNullUrlPattern_ShouldThrowArgumentException" />
    </UnitTest>
    <UnitTest name="PlaywrightBrowserStartupException_WithNullBrowserType_ShouldSetBrowserTypeToNull" storage="/workspace/tests/fluentuiscaffold.playwright.tests/bin/debug/net8.0/fluentuiscaffold.playwright.tests.dll" id="cd2fb9d4-c210-d572-239c-0d75835cfc5e">
      <Execution id="57c46874-8059-4f7e-b826-a3c2266029a3" />
      <TestMethod codeBase="/workspace/tests/FluentUIScaffold.Playwright.Tests/bin/Debug/net8.0/FluentUIScaffold.Playwright.Tests.dll" adapterTypeName="executor://nunit3testexecutor/" className="FluentUIScaffold.Playwright.Tests.PlaywrightExceptionsTests" name="PlaywrightBrowserStartupException_WithNullBrowserType_ShouldSetBrowserTypeToNull" />
    </UnitTest>
    <UnitTest name="Constructor_WithValidPage_ShouldCreateFeatures" storage="/workspace/tests/fluentuiscaffold.playwright.tests/bin/debug/net8.0/fluentuiscaffold.playwright.tests.dll" id="b4a2eecf-9a99-b799-a456-523f1eb6e158">
      <Execution id="85e9dcc0-f2fc-4a02-b856-c49798129cb3" />
      <TestMethod codeBase="/workspace/tests/FluentUIScaffold.Playwright.Tests/bin/Debug/net8.0/FluentUIScaffold.Playwright.Tests.dll" adapterTypeName="executor://nunit3testexecutor/" className="FluentUIScaffold.Playwright.Tests.PlaywrightAdvancedFeaturesTests" name="Constructor_WithValidPage_ShouldCreateFeatures" />
    </UnitTest>
    <UnitTest name="EmulateMobileDeviceAsync_WithValidDeviceName_ShouldNotThrowException" storage="/workspace/tests/fluentuiscaffold.playwright.tests/bin/debug/net8.0/fluentuiscaffold.playwright.tests.dll" id="a7110f0d-1515-f79f-160d-c973adc19695">
      <Execution id="e7cf65b9-e9e9-4f27-abab-4e25ed136cb4" />
      <TestMethod codeBase="/workspace/tests/FluentUIScaffold.Playwright.Tests/bin/Debug/net8.0/FluentUIScaffold.Playwright.Tests.dll" adapterTypeName="executor://nunit3testexecutor/" className="FluentUIScaffold.Playwright.Tests.PlaywrightAdvancedFeaturesTests" name="EmulateMobileDeviceAsync_WithValidDeviceName_ShouldNotThrowException" />
    </UnitTest>
    <UnitTest name="WaitForElementToBeVisible_WithNullSelector_ShouldThrowArgumentException" storage="/workspace/tests/fluentuiscaffold.playwright.tests/bin/debug/net8.0/fluentuiscaffold.playwright.tests.dll" id="8b1d7b5e-1d6e-fbde-e6fa-a6405decaab9">
      <Execution id="f5ec5be1-0b3d-4069-b85d-615228024d21" />
      <TestMethod codeBase="/workspace/tests/FluentUIScaffold.Playwright.Tests/bin/Debug/net8.0/FluentUIScaffold.Playwright.Tests.dll" adapterTypeName="executor://nunit3testexecutor/" className="FluentUIScaffold.Playwright.Tests.PlaywrightDriverTests" name="WaitForElementToBeVisible_WithNullSelector_ShouldThrowArgumentException" />
    </UnitTest>
    <UnitTest name="AddInitScriptAsync_WithValidScript_ShouldNotThrowException" storage="/workspace/tests/fluentuiscaffold.playwright.tests/bin/debug/net8.0/fluentuiscaffold.playwright.tests.dll" id="ba32e0e1-6ed8-0e3a-e188-0c4b4bac2eae">
      <Execution id="bee52a8c-c4e4-42f3-b7db-92d9454a5f73" />
      <TestMethod codeBase="/workspace/tests/FluentUIScaffold.Playwright.Tests/bin/Debug/net8.0/FluentUIScaffold.Playwright.Tests.dll" adapterTypeName="executor://nunit3testexecutor/" className="FluentUIScaffold.Playwright.Tests.PlaywrightAdvancedFeaturesTests" name="AddInitScriptAsync_WithValidScript_ShouldNotThrowException" />
    </UnitTest>
    <UnitTest name="EvaluateJavaScriptAsync_WithValidScript_ShouldReturnResult" storage="/workspace/tests/fluentuiscaffold.playwright.tests/bin/debug/net8.0/fluentuiscaffold.playwright.tests.dll" id="362c113e-5702-d90c-7ecb-13bbbfd61463">
      <Execution id="9403b5e9-bad7-47e0-aa7a-c16d931fae4c" />
      <TestMethod codeBase="/workspace/tests/FluentUIScaffold.Playwright.Tests/bin/Debug/net8.0/FluentUIScaffold.Playwright.Tests.dll" adapterTypeName="executor://nunit3testexecutor/" className="FluentUIScaffold.Playwright.Tests.PlaywrightAdvancedFeaturesTests" name="EvaluateJavaScriptAsync_WithValidScript_ShouldReturnResult" />
    </UnitTest>
    <UnitTest name="WaitForElementToBeHidden_WithEmptySelector_ShouldThrowArgumentException" storage="/workspace/tests/fluentuiscaffold.playwright.tests/bin/debug/net8.0/fluentuiscaffold.playwright.tests.dll" id="93c9e350-5104-a6bd-9d83-106bac79dae7">
      <Execution id="03591e36-4134-497f-a024-622aa1a4b029" />
      <TestMethod codeBase="/workspace/tests/FluentUIScaffold.Playwright.Tests/bin/Debug/net8.0/FluentUIScaffold.Playwright.Tests.dll" adapterTypeName="executor://nunit3testexecutor/" className="FluentUIScaffold.Playwright.Tests.PlaywrightDriverTests" name="WaitForElementToBeHidden_WithEmptySelector_ShouldThrowArgumentException" />
    </UnitTest>
  </TestDefinitions>
  <TestEntries>
    <TestEntry testId="eae310e3-db41-6fc8-d145-0be80a4f2556" executionId="195a4b25-9118-4560-81b6-b3dec8280095" testListId="8c84fa94-04c1-424b-9868-57a2d4851a1d" />
    <TestEntry testId="a5d32aa4-c3a6-e1da-183c-f4e414cd9910" executionId="d805d51d-c5e5-4d65-acdc-6c620fdb3e89" testListId="8c84fa94-04c1-424b-9868-57a2d4851a1d" />
    <TestEntry testId="2a52eb47-2f2b-89a4-1aaf-1041ed903d63" executionId="018f640d-3dff-4586-b9ff-1c45229e79a3" testListId="8c84fa94-04c1-424b-9868-57a2d4851a1d" />
    <TestEntry testId="b2ab8ddd-ea45-0e6e-e413-55319ef7b10b" executionId="d26b4c91-4a77-4d1c-a3fd-418ebb133c9b" testListId="8c84fa94-04c1-424b-9868-57a2d4851a1d" />
    <TestEntry testId="e5737d36-51a6-dc2d-8804-78bd59fa91a2" executionId="30d30287-ca21-4a47-8922-c0c45003bbb0" testListId="8c84fa94-04c1-424b-9868-57a2d4851a1d" />
    <TestEntry testId="3c8cad92-46ed-0873-a4a3-5d20f77cde53" executionId="9471cab4-ff6e-4f58-a93c-92fb1d07b0df" testListId="8c84fa94-04c1-424b-9868-57a2d4851a1d" />
    <TestEntry testId="89d34624-71ad-44f5-abfd-0f410f0823b2" executionId="547e0853-19e6-46cc-85e9-186ab4ac277f" testListId="8c84fa94-04c1-424b-9868-57a2d4851a1d" />
    <TestEntry testId="ce9a076c-9acd-572b-8425-afddb1c89e02" executionId="fd4fd441-e129-4410-9fc6-1dc68d12faef" testListId="8c84fa94-04c1-424b-9868-57a2d4851a1d" />
    <TestEntry testId="8e4e42a9-cbeb-2ffe-badb-66dcdda7de9a" executionId="159f92b9-9b55-4a02-9091-84441cfeee26" testListId="8c84fa94-04c1-424b-9868-57a2d4851a1d" />
    <TestEntry testId="5637c2bc-4ff0-830b-afbc-8160de8eaeff" executionId="99ea1f27-5b63-4bc4-be6f-a3f0ee5fd16c" testListId="8c84fa94-04c1-424b-9868-57a2d4851a1d" />
    <TestEntry testId="a17eff27-7a9d-3fe1-a994-0b42d6f3dc3a" executionId="5dccb697-c82a-40f7-b32f-fae6c4c503fc" testListId="8c84fa94-04c1-424b-9868-57a2d4851a1d" />
    <TestEntry testId="ce7ef0ae-30d6-cbcc-bdb4-d03420e984dd" executionId="3d227490-cab5-4e0e-9991-9fed9501f47a" testListId="8c84fa94-04c1-424b-9868-57a2d4851a1d" />
    <TestEntry testId="b4a2eecf-9a99-b799-a456-523f1eb6e158" executionId="85e9dcc0-f2fc-4a02-b856-c49798129cb3" testListId="8c84fa94-04c1-424b-9868-57a2d4851a1d" />
    <TestEntry testId="2b967a35-4f93-7672-b237-6aff698f6ce5" executionId="7f2e8476-5ee8-41f6-a965-7a4229e9887e" testListId="8c84fa94-04c1-424b-9868-57a2d4851a1d" />
    <TestEntry testId="4c697dac-7fda-ed9a-8482-a66b241202c5" executionId="7e05b3b6-1b21-49db-954f-565c7c71d654" testListId="8c84fa94-04c1-424b-9868-57a2d4851a1d" />
    <TestEntry testId="95496f37-19bd-a3f6-2a2c-3d627f1301ea" executionId="abbcdeb3-ab04-4e5d-8aa0-2da450ae623f" testListId="8c84fa94-04c1-424b-9868-57a2d4851a1d" />
    <TestEntry testId="f7945da7-05fc-93b2-6c8b-30796e4537e2" executionId="b7a7ce9c-ea97-4da0-ac8e-d7e4dc2c56d6" testListId="8c84fa94-04c1-424b-9868-57a2d4851a1d" />
    <TestEntry testId="13205d21-5396-0d73-194f-16064907002f" executionId="728dc150-4bab-470a-8629-85c001fa52fd" testListId="8c84fa94-04c1-424b-9868-57a2d4851a1d" />
    <TestEntry testId="91fc287d-2917-073f-d019-a49cedb4c089" executionId="cec54e60-50ab-46e2-9613-86af6f6a4061" testListId="8c84fa94-04c1-424b-9868-57a2d4851a1d" />
    <TestEntry testId="3498048a-05a3-5fab-e906-09acaee53433" executionId="b6fe5c25-b718-41ee-9e66-d3e008a47cc1" testListId="8c84fa94-04c1-424b-9868-57a2d4851a1d" />
    <TestEntry testId="45856250-19cb-ef6e-6149-9cc71288bcb7" executionId="59d7d873-c297-49da-9eec-3b954bd383b5" testListId="8c84fa94-04c1-424b-9868-57a2d4851a1d" />
    <TestEntry testId="7129b340-9055-6f76-82b2-850b838de151" executionId="8372b645-80c2-4959-9c48-2fb1820a2000" testListId="8c84fa94-04c1-424b-9868-57a2d4851a1d" />
    <TestEntry testId="4f4ef7fd-36f7-ba05-36a3-7b3f66834768" executionId="32ae54b3-326b-4670-9c55-b8e6af31f4a2" testListId="8c84fa94-04c1-424b-9868-57a2d4851a1d" />
    <TestEntry testId="93c9e350-5104-a6bd-9d83-106bac79dae7" executionId="03591e36-4134-497f-a024-622aa1a4b029" testListId="8c84fa94-04c1-424b-9868-57a2d4851a1d" />
    <TestEntry testId="11bf123b-4b49-9aad-cb04-3660819fe124" executionId="43308e28-b118-43cc-a9c4-3c99a96717aa" testListId="8c84fa94-04c1-424b-9868-57a2d4851a1d" />
    <TestEntry testId="4877fee6-7639-5a08-f7d7-8315d464aac4" executionId="6baad6c8-4d40-419e-9b7a-5b9d1050205c" testListId="8c84fa94-04c1-424b-9868-57a2d4851a1d" />
    <TestEntry testId="8a988672-c520-f531-e937-e9bc3434963b" executionId="0de04e1a-6c41-4de3-a808-8451770238e4" testListId="8c84fa94-04c1-424b-9868-57a2d4851a1d" />
    <TestEntry testId="f18c7ad7-eb0f-06f7-7be6-b1c9e4fa00a2" executionId="0312234f-82fe-418f-8fac-3811c0cd0cba" testListId="8c84fa94-04c1-424b-9868-57a2d4851a1d" />
    <TestEntry testId="431f452d-c23f-9ca3-4bae-283bd4f22bb9" executionId="2c774add-e3b4-4439-839c-2c0e7e0d98bc" testListId="8c84fa94-04c1-424b-9868-57a2d4851a1d" />
    <TestEntry testId="ef42b422-8ac9-4685-b465-5741dfd4e276" executionId="d7be3b49-21de-420b-ada7-c1491dc48f47" testListId="8c84fa94-04c1-424b-9868-57a2d4851a1d" />
    <TestEntry testId="1c19d2b9-0d7d-1341-0e1e-577e56b55133" executionId="5755bcc4-6df9-4d2a-88df-977a04326cb2" testListId="8c84fa94-04c1-424b-9868-57a2d4851a1d" />
    <TestEntry testId="9d8e977a-2daa-bc0b-9397-cfa6dd67da2e" executionId="728826b6-9c5b-410a-a2dd-07ce468c13ca" testListId="8c84fa94-04c1-424b-9868-57a2d4851a1d" />
    <TestEntry testId="29b927ce-f540-26d4-d1f1-a1b0b62c4d93" executionId="afa3be95-1f4b-4d07-994b-9d9cb0be9921" testListId="8c84fa94-04c1-424b-9868-57a2d4851a1d" />
    <TestEntry testId="4d512506-d61d-6e99-e5c8-886efba56d40" executionId="bc6e19a0-6689-4fe9-9afe-04f43819c6b7" testListId="8c84fa94-04c1-424b-9868-57a2d4851a1d" />
    <TestEntry testId="df4d6327-e7bc-643e-5619-c31e31143540" executionId="b87f42ea-da18-4965-baf7-ca993d7dc9ae" testListId="8c84fa94-04c1-424b-9868-57a2d4851a1d" />
    <TestEntry testId="25abdc2d-45ef-3e74-73db-d094b04fac31" executionId="e43abc43-e867-45c5-92fd-b938ad529bef" testListId="8c84fa94-04c1-424b-9868-57a2d4851a1d" />
    <TestEntry testId="471c48b8-3934-9ff4-83c3-85e85475d277" executionId="01ab7224-9b81-4767-9983-e70ffe42c1c3" testListId="8c84fa94-04c1-424b-9868-57a2d4851a1d" />
    <TestEntry testId="ae12414c-2a3b-8fba-bfbc-5cc41bbf8493" executionId="c0c8a217-8d6d-4181-9c64-553704726856" testListId="8c84fa94-04c1-424b-9868-57a2d4851a1d" />
    <TestEntry testId="e8d74a76-a6dc-3af0-710e-e305cc9a27a7" executionId="795241ba-b5bb-4a7d-858b-4e4ab1e20afd" testListId="8c84fa94-04c1-424b-9868-57a2d4851a1d" />
    <TestEntry testId="fa631617-c65d-b7c1-e160-e4d485baa491" executionId="1fb2b1b8-e106-4981-b752-3de68814f5c8" testListId="8c84fa94-04c1-424b-9868-57a2d4851a1d" />
    <TestEntry testId="cdf95cc8-e652-0533-8bc6-85dc81d809bd" executionId="b6d3025a-6a93-4a9a-8c99-5fec6e877ac3" testListId="8c84fa94-04c1-424b-9868-57a2d4851a1d" />
    <TestEntry testId="bcd1ca03-417a-4076-e596-5bfcbb44e0e2" executionId="80b66816-3d21-45e8-8663-99d97f8445df" testListId="8c84fa94-04c1-424b-9868-57a2d4851a1d" />
    <TestEntry testId="ba32e0e1-6ed8-0e3a-e188-0c4b4bac2eae" executionId="bee52a8c-c4e4-42f3-b7db-92d9454a5f73" testListId="8c84fa94-04c1-424b-9868-57a2d4851a1d" />
    <TestEntry testId="bf3e385b-dfdb-8f76-ab68-66223f8891f9" executionId="04ae7439-46ee-4cd6-be4f-c3c939dc9fa2" testListId="8c84fa94-04c1-424b-9868-57a2d4851a1d" />
    <TestEntry testId="4037d24c-70f3-df4c-51c5-e323f0c729ef" executionId="87336170-a13a-4e0b-b1f6-47cc7bb94f77" testListId="8c84fa94-04c1-424b-9868-57a2d4851a1d" />
    <TestEntry testId="7def36c3-84cc-de65-8474-fb3817dac248" executionId="b0339394-d1d8-411b-8e82-860248183f1d" testListId="8c84fa94-04c1-424b-9868-57a2d4851a1d" />
    <TestEntry testId="76ff7f4d-9c8c-06e9-6eaf-d088e0e04505" executionId="d9a87944-deb3-497a-981a-20014c734446" testListId="8c84fa94-04c1-424b-9868-57a2d4851a1d" />
    <TestEntry testId="a7110f0d-1515-f79f-160d-c973adc19695" executionId="e7cf65b9-e9e9-4f27-abab-4e25ed136cb4" testListId="8c84fa94-04c1-424b-9868-57a2d4851a1d" />
    <TestEntry testId="98ab0928-473a-f0b2-1c0f-979f2f5dd59d" executionId="2e822dd9-293b-4bc3-89eb-b8cb89356cc1" testListId="8c84fa94-04c1-424b-9868-57a2d4851a1d" />
    <TestEntry testId="81987c09-bfbe-10db-7f52-1c7de4cb6a0e" executionId="22552eca-6849-4b35-9137-f2b1f52ca233" testListId="8c84fa94-04c1-424b-9868-57a2d4851a1d" />
    <TestEntry testId="4ea4703d-971f-8d0f-9080-579d4df73c0e" executionId="98797a90-bb72-4ec8-ab6a-a814740f6f45" testListId="8c84fa94-04c1-424b-9868-57a2d4851a1d" />
    <TestEntry testId="815098b5-efab-3788-b82b-7c2f40ad7411" executionId="bb108c6d-16cf-45ef-8598-21d7644ee71a" testListId="8c84fa94-04c1-424b-9868-57a2d4851a1d" />
    <TestEntry testId="babf245e-61e1-cd79-5730-5304e9bd7511" executionId="894c45b0-3905-42a7-b02b-6b525b1d7996" testListId="8c84fa94-04c1-424b-9868-57a2d4851a1d" />
    <TestEntry testId="705b3a66-7abb-be15-4d76-eeeccbd1e039" executionId="c9c5c7fc-65e1-44c0-8471-0210bd23b510" testListId="8c84fa94-04c1-424b-9868-57a2d4851a1d" />
    <TestEntry testId="ab7fb356-7440-899e-cd01-0e36beaea533" executionId="e768e15b-512f-4dda-9df2-6e7830aeabff" testListId="8c84fa94-04c1-424b-9868-57a2d4851a1d" />
    <TestEntry testId="42fb382d-1c8c-a4e5-48a8-bcf25cccc671" executionId="22dbb1b1-389f-46f7-97ef-fbc98e10929f" testListId="8c84fa94-04c1-424b-9868-57a2d4851a1d" />
    <TestEntry testId="29102099-3023-58e6-1b9e-94381bd37eb7" executionId="f6cba1f8-7e51-4437-9406-ee7ec9499d03" testListId="8c84fa94-04c1-424b-9868-57a2d4851a1d" />
    <TestEntry testId="34add508-2a70-84a8-717f-061411066a1d" executionId="840a7f49-2137-49d8-bbb9-6c45ece1f240" testListId="8c84fa94-04c1-424b-9868-57a2d4851a1d" />
    <TestEntry testId="d35e5fdf-75d0-2f95-568c-44152552faab" executionId="7f57777e-78f6-48b1-9054-2e10a8e86381" testListId="8c84fa94-04c1-424b-9868-57a2d4851a1d" />
    <TestEntry testId="362c113e-5702-d90c-7ecb-13bbbfd61463" executionId="9403b5e9-bad7-47e0-aa7a-c16d931fae4c" testListId="8c84fa94-04c1-424b-9868-57a2d4851a1d" />
    <TestEntry testId="8ad984d6-7085-8350-03f6-84c69fb96b0b" executionId="a4e61b35-987f-4577-8c1d-3bf2e106fd4e" testListId="8c84fa94-04c1-424b-9868-57a2d4851a1d" />
    <TestEntry testId="77b8f1d6-b8c9-e577-da61-e76abc5e190a" executionId="31b792b5-169b-42c8-83e0-0d12e8782080" testListId="8c84fa94-04c1-424b-9868-57a2d4851a1d" />
    <TestEntry testId="5d8f4898-8bd2-03b0-b2a9-5666b648c3a8" executionId="2a74f889-4ff3-4d21-82a6-bdf9bdc92964" testListId="8c84fa94-04c1-424b-9868-57a2d4851a1d" />
    <TestEntry testId="6d764fe3-fd38-7c7c-3992-4f2ce7db3d78" executionId="24bfad92-1290-478d-b89a-ef990f0b118b" testListId="8c84fa94-04c1-424b-9868-57a2d4851a1d" />
    <TestEntry testId="b658b339-aeef-29fb-d21b-40e08f77927d" executionId="b15f9cc9-e739-4780-b0bf-6c158aa488d4" testListId="8c84fa94-04c1-424b-9868-57a2d4851a1d" />
    <TestEntry testId="8b1d7b5e-1d6e-fbde-e6fa-a6405decaab9" executionId="f5ec5be1-0b3d-4069-b85d-615228024d21" testListId="8c84fa94-04c1-424b-9868-57a2d4851a1d" />
    <TestEntry testId="3b14417e-ad23-ef34-465a-8ff764684d0a" executionId="b0de5dbf-00d0-4320-8379-76ba77c33345" testListId="8c84fa94-04c1-424b-9868-57a2d4851a1d" />
    <TestEntry testId="8bfbe005-5221-22b1-278d-cb9bd37053a6" executionId="54937f0f-109c-49b5-93a1-823c5f618535" testListId="8c84fa94-04c1-424b-9868-57a2d4851a1d" />
    <TestEntry testId="c664cdab-350c-1fb1-39db-9c396900386f" executionId="12c8d827-92ab-4cf1-b95e-65e4d1f8d13e" testListId="8c84fa94-04c1-424b-9868-57a2d4851a1d" />
    <TestEntry testId="cd2fb9d4-c210-d572-239c-0d75835cfc5e" executionId="57c46874-8059-4f7e-b826-a3c2266029a3" testListId="8c84fa94-04c1-424b-9868-57a2d4851a1d" />
    <TestEntry testId="e44936e1-43c5-f732-a194-48ac2203688b" executionId="175052fd-5924-4d5b-9bb5-4a18afb564e6" testListId="8c84fa94-04c1-424b-9868-57a2d4851a1d" />
    <TestEntry testId="d8a94e68-473e-230d-959c-c6cb87f94d0d" executionId="42f3f3d3-fb03-437a-84c6-c73565ca0c68" testListId="8c84fa94-04c1-424b-9868-57a2d4851a1d" />
    <TestEntry testId="0bc0dd3d-4205-ff81-c8aa-57581549ca33" executionId="769bd371-a154-4ed3-9cfe-b5183c0d467e" testListId="8c84fa94-04c1-424b-9868-57a2d4851a1d" />
    <TestEntry testId="c5ace3fd-819e-bba6-cdba-2401aa2b6b10" executionId="1977e63f-309c-4196-9b2a-0fc61fc91a02" testListId="8c84fa94-04c1-424b-9868-57a2d4851a1d" />
    <TestEntry testId="ff27c3ee-967a-d5b0-28a4-0b2f2d102b00" executionId="d7007aad-f2da-4a8c-877b-475fd2368d35" testListId="8c84fa94-04c1-424b-9868-57a2d4851a1d" />
    <TestEntry testId="f44ad0a1-0847-0f54-bff5-381243908744" executionId="3724c274-6a4f-4e1d-b907-848b3f0f20c0" testListId="8c84fa94-04c1-424b-9868-57a2d4851a1d" />
    <TestEntry testId="e2038e8d-a0ec-f93d-73e6-4ef1063fd72c" executionId="94393df6-5600-4658-9b0f-c30c4d189b8d" testListId="8c84fa94-04c1-424b-9868-57a2d4851a1d" />
    <TestEntry testId="f62e70a1-30d9-b0fc-8eea-390e512b56f9" executionId="16a34e16-ed7f-4a03-bb09-398a43fbdfff" testListId="8c84fa94-04c1-424b-9868-57a2d4851a1d" />
    <TestEntry testId="45134bbd-894d-df2d-e054-a81510231f3d" executionId="3b5fb0f3-52ef-4ec9-bb92-90b451b90f6e" testListId="8c84fa94-04c1-424b-9868-57a2d4851a1d" />
    <TestEntry testId="8b412a83-eed0-b405-9d7e-9460966d666b" executionId="e05d8a23-43c1-47d5-891a-d581bc476699" testListId="8c84fa94-04c1-424b-9868-57a2d4851a1d" />
    <TestEntry testId="8213bc5b-42b0-75d7-a534-797053f7517b" executionId="14c305d0-e554-4d31-9cc3-b0cce65345f7" testListId="8c84fa94-04c1-424b-9868-57a2d4851a1d" />
    <TestEntry testId="f9eaa350-3407-dfbf-81e7-a2dcc8ed9569" executionId="5b272708-372e-40b6-8969-b1775d932bf6" testListId="8c84fa94-04c1-424b-9868-57a2d4851a1d" />
    <TestEntry testId="a040c7ad-7721-eef7-f7a3-3be656e62ca9" executionId="91e79d42-ee95-4123-a3d8-79ce238feb02" testListId="8c84fa94-04c1-424b-9868-57a2d4851a1d" />
    <TestEntry testId="a9901a4f-2a1e-0b93-d3e6-730637b0b658" executionId="58e79f1c-67d6-4282-ae76-dc28a01f76eb" testListId="8c84fa94-04c1-424b-9868-57a2d4851a1d" />
    <TestEntry testId="c4dce798-f1a3-ea12-2f13-63b553ffaea1" executionId="64e4542a-924c-44dd-a528-802cc03f2724" testListId="8c84fa94-04c1-424b-9868-57a2d4851a1d" />
    <TestEntry testId="b08e593a-105a-8f9a-8a16-fc40973c941d" executionId="bead5d04-4e4c-428d-88b1-5efad932d6f4" testListId="8c84fa94-04c1-424b-9868-57a2d4851a1d" />
    <TestEntry testId="6e8c0812-e23c-e7a6-cbe8-62f734dab9f7" executionId="6ac0a010-83ee-479d-81fb-66764825741c" testListId="8c84fa94-04c1-424b-9868-57a2d4851a1d" />
    <TestEntry testId="6a43d979-e903-e862-7ae2-248d09dea56d" executionId="e46a6901-1f20-4432-a681-83c286036436" testListId="8c84fa94-04c1-424b-9868-57a2d4851a1d" />
    <TestEntry testId="236ebad8-d8a1-9190-7cc9-fc41c258d7ec" executionId="c7339b9b-938f-4758-b16b-5d60302d3019" testListId="8c84fa94-04c1-424b-9868-57a2d4851a1d" />
    <TestEntry testId="08024d7f-f5d4-70e2-2d00-1732d845efa4" executionId="93d2d0a7-d99f-4c90-b9bc-e3d9cbde70d7" testListId="8c84fa94-04c1-424b-9868-57a2d4851a1d" />
    <TestEntry testId="27a6b503-6d8a-6bf4-22e7-91fa4a9610ae" executionId="c1c7b81e-d852-4564-b423-cd1434497bc4" testListId="8c84fa94-04c1-424b-9868-57a2d4851a1d" />
    <TestEntry testId="3ffb125b-102b-bde1-b8fc-5af3a8320f3e" executionId="a322451e-44a5-48ec-9a88-2ccae2efcd08" testListId="8c84fa94-04c1-424b-9868-57a2d4851a1d" />
    <TestEntry testId="93632efa-74f1-63ac-ce85-01344d72df82" executionId="67281297-457f-4ca5-a538-100b8b70defb" testListId="8c84fa94-04c1-424b-9868-57a2d4851a1d" />
    <TestEntry testId="7bcdd09f-6609-1f20-233b-7512e4e6f7c1" executionId="d6d7f8a2-d010-495b-acb3-02658b9e63f1" testListId="8c84fa94-04c1-424b-9868-57a2d4851a1d" />
    <TestEntry testId="7c2b473a-b129-8a39-0f11-3dfd0ad70e94" executionId="c5cfd3bf-a4c6-4df9-bf57-8326899bbc26" testListId="8c84fa94-04c1-424b-9868-57a2d4851a1d" />
    <TestEntry testId="3ad03a22-2777-d2d4-5f83-9fd05f5245af" executionId="9c0504f6-8cd6-48c5-be65-1691e197bff6" testListId="8c84fa94-04c1-424b-9868-57a2d4851a1d" />
    <TestEntry testId="d8f4bef2-a3b9-084c-3bb4-021b9fe3d72e" executionId="b9c581de-4043-4189-b139-8d8bbd6a9d34" testListId="8c84fa94-04c1-424b-9868-57a2d4851a1d" />
    <TestEntry testId="ded617c3-d704-a2dc-89a2-9e07115fa2fd" executionId="c4c00107-932d-413f-916f-d4d7e9cf1133" testListId="8c84fa94-04c1-424b-9868-57a2d4851a1d" />
    <TestEntry testId="3ff93f72-7ce5-5fab-8610-20cbfcaf06d2" executionId="e1a0f8b0-8efb-460b-8ba9-172a6246aeb8" testListId="8c84fa94-04c1-424b-9868-57a2d4851a1d" />
    <TestEntry testId="944f38ad-08f1-a287-da8c-959767d157ca" executionId="ad638b95-8cf5-4a79-9158-97b65dfc95b8" testListId="8c84fa94-04c1-424b-9868-57a2d4851a1d" />
    <TestEntry testId="9c4667d8-9f8a-fe5b-50bf-47a735c0cdb4" executionId="c7a5d023-7eb6-4045-8157-c8a9c03edae7" testListId="8c84fa94-04c1-424b-9868-57a2d4851a1d" />
    <TestEntry testId="4dbe9558-da89-b0af-04d4-50fba6f3e664" executionId="ffe776b1-424a-4365-bb18-37989b93011a" testListId="8c84fa94-04c1-424b-9868-57a2d4851a1d" />
    <TestEntry testId="39a497ce-1c9b-21eb-4e39-bf1601ef01af" executionId="3b4656d2-4662-4f25-b46f-83cac4658a8d" testListId="8c84fa94-04c1-424b-9868-57a2d4851a1d" />
    <TestEntry testId="ceb91d2d-ad4f-bb50-563d-695574499def" executionId="571fcd04-fe62-4dca-8ef5-204a8efd6baf" testListId="8c84fa94-04c1-424b-9868-57a2d4851a1d" />
    <TestEntry testId="6e3418a6-0523-597c-afc0-6f63762ec308" executionId="de9de5fc-3a2d-4b21-b241-6f1e69c7dad8" testListId="8c84fa94-04c1-424b-9868-57a2d4851a1d" />
    <TestEntry testId="77166824-4ddf-283f-a4fc-781ad7e809a3" executionId="554227d6-7ee9-433e-9e18-551f29c5e1a7" testListId="8c84fa94-04c1-424b-9868-57a2d4851a1d" />
    <TestEntry testId="a0b42499-9aa5-d679-1ef3-7d05e5974b9e" executionId="ca68079d-6b52-49e9-8ba0-babeb17f91a3" testListId="8c84fa94-04c1-424b-9868-57a2d4851a1d" />
    <TestEntry testId="e4684098-88e8-a927-a52a-bb65b5d5ba67" executionId="6508760a-b641-42f5-8d1f-a3fff0457bc0" testListId="8c84fa94-04c1-424b-9868-57a2d4851a1d" />
    <TestEntry testId="d004b151-1a2b-5307-b77d-2f9884eee910" executionId="96c1d7cf-0abb-4b61-94bc-7e0eebb6521f" testListId="8c84fa94-04c1-424b-9868-57a2d4851a1d" />
    <TestEntry testId="b5825f7a-1718-d5b8-d745-4d4cf3df9a9b" executionId="c967f35e-7941-42f0-9c7a-0edadb0a2b93" testListId="8c84fa94-04c1-424b-9868-57a2d4851a1d" />
  </TestEntries>
  <TestLists>
    <TestList name="Results Not in a List" id="8c84fa94-04c1-424b-9868-57a2d4851a1d" />
    <TestList name="All Loaded Results" id="19431567-8539-422a-85d7-44ee4e166bda" />
  </TestLists>
  <ResultSummary outcome="Completed">
    <Counters total="110" executed="110" passed="110" failed="0" error="0" timeout="0" aborted="0" inconclusive="0" passedButRunAborted="0" notRunnable="0" notExecuted="0" disconnected="0" warning="0" completed="0" inProgress="0" pending="0" />
    <Output>
      <StdOut>NUnit Adapter 4.5.0.0: Test execution started
Running all tests in /workspace/tests/FluentUIScaffold.Playwright.Tests/bin/Debug/net8.0/FluentUIScaffold.Playwright.Tests.dll
   NUnit3TestExecutor discovered 110 of 110 NUnit test cases using Current Discovery mode, Non-Explicit run
NUnit Adapter 4.5.0.0: Test execution complete
</StdOut>
    </Output>
    <CollectorDataEntries>
      <Collector agentName="cursor" uri="datacollector://microsoft/CoverletCodeCoverage/1.0" collectorDisplayName="XPlat code coverage">
        <UriAttachments>
          <UriAttachment>
            <A href="cursor/coverage.cobertura.xml"></A>
          </UriAttachment>
        </UriAttachments>
      </Collector>
    </CollectorDataEntries>
  </ResultSummary>
</TestRun>