<?xml version="1.0" encoding="utf-8"?>
<TestRun id="582b0c0d-ccb8-4625-bcb3-ec9868d13184" name="@cursor 2025-08-11 11:40:10" xmlns="http://microsoft.com/schemas/VisualStudio/TeamTest/2010">
  <Times creation="2025-08-11T11:40:10.5403197+00:00" queuing="2025-08-11T11:40:10.5403198+00:00" start="2025-08-11T11:40:09.5023093+00:00" finish="2025-08-11T11:40:18.6609119+00:00" />
  <TestSettings name="default" id="4c34d43b-ab90-41d7-b768-f60cec32ccdc">
    <Deployment runDeploymentRoot="_cursor_2025-08-11_11_40_10" />
  </TestSettings>
  <Results>
    <UnitTestResult executionId="afc13d04-46fe-4774-ad96-006da42713c8" testId="705b3a66-7abb-be15-4d76-eeeccbd1e039" testName="PlaywrightTimeoutException_WithDefaultTimeout_ShouldSetDefaultTimeout" computerName="cursor" duration="00:00:00.0023739" startTime="2025-08-11T11:40:18.0993930+00:00" endTime="2025-08-11T11:40:18.1017665+00:00" testType="13cdc9d9-ddb5-4fa4-a97d-d965ccfc6d4b" outcome="Passed" testListId="8c84fa94-04c1-424b-9868-57a2d4851a1d" relativeResultsDirectory="afc13d04-46fe-4774-ad96-006da42713c8" />
    <UnitTestResult executionId="4f9c3477-b9a6-457f-a234-8e49e142d5d1" testId="e8d74a76-a6dc-3af0-710e-e305cc9a27a7" testName="IsVisible_WithEmptySelector_ShouldThrowArgumentException" computerName="cursor" duration="00:00:00.2592910" startTime="2025-08-11T11:40:14.8936811+00:00" endTime="2025-08-11T11:40:15.1529720+00:00" testType="13cdc9d9-ddb5-4fa4-a97d-d965ccfc6d4b" outcome="Passed" testListId="8c84fa94-04c1-424b-9868-57a2d4851a1d" relativeResultsDirectory="4f9c3477-b9a6-457f-a234-8e49e142d5d1" />
    <UnitTestResult executionId="4b0bc77c-5162-4a65-8031-ea89d7fce78a" testId="13205d21-5396-0d73-194f-16064907002f" testName="WaitForElementToBeHidden_WithNullSelector_ShouldThrowArgumentException" computerName="cursor" duration="00:00:00.2577880" startTime="2025-08-11T11:40:17.3618527+00:00" endTime="2025-08-11T11:40:17.6196405+00:00" testType="13cdc9d9-ddb5-4fa4-a97d-d965ccfc6d4b" outcome="Passed" testListId="8c84fa94-04c1-424b-9868-57a2d4851a1d" relativeResultsDirectory="4b0bc77c-5162-4a65-8031-ea89d7fce78a" />
    <UnitTestResult executionId="6e593d4b-676a-4f40-948b-4d4b63d51c57" testId="4037d24c-70f3-df4c-51c5-e323f0c729ef" testName="PlaywrightElementNotEnabledException_ShouldInheritFromPlaywrightException" computerName="cursor" duration="00:00:00.0001190" startTime="2025-08-11T11:40:18.0956052+00:00" endTime="2025-08-11T11:40:18.0957241+00:00" testType="13cdc9d9-ddb5-4fa4-a97d-d965ccfc6d4b" outcome="Passed" testListId="8c84fa94-04c1-424b-9868-57a2d4851a1d" relativeResultsDirectory="6e593d4b-676a-4f40-948b-4d4b63d51c57" />
    <UnitTestResult executionId="d47d1a92-edd4-40ae-927d-f84000a17425" testId="c664cdab-350c-1fb1-39db-9c396900386f" testName="Type_WithEmptySelector_ShouldThrowArgumentException" computerName="cursor" duration="00:00:00.2538730" startTime="2025-08-11T11:40:16.1400033+00:00" endTime="2025-08-11T11:40:16.3938758+00:00" testType="13cdc9d9-ddb5-4fa4-a97d-d965ccfc6d4b" outcome="Passed" testListId="8c84fa94-04c1-424b-9868-57a2d4851a1d" relativeResultsDirectory="d47d1a92-edd4-40ae-927d-f84000a17425" />
    <UnitTestResult executionId="9c478919-3b35-4e74-9780-3cf2d49261b4" testId="4877fee6-7639-5a08-f7d7-8315d464aac4" testName="CanHandle_WithOtherDriverType_ReturnsFalse" computerName="cursor" duration="00:00:00.0005210" startTime="2025-08-11T11:40:18.1024014+00:00" endTime="2025-08-11T11:40:18.1029223+00:00" testType="13cdc9d9-ddb5-4fa4-a97d-d965ccfc6d4b" outcome="Passed" testListId="8c84fa94-04c1-424b-9868-57a2d4851a1d" relativeResultsDirectory="9c478919-3b35-4e74-9780-3cf2d49261b4" />
    <UnitTestResult executionId="340e0d1c-1a0e-43eb-b63c-631ee2c1a254" testId="4c697dac-7fda-ed9a-8482-a66b241202c5" testName="EvaluateJavaScriptAsync_WithNullScript_ShouldThrowArgumentException" computerName="cursor" duration="00:00:00.0011840" startTime="2025-08-11T11:40:10.4968118+00:00" endTime="2025-08-11T11:40:10.4979961+00:00" testType="13cdc9d9-ddb5-4fa4-a97d-d965ccfc6d4b" outcome="Passed" testListId="8c84fa94-04c1-424b-9868-57a2d4851a1d" relativeResultsDirectory="340e0d1c-1a0e-43eb-b63c-631ee2c1a254" />
    <UnitTestResult executionId="f5d5f661-c60e-497f-b2b0-cc3915371fc7" testId="ded617c3-d704-a2dc-89a2-9e07115fa2fd" testName="Constructor_WithNullOptions_ShouldThrowArgumentNullException" computerName="cursor" duration="00:00:00.0027310" startTime="2025-08-11T11:40:18.3337055+00:00" endTime="2025-08-11T11:40:18.3364362+00:00" testType="13cdc9d9-ddb5-4fa4-a97d-d965ccfc6d4b" outcome="Passed" testListId="8c84fa94-04c1-424b-9868-57a2d4851a1d" relativeResultsDirectory="f5d5f661-c60e-497f-b2b0-cc3915371fc7" />
    <UnitTestResult executionId="4861ddc9-166f-47df-b49c-a7287933f5d6" testId="29b927ce-f540-26d4-d1f1-a1b0b62c4d93" testName="SetPermissionsAsync_WithValidPermissions_ShouldNotThrowException" computerName="cursor" duration="00:00:00.0011900" startTime="2025-08-11T11:40:10.5153818+00:00" endTime="2025-08-11T11:40:10.5165715+00:00" testType="13cdc9d9-ddb5-4fa4-a97d-d965ccfc6d4b" outcome="Passed" testListId="8c84fa94-04c1-424b-9868-57a2d4851a1d" relativeResultsDirectory="4861ddc9-166f-47df-b49c-a7287933f5d6" />
    <UnitTestResult executionId="bb8d478c-752c-4e2e-bcc4-8a2c1b8db15d" testId="3498048a-05a3-5fab-e906-09acaee53433" testName="Constructor_WithNullPage_ShouldThrowArgumentNullException" computerName="cursor" duration="00:00:00.0004970" startTime="2025-08-11T11:40:10.4880913+00:00" endTime="2025-08-11T11:40:10.4885879+00:00" testType="13cdc9d9-ddb5-4fa4-a97d-d965ccfc6d4b" outcome="Passed" testListId="8c84fa94-04c1-424b-9868-57a2d4851a1d" relativeResultsDirectory="bb8d478c-752c-4e2e-bcc4-8a2c1b8db15d" />
    <UnitTestResult executionId="a3f18c06-d3fc-4883-be8c-ecbdd586cbd1" testId="4d512506-d61d-6e99-e5c8-886efba56d40" testName="PlaywrightElementNotEnabledException_WithSelector_ShouldSetMessageAndSelector" computerName="cursor" duration="00:00:00.0013880" startTime="2025-08-11T11:40:18.0957362+00:00" endTime="2025-08-11T11:40:18.0971242+00:00" testType="13cdc9d9-ddb5-4fa4-a97d-d965ccfc6d4b" outcome="Passed" testListId="8c84fa94-04c1-424b-9868-57a2d4851a1d" relativeResultsDirectory="a3f18c06-d3fc-4883-be8c-ecbdd586cbd1" />
    <UnitTestResult executionId="5ab32ee8-66fb-4885-a45e-9109bb461187" testId="4f4ef7fd-36f7-ba05-36a3-7b3f66834768" testName="PlaywrightException_WithMessageSelectorAndInnerException_ShouldSetProperties" computerName="cursor" duration="00:00:00.0001180" startTime="2025-08-11T11:40:18.0985028+00:00" endTime="2025-08-11T11:40:18.0986203+00:00" testType="13cdc9d9-ddb5-4fa4-a97d-d965ccfc6d4b" outcome="Passed" testListId="8c84fa94-04c1-424b-9868-57a2d4851a1d" relativeResultsDirectory="5ab32ee8-66fb-4885-a45e-9109bb461187" />
    <UnitTestResult executionId="d89e3c40-9c9c-4060-aa8a-b0f87e481fa4" testId="cd2fb9d4-c210-d572-239c-0d75835cfc5e" testName="PlaywrightBrowserStartupException_WithNullBrowserType_ShouldSetBrowserTypeToNull" computerName="cursor" duration="00:00:00.0001499" startTime="2025-08-11T11:40:18.0954476+00:00" endTime="2025-08-11T11:40:18.0955982+00:00" testType="13cdc9d9-ddb5-4fa4-a97d-d965ccfc6d4b" outcome="Passed" testListId="8c84fa94-04c1-424b-9868-57a2d4851a1d" relativeResultsDirectory="d89e3c40-9c9c-4060-aa8a-b0f87e481fa4" />
    <UnitTestResult executionId="c696332e-d9fb-4fe8-b958-b4921c429731" testId="1c19d2b9-0d7d-1341-0e1e-577e56b55133" testName="WaitForElement_WithNoneStrategy_ShouldNotThrowException" computerName="cursor" duration="00:00:00.0004430" startTime="2025-08-11T11:40:18.3426601+00:00" endTime="2025-08-11T11:40:18.3431027+00:00" testType="13cdc9d9-ddb5-4fa4-a97d-d965ccfc6d4b" outcome="Passed" testListId="8c84fa94-04c1-424b-9868-57a2d4851a1d" relativeResultsDirectory="c696332e-d9fb-4fe8-b958-b4921c429731" />
    <UnitTestResult executionId="dd73e6ca-87b3-4b8f-a168-ac80e2c2b9d5" testId="ef42b422-8ac9-4685-b465-5741dfd4e276" testName="PlaywrightNavigationException_WithNullUrl_ShouldSetUrlToNull" computerName="cursor" duration="00:00:00.0001440" startTime="2025-08-11T11:40:18.0991019+00:00" endTime="2025-08-11T11:40:18.0992463+00:00" testType="13cdc9d9-ddb5-4fa4-a97d-d965ccfc6d4b" outcome="Passed" testListId="8c84fa94-04c1-424b-9868-57a2d4851a1d" relativeResultsDirectory="dd73e6ca-87b3-4b8f-a168-ac80e2c2b9d5" />
    <UnitTestResult executionId="d841c63c-66cf-44fb-b583-e741571ff386" testId="431f452d-c23f-9ca3-4bae-283bd4f22bb9" testName="IsEnabled_WithEmptySelector_ShouldThrowArgumentException" computerName="cursor" duration="00:00:00.2548030" startTime="2025-08-11T11:40:14.3771276+00:00" endTime="2025-08-11T11:40:14.6319303+00:00" testType="13cdc9d9-ddb5-4fa4-a97d-d965ccfc6d4b" outcome="Passed" testListId="8c84fa94-04c1-424b-9868-57a2d4851a1d" relativeResultsDirectory="d841c63c-66cf-44fb-b583-e741571ff386" />
    <UnitTestResult executionId="29897046-c607-48d4-b6a2-7b2046644bed" testId="815098b5-efab-3788-b82b-7c2f40ad7411" testName="Type_WithNullSelector_ShouldThrowArgumentException" computerName="cursor" duration="00:00:00.2510420" startTime="2025-08-11T11:40:16.3939248+00:00" endTime="2025-08-11T11:40:16.6449664+00:00" testType="13cdc9d9-ddb5-4fa4-a97d-d965ccfc6d4b" outcome="Passed" testListId="8c84fa94-04c1-424b-9868-57a2d4851a1d" relativeResultsDirectory="29897046-c607-48d4-b6a2-7b2046644bed" />
    <UnitTestResult executionId="ca2b5476-43dc-4ac5-b505-cfd6c3fef632" testId="ae12414c-2a3b-8fba-bfbc-5cc41bbf8493" testName="WaitForElement_WithTextPresentStrategy_ShouldNotThrowException" computerName="cursor" duration="00:00:00.0004610" startTime="2025-08-11T11:40:18.3444507+00:00" endTime="2025-08-11T11:40:18.3449118+00:00" testType="13cdc9d9-ddb5-4fa4-a97d-d965ccfc6d4b" outcome="Passed" testListId="8c84fa94-04c1-424b-9868-57a2d4851a1d" relativeResultsDirectory="ca2b5476-43dc-4ac5-b505-cfd6c3fef632" />
    <UnitTestResult executionId="2b041686-8236-4b25-b00e-0875eebe8c8e" testId="77b8f1d6-b8c9-e577-da61-e76abc5e190a" testName="GetFrameworkDriver_WithIPageType_ShouldReturnPage" computerName="cursor" duration="00:00:00.2450120" startTime="2025-08-11T11:40:13.1166602+00:00" endTime="2025-08-11T11:40:13.3616718+00:00" testType="13cdc9d9-ddb5-4fa4-a97d-d965ccfc6d4b" outcome="Passed" testListId="8c84fa94-04c1-424b-9868-57a2d4851a1d" relativeResultsDirectory="2b041686-8236-4b25-b00e-0875eebe8c8e" />
    <UnitTestResult executionId="615f1497-32dd-421d-8bf9-63aa807b57aa" testId="3b14417e-ad23-ef34-465a-8ff764684d0a" testName="GetText_WithNullSelector_ShouldThrowArgumentException" computerName="cursor" duration="00:00:00.2445810" startTime="2025-08-11T11:40:14.1325173+00:00" endTime="2025-08-11T11:40:14.3770978+00:00" testType="13cdc9d9-ddb5-4fa4-a97d-d965ccfc6d4b" outcome="Passed" testListId="8c84fa94-04c1-424b-9868-57a2d4851a1d" relativeResultsDirectory="615f1497-32dd-421d-8bf9-63aa807b57aa" />
    <UnitTestResult executionId="83f15018-effd-4ec6-80ed-48154141d31f" testId="45856250-19cb-ef6e-6149-9cc71288bcb7" testName="GeneratePdfAsync_WithValidParameters_ShouldReturnByteArray" computerName="cursor" duration="00:00:00.0080760" startTime="2025-08-11T11:40:10.4997357+00:00" endTime="2025-08-11T11:40:10.5078117+00:00" testType="13cdc9d9-ddb5-4fa4-a97d-d965ccfc6d4b" outcome="Passed" testListId="8c84fa94-04c1-424b-9868-57a2d4851a1d" relativeResultsDirectory="83f15018-effd-4ec6-80ed-48154141d31f" />
    <UnitTestResult executionId="7bb7b531-b121-44c6-ae8e-e6e2e2f19b9a" testId="11bf123b-4b49-9aad-cb04-3660819fe124" testName="SelectOption_WithEmptySelector_ShouldThrowArgumentException" computerName="cursor" duration="00:00:00.2407590" startTime="2025-08-11T11:40:15.6561957+00:00" endTime="2025-08-11T11:40:15.8969544+00:00" testType="13cdc9d9-ddb5-4fa4-a97d-d965ccfc6d4b" outcome="Passed" testListId="8c84fa94-04c1-424b-9868-57a2d4851a1d" relativeResultsDirectory="7bb7b531-b121-44c6-ae8e-e6e2e2f19b9a" />
    <UnitTestResult executionId="dcf25cfa-5492-4f76-b3c6-5489dc362c71" testId="ff27c3ee-967a-d5b0-28a4-0b2f2d102b00" testName="WaitForNetworkRequestInitiatedAsync_WithEmptyUrlPattern_ShouldThrowArgumentException" computerName="cursor" duration="00:00:00.0015450" startTime="2025-08-11T11:40:10.5294702+00:00" endTime="2025-08-11T11:40:10.5310153+00:00" testType="13cdc9d9-ddb5-4fa4-a97d-d965ccfc6d4b" outcome="Passed" testListId="8c84fa94-04c1-424b-9868-57a2d4851a1d" relativeResultsDirectory="dcf25cfa-5492-4f76-b3c6-5489dc362c71" />
    <UnitTestResult executionId="b7a6f984-7bb5-4aa4-b588-3f34ea52e208" testId="e5737d36-51a6-dc2d-8804-78bd59fa91a2" testName="WaitForNetworkRequestInitiatedAsync_WithNullUrlPattern_ShouldThrowArgumentException" computerName="cursor" duration="00:00:00.0012440" startTime="2025-08-11T11:40:10.5310320+00:00" endTime="2025-08-11T11:40:10.5322755+00:00" testType="13cdc9d9-ddb5-4fa4-a97d-d965ccfc6d4b" outcome="Passed" testListId="8c84fa94-04c1-424b-9868-57a2d4851a1d" relativeResultsDirectory="b7a6f984-7bb5-4aa4-b588-3f34ea52e208" />
    <UnitTestResult executionId="dc724160-cded-43a0-a941-9f181dbf228b" testId="29102099-3023-58e6-1b9e-94381bd37eb7" testName="InterceptNetworkRequests_WithNullUrlPattern_ShouldThrowArgumentException" computerName="cursor" duration="00:00:00.0009750" startTime="2025-08-11T11:40:10.5100103+00:00" endTime="2025-08-11T11:40:10.5109854+00:00" testType="13cdc9d9-ddb5-4fa4-a97d-d965ccfc6d4b" outcome="Passed" testListId="8c84fa94-04c1-424b-9868-57a2d4851a1d" relativeResultsDirectory="dc724160-cded-43a0-a941-9f181dbf228b" />
    <UnitTestResult executionId="c8435e4e-c829-42af-86ff-cdbc76ba9a7d" testId="bcd1ca03-417a-4076-e596-5bfcbb44e0e2" testName="EvaluateJavaScriptAsync_WithEmptyScript_ShouldThrowArgumentException" computerName="cursor" duration="00:00:00.0017330" startTime="2025-08-11T11:40:10.4950638+00:00" endTime="2025-08-11T11:40:10.4967963+00:00" testType="13cdc9d9-ddb5-4fa4-a97d-d965ccfc6d4b" outcome="Passed" testListId="8c84fa94-04c1-424b-9868-57a2d4851a1d" relativeResultsDirectory="c8435e4e-c829-42af-86ff-cdbc76ba9a7d" />
    <UnitTestResult executionId="42c62301-58ac-4810-b6dd-e0cc506d3aad" testId="39a497ce-1c9b-21eb-4e39-bf1601ef01af" testName="StartVideoRecordingAsync_WithValidPath_ShouldNotThrowException" computerName="cursor" duration="00:00:00.0009450" startTime="2025-08-11T11:40:10.5193869+00:00" endTime="2025-08-11T11:40:10.5203317+00:00" testType="13cdc9d9-ddb5-4fa4-a97d-d965ccfc6d4b" outcome="Passed" testListId="8c84fa94-04c1-424b-9868-57a2d4851a1d" relativeResultsDirectory="42c62301-58ac-4810-b6dd-e0cc506d3aad" />
    <UnitTestResult executionId="7a6ef8e1-32bf-44ba-9477-dc38f5ae322c" testId="ba32e0e1-6ed8-0e3a-e188-0c4b4bac2eae" testName="AddInitScriptAsync_WithValidScript_ShouldNotThrowException" computerName="cursor" duration="00:00:00.0063489" startTime="2025-08-11T11:40:10.4817251+00:00" endTime="2025-08-11T11:40:10.4880738+00:00" testType="13cdc9d9-ddb5-4fa4-a97d-d965ccfc6d4b" outcome="Passed" testListId="8c84fa94-04c1-424b-9868-57a2d4851a1d" relativeResultsDirectory="7a6ef8e1-32bf-44ba-9477-dc38f5ae322c" />
    <UnitTestResult executionId="edbd7cf7-88e9-4e3a-bda8-91804e4ae7e6" testId="d8f4bef2-a3b9-084c-3bb4-021b9fe3d72e" testName="InterceptNetworkRequests_WithEmptyUrlPattern_ShouldThrowArgumentException" computerName="cursor" duration="00:00:00.0012600" startTime="2025-08-11T11:40:10.5078283+00:00" endTime="2025-08-11T11:40:10.5090877+00:00" testType="13cdc9d9-ddb5-4fa4-a97d-d965ccfc6d4b" outcome="Passed" testListId="8c84fa94-04c1-424b-9868-57a2d4851a1d" relativeResultsDirectory="edbd7cf7-88e9-4e3a-bda8-91804e4ae7e6" />
    <UnitTestResult executionId="0185cdf1-4ce8-4a2d-8204-af87f9f0a7f3" testId="2a52eb47-2f2b-89a4-1aaf-1041ed903d63" testName="TakeScreenshotAsync_WithValidParameters_ShouldReturnByteArray" computerName="cursor" duration="00:00:00.0013620" startTime="2025-08-11T11:40:10.5252464+00:00" endTime="2025-08-11T11:40:10.5266086+00:00" testType="13cdc9d9-ddb5-4fa4-a97d-d965ccfc6d4b" outcome="Passed" testListId="8c84fa94-04c1-424b-9868-57a2d4851a1d" relativeResultsDirectory="0185cdf1-4ce8-4a2d-8204-af87f9f0a7f3" />
    <UnitTestResult executionId="ce807f1b-972e-44d7-8c06-7e1512888ef4" testId="42fb382d-1c8c-a4e5-48a8-bcf25cccc671" testName="PlaywrightNavigationException_ShouldInheritFromPlaywrightException" computerName="cursor" duration="00:00:00.0000980" startTime="2025-08-11T11:40:18.0987093+00:00" endTime="2025-08-11T11:40:18.0988075+00:00" testType="13cdc9d9-ddb5-4fa4-a97d-d965ccfc6d4b" outcome="Passed" testListId="8c84fa94-04c1-424b-9868-57a2d4851a1d" relativeResultsDirectory="ce807f1b-972e-44d7-8c06-7e1512888ef4" />
    <UnitTestResult executionId="c160158d-b542-40bc-8755-220a35cf1ab4" testId="a9901a4f-2a1e-0b93-d3e6-730637b0b658" testName="PlaywrightBrowserStartupException_ShouldInheritFromPlaywrightException" computerName="cursor" duration="00:00:00.0005210" startTime="2025-08-11T11:40:18.0939144+00:00" endTime="2025-08-11T11:40:18.0944358+00:00" testType="13cdc9d9-ddb5-4fa4-a97d-d965ccfc6d4b" outcome="Passed" testListId="8c84fa94-04c1-424b-9868-57a2d4851a1d" relativeResultsDirectory="c160158d-b542-40bc-8755-220a35cf1ab4" />
    <UnitTestResult executionId="11f252ca-9477-4a0f-b123-a113e14b3537" testId="a0b42499-9aa5-d679-1ef3-7d05e5974b9e" testName="TakeElementScreenshotAsync_WithEmptySelector_ShouldThrowArgumentException" computerName="cursor" duration="00:00:00.0014270" startTime="2025-08-11T11:40:10.5214409+00:00" endTime="2025-08-11T11:40:10.5228674+00:00" testType="13cdc9d9-ddb5-4fa4-a97d-d965ccfc6d4b" outcome="Passed" testListId="8c84fa94-04c1-424b-9868-57a2d4851a1d" relativeResultsDirectory="11f252ca-9477-4a0f-b123-a113e14b3537" />
    <UnitTestResult executionId="66ebd5ab-16e4-47a5-98d4-2547af00715d" testId="7129b340-9055-6f76-82b2-850b838de151" testName="CurrentUrl_ReturnsExpectedUrl" computerName="cursor" duration="00:00:00.2820910" startTime="2025-08-11T11:40:11.7536676+00:00" endTime="2025-08-11T11:40:12.0357580+00:00" testType="13cdc9d9-ddb5-4fa4-a97d-d965ccfc6d4b" outcome="Passed" testListId="8c84fa94-04c1-424b-9868-57a2d4851a1d" relativeResultsDirectory="66ebd5ab-16e4-47a5-98d4-2547af00715d" />
    <UnitTestResult executionId="67db4f43-9263-47e0-927d-0a71c826230c" testId="f62e70a1-30d9-b0fc-8eea-390e512b56f9" testName="Constructor_WithNullPage_ShouldThrowArgumentNullException" computerName="cursor" duration="00:00:00.0003200" startTime="2025-08-11T11:40:18.3364586+00:00" endTime="2025-08-11T11:40:18.3367785+00:00" testType="13cdc9d9-ddb5-4fa4-a97d-d965ccfc6d4b" outcome="Passed" testListId="8c84fa94-04c1-424b-9868-57a2d4851a1d" relativeResultsDirectory="67db4f43-9263-47e0-927d-0a71c826230c" />
    <UnitTestResult executionId="ac332744-ce96-4c51-b543-053644688b9d" testId="93c9e350-5104-a6bd-9d83-106bac79dae7" testName="WaitForElementToBeHidden_WithEmptySelector_ShouldThrowArgumentException" computerName="cursor" duration="00:00:00.2411990" startTime="2025-08-11T11:40:17.1206225+00:00" endTime="2025-08-11T11:40:17.3618215+00:00" testType="13cdc9d9-ddb5-4fa4-a97d-d965ccfc6d4b" outcome="Passed" testListId="8c84fa94-04c1-424b-9868-57a2d4851a1d" relativeResultsDirectory="ac332744-ce96-4c51-b543-053644688b9d" />
    <UnitTestResult executionId="aa171574-acb5-4f5d-b256-56b9e1e25ab2" testId="3ff93f72-7ce5-5fab-8610-20cbfcaf06d2" testName="Constructor_WithLogger_ShouldCreateDriver" computerName="cursor" duration="00:00:00.2560200" startTime="2025-08-11T11:40:11.2612629+00:00" endTime="2025-08-11T11:40:11.5172828+00:00" testType="13cdc9d9-ddb5-4fa4-a97d-d965ccfc6d4b" outcome="Passed" testListId="8c84fa94-04c1-424b-9868-57a2d4851a1d" relativeResultsDirectory="aa171574-acb5-4f5d-b256-56b9e1e25ab2" />
    <UnitTestResult executionId="88198345-a74d-40e8-8f20-9802d4d773ac" testId="a17eff27-7a9d-3fe1-a994-0b42d6f3dc3a" testName="SelectOption_WithNullSelector_ShouldThrowArgumentException" computerName="cursor" duration="00:00:00.2424930" startTime="2025-08-11T11:40:15.8974829+00:00" endTime="2025-08-11T11:40:16.1399758+00:00" testType="13cdc9d9-ddb5-4fa4-a97d-d965ccfc6d4b" outcome="Passed" testListId="8c84fa94-04c1-424b-9868-57a2d4851a1d" relativeResultsDirectory="88198345-a74d-40e8-8f20-9802d4d773ac" />
    <UnitTestResult executionId="0cd111b1-0482-49be-9ef6-be011371b822" testId="bf3e385b-dfdb-8f76-ab68-66223f8891f9" testName="PlaywrightElementNotVisibleException_WithSelector_ShouldSetMessageAndSelector" computerName="cursor" duration="00:00:00.0001020" startTime="2025-08-11T11:40:18.0979308+00:00" endTime="2025-08-11T11:40:18.0980325+00:00" testType="13cdc9d9-ddb5-4fa4-a97d-d965ccfc6d4b" outcome="Passed" testListId="8c84fa94-04c1-424b-9868-57a2d4851a1d" relativeResultsDirectory="0cd111b1-0482-49be-9ef6-be011371b822" />
    <UnitTestResult executionId="26e08427-42e1-4637-bb5a-ff9bae50f956" testId="7c2b473a-b129-8a39-0f11-3dfd0ad70e94" testName="PlaywrightTimeoutException_WithMessageAndSelector_ShouldSetProperties" computerName="cursor" duration="00:00:00.0004400" startTime="2025-08-11T11:40:18.1017928+00:00" endTime="2025-08-11T11:40:18.1022326+00:00" testType="13cdc9d9-ddb5-4fa4-a97d-d965ccfc6d4b" outcome="Passed" testListId="8c84fa94-04c1-424b-9868-57a2d4851a1d" relativeResultsDirectory="26e08427-42e1-4637-bb5a-ff9bae50f956" />
    <UnitTestResult executionId="ed07e0d2-730f-4122-b3fb-7c7b59550de7" testId="6d764fe3-fd38-7c7c-3992-4f2ce7db3d78" testName="WaitForElementToBeVisible_WithEmptySelector_ShouldThrowArgumentException" computerName="cursor" duration="00:00:00.2371210" startTime="2025-08-11T11:40:17.6196693+00:00" endTime="2025-08-11T11:40:17.8567898+00:00" testType="13cdc9d9-ddb5-4fa4-a97d-d965ccfc6d4b" outcome="Passed" testListId="8c84fa94-04c1-424b-9868-57a2d4851a1d" relativeResultsDirectory="ed07e0d2-730f-4122-b3fb-7c7b59550de7" />
    <UnitTestResult executionId="854f5c41-72d0-455f-83c5-79641e9a8e68" testId="2b967a35-4f93-7672-b237-6aff698f6ce5" testName="AddInitScriptAsync_WithEmptyScript_ShouldThrowArgumentException" computerName="cursor" duration="00:00:00.0909200" startTime="2025-08-11T11:40:10.3879268+00:00" endTime="2025-08-11T11:40:10.4788153+00:00" testType="13cdc9d9-ddb5-4fa4-a97d-d965ccfc6d4b" outcome="Passed" testListId="8c84fa94-04c1-424b-9868-57a2d4851a1d" relativeResultsDirectory="854f5c41-72d0-455f-83c5-79641e9a8e68" />
    <UnitTestResult executionId="d9b19ea6-7dcc-42f8-91eb-70f06c9f2855" testId="ce9a076c-9acd-572b-8425-afddb1c89e02" testName="CreateDriver_WithValidOptions_ReturnsDriver" computerName="cursor" duration="00:00:00.2287440" startTime="2025-08-11T11:40:18.1034761+00:00" endTime="2025-08-11T11:40:18.3322201+00:00" testType="13cdc9d9-ddb5-4fa4-a97d-d965ccfc6d4b" outcome="Passed" testListId="8c84fa94-04c1-424b-9868-57a2d4851a1d" relativeResultsDirectory="d9b19ea6-7dcc-42f8-91eb-70f06c9f2855" />
    <UnitTestResult executionId="3195c371-fbc3-4cf2-9a5c-31021d6203db" testId="3ffb125b-102b-bde1-b8fc-5af3a8320f3e" testName="StartVideoRecordingAsync_WithNullPath_ShouldThrowArgumentException" computerName="cursor" duration="00:00:00.0012660" startTime="2025-08-11T11:40:10.5180990+00:00" endTime="2025-08-11T11:40:10.5193649+00:00" testType="13cdc9d9-ddb5-4fa4-a97d-d965ccfc6d4b" outcome="Passed" testListId="8c84fa94-04c1-424b-9868-57a2d4851a1d" relativeResultsDirectory="3195c371-fbc3-4cf2-9a5c-31021d6203db" />
    <UnitTestResult executionId="1b4d3789-a57c-4fe4-8263-1a008b1da2ce" testId="76ff7f4d-9c8c-06e9-6eaf-d088e0e04505" testName="Constructor_WithNullOptions_ThrowsException" computerName="cursor" duration="00:00:00.0003320" startTime="2025-08-11T11:40:11.5173130+00:00" endTime="2025-08-11T11:40:11.5176452+00:00" testType="13cdc9d9-ddb5-4fa4-a97d-d965ccfc6d4b" outcome="Passed" testListId="8c84fa94-04c1-424b-9868-57a2d4851a1d" relativeResultsDirectory="1b4d3789-a57c-4fe4-8263-1a008b1da2ce" />
    <UnitTestResult executionId="83fdb4a4-0747-4e91-b47c-b7568756111b" testId="a040c7ad-7721-eef7-f7a3-3be656e62ca9" testName="WaitForElementAttribute_WithEmptySelector_ShouldThrowArgumentException" computerName="cursor" duration="00:00:00.0009610" startTime="2025-08-11T11:40:18.3468719+00:00" endTime="2025-08-11T11:40:18.3478326+00:00" testType="13cdc9d9-ddb5-4fa4-a97d-d965ccfc6d4b" outcome="Passed" testListId="8c84fa94-04c1-424b-9868-57a2d4851a1d" relativeResultsDirectory="83fdb4a4-0747-4e91-b47c-b7568756111b" />
    <UnitTestResult executionId="fd5f9e84-1e7d-4ae9-b2c1-1ef5e24e169f" testId="81987c09-bfbe-10db-7f52-1c7de4cb6a0e" testName="EmulateMobileDeviceAsync_WithNullDeviceName_ShouldThrowArgumentException" computerName="cursor" duration="00:00:00.0013220" startTime="2025-08-11T11:40:10.4922344+00:00" endTime="2025-08-11T11:40:10.4935566+00:00" testType="13cdc9d9-ddb5-4fa4-a97d-d965ccfc6d4b" outcome="Passed" testListId="8c84fa94-04c1-424b-9868-57a2d4851a1d" relativeResultsDirectory="fd5f9e84-1e7d-4ae9-b2c1-1ef5e24e169f" />
    <UnitTestResult executionId="0d4578b4-f888-4c02-bd80-27b206ddcf60" testId="b08e593a-105a-8f9a-8a16-fc40973c941d" testName="PlaywrightException_ShouldInheritFromFluentUIScaffoldException" computerName="cursor" duration="00:00:00.0001700" startTime="2025-08-11T11:40:18.0981403+00:00" endTime="2025-08-11T11:40:18.0983100+00:00" testType="13cdc9d9-ddb5-4fa4-a97d-d965ccfc6d4b" outcome="Passed" testListId="8c84fa94-04c1-424b-9868-57a2d4851a1d" relativeResultsDirectory="0d4578b4-f888-4c02-bd80-27b206ddcf60" />
    <UnitTestResult executionId="a88d99bf-b262-4cc4-80a0-9b932c6f4f00" testId="a7110f0d-1515-f79f-160d-c973adc19695" testName="EmulateMobileDeviceAsync_WithValidDeviceName_ShouldNotThrowException" computerName="cursor" duration="00:00:00.0014620" startTime="2025-08-11T11:40:10.4935718+00:00" endTime="2025-08-11T11:40:10.4950337+00:00" testType="13cdc9d9-ddb5-4fa4-a97d-d965ccfc6d4b" outcome="Passed" testListId="8c84fa94-04c1-424b-9868-57a2d4851a1d" relativeResultsDirectory="a88d99bf-b262-4cc4-80a0-9b932c6f4f00" />
    <UnitTestResult executionId="44f968cb-da92-4398-9fcd-1bccf9bcc760" testId="4ea4703d-971f-8d0f-9080-579d4df73c0e" testName="GetText_WithEmptySelector_ShouldThrowArgumentException" computerName="cursor" duration="00:00:00.2666600" startTime="2025-08-11T11:40:13.8650534+00:00" endTime="2025-08-11T11:40:14.1317133+00:00" testType="13cdc9d9-ddb5-4fa4-a97d-d965ccfc6d4b" outcome="Passed" testListId="8c84fa94-04c1-424b-9868-57a2d4851a1d" relativeResultsDirectory="44f968cb-da92-4398-9fcd-1bccf9bcc760" />
    <UnitTestResult executionId="357f4bde-4939-421c-87cb-faa8dd5e39fd" testId="b658b339-aeef-29fb-d21b-40e08f77927d" testName="PlaywrightNavigationException_WithMessageUrlAndInnerException_ShouldSetProperties" computerName="cursor" duration="00:00:00.0001470" startTime="2025-08-11T11:40:18.0989489+00:00" endTime="2025-08-11T11:40:18.0990956+00:00" testType="13cdc9d9-ddb5-4fa4-a97d-d965ccfc6d4b" outcome="Passed" testListId="8c84fa94-04c1-424b-9868-57a2d4851a1d" relativeResultsDirectory="357f4bde-4939-421c-87cb-faa8dd5e39fd" />
    <UnitTestResult executionId="4a38c84f-55a8-4117-8bbe-3e6f212140a9" testId="93632efa-74f1-63ac-ce85-01344d72df82" testName="WaitForElement_WithClickableStrategy_ShouldNotThrowException" computerName="cursor" duration="00:00:00.0026800" startTime="2025-08-11T11:40:18.3373791+00:00" endTime="2025-08-11T11:40:18.3400592+00:00" testType="13cdc9d9-ddb5-4fa4-a97d-d965ccfc6d4b" outcome="Passed" testListId="8c84fa94-04c1-424b-9868-57a2d4851a1d" relativeResultsDirectory="4a38c84f-55a8-4117-8bbe-3e6f212140a9" />
    <UnitTestResult executionId="ff14f7e6-b3db-4c8e-bd77-ef6beaf1ddf0" testId="8bfbe005-5221-22b1-278d-cb9bd37053a6" testName="GetFrameworkDriver_WithIBrowserType_ShouldReturnBrowser" computerName="cursor" duration="00:00:00.2603650" startTime="2025-08-11T11:40:12.8562651+00:00" endTime="2025-08-11T11:40:13.1166295+00:00" testType="13cdc9d9-ddb5-4fa4-a97d-d965ccfc6d4b" outcome="Passed" testListId="8c84fa94-04c1-424b-9868-57a2d4851a1d" relativeResultsDirectory="ff14f7e6-b3db-4c8e-bd77-ef6beaf1ddf0" />
    <UnitTestResult executionId="a5dd2617-c092-4c8f-bc54-940a91b4c1e5" testId="6a43d979-e903-e862-7ae2-248d09dea56d" testName="GetFrameworkDriver_WithUnsupportedType_ShouldThrowInvalidOperationException" computerName="cursor" duration="00:00:00.2482170" startTime="2025-08-11T11:40:13.6168040+00:00" endTime="2025-08-11T11:40:13.8650206+00:00" testType="13cdc9d9-ddb5-4fa4-a97d-d965ccfc6d4b" outcome="Passed" testListId="8c84fa94-04c1-424b-9868-57a2d4851a1d" relativeResultsDirectory="a5dd2617-c092-4c8f-bc54-940a91b4c1e5" />
    <UnitTestResult executionId="25cfb789-dbf5-4481-8c94-507994f04218" testId="f9eaa350-3407-dfbf-81e7-a2dcc8ed9569" testName="CreateDriver_WithNullOptions_ThrowsException" computerName="cursor" duration="00:00:00.0001850" startTime="2025-08-11T11:40:18.1032837+00:00" endTime="2025-08-11T11:40:18.1034690+00:00" testType="13cdc9d9-ddb5-4fa4-a97d-d965ccfc6d4b" outcome="Passed" testListId="8c84fa94-04c1-424b-9868-57a2d4851a1d" relativeResultsDirectory="25cfb789-dbf5-4481-8c94-507994f04218" />
    <UnitTestResult executionId="d484f988-8ec0-42fe-bffe-eb8950382ee6" testId="9d8e977a-2daa-bc0b-9397-cfa6dd67da2e" testName="Constructor_WithValidOptions_CreatesInstance" computerName="cursor" duration="00:00:00.2359720" startTime="2025-08-11T11:40:11.5176571+00:00" endTime="2025-08-11T11:40:11.7536288+00:00" testType="13cdc9d9-ddb5-4fa4-a97d-d965ccfc6d4b" outcome="Passed" testListId="8c84fa94-04c1-424b-9868-57a2d4851a1d" relativeResultsDirectory="d484f988-8ec0-42fe-bffe-eb8950382ee6" />
    <UnitTestResult executionId="0bb751e5-51b4-4f20-bfdf-52f25caf077f" testId="8e4e42a9-cbeb-2ffe-badb-66dcdda7de9a" testName="WaitForElement_WithUnsupportedStrategy_ShouldThrowArgumentException" computerName="cursor" duration="00:00:00.0013240" startTime="2025-08-11T11:40:18.3449308+00:00" endTime="2025-08-11T11:40:18.3462550+00:00" testType="13cdc9d9-ddb5-4fa4-a97d-d965ccfc6d4b" outcome="Passed" testListId="8c84fa94-04c1-424b-9868-57a2d4851a1d" relativeResultsDirectory="0bb751e5-51b4-4f20-bfdf-52f25caf077f" />
    <UnitTestResult executionId="ddb5a7fb-223e-4f68-92f3-74145fabbc26" testId="3c8cad92-46ed-0873-a4a3-5d20f77cde53" testName="WaitForElement_WithDisabledStrategy_ShouldNotThrowException" computerName="cursor" duration="00:00:00.0008400" startTime="2025-08-11T11:40:18.3400819+00:00" endTime="2025-08-11T11:40:18.3409213+00:00" testType="13cdc9d9-ddb5-4fa4-a97d-d965ccfc6d4b" outcome="Passed" testListId="8c84fa94-04c1-424b-9868-57a2d4851a1d" relativeResultsDirectory="ddb5a7fb-223e-4f68-92f3-74145fabbc26" />
    <UnitTestResult executionId="568e727d-d9b0-468d-9b87-689e0a7d4a20" testId="25abdc2d-45ef-3e74-73db-d094b04fac31" testName="PlaywrightElementNotVisibleException_ShouldInheritFromPlaywrightException" computerName="cursor" duration="00:00:00.0000890" startTime="2025-08-11T11:40:18.0978374+00:00" endTime="2025-08-11T11:40:18.0979264+00:00" testType="13cdc9d9-ddb5-4fa4-a97d-d965ccfc6d4b" outcome="Passed" testListId="8c84fa94-04c1-424b-9868-57a2d4851a1d" relativeResultsDirectory="568e727d-d9b0-468d-9b87-689e0a7d4a20" />
    <UnitTestResult executionId="60360ef5-cf8d-4534-9734-adf74db6a506" testId="89d34624-71ad-44f5-abfd-0f410f0823b2" testName="PlaywrightNavigationException_WithMessageAndUrl_ShouldSetProperties" computerName="cursor" duration="00:00:00.0001330" startTime="2025-08-11T11:40:18.0988118+00:00" endTime="2025-08-11T11:40:18.0989448+00:00" testType="13cdc9d9-ddb5-4fa4-a97d-d965ccfc6d4b" outcome="Passed" testListId="8c84fa94-04c1-424b-9868-57a2d4851a1d" relativeResultsDirectory="60360ef5-cf8d-4534-9734-adf74db6a506" />
    <UnitTestResult executionId="6610b701-b65c-4885-a0dc-11804380200d" testId="08024d7f-f5d4-70e2-2d00-1732d845efa4" testName="SetGeolocationAsync_WithValidCoordinates_ShouldNotThrowException" computerName="cursor" duration="00:00:00.0016770" startTime="2025-08-11T11:40:10.5109996+00:00" endTime="2025-08-11T11:40:10.5126761+00:00" testType="13cdc9d9-ddb5-4fa4-a97d-d965ccfc6d4b" outcome="Passed" testListId="8c84fa94-04c1-424b-9868-57a2d4851a1d" relativeResultsDirectory="6610b701-b65c-4885-a0dc-11804380200d" />
    <UnitTestResult executionId="c45eca37-bacf-459f-8706-569e7c906ef1" testId="e44936e1-43c5-f732-a194-48ac2203688b" testName="AddInitScriptAsync_WithNullScript_ShouldThrowArgumentException" computerName="cursor" duration="00:00:00.0021590" startTime="2025-08-11T11:40:10.4795403+00:00" endTime="2025-08-11T11:40:10.4816993+00:00" testType="13cdc9d9-ddb5-4fa4-a97d-d965ccfc6d4b" outcome="Passed" testListId="8c84fa94-04c1-424b-9868-57a2d4851a1d" relativeResultsDirectory="c45eca37-bacf-459f-8706-569e7c906ef1" />
    <UnitTestResult executionId="8173951a-a70b-4c8d-90d5-f77c7080851f" testId="d35e5fdf-75d0-2f95-568c-44152552faab" testName="Name_ReturnsPlaywright" computerName="cursor" duration="00:00:00.0001710" startTime="2025-08-11T11:40:18.3326507+00:00" endTime="2025-08-11T11:40:18.3328219+00:00" testType="13cdc9d9-ddb5-4fa4-a97d-d965ccfc6d4b" outcome="Passed" testListId="8c84fa94-04c1-424b-9868-57a2d4851a1d" relativeResultsDirectory="8173951a-a70b-4c8d-90d5-f77c7080851f" />
    <UnitTestResult executionId="0f63528f-e35d-476a-bdf9-ba4dc8f3293a" testId="95496f37-19bd-a3f6-2a2c-3d627f1301ea" testName="WaitForElement_WithEmptySelector_ShouldThrowArgumentException" computerName="cursor" duration="00:00:00.2389840" startTime="2025-08-11T11:40:16.6450005+00:00" endTime="2025-08-11T11:40:16.8839846+00:00" testType="13cdc9d9-ddb5-4fa4-a97d-d965ccfc6d4b" outcome="Passed" testListId="8c84fa94-04c1-424b-9868-57a2d4851a1d" relativeResultsDirectory="0f63528f-e35d-476a-bdf9-ba4dc8f3293a" />
    <UnitTestResult executionId="2d87b6ca-6091-4e7a-8eb9-dba010faf634" testId="df4d6327-e7bc-643e-5619-c31e31143540" testName="NavigateToUrl_WithNullUrl_ShouldThrowArgumentNullException" computerName="cursor" duration="00:00:00.2461250" startTime="2025-08-11T11:40:15.4100272+00:00" endTime="2025-08-11T11:40:15.6561523+00:00" testType="13cdc9d9-ddb5-4fa4-a97d-d965ccfc6d4b" outcome="Passed" testListId="8c84fa94-04c1-424b-9868-57a2d4851a1d" relativeResultsDirectory="2d87b6ca-6091-4e7a-8eb9-dba010faf634" />
    <UnitTestResult executionId="f05aa04f-4cc9-4301-932e-0d1c17bed279" testId="b2ab8ddd-ea45-0e6e-e413-55319ef7b10b" testName="Dispose_ShouldBeCallableMultipleTimes" computerName="cursor" duration="00:00:00.2556640" startTime="2025-08-11T11:40:12.3446767+00:00" endTime="2025-08-11T11:40:12.6003407+00:00" testType="13cdc9d9-ddb5-4fa4-a97d-d965ccfc6d4b" outcome="Passed" testListId="8c84fa94-04c1-424b-9868-57a2d4851a1d" relativeResultsDirectory="f05aa04f-4cc9-4301-932e-0d1c17bed279" />
    <UnitTestResult executionId="35b690f3-663b-4d69-9055-41cd33a936ce" testId="0bc0dd3d-4205-ff81-c8aa-57581549ca33" testName="WaitForElement_WithVisibleStrategy_ShouldNotThrowException" computerName="cursor" duration="00:00:00.0005710" startTime="2025-08-11T11:40:18.3462798+00:00" endTime="2025-08-11T11:40:18.3468511+00:00" testType="13cdc9d9-ddb5-4fa4-a97d-d965ccfc6d4b" outcome="Passed" testListId="8c84fa94-04c1-424b-9868-57a2d4851a1d" relativeResultsDirectory="35b690f3-663b-4d69-9055-41cd33a936ce" />
    <UnitTestResult executionId="e8adee13-1a32-4212-9094-c3b6ed0259f9" testId="91fc287d-2917-073f-d019-a49cedb4c089" testName="PlaywrightElementNotFoundException_WithSelectorAndInnerException_ShouldSetProperties" computerName="cursor" duration="00:00:00.0001090" startTime="2025-08-11T11:40:18.0977183+00:00" endTime="2025-08-11T11:40:18.0978277+00:00" testType="13cdc9d9-ddb5-4fa4-a97d-d965ccfc6d4b" outcome="Passed" testListId="8c84fa94-04c1-424b-9868-57a2d4851a1d" relativeResultsDirectory="e8adee13-1a32-4212-9094-c3b6ed0259f9" />
    <UnitTestResult executionId="e32fd7af-f3e3-4c14-ab4d-326408d001b4" testId="3ad03a22-2777-d2d4-5f83-9fd05f5245af" testName="PlaywrightElementNotEnabledException_WithSelectorAndInnerException_ShouldSetProperties" computerName="cursor" duration="00:00:00.0002230" startTime="2025-08-11T11:40:18.0971484+00:00" endTime="2025-08-11T11:40:18.0973712+00:00" testType="13cdc9d9-ddb5-4fa4-a97d-d965ccfc6d4b" outcome="Passed" testListId="8c84fa94-04c1-424b-9868-57a2d4851a1d" relativeResultsDirectory="e32fd7af-f3e3-4c14-ab4d-326408d001b4" />
    <UnitTestResult executionId="d2fccac6-70a8-4124-854e-06c3fc71d1fc" testId="8b412a83-eed0-b405-9d7e-9460966d666b" testName="EmulateMobileDeviceAsync_WithEmptyDeviceName_ShouldThrowArgumentException" computerName="cursor" duration="00:00:00.0015330" startTime="2025-08-11T11:40:10.4906851+00:00" endTime="2025-08-11T11:40:10.4922178+00:00" testType="13cdc9d9-ddb5-4fa4-a97d-d965ccfc6d4b" outcome="Passed" testListId="8c84fa94-04c1-424b-9868-57a2d4851a1d" relativeResultsDirectory="d2fccac6-70a8-4124-854e-06c3fc71d1fc" />
    <UnitTestResult executionId="87b91280-aa95-41da-beb1-f691d25627c4" testId="4dbe9558-da89-b0af-04d4-50fba6f3e664" testName="WaitForElement_WithNullSelector_ShouldThrowArgumentException" computerName="cursor" duration="00:00:00.2365800" startTime="2025-08-11T11:40:16.8840179+00:00" endTime="2025-08-11T11:40:17.1205973+00:00" testType="13cdc9d9-ddb5-4fa4-a97d-d965ccfc6d4b" outcome="Passed" testListId="8c84fa94-04c1-424b-9868-57a2d4851a1d" relativeResultsDirectory="87b91280-aa95-41da-beb1-f691d25627c4" />
    <UnitTestResult executionId="94dda080-aa1a-4019-a055-8dba3f0218f7" testId="d8a94e68-473e-230d-959c-c6cb87f94d0d" testName="SetPermissionsAsync_WithNullPermissions_ShouldThrowArgumentException" computerName="cursor" duration="00:00:00.0011660" startTime="2025-08-11T11:40:10.5142008+00:00" endTime="2025-08-11T11:40:10.5153668+00:00" testType="13cdc9d9-ddb5-4fa4-a97d-d965ccfc6d4b" outcome="Passed" testListId="8c84fa94-04c1-424b-9868-57a2d4851a1d" relativeResultsDirectory="94dda080-aa1a-4019-a055-8dba3f0218f7" />
    <UnitTestResult executionId="bc00d8e1-6c88-4439-8be5-6bf7164bf72d" testId="f7945da7-05fc-93b2-6c8b-30796e4537e2" testName="Constructor_WithValidParameters_ShouldCreateStrategy" computerName="cursor" duration="00:00:00.0005740" startTime="2025-08-11T11:40:18.3367906+00:00" endTime="2025-08-11T11:40:18.3373649+00:00" testType="13cdc9d9-ddb5-4fa4-a97d-d965ccfc6d4b" outcome="Passed" testListId="8c84fa94-04c1-424b-9868-57a2d4851a1d" relativeResultsDirectory="bc00d8e1-6c88-4439-8be5-6bf7164bf72d" />
    <UnitTestResult executionId="3f42b571-1299-49ae-8b13-13a9652d057d" testId="d004b151-1a2b-5307-b77d-2f9884eee910" testName="WaitForElement_WithEmptySelector_ShouldThrowArgumentException" computerName="cursor" duration="00:00:00.0006100" startTime="2025-08-11T11:40:18.3409440+00:00" endTime="2025-08-11T11:40:18.3415535+00:00" testType="13cdc9d9-ddb5-4fa4-a97d-d965ccfc6d4b" outcome="Passed" testListId="8c84fa94-04c1-424b-9868-57a2d4851a1d" relativeResultsDirectory="3f42b571-1299-49ae-8b13-13a9652d057d" />
    <UnitTestResult executionId="b5086ee5-4ad8-4470-9b37-42adaa74f0fa" testId="eae310e3-db41-6fc8-d145-0be80a4f2556" testName="WaitForElement_WithEnabledStrategy_ShouldNotThrowException" computerName="cursor" duration="00:00:00.0005740" startTime="2025-08-11T11:40:18.3415761+00:00" endTime="2025-08-11T11:40:18.3421498+00:00" testType="13cdc9d9-ddb5-4fa4-a97d-d965ccfc6d4b" outcome="Passed" testListId="8c84fa94-04c1-424b-9868-57a2d4851a1d" relativeResultsDirectory="b5086ee5-4ad8-4470-9b37-42adaa74f0fa" />
    <UnitTestResult executionId="68bc2bc9-bd93-43c5-ac54-82ac306f4f47" testId="c4dce798-f1a3-ea12-2f13-63b553ffaea1" testName="Click_WithNullSelector_ShouldThrowArgumentException" computerName="cursor" duration="00:00:00.2787730" startTime="2025-08-11T11:40:10.9824612+00:00" endTime="2025-08-11T11:40:11.2612337+00:00" testType="13cdc9d9-ddb5-4fa4-a97d-d965ccfc6d4b" outcome="Passed" testListId="8c84fa94-04c1-424b-9868-57a2d4851a1d" relativeResultsDirectory="68bc2bc9-bd93-43c5-ac54-82ac306f4f47" />
    <UnitTestResult executionId="eb377601-aaf2-41e7-a19f-d639910cb1df" testId="ab7fb356-7440-899e-cd01-0e36beaea533" testName="WaitForElement_WithNullSelector_ShouldThrowArgumentException" computerName="cursor" duration="00:00:00.0005630" startTime="2025-08-11T11:40:18.3431217+00:00" endTime="2025-08-11T11:40:18.3436848+00:00" testType="13cdc9d9-ddb5-4fa4-a97d-d965ccfc6d4b" outcome="Passed" testListId="8c84fa94-04c1-424b-9868-57a2d4851a1d" relativeResultsDirectory="eb377601-aaf2-41e7-a19f-d639910cb1df" />
    <UnitTestResult executionId="1068caec-d914-48bd-81ac-ec6ab40f3aaa" testId="a5d32aa4-c3a6-e1da-183c-f4e414cd9910" testName="IsVisible_WithNullSelector_ShouldThrowArgumentException" computerName="cursor" duration="00:00:00.2569870" startTime="2025-08-11T11:40:15.1530031+00:00" endTime="2025-08-11T11:40:15.4099898+00:00" testType="13cdc9d9-ddb5-4fa4-a97d-d965ccfc6d4b" outcome="Passed" testListId="8c84fa94-04c1-424b-9868-57a2d4851a1d" relativeResultsDirectory="1068caec-d914-48bd-81ac-ec6ab40f3aaa" />
    <UnitTestResult executionId="5b7c3c49-4692-4aa1-84e9-559f3f3b080e" testId="8a988672-c520-f531-e937-e9bc3434963b" testName="PlaywrightTimeoutException_ShouldInheritFromPlaywrightException" computerName="cursor" duration="00:00:00.0001270" startTime="2025-08-11T11:40:18.0992562+00:00" endTime="2025-08-11T11:40:18.0993829+00:00" testType="13cdc9d9-ddb5-4fa4-a97d-d965ccfc6d4b" outcome="Passed" testListId="8c84fa94-04c1-424b-9868-57a2d4851a1d" relativeResultsDirectory="5b7c3c49-4692-4aa1-84e9-559f3f3b080e" />
    <UnitTestResult executionId="43d66291-080c-4d7a-9835-bdc3b47c1833" testId="9c4667d8-9f8a-fe5b-50bf-47a735c0cdb4" testName="StopVideoRecordingAsync_ShouldNotThrowException" computerName="cursor" duration="00:00:00.0010780" startTime="2025-08-11T11:40:10.5203475+00:00" endTime="2025-08-11T11:40:10.5214251+00:00" testType="13cdc9d9-ddb5-4fa4-a97d-d965ccfc6d4b" outcome="Passed" testListId="8c84fa94-04c1-424b-9868-57a2d4851a1d" relativeResultsDirectory="43d66291-080c-4d7a-9835-bdc3b47c1833" />
    <UnitTestResult executionId="63ee64bb-5816-4059-b0ad-9224853b03ef" testId="8213bc5b-42b0-75d7-a534-797053f7517b" testName="WaitForElementText_WithNullSelector_ShouldThrowArgumentException" computerName="cursor" duration="00:00:00.0005999" startTime="2025-08-11T11:40:18.3496564+00:00" endTime="2025-08-11T11:40:18.3502568+00:00" testType="13cdc9d9-ddb5-4fa4-a97d-d965ccfc6d4b" outcome="Passed" testListId="8c84fa94-04c1-424b-9868-57a2d4851a1d" relativeResultsDirectory="63ee64bb-5816-4059-b0ad-9224853b03ef" />
    <UnitTestResult executionId="31a0b835-3195-4665-9885-d364119fd235" testId="b4a2eecf-9a99-b799-a456-523f1eb6e158" testName="Constructor_WithValidPage_ShouldCreateFeatures" computerName="cursor" duration="00:00:00.0020670" startTime="2025-08-11T11:40:10.4886003+00:00" endTime="2025-08-11T11:40:10.4906674+00:00" testType="13cdc9d9-ddb5-4fa4-a97d-d965ccfc6d4b" outcome="Passed" testListId="8c84fa94-04c1-424b-9868-57a2d4851a1d" relativeResultsDirectory="31a0b835-3195-4665-9885-d364119fd235" />
    <UnitTestResult executionId="a0cd9c97-9076-4fb7-98c9-cf5f1c9c99f2" testId="6e3418a6-0523-597c-afc0-6f63762ec308" testName="PlaywrightException_WithNullSelector_ShouldSetSelectorToNull" computerName="cursor" duration="00:00:00.0000810" startTime="2025-08-11T11:40:18.0986243+00:00" endTime="2025-08-11T11:40:18.0987054+00:00" testType="13cdc9d9-ddb5-4fa4-a97d-d965ccfc6d4b" outcome="Passed" testListId="8c84fa94-04c1-424b-9868-57a2d4851a1d" relativeResultsDirectory="a0cd9c97-9076-4fb7-98c9-cf5f1c9c99f2" />
    <UnitTestResult executionId="bd6ad551-f36b-4652-85f4-d096322d58cc" testId="34add508-2a70-84a8-717f-061411066a1d" testName="GetFrameworkDriver_WithIBrowserContextType_ShouldReturnContext" computerName="cursor" duration="00:00:00.2558690" startTime="2025-08-11T11:40:12.6003661+00:00" endTime="2025-08-11T11:40:12.8562346+00:00" testType="13cdc9d9-ddb5-4fa4-a97d-d965ccfc6d4b" outcome="Passed" testListId="8c84fa94-04c1-424b-9868-57a2d4851a1d" relativeResultsDirectory="bd6ad551-f36b-4652-85f4-d096322d58cc" />
    <UnitTestResult executionId="43a0ae11-6e1f-451f-acbe-f49912b59444" testId="8ad984d6-7085-8350-03f6-84c69fb96b0b" testName="GetFrameworkDriver_WithIPlaywrightType_ShouldReturnPlaywright" computerName="cursor" duration="00:00:00.2550580" startTime="2025-08-11T11:40:13.3617134+00:00" endTime="2025-08-11T11:40:13.6167710+00:00" testType="13cdc9d9-ddb5-4fa4-a97d-d965ccfc6d4b" outcome="Passed" testListId="8c84fa94-04c1-424b-9868-57a2d4851a1d" relativeResultsDirectory="43a0ae11-6e1f-451f-acbe-f49912b59444" />
    <UnitTestResult executionId="d701cd2a-6357-488c-9985-3a03a138b626" testId="7def36c3-84cc-de65-8474-fb3817dac248" testName="WaitForNetworkRequestAsync_WithEmptyUrlPattern_ShouldThrowArgumentException" computerName="cursor" duration="00:00:00.0016540" startTime="2025-08-11T11:40:10.5266237+00:00" endTime="2025-08-11T11:40:10.5282771+00:00" testType="13cdc9d9-ddb5-4fa4-a97d-d965ccfc6d4b" outcome="Passed" testListId="8c84fa94-04c1-424b-9868-57a2d4851a1d" relativeResultsDirectory="d701cd2a-6357-488c-9985-3a03a138b626" />
    <UnitTestResult executionId="44de451e-3fd4-4f09-812a-e54537b1ca84" testId="944f38ad-08f1-a287-da8c-959767d157ca" testName="WaitForElementText_WithEmptySelector_ShouldThrowArgumentException" computerName="cursor" duration="00:00:00.0008000" startTime="2025-08-11T11:40:18.3488331+00:00" endTime="2025-08-11T11:40:18.3496325+00:00" testType="13cdc9d9-ddb5-4fa4-a97d-d965ccfc6d4b" outcome="Passed" testListId="8c84fa94-04c1-424b-9868-57a2d4851a1d" relativeResultsDirectory="44de451e-3fd4-4f09-812a-e54537b1ca84" />
    <UnitTestResult executionId="9839a356-9983-4632-bf84-ec44a61633b6" testId="f18c7ad7-eb0f-06f7-7be6-b1c9e4fa00a2" testName="InterceptNetworkRequests_WithNullHandler_ShouldThrowArgumentNullException" computerName="cursor" duration="00:00:00.0008930" startTime="2025-08-11T11:40:10.5091032+00:00" endTime="2025-08-11T11:40:10.5099957+00:00" testType="13cdc9d9-ddb5-4fa4-a97d-d965ccfc6d4b" outcome="Passed" testListId="8c84fa94-04c1-424b-9868-57a2d4851a1d" relativeResultsDirectory="9839a356-9983-4632-bf84-ec44a61633b6" />
    <UnitTestResult executionId="f8303ffe-87b0-4cdd-92e3-234967462ad1" testId="5637c2bc-4ff0-830b-afbc-8160de8eaeff" testName="TakeElementScreenshotAsync_WithNullSelector_ShouldThrowArgumentException" computerName="cursor" duration="00:00:00.0012130" startTime="2025-08-11T11:40:10.5228839+00:00" endTime="2025-08-11T11:40:10.5240963+00:00" testType="13cdc9d9-ddb5-4fa4-a97d-d965ccfc6d4b" outcome="Passed" testListId="8c84fa94-04c1-424b-9868-57a2d4851a1d" relativeResultsDirectory="f8303ffe-87b0-4cdd-92e3-234967462ad1" />
    <UnitTestResult executionId="9179197a-cb23-4139-93d5-9541edd08816" testId="f44ad0a1-0847-0f54-bff5-381243908744" testName="SetPermissionsAsync_WithEmptyPermissions_ShouldThrowArgumentException" computerName="cursor" duration="00:00:00.0014820" startTime="2025-08-11T11:40:10.5126954+00:00" endTime="2025-08-11T11:40:10.5141769+00:00" testType="13cdc9d9-ddb5-4fa4-a97d-d965ccfc6d4b" outcome="Passed" testListId="8c84fa94-04c1-424b-9868-57a2d4851a1d" relativeResultsDirectory="9179197a-cb23-4139-93d5-9541edd08816" />
    <UnitTestResult executionId="b98b421a-2abd-4813-af55-cd3f62201fee" testId="ceb91d2d-ad4f-bb50-563d-695574499def" testName="IsEnabled_WithNullSelector_ShouldThrowArgumentException" computerName="cursor" duration="00:00:00.2609360" startTime="2025-08-11T11:40:14.6327171+00:00" endTime="2025-08-11T11:40:14.8936533+00:00" testType="13cdc9d9-ddb5-4fa4-a97d-d965ccfc6d4b" outcome="Passed" testListId="8c84fa94-04c1-424b-9868-57a2d4851a1d" relativeResultsDirectory="b98b421a-2abd-4813-af55-cd3f62201fee" />
    <UnitTestResult executionId="c782c335-8a2f-4270-90ee-d57263596964" testId="6e8c0812-e23c-e7a6-cbe8-62f734dab9f7" testName="WaitForElementAttribute_WithNullSelector_ShouldThrowArgumentException" computerName="cursor" duration="00:00:00.0009550" startTime="2025-08-11T11:40:18.3478560+00:00" endTime="2025-08-11T11:40:18.3488110+00:00" testType="13cdc9d9-ddb5-4fa4-a97d-d965ccfc6d4b" outcome="Passed" testListId="8c84fa94-04c1-424b-9868-57a2d4851a1d" relativeResultsDirectory="c782c335-8a2f-4270-90ee-d57263596964" />
    <UnitTestResult executionId="46a19781-5962-461e-97cd-8020df1ea6ee" testId="ce7ef0ae-30d6-cbcc-bdb4-d03420e984dd" testName="StartVideoRecordingAsync_WithEmptyPath_ShouldThrowArgumentException" computerName="cursor" duration="00:00:00.0014960" startTime="2025-08-11T11:40:10.5165878+00:00" endTime="2025-08-11T11:40:10.5180840+00:00" testType="13cdc9d9-ddb5-4fa4-a97d-d965ccfc6d4b" outcome="Passed" testListId="8c84fa94-04c1-424b-9868-57a2d4851a1d" relativeResultsDirectory="46a19781-5962-461e-97cd-8020df1ea6ee" />
    <UnitTestResult executionId="2db94aaf-6372-4786-9b1a-6754d6ef01b2" testId="5d8f4898-8bd2-03b0-b2a9-5666b648c3a8" testName="PlaywrightException_WithMessageAndSelector_ShouldSetProperties" computerName="cursor" duration="00:00:00.0001770" startTime="2025-08-11T11:40:18.0983197+00:00" endTime="2025-08-11T11:40:18.0984964+00:00" testType="13cdc9d9-ddb5-4fa4-a97d-d965ccfc6d4b" outcome="Passed" testListId="8c84fa94-04c1-424b-9868-57a2d4851a1d" relativeResultsDirectory="2db94aaf-6372-4786-9b1a-6754d6ef01b2" />
    <UnitTestResult executionId="a0413da5-de40-4fb8-9055-e2a2a013f504" testId="e2038e8d-a0ec-f93d-73e6-4ef1063fd72c" testName="PlaywrightBrowserStartupException_WithMessageAndBrowserType_ShouldSetProperties" computerName="cursor" duration="00:00:00.0007060" startTime="2025-08-11T11:40:18.0944561+00:00" endTime="2025-08-11T11:40:18.0951618+00:00" testType="13cdc9d9-ddb5-4fa4-a97d-d965ccfc6d4b" outcome="Passed" testListId="8c84fa94-04c1-424b-9868-57a2d4851a1d" relativeResultsDirectory="a0413da5-de40-4fb8-9055-e2a2a013f504" />
    <UnitTestResult executionId="75baa4b6-91a0-4d4d-9e90-f265152ee2e6" testId="b5825f7a-1718-d5b8-d745-4d4cf3df9a9b" testName="Click_WithEmptySelector_ShouldThrowArgumentException" computerName="cursor" duration="00:00:00.4484170" startTime="2025-08-11T11:40:10.5340170+00:00" endTime="2025-08-11T11:40:10.9824338+00:00" testType="13cdc9d9-ddb5-4fa4-a97d-d965ccfc6d4b" outcome="Passed" testListId="8c84fa94-04c1-424b-9868-57a2d4851a1d" relativeResultsDirectory="75baa4b6-91a0-4d4d-9e90-f265152ee2e6" />
    <UnitTestResult executionId="773032e2-1b24-409e-b5bc-5a672a388ffd" testId="8b1d7b5e-1d6e-fbde-e6fa-a6405decaab9" testName="WaitForElementToBeVisible_WithNullSelector_ShouldThrowArgumentException" computerName="cursor" duration="00:00:00.2366310" startTime="2025-08-11T11:40:17.8568119+00:00" endTime="2025-08-11T11:40:18.0934428+00:00" testType="13cdc9d9-ddb5-4fa4-a97d-d965ccfc6d4b" outcome="Passed" testListId="8c84fa94-04c1-424b-9868-57a2d4851a1d" relativeResultsDirectory="773032e2-1b24-409e-b5bc-5a672a388ffd" />
    <UnitTestResult executionId="ba555386-3155-4737-b854-d0667c42c042" testId="babf245e-61e1-cd79-5730-5304e9bd7511" testName="WaitForNetworkRequestAsync_WithNullUrlPattern_ShouldThrowArgumentException" computerName="cursor" duration="00:00:00.0011600" startTime="2025-08-11T11:40:10.5282943+00:00" endTime="2025-08-11T11:40:10.5294541+00:00" testType="13cdc9d9-ddb5-4fa4-a97d-d965ccfc6d4b" outcome="Passed" testListId="8c84fa94-04c1-424b-9868-57a2d4851a1d" relativeResultsDirectory="ba555386-3155-4737-b854-d0667c42c042" />
    <UnitTestResult executionId="5ee620b5-16e6-4fa8-b79a-7e09cf78b9da" testId="7bcdd09f-6609-1f20-233b-7512e4e6f7c1" testName="Constructor_WithValidOptions_CreatesInstance" computerName="cursor" duration="00:00:00.0001740" startTime="2025-08-11T11:40:18.1030993+00:00" endTime="2025-08-11T11:40:18.1032737+00:00" testType="13cdc9d9-ddb5-4fa4-a97d-d965ccfc6d4b" outcome="Passed" testListId="8c84fa94-04c1-424b-9868-57a2d4851a1d" relativeResultsDirectory="5ee620b5-16e6-4fa8-b79a-7e09cf78b9da" />
    <UnitTestResult executionId="b5aee301-8243-42b0-88d9-c1155b4c81c0" testId="e4684098-88e8-a927-a52a-bb65b5d5ba67" testName="Version_ReturnsExpectedVersion" computerName="cursor" duration="00:00:00.0001080" startTime="2025-08-11T11:40:18.3330789+00:00" endTime="2025-08-11T11:40:18.3331871+00:00" testType="13cdc9d9-ddb5-4fa4-a97d-d965ccfc6d4b" outcome="Passed" testListId="8c84fa94-04c1-424b-9868-57a2d4851a1d" relativeResultsDirectory="b5aee301-8243-42b0-88d9-c1155b4c81c0" />
    <UnitTestResult executionId="d1ad677c-6f77-4416-af2e-b7064d52c67b" testId="fa631617-c65d-b7c1-e160-e4d485baa491" testName="WaitForElement_WithHiddenStrategy_ShouldNotThrowException" computerName="cursor" duration="00:00:00.0004670" startTime="2025-08-11T11:40:18.3421708+00:00" endTime="2025-08-11T11:40:18.3426372+00:00" testType="13cdc9d9-ddb5-4fa4-a97d-d965ccfc6d4b" outcome="Passed" testListId="8c84fa94-04c1-424b-9868-57a2d4851a1d" relativeResultsDirectory="d1ad677c-6f77-4416-af2e-b7064d52c67b" />
    <UnitTestResult executionId="681c63d4-cdff-49bc-8cef-7df3d95e652b" testId="45134bbd-894d-df2d-e054-a81510231f3d" testName="PlaywrightElementNotFoundException_ShouldInheritFromPlaywrightException" computerName="cursor" duration="00:00:00.0001770" startTime="2025-08-11T11:40:18.0973839+00:00" endTime="2025-08-11T11:40:18.0975608+00:00" testType="13cdc9d9-ddb5-4fa4-a97d-d965ccfc6d4b" outcome="Passed" testListId="8c84fa94-04c1-424b-9868-57a2d4851a1d" relativeResultsDirectory="681c63d4-cdff-49bc-8cef-7df3d95e652b" />
    <UnitTestResult executionId="4994cece-57dd-4faf-9d16-3da1790708e9" testId="236ebad8-d8a1-9190-7cc9-fc41c258d7ec" testName="PlaywrightElementNotFoundException_WithSelector_ShouldSetMessageAndSelector" computerName="cursor" duration="00:00:00.0001380" startTime="2025-08-11T11:40:18.0975748+00:00" endTime="2025-08-11T11:40:18.0977132+00:00" testType="13cdc9d9-ddb5-4fa4-a97d-d965ccfc6d4b" outcome="Passed" testListId="8c84fa94-04c1-424b-9868-57a2d4851a1d" relativeResultsDirectory="4994cece-57dd-4faf-9d16-3da1790708e9" />
    <UnitTestResult executionId="ade703d0-7897-4a97-8ef0-a79e0f99857a" testId="471c48b8-3934-9ff4-83c3-85e85475d277" testName="TakeElementScreenshotAsync_WithValidSelector_ShouldReturnByteArray" computerName="cursor" duration="00:00:00.0011050" startTime="2025-08-11T11:40:10.5241121+00:00" endTime="2025-08-11T11:40:10.5252173+00:00" testType="13cdc9d9-ddb5-4fa4-a97d-d965ccfc6d4b" outcome="Passed" testListId="8c84fa94-04c1-424b-9868-57a2d4851a1d" relativeResultsDirectory="ade703d0-7897-4a97-8ef0-a79e0f99857a" />
    <UnitTestResult executionId="94c3dd9c-7dd0-4ba1-8bcb-56015970a80b" testId="362c113e-5702-d90c-7ecb-13bbbfd61463" testName="EvaluateJavaScriptAsync_WithValidScript_ShouldReturnResult" computerName="cursor" duration="00:00:00.0017050" startTime="2025-08-11T11:40:10.4980136+00:00" endTime="2025-08-11T11:40:10.4997187+00:00" testType="13cdc9d9-ddb5-4fa4-a97d-d965ccfc6d4b" outcome="Passed" testListId="8c84fa94-04c1-424b-9868-57a2d4851a1d" relativeResultsDirectory="94c3dd9c-7dd0-4ba1-8bcb-56015970a80b" />
    <UnitTestResult executionId="b8f6a682-50e7-4387-a94f-4b7faef6f50f" testId="27a6b503-6d8a-6bf4-22e7-91fa4a9610ae" testName="Dispose_DisposesCorrectly" computerName="cursor" duration="00:00:00.3080440" startTime="2025-08-11T11:40:12.0366055+00:00" endTime="2025-08-11T11:40:12.3446492+00:00" testType="13cdc9d9-ddb5-4fa4-a97d-d965ccfc6d4b" outcome="Passed" testListId="8c84fa94-04c1-424b-9868-57a2d4851a1d" relativeResultsDirectory="b8f6a682-50e7-4387-a94f-4b7faef6f50f" />
    <UnitTestResult executionId="56e4a78a-d8c1-4744-9dca-a85ec214c64c" testId="cdf95cc8-e652-0533-8bc6-85dc81d809bd" testName="PlaywrightElementNotVisibleException_WithSelectorAndInnerException_ShouldSetProperties" computerName="cursor" duration="00:00:00.0001000" startTime="2025-08-11T11:40:18.0980363+00:00" endTime="2025-08-11T11:40:18.0981364+00:00" testType="13cdc9d9-ddb5-4fa4-a97d-d965ccfc6d4b" outcome="Passed" testListId="8c84fa94-04c1-424b-9868-57a2d4851a1d" relativeResultsDirectory="56e4a78a-d8c1-4744-9dca-a85ec214c64c" />
    <UnitTestResult executionId="53eced77-cda2-4111-bd90-4c286ee4da82" testId="c5ace3fd-819e-bba6-cdba-2401aa2b6b10" testName="CanHandle_WithPlaywrightDriverType_ReturnsTrue" computerName="cursor" duration="00:00:00.0001460" startTime="2025-08-11T11:40:18.1029448+00:00" endTime="2025-08-11T11:40:18.1030908+00:00" testType="13cdc9d9-ddb5-4fa4-a97d-d965ccfc6d4b" outcome="Passed" testListId="8c84fa94-04c1-424b-9868-57a2d4851a1d" relativeResultsDirectory="53eced77-cda2-4111-bd90-4c286ee4da82" />
    <UnitTestResult executionId="c681262b-80e6-45dc-902f-11a3b5fe2b8b" testId="77166824-4ddf-283f-a4fc-781ad7e809a3" testName="PlaywrightBrowserStartupException_WithMessageBrowserTypeAndInnerException_ShouldSetProperties" computerName="cursor" duration="00:00:00.0002460" startTime="2025-08-11T11:40:18.0951884+00:00" endTime="2025-08-11T11:40:18.0954348+00:00" testType="13cdc9d9-ddb5-4fa4-a97d-d965ccfc6d4b" outcome="Passed" testListId="8c84fa94-04c1-424b-9868-57a2d4851a1d" relativeResultsDirectory="c681262b-80e6-45dc-902f-11a3b5fe2b8b" />
    <UnitTestResult executionId="f632d946-dbbe-4c28-9b21-52ea219e8aa4" testId="98ab0928-473a-f0b2-1c0f-979f2f5dd59d" testName="WaitForElement_WithSmartStrategy_ShouldNotThrowException" computerName="cursor" duration="00:00:00.0007220" startTime="2025-08-11T11:40:18.3437059+00:00" endTime="2025-08-11T11:40:18.3444280+00:00" testType="13cdc9d9-ddb5-4fa4-a97d-d965ccfc6d4b" outcome="Passed" testListId="8c84fa94-04c1-424b-9868-57a2d4851a1d" relativeResultsDirectory="f632d946-dbbe-4c28-9b21-52ea219e8aa4" />
  </Results>
  <TestDefinitions>
    <UnitTest name="WaitForElement_WithEmptySelector_ShouldThrowArgumentException" storage="/workspace/tests/fluentuiscaffold.playwright.tests/bin/debug/net8.0/fluentuiscaffold.playwright.tests.dll" id="d004b151-1a2b-5307-b77d-2f9884eee910">
      <Execution id="3f42b571-1299-49ae-8b13-13a9652d057d" />
      <TestMethod codeBase="/workspace/tests/FluentUIScaffold.Playwright.Tests/bin/Debug/net8.0/FluentUIScaffold.Playwright.Tests.dll" adapterTypeName="executor://nunit3testexecutor/" className="FluentUIScaffold.Playwright.Tests.PlaywrightWaitStrategyTests" name="WaitForElement_WithEmptySelector_ShouldThrowArgumentException" />
    </UnitTest>
    <UnitTest name="WaitForElement_WithSmartStrategy_ShouldNotThrowException" storage="/workspace/tests/fluentuiscaffold.playwright.tests/bin/debug/net8.0/fluentuiscaffold.playwright.tests.dll" id="98ab0928-473a-f0b2-1c0f-979f2f5dd59d">
      <Execution id="f632d946-dbbe-4c28-9b21-52ea219e8aa4" />
      <TestMethod codeBase="/workspace/tests/FluentUIScaffold.Playwright.Tests/bin/Debug/net8.0/FluentUIScaffold.Playwright.Tests.dll" adapterTypeName="executor://nunit3testexecutor/" className="FluentUIScaffold.Playwright.Tests.PlaywrightWaitStrategyTests" name="WaitForElement_WithSmartStrategy_ShouldNotThrowException" />
    </UnitTest>
    <UnitTest name="WaitForElement_WithNullSelector_ShouldThrowArgumentException" storage="/workspace/tests/fluentuiscaffold.playwright.tests/bin/debug/net8.0/fluentuiscaffold.playwright.tests.dll" id="ab7fb356-7440-899e-cd01-0e36beaea533">
      <Execution id="eb377601-aaf2-41e7-a19f-d639910cb1df" />
      <TestMethod codeBase="/workspace/tests/FluentUIScaffold.Playwright.Tests/bin/Debug/net8.0/FluentUIScaffold.Playwright.Tests.dll" adapterTypeName="executor://nunit3testexecutor/" className="FluentUIScaffold.Playwright.Tests.PlaywrightWaitStrategyTests" name="WaitForElement_WithNullSelector_ShouldThrowArgumentException" />
    </UnitTest>
    <UnitTest name="PlaywrightElementNotFoundException_WithSelector_ShouldSetMessageAndSelector" storage="/workspace/tests/fluentuiscaffold.playwright.tests/bin/debug/net8.0/fluentuiscaffold.playwright.tests.dll" id="236ebad8-d8a1-9190-7cc9-fc41c258d7ec">
      <Execution id="4994cece-57dd-4faf-9d16-3da1790708e9" />
      <TestMethod codeBase="/workspace/tests/FluentUIScaffold.Playwright.Tests/bin/Debug/net8.0/FluentUIScaffold.Playwright.Tests.dll" adapterTypeName="executor://nunit3testexecutor/" className="FluentUIScaffold.Playwright.Tests.PlaywrightExceptionsTests" name="PlaywrightElementNotFoundException_WithSelector_ShouldSetMessageAndSelector" />
    </UnitTest>
    <UnitTest name="WaitForElement_WithEmptySelector_ShouldThrowArgumentException" storage="/workspace/tests/fluentuiscaffold.playwright.tests/bin/debug/net8.0/fluentuiscaffold.playwright.tests.dll" id="95496f37-19bd-a3f6-2a2c-3d627f1301ea">
      <Execution id="0f63528f-e35d-476a-bdf9-ba4dc8f3293a" />
      <TestMethod codeBase="/workspace/tests/FluentUIScaffold.Playwright.Tests/bin/Debug/net8.0/FluentUIScaffold.Playwright.Tests.dll" adapterTypeName="executor://nunit3testexecutor/" className="FluentUIScaffold.Playwright.Tests.PlaywrightDriverTests" name="WaitForElement_WithEmptySelector_ShouldThrowArgumentException" />
    </UnitTest>
    <UnitTest name="WaitForElement_WithUnsupportedStrategy_ShouldThrowArgumentException" storage="/workspace/tests/fluentuiscaffold.playwright.tests/bin/debug/net8.0/fluentuiscaffold.playwright.tests.dll" id="8e4e42a9-cbeb-2ffe-badb-66dcdda7de9a">
      <Execution id="0bb751e5-51b4-4f20-bfdf-52f25caf077f" />
      <TestMethod codeBase="/workspace/tests/FluentUIScaffold.Playwright.Tests/bin/Debug/net8.0/FluentUIScaffold.Playwright.Tests.dll" adapterTypeName="executor://nunit3testexecutor/" className="FluentUIScaffold.Playwright.Tests.PlaywrightWaitStrategyTests" name="WaitForElement_WithUnsupportedStrategy_ShouldThrowArgumentException" />
    </UnitTest>
    <UnitTest name="PlaywrightException_WithNullSelector_ShouldSetSelectorToNull" storage="/workspace/tests/fluentuiscaffold.playwright.tests/bin/debug/net8.0/fluentuiscaffold.playwright.tests.dll" id="6e3418a6-0523-597c-afc0-6f63762ec308">
      <Execution id="a0cd9c97-9076-4fb7-98c9-cf5f1c9c99f2" />
      <TestMethod codeBase="/workspace/tests/FluentUIScaffold.Playwright.Tests/bin/Debug/net8.0/FluentUIScaffold.Playwright.Tests.dll" adapterTypeName="executor://nunit3testexecutor/" className="FluentUIScaffold.Playwright.Tests.PlaywrightExceptionsTests" name="PlaywrightException_WithNullSelector_ShouldSetSelectorToNull" />
    </UnitTest>
    <UnitTest name="EvaluateJavaScriptAsync_WithEmptyScript_ShouldThrowArgumentException" storage="/workspace/tests/fluentuiscaffold.playwright.tests/bin/debug/net8.0/fluentuiscaffold.playwright.tests.dll" id="bcd1ca03-417a-4076-e596-5bfcbb44e0e2">
      <Execution id="c8435e4e-c829-42af-86ff-cdbc76ba9a7d" />
      <TestMethod codeBase="/workspace/tests/FluentUIScaffold.Playwright.Tests/bin/Debug/net8.0/FluentUIScaffold.Playwright.Tests.dll" adapterTypeName="executor://nunit3testexecutor/" className="FluentUIScaffold.Playwright.Tests.PlaywrightAdvancedFeaturesTests" name="EvaluateJavaScriptAsync_WithEmptyScript_ShouldThrowArgumentException" />
    </UnitTest>
    <UnitTest name="IsVisible_WithNullSelector_ShouldThrowArgumentException" storage="/workspace/tests/fluentuiscaffold.playwright.tests/bin/debug/net8.0/fluentuiscaffold.playwright.tests.dll" id="a5d32aa4-c3a6-e1da-183c-f4e414cd9910">
      <Execution id="1068caec-d914-48bd-81ac-ec6ab40f3aaa" />
      <TestMethod codeBase="/workspace/tests/FluentUIScaffold.Playwright.Tests/bin/Debug/net8.0/FluentUIScaffold.Playwright.Tests.dll" adapterTypeName="executor://nunit3testexecutor/" className="FluentUIScaffold.Playwright.Tests.PlaywrightDriverTests" name="IsVisible_WithNullSelector_ShouldThrowArgumentException" />
    </UnitTest>
    <UnitTest name="PlaywrightNavigationException_WithNullUrl_ShouldSetUrlToNull" storage="/workspace/tests/fluentuiscaffold.playwright.tests/bin/debug/net8.0/fluentuiscaffold.playwright.tests.dll" id="ef42b422-8ac9-4685-b465-5741dfd4e276">
      <Execution id="dd73e6ca-87b3-4b8f-a168-ac80e2c2b9d5" />
      <TestMethod codeBase="/workspace/tests/FluentUIScaffold.Playwright.Tests/bin/Debug/net8.0/FluentUIScaffold.Playwright.Tests.dll" adapterTypeName="executor://nunit3testexecutor/" className="FluentUIScaffold.Playwright.Tests.PlaywrightExceptionsTests" name="PlaywrightNavigationException_WithNullUrl_ShouldSetUrlToNull" />
    </UnitTest>
    <UnitTest name="PlaywrightNavigationException_WithMessageAndUrl_ShouldSetProperties" storage="/workspace/tests/fluentuiscaffold.playwright.tests/bin/debug/net8.0/fluentuiscaffold.playwright.tests.dll" id="89d34624-71ad-44f5-abfd-0f410f0823b2">
      <Execution id="60360ef5-cf8d-4534-9734-adf74db6a506" />
      <TestMethod codeBase="/workspace/tests/FluentUIScaffold.Playwright.Tests/bin/Debug/net8.0/FluentUIScaffold.Playwright.Tests.dll" adapterTypeName="executor://nunit3testexecutor/" className="FluentUIScaffold.Playwright.Tests.PlaywrightExceptionsTests" name="PlaywrightNavigationException_WithMessageAndUrl_ShouldSetProperties" />
    </UnitTest>
    <UnitTest name="GetFrameworkDriver_WithUnsupportedType_ShouldThrowInvalidOperationException" storage="/workspace/tests/fluentuiscaffold.playwright.tests/bin/debug/net8.0/fluentuiscaffold.playwright.tests.dll" id="6a43d979-e903-e862-7ae2-248d09dea56d">
      <Execution id="a5dd2617-c092-4c8f-bc54-940a91b4c1e5" />
      <TestMethod codeBase="/workspace/tests/FluentUIScaffold.Playwright.Tests/bin/Debug/net8.0/FluentUIScaffold.Playwright.Tests.dll" adapterTypeName="executor://nunit3testexecutor/" className="FluentUIScaffold.Playwright.Tests.PlaywrightDriverTests" name="GetFrameworkDriver_WithUnsupportedType_ShouldThrowInvalidOperationException" />
    </UnitTest>
    <UnitTest name="StartVideoRecordingAsync_WithEmptyPath_ShouldThrowArgumentException" storage="/workspace/tests/fluentuiscaffold.playwright.tests/bin/debug/net8.0/fluentuiscaffold.playwright.tests.dll" id="ce7ef0ae-30d6-cbcc-bdb4-d03420e984dd">
      <Execution id="46a19781-5962-461e-97cd-8020df1ea6ee" />
      <TestMethod codeBase="/workspace/tests/FluentUIScaffold.Playwright.Tests/bin/Debug/net8.0/FluentUIScaffold.Playwright.Tests.dll" adapterTypeName="executor://nunit3testexecutor/" className="FluentUIScaffold.Playwright.Tests.PlaywrightAdvancedFeaturesTests" name="StartVideoRecordingAsync_WithEmptyPath_ShouldThrowArgumentException" />
    </UnitTest>
    <UnitTest name="InterceptNetworkRequests_WithNullHandler_ShouldThrowArgumentNullException" storage="/workspace/tests/fluentuiscaffold.playwright.tests/bin/debug/net8.0/fluentuiscaffold.playwright.tests.dll" id="f18c7ad7-eb0f-06f7-7be6-b1c9e4fa00a2">
      <Execution id="9839a356-9983-4632-bf84-ec44a61633b6" />
      <TestMethod codeBase="/workspace/tests/FluentUIScaffold.Playwright.Tests/bin/Debug/net8.0/FluentUIScaffold.Playwright.Tests.dll" adapterTypeName="executor://nunit3testexecutor/" className="FluentUIScaffold.Playwright.Tests.PlaywrightAdvancedFeaturesTests" name="InterceptNetworkRequests_WithNullHandler_ShouldThrowArgumentNullException" />
    </UnitTest>
    <UnitTest name="GeneratePdfAsync_WithValidParameters_ShouldReturnByteArray" storage="/workspace/tests/fluentuiscaffold.playwright.tests/bin/debug/net8.0/fluentuiscaffold.playwright.tests.dll" id="45856250-19cb-ef6e-6149-9cc71288bcb7">
      <Execution id="83f15018-effd-4ec6-80ed-48154141d31f" />
      <TestMethod codeBase="/workspace/tests/FluentUIScaffold.Playwright.Tests/bin/Debug/net8.0/FluentUIScaffold.Playwright.Tests.dll" adapterTypeName="executor://nunit3testexecutor/" className="FluentUIScaffold.Playwright.Tests.PlaywrightAdvancedFeaturesTests" name="GeneratePdfAsync_WithValidParameters_ShouldReturnByteArray" />
    </UnitTest>
    <UnitTest name="WaitForNetworkRequestInitiatedAsync_WithNullUrlPattern_ShouldThrowArgumentException" storage="/workspace/tests/fluentuiscaffold.playwright.tests/bin/debug/net8.0/fluentuiscaffold.playwright.tests.dll" id="e5737d36-51a6-dc2d-8804-78bd59fa91a2">
      <Execution id="b7a6f984-7bb5-4aa4-b588-3f34ea52e208" />
      <TestMethod codeBase="/workspace/tests/FluentUIScaffold.Playwright.Tests/bin/Debug/net8.0/FluentUIScaffold.Playwright.Tests.dll" adapterTypeName="executor://nunit3testexecutor/" className="FluentUIScaffold.Playwright.Tests.PlaywrightAdvancedFeaturesTests" name="WaitForNetworkRequestInitiatedAsync_WithNullUrlPattern_ShouldThrowArgumentException" />
    </UnitTest>
    <UnitTest name="EvaluateJavaScriptAsync_WithNullScript_ShouldThrowArgumentException" storage="/workspace/tests/fluentuiscaffold.playwright.tests/bin/debug/net8.0/fluentuiscaffold.playwright.tests.dll" id="4c697dac-7fda-ed9a-8482-a66b241202c5">
      <Execution id="340e0d1c-1a0e-43eb-b63c-631ee2c1a254" />
      <TestMethod codeBase="/workspace/tests/FluentUIScaffold.Playwright.Tests/bin/Debug/net8.0/FluentUIScaffold.Playwright.Tests.dll" adapterTypeName="executor://nunit3testexecutor/" className="FluentUIScaffold.Playwright.Tests.PlaywrightAdvancedFeaturesTests" name="EvaluateJavaScriptAsync_WithNullScript_ShouldThrowArgumentException" />
    </UnitTest>
    <UnitTest name="StopVideoRecordingAsync_ShouldNotThrowException" storage="/workspace/tests/fluentuiscaffold.playwright.tests/bin/debug/net8.0/fluentuiscaffold.playwright.tests.dll" id="9c4667d8-9f8a-fe5b-50bf-47a735c0cdb4">
      <Execution id="43d66291-080c-4d7a-9835-bdc3b47c1833" />
      <TestMethod codeBase="/workspace/tests/FluentUIScaffold.Playwright.Tests/bin/Debug/net8.0/FluentUIScaffold.Playwright.Tests.dll" adapterTypeName="executor://nunit3testexecutor/" className="FluentUIScaffold.Playwright.Tests.PlaywrightAdvancedFeaturesTests" name="StopVideoRecordingAsync_ShouldNotThrowException" />
    </UnitTest>
    <UnitTest name="AddInitScriptAsync_WithEmptyScript_ShouldThrowArgumentException" storage="/workspace/tests/fluentuiscaffold.playwright.tests/bin/debug/net8.0/fluentuiscaffold.playwright.tests.dll" id="2b967a35-4f93-7672-b237-6aff698f6ce5">
      <Execution id="854f5c41-72d0-455f-83c5-79641e9a8e68" />
      <TestMethod codeBase="/workspace/tests/FluentUIScaffold.Playwright.Tests/bin/Debug/net8.0/FluentUIScaffold.Playwright.Tests.dll" adapterTypeName="executor://nunit3testexecutor/" className="FluentUIScaffold.Playwright.Tests.PlaywrightAdvancedFeaturesTests" name="AddInitScriptAsync_WithEmptyScript_ShouldThrowArgumentException" />
    </UnitTest>
    <UnitTest name="EmulateMobileDeviceAsync_WithNullDeviceName_ShouldThrowArgumentException" storage="/workspace/tests/fluentuiscaffold.playwright.tests/bin/debug/net8.0/fluentuiscaffold.playwright.tests.dll" id="81987c09-bfbe-10db-7f52-1c7de4cb6a0e">
      <Execution id="fd5f9e84-1e7d-4ae9-b2c1-1ef5e24e169f" />
      <TestMethod codeBase="/workspace/tests/FluentUIScaffold.Playwright.Tests/bin/Debug/net8.0/FluentUIScaffold.Playwright.Tests.dll" adapterTypeName="executor://nunit3testexecutor/" className="FluentUIScaffold.Playwright.Tests.PlaywrightAdvancedFeaturesTests" name="EmulateMobileDeviceAsync_WithNullDeviceName_ShouldThrowArgumentException" />
    </UnitTest>
    <UnitTest name="WaitForElement_WithTextPresentStrategy_ShouldNotThrowException" storage="/workspace/tests/fluentuiscaffold.playwright.tests/bin/debug/net8.0/fluentuiscaffold.playwright.tests.dll" id="ae12414c-2a3b-8fba-bfbc-5cc41bbf8493">
      <Execution id="ca2b5476-43dc-4ac5-b505-cfd6c3fef632" />
      <TestMethod codeBase="/workspace/tests/FluentUIScaffold.Playwright.Tests/bin/Debug/net8.0/FluentUIScaffold.Playwright.Tests.dll" adapterTypeName="executor://nunit3testexecutor/" className="FluentUIScaffold.Playwright.Tests.PlaywrightWaitStrategyTests" name="WaitForElement_WithTextPresentStrategy_ShouldNotThrowException" />
    </UnitTest>
    <UnitTest name="Click_WithNullSelector_ShouldThrowArgumentException" storage="/workspace/tests/fluentuiscaffold.playwright.tests/bin/debug/net8.0/fluentuiscaffold.playwright.tests.dll" id="c4dce798-f1a3-ea12-2f13-63b553ffaea1">
      <Execution id="68bc2bc9-bd93-43c5-ac54-82ac306f4f47" />
      <TestMethod codeBase="/workspace/tests/FluentUIScaffold.Playwright.Tests/bin/Debug/net8.0/FluentUIScaffold.Playwright.Tests.dll" adapterTypeName="executor://nunit3testexecutor/" className="FluentUIScaffold.Playwright.Tests.PlaywrightDriverTests" name="Click_WithNullSelector_ShouldThrowArgumentException" />
    </UnitTest>
    <UnitTest name="SetGeolocationAsync_WithValidCoordinates_ShouldNotThrowException" storage="/workspace/tests/fluentuiscaffold.playwright.tests/bin/debug/net8.0/fluentuiscaffold.playwright.tests.dll" id="08024d7f-f5d4-70e2-2d00-1732d845efa4">
      <Execution id="6610b701-b65c-4885-a0dc-11804380200d" />
      <TestMethod codeBase="/workspace/tests/FluentUIScaffold.Playwright.Tests/bin/Debug/net8.0/FluentUIScaffold.Playwright.Tests.dll" adapterTypeName="executor://nunit3testexecutor/" className="FluentUIScaffold.Playwright.Tests.PlaywrightAdvancedFeaturesTests" name="SetGeolocationAsync_WithValidCoordinates_ShouldNotThrowException" />
    </UnitTest>
    <UnitTest name="CreateDriver_WithNullOptions_ThrowsException" storage="/workspace/tests/fluentuiscaffold.playwright.tests/bin/debug/net8.0/fluentuiscaffold.playwright.tests.dll" id="f9eaa350-3407-dfbf-81e7-a2dcc8ed9569">
      <Execution id="25cfb789-dbf5-4481-8c94-507994f04218" />
      <TestMethod codeBase="/workspace/tests/FluentUIScaffold.Playwright.Tests/bin/Debug/net8.0/FluentUIScaffold.Playwright.Tests.dll" adapterTypeName="executor://nunit3testexecutor/" className="FluentUIScaffold.Playwright.Tests.PlaywrightPluginTests" name="CreateDriver_WithNullOptions_ThrowsException" />
    </UnitTest>
    <UnitTest name="CanHandle_WithPlaywrightDriverType_ReturnsTrue" storage="/workspace/tests/fluentuiscaffold.playwright.tests/bin/debug/net8.0/fluentuiscaffold.playwright.tests.dll" id="c5ace3fd-819e-bba6-cdba-2401aa2b6b10">
      <Execution id="53eced77-cda2-4111-bd90-4c286ee4da82" />
      <TestMethod codeBase="/workspace/tests/FluentUIScaffold.Playwright.Tests/bin/Debug/net8.0/FluentUIScaffold.Playwright.Tests.dll" adapterTypeName="executor://nunit3testexecutor/" className="FluentUIScaffold.Playwright.Tests.PlaywrightPluginTests" name="CanHandle_WithPlaywrightDriverType_ReturnsTrue" />
    </UnitTest>
    <UnitTest name="WaitForElement_WithClickableStrategy_ShouldNotThrowException" storage="/workspace/tests/fluentuiscaffold.playwright.tests/bin/debug/net8.0/fluentuiscaffold.playwright.tests.dll" id="93632efa-74f1-63ac-ce85-01344d72df82">
      <Execution id="4a38c84f-55a8-4117-8bbe-3e6f212140a9" />
      <TestMethod codeBase="/workspace/tests/FluentUIScaffold.Playwright.Tests/bin/Debug/net8.0/FluentUIScaffold.Playwright.Tests.dll" adapterTypeName="executor://nunit3testexecutor/" className="FluentUIScaffold.Playwright.Tests.PlaywrightWaitStrategyTests" name="WaitForElement_WithClickableStrategy_ShouldNotThrowException" />
    </UnitTest>
    <UnitTest name="Type_WithNullSelector_ShouldThrowArgumentException" storage="/workspace/tests/fluentuiscaffold.playwright.tests/bin/debug/net8.0/fluentuiscaffold.playwright.tests.dll" id="815098b5-efab-3788-b82b-7c2f40ad7411">
      <Execution id="29897046-c607-48d4-b6a2-7b2046644bed" />
      <TestMethod codeBase="/workspace/tests/FluentUIScaffold.Playwright.Tests/bin/Debug/net8.0/FluentUIScaffold.Playwright.Tests.dll" adapterTypeName="executor://nunit3testexecutor/" className="FluentUIScaffold.Playwright.Tests.PlaywrightDriverTests" name="Type_WithNullSelector_ShouldThrowArgumentException" />
    </UnitTest>
    <UnitTest name="WaitForElement_WithEnabledStrategy_ShouldNotThrowException" storage="/workspace/tests/fluentuiscaffold.playwright.tests/bin/debug/net8.0/fluentuiscaffold.playwright.tests.dll" id="eae310e3-db41-6fc8-d145-0be80a4f2556">
      <Execution id="b5086ee5-4ad8-4470-9b37-42adaa74f0fa" />
      <TestMethod codeBase="/workspace/tests/FluentUIScaffold.Playwright.Tests/bin/Debug/net8.0/FluentUIScaffold.Playwright.Tests.dll" adapterTypeName="executor://nunit3testexecutor/" className="FluentUIScaffold.Playwright.Tests.PlaywrightWaitStrategyTests" name="WaitForElement_WithEnabledStrategy_ShouldNotThrowException" />
    </UnitTest>
    <UnitTest name="GetFrameworkDriver_WithIBrowserContextType_ShouldReturnContext" storage="/workspace/tests/fluentuiscaffold.playwright.tests/bin/debug/net8.0/fluentuiscaffold.playwright.tests.dll" id="34add508-2a70-84a8-717f-061411066a1d">
      <Execution id="bd6ad551-f36b-4652-85f4-d096322d58cc" />
      <TestMethod codeBase="/workspace/tests/FluentUIScaffold.Playwright.Tests/bin/Debug/net8.0/FluentUIScaffold.Playwright.Tests.dll" adapterTypeName="executor://nunit3testexecutor/" className="FluentUIScaffold.Playwright.Tests.PlaywrightDriverTests" name="GetFrameworkDriver_WithIBrowserContextType_ShouldReturnContext" />
    </UnitTest>
    <UnitTest name="AddInitScriptAsync_WithNullScript_ShouldThrowArgumentException" storage="/workspace/tests/fluentuiscaffold.playwright.tests/bin/debug/net8.0/fluentuiscaffold.playwright.tests.dll" id="e44936e1-43c5-f732-a194-48ac2203688b">
      <Execution id="c45eca37-bacf-459f-8706-569e7c906ef1" />
      <TestMethod codeBase="/workspace/tests/FluentUIScaffold.Playwright.Tests/bin/Debug/net8.0/FluentUIScaffold.Playwright.Tests.dll" adapterTypeName="executor://nunit3testexecutor/" className="FluentUIScaffold.Playwright.Tests.PlaywrightAdvancedFeaturesTests" name="AddInitScriptAsync_WithNullScript_ShouldThrowArgumentException" />
    </UnitTest>
    <UnitTest name="WaitForNetworkRequestAsync_WithNullUrlPattern_ShouldThrowArgumentException" storage="/workspace/tests/fluentuiscaffold.playwright.tests/bin/debug/net8.0/fluentuiscaffold.playwright.tests.dll" id="babf245e-61e1-cd79-5730-5304e9bd7511">
      <Execution id="ba555386-3155-4737-b854-d0667c42c042" />
      <TestMethod codeBase="/workspace/tests/FluentUIScaffold.Playwright.Tests/bin/Debug/net8.0/FluentUIScaffold.Playwright.Tests.dll" adapterTypeName="executor://nunit3testexecutor/" className="FluentUIScaffold.Playwright.Tests.PlaywrightAdvancedFeaturesTests" name="WaitForNetworkRequestAsync_WithNullUrlPattern_ShouldThrowArgumentException" />
    </UnitTest>
    <UnitTest name="PlaywrightException_WithMessageAndSelector_ShouldSetProperties" storage="/workspace/tests/fluentuiscaffold.playwright.tests/bin/debug/net8.0/fluentuiscaffold.playwright.tests.dll" id="5d8f4898-8bd2-03b0-b2a9-5666b648c3a8">
      <Execution id="2db94aaf-6372-4786-9b1a-6754d6ef01b2" />
      <TestMethod codeBase="/workspace/tests/FluentUIScaffold.Playwright.Tests/bin/Debug/net8.0/FluentUIScaffold.Playwright.Tests.dll" adapterTypeName="executor://nunit3testexecutor/" className="FluentUIScaffold.Playwright.Tests.PlaywrightExceptionsTests" name="PlaywrightException_WithMessageAndSelector_ShouldSetProperties" />
    </UnitTest>
    <UnitTest name="WaitForElementAttribute_WithNullSelector_ShouldThrowArgumentException" storage="/workspace/tests/fluentuiscaffold.playwright.tests/bin/debug/net8.0/fluentuiscaffold.playwright.tests.dll" id="6e8c0812-e23c-e7a6-cbe8-62f734dab9f7">
      <Execution id="c782c335-8a2f-4270-90ee-d57263596964" />
      <TestMethod codeBase="/workspace/tests/FluentUIScaffold.Playwright.Tests/bin/Debug/net8.0/FluentUIScaffold.Playwright.Tests.dll" adapterTypeName="executor://nunit3testexecutor/" className="FluentUIScaffold.Playwright.Tests.PlaywrightWaitStrategyTests" name="WaitForElementAttribute_WithNullSelector_ShouldThrowArgumentException" />
    </UnitTest>
    <UnitTest name="CurrentUrl_ReturnsExpectedUrl" storage="/workspace/tests/fluentuiscaffold.playwright.tests/bin/debug/net8.0/fluentuiscaffold.playwright.tests.dll" id="7129b340-9055-6f76-82b2-850b838de151">
      <Execution id="66ebd5ab-16e4-47a5-98d4-2547af00715d" />
      <TestMethod codeBase="/workspace/tests/FluentUIScaffold.Playwright.Tests/bin/Debug/net8.0/FluentUIScaffold.Playwright.Tests.dll" adapterTypeName="executor://nunit3testexecutor/" className="FluentUIScaffold.Playwright.Tests.PlaywrightDriverTests" name="CurrentUrl_ReturnsExpectedUrl" />
    </UnitTest>
    <UnitTest name="Name_ReturnsPlaywright" storage="/workspace/tests/fluentuiscaffold.playwright.tests/bin/debug/net8.0/fluentuiscaffold.playwright.tests.dll" id="d35e5fdf-75d0-2f95-568c-44152552faab">
      <Execution id="8173951a-a70b-4c8d-90d5-f77c7080851f" />
      <TestMethod codeBase="/workspace/tests/FluentUIScaffold.Playwright.Tests/bin/Debug/net8.0/FluentUIScaffold.Playwright.Tests.dll" adapterTypeName="executor://nunit3testexecutor/" className="FluentUIScaffold.Playwright.Tests.PlaywrightPluginTests" name="Name_ReturnsPlaywright" />
    </UnitTest>
    <UnitTest name="StartVideoRecordingAsync_WithValidPath_ShouldNotThrowException" storage="/workspace/tests/fluentuiscaffold.playwright.tests/bin/debug/net8.0/fluentuiscaffold.playwright.tests.dll" id="39a497ce-1c9b-21eb-4e39-bf1601ef01af">
      <Execution id="42c62301-58ac-4810-b6dd-e0cc506d3aad" />
      <TestMethod codeBase="/workspace/tests/FluentUIScaffold.Playwright.Tests/bin/Debug/net8.0/FluentUIScaffold.Playwright.Tests.dll" adapterTypeName="executor://nunit3testexecutor/" className="FluentUIScaffold.Playwright.Tests.PlaywrightAdvancedFeaturesTests" name="StartVideoRecordingAsync_WithValidPath_ShouldNotThrowException" />
    </UnitTest>
    <UnitTest name="GetFrameworkDriver_WithIBrowserType_ShouldReturnBrowser" storage="/workspace/tests/fluentuiscaffold.playwright.tests/bin/debug/net8.0/fluentuiscaffold.playwright.tests.dll" id="8bfbe005-5221-22b1-278d-cb9bd37053a6">
      <Execution id="ff14f7e6-b3db-4c8e-bd77-ef6beaf1ddf0" />
      <TestMethod codeBase="/workspace/tests/FluentUIScaffold.Playwright.Tests/bin/Debug/net8.0/FluentUIScaffold.Playwright.Tests.dll" adapterTypeName="executor://nunit3testexecutor/" className="FluentUIScaffold.Playwright.Tests.PlaywrightDriverTests" name="GetFrameworkDriver_WithIBrowserType_ShouldReturnBrowser" />
    </UnitTest>
    <UnitTest name="Version_ReturnsExpectedVersion" storage="/workspace/tests/fluentuiscaffold.playwright.tests/bin/debug/net8.0/fluentuiscaffold.playwright.tests.dll" id="e4684098-88e8-a927-a52a-bb65b5d5ba67">
      <Execution id="b5aee301-8243-42b0-88d9-c1155b4c81c0" />
      <TestMethod codeBase="/workspace/tests/FluentUIScaffold.Playwright.Tests/bin/Debug/net8.0/FluentUIScaffold.Playwright.Tests.dll" adapterTypeName="executor://nunit3testexecutor/" className="FluentUIScaffold.Playwright.Tests.PlaywrightPluginTests" name="Version_ReturnsExpectedVersion" />
    </UnitTest>
    <UnitTest name="PlaywrightNavigationException_WithMessageUrlAndInnerException_ShouldSetProperties" storage="/workspace/tests/fluentuiscaffold.playwright.tests/bin/debug/net8.0/fluentuiscaffold.playwright.tests.dll" id="b658b339-aeef-29fb-d21b-40e08f77927d">
      <Execution id="357f4bde-4939-421c-87cb-faa8dd5e39fd" />
      <TestMethod codeBase="/workspace/tests/FluentUIScaffold.Playwright.Tests/bin/Debug/net8.0/FluentUIScaffold.Playwright.Tests.dll" adapterTypeName="executor://nunit3testexecutor/" className="FluentUIScaffold.Playwright.Tests.PlaywrightExceptionsTests" name="PlaywrightNavigationException_WithMessageUrlAndInnerException_ShouldSetProperties" />
    </UnitTest>
    <UnitTest name="WaitForElementAttribute_WithEmptySelector_ShouldThrowArgumentException" storage="/workspace/tests/fluentuiscaffold.playwright.tests/bin/debug/net8.0/fluentuiscaffold.playwright.tests.dll" id="a040c7ad-7721-eef7-f7a3-3be656e62ca9">
      <Execution id="83fdb4a4-0747-4e91-b47c-b7568756111b" />
      <TestMethod codeBase="/workspace/tests/FluentUIScaffold.Playwright.Tests/bin/Debug/net8.0/FluentUIScaffold.Playwright.Tests.dll" adapterTypeName="executor://nunit3testexecutor/" className="FluentUIScaffold.Playwright.Tests.PlaywrightWaitStrategyTests" name="WaitForElementAttribute_WithEmptySelector_ShouldThrowArgumentException" />
    </UnitTest>
    <UnitTest name="PlaywrightTimeoutException_WithMessageAndSelector_ShouldSetProperties" storage="/workspace/tests/fluentuiscaffold.playwright.tests/bin/debug/net8.0/fluentuiscaffold.playwright.tests.dll" id="7c2b473a-b129-8a39-0f11-3dfd0ad70e94">
      <Execution id="26e08427-42e1-4637-bb5a-ff9bae50f956" />
      <TestMethod codeBase="/workspace/tests/FluentUIScaffold.Playwright.Tests/bin/Debug/net8.0/FluentUIScaffold.Playwright.Tests.dll" adapterTypeName="executor://nunit3testexecutor/" className="FluentUIScaffold.Playwright.Tests.PlaywrightExceptionsTests" name="PlaywrightTimeoutException_WithMessageAndSelector_ShouldSetProperties" />
    </UnitTest>
    <UnitTest name="Constructor_WithNullOptions_ShouldThrowArgumentNullException" storage="/workspace/tests/fluentuiscaffold.playwright.tests/bin/debug/net8.0/fluentuiscaffold.playwright.tests.dll" id="ded617c3-d704-a2dc-89a2-9e07115fa2fd">
      <Execution id="f5d5f661-c60e-497f-b2b0-cc3915371fc7" />
      <TestMethod codeBase="/workspace/tests/FluentUIScaffold.Playwright.Tests/bin/Debug/net8.0/FluentUIScaffold.Playwright.Tests.dll" adapterTypeName="executor://nunit3testexecutor/" className="FluentUIScaffold.Playwright.Tests.PlaywrightWaitStrategyTests" name="Constructor_WithNullOptions_ShouldThrowArgumentNullException" />
    </UnitTest>
    <UnitTest name="CreateDriver_WithValidOptions_ReturnsDriver" storage="/workspace/tests/fluentuiscaffold.playwright.tests/bin/debug/net8.0/fluentuiscaffold.playwright.tests.dll" id="ce9a076c-9acd-572b-8425-afddb1c89e02">
      <Execution id="d9b19ea6-7dcc-42f8-91eb-70f06c9f2855" />
      <TestMethod codeBase="/workspace/tests/FluentUIScaffold.Playwright.Tests/bin/Debug/net8.0/FluentUIScaffold.Playwright.Tests.dll" adapterTypeName="executor://nunit3testexecutor/" className="FluentUIScaffold.Playwright.Tests.PlaywrightPluginTests" name="CreateDriver_WithValidOptions_ReturnsDriver" />
    </UnitTest>
    <UnitTest name="Constructor_WithValidOptions_CreatesInstance" storage="/workspace/tests/fluentuiscaffold.playwright.tests/bin/debug/net8.0/fluentuiscaffold.playwright.tests.dll" id="7bcdd09f-6609-1f20-233b-7512e4e6f7c1">
      <Execution id="5ee620b5-16e6-4fa8-b79a-7e09cf78b9da" />
      <TestMethod codeBase="/workspace/tests/FluentUIScaffold.Playwright.Tests/bin/Debug/net8.0/FluentUIScaffold.Playwright.Tests.dll" adapterTypeName="executor://nunit3testexecutor/" className="FluentUIScaffold.Playwright.Tests.PlaywrightPluginTests" name="Constructor_WithValidOptions_CreatesInstance" />
    </UnitTest>
    <UnitTest name="WaitForElementToBeVisible_WithEmptySelector_ShouldThrowArgumentException" storage="/workspace/tests/fluentuiscaffold.playwright.tests/bin/debug/net8.0/fluentuiscaffold.playwright.tests.dll" id="6d764fe3-fd38-7c7c-3992-4f2ce7db3d78">
      <Execution id="ed07e0d2-730f-4122-b3fb-7c7b59550de7" />
      <TestMethod codeBase="/workspace/tests/FluentUIScaffold.Playwright.Tests/bin/Debug/net8.0/FluentUIScaffold.Playwright.Tests.dll" adapterTypeName="executor://nunit3testexecutor/" className="FluentUIScaffold.Playwright.Tests.PlaywrightDriverTests" name="WaitForElementToBeVisible_WithEmptySelector_ShouldThrowArgumentException" />
    </UnitTest>
    <UnitTest name="PlaywrightElementNotVisibleException_ShouldInheritFromPlaywrightException" storage="/workspace/tests/fluentuiscaffold.playwright.tests/bin/debug/net8.0/fluentuiscaffold.playwright.tests.dll" id="25abdc2d-45ef-3e74-73db-d094b04fac31">
      <Execution id="568e727d-d9b0-468d-9b87-689e0a7d4a20" />
      <TestMethod codeBase="/workspace/tests/FluentUIScaffold.Playwright.Tests/bin/Debug/net8.0/FluentUIScaffold.Playwright.Tests.dll" adapterTypeName="executor://nunit3testexecutor/" className="FluentUIScaffold.Playwright.Tests.PlaywrightExceptionsTests" name="PlaywrightElementNotVisibleException_ShouldInheritFromPlaywrightException" />
    </UnitTest>
    <UnitTest name="Constructor_WithValidParameters_ShouldCreateStrategy" storage="/workspace/tests/fluentuiscaffold.playwright.tests/bin/debug/net8.0/fluentuiscaffold.playwright.tests.dll" id="f7945da7-05fc-93b2-6c8b-30796e4537e2">
      <Execution id="bc00d8e1-6c88-4439-8be5-6bf7164bf72d" />
      <TestMethod codeBase="/workspace/tests/FluentUIScaffold.Playwright.Tests/bin/Debug/net8.0/FluentUIScaffold.Playwright.Tests.dll" adapterTypeName="executor://nunit3testexecutor/" className="FluentUIScaffold.Playwright.Tests.PlaywrightWaitStrategyTests" name="Constructor_WithValidParameters_ShouldCreateStrategy" />
    </UnitTest>
    <UnitTest name="WaitForNetworkRequestInitiatedAsync_WithEmptyUrlPattern_ShouldThrowArgumentException" storage="/workspace/tests/fluentuiscaffold.playwright.tests/bin/debug/net8.0/fluentuiscaffold.playwright.tests.dll" id="ff27c3ee-967a-d5b0-28a4-0b2f2d102b00">
      <Execution id="dcf25cfa-5492-4f76-b3c6-5489dc362c71" />
      <TestMethod codeBase="/workspace/tests/FluentUIScaffold.Playwright.Tests/bin/Debug/net8.0/FluentUIScaffold.Playwright.Tests.dll" adapterTypeName="executor://nunit3testexecutor/" className="FluentUIScaffold.Playwright.Tests.PlaywrightAdvancedFeaturesTests" name="WaitForNetworkRequestInitiatedAsync_WithEmptyUrlPattern_ShouldThrowArgumentException" />
    </UnitTest>
    <UnitTest name="GetText_WithNullSelector_ShouldThrowArgumentException" storage="/workspace/tests/fluentuiscaffold.playwright.tests/bin/debug/net8.0/fluentuiscaffold.playwright.tests.dll" id="3b14417e-ad23-ef34-465a-8ff764684d0a">
      <Execution id="615f1497-32dd-421d-8bf9-63aa807b57aa" />
      <TestMethod codeBase="/workspace/tests/FluentUIScaffold.Playwright.Tests/bin/Debug/net8.0/FluentUIScaffold.Playwright.Tests.dll" adapterTypeName="executor://nunit3testexecutor/" className="FluentUIScaffold.Playwright.Tests.PlaywrightDriverTests" name="GetText_WithNullSelector_ShouldThrowArgumentException" />
    </UnitTest>
    <UnitTest name="PlaywrightElementNotEnabledException_WithSelector_ShouldSetMessageAndSelector" storage="/workspace/tests/fluentuiscaffold.playwright.tests/bin/debug/net8.0/fluentuiscaffold.playwright.tests.dll" id="4d512506-d61d-6e99-e5c8-886efba56d40">
      <Execution id="a3f18c06-d3fc-4883-be8c-ecbdd586cbd1" />
      <TestMethod codeBase="/workspace/tests/FluentUIScaffold.Playwright.Tests/bin/Debug/net8.0/FluentUIScaffold.Playwright.Tests.dll" adapterTypeName="executor://nunit3testexecutor/" className="FluentUIScaffold.Playwright.Tests.PlaywrightExceptionsTests" name="PlaywrightElementNotEnabledException_WithSelector_ShouldSetMessageAndSelector" />
    </UnitTest>
    <UnitTest name="PlaywrightElementNotVisibleException_WithSelector_ShouldSetMessageAndSelector" storage="/workspace/tests/fluentuiscaffold.playwright.tests/bin/debug/net8.0/fluentuiscaffold.playwright.tests.dll" id="bf3e385b-dfdb-8f76-ab68-66223f8891f9">
      <Execution id="0cd111b1-0482-49be-9ef6-be011371b822" />
      <TestMethod codeBase="/workspace/tests/FluentUIScaffold.Playwright.Tests/bin/Debug/net8.0/FluentUIScaffold.Playwright.Tests.dll" adapterTypeName="executor://nunit3testexecutor/" className="FluentUIScaffold.Playwright.Tests.PlaywrightExceptionsTests" name="PlaywrightElementNotVisibleException_WithSelector_ShouldSetMessageAndSelector" />
    </UnitTest>
    <UnitTest name="PlaywrightBrowserStartupException_ShouldInheritFromPlaywrightException" storage="/workspace/tests/fluentuiscaffold.playwright.tests/bin/debug/net8.0/fluentuiscaffold.playwright.tests.dll" id="a9901a4f-2a1e-0b93-d3e6-730637b0b658">
      <Execution id="c160158d-b542-40bc-8755-220a35cf1ab4" />
      <TestMethod codeBase="/workspace/tests/FluentUIScaffold.Playwright.Tests/bin/Debug/net8.0/FluentUIScaffold.Playwright.Tests.dll" adapterTypeName="executor://nunit3testexecutor/" className="FluentUIScaffold.Playwright.Tests.PlaywrightExceptionsTests" name="PlaywrightBrowserStartupException_ShouldInheritFromPlaywrightException" />
    </UnitTest>
    <UnitTest name="WaitForElement_WithVisibleStrategy_ShouldNotThrowException" storage="/workspace/tests/fluentuiscaffold.playwright.tests/bin/debug/net8.0/fluentuiscaffold.playwright.tests.dll" id="0bc0dd3d-4205-ff81-c8aa-57581549ca33">
      <Execution id="35b690f3-663b-4d69-9055-41cd33a936ce" />
      <TestMethod codeBase="/workspace/tests/FluentUIScaffold.Playwright.Tests/bin/Debug/net8.0/FluentUIScaffold.Playwright.Tests.dll" adapterTypeName="executor://nunit3testexecutor/" className="FluentUIScaffold.Playwright.Tests.PlaywrightWaitStrategyTests" name="WaitForElement_WithVisibleStrategy_ShouldNotThrowException" />
    </UnitTest>
    <UnitTest name="TakeScreenshotAsync_WithValidParameters_ShouldReturnByteArray" storage="/workspace/tests/fluentuiscaffold.playwright.tests/bin/debug/net8.0/fluentuiscaffold.playwright.tests.dll" id="2a52eb47-2f2b-89a4-1aaf-1041ed903d63">
      <Execution id="0185cdf1-4ce8-4a2d-8204-af87f9f0a7f3" />
      <TestMethod codeBase="/workspace/tests/FluentUIScaffold.Playwright.Tests/bin/Debug/net8.0/FluentUIScaffold.Playwright.Tests.dll" adapterTypeName="executor://nunit3testexecutor/" className="FluentUIScaffold.Playwright.Tests.PlaywrightAdvancedFeaturesTests" name="TakeScreenshotAsync_WithValidParameters_ShouldReturnByteArray" />
    </UnitTest>
    <UnitTest name="Constructor_WithNullPage_ShouldThrowArgumentNullException" storage="/workspace/tests/fluentuiscaffold.playwright.tests/bin/debug/net8.0/fluentuiscaffold.playwright.tests.dll" id="f62e70a1-30d9-b0fc-8eea-390e512b56f9">
      <Execution id="67db4f43-9263-47e0-927d-0a71c826230c" />
      <TestMethod codeBase="/workspace/tests/FluentUIScaffold.Playwright.Tests/bin/Debug/net8.0/FluentUIScaffold.Playwright.Tests.dll" adapterTypeName="executor://nunit3testexecutor/" className="FluentUIScaffold.Playwright.Tests.PlaywrightWaitStrategyTests" name="Constructor_WithNullPage_ShouldThrowArgumentNullException" />
    </UnitTest>
    <UnitTest name="PlaywrightTimeoutException_ShouldInheritFromPlaywrightException" storage="/workspace/tests/fluentuiscaffold.playwright.tests/bin/debug/net8.0/fluentuiscaffold.playwright.tests.dll" id="8a988672-c520-f531-e937-e9bc3434963b">
      <Execution id="5b7c3c49-4692-4aa1-84e9-559f3f3b080e" />
      <TestMethod codeBase="/workspace/tests/FluentUIScaffold.Playwright.Tests/bin/Debug/net8.0/FluentUIScaffold.Playwright.Tests.dll" adapterTypeName="executor://nunit3testexecutor/" className="FluentUIScaffold.Playwright.Tests.PlaywrightExceptionsTests" name="PlaywrightTimeoutException_ShouldInheritFromPlaywrightException" />
    </UnitTest>
    <UnitTest name="InterceptNetworkRequests_WithEmptyUrlPattern_ShouldThrowArgumentException" storage="/workspace/tests/fluentuiscaffold.playwright.tests/bin/debug/net8.0/fluentuiscaffold.playwright.tests.dll" id="d8f4bef2-a3b9-084c-3bb4-021b9fe3d72e">
      <Execution id="edbd7cf7-88e9-4e3a-bda8-91804e4ae7e6" />
      <TestMethod codeBase="/workspace/tests/FluentUIScaffold.Playwright.Tests/bin/Debug/net8.0/FluentUIScaffold.Playwright.Tests.dll" adapterTypeName="executor://nunit3testexecutor/" className="FluentUIScaffold.Playwright.Tests.PlaywrightAdvancedFeaturesTests" name="InterceptNetworkRequests_WithEmptyUrlPattern_ShouldThrowArgumentException" />
    </UnitTest>
    <UnitTest name="NavigateToUrl_WithNullUrl_ShouldThrowArgumentNullException" storage="/workspace/tests/fluentuiscaffold.playwright.tests/bin/debug/net8.0/fluentuiscaffold.playwright.tests.dll" id="df4d6327-e7bc-643e-5619-c31e31143540">
      <Execution id="2d87b6ca-6091-4e7a-8eb9-dba010faf634" />
      <TestMethod codeBase="/workspace/tests/FluentUIScaffold.Playwright.Tests/bin/Debug/net8.0/FluentUIScaffold.Playwright.Tests.dll" adapterTypeName="executor://nunit3testexecutor/" className="FluentUIScaffold.Playwright.Tests.PlaywrightDriverTests" name="NavigateToUrl_WithNullUrl_ShouldThrowArgumentNullException" />
    </UnitTest>
    <UnitTest name="EmulateMobileDeviceAsync_WithEmptyDeviceName_ShouldThrowArgumentException" storage="/workspace/tests/fluentuiscaffold.playwright.tests/bin/debug/net8.0/fluentuiscaffold.playwright.tests.dll" id="8b412a83-eed0-b405-9d7e-9460966d666b">
      <Execution id="d2fccac6-70a8-4124-854e-06c3fc71d1fc" />
      <TestMethod codeBase="/workspace/tests/FluentUIScaffold.Playwright.Tests/bin/Debug/net8.0/FluentUIScaffold.Playwright.Tests.dll" adapterTypeName="executor://nunit3testexecutor/" className="FluentUIScaffold.Playwright.Tests.PlaywrightAdvancedFeaturesTests" name="EmulateMobileDeviceAsync_WithEmptyDeviceName_ShouldThrowArgumentException" />
    </UnitTest>
    <UnitTest name="CanHandle_WithOtherDriverType_ReturnsFalse" storage="/workspace/tests/fluentuiscaffold.playwright.tests/bin/debug/net8.0/fluentuiscaffold.playwright.tests.dll" id="4877fee6-7639-5a08-f7d7-8315d464aac4">
      <Execution id="9c478919-3b35-4e74-9780-3cf2d49261b4" />
      <TestMethod codeBase="/workspace/tests/FluentUIScaffold.Playwright.Tests/bin/Debug/net8.0/FluentUIScaffold.Playwright.Tests.dll" adapterTypeName="executor://nunit3testexecutor/" className="FluentUIScaffold.Playwright.Tests.PlaywrightPluginTests" name="CanHandle_WithOtherDriverType_ReturnsFalse" />
    </UnitTest>
    <UnitTest name="PlaywrightBrowserStartupException_WithMessageAndBrowserType_ShouldSetProperties" storage="/workspace/tests/fluentuiscaffold.playwright.tests/bin/debug/net8.0/fluentuiscaffold.playwright.tests.dll" id="e2038e8d-a0ec-f93d-73e6-4ef1063fd72c">
      <Execution id="a0413da5-de40-4fb8-9055-e2a2a013f504" />
      <TestMethod codeBase="/workspace/tests/FluentUIScaffold.Playwright.Tests/bin/Debug/net8.0/FluentUIScaffold.Playwright.Tests.dll" adapterTypeName="executor://nunit3testexecutor/" className="FluentUIScaffold.Playwright.Tests.PlaywrightExceptionsTests" name="PlaywrightBrowserStartupException_WithMessageAndBrowserType_ShouldSetProperties" />
    </UnitTest>
    <UnitTest name="WaitForElementText_WithEmptySelector_ShouldThrowArgumentException" storage="/workspace/tests/fluentuiscaffold.playwright.tests/bin/debug/net8.0/fluentuiscaffold.playwright.tests.dll" id="944f38ad-08f1-a287-da8c-959767d157ca">
      <Execution id="44de451e-3fd4-4f09-812a-e54537b1ca84" />
      <TestMethod codeBase="/workspace/tests/FluentUIScaffold.Playwright.Tests/bin/Debug/net8.0/FluentUIScaffold.Playwright.Tests.dll" adapterTypeName="executor://nunit3testexecutor/" className="FluentUIScaffold.Playwright.Tests.PlaywrightWaitStrategyTests" name="WaitForElementText_WithEmptySelector_ShouldThrowArgumentException" />
    </UnitTest>
    <UnitTest name="SelectOption_WithNullSelector_ShouldThrowArgumentException" storage="/workspace/tests/fluentuiscaffold.playwright.tests/bin/debug/net8.0/fluentuiscaffold.playwright.tests.dll" id="a17eff27-7a9d-3fe1-a994-0b42d6f3dc3a">
      <Execution id="88198345-a74d-40e8-8f20-9802d4d773ac" />
      <TestMethod codeBase="/workspace/tests/FluentUIScaffold.Playwright.Tests/bin/Debug/net8.0/FluentUIScaffold.Playwright.Tests.dll" adapterTypeName="executor://nunit3testexecutor/" className="FluentUIScaffold.Playwright.Tests.PlaywrightDriverTests" name="SelectOption_WithNullSelector_ShouldThrowArgumentException" />
    </UnitTest>
    <UnitTest name="Constructor_WithValidOptions_CreatesInstance" storage="/workspace/tests/fluentuiscaffold.playwright.tests/bin/debug/net8.0/fluentuiscaffold.playwright.tests.dll" id="9d8e977a-2daa-bc0b-9397-cfa6dd67da2e">
      <Execution id="d484f988-8ec0-42fe-bffe-eb8950382ee6" />
      <TestMethod codeBase="/workspace/tests/FluentUIScaffold.Playwright.Tests/bin/Debug/net8.0/FluentUIScaffold.Playwright.Tests.dll" adapterTypeName="executor://nunit3testexecutor/" className="FluentUIScaffold.Playwright.Tests.PlaywrightDriverTests" name="Constructor_WithValidOptions_CreatesInstance" />
    </UnitTest>
    <UnitTest name="Constructor_WithNullOptions_ThrowsException" storage="/workspace/tests/fluentuiscaffold.playwright.tests/bin/debug/net8.0/fluentuiscaffold.playwright.tests.dll" id="76ff7f4d-9c8c-06e9-6eaf-d088e0e04505">
      <Execution id="1b4d3789-a57c-4fe4-8263-1a008b1da2ce" />
      <TestMethod codeBase="/workspace/tests/FluentUIScaffold.Playwright.Tests/bin/Debug/net8.0/FluentUIScaffold.Playwright.Tests.dll" adapterTypeName="executor://nunit3testexecutor/" className="FluentUIScaffold.Playwright.Tests.PlaywrightDriverTests" name="Constructor_WithNullOptions_ThrowsException" />
    </UnitTest>
    <UnitTest name="SetPermissionsAsync_WithValidPermissions_ShouldNotThrowException" storage="/workspace/tests/fluentuiscaffold.playwright.tests/bin/debug/net8.0/fluentuiscaffold.playwright.tests.dll" id="29b927ce-f540-26d4-d1f1-a1b0b62c4d93">
      <Execution id="4861ddc9-166f-47df-b49c-a7287933f5d6" />
      <TestMethod codeBase="/workspace/tests/FluentUIScaffold.Playwright.Tests/bin/Debug/net8.0/FluentUIScaffold.Playwright.Tests.dll" adapterTypeName="executor://nunit3testexecutor/" className="FluentUIScaffold.Playwright.Tests.PlaywrightAdvancedFeaturesTests" name="SetPermissionsAsync_WithValidPermissions_ShouldNotThrowException" />
    </UnitTest>
    <UnitTest name="WaitForNetworkRequestAsync_WithEmptyUrlPattern_ShouldThrowArgumentException" storage="/workspace/tests/fluentuiscaffold.playwright.tests/bin/debug/net8.0/fluentuiscaffold.playwright.tests.dll" id="7def36c3-84cc-de65-8474-fb3817dac248">
      <Execution id="d701cd2a-6357-488c-9985-3a03a138b626" />
      <TestMethod codeBase="/workspace/tests/FluentUIScaffold.Playwright.Tests/bin/Debug/net8.0/FluentUIScaffold.Playwright.Tests.dll" adapterTypeName="executor://nunit3testexecutor/" className="FluentUIScaffold.Playwright.Tests.PlaywrightAdvancedFeaturesTests" name="WaitForNetworkRequestAsync_WithEmptyUrlPattern_ShouldThrowArgumentException" />
    </UnitTest>
    <UnitTest name="Click_WithEmptySelector_ShouldThrowArgumentException" storage="/workspace/tests/fluentuiscaffold.playwright.tests/bin/debug/net8.0/fluentuiscaffold.playwright.tests.dll" id="b5825f7a-1718-d5b8-d745-4d4cf3df9a9b">
      <Execution id="75baa4b6-91a0-4d4d-9e90-f265152ee2e6" />
      <TestMethod codeBase="/workspace/tests/FluentUIScaffold.Playwright.Tests/bin/Debug/net8.0/FluentUIScaffold.Playwright.Tests.dll" adapterTypeName="executor://nunit3testexecutor/" className="FluentUIScaffold.Playwright.Tests.PlaywrightDriverTests" name="Click_WithEmptySelector_ShouldThrowArgumentException" />
    </UnitTest>
    <UnitTest name="PlaywrightException_ShouldInheritFromFluentUIScaffoldException" storage="/workspace/tests/fluentuiscaffold.playwright.tests/bin/debug/net8.0/fluentuiscaffold.playwright.tests.dll" id="b08e593a-105a-8f9a-8a16-fc40973c941d">
      <Execution id="0d4578b4-f888-4c02-bd80-27b206ddcf60" />
      <TestMethod codeBase="/workspace/tests/FluentUIScaffold.Playwright.Tests/bin/Debug/net8.0/FluentUIScaffold.Playwright.Tests.dll" adapterTypeName="executor://nunit3testexecutor/" className="FluentUIScaffold.Playwright.Tests.PlaywrightExceptionsTests" name="PlaywrightException_ShouldInheritFromFluentUIScaffoldException" />
    </UnitTest>
    <UnitTest name="StartVideoRecordingAsync_WithNullPath_ShouldThrowArgumentException" storage="/workspace/tests/fluentuiscaffold.playwright.tests/bin/debug/net8.0/fluentuiscaffold.playwright.tests.dll" id="3ffb125b-102b-bde1-b8fc-5af3a8320f3e">
      <Execution id="3195c371-fbc3-4cf2-9a5c-31021d6203db" />
      <TestMethod codeBase="/workspace/tests/FluentUIScaffold.Playwright.Tests/bin/Debug/net8.0/FluentUIScaffold.Playwright.Tests.dll" adapterTypeName="executor://nunit3testexecutor/" className="FluentUIScaffold.Playwright.Tests.PlaywrightAdvancedFeaturesTests" name="StartVideoRecordingAsync_WithNullPath_ShouldThrowArgumentException" />
    </UnitTest>
    <UnitTest name="Type_WithEmptySelector_ShouldThrowArgumentException" storage="/workspace/tests/fluentuiscaffold.playwright.tests/bin/debug/net8.0/fluentuiscaffold.playwright.tests.dll" id="c664cdab-350c-1fb1-39db-9c396900386f">
      <Execution id="d47d1a92-edd4-40ae-927d-f84000a17425" />
      <TestMethod codeBase="/workspace/tests/FluentUIScaffold.Playwright.Tests/bin/Debug/net8.0/FluentUIScaffold.Playwright.Tests.dll" adapterTypeName="executor://nunit3testexecutor/" className="FluentUIScaffold.Playwright.Tests.PlaywrightDriverTests" name="Type_WithEmptySelector_ShouldThrowArgumentException" />
    </UnitTest>
    <UnitTest name="PlaywrightElementNotFoundException_WithSelectorAndInnerException_ShouldSetProperties" storage="/workspace/tests/fluentuiscaffold.playwright.tests/bin/debug/net8.0/fluentuiscaffold.playwright.tests.dll" id="91fc287d-2917-073f-d019-a49cedb4c089">
      <Execution id="e8adee13-1a32-4212-9094-c3b6ed0259f9" />
      <TestMethod codeBase="/workspace/tests/FluentUIScaffold.Playwright.Tests/bin/Debug/net8.0/FluentUIScaffold.Playwright.Tests.dll" adapterTypeName="executor://nunit3testexecutor/" className="FluentUIScaffold.Playwright.Tests.PlaywrightExceptionsTests" name="PlaywrightElementNotFoundException_WithSelectorAndInnerException_ShouldSetProperties" />
    </UnitTest>
    <UnitTest name="Constructor_WithNullPage_ShouldThrowArgumentNullException" storage="/workspace/tests/fluentuiscaffold.playwright.tests/bin/debug/net8.0/fluentuiscaffold.playwright.tests.dll" id="3498048a-05a3-5fab-e906-09acaee53433">
      <Execution id="bb8d478c-752c-4e2e-bcc4-8a2c1b8db15d" />
      <TestMethod codeBase="/workspace/tests/FluentUIScaffold.Playwright.Tests/bin/Debug/net8.0/FluentUIScaffold.Playwright.Tests.dll" adapterTypeName="executor://nunit3testexecutor/" className="FluentUIScaffold.Playwright.Tests.PlaywrightAdvancedFeaturesTests" name="Constructor_WithNullPage_ShouldThrowArgumentNullException" />
    </UnitTest>
    <UnitTest name="TakeElementScreenshotAsync_WithNullSelector_ShouldThrowArgumentException" storage="/workspace/tests/fluentuiscaffold.playwright.tests/bin/debug/net8.0/fluentuiscaffold.playwright.tests.dll" id="5637c2bc-4ff0-830b-afbc-8160de8eaeff">
      <Execution id="f8303ffe-87b0-4cdd-92e3-234967462ad1" />
      <TestMethod codeBase="/workspace/tests/FluentUIScaffold.Playwright.Tests/bin/Debug/net8.0/FluentUIScaffold.Playwright.Tests.dll" adapterTypeName="executor://nunit3testexecutor/" className="FluentUIScaffold.Playwright.Tests.PlaywrightAdvancedFeaturesTests" name="TakeElementScreenshotAsync_WithNullSelector_ShouldThrowArgumentException" />
    </UnitTest>
    <UnitTest name="WaitForElementToBeHidden_WithNullSelector_ShouldThrowArgumentException" storage="/workspace/tests/fluentuiscaffold.playwright.tests/bin/debug/net8.0/fluentuiscaffold.playwright.tests.dll" id="13205d21-5396-0d73-194f-16064907002f">
      <Execution id="4b0bc77c-5162-4a65-8031-ea89d7fce78a" />
      <TestMethod codeBase="/workspace/tests/FluentUIScaffold.Playwright.Tests/bin/Debug/net8.0/FluentUIScaffold.Playwright.Tests.dll" adapterTypeName="executor://nunit3testexecutor/" className="FluentUIScaffold.Playwright.Tests.PlaywrightDriverTests" name="WaitForElementToBeHidden_WithNullSelector_ShouldThrowArgumentException" />
    </UnitTest>
    <UnitTest name="WaitForElement_WithNoneStrategy_ShouldNotThrowException" storage="/workspace/tests/fluentuiscaffold.playwright.tests/bin/debug/net8.0/fluentuiscaffold.playwright.tests.dll" id="1c19d2b9-0d7d-1341-0e1e-577e56b55133">
      <Execution id="c696332e-d9fb-4fe8-b958-b4921c429731" />
      <TestMethod codeBase="/workspace/tests/FluentUIScaffold.Playwright.Tests/bin/Debug/net8.0/FluentUIScaffold.Playwright.Tests.dll" adapterTypeName="executor://nunit3testexecutor/" className="FluentUIScaffold.Playwright.Tests.PlaywrightWaitStrategyTests" name="WaitForElement_WithNoneStrategy_ShouldNotThrowException" />
    </UnitTest>
    <UnitTest name="SetPermissionsAsync_WithNullPermissions_ShouldThrowArgumentException" storage="/workspace/tests/fluentuiscaffold.playwright.tests/bin/debug/net8.0/fluentuiscaffold.playwright.tests.dll" id="d8a94e68-473e-230d-959c-c6cb87f94d0d">
      <Execution id="94dda080-aa1a-4019-a055-8dba3f0218f7" />
      <TestMethod codeBase="/workspace/tests/FluentUIScaffold.Playwright.Tests/bin/Debug/net8.0/FluentUIScaffold.Playwright.Tests.dll" adapterTypeName="executor://nunit3testexecutor/" className="FluentUIScaffold.Playwright.Tests.PlaywrightAdvancedFeaturesTests" name="SetPermissionsAsync_WithNullPermissions_ShouldThrowArgumentException" />
    </UnitTest>
    <UnitTest name="GetText_WithEmptySelector_ShouldThrowArgumentException" storage="/workspace/tests/fluentuiscaffold.playwright.tests/bin/debug/net8.0/fluentuiscaffold.playwright.tests.dll" id="4ea4703d-971f-8d0f-9080-579d4df73c0e">
      <Execution id="44f968cb-da92-4398-9fcd-1bccf9bcc760" />
      <TestMethod codeBase="/workspace/tests/FluentUIScaffold.Playwright.Tests/bin/Debug/net8.0/FluentUIScaffold.Playwright.Tests.dll" adapterTypeName="executor://nunit3testexecutor/" className="FluentUIScaffold.Playwright.Tests.PlaywrightDriverTests" name="GetText_WithEmptySelector_ShouldThrowArgumentException" />
    </UnitTest>
    <UnitTest name="SelectOption_WithEmptySelector_ShouldThrowArgumentException" storage="/workspace/tests/fluentuiscaffold.playwright.tests/bin/debug/net8.0/fluentuiscaffold.playwright.tests.dll" id="11bf123b-4b49-9aad-cb04-3660819fe124">
      <Execution id="7bb7b531-b121-44c6-ae8e-e6e2e2f19b9a" />
      <TestMethod codeBase="/workspace/tests/FluentUIScaffold.Playwright.Tests/bin/Debug/net8.0/FluentUIScaffold.Playwright.Tests.dll" adapterTypeName="executor://nunit3testexecutor/" className="FluentUIScaffold.Playwright.Tests.PlaywrightDriverTests" name="SelectOption_WithEmptySelector_ShouldThrowArgumentException" />
    </UnitTest>
    <UnitTest name="WaitForElement_WithDisabledStrategy_ShouldNotThrowException" storage="/workspace/tests/fluentuiscaffold.playwright.tests/bin/debug/net8.0/fluentuiscaffold.playwright.tests.dll" id="3c8cad92-46ed-0873-a4a3-5d20f77cde53">
      <Execution id="ddb5a7fb-223e-4f68-92f3-74145fabbc26" />
      <TestMethod codeBase="/workspace/tests/FluentUIScaffold.Playwright.Tests/bin/Debug/net8.0/FluentUIScaffold.Playwright.Tests.dll" adapterTypeName="executor://nunit3testexecutor/" className="FluentUIScaffold.Playwright.Tests.PlaywrightWaitStrategyTests" name="WaitForElement_WithDisabledStrategy_ShouldNotThrowException" />
    </UnitTest>
    <UnitTest name="PlaywrightElementNotEnabledException_WithSelectorAndInnerException_ShouldSetProperties" storage="/workspace/tests/fluentuiscaffold.playwright.tests/bin/debug/net8.0/fluentuiscaffold.playwright.tests.dll" id="3ad03a22-2777-d2d4-5f83-9fd05f5245af">
      <Execution id="e32fd7af-f3e3-4c14-ab4d-326408d001b4" />
      <TestMethod codeBase="/workspace/tests/FluentUIScaffold.Playwright.Tests/bin/Debug/net8.0/FluentUIScaffold.Playwright.Tests.dll" adapterTypeName="executor://nunit3testexecutor/" className="FluentUIScaffold.Playwright.Tests.PlaywrightExceptionsTests" name="PlaywrightElementNotEnabledException_WithSelectorAndInnerException_ShouldSetProperties" />
    </UnitTest>
    <UnitTest name="GetFrameworkDriver_WithIPageType_ShouldReturnPage" storage="/workspace/tests/fluentuiscaffold.playwright.tests/bin/debug/net8.0/fluentuiscaffold.playwright.tests.dll" id="77b8f1d6-b8c9-e577-da61-e76abc5e190a">
      <Execution id="2b041686-8236-4b25-b00e-0875eebe8c8e" />
      <TestMethod codeBase="/workspace/tests/FluentUIScaffold.Playwright.Tests/bin/Debug/net8.0/FluentUIScaffold.Playwright.Tests.dll" adapterTypeName="executor://nunit3testexecutor/" className="FluentUIScaffold.Playwright.Tests.PlaywrightDriverTests" name="GetFrameworkDriver_WithIPageType_ShouldReturnPage" />
    </UnitTest>
    <UnitTest name="IsEnabled_WithNullSelector_ShouldThrowArgumentException" storage="/workspace/tests/fluentuiscaffold.playwright.tests/bin/debug/net8.0/fluentuiscaffold.playwright.tests.dll" id="ceb91d2d-ad4f-bb50-563d-695574499def">
      <Execution id="b98b421a-2abd-4813-af55-cd3f62201fee" />
      <TestMethod codeBase="/workspace/tests/FluentUIScaffold.Playwright.Tests/bin/Debug/net8.0/FluentUIScaffold.Playwright.Tests.dll" adapterTypeName="executor://nunit3testexecutor/" className="FluentUIScaffold.Playwright.Tests.PlaywrightDriverTests" name="IsEnabled_WithNullSelector_ShouldThrowArgumentException" />
    </UnitTest>
    <UnitTest name="TakeElementScreenshotAsync_WithEmptySelector_ShouldThrowArgumentException" storage="/workspace/tests/fluentuiscaffold.playwright.tests/bin/debug/net8.0/fluentuiscaffold.playwright.tests.dll" id="a0b42499-9aa5-d679-1ef3-7d05e5974b9e">
      <Execution id="11f252ca-9477-4a0f-b123-a113e14b3537" />
      <TestMethod codeBase="/workspace/tests/FluentUIScaffold.Playwright.Tests/bin/Debug/net8.0/FluentUIScaffold.Playwright.Tests.dll" adapterTypeName="executor://nunit3testexecutor/" className="FluentUIScaffold.Playwright.Tests.PlaywrightAdvancedFeaturesTests" name="TakeElementScreenshotAsync_WithEmptySelector_ShouldThrowArgumentException" />
    </UnitTest>
    <UnitTest name="SetPermissionsAsync_WithEmptyPermissions_ShouldThrowArgumentException" storage="/workspace/tests/fluentuiscaffold.playwright.tests/bin/debug/net8.0/fluentuiscaffold.playwright.tests.dll" id="f44ad0a1-0847-0f54-bff5-381243908744">
      <Execution id="9179197a-cb23-4139-93d5-9541edd08816" />
      <TestMethod codeBase="/workspace/tests/FluentUIScaffold.Playwright.Tests/bin/Debug/net8.0/FluentUIScaffold.Playwright.Tests.dll" adapterTypeName="executor://nunit3testexecutor/" className="FluentUIScaffold.Playwright.Tests.PlaywrightAdvancedFeaturesTests" name="SetPermissionsAsync_WithEmptyPermissions_ShouldThrowArgumentException" />
    </UnitTest>
    <UnitTest name="PlaywrightElementNotVisibleException_WithSelectorAndInnerException_ShouldSetProperties" storage="/workspace/tests/fluentuiscaffold.playwright.tests/bin/debug/net8.0/fluentuiscaffold.playwright.tests.dll" id="cdf95cc8-e652-0533-8bc6-85dc81d809bd">
      <Execution id="56e4a78a-d8c1-4744-9dca-a85ec214c64c" />
      <TestMethod codeBase="/workspace/tests/FluentUIScaffold.Playwright.Tests/bin/Debug/net8.0/FluentUIScaffold.Playwright.Tests.dll" adapterTypeName="executor://nunit3testexecutor/" className="FluentUIScaffold.Playwright.Tests.PlaywrightExceptionsTests" name="PlaywrightElementNotVisibleException_WithSelectorAndInnerException_ShouldSetProperties" />
    </UnitTest>
    <UnitTest name="IsEnabled_WithEmptySelector_ShouldThrowArgumentException" storage="/workspace/tests/fluentuiscaffold.playwright.tests/bin/debug/net8.0/fluentuiscaffold.playwright.tests.dll" id="431f452d-c23f-9ca3-4bae-283bd4f22bb9">
      <Execution id="d841c63c-66cf-44fb-b583-e741571ff386" />
      <TestMethod codeBase="/workspace/tests/FluentUIScaffold.Playwright.Tests/bin/Debug/net8.0/FluentUIScaffold.Playwright.Tests.dll" adapterTypeName="executor://nunit3testexecutor/" className="FluentUIScaffold.Playwright.Tests.PlaywrightDriverTests" name="IsEnabled_WithEmptySelector_ShouldThrowArgumentException" />
    </UnitTest>
    <UnitTest name="IsVisible_WithEmptySelector_ShouldThrowArgumentException" storage="/workspace/tests/fluentuiscaffold.playwright.tests/bin/debug/net8.0/fluentuiscaffold.playwright.tests.dll" id="e8d74a76-a6dc-3af0-710e-e305cc9a27a7">
      <Execution id="4f9c3477-b9a6-457f-a234-8e49e142d5d1" />
      <TestMethod codeBase="/workspace/tests/FluentUIScaffold.Playwright.Tests/bin/Debug/net8.0/FluentUIScaffold.Playwright.Tests.dll" adapterTypeName="executor://nunit3testexecutor/" className="FluentUIScaffold.Playwright.Tests.PlaywrightDriverTests" name="IsVisible_WithEmptySelector_ShouldThrowArgumentException" />
    </UnitTest>
    <UnitTest name="WaitForElementText_WithNullSelector_ShouldThrowArgumentException" storage="/workspace/tests/fluentuiscaffold.playwright.tests/bin/debug/net8.0/fluentuiscaffold.playwright.tests.dll" id="8213bc5b-42b0-75d7-a534-797053f7517b">
      <Execution id="63ee64bb-5816-4059-b0ad-9224853b03ef" />
      <TestMethod codeBase="/workspace/tests/FluentUIScaffold.Playwright.Tests/bin/Debug/net8.0/FluentUIScaffold.Playwright.Tests.dll" adapterTypeName="executor://nunit3testexecutor/" className="FluentUIScaffold.Playwright.Tests.PlaywrightWaitStrategyTests" name="WaitForElementText_WithNullSelector_ShouldThrowArgumentException" />
    </UnitTest>
    <UnitTest name="WaitForElement_WithNullSelector_ShouldThrowArgumentException" storage="/workspace/tests/fluentuiscaffold.playwright.tests/bin/debug/net8.0/fluentuiscaffold.playwright.tests.dll" id="4dbe9558-da89-b0af-04d4-50fba6f3e664">
      <Execution id="87b91280-aa95-41da-beb1-f691d25627c4" />
      <TestMethod codeBase="/workspace/tests/FluentUIScaffold.Playwright.Tests/bin/Debug/net8.0/FluentUIScaffold.Playwright.Tests.dll" adapterTypeName="executor://nunit3testexecutor/" className="FluentUIScaffold.Playwright.Tests.PlaywrightDriverTests" name="WaitForElement_WithNullSelector_ShouldThrowArgumentException" />
    </UnitTest>
    <UnitTest name="GetFrameworkDriver_WithIPlaywrightType_ShouldReturnPlaywright" storage="/workspace/tests/fluentuiscaffold.playwright.tests/bin/debug/net8.0/fluentuiscaffold.playwright.tests.dll" id="8ad984d6-7085-8350-03f6-84c69fb96b0b">
      <Execution id="43a0ae11-6e1f-451f-acbe-f49912b59444" />
      <TestMethod codeBase="/workspace/tests/FluentUIScaffold.Playwright.Tests/bin/Debug/net8.0/FluentUIScaffold.Playwright.Tests.dll" adapterTypeName="executor://nunit3testexecutor/" className="FluentUIScaffold.Playwright.Tests.PlaywrightDriverTests" name="GetFrameworkDriver_WithIPlaywrightType_ShouldReturnPlaywright" />
    </UnitTest>
    <UnitTest name="PlaywrightElementNotFoundException_ShouldInheritFromPlaywrightException" storage="/workspace/tests/fluentuiscaffold.playwright.tests/bin/debug/net8.0/fluentuiscaffold.playwright.tests.dll" id="45134bbd-894d-df2d-e054-a81510231f3d">
      <Execution id="681c63d4-cdff-49bc-8cef-7df3d95e652b" />
      <TestMethod codeBase="/workspace/tests/FluentUIScaffold.Playwright.Tests/bin/Debug/net8.0/FluentUIScaffold.Playwright.Tests.dll" adapterTypeName="executor://nunit3testexecutor/" className="FluentUIScaffold.Playwright.Tests.PlaywrightExceptionsTests" name="PlaywrightElementNotFoundException_ShouldInheritFromPlaywrightException" />
    </UnitTest>
    <UnitTest name="TakeElementScreenshotAsync_WithValidSelector_ShouldReturnByteArray" storage="/workspace/tests/fluentuiscaffold.playwright.tests/bin/debug/net8.0/fluentuiscaffold.playwright.tests.dll" id="471c48b8-3934-9ff4-83c3-85e85475d277">
      <Execution id="ade703d0-7897-4a97-8ef0-a79e0f99857a" />
      <TestMethod codeBase="/workspace/tests/FluentUIScaffold.Playwright.Tests/bin/Debug/net8.0/FluentUIScaffold.Playwright.Tests.dll" adapterTypeName="executor://nunit3testexecutor/" className="FluentUIScaffold.Playwright.Tests.PlaywrightAdvancedFeaturesTests" name="TakeElementScreenshotAsync_WithValidSelector_ShouldReturnByteArray" />
    </UnitTest>
    <UnitTest name="Constructor_WithLogger_ShouldCreateDriver" storage="/workspace/tests/fluentuiscaffold.playwright.tests/bin/debug/net8.0/fluentuiscaffold.playwright.tests.dll" id="3ff93f72-7ce5-5fab-8610-20cbfcaf06d2">
      <Execution id="aa171574-acb5-4f5d-b256-56b9e1e25ab2" />
      <TestMethod codeBase="/workspace/tests/FluentUIScaffold.Playwright.Tests/bin/Debug/net8.0/FluentUIScaffold.Playwright.Tests.dll" adapterTypeName="executor://nunit3testexecutor/" className="FluentUIScaffold.Playwright.Tests.PlaywrightDriverTests" name="Constructor_WithLogger_ShouldCreateDriver" />
    </UnitTest>
    <UnitTest name="PlaywrightElementNotEnabledException_ShouldInheritFromPlaywrightException" storage="/workspace/tests/fluentuiscaffold.playwright.tests/bin/debug/net8.0/fluentuiscaffold.playwright.tests.dll" id="4037d24c-70f3-df4c-51c5-e323f0c729ef">
      <Execution id="6e593d4b-676a-4f40-948b-4d4b63d51c57" />
      <TestMethod codeBase="/workspace/tests/FluentUIScaffold.Playwright.Tests/bin/Debug/net8.0/FluentUIScaffold.Playwright.Tests.dll" adapterTypeName="executor://nunit3testexecutor/" className="FluentUIScaffold.Playwright.Tests.PlaywrightExceptionsTests" name="PlaywrightElementNotEnabledException_ShouldInheritFromPlaywrightException" />
    </UnitTest>
    <UnitTest name="Dispose_ShouldBeCallableMultipleTimes" storage="/workspace/tests/fluentuiscaffold.playwright.tests/bin/debug/net8.0/fluentuiscaffold.playwright.tests.dll" id="b2ab8ddd-ea45-0e6e-e413-55319ef7b10b">
      <Execution id="f05aa04f-4cc9-4301-932e-0d1c17bed279" />
      <TestMethod codeBase="/workspace/tests/FluentUIScaffold.Playwright.Tests/bin/Debug/net8.0/FluentUIScaffold.Playwright.Tests.dll" adapterTypeName="executor://nunit3testexecutor/" className="FluentUIScaffold.Playwright.Tests.PlaywrightDriverTests" name="Dispose_ShouldBeCallableMultipleTimes" />
    </UnitTest>
    <UnitTest name="PlaywrightTimeoutException_WithDefaultTimeout_ShouldSetDefaultTimeout" storage="/workspace/tests/fluentuiscaffold.playwright.tests/bin/debug/net8.0/fluentuiscaffold.playwright.tests.dll" id="705b3a66-7abb-be15-4d76-eeeccbd1e039">
      <Execution id="afc13d04-46fe-4774-ad96-006da42713c8" />
      <TestMethod codeBase="/workspace/tests/FluentUIScaffold.Playwright.Tests/bin/Debug/net8.0/FluentUIScaffold.Playwright.Tests.dll" adapterTypeName="executor://nunit3testexecutor/" className="FluentUIScaffold.Playwright.Tests.PlaywrightExceptionsTests" name="PlaywrightTimeoutException_WithDefaultTimeout_ShouldSetDefaultTimeout" />
    </UnitTest>
    <UnitTest name="PlaywrightBrowserStartupException_WithMessageBrowserTypeAndInnerException_ShouldSetProperties" storage="/workspace/tests/fluentuiscaffold.playwright.tests/bin/debug/net8.0/fluentuiscaffold.playwright.tests.dll" id="77166824-4ddf-283f-a4fc-781ad7e809a3">
      <Execution id="c681262b-80e6-45dc-902f-11a3b5fe2b8b" />
      <TestMethod codeBase="/workspace/tests/FluentUIScaffold.Playwright.Tests/bin/Debug/net8.0/FluentUIScaffold.Playwright.Tests.dll" adapterTypeName="executor://nunit3testexecutor/" className="FluentUIScaffold.Playwright.Tests.PlaywrightExceptionsTests" name="PlaywrightBrowserStartupException_WithMessageBrowserTypeAndInnerException_ShouldSetProperties" />
    </UnitTest>
    <UnitTest name="WaitForElement_WithHiddenStrategy_ShouldNotThrowException" storage="/workspace/tests/fluentuiscaffold.playwright.tests/bin/debug/net8.0/fluentuiscaffold.playwright.tests.dll" id="fa631617-c65d-b7c1-e160-e4d485baa491">
      <Execution id="d1ad677c-6f77-4416-af2e-b7064d52c67b" />
      <TestMethod codeBase="/workspace/tests/FluentUIScaffold.Playwright.Tests/bin/Debug/net8.0/FluentUIScaffold.Playwright.Tests.dll" adapterTypeName="executor://nunit3testexecutor/" className="FluentUIScaffold.Playwright.Tests.PlaywrightWaitStrategyTests" name="WaitForElement_WithHiddenStrategy_ShouldNotThrowException" />
    </UnitTest>
    <UnitTest name="PlaywrightNavigationException_ShouldInheritFromPlaywrightException" storage="/workspace/tests/fluentuiscaffold.playwright.tests/bin/debug/net8.0/fluentuiscaffold.playwright.tests.dll" id="42fb382d-1c8c-a4e5-48a8-bcf25cccc671">
      <Execution id="ce807f1b-972e-44d7-8c06-7e1512888ef4" />
      <TestMethod codeBase="/workspace/tests/FluentUIScaffold.Playwright.Tests/bin/Debug/net8.0/FluentUIScaffold.Playwright.Tests.dll" adapterTypeName="executor://nunit3testexecutor/" className="FluentUIScaffold.Playwright.Tests.PlaywrightExceptionsTests" name="PlaywrightNavigationException_ShouldInheritFromPlaywrightException" />
    </UnitTest>
    <UnitTest name="PlaywrightException_WithMessageSelectorAndInnerException_ShouldSetProperties" storage="/workspace/tests/fluentuiscaffold.playwright.tests/bin/debug/net8.0/fluentuiscaffold.playwright.tests.dll" id="4f4ef7fd-36f7-ba05-36a3-7b3f66834768">
      <Execution id="5ab32ee8-66fb-4885-a45e-9109bb461187" />
      <TestMethod codeBase="/workspace/tests/FluentUIScaffold.Playwright.Tests/bin/Debug/net8.0/FluentUIScaffold.Playwright.Tests.dll" adapterTypeName="executor://nunit3testexecutor/" className="FluentUIScaffold.Playwright.Tests.PlaywrightExceptionsTests" name="PlaywrightException_WithMessageSelectorAndInnerException_ShouldSetProperties" />
    </UnitTest>
    <UnitTest name="Dispose_DisposesCorrectly" storage="/workspace/tests/fluentuiscaffold.playwright.tests/bin/debug/net8.0/fluentuiscaffold.playwright.tests.dll" id="27a6b503-6d8a-6bf4-22e7-91fa4a9610ae">
      <Execution id="b8f6a682-50e7-4387-a94f-4b7faef6f50f" />
      <TestMethod codeBase="/workspace/tests/FluentUIScaffold.Playwright.Tests/bin/Debug/net8.0/FluentUIScaffold.Playwright.Tests.dll" adapterTypeName="executor://nunit3testexecutor/" className="FluentUIScaffold.Playwright.Tests.PlaywrightDriverTests" name="Dispose_DisposesCorrectly" />
    </UnitTest>
    <UnitTest name="InterceptNetworkRequests_WithNullUrlPattern_ShouldThrowArgumentException" storage="/workspace/tests/fluentuiscaffold.playwright.tests/bin/debug/net8.0/fluentuiscaffold.playwright.tests.dll" id="29102099-3023-58e6-1b9e-94381bd37eb7">
      <Execution id="dc724160-cded-43a0-a941-9f181dbf228b" />
      <TestMethod codeBase="/workspace/tests/FluentUIScaffold.Playwright.Tests/bin/Debug/net8.0/FluentUIScaffold.Playwright.Tests.dll" adapterTypeName="executor://nunit3testexecutor/" className="FluentUIScaffold.Playwright.Tests.PlaywrightAdvancedFeaturesTests" name="InterceptNetworkRequests_WithNullUrlPattern_ShouldThrowArgumentException" />
    </UnitTest>
    <UnitTest name="PlaywrightBrowserStartupException_WithNullBrowserType_ShouldSetBrowserTypeToNull" storage="/workspace/tests/fluentuiscaffold.playwright.tests/bin/debug/net8.0/fluentuiscaffold.playwright.tests.dll" id="cd2fb9d4-c210-d572-239c-0d75835cfc5e">
      <Execution id="d89e3c40-9c9c-4060-aa8a-b0f87e481fa4" />
      <TestMethod codeBase="/workspace/tests/FluentUIScaffold.Playwright.Tests/bin/Debug/net8.0/FluentUIScaffold.Playwright.Tests.dll" adapterTypeName="executor://nunit3testexecutor/" className="FluentUIScaffold.Playwright.Tests.PlaywrightExceptionsTests" name="PlaywrightBrowserStartupException_WithNullBrowserType_ShouldSetBrowserTypeToNull" />
    </UnitTest>
    <UnitTest name="Constructor_WithValidPage_ShouldCreateFeatures" storage="/workspace/tests/fluentuiscaffold.playwright.tests/bin/debug/net8.0/fluentuiscaffold.playwright.tests.dll" id="b4a2eecf-9a99-b799-a456-523f1eb6e158">
      <Execution id="31a0b835-3195-4665-9885-d364119fd235" />
      <TestMethod codeBase="/workspace/tests/FluentUIScaffold.Playwright.Tests/bin/Debug/net8.0/FluentUIScaffold.Playwright.Tests.dll" adapterTypeName="executor://nunit3testexecutor/" className="FluentUIScaffold.Playwright.Tests.PlaywrightAdvancedFeaturesTests" name="Constructor_WithValidPage_ShouldCreateFeatures" />
    </UnitTest>
    <UnitTest name="EmulateMobileDeviceAsync_WithValidDeviceName_ShouldNotThrowException" storage="/workspace/tests/fluentuiscaffold.playwright.tests/bin/debug/net8.0/fluentuiscaffold.playwright.tests.dll" id="a7110f0d-1515-f79f-160d-c973adc19695">
      <Execution id="a88d99bf-b262-4cc4-80a0-9b932c6f4f00" />
      <TestMethod codeBase="/workspace/tests/FluentUIScaffold.Playwright.Tests/bin/Debug/net8.0/FluentUIScaffold.Playwright.Tests.dll" adapterTypeName="executor://nunit3testexecutor/" className="FluentUIScaffold.Playwright.Tests.PlaywrightAdvancedFeaturesTests" name="EmulateMobileDeviceAsync_WithValidDeviceName_ShouldNotThrowException" />
    </UnitTest>
    <UnitTest name="WaitForElementToBeVisible_WithNullSelector_ShouldThrowArgumentException" storage="/workspace/tests/fluentuiscaffold.playwright.tests/bin/debug/net8.0/fluentuiscaffold.playwright.tests.dll" id="8b1d7b5e-1d6e-fbde-e6fa-a6405decaab9">
      <Execution id="773032e2-1b24-409e-b5bc-5a672a388ffd" />
      <TestMethod codeBase="/workspace/tests/FluentUIScaffold.Playwright.Tests/bin/Debug/net8.0/FluentUIScaffold.Playwright.Tests.dll" adapterTypeName="executor://nunit3testexecutor/" className="FluentUIScaffold.Playwright.Tests.PlaywrightDriverTests" name="WaitForElementToBeVisible_WithNullSelector_ShouldThrowArgumentException" />
    </UnitTest>
    <UnitTest name="AddInitScriptAsync_WithValidScript_ShouldNotThrowException" storage="/workspace/tests/fluentuiscaffold.playwright.tests/bin/debug/net8.0/fluentuiscaffold.playwright.tests.dll" id="ba32e0e1-6ed8-0e3a-e188-0c4b4bac2eae">
      <Execution id="7a6ef8e1-32bf-44ba-9477-dc38f5ae322c" />
      <TestMethod codeBase="/workspace/tests/FluentUIScaffold.Playwright.Tests/bin/Debug/net8.0/FluentUIScaffold.Playwright.Tests.dll" adapterTypeName="executor://nunit3testexecutor/" className="FluentUIScaffold.Playwright.Tests.PlaywrightAdvancedFeaturesTests" name="AddInitScriptAsync_WithValidScript_ShouldNotThrowException" />
    </UnitTest>
    <UnitTest name="EvaluateJavaScriptAsync_WithValidScript_ShouldReturnResult" storage="/workspace/tests/fluentuiscaffold.playwright.tests/bin/debug/net8.0/fluentuiscaffold.playwright.tests.dll" id="362c113e-5702-d90c-7ecb-13bbbfd61463">
      <Execution id="94c3dd9c-7dd0-4ba1-8bcb-56015970a80b" />
      <TestMethod codeBase="/workspace/tests/FluentUIScaffold.Playwright.Tests/bin/Debug/net8.0/FluentUIScaffold.Playwright.Tests.dll" adapterTypeName="executor://nunit3testexecutor/" className="FluentUIScaffold.Playwright.Tests.PlaywrightAdvancedFeaturesTests" name="EvaluateJavaScriptAsync_WithValidScript_ShouldReturnResult" />
    </UnitTest>
    <UnitTest name="WaitForElementToBeHidden_WithEmptySelector_ShouldThrowArgumentException" storage="/workspace/tests/fluentuiscaffold.playwright.tests/bin/debug/net8.0/fluentuiscaffold.playwright.tests.dll" id="93c9e350-5104-a6bd-9d83-106bac79dae7">
      <Execution id="ac332744-ce96-4c51-b543-053644688b9d" />
      <TestMethod codeBase="/workspace/tests/FluentUIScaffold.Playwright.Tests/bin/Debug/net8.0/FluentUIScaffold.Playwright.Tests.dll" adapterTypeName="executor://nunit3testexecutor/" className="FluentUIScaffold.Playwright.Tests.PlaywrightDriverTests" name="WaitForElementToBeHidden_WithEmptySelector_ShouldThrowArgumentException" />
    </UnitTest>
  </TestDefinitions>
  <TestEntries>
    <TestEntry testId="705b3a66-7abb-be15-4d76-eeeccbd1e039" executionId="afc13d04-46fe-4774-ad96-006da42713c8" testListId="8c84fa94-04c1-424b-9868-57a2d4851a1d" />
    <TestEntry testId="e8d74a76-a6dc-3af0-710e-e305cc9a27a7" executionId="4f9c3477-b9a6-457f-a234-8e49e142d5d1" testListId="8c84fa94-04c1-424b-9868-57a2d4851a1d" />
    <TestEntry testId="13205d21-5396-0d73-194f-16064907002f" executionId="4b0bc77c-5162-4a65-8031-ea89d7fce78a" testListId="8c84fa94-04c1-424b-9868-57a2d4851a1d" />
    <TestEntry testId="4037d24c-70f3-df4c-51c5-e323f0c729ef" executionId="6e593d4b-676a-4f40-948b-4d4b63d51c57" testListId="8c84fa94-04c1-424b-9868-57a2d4851a1d" />
    <TestEntry testId="c664cdab-350c-1fb1-39db-9c396900386f" executionId="d47d1a92-edd4-40ae-927d-f84000a17425" testListId="8c84fa94-04c1-424b-9868-57a2d4851a1d" />
    <TestEntry testId="4877fee6-7639-5a08-f7d7-8315d464aac4" executionId="9c478919-3b35-4e74-9780-3cf2d49261b4" testListId="8c84fa94-04c1-424b-9868-57a2d4851a1d" />
    <TestEntry testId="4c697dac-7fda-ed9a-8482-a66b241202c5" executionId="340e0d1c-1a0e-43eb-b63c-631ee2c1a254" testListId="8c84fa94-04c1-424b-9868-57a2d4851a1d" />
    <TestEntry testId="ded617c3-d704-a2dc-89a2-9e07115fa2fd" executionId="f5d5f661-c60e-497f-b2b0-cc3915371fc7" testListId="8c84fa94-04c1-424b-9868-57a2d4851a1d" />
    <TestEntry testId="29b927ce-f540-26d4-d1f1-a1b0b62c4d93" executionId="4861ddc9-166f-47df-b49c-a7287933f5d6" testListId="8c84fa94-04c1-424b-9868-57a2d4851a1d" />
    <TestEntry testId="3498048a-05a3-5fab-e906-09acaee53433" executionId="bb8d478c-752c-4e2e-bcc4-8a2c1b8db15d" testListId="8c84fa94-04c1-424b-9868-57a2d4851a1d" />
    <TestEntry testId="4d512506-d61d-6e99-e5c8-886efba56d40" executionId="a3f18c06-d3fc-4883-be8c-ecbdd586cbd1" testListId="8c84fa94-04c1-424b-9868-57a2d4851a1d" />
    <TestEntry testId="4f4ef7fd-36f7-ba05-36a3-7b3f66834768" executionId="5ab32ee8-66fb-4885-a45e-9109bb461187" testListId="8c84fa94-04c1-424b-9868-57a2d4851a1d" />
    <TestEntry testId="cd2fb9d4-c210-d572-239c-0d75835cfc5e" executionId="d89e3c40-9c9c-4060-aa8a-b0f87e481fa4" testListId="8c84fa94-04c1-424b-9868-57a2d4851a1d" />
    <TestEntry testId="1c19d2b9-0d7d-1341-0e1e-577e56b55133" executionId="c696332e-d9fb-4fe8-b958-b4921c429731" testListId="8c84fa94-04c1-424b-9868-57a2d4851a1d" />
    <TestEntry testId="ef42b422-8ac9-4685-b465-5741dfd4e276" executionId="dd73e6ca-87b3-4b8f-a168-ac80e2c2b9d5" testListId="8c84fa94-04c1-424b-9868-57a2d4851a1d" />
    <TestEntry testId="431f452d-c23f-9ca3-4bae-283bd4f22bb9" executionId="d841c63c-66cf-44fb-b583-e741571ff386" testListId="8c84fa94-04c1-424b-9868-57a2d4851a1d" />
    <TestEntry testId="815098b5-efab-3788-b82b-7c2f40ad7411" executionId="29897046-c607-48d4-b6a2-7b2046644bed" testListId="8c84fa94-04c1-424b-9868-57a2d4851a1d" />
    <TestEntry testId="ae12414c-2a3b-8fba-bfbc-5cc41bbf8493" executionId="ca2b5476-43dc-4ac5-b505-cfd6c3fef632" testListId="8c84fa94-04c1-424b-9868-57a2d4851a1d" />
    <TestEntry testId="77b8f1d6-b8c9-e577-da61-e76abc5e190a" executionId="2b041686-8236-4b25-b00e-0875eebe8c8e" testListId="8c84fa94-04c1-424b-9868-57a2d4851a1d" />
    <TestEntry testId="3b14417e-ad23-ef34-465a-8ff764684d0a" executionId="615f1497-32dd-421d-8bf9-63aa807b57aa" testListId="8c84fa94-04c1-424b-9868-57a2d4851a1d" />
    <TestEntry testId="45856250-19cb-ef6e-6149-9cc71288bcb7" executionId="83f15018-effd-4ec6-80ed-48154141d31f" testListId="8c84fa94-04c1-424b-9868-57a2d4851a1d" />
    <TestEntry testId="11bf123b-4b49-9aad-cb04-3660819fe124" executionId="7bb7b531-b121-44c6-ae8e-e6e2e2f19b9a" testListId="8c84fa94-04c1-424b-9868-57a2d4851a1d" />
    <TestEntry testId="ff27c3ee-967a-d5b0-28a4-0b2f2d102b00" executionId="dcf25cfa-5492-4f76-b3c6-5489dc362c71" testListId="8c84fa94-04c1-424b-9868-57a2d4851a1d" />
    <TestEntry testId="e5737d36-51a6-dc2d-8804-78bd59fa91a2" executionId="b7a6f984-7bb5-4aa4-b588-3f34ea52e208" testListId="8c84fa94-04c1-424b-9868-57a2d4851a1d" />
    <TestEntry testId="29102099-3023-58e6-1b9e-94381bd37eb7" executionId="dc724160-cded-43a0-a941-9f181dbf228b" testListId="8c84fa94-04c1-424b-9868-57a2d4851a1d" />
    <TestEntry testId="bcd1ca03-417a-4076-e596-5bfcbb44e0e2" executionId="c8435e4e-c829-42af-86ff-cdbc76ba9a7d" testListId="8c84fa94-04c1-424b-9868-57a2d4851a1d" />
    <TestEntry testId="39a497ce-1c9b-21eb-4e39-bf1601ef01af" executionId="42c62301-58ac-4810-b6dd-e0cc506d3aad" testListId="8c84fa94-04c1-424b-9868-57a2d4851a1d" />
    <TestEntry testId="ba32e0e1-6ed8-0e3a-e188-0c4b4bac2eae" executionId="7a6ef8e1-32bf-44ba-9477-dc38f5ae322c" testListId="8c84fa94-04c1-424b-9868-57a2d4851a1d" />
    <TestEntry testId="d8f4bef2-a3b9-084c-3bb4-021b9fe3d72e" executionId="edbd7cf7-88e9-4e3a-bda8-91804e4ae7e6" testListId="8c84fa94-04c1-424b-9868-57a2d4851a1d" />
    <TestEntry testId="2a52eb47-2f2b-89a4-1aaf-1041ed903d63" executionId="0185cdf1-4ce8-4a2d-8204-af87f9f0a7f3" testListId="8c84fa94-04c1-424b-9868-57a2d4851a1d" />
    <TestEntry testId="42fb382d-1c8c-a4e5-48a8-bcf25cccc671" executionId="ce807f1b-972e-44d7-8c06-7e1512888ef4" testListId="8c84fa94-04c1-424b-9868-57a2d4851a1d" />
    <TestEntry testId="a9901a4f-2a1e-0b93-d3e6-730637b0b658" executionId="c160158d-b542-40bc-8755-220a35cf1ab4" testListId="8c84fa94-04c1-424b-9868-57a2d4851a1d" />
    <TestEntry testId="a0b42499-9aa5-d679-1ef3-7d05e5974b9e" executionId="11f252ca-9477-4a0f-b123-a113e14b3537" testListId="8c84fa94-04c1-424b-9868-57a2d4851a1d" />
    <TestEntry testId="7129b340-9055-6f76-82b2-850b838de151" executionId="66ebd5ab-16e4-47a5-98d4-2547af00715d" testListId="8c84fa94-04c1-424b-9868-57a2d4851a1d" />
    <TestEntry testId="f62e70a1-30d9-b0fc-8eea-390e512b56f9" executionId="67db4f43-9263-47e0-927d-0a71c826230c" testListId="8c84fa94-04c1-424b-9868-57a2d4851a1d" />
    <TestEntry testId="93c9e350-5104-a6bd-9d83-106bac79dae7" executionId="ac332744-ce96-4c51-b543-053644688b9d" testListId="8c84fa94-04c1-424b-9868-57a2d4851a1d" />
    <TestEntry testId="3ff93f72-7ce5-5fab-8610-20cbfcaf06d2" executionId="aa171574-acb5-4f5d-b256-56b9e1e25ab2" testListId="8c84fa94-04c1-424b-9868-57a2d4851a1d" />
    <TestEntry testId="a17eff27-7a9d-3fe1-a994-0b42d6f3dc3a" executionId="88198345-a74d-40e8-8f20-9802d4d773ac" testListId="8c84fa94-04c1-424b-9868-57a2d4851a1d" />
    <TestEntry testId="bf3e385b-dfdb-8f76-ab68-66223f8891f9" executionId="0cd111b1-0482-49be-9ef6-be011371b822" testListId="8c84fa94-04c1-424b-9868-57a2d4851a1d" />
    <TestEntry testId="7c2b473a-b129-8a39-0f11-3dfd0ad70e94" executionId="26e08427-42e1-4637-bb5a-ff9bae50f956" testListId="8c84fa94-04c1-424b-9868-57a2d4851a1d" />
    <TestEntry testId="6d764fe3-fd38-7c7c-3992-4f2ce7db3d78" executionId="ed07e0d2-730f-4122-b3fb-7c7b59550de7" testListId="8c84fa94-04c1-424b-9868-57a2d4851a1d" />
    <TestEntry testId="2b967a35-4f93-7672-b237-6aff698f6ce5" executionId="854f5c41-72d0-455f-83c5-79641e9a8e68" testListId="8c84fa94-04c1-424b-9868-57a2d4851a1d" />
    <TestEntry testId="ce9a076c-9acd-572b-8425-afddb1c89e02" executionId="d9b19ea6-7dcc-42f8-91eb-70f06c9f2855" testListId="8c84fa94-04c1-424b-9868-57a2d4851a1d" />
    <TestEntry testId="3ffb125b-102b-bde1-b8fc-5af3a8320f3e" executionId="3195c371-fbc3-4cf2-9a5c-31021d6203db" testListId="8c84fa94-04c1-424b-9868-57a2d4851a1d" />
    <TestEntry testId="76ff7f4d-9c8c-06e9-6eaf-d088e0e04505" executionId="1b4d3789-a57c-4fe4-8263-1a008b1da2ce" testListId="8c84fa94-04c1-424b-9868-57a2d4851a1d" />
    <TestEntry testId="a040c7ad-7721-eef7-f7a3-3be656e62ca9" executionId="83fdb4a4-0747-4e91-b47c-b7568756111b" testListId="8c84fa94-04c1-424b-9868-57a2d4851a1d" />
    <TestEntry testId="81987c09-bfbe-10db-7f52-1c7de4cb6a0e" executionId="fd5f9e84-1e7d-4ae9-b2c1-1ef5e24e169f" testListId="8c84fa94-04c1-424b-9868-57a2d4851a1d" />
    <TestEntry testId="b08e593a-105a-8f9a-8a16-fc40973c941d" executionId="0d4578b4-f888-4c02-bd80-27b206ddcf60" testListId="8c84fa94-04c1-424b-9868-57a2d4851a1d" />
    <TestEntry testId="a7110f0d-1515-f79f-160d-c973adc19695" executionId="a88d99bf-b262-4cc4-80a0-9b932c6f4f00" testListId="8c84fa94-04c1-424b-9868-57a2d4851a1d" />
    <TestEntry testId="4ea4703d-971f-8d0f-9080-579d4df73c0e" executionId="44f968cb-da92-4398-9fcd-1bccf9bcc760" testListId="8c84fa94-04c1-424b-9868-57a2d4851a1d" />
    <TestEntry testId="b658b339-aeef-29fb-d21b-40e08f77927d" executionId="357f4bde-4939-421c-87cb-faa8dd5e39fd" testListId="8c84fa94-04c1-424b-9868-57a2d4851a1d" />
    <TestEntry testId="93632efa-74f1-63ac-ce85-01344d72df82" executionId="4a38c84f-55a8-4117-8bbe-3e6f212140a9" testListId="8c84fa94-04c1-424b-9868-57a2d4851a1d" />
    <TestEntry testId="8bfbe005-5221-22b1-278d-cb9bd37053a6" executionId="ff14f7e6-b3db-4c8e-bd77-ef6beaf1ddf0" testListId="8c84fa94-04c1-424b-9868-57a2d4851a1d" />
    <TestEntry testId="6a43d979-e903-e862-7ae2-248d09dea56d" executionId="a5dd2617-c092-4c8f-bc54-940a91b4c1e5" testListId="8c84fa94-04c1-424b-9868-57a2d4851a1d" />
    <TestEntry testId="f9eaa350-3407-dfbf-81e7-a2dcc8ed9569" executionId="25cfb789-dbf5-4481-8c94-507994f04218" testListId="8c84fa94-04c1-424b-9868-57a2d4851a1d" />
    <TestEntry testId="9d8e977a-2daa-bc0b-9397-cfa6dd67da2e" executionId="d484f988-8ec0-42fe-bffe-eb8950382ee6" testListId="8c84fa94-04c1-424b-9868-57a2d4851a1d" />
    <TestEntry testId="8e4e42a9-cbeb-2ffe-badb-66dcdda7de9a" executionId="0bb751e5-51b4-4f20-bfdf-52f25caf077f" testListId="8c84fa94-04c1-424b-9868-57a2d4851a1d" />
    <TestEntry testId="3c8cad92-46ed-0873-a4a3-5d20f77cde53" executionId="ddb5a7fb-223e-4f68-92f3-74145fabbc26" testListId="8c84fa94-04c1-424b-9868-57a2d4851a1d" />
    <TestEntry testId="25abdc2d-45ef-3e74-73db-d094b04fac31" executionId="568e727d-d9b0-468d-9b87-689e0a7d4a20" testListId="8c84fa94-04c1-424b-9868-57a2d4851a1d" />
    <TestEntry testId="89d34624-71ad-44f5-abfd-0f410f0823b2" executionId="60360ef5-cf8d-4534-9734-adf74db6a506" testListId="8c84fa94-04c1-424b-9868-57a2d4851a1d" />
    <TestEntry testId="08024d7f-f5d4-70e2-2d00-1732d845efa4" executionId="6610b701-b65c-4885-a0dc-11804380200d" testListId="8c84fa94-04c1-424b-9868-57a2d4851a1d" />
    <TestEntry testId="e44936e1-43c5-f732-a194-48ac2203688b" executionId="c45eca37-bacf-459f-8706-569e7c906ef1" testListId="8c84fa94-04c1-424b-9868-57a2d4851a1d" />
    <TestEntry testId="d35e5fdf-75d0-2f95-568c-44152552faab" executionId="8173951a-a70b-4c8d-90d5-f77c7080851f" testListId="8c84fa94-04c1-424b-9868-57a2d4851a1d" />
    <TestEntry testId="95496f37-19bd-a3f6-2a2c-3d627f1301ea" executionId="0f63528f-e35d-476a-bdf9-ba4dc8f3293a" testListId="8c84fa94-04c1-424b-9868-57a2d4851a1d" />
    <TestEntry testId="df4d6327-e7bc-643e-5619-c31e31143540" executionId="2d87b6ca-6091-4e7a-8eb9-dba010faf634" testListId="8c84fa94-04c1-424b-9868-57a2d4851a1d" />
    <TestEntry testId="b2ab8ddd-ea45-0e6e-e413-55319ef7b10b" executionId="f05aa04f-4cc9-4301-932e-0d1c17bed279" testListId="8c84fa94-04c1-424b-9868-57a2d4851a1d" />
    <TestEntry testId="0bc0dd3d-4205-ff81-c8aa-57581549ca33" executionId="35b690f3-663b-4d69-9055-41cd33a936ce" testListId="8c84fa94-04c1-424b-9868-57a2d4851a1d" />
    <TestEntry testId="91fc287d-2917-073f-d019-a49cedb4c089" executionId="e8adee13-1a32-4212-9094-c3b6ed0259f9" testListId="8c84fa94-04c1-424b-9868-57a2d4851a1d" />
    <TestEntry testId="3ad03a22-2777-d2d4-5f83-9fd05f5245af" executionId="e32fd7af-f3e3-4c14-ab4d-326408d001b4" testListId="8c84fa94-04c1-424b-9868-57a2d4851a1d" />
    <TestEntry testId="8b412a83-eed0-b405-9d7e-9460966d666b" executionId="d2fccac6-70a8-4124-854e-06c3fc71d1fc" testListId="8c84fa94-04c1-424b-9868-57a2d4851a1d" />
    <TestEntry testId="4dbe9558-da89-b0af-04d4-50fba6f3e664" executionId="87b91280-aa95-41da-beb1-f691d25627c4" testListId="8c84fa94-04c1-424b-9868-57a2d4851a1d" />
    <TestEntry testId="d8a94e68-473e-230d-959c-c6cb87f94d0d" executionId="94dda080-aa1a-4019-a055-8dba3f0218f7" testListId="8c84fa94-04c1-424b-9868-57a2d4851a1d" />
    <TestEntry testId="f7945da7-05fc-93b2-6c8b-30796e4537e2" executionId="bc00d8e1-6c88-4439-8be5-6bf7164bf72d" testListId="8c84fa94-04c1-424b-9868-57a2d4851a1d" />
    <TestEntry testId="d004b151-1a2b-5307-b77d-2f9884eee910" executionId="3f42b571-1299-49ae-8b13-13a9652d057d" testListId="8c84fa94-04c1-424b-9868-57a2d4851a1d" />
    <TestEntry testId="eae310e3-db41-6fc8-d145-0be80a4f2556" executionId="b5086ee5-4ad8-4470-9b37-42adaa74f0fa" testListId="8c84fa94-04c1-424b-9868-57a2d4851a1d" />
    <TestEntry testId="c4dce798-f1a3-ea12-2f13-63b553ffaea1" executionId="68bc2bc9-bd93-43c5-ac54-82ac306f4f47" testListId="8c84fa94-04c1-424b-9868-57a2d4851a1d" />
    <TestEntry testId="ab7fb356-7440-899e-cd01-0e36beaea533" executionId="eb377601-aaf2-41e7-a19f-d639910cb1df" testListId="8c84fa94-04c1-424b-9868-57a2d4851a1d" />
    <TestEntry testId="a5d32aa4-c3a6-e1da-183c-f4e414cd9910" executionId="1068caec-d914-48bd-81ac-ec6ab40f3aaa" testListId="8c84fa94-04c1-424b-9868-57a2d4851a1d" />
    <TestEntry testId="8a988672-c520-f531-e937-e9bc3434963b" executionId="5b7c3c49-4692-4aa1-84e9-559f3f3b080e" testListId="8c84fa94-04c1-424b-9868-57a2d4851a1d" />
    <TestEntry testId="9c4667d8-9f8a-fe5b-50bf-47a735c0cdb4" executionId="43d66291-080c-4d7a-9835-bdc3b47c1833" testListId="8c84fa94-04c1-424b-9868-57a2d4851a1d" />
    <TestEntry testId="8213bc5b-42b0-75d7-a534-797053f7517b" executionId="63ee64bb-5816-4059-b0ad-9224853b03ef" testListId="8c84fa94-04c1-424b-9868-57a2d4851a1d" />
    <TestEntry testId="b4a2eecf-9a99-b799-a456-523f1eb6e158" executionId="31a0b835-3195-4665-9885-d364119fd235" testListId="8c84fa94-04c1-424b-9868-57a2d4851a1d" />
    <TestEntry testId="6e3418a6-0523-597c-afc0-6f63762ec308" executionId="a0cd9c97-9076-4fb7-98c9-cf5f1c9c99f2" testListId="8c84fa94-04c1-424b-9868-57a2d4851a1d" />
    <TestEntry testId="34add508-2a70-84a8-717f-061411066a1d" executionId="bd6ad551-f36b-4652-85f4-d096322d58cc" testListId="8c84fa94-04c1-424b-9868-57a2d4851a1d" />
    <TestEntry testId="8ad984d6-7085-8350-03f6-84c69fb96b0b" executionId="43a0ae11-6e1f-451f-acbe-f49912b59444" testListId="8c84fa94-04c1-424b-9868-57a2d4851a1d" />
    <TestEntry testId="7def36c3-84cc-de65-8474-fb3817dac248" executionId="d701cd2a-6357-488c-9985-3a03a138b626" testListId="8c84fa94-04c1-424b-9868-57a2d4851a1d" />
    <TestEntry testId="944f38ad-08f1-a287-da8c-959767d157ca" executionId="44de451e-3fd4-4f09-812a-e54537b1ca84" testListId="8c84fa94-04c1-424b-9868-57a2d4851a1d" />
    <TestEntry testId="f18c7ad7-eb0f-06f7-7be6-b1c9e4fa00a2" executionId="9839a356-9983-4632-bf84-ec44a61633b6" testListId="8c84fa94-04c1-424b-9868-57a2d4851a1d" />
    <TestEntry testId="5637c2bc-4ff0-830b-afbc-8160de8eaeff" executionId="f8303ffe-87b0-4cdd-92e3-234967462ad1" testListId="8c84fa94-04c1-424b-9868-57a2d4851a1d" />
    <TestEntry testId="f44ad0a1-0847-0f54-bff5-381243908744" executionId="9179197a-cb23-4139-93d5-9541edd08816" testListId="8c84fa94-04c1-424b-9868-57a2d4851a1d" />
    <TestEntry testId="ceb91d2d-ad4f-bb50-563d-695574499def" executionId="b98b421a-2abd-4813-af55-cd3f62201fee" testListId="8c84fa94-04c1-424b-9868-57a2d4851a1d" />
    <TestEntry testId="6e8c0812-e23c-e7a6-cbe8-62f734dab9f7" executionId="c782c335-8a2f-4270-90ee-d57263596964" testListId="8c84fa94-04c1-424b-9868-57a2d4851a1d" />
    <TestEntry testId="ce7ef0ae-30d6-cbcc-bdb4-d03420e984dd" executionId="46a19781-5962-461e-97cd-8020df1ea6ee" testListId="8c84fa94-04c1-424b-9868-57a2d4851a1d" />
    <TestEntry testId="5d8f4898-8bd2-03b0-b2a9-5666b648c3a8" executionId="2db94aaf-6372-4786-9b1a-6754d6ef01b2" testListId="8c84fa94-04c1-424b-9868-57a2d4851a1d" />
    <TestEntry testId="e2038e8d-a0ec-f93d-73e6-4ef1063fd72c" executionId="a0413da5-de40-4fb8-9055-e2a2a013f504" testListId="8c84fa94-04c1-424b-9868-57a2d4851a1d" />
    <TestEntry testId="b5825f7a-1718-d5b8-d745-4d4cf3df9a9b" executionId="75baa4b6-91a0-4d4d-9e90-f265152ee2e6" testListId="8c84fa94-04c1-424b-9868-57a2d4851a1d" />
    <TestEntry testId="8b1d7b5e-1d6e-fbde-e6fa-a6405decaab9" executionId="773032e2-1b24-409e-b5bc-5a672a388ffd" testListId="8c84fa94-04c1-424b-9868-57a2d4851a1d" />
    <TestEntry testId="babf245e-61e1-cd79-5730-5304e9bd7511" executionId="ba555386-3155-4737-b854-d0667c42c042" testListId="8c84fa94-04c1-424b-9868-57a2d4851a1d" />
    <TestEntry testId="7bcdd09f-6609-1f20-233b-7512e4e6f7c1" executionId="5ee620b5-16e6-4fa8-b79a-7e09cf78b9da" testListId="8c84fa94-04c1-424b-9868-57a2d4851a1d" />
    <TestEntry testId="e4684098-88e8-a927-a52a-bb65b5d5ba67" executionId="b5aee301-8243-42b0-88d9-c1155b4c81c0" testListId="8c84fa94-04c1-424b-9868-57a2d4851a1d" />
    <TestEntry testId="fa631617-c65d-b7c1-e160-e4d485baa491" executionId="d1ad677c-6f77-4416-af2e-b7064d52c67b" testListId="8c84fa94-04c1-424b-9868-57a2d4851a1d" />
    <TestEntry testId="45134bbd-894d-df2d-e054-a81510231f3d" executionId="681c63d4-cdff-49bc-8cef-7df3d95e652b" testListId="8c84fa94-04c1-424b-9868-57a2d4851a1d" />
    <TestEntry testId="236ebad8-d8a1-9190-7cc9-fc41c258d7ec" executionId="4994cece-57dd-4faf-9d16-3da1790708e9" testListId="8c84fa94-04c1-424b-9868-57a2d4851a1d" />
    <TestEntry testId="471c48b8-3934-9ff4-83c3-85e85475d277" executionId="ade703d0-7897-4a97-8ef0-a79e0f99857a" testListId="8c84fa94-04c1-424b-9868-57a2d4851a1d" />
    <TestEntry testId="362c113e-5702-d90c-7ecb-13bbbfd61463" executionId="94c3dd9c-7dd0-4ba1-8bcb-56015970a80b" testListId="8c84fa94-04c1-424b-9868-57a2d4851a1d" />
    <TestEntry testId="27a6b503-6d8a-6bf4-22e7-91fa4a9610ae" executionId="b8f6a682-50e7-4387-a94f-4b7faef6f50f" testListId="8c84fa94-04c1-424b-9868-57a2d4851a1d" />
    <TestEntry testId="cdf95cc8-e652-0533-8bc6-85dc81d809bd" executionId="56e4a78a-d8c1-4744-9dca-a85ec214c64c" testListId="8c84fa94-04c1-424b-9868-57a2d4851a1d" />
    <TestEntry testId="c5ace3fd-819e-bba6-cdba-2401aa2b6b10" executionId="53eced77-cda2-4111-bd90-4c286ee4da82" testListId="8c84fa94-04c1-424b-9868-57a2d4851a1d" />
    <TestEntry testId="77166824-4ddf-283f-a4fc-781ad7e809a3" executionId="c681262b-80e6-45dc-902f-11a3b5fe2b8b" testListId="8c84fa94-04c1-424b-9868-57a2d4851a1d" />
    <TestEntry testId="98ab0928-473a-f0b2-1c0f-979f2f5dd59d" executionId="f632d946-dbbe-4c28-9b21-52ea219e8aa4" testListId="8c84fa94-04c1-424b-9868-57a2d4851a1d" />
  </TestEntries>
  <TestLists>
    <TestList name="Results Not in a List" id="8c84fa94-04c1-424b-9868-57a2d4851a1d" />
    <TestList name="All Loaded Results" id="19431567-8539-422a-85d7-44ee4e166bda" />
  </TestLists>
  <ResultSummary outcome="Completed">
    <Counters total="110" executed="110" passed="110" failed="0" error="0" timeout="0" aborted="0" inconclusive="0" passedButRunAborted="0" notRunnable="0" notExecuted="0" disconnected="0" warning="0" completed="0" inProgress="0" pending="0" />
    <Output>
      <StdOut>NUnit Adapter 4.5.0.0: Test execution started
Running all tests in /workspace/tests/FluentUIScaffold.Playwright.Tests/bin/Debug/net8.0/FluentUIScaffold.Playwright.Tests.dll
   NUnit3TestExecutor discovered 110 of 110 NUnit test cases using Current Discovery mode, Non-Explicit run
NUnit Adapter 4.5.0.0: Test execution complete
</StdOut>
    </Output>
    <CollectorDataEntries>
      <Collector agentName="cursor" uri="datacollector://microsoft/CoverletCodeCoverage/1.0" collectorDisplayName="XPlat code coverage">
        <UriAttachments>
          <UriAttachment>
            <A href="cursor/coverage.cobertura.xml"></A>
          </UriAttachment>
        </UriAttachments>
      </Collector>
    </CollectorDataEntries>
  </ResultSummary>
</TestRun>