<?xml version="1.0" encoding="utf-8"?>
<TestRun id="e9ab6e22-e7bf-4e9e-b64f-c54cbf9c4a67" name="@cursor 2025-08-11 08:40:20" xmlns="http://microsoft.com/schemas/VisualStudio/TeamTest/2010">
  <Times creation="2025-08-11T08:40:20.0254682+00:00" queuing="2025-08-11T08:40:20.0254683+00:00" start="2025-08-11T08:40:18.8207731+00:00" finish="2025-08-11T08:40:28.2528724+00:00" />
  <TestSettings name="default" id="20cd07b1-49a8-4caf-adda-a97323911588">
    <Deployment runDeploymentRoot="_cursor_2025-08-11_08_40_20" />
  </TestSettings>
  <Results>
    <UnitTestResult executionId="dc2108d4-6cdb-46e4-929b-a0cd33e5c9dc" testId="ce7ef0ae-30d6-cbcc-bdb4-d03420e984dd" testName="StartVideoRecordingAsync_WithEmptyPath_ShouldThrowArgumentException" computerName="cursor" duration="00:00:00.0016110" startTime="2025-08-11T08:40:20.0001823+00:00" endTime="2025-08-11T08:40:20.0017927+00:00" testType="13cdc9d9-ddb5-4fa4-a97d-d965ccfc6d4b" outcome="Passed" testListId="8c84fa94-04c1-424b-9868-57a2d4851a1d" relativeResultsDirectory="dc2108d4-6cdb-46e4-929b-a0cd33e5c9dc" />
    <UnitTestResult executionId="7fd37be3-1c95-426d-b2d8-b28730e1913c" testId="4d512506-d61d-6e99-e5c8-886efba56d40" testName="PlaywrightElementNotEnabledException_WithSelector_ShouldSetMessageAndSelector" computerName="cursor" duration="00:00:00.0025510" startTime="2025-08-11T08:40:27.6737862+00:00" endTime="2025-08-11T08:40:27.6763373+00:00" testType="13cdc9d9-ddb5-4fa4-a97d-d965ccfc6d4b" outcome="Passed" testListId="8c84fa94-04c1-424b-9868-57a2d4851a1d" relativeResultsDirectory="7fd37be3-1c95-426d-b2d8-b28730e1913c" />
    <UnitTestResult executionId="78a33b9a-cafd-4a14-968d-536165eab788" testId="77166824-4ddf-283f-a4fc-781ad7e809a3" testName="PlaywrightBrowserStartupException_WithMessageBrowserTypeAndInnerException_ShouldSetProperties" computerName="cursor" duration="00:00:00.0002150" startTime="2025-08-11T08:40:27.6733022+00:00" endTime="2025-08-11T08:40:27.6735173+00:00" testType="13cdc9d9-ddb5-4fa4-a97d-d965ccfc6d4b" outcome="Passed" testListId="8c84fa94-04c1-424b-9868-57a2d4851a1d" relativeResultsDirectory="78a33b9a-cafd-4a14-968d-536165eab788" />
    <UnitTestResult executionId="21526633-2df2-4581-9be5-83cf663f5c66" testId="a7110f0d-1515-f79f-160d-c973adc19695" testName="EmulateMobileDeviceAsync_WithValidDeviceName_ShouldNotThrowException" computerName="cursor" duration="00:00:00.0013040" startTime="2025-08-11T08:40:19.9761327+00:00" endTime="2025-08-11T08:40:19.9774364+00:00" testType="13cdc9d9-ddb5-4fa4-a97d-d965ccfc6d4b" outcome="Passed" testListId="8c84fa94-04c1-424b-9868-57a2d4851a1d" relativeResultsDirectory="21526633-2df2-4581-9be5-83cf663f5c66" />
    <UnitTestResult executionId="35db1473-74cd-47cd-be63-376aeefde988" testId="25abdc2d-45ef-3e74-73db-d094b04fac31" testName="PlaywrightElementNotVisibleException_ShouldInheritFromPlaywrightException" computerName="cursor" duration="00:00:00.0000930" startTime="2025-08-11T08:40:27.6770301+00:00" endTime="2025-08-11T08:40:27.6771235+00:00" testType="13cdc9d9-ddb5-4fa4-a97d-d965ccfc6d4b" outcome="Passed" testListId="8c84fa94-04c1-424b-9868-57a2d4851a1d" relativeResultsDirectory="35db1473-74cd-47cd-be63-376aeefde988" />
    <UnitTestResult executionId="e3d0f54e-6de1-47e0-99b6-5a7bca5f2b3f" testId="6a43d979-e903-e862-7ae2-248d09dea56d" testName="GetFrameworkDriver_WithUnsupportedType_ShouldThrowInvalidOperationException" computerName="cursor" duration="00:00:00.2463120" startTime="2025-08-11T08:40:23.1355858+00:00" endTime="2025-08-11T08:40:23.3818979+00:00" testType="13cdc9d9-ddb5-4fa4-a97d-d965ccfc6d4b" outcome="Passed" testListId="8c84fa94-04c1-424b-9868-57a2d4851a1d" relativeResultsDirectory="e3d0f54e-6de1-47e0-99b6-5a7bca5f2b3f" />
    <UnitTestResult executionId="e6295f54-9ad1-4d26-96af-be8f74f1be58" testId="4f4ef7fd-36f7-ba05-36a3-7b3f66834768" testName="PlaywrightException_WithMessageSelectorAndInnerException_ShouldSetProperties" computerName="cursor" duration="00:00:00.0001120" startTime="2025-08-11T08:40:27.6775869+00:00" endTime="2025-08-11T08:40:27.6776992+00:00" testType="13cdc9d9-ddb5-4fa4-a97d-d965ccfc6d4b" outcome="Passed" testListId="8c84fa94-04c1-424b-9868-57a2d4851a1d" relativeResultsDirectory="e6295f54-9ad1-4d26-96af-be8f74f1be58" />
    <UnitTestResult executionId="66eef49c-5598-4048-be83-47ac08a6ea1b" testId="8e4e42a9-cbeb-2ffe-badb-66dcdda7de9a" testName="WaitForElement_WithUnsupportedStrategy_ShouldThrowArgumentException" computerName="cursor" duration="00:00:00.0010750" startTime="2025-08-11T08:40:27.9373512+00:00" endTime="2025-08-11T08:40:27.9384264+00:00" testType="13cdc9d9-ddb5-4fa4-a97d-d965ccfc6d4b" outcome="Passed" testListId="8c84fa94-04c1-424b-9868-57a2d4851a1d" relativeResultsDirectory="66eef49c-5598-4048-be83-47ac08a6ea1b" />
    <UnitTestResult executionId="3bbd2dcd-aba5-4565-8168-ce8ed15d75fb" testId="e44936e1-43c5-f732-a194-48ac2203688b" testName="AddInitScriptAsync_WithNullScript_ShouldThrowArgumentException" computerName="cursor" duration="00:00:00.0019860" startTime="2025-08-11T08:40:19.9571190+00:00" endTime="2025-08-11T08:40:19.9591049+00:00" testType="13cdc9d9-ddb5-4fa4-a97d-d965ccfc6d4b" outcome="Passed" testListId="8c84fa94-04c1-424b-9868-57a2d4851a1d" relativeResultsDirectory="3bbd2dcd-aba5-4565-8168-ce8ed15d75fb" />
    <UnitTestResult executionId="c83404e6-20b3-43fb-a7d6-a715c1991a0b" testId="6d764fe3-fd38-7c7c-3992-4f2ce7db3d78" testName="WaitForElementToBeVisible_WithEmptySelector_ShouldThrowArgumentException" computerName="cursor" duration="00:00:00.2611340" startTime="2025-08-11T08:40:27.1510620+00:00" endTime="2025-08-11T08:40:27.4121958+00:00" testType="13cdc9d9-ddb5-4fa4-a97d-d965ccfc6d4b" outcome="Passed" testListId="8c84fa94-04c1-424b-9868-57a2d4851a1d" relativeResultsDirectory="c83404e6-20b3-43fb-a7d6-a715c1991a0b" />
    <UnitTestResult executionId="f37373a3-12ce-4600-860a-4254cf56bcc5" testId="3ad03a22-2777-d2d4-5f83-9fd05f5245af" testName="PlaywrightElementNotEnabledException_WithSelectorAndInnerException_ShouldSetProperties" computerName="cursor" duration="00:00:00.0002100" startTime="2025-08-11T08:40:27.6763598+00:00" endTime="2025-08-11T08:40:27.6765694+00:00" testType="13cdc9d9-ddb5-4fa4-a97d-d965ccfc6d4b" outcome="Passed" testListId="8c84fa94-04c1-424b-9868-57a2d4851a1d" relativeResultsDirectory="f37373a3-12ce-4600-860a-4254cf56bcc5" />
    <UnitTestResult executionId="16daec0e-5bbe-4340-9522-f477336cb0ac" testId="ff27c3ee-967a-d5b0-28a4-0b2f2d102b00" testName="WaitForNetworkRequestInitiatedAsync_WithEmptyUrlPattern_ShouldThrowArgumentException" computerName="cursor" duration="00:00:00.0019870" startTime="2025-08-11T08:40:20.0157210+00:00" endTime="2025-08-11T08:40:20.0177075+00:00" testType="13cdc9d9-ddb5-4fa4-a97d-d965ccfc6d4b" outcome="Passed" testListId="8c84fa94-04c1-424b-9868-57a2d4851a1d" relativeResultsDirectory="16daec0e-5bbe-4340-9522-f477336cb0ac" />
    <UnitTestResult executionId="9182cc77-d302-493e-b5cc-98fe26e5cf3f" testId="815098b5-efab-3788-b82b-7c2f40ad7411" testName="Type_WithNullSelector_ShouldThrowArgumentException" computerName="cursor" duration="00:00:00.2544570" startTime="2025-08-11T08:40:25.8325308+00:00" endTime="2025-08-11T08:40:26.0869876+00:00" testType="13cdc9d9-ddb5-4fa4-a97d-d965ccfc6d4b" outcome="Passed" testListId="8c84fa94-04c1-424b-9868-57a2d4851a1d" relativeResultsDirectory="9182cc77-d302-493e-b5cc-98fe26e5cf3f" />
    <UnitTestResult executionId="3c5a2d94-26e7-49ff-9ed2-8cc2aeca0430" testId="4877fee6-7639-5a08-f7d7-8315d464aac4" testName="CanHandle_WithOtherDriverType_ReturnsFalse" computerName="cursor" duration="00:00:00.0005480" startTime="2025-08-11T08:40:27.6834595+00:00" endTime="2025-08-11T08:40:27.6840079+00:00" testType="13cdc9d9-ddb5-4fa4-a97d-d965ccfc6d4b" outcome="Passed" testListId="8c84fa94-04c1-424b-9868-57a2d4851a1d" relativeResultsDirectory="3c5a2d94-26e7-49ff-9ed2-8cc2aeca0430" />
    <UnitTestResult executionId="47bfbe0e-74eb-42ad-bb50-96733e3f851a" testId="3b14417e-ad23-ef34-465a-8ff764684d0a" testName="GetText_WithNullSelector_ShouldThrowArgumentException" computerName="cursor" duration="00:00:00.2390600" startTime="2025-08-11T08:40:23.6283008+00:00" endTime="2025-08-11T08:40:23.8673604+00:00" testType="13cdc9d9-ddb5-4fa4-a97d-d965ccfc6d4b" outcome="Passed" testListId="8c84fa94-04c1-424b-9868-57a2d4851a1d" relativeResultsDirectory="47bfbe0e-74eb-42ad-bb50-96733e3f851a" />
    <UnitTestResult executionId="2905503e-63c6-4d09-b3d9-8e6d5aa8b0d4" testId="27a6b503-6d8a-6bf4-22e7-91fa4a9610ae" testName="Dispose_DisposesCorrectly" computerName="cursor" duration="00:00:00.3244730" startTime="2025-08-11T08:40:21.5677719+00:00" endTime="2025-08-11T08:40:21.8922447+00:00" testType="13cdc9d9-ddb5-4fa4-a97d-d965ccfc6d4b" outcome="Passed" testListId="8c84fa94-04c1-424b-9868-57a2d4851a1d" relativeResultsDirectory="2905503e-63c6-4d09-b3d9-8e6d5aa8b0d4" />
    <UnitTestResult executionId="e6a9fdbd-b91a-45f4-ba24-527e0c3eeb67" testId="df4d6327-e7bc-643e-5619-c31e31143540" testName="NavigateToUrl_WithNullUrl_ShouldThrowArgumentNullException" computerName="cursor" duration="00:00:00.2559070" startTime="2025-08-11T08:40:24.8598569+00:00" endTime="2025-08-11T08:40:25.1157636+00:00" testType="13cdc9d9-ddb5-4fa4-a97d-d965ccfc6d4b" outcome="Passed" testListId="8c84fa94-04c1-424b-9868-57a2d4851a1d" relativeResultsDirectory="e6a9fdbd-b91a-45f4-ba24-527e0c3eeb67" />
    <UnitTestResult executionId="1e7f5fee-4c66-40da-b912-165517951ada" testId="c4dce798-f1a3-ea12-2f13-63b553ffaea1" testName="Click_WithNullSelector_ShouldThrowArgumentException" computerName="cursor" duration="00:00:00.2803310" startTime="2025-08-11T08:40:20.4785148+00:00" endTime="2025-08-11T08:40:20.7588452+00:00" testType="13cdc9d9-ddb5-4fa4-a97d-d965ccfc6d4b" outcome="Passed" testListId="8c84fa94-04c1-424b-9868-57a2d4851a1d" relativeResultsDirectory="1e7f5fee-4c66-40da-b912-165517951ada" />
    <UnitTestResult executionId="9016d32f-25b7-44ca-9f40-d92f8672c75a" testId="4ea4703d-971f-8d0f-9080-579d4df73c0e" testName="GetText_WithEmptySelector_ShouldThrowArgumentException" computerName="cursor" duration="00:00:00.2459480" startTime="2025-08-11T08:40:23.3819242+00:00" endTime="2025-08-11T08:40:23.6278715+00:00" testType="13cdc9d9-ddb5-4fa4-a97d-d965ccfc6d4b" outcome="Passed" testListId="8c84fa94-04c1-424b-9868-57a2d4851a1d" relativeResultsDirectory="9016d32f-25b7-44ca-9f40-d92f8672c75a" />
    <UnitTestResult executionId="e7bd2f6b-30a1-440f-8b81-74315b1ab58f" testId="a0b42499-9aa5-d679-1ef3-7d05e5974b9e" testName="TakeElementScreenshotAsync_WithEmptySelector_ShouldThrowArgumentException" computerName="cursor" duration="00:00:00.0017560" startTime="2025-08-11T08:40:20.0060273+00:00" endTime="2025-08-11T08:40:20.0077836+00:00" testType="13cdc9d9-ddb5-4fa4-a97d-d965ccfc6d4b" outcome="Passed" testListId="8c84fa94-04c1-424b-9868-57a2d4851a1d" relativeResultsDirectory="e7bd2f6b-30a1-440f-8b81-74315b1ab58f" />
    <UnitTestResult executionId="98a2f1eb-6a05-47cc-bb68-055f864ad647" testId="d35e5fdf-75d0-2f95-568c-44152552faab" testName="Name_ReturnsPlaywright" computerName="cursor" duration="00:00:00.0002050" startTime="2025-08-11T08:40:27.9253163+00:00" endTime="2025-08-11T08:40:27.9255216+00:00" testType="13cdc9d9-ddb5-4fa4-a97d-d965ccfc6d4b" outcome="Passed" testListId="8c84fa94-04c1-424b-9868-57a2d4851a1d" relativeResultsDirectory="98a2f1eb-6a05-47cc-bb68-055f864ad647" />
    <UnitTestResult executionId="9ace4d96-1431-4970-a5ae-33fb3afd5901" testId="a9901a4f-2a1e-0b93-d3e6-730637b0b658" testName="PlaywrightBrowserStartupException_ShouldInheritFromPlaywrightException" computerName="cursor" duration="00:00:00.0004610" startTime="2025-08-11T08:40:27.6722135+00:00" endTime="2025-08-11T08:40:27.6726751+00:00" testType="13cdc9d9-ddb5-4fa4-a97d-d965ccfc6d4b" outcome="Passed" testListId="8c84fa94-04c1-424b-9868-57a2d4851a1d" relativeResultsDirectory="9ace4d96-1431-4970-a5ae-33fb3afd5901" />
    <UnitTestResult executionId="19a50962-81eb-4dc1-8578-7ae2bae36d45" testId="ce9a076c-9acd-572b-8425-afddb1c89e02" testName="CreateDriver_WithValidOptions_ReturnsDriver" computerName="cursor" duration="00:00:00.2406920" startTime="2025-08-11T08:40:27.6844664+00:00" endTime="2025-08-11T08:40:27.9251582+00:00" testType="13cdc9d9-ddb5-4fa4-a97d-d965ccfc6d4b" outcome="Passed" testListId="8c84fa94-04c1-424b-9868-57a2d4851a1d" relativeResultsDirectory="19a50962-81eb-4dc1-8578-7ae2bae36d45" />
    <UnitTestResult executionId="e0968aff-e1c3-4e31-9a39-1e3b75af1b9c" testId="29102099-3023-58e6-1b9e-94381bd37eb7" testName="InterceptNetworkRequests_WithNullUrlPattern_ShouldThrowArgumentException" computerName="cursor" duration="00:00:00.0011660" startTime="2025-08-11T08:40:19.9925196+00:00" endTime="2025-08-11T08:40:19.9936853+00:00" testType="13cdc9d9-ddb5-4fa4-a97d-d965ccfc6d4b" outcome="Passed" testListId="8c84fa94-04c1-424b-9868-57a2d4851a1d" relativeResultsDirectory="e0968aff-e1c3-4e31-9a39-1e3b75af1b9c" />
    <UnitTestResult executionId="0515a8ff-91aa-47b4-9c37-4c400b70ea34" testId="45856250-19cb-ef6e-6149-9cc71288bcb7" testName="GeneratePdfAsync_WithValidParameters_ShouldReturnByteArray" computerName="cursor" duration="00:00:00.0069670" startTime="2025-08-11T08:40:19.9828219+00:00" endTime="2025-08-11T08:40:19.9897884+00:00" testType="13cdc9d9-ddb5-4fa4-a97d-d965ccfc6d4b" outcome="Passed" testListId="8c84fa94-04c1-424b-9868-57a2d4851a1d" relativeResultsDirectory="0515a8ff-91aa-47b4-9c37-4c400b70ea34" />
    <UnitTestResult executionId="e71413c8-4642-43c3-8bff-9b66c79f4ab1" testId="08024d7f-f5d4-70e2-2d00-1732d845efa4" testName="SetGeolocationAsync_WithValidCoordinates_ShouldNotThrowException" computerName="cursor" duration="00:00:00.0017700" startTime="2025-08-11T08:40:19.9936978+00:00" endTime="2025-08-11T08:40:19.9954673+00:00" testType="13cdc9d9-ddb5-4fa4-a97d-d965ccfc6d4b" outcome="Passed" testListId="8c84fa94-04c1-424b-9868-57a2d4851a1d" relativeResultsDirectory="e71413c8-4642-43c3-8bff-9b66c79f4ab1" />
    <UnitTestResult executionId="0c25abd4-8717-4505-9792-2050c06492d6" testId="eae310e3-db41-6fc8-d145-0be80a4f2556" testName="WaitForElement_WithEnabledStrategy_ShouldNotThrowException" computerName="cursor" duration="00:00:00.0006390" startTime="2025-08-11T08:40:27.9336185+00:00" endTime="2025-08-11T08:40:27.9342571+00:00" testType="13cdc9d9-ddb5-4fa4-a97d-d965ccfc6d4b" outcome="Passed" testListId="8c84fa94-04c1-424b-9868-57a2d4851a1d" relativeResultsDirectory="0c25abd4-8717-4505-9792-2050c06492d6" />
    <UnitTestResult executionId="477f0311-d837-4322-bff9-5c23ccd2ed44" testId="a040c7ad-7721-eef7-f7a3-3be656e62ca9" testName="WaitForElementAttribute_WithEmptySelector_ShouldThrowArgumentException" computerName="cursor" duration="00:00:00.0009770" startTime="2025-08-11T08:40:27.9390974+00:00" endTime="2025-08-11T08:40:27.9400748+00:00" testType="13cdc9d9-ddb5-4fa4-a97d-d965ccfc6d4b" outcome="Passed" testListId="8c84fa94-04c1-424b-9868-57a2d4851a1d" relativeResultsDirectory="477f0311-d837-4322-bff9-5c23ccd2ed44" />
    <UnitTestResult executionId="da655923-4848-4080-89e7-ab4c631d2ab6" testId="1c19d2b9-0d7d-1341-0e1e-577e56b55133" testName="WaitForElement_WithNoneStrategy_ShouldNotThrowException" computerName="cursor" duration="00:00:00.0004520" startTime="2025-08-11T08:40:27.9348422+00:00" endTime="2025-08-11T08:40:27.9352938+00:00" testType="13cdc9d9-ddb5-4fa4-a97d-d965ccfc6d4b" outcome="Passed" testListId="8c84fa94-04c1-424b-9868-57a2d4851a1d" relativeResultsDirectory="da655923-4848-4080-89e7-ab4c631d2ab6" />
    <UnitTestResult executionId="37348d7f-06fc-461c-9d8c-9649ad25862a" testId="f62e70a1-30d9-b0fc-8eea-390e512b56f9" testName="Constructor_WithNullPage_ShouldThrowArgumentNullException" computerName="cursor" duration="00:00:00.0001940" startTime="2025-08-11T08:40:27.9284841+00:00" endTime="2025-08-11T08:40:27.9286779+00:00" testType="13cdc9d9-ddb5-4fa4-a97d-d965ccfc6d4b" outcome="Passed" testListId="8c84fa94-04c1-424b-9868-57a2d4851a1d" relativeResultsDirectory="37348d7f-06fc-461c-9d8c-9649ad25862a" />
    <UnitTestResult executionId="67c39238-b662-4c1f-9476-453ed36aa8f7" testId="76ff7f4d-9c8c-06e9-6eaf-d088e0e04505" testName="Constructor_WithNullOptions_ThrowsException" computerName="cursor" duration="00:00:00.0004430" startTime="2025-08-11T08:40:21.0011760+00:00" endTime="2025-08-11T08:40:21.0016183+00:00" testType="13cdc9d9-ddb5-4fa4-a97d-d965ccfc6d4b" outcome="Passed" testListId="8c84fa94-04c1-424b-9868-57a2d4851a1d" relativeResultsDirectory="67c39238-b662-4c1f-9476-453ed36aa8f7" />
    <UnitTestResult executionId="180c0aee-4622-43de-a35f-af809525eb74" testId="431f452d-c23f-9ca3-4bae-283bd4f22bb9" testName="IsEnabled_WithEmptySelector_ShouldThrowArgumentException" computerName="cursor" duration="00:00:00.2443630" startTime="2025-08-11T08:40:23.8673940+00:00" endTime="2025-08-11T08:40:24.1117562+00:00" testType="13cdc9d9-ddb5-4fa4-a97d-d965ccfc6d4b" outcome="Passed" testListId="8c84fa94-04c1-424b-9868-57a2d4851a1d" relativeResultsDirectory="180c0aee-4622-43de-a35f-af809525eb74" />
    <UnitTestResult executionId="c365a163-f022-4f30-9efc-ea8e7bb5a9a4" testId="ab7fb356-7440-899e-cd01-0e36beaea533" testName="WaitForElement_WithNullSelector_ShouldThrowArgumentException" computerName="cursor" duration="00:00:00.0005570" startTime="2025-08-11T08:40:27.9353077+00:00" endTime="2025-08-11T08:40:27.9358642+00:00" testType="13cdc9d9-ddb5-4fa4-a97d-d965ccfc6d4b" outcome="Passed" testListId="8c84fa94-04c1-424b-9868-57a2d4851a1d" relativeResultsDirectory="c365a163-f022-4f30-9efc-ea8e7bb5a9a4" />
    <UnitTestResult executionId="0da66700-d06e-495e-baed-3f0fa0dc9f30" testId="8bfbe005-5221-22b1-278d-cb9bd37053a6" testName="GetFrameworkDriver_WithIBrowserType_ShouldReturnBrowser" computerName="cursor" duration="00:00:00.2468360" startTime="2025-08-11T08:40:22.3846219+00:00" endTime="2025-08-11T08:40:22.6314577+00:00" testType="13cdc9d9-ddb5-4fa4-a97d-d965ccfc6d4b" outcome="Passed" testListId="8c84fa94-04c1-424b-9868-57a2d4851a1d" relativeResultsDirectory="0da66700-d06e-495e-baed-3f0fa0dc9f30" />
    <UnitTestResult executionId="47777bee-4b9d-4fc2-a429-2fe36577fd15" testId="3ff93f72-7ce5-5fab-8610-20cbfcaf06d2" testName="Constructor_WithLogger_ShouldCreateDriver" computerName="cursor" duration="00:00:00.2422460" startTime="2025-08-11T08:40:20.7588985+00:00" endTime="2025-08-11T08:40:21.0011447+00:00" testType="13cdc9d9-ddb5-4fa4-a97d-d965ccfc6d4b" outcome="Passed" testListId="8c84fa94-04c1-424b-9868-57a2d4851a1d" relativeResultsDirectory="47777bee-4b9d-4fc2-a429-2fe36577fd15" />
    <UnitTestResult executionId="d5ea3095-1398-4119-b851-fe8156dc5186" testId="98ab0928-473a-f0b2-1c0f-979f2f5dd59d" testName="WaitForElement_WithSmartStrategy_ShouldNotThrowException" computerName="cursor" duration="00:00:00.0008270" startTime="2025-08-11T08:40:27.9358790+00:00" endTime="2025-08-11T08:40:27.9367061+00:00" testType="13cdc9d9-ddb5-4fa4-a97d-d965ccfc6d4b" outcome="Passed" testListId="8c84fa94-04c1-424b-9868-57a2d4851a1d" relativeResultsDirectory="d5ea3095-1398-4119-b851-fe8156dc5186" />
    <UnitTestResult executionId="0b8227ac-b49c-4088-864f-5cc91cd36068" testId="ceb91d2d-ad4f-bb50-563d-695574499def" testName="IsEnabled_WithNullSelector_ShouldThrowArgumentException" computerName="cursor" duration="00:00:00.2469350" startTime="2025-08-11T08:40:24.1122740+00:00" endTime="2025-08-11T08:40:24.3592097+00:00" testType="13cdc9d9-ddb5-4fa4-a97d-d965ccfc6d4b" outcome="Passed" testListId="8c84fa94-04c1-424b-9868-57a2d4851a1d" relativeResultsDirectory="0b8227ac-b49c-4088-864f-5cc91cd36068" />
    <UnitTestResult executionId="91ea03d1-2354-49a7-befd-72786a824774" testId="fa631617-c65d-b7c1-e160-e4d485baa491" testName="WaitForElement_WithHiddenStrategy_ShouldNotThrowException" computerName="cursor" duration="00:00:00.0005590" startTime="2025-08-11T08:40:27.9342703+00:00" endTime="2025-08-11T08:40:27.9348288+00:00" testType="13cdc9d9-ddb5-4fa4-a97d-d965ccfc6d4b" outcome="Passed" testListId="8c84fa94-04c1-424b-9868-57a2d4851a1d" relativeResultsDirectory="91ea03d1-2354-49a7-befd-72786a824774" />
    <UnitTestResult executionId="46cab9d8-696c-40f5-98ed-4563369c2b8d" testId="b08e593a-105a-8f9a-8a16-fc40973c941d" testName="PlaywrightException_ShouldInheritFromFluentUIScaffoldException" computerName="cursor" duration="00:00:00.0000600" startTime="2025-08-11T08:40:27.6773831+00:00" endTime="2025-08-11T08:40:27.6774427+00:00" testType="13cdc9d9-ddb5-4fa4-a97d-d965ccfc6d4b" outcome="Passed" testListId="8c84fa94-04c1-424b-9868-57a2d4851a1d" relativeResultsDirectory="46cab9d8-696c-40f5-98ed-4563369c2b8d" />
    <UnitTestResult executionId="9b56beb5-7725-41e5-af67-738dfee818ee" testId="39a497ce-1c9b-21eb-4e39-bf1601ef01af" testName="StartVideoRecordingAsync_WithValidPath_ShouldNotThrowException" computerName="cursor" duration="00:00:00.0012840" startTime="2025-08-11T08:40:20.0032603+00:00" endTime="2025-08-11T08:40:20.0045441+00:00" testType="13cdc9d9-ddb5-4fa4-a97d-d965ccfc6d4b" outcome="Passed" testListId="8c84fa94-04c1-424b-9868-57a2d4851a1d" relativeResultsDirectory="9b56beb5-7725-41e5-af67-738dfee818ee" />
    <UnitTestResult executionId="5840fd98-1cd7-4006-be7a-8476bd912e3a" testId="8b412a83-eed0-b405-9d7e-9460966d666b" testName="EmulateMobileDeviceAsync_WithEmptyDeviceName_ShouldThrowArgumentException" computerName="cursor" duration="00:00:00.0017960" startTime="2025-08-11T08:40:19.9728712+00:00" endTime="2025-08-11T08:40:19.9746675+00:00" testType="13cdc9d9-ddb5-4fa4-a97d-d965ccfc6d4b" outcome="Passed" testListId="8c84fa94-04c1-424b-9868-57a2d4851a1d" relativeResultsDirectory="5840fd98-1cd7-4006-be7a-8476bd912e3a" />
    <UnitTestResult executionId="eac9d7b3-8834-4d14-93e2-2804bb84ed96" testId="34add508-2a70-84a8-717f-061411066a1d" testName="GetFrameworkDriver_WithIBrowserContextType_ShouldReturnContext" computerName="cursor" duration="00:00:00.2447710" startTime="2025-08-11T08:40:22.1398320+00:00" endTime="2025-08-11T08:40:22.3846024+00:00" testType="13cdc9d9-ddb5-4fa4-a97d-d965ccfc6d4b" outcome="Passed" testListId="8c84fa94-04c1-424b-9868-57a2d4851a1d" relativeResultsDirectory="eac9d7b3-8834-4d14-93e2-2804bb84ed96" />
    <UnitTestResult executionId="b096aefb-9a20-4145-b7eb-90fcb275cbc4" testId="5d8f4898-8bd2-03b0-b2a9-5666b648c3a8" testName="PlaywrightException_WithMessageAndSelector_ShouldSetProperties" computerName="cursor" duration="00:00:00.0001370" startTime="2025-08-11T08:40:27.6774457+00:00" endTime="2025-08-11T08:40:27.6775828+00:00" testType="13cdc9d9-ddb5-4fa4-a97d-d965ccfc6d4b" outcome="Passed" testListId="8c84fa94-04c1-424b-9868-57a2d4851a1d" relativeResultsDirectory="b096aefb-9a20-4145-b7eb-90fcb275cbc4" />
    <UnitTestResult executionId="1fb8355d-3d4a-4974-b3fd-b531023b780a" testId="a17eff27-7a9d-3fe1-a994-0b42d6f3dc3a" testName="SelectOption_WithNullSelector_ShouldThrowArgumentException" computerName="cursor" duration="00:00:00.2337260" startTime="2025-08-11T08:40:25.3518989+00:00" endTime="2025-08-11T08:40:25.5856252+00:00" testType="13cdc9d9-ddb5-4fa4-a97d-d965ccfc6d4b" outcome="Passed" testListId="8c84fa94-04c1-424b-9868-57a2d4851a1d" relativeResultsDirectory="1fb8355d-3d4a-4974-b3fd-b531023b780a" />
    <UnitTestResult executionId="db4fce7c-4586-48f8-aac9-14383cf02eb5" testId="8ad984d6-7085-8350-03f6-84c69fb96b0b" testName="GetFrameworkDriver_WithIPlaywrightType_ShouldReturnPlaywright" computerName="cursor" duration="00:00:00.2565890" startTime="2025-08-11T08:40:22.8789671+00:00" endTime="2025-08-11T08:40:23.1355553+00:00" testType="13cdc9d9-ddb5-4fa4-a97d-d965ccfc6d4b" outcome="Passed" testListId="8c84fa94-04c1-424b-9868-57a2d4851a1d" relativeResultsDirectory="db4fce7c-4586-48f8-aac9-14383cf02eb5" />
    <UnitTestResult executionId="b44e4691-42f7-4737-85c9-3dd1cbaae6b2" testId="0bc0dd3d-4205-ff81-c8aa-57581549ca33" testName="WaitForElement_WithVisibleStrategy_ShouldNotThrowException" computerName="cursor" duration="00:00:00.0006470" startTime="2025-08-11T08:40:27.9384366+00:00" endTime="2025-08-11T08:40:27.9390831+00:00" testType="13cdc9d9-ddb5-4fa4-a97d-d965ccfc6d4b" outcome="Passed" testListId="8c84fa94-04c1-424b-9868-57a2d4851a1d" relativeResultsDirectory="b44e4691-42f7-4737-85c9-3dd1cbaae6b2" />
    <UnitTestResult executionId="e2dbff2d-7935-430b-8239-bab6268dba38" testId="471c48b8-3934-9ff4-83c3-85e85475d277" testName="TakeElementScreenshotAsync_WithValidSelector_ShouldReturnByteArray" computerName="cursor" duration="00:00:00.0012960" startTime="2025-08-11T08:40:20.0092839+00:00" endTime="2025-08-11T08:40:20.0105795+00:00" testType="13cdc9d9-ddb5-4fa4-a97d-d965ccfc6d4b" outcome="Passed" testListId="8c84fa94-04c1-424b-9868-57a2d4851a1d" relativeResultsDirectory="e2dbff2d-7935-430b-8239-bab6268dba38" />
    <UnitTestResult executionId="558bc3fa-6fc0-4a91-8b48-4365312d0687" testId="a5d32aa4-c3a6-e1da-183c-f4e414cd9910" testName="IsVisible_WithNullSelector_ShouldThrowArgumentException" computerName="cursor" duration="00:00:00.2434450" startTime="2025-08-11T08:40:24.6163841+00:00" endTime="2025-08-11T08:40:24.8598295+00:00" testType="13cdc9d9-ddb5-4fa4-a97d-d965ccfc6d4b" outcome="Passed" testListId="8c84fa94-04c1-424b-9868-57a2d4851a1d" relativeResultsDirectory="558bc3fa-6fc0-4a91-8b48-4365312d0687" />
    <UnitTestResult executionId="6bbe9623-1294-4669-90a9-ff4df7cd51ed" testId="f18c7ad7-eb0f-06f7-7be6-b1c9e4fa00a2" testName="InterceptNetworkRequests_WithNullHandler_ShouldThrowArgumentNullException" computerName="cursor" duration="00:00:00.0012720" startTime="2025-08-11T08:40:19.9912354+00:00" endTime="2025-08-11T08:40:19.9925074+00:00" testType="13cdc9d9-ddb5-4fa4-a97d-d965ccfc6d4b" outcome="Passed" testListId="8c84fa94-04c1-424b-9868-57a2d4851a1d" relativeResultsDirectory="6bbe9623-1294-4669-90a9-ff4df7cd51ed" />
    <UnitTestResult executionId="f8264d26-81b2-4ab9-bf5a-5edb5b978107" testId="5637c2bc-4ff0-830b-afbc-8160de8eaeff" testName="TakeElementScreenshotAsync_WithNullSelector_ShouldThrowArgumentException" computerName="cursor" duration="00:00:00.0014720" startTime="2025-08-11T08:40:20.0077977+00:00" endTime="2025-08-11T08:40:20.0092696+00:00" testType="13cdc9d9-ddb5-4fa4-a97d-d965ccfc6d4b" outcome="Passed" testListId="8c84fa94-04c1-424b-9868-57a2d4851a1d" relativeResultsDirectory="f8264d26-81b2-4ab9-bf5a-5edb5b978107" />
    <UnitTestResult executionId="1ec11c89-9398-419f-b266-8b592e253b24" testId="2a52eb47-2f2b-89a4-1aaf-1041ed903d63" testName="TakeScreenshotAsync_WithValidParameters_ShouldReturnByteArray" computerName="cursor" duration="00:00:00.0014940" startTime="2025-08-11T08:40:20.0105928+00:00" endTime="2025-08-11T08:40:20.0120861+00:00" testType="13cdc9d9-ddb5-4fa4-a97d-d965ccfc6d4b" outcome="Passed" testListId="8c84fa94-04c1-424b-9868-57a2d4851a1d" relativeResultsDirectory="1ec11c89-9398-419f-b266-8b592e253b24" />
    <UnitTestResult executionId="6afaaab3-c72f-44a5-97be-de99a7977a10" testId="e8d74a76-a6dc-3af0-710e-e305cc9a27a7" testName="IsVisible_WithEmptySelector_ShouldThrowArgumentException" computerName="cursor" duration="00:00:00.2571260" startTime="2025-08-11T08:40:24.3592356+00:00" endTime="2025-08-11T08:40:24.6163611+00:00" testType="13cdc9d9-ddb5-4fa4-a97d-d965ccfc6d4b" outcome="Passed" testListId="8c84fa94-04c1-424b-9868-57a2d4851a1d" relativeResultsDirectory="6afaaab3-c72f-44a5-97be-de99a7977a10" />
    <UnitTestResult executionId="026c8390-d4b8-406e-aebd-fb081e6fe3cc" testId="45134bbd-894d-df2d-e054-a81510231f3d" testName="PlaywrightElementNotFoundException_ShouldInheritFromPlaywrightException" computerName="cursor" duration="00:00:00.0001689" startTime="2025-08-11T08:40:27.6765752+00:00" endTime="2025-08-11T08:40:27.6767439+00:00" testType="13cdc9d9-ddb5-4fa4-a97d-d965ccfc6d4b" outcome="Passed" testListId="8c84fa94-04c1-424b-9868-57a2d4851a1d" relativeResultsDirectory="026c8390-d4b8-406e-aebd-fb081e6fe3cc" />
    <UnitTestResult executionId="39ebaada-5bab-433b-a18e-75c255f87218" testId="b2ab8ddd-ea45-0e6e-e413-55319ef7b10b" testName="Dispose_ShouldBeCallableMultipleTimes" computerName="cursor" duration="00:00:00.2475390" startTime="2025-08-11T08:40:21.8922735+00:00" endTime="2025-08-11T08:40:22.1398118+00:00" testType="13cdc9d9-ddb5-4fa4-a97d-d965ccfc6d4b" outcome="Passed" testListId="8c84fa94-04c1-424b-9868-57a2d4851a1d" relativeResultsDirectory="39ebaada-5bab-433b-a18e-75c255f87218" />
    <UnitTestResult executionId="450a0894-8598-4cf3-b01c-cdbf20a3465b" testId="ded617c3-d704-a2dc-89a2-9e07115fa2fd" testName="Constructor_WithNullOptions_ShouldThrowArgumentNullException" computerName="cursor" duration="00:00:00.0027360" startTime="2025-08-11T08:40:27.9257317+00:00" endTime="2025-08-11T08:40:27.9284675+00:00" testType="13cdc9d9-ddb5-4fa4-a97d-d965ccfc6d4b" outcome="Passed" testListId="8c84fa94-04c1-424b-9868-57a2d4851a1d" relativeResultsDirectory="450a0894-8598-4cf3-b01c-cdbf20a3465b" />
    <UnitTestResult executionId="b80be2ff-a7bb-474d-a5b9-f5efa6f1f5ec" testId="236ebad8-d8a1-9190-7cc9-fc41c258d7ec" testName="PlaywrightElementNotFoundException_WithSelector_ShouldSetMessageAndSelector" computerName="cursor" duration="00:00:00.0001480" startTime="2025-08-11T08:40:27.6767485+00:00" endTime="2025-08-11T08:40:27.6768961+00:00" testType="13cdc9d9-ddb5-4fa4-a97d-d965ccfc6d4b" outcome="Passed" testListId="8c84fa94-04c1-424b-9868-57a2d4851a1d" relativeResultsDirectory="b80be2ff-a7bb-474d-a5b9-f5efa6f1f5ec" />
    <UnitTestResult executionId="e27b7d44-37c7-4f64-9f4d-ca28f6a35347" testId="e2038e8d-a0ec-f93d-73e6-4ef1063fd72c" testName="PlaywrightBrowserStartupException_WithMessageAndBrowserType_ShouldSetProperties" computerName="cursor" duration="00:00:00.0005950" startTime="2025-08-11T08:40:27.6726931+00:00" endTime="2025-08-11T08:40:27.6732885+00:00" testType="13cdc9d9-ddb5-4fa4-a97d-d965ccfc6d4b" outcome="Passed" testListId="8c84fa94-04c1-424b-9868-57a2d4851a1d" relativeResultsDirectory="e27b7d44-37c7-4f64-9f4d-ca28f6a35347" />
    <UnitTestResult executionId="b70ab993-56e4-4ebe-a7f4-48bbe547411e" testId="ef42b422-8ac9-4685-b465-5741dfd4e276" testName="PlaywrightNavigationException_WithNullUrl_ShouldSetUrlToNull" computerName="cursor" duration="00:00:00.0001340" startTime="2025-08-11T08:40:27.6785505+00:00" endTime="2025-08-11T08:40:27.6786846+00:00" testType="13cdc9d9-ddb5-4fa4-a97d-d965ccfc6d4b" outcome="Passed" testListId="8c84fa94-04c1-424b-9868-57a2d4851a1d" relativeResultsDirectory="b70ab993-56e4-4ebe-a7f4-48bbe547411e" />
    <UnitTestResult executionId="8f92a707-458b-427c-9ee4-336cf4841484" testId="95496f37-19bd-a3f6-2a2c-3d627f1301ea" testName="WaitForElement_WithEmptySelector_ShouldThrowArgumentException" computerName="cursor" duration="00:00:00.2967600" startTime="2025-08-11T08:40:26.0872648+00:00" endTime="2025-08-11T08:40:26.3840251+00:00" testType="13cdc9d9-ddb5-4fa4-a97d-d965ccfc6d4b" outcome="Passed" testListId="8c84fa94-04c1-424b-9868-57a2d4851a1d" relativeResultsDirectory="8f92a707-458b-427c-9ee4-336cf4841484" />
    <UnitTestResult executionId="63ab0024-8537-4761-b42e-2bba3ac4b14e" testId="c5ace3fd-819e-bba6-cdba-2401aa2b6b10" testName="CanHandle_WithPlaywrightDriverType_ReturnsTrue" computerName="cursor" duration="00:00:00.0001350" startTime="2025-08-11T08:40:27.6840257+00:00" endTime="2025-08-11T08:40:27.6841612+00:00" testType="13cdc9d9-ddb5-4fa4-a97d-d965ccfc6d4b" outcome="Passed" testListId="8c84fa94-04c1-424b-9868-57a2d4851a1d" relativeResultsDirectory="63ab0024-8537-4761-b42e-2bba3ac4b14e" />
    <UnitTestResult executionId="39a0778c-f32a-4e6f-b963-2fe590b6d0f4" testId="f9eaa350-3407-dfbf-81e7-a2dcc8ed9569" testName="CreateDriver_WithNullOptions_ThrowsException" computerName="cursor" duration="00:00:00.0001780" startTime="2025-08-11T08:40:27.6842834+00:00" endTime="2025-08-11T08:40:27.6844618+00:00" testType="13cdc9d9-ddb5-4fa4-a97d-d965ccfc6d4b" outcome="Passed" testListId="8c84fa94-04c1-424b-9868-57a2d4851a1d" relativeResultsDirectory="39a0778c-f32a-4e6f-b963-2fe590b6d0f4" />
    <UnitTestResult executionId="a91bef93-ebd6-48a0-b531-7fa07a8c3174" testId="f44ad0a1-0847-0f54-bff5-381243908744" testName="SetPermissionsAsync_WithEmptyPermissions_ShouldThrowArgumentException" computerName="cursor" duration="00:00:00.0018070" startTime="2025-08-11T08:40:19.9954808+00:00" endTime="2025-08-11T08:40:19.9972876+00:00" testType="13cdc9d9-ddb5-4fa4-a97d-d965ccfc6d4b" outcome="Passed" testListId="8c84fa94-04c1-424b-9868-57a2d4851a1d" relativeResultsDirectory="a91bef93-ebd6-48a0-b531-7fa07a8c3174" />
    <UnitTestResult executionId="44eb1c39-1bae-4b74-895b-ae58c41cab81" testId="7c2b473a-b129-8a39-0f11-3dfd0ad70e94" testName="PlaywrightTimeoutException_WithMessageAndSelector_ShouldSetProperties" computerName="cursor" duration="00:00:00.0002620" startTime="2025-08-11T08:40:27.6831128+00:00" endTime="2025-08-11T08:40:27.6833750+00:00" testType="13cdc9d9-ddb5-4fa4-a97d-d965ccfc6d4b" outcome="Passed" testListId="8c84fa94-04c1-424b-9868-57a2d4851a1d" relativeResultsDirectory="44eb1c39-1bae-4b74-895b-ae58c41cab81" />
    <UnitTestResult executionId="7ba6a037-86fb-4ad5-bcc4-50d8c0456dbe" testId="cd2fb9d4-c210-d572-239c-0d75835cfc5e" testName="PlaywrightBrowserStartupException_WithNullBrowserType_ShouldSetBrowserTypeToNull" computerName="cursor" duration="00:00:00.0001330" startTime="2025-08-11T08:40:27.6735355+00:00" endTime="2025-08-11T08:40:27.6736686+00:00" testType="13cdc9d9-ddb5-4fa4-a97d-d965ccfc6d4b" outcome="Passed" testListId="8c84fa94-04c1-424b-9868-57a2d4851a1d" relativeResultsDirectory="7ba6a037-86fb-4ad5-bcc4-50d8c0456dbe" />
    <UnitTestResult executionId="c79cfd9c-d100-4098-9138-cd570b03f589" testId="9c4667d8-9f8a-fe5b-50bf-47a735c0cdb4" testName="StopVideoRecordingAsync_ShouldNotThrowException" computerName="cursor" duration="00:00:00.0014450" startTime="2025-08-11T08:40:20.0045572+00:00" endTime="2025-08-11T08:40:20.0060015+00:00" testType="13cdc9d9-ddb5-4fa4-a97d-d965ccfc6d4b" outcome="Passed" testListId="8c84fa94-04c1-424b-9868-57a2d4851a1d" relativeResultsDirectory="c79cfd9c-d100-4098-9138-cd570b03f589" />
    <UnitTestResult executionId="5377f7ab-7865-4a51-a5a7-b5ed9f0185a1" testId="13205d21-5396-0d73-194f-16064907002f" testName="WaitForElementToBeHidden_WithNullSelector_ShouldThrowArgumentException" computerName="cursor" duration="00:00:00.2511959" startTime="2025-08-11T08:40:26.8998424+00:00" endTime="2025-08-11T08:40:27.1510379+00:00" testType="13cdc9d9-ddb5-4fa4-a97d-d965ccfc6d4b" outcome="Passed" testListId="8c84fa94-04c1-424b-9868-57a2d4851a1d" relativeResultsDirectory="5377f7ab-7865-4a51-a5a7-b5ed9f0185a1" />
    <UnitTestResult executionId="494b5090-8c95-448a-8db1-108319c6d518" testId="29b927ce-f540-26d4-d1f1-a1b0b62c4d93" testName="SetPermissionsAsync_WithValidPermissions_ShouldNotThrowException" computerName="cursor" duration="00:00:00.0014540" startTime="2025-08-11T08:40:19.9987150+00:00" endTime="2025-08-11T08:40:20.0001688+00:00" testType="13cdc9d9-ddb5-4fa4-a97d-d965ccfc6d4b" outcome="Passed" testListId="8c84fa94-04c1-424b-9868-57a2d4851a1d" relativeResultsDirectory="494b5090-8c95-448a-8db1-108319c6d518" />
    <UnitTestResult executionId="da2482f3-ff67-4793-82df-4d14daa28739" testId="f7945da7-05fc-93b2-6c8b-30796e4537e2" testName="Constructor_WithValidParameters_ShouldCreateStrategy" computerName="cursor" duration="00:00:00.0005300" startTime="2025-08-11T08:40:27.9286834+00:00" endTime="2025-08-11T08:40:27.9292136+00:00" testType="13cdc9d9-ddb5-4fa4-a97d-d965ccfc6d4b" outcome="Passed" testListId="8c84fa94-04c1-424b-9868-57a2d4851a1d" relativeResultsDirectory="da2482f3-ff67-4793-82df-4d14daa28739" />
    <UnitTestResult executionId="ec70259d-923d-4668-835c-8b7eaa62c1d9" testId="ba32e0e1-6ed8-0e3a-e188-0c4b4bac2eae" testName="AddInitScriptAsync_WithValidScript_ShouldNotThrowException" computerName="cursor" duration="00:00:00.0108540" startTime="2025-08-11T08:40:19.9591241+00:00" endTime="2025-08-11T08:40:19.9699778+00:00" testType="13cdc9d9-ddb5-4fa4-a97d-d965ccfc6d4b" outcome="Passed" testListId="8c84fa94-04c1-424b-9868-57a2d4851a1d" relativeResultsDirectory="ec70259d-923d-4668-835c-8b7eaa62c1d9" />
    <UnitTestResult executionId="528f5c8b-70b6-41e7-9ef7-e1ccfe24f904" testId="d8a94e68-473e-230d-959c-c6cb87f94d0d" testName="SetPermissionsAsync_WithNullPermissions_ShouldThrowArgumentException" computerName="cursor" duration="00:00:00.0014000" startTime="2025-08-11T08:40:19.9973016+00:00" endTime="2025-08-11T08:40:19.9987011+00:00" testType="13cdc9d9-ddb5-4fa4-a97d-d965ccfc6d4b" outcome="Passed" testListId="8c84fa94-04c1-424b-9868-57a2d4851a1d" relativeResultsDirectory="528f5c8b-70b6-41e7-9ef7-e1ccfe24f904" />
    <UnitTestResult executionId="29d3b27e-5cc0-4c74-bcfc-2886778e30fa" testId="b658b339-aeef-29fb-d21b-40e08f77927d" testName="PlaywrightNavigationException_WithMessageUrlAndInnerException_ShouldSetProperties" computerName="cursor" duration="00:00:00.0001380" startTime="2025-08-11T08:40:27.6784088+00:00" endTime="2025-08-11T08:40:27.6785467+00:00" testType="13cdc9d9-ddb5-4fa4-a97d-d965ccfc6d4b" outcome="Passed" testListId="8c84fa94-04c1-424b-9868-57a2d4851a1d" relativeResultsDirectory="29d3b27e-5cc0-4c74-bcfc-2886778e30fa" />
    <UnitTestResult executionId="a9fbffe3-a885-4b5f-9fb8-fed58d4fe358" testId="8b1d7b5e-1d6e-fbde-e6fa-a6405decaab9" testName="WaitForElementToBeVisible_WithNullSelector_ShouldThrowArgumentException" computerName="cursor" duration="00:00:00.2596460" startTime="2025-08-11T08:40:27.4122177+00:00" endTime="2025-08-11T08:40:27.6718631+00:00" testType="13cdc9d9-ddb5-4fa4-a97d-d965ccfc6d4b" outcome="Passed" testListId="8c84fa94-04c1-424b-9868-57a2d4851a1d" relativeResultsDirectory="a9fbffe3-a885-4b5f-9fb8-fed58d4fe358" />
    <UnitTestResult executionId="aabd8d2a-1b80-402a-991f-ebd54b5aebe6" testId="bf3e385b-dfdb-8f76-ab68-66223f8891f9" testName="PlaywrightElementNotVisibleException_WithSelector_ShouldSetMessageAndSelector" computerName="cursor" duration="00:00:00.0001110" startTime="2025-08-11T08:40:27.6771265+00:00" endTime="2025-08-11T08:40:27.6772375+00:00" testType="13cdc9d9-ddb5-4fa4-a97d-d965ccfc6d4b" outcome="Passed" testListId="8c84fa94-04c1-424b-9868-57a2d4851a1d" relativeResultsDirectory="aabd8d2a-1b80-402a-991f-ebd54b5aebe6" />
    <UnitTestResult executionId="02febe2b-cbd0-44f9-9f39-75a731e7858b" testId="d004b151-1a2b-5307-b77d-2f9884eee910" testName="WaitForElement_WithEmptySelector_ShouldThrowArgumentException" computerName="cursor" duration="00:00:00.0007150" startTime="2025-08-11T08:40:27.9328887+00:00" endTime="2025-08-11T08:40:27.9336032+00:00" testType="13cdc9d9-ddb5-4fa4-a97d-d965ccfc6d4b" outcome="Passed" testListId="8c84fa94-04c1-424b-9868-57a2d4851a1d" relativeResultsDirectory="02febe2b-cbd0-44f9-9f39-75a731e7858b" />
    <UnitTestResult executionId="d9a2c61a-fced-46e0-8664-f74b5e7cbece" testId="4c697dac-7fda-ed9a-8482-a66b241202c5" testName="EvaluateJavaScriptAsync_WithNullScript_ShouldThrowArgumentException" computerName="cursor" duration="00:00:00.0015200" startTime="2025-08-11T08:40:19.9793097+00:00" endTime="2025-08-11T08:40:19.9808295+00:00" testType="13cdc9d9-ddb5-4fa4-a97d-d965ccfc6d4b" outcome="Passed" testListId="8c84fa94-04c1-424b-9868-57a2d4851a1d" relativeResultsDirectory="d9a2c61a-fced-46e0-8664-f74b5e7cbece" />
    <UnitTestResult executionId="0c097669-e280-4321-9d67-f39a1958ac58" testId="705b3a66-7abb-be15-4d76-eeeccbd1e039" testName="PlaywrightTimeoutException_WithDefaultTimeout_ShouldSetDefaultTimeout" computerName="cursor" duration="00:00:00.0042839" startTime="2025-08-11T08:40:27.6788025+00:00" endTime="2025-08-11T08:40:27.6830862+00:00" testType="13cdc9d9-ddb5-4fa4-a97d-d965ccfc6d4b" outcome="Passed" testListId="8c84fa94-04c1-424b-9868-57a2d4851a1d" relativeResultsDirectory="0c097669-e280-4321-9d67-f39a1958ac58" />
    <UnitTestResult executionId="93350b2c-4fba-424d-9dbd-b413c44205de" testId="7def36c3-84cc-de65-8474-fb3817dac248" testName="WaitForNetworkRequestAsync_WithEmptyUrlPattern_ShouldThrowArgumentException" computerName="cursor" duration="00:00:00.0021450" startTime="2025-08-11T08:40:20.0121015+00:00" endTime="2025-08-11T08:40:20.0142467+00:00" testType="13cdc9d9-ddb5-4fa4-a97d-d965ccfc6d4b" outcome="Passed" testListId="8c84fa94-04c1-424b-9868-57a2d4851a1d" relativeResultsDirectory="93350b2c-4fba-424d-9dbd-b413c44205de" />
    <UnitTestResult executionId="bb83df65-9318-4ed3-86f4-576a8d3bf095" testId="2b967a35-4f93-7672-b237-6aff698f6ce5" testName="AddInitScriptAsync_WithEmptyScript_ShouldThrowArgumentException" computerName="cursor" duration="00:00:00.1296300" startTime="2025-08-11T08:40:19.8267236+00:00" endTime="2025-08-11T08:40:19.9563223+00:00" testType="13cdc9d9-ddb5-4fa4-a97d-d965ccfc6d4b" outcome="Passed" testListId="8c84fa94-04c1-424b-9868-57a2d4851a1d" relativeResultsDirectory="bb83df65-9318-4ed3-86f4-576a8d3bf095" />
    <UnitTestResult executionId="a76f305d-ed43-4429-aac3-45ad375562c4" testId="e5737d36-51a6-dc2d-8804-78bd59fa91a2" testName="WaitForNetworkRequestInitiatedAsync_WithNullUrlPattern_ShouldThrowArgumentException" computerName="cursor" duration="00:00:00.0036990" startTime="2025-08-11T08:40:20.0177218+00:00" endTime="2025-08-11T08:40:20.0214207+00:00" testType="13cdc9d9-ddb5-4fa4-a97d-d965ccfc6d4b" outcome="Passed" testListId="8c84fa94-04c1-424b-9868-57a2d4851a1d" relativeResultsDirectory="a76f305d-ed43-4429-aac3-45ad375562c4" />
    <UnitTestResult executionId="6186571b-616c-4408-8c19-ded5c543fc4f" testId="6e8c0812-e23c-e7a6-cbe8-62f734dab9f7" testName="WaitForElementAttribute_WithNullSelector_ShouldThrowArgumentException" computerName="cursor" duration="00:00:00.0006550" startTime="2025-08-11T08:40:27.9400913+00:00" endTime="2025-08-11T08:40:27.9407461+00:00" testType="13cdc9d9-ddb5-4fa4-a97d-d965ccfc6d4b" outcome="Passed" testListId="8c84fa94-04c1-424b-9868-57a2d4851a1d" relativeResultsDirectory="6186571b-616c-4408-8c19-ded5c543fc4f" />
    <UnitTestResult executionId="85fc94df-d499-492e-8df7-13f545b9fdee" testId="4dbe9558-da89-b0af-04d4-50fba6f3e664" testName="WaitForElement_WithNullSelector_ShouldThrowArgumentException" computerName="cursor" duration="00:00:00.2607870" startTime="2025-08-11T08:40:26.3840564+00:00" endTime="2025-08-11T08:40:26.6448428+00:00" testType="13cdc9d9-ddb5-4fa4-a97d-d965ccfc6d4b" outcome="Passed" testListId="8c84fa94-04c1-424b-9868-57a2d4851a1d" relativeResultsDirectory="85fc94df-d499-492e-8df7-13f545b9fdee" />
    <UnitTestResult executionId="47066d34-a372-4122-aecd-d8c78b90f149" testId="3ffb125b-102b-bde1-b8fc-5af3a8320f3e" testName="StartVideoRecordingAsync_WithNullPath_ShouldThrowArgumentException" computerName="cursor" duration="00:00:00.0014400" startTime="2025-08-11T08:40:20.0018063+00:00" endTime="2025-08-11T08:40:20.0032460+00:00" testType="13cdc9d9-ddb5-4fa4-a97d-d965ccfc6d4b" outcome="Passed" testListId="8c84fa94-04c1-424b-9868-57a2d4851a1d" relativeResultsDirectory="47066d34-a372-4122-aecd-d8c78b90f149" />
    <UnitTestResult executionId="82f08d12-7c99-4d28-9d05-27696fae678e" testId="8a988672-c520-f531-e937-e9bc3434963b" testName="PlaywrightTimeoutException_ShouldInheritFromPlaywrightException" computerName="cursor" duration="00:00:00.0001120" startTime="2025-08-11T08:40:27.6786878+00:00" endTime="2025-08-11T08:40:27.6787994+00:00" testType="13cdc9d9-ddb5-4fa4-a97d-d965ccfc6d4b" outcome="Passed" testListId="8c84fa94-04c1-424b-9868-57a2d4851a1d" relativeResultsDirectory="82f08d12-7c99-4d28-9d05-27696fae678e" />
    <UnitTestResult executionId="dcad4cbe-1638-4591-85c7-b371d3262f7f" testId="b5825f7a-1718-d5b8-d745-4d4cf3df9a9b" testName="Click_WithEmptySelector_ShouldThrowArgumentException" computerName="cursor" duration="00:00:00.4539900" startTime="2025-08-11T08:40:20.0244940+00:00" endTime="2025-08-11T08:40:20.4784844+00:00" testType="13cdc9d9-ddb5-4fa4-a97d-d965ccfc6d4b" outcome="Passed" testListId="8c84fa94-04c1-424b-9868-57a2d4851a1d" relativeResultsDirectory="dcad4cbe-1638-4591-85c7-b371d3262f7f" />
    <UnitTestResult executionId="1f9036a0-255e-454e-b062-0d3845bcb80c" testId="944f38ad-08f1-a287-da8c-959767d157ca" testName="WaitForElementText_WithEmptySelector_ShouldThrowArgumentException" computerName="cursor" duration="00:00:00.0008710" startTime="2025-08-11T08:40:27.9407612+00:00" endTime="2025-08-11T08:40:27.9416321+00:00" testType="13cdc9d9-ddb5-4fa4-a97d-d965ccfc6d4b" outcome="Passed" testListId="8c84fa94-04c1-424b-9868-57a2d4851a1d" relativeResultsDirectory="1f9036a0-255e-454e-b062-0d3845bcb80c" />
    <UnitTestResult executionId="82926e42-dc2b-428b-8989-b6e61ad40197" testId="7129b340-9055-6f76-82b2-850b838de151" testName="CurrentUrl_ReturnsExpectedUrl" computerName="cursor" duration="00:00:00.3161060" startTime="2025-08-11T08:40:21.2511533+00:00" endTime="2025-08-11T08:40:21.5672592+00:00" testType="13cdc9d9-ddb5-4fa4-a97d-d965ccfc6d4b" outcome="Passed" testListId="8c84fa94-04c1-424b-9868-57a2d4851a1d" relativeResultsDirectory="82926e42-dc2b-428b-8989-b6e61ad40197" />
    <UnitTestResult executionId="7ebacdd7-d09f-4074-b37b-158fd88f8eba" testId="9d8e977a-2daa-bc0b-9397-cfa6dd67da2e" testName="Constructor_WithValidOptions_CreatesInstance" computerName="cursor" duration="00:00:00.2493440" startTime="2025-08-11T08:40:21.0016440+00:00" endTime="2025-08-11T08:40:21.2509876+00:00" testType="13cdc9d9-ddb5-4fa4-a97d-d965ccfc6d4b" outcome="Passed" testListId="8c84fa94-04c1-424b-9868-57a2d4851a1d" relativeResultsDirectory="7ebacdd7-d09f-4074-b37b-158fd88f8eba" />
    <UnitTestResult executionId="c197ee3f-f9bb-4d4a-9b51-0bedc0ab7909" testId="93632efa-74f1-63ac-ce85-01344d72df82" testName="WaitForElement_WithClickableStrategy_ShouldNotThrowException" computerName="cursor" duration="00:00:00.0027860" startTime="2025-08-11T08:40:27.9292206+00:00" endTime="2025-08-11T08:40:27.9320066+00:00" testType="13cdc9d9-ddb5-4fa4-a97d-d965ccfc6d4b" outcome="Passed" testListId="8c84fa94-04c1-424b-9868-57a2d4851a1d" relativeResultsDirectory="c197ee3f-f9bb-4d4a-9b51-0bedc0ab7909" />
    <UnitTestResult executionId="0b3be792-53ed-47cf-a7ef-3ad1631ba62b" testId="b4a2eecf-9a99-b799-a456-523f1eb6e158" testName="Constructor_WithValidPage_ShouldCreateFeatures" computerName="cursor" duration="00:00:00.0023620" startTime="2025-08-11T08:40:19.9704956+00:00" endTime="2025-08-11T08:40:19.9728570+00:00" testType="13cdc9d9-ddb5-4fa4-a97d-d965ccfc6d4b" outcome="Passed" testListId="8c84fa94-04c1-424b-9868-57a2d4851a1d" relativeResultsDirectory="0b3be792-53ed-47cf-a7ef-3ad1631ba62b" />
    <UnitTestResult executionId="5b1b867d-74be-4e6a-80fd-92e3ee7da3dd" testId="4037d24c-70f3-df4c-51c5-e323f0c729ef" testName="PlaywrightElementNotEnabledException_ShouldInheritFromPlaywrightException" computerName="cursor" duration="00:00:00.0001100" startTime="2025-08-11T08:40:27.6736726+00:00" endTime="2025-08-11T08:40:27.6737828+00:00" testType="13cdc9d9-ddb5-4fa4-a97d-d965ccfc6d4b" outcome="Passed" testListId="8c84fa94-04c1-424b-9868-57a2d4851a1d" relativeResultsDirectory="5b1b867d-74be-4e6a-80fd-92e3ee7da3dd" />
    <UnitTestResult executionId="b5a80463-458d-4429-b0a5-61a495fe15a8" testId="babf245e-61e1-cd79-5730-5304e9bd7511" testName="WaitForNetworkRequestAsync_WithNullUrlPattern_ShouldThrowArgumentException" computerName="cursor" duration="00:00:00.0014480" startTime="2025-08-11T08:40:20.0142598+00:00" endTime="2025-08-11T08:40:20.0157079+00:00" testType="13cdc9d9-ddb5-4fa4-a97d-d965ccfc6d4b" outcome="Passed" testListId="8c84fa94-04c1-424b-9868-57a2d4851a1d" relativeResultsDirectory="b5a80463-458d-4429-b0a5-61a495fe15a8" />
    <UnitTestResult executionId="b89abd07-eb2b-4173-bc48-e432e3747e3a" testId="7bcdd09f-6609-1f20-233b-7512e4e6f7c1" testName="Constructor_WithValidOptions_CreatesInstance" computerName="cursor" duration="00:00:00.0001150" startTime="2025-08-11T08:40:27.6841652+00:00" endTime="2025-08-11T08:40:27.6842801+00:00" testType="13cdc9d9-ddb5-4fa4-a97d-d965ccfc6d4b" outcome="Passed" testListId="8c84fa94-04c1-424b-9868-57a2d4851a1d" relativeResultsDirectory="b89abd07-eb2b-4173-bc48-e432e3747e3a" />
    <UnitTestResult executionId="bff53bc8-007b-4edc-b666-c4967f36108f" testId="e4684098-88e8-a927-a52a-bb65b5d5ba67" testName="Version_ReturnsExpectedVersion" computerName="cursor" duration="00:00:00.0000810" startTime="2025-08-11T08:40:27.9255380+00:00" endTime="2025-08-11T08:40:27.9256191+00:00" testType="13cdc9d9-ddb5-4fa4-a97d-d965ccfc6d4b" outcome="Passed" testListId="8c84fa94-04c1-424b-9868-57a2d4851a1d" relativeResultsDirectory="bff53bc8-007b-4edc-b666-c4967f36108f" />
    <UnitTestResult executionId="eb6a5524-e4a3-4fa7-a39a-cdafa8e3668e" testId="362c113e-5702-d90c-7ecb-13bbbfd61463" testName="EvaluateJavaScriptAsync_WithValidScript_ShouldReturnResult" computerName="cursor" duration="00:00:00.0019620" startTime="2025-08-11T08:40:19.9808435+00:00" endTime="2025-08-11T08:40:19.9828057+00:00" testType="13cdc9d9-ddb5-4fa4-a97d-d965ccfc6d4b" outcome="Passed" testListId="8c84fa94-04c1-424b-9868-57a2d4851a1d" relativeResultsDirectory="eb6a5524-e4a3-4fa7-a39a-cdafa8e3668e" />
    <UnitTestResult executionId="4d42d843-f9cb-447c-9358-b3691437a068" testId="11bf123b-4b49-9aad-cb04-3660819fe124" testName="SelectOption_WithEmptySelector_ShouldThrowArgumentException" computerName="cursor" duration="00:00:00.2360860" startTime="2025-08-11T08:40:25.1157920+00:00" endTime="2025-08-11T08:40:25.3518783+00:00" testType="13cdc9d9-ddb5-4fa4-a97d-d965ccfc6d4b" outcome="Passed" testListId="8c84fa94-04c1-424b-9868-57a2d4851a1d" relativeResultsDirectory="4d42d843-f9cb-447c-9358-b3691437a068" />
    <UnitTestResult executionId="54712f17-632f-4250-909a-5322ebecdac1" testId="89d34624-71ad-44f5-abfd-0f410f0823b2" testName="PlaywrightNavigationException_WithMessageAndUrl_ShouldSetProperties" computerName="cursor" duration="00:00:00.0001950" startTime="2025-08-11T08:40:27.6782094+00:00" endTime="2025-08-11T08:40:27.6784046+00:00" testType="13cdc9d9-ddb5-4fa4-a97d-d965ccfc6d4b" outcome="Passed" testListId="8c84fa94-04c1-424b-9868-57a2d4851a1d" relativeResultsDirectory="54712f17-632f-4250-909a-5322ebecdac1" />
    <UnitTestResult executionId="3e5cbbbe-1848-465b-8934-dedb750b16b8" testId="3498048a-05a3-5fab-e906-09acaee53433" testName="Constructor_WithNullPage_ShouldThrowArgumentNullException" computerName="cursor" duration="00:00:00.0004940" startTime="2025-08-11T08:40:19.9699920+00:00" endTime="2025-08-11T08:40:19.9704863+00:00" testType="13cdc9d9-ddb5-4fa4-a97d-d965ccfc6d4b" outcome="Passed" testListId="8c84fa94-04c1-424b-9868-57a2d4851a1d" relativeResultsDirectory="3e5cbbbe-1848-465b-8934-dedb750b16b8" />
    <UnitTestResult executionId="f5a4474f-4bb5-4c6d-a6cc-28233f0e06c2" testId="8213bc5b-42b0-75d7-a534-797053f7517b" testName="WaitForElementText_WithNullSelector_ShouldThrowArgumentException" computerName="cursor" duration="00:00:00.0007590" startTime="2025-08-11T08:40:27.9416505+00:00" endTime="2025-08-11T08:40:27.9424093+00:00" testType="13cdc9d9-ddb5-4fa4-a97d-d965ccfc6d4b" outcome="Passed" testListId="8c84fa94-04c1-424b-9868-57a2d4851a1d" relativeResultsDirectory="f5a4474f-4bb5-4c6d-a6cc-28233f0e06c2" />
    <UnitTestResult executionId="c625a244-cfcf-445f-a9f2-d03aa438b5d0" testId="93c9e350-5104-a6bd-9d83-106bac79dae7" testName="WaitForElementToBeHidden_WithEmptySelector_ShouldThrowArgumentException" computerName="cursor" duration="00:00:00.2549530" startTime="2025-08-11T08:40:26.6448672+00:00" endTime="2025-08-11T08:40:26.8998196+00:00" testType="13cdc9d9-ddb5-4fa4-a97d-d965ccfc6d4b" outcome="Passed" testListId="8c84fa94-04c1-424b-9868-57a2d4851a1d" relativeResultsDirectory="c625a244-cfcf-445f-a9f2-d03aa438b5d0" />
    <UnitTestResult executionId="110cbd42-6866-4578-a807-fd42188fa7b0" testId="d8f4bef2-a3b9-084c-3bb4-021b9fe3d72e" testName="InterceptNetworkRequests_WithEmptyUrlPattern_ShouldThrowArgumentException" computerName="cursor" duration="00:00:00.0014189" startTime="2025-08-11T08:40:19.9898022+00:00" endTime="2025-08-11T08:40:19.9912211+00:00" testType="13cdc9d9-ddb5-4fa4-a97d-d965ccfc6d4b" outcome="Passed" testListId="8c84fa94-04c1-424b-9868-57a2d4851a1d" relativeResultsDirectory="110cbd42-6866-4578-a807-fd42188fa7b0" />
    <UnitTestResult executionId="ca0cb0f7-7c86-483c-bf46-080f61a26624" testId="6e3418a6-0523-597c-afc0-6f63762ec308" testName="PlaywrightException_WithNullSelector_ShouldSetSelectorToNull" computerName="cursor" duration="00:00:00.0000900" startTime="2025-08-11T08:40:27.6777020+00:00" endTime="2025-08-11T08:40:27.6777915+00:00" testType="13cdc9d9-ddb5-4fa4-a97d-d965ccfc6d4b" outcome="Passed" testListId="8c84fa94-04c1-424b-9868-57a2d4851a1d" relativeResultsDirectory="ca0cb0f7-7c86-483c-bf46-080f61a26624" />
    <UnitTestResult executionId="2ef423ca-de2d-419d-a7be-9c4e2ecc2512" testId="bcd1ca03-417a-4076-e596-5bfcbb44e0e2" testName="EvaluateJavaScriptAsync_WithEmptyScript_ShouldThrowArgumentException" computerName="cursor" duration="00:00:00.0018390" startTime="2025-08-11T08:40:19.9774491+00:00" endTime="2025-08-11T08:40:19.9792880+00:00" testType="13cdc9d9-ddb5-4fa4-a97d-d965ccfc6d4b" outcome="Passed" testListId="8c84fa94-04c1-424b-9868-57a2d4851a1d" relativeResultsDirectory="2ef423ca-de2d-419d-a7be-9c4e2ecc2512" />
    <UnitTestResult executionId="3030880c-7168-452e-9937-8deafae8f4a2" testId="42fb382d-1c8c-a4e5-48a8-bcf25cccc671" testName="PlaywrightNavigationException_ShouldInheritFromPlaywrightException" computerName="cursor" duration="00:00:00.0004060" startTime="2025-08-11T08:40:27.6777945+00:00" endTime="2025-08-11T08:40:27.6782007+00:00" testType="13cdc9d9-ddb5-4fa4-a97d-d965ccfc6d4b" outcome="Passed" testListId="8c84fa94-04c1-424b-9868-57a2d4851a1d" relativeResultsDirectory="3030880c-7168-452e-9937-8deafae8f4a2" />
    <UnitTestResult executionId="2d074fe4-00b5-4108-8792-a83ea64efb00" testId="91fc287d-2917-073f-d019-a49cedb4c089" testName="PlaywrightElementNotFoundException_WithSelectorAndInnerException_ShouldSetProperties" computerName="cursor" duration="00:00:00.0001210" startTime="2025-08-11T08:40:27.6768998+00:00" endTime="2025-08-11T08:40:27.6770211+00:00" testType="13cdc9d9-ddb5-4fa4-a97d-d965ccfc6d4b" outcome="Passed" testListId="8c84fa94-04c1-424b-9868-57a2d4851a1d" relativeResultsDirectory="2d074fe4-00b5-4108-8792-a83ea64efb00" />
    <UnitTestResult executionId="12d7bfbe-631b-4300-a6d3-5403a4dcfdc5" testId="cdf95cc8-e652-0533-8bc6-85dc81d809bd" testName="PlaywrightElementNotVisibleException_WithSelectorAndInnerException_ShouldSetProperties" computerName="cursor" duration="00:00:00.0001380" startTime="2025-08-11T08:40:27.6772403+00:00" endTime="2025-08-11T08:40:27.6773781+00:00" testType="13cdc9d9-ddb5-4fa4-a97d-d965ccfc6d4b" outcome="Passed" testListId="8c84fa94-04c1-424b-9868-57a2d4851a1d" relativeResultsDirectory="12d7bfbe-631b-4300-a6d3-5403a4dcfdc5" />
    <UnitTestResult executionId="a3d3cd8e-dee6-47e8-9f69-4a99040d0e8f" testId="ae12414c-2a3b-8fba-bfbc-5cc41bbf8493" testName="WaitForElement_WithTextPresentStrategy_ShouldNotThrowException" computerName="cursor" duration="00:00:00.0006179" startTime="2025-08-11T08:40:27.9367201+00:00" endTime="2025-08-11T08:40:27.9373381+00:00" testType="13cdc9d9-ddb5-4fa4-a97d-d965ccfc6d4b" outcome="Passed" testListId="8c84fa94-04c1-424b-9868-57a2d4851a1d" relativeResultsDirectory="a3d3cd8e-dee6-47e8-9f69-4a99040d0e8f" />
    <UnitTestResult executionId="3eef7d7c-124d-49e0-831b-f90fdd4c2125" testId="81987c09-bfbe-10db-7f52-1c7de4cb6a0e" testName="EmulateMobileDeviceAsync_WithNullDeviceName_ShouldThrowArgumentException" computerName="cursor" duration="00:00:00.0014300" startTime="2025-08-11T08:40:19.9746807+00:00" endTime="2025-08-11T08:40:19.9761107+00:00" testType="13cdc9d9-ddb5-4fa4-a97d-d965ccfc6d4b" outcome="Passed" testListId="8c84fa94-04c1-424b-9868-57a2d4851a1d" relativeResultsDirectory="3eef7d7c-124d-49e0-831b-f90fdd4c2125" />
    <UnitTestResult executionId="2734f214-d2f2-4ffc-b2a2-fc8b5fd1bbb0" testId="c664cdab-350c-1fb1-39db-9c396900386f" testName="Type_WithEmptySelector_ShouldThrowArgumentException" computerName="cursor" duration="00:00:00.2468620" startTime="2025-08-11T08:40:25.5856472+00:00" endTime="2025-08-11T08:40:25.8325091+00:00" testType="13cdc9d9-ddb5-4fa4-a97d-d965ccfc6d4b" outcome="Passed" testListId="8c84fa94-04c1-424b-9868-57a2d4851a1d" relativeResultsDirectory="2734f214-d2f2-4ffc-b2a2-fc8b5fd1bbb0" />
    <UnitTestResult executionId="2c1276a1-9415-4aba-9134-54ba3d9d0cec" testId="3c8cad92-46ed-0873-a4a3-5d20f77cde53" testName="WaitForElement_WithDisabledStrategy_ShouldNotThrowException" computerName="cursor" duration="00:00:00.0008490" startTime="2025-08-11T08:40:27.9320232+00:00" endTime="2025-08-11T08:40:27.9328721+00:00" testType="13cdc9d9-ddb5-4fa4-a97d-d965ccfc6d4b" outcome="Passed" testListId="8c84fa94-04c1-424b-9868-57a2d4851a1d" relativeResultsDirectory="2c1276a1-9415-4aba-9134-54ba3d9d0cec" />
    <UnitTestResult executionId="0f790c44-ef09-4fd2-92d3-d725e2869b4f" testId="77b8f1d6-b8c9-e577-da61-e76abc5e190a" testName="GetFrameworkDriver_WithIPageType_ShouldReturnPage" computerName="cursor" duration="00:00:00.2474660" startTime="2025-08-11T08:40:22.6314802+00:00" endTime="2025-08-11T08:40:22.8789455+00:00" testType="13cdc9d9-ddb5-4fa4-a97d-d965ccfc6d4b" outcome="Passed" testListId="8c84fa94-04c1-424b-9868-57a2d4851a1d" relativeResultsDirectory="0f790c44-ef09-4fd2-92d3-d725e2869b4f" />
  </Results>
  <TestDefinitions>
    <UnitTest name="WaitForElement_WithEmptySelector_ShouldThrowArgumentException" storage="/workspace/tests/fluentuiscaffold.playwright.tests/bin/debug/net6.0/fluentuiscaffold.playwright.tests.dll" id="d004b151-1a2b-5307-b77d-2f9884eee910">
      <Execution id="02febe2b-cbd0-44f9-9f39-75a731e7858b" />
      <TestMethod codeBase="/workspace/tests/FluentUIScaffold.Playwright.Tests/bin/Debug/net6.0/FluentUIScaffold.Playwright.Tests.dll" adapterTypeName="executor://nunit3testexecutor/" className="FluentUIScaffold.Playwright.Tests.PlaywrightWaitStrategyTests" name="WaitForElement_WithEmptySelector_ShouldThrowArgumentException" />
    </UnitTest>
    <UnitTest name="WaitForElement_WithSmartStrategy_ShouldNotThrowException" storage="/workspace/tests/fluentuiscaffold.playwright.tests/bin/debug/net6.0/fluentuiscaffold.playwright.tests.dll" id="98ab0928-473a-f0b2-1c0f-979f2f5dd59d">
      <Execution id="d5ea3095-1398-4119-b851-fe8156dc5186" />
      <TestMethod codeBase="/workspace/tests/FluentUIScaffold.Playwright.Tests/bin/Debug/net6.0/FluentUIScaffold.Playwright.Tests.dll" adapterTypeName="executor://nunit3testexecutor/" className="FluentUIScaffold.Playwright.Tests.PlaywrightWaitStrategyTests" name="WaitForElement_WithSmartStrategy_ShouldNotThrowException" />
    </UnitTest>
    <UnitTest name="WaitForElement_WithNullSelector_ShouldThrowArgumentException" storage="/workspace/tests/fluentuiscaffold.playwright.tests/bin/debug/net6.0/fluentuiscaffold.playwright.tests.dll" id="ab7fb356-7440-899e-cd01-0e36beaea533">
      <Execution id="c365a163-f022-4f30-9efc-ea8e7bb5a9a4" />
      <TestMethod codeBase="/workspace/tests/FluentUIScaffold.Playwright.Tests/bin/Debug/net6.0/FluentUIScaffold.Playwright.Tests.dll" adapterTypeName="executor://nunit3testexecutor/" className="FluentUIScaffold.Playwright.Tests.PlaywrightWaitStrategyTests" name="WaitForElement_WithNullSelector_ShouldThrowArgumentException" />
    </UnitTest>
    <UnitTest name="PlaywrightElementNotFoundException_WithSelector_ShouldSetMessageAndSelector" storage="/workspace/tests/fluentuiscaffold.playwright.tests/bin/debug/net6.0/fluentuiscaffold.playwright.tests.dll" id="236ebad8-d8a1-9190-7cc9-fc41c258d7ec">
      <Execution id="b80be2ff-a7bb-474d-a5b9-f5efa6f1f5ec" />
      <TestMethod codeBase="/workspace/tests/FluentUIScaffold.Playwright.Tests/bin/Debug/net6.0/FluentUIScaffold.Playwright.Tests.dll" adapterTypeName="executor://nunit3testexecutor/" className="FluentUIScaffold.Playwright.Tests.PlaywrightExceptionsTests" name="PlaywrightElementNotFoundException_WithSelector_ShouldSetMessageAndSelector" />
    </UnitTest>
    <UnitTest name="WaitForElement_WithEmptySelector_ShouldThrowArgumentException" storage="/workspace/tests/fluentuiscaffold.playwright.tests/bin/debug/net6.0/fluentuiscaffold.playwright.tests.dll" id="95496f37-19bd-a3f6-2a2c-3d627f1301ea">
      <Execution id="8f92a707-458b-427c-9ee4-336cf4841484" />
      <TestMethod codeBase="/workspace/tests/FluentUIScaffold.Playwright.Tests/bin/Debug/net6.0/FluentUIScaffold.Playwright.Tests.dll" adapterTypeName="executor://nunit3testexecutor/" className="FluentUIScaffold.Playwright.Tests.PlaywrightDriverTests" name="WaitForElement_WithEmptySelector_ShouldThrowArgumentException" />
    </UnitTest>
    <UnitTest name="WaitForElement_WithUnsupportedStrategy_ShouldThrowArgumentException" storage="/workspace/tests/fluentuiscaffold.playwright.tests/bin/debug/net6.0/fluentuiscaffold.playwright.tests.dll" id="8e4e42a9-cbeb-2ffe-badb-66dcdda7de9a">
      <Execution id="66eef49c-5598-4048-be83-47ac08a6ea1b" />
      <TestMethod codeBase="/workspace/tests/FluentUIScaffold.Playwright.Tests/bin/Debug/net6.0/FluentUIScaffold.Playwright.Tests.dll" adapterTypeName="executor://nunit3testexecutor/" className="FluentUIScaffold.Playwright.Tests.PlaywrightWaitStrategyTests" name="WaitForElement_WithUnsupportedStrategy_ShouldThrowArgumentException" />
    </UnitTest>
    <UnitTest name="PlaywrightException_WithNullSelector_ShouldSetSelectorToNull" storage="/workspace/tests/fluentuiscaffold.playwright.tests/bin/debug/net6.0/fluentuiscaffold.playwright.tests.dll" id="6e3418a6-0523-597c-afc0-6f63762ec308">
      <Execution id="ca0cb0f7-7c86-483c-bf46-080f61a26624" />
      <TestMethod codeBase="/workspace/tests/FluentUIScaffold.Playwright.Tests/bin/Debug/net6.0/FluentUIScaffold.Playwright.Tests.dll" adapterTypeName="executor://nunit3testexecutor/" className="FluentUIScaffold.Playwright.Tests.PlaywrightExceptionsTests" name="PlaywrightException_WithNullSelector_ShouldSetSelectorToNull" />
    </UnitTest>
    <UnitTest name="EvaluateJavaScriptAsync_WithEmptyScript_ShouldThrowArgumentException" storage="/workspace/tests/fluentuiscaffold.playwright.tests/bin/debug/net6.0/fluentuiscaffold.playwright.tests.dll" id="bcd1ca03-417a-4076-e596-5bfcbb44e0e2">
      <Execution id="2ef423ca-de2d-419d-a7be-9c4e2ecc2512" />
      <TestMethod codeBase="/workspace/tests/FluentUIScaffold.Playwright.Tests/bin/Debug/net6.0/FluentUIScaffold.Playwright.Tests.dll" adapterTypeName="executor://nunit3testexecutor/" className="FluentUIScaffold.Playwright.Tests.PlaywrightAdvancedFeaturesTests" name="EvaluateJavaScriptAsync_WithEmptyScript_ShouldThrowArgumentException" />
    </UnitTest>
    <UnitTest name="IsVisible_WithNullSelector_ShouldThrowArgumentException" storage="/workspace/tests/fluentuiscaffold.playwright.tests/bin/debug/net6.0/fluentuiscaffold.playwright.tests.dll" id="a5d32aa4-c3a6-e1da-183c-f4e414cd9910">
      <Execution id="558bc3fa-6fc0-4a91-8b48-4365312d0687" />
      <TestMethod codeBase="/workspace/tests/FluentUIScaffold.Playwright.Tests/bin/Debug/net6.0/FluentUIScaffold.Playwright.Tests.dll" adapterTypeName="executor://nunit3testexecutor/" className="FluentUIScaffold.Playwright.Tests.PlaywrightDriverTests" name="IsVisible_WithNullSelector_ShouldThrowArgumentException" />
    </UnitTest>
    <UnitTest name="PlaywrightNavigationException_WithNullUrl_ShouldSetUrlToNull" storage="/workspace/tests/fluentuiscaffold.playwright.tests/bin/debug/net6.0/fluentuiscaffold.playwright.tests.dll" id="ef42b422-8ac9-4685-b465-5741dfd4e276">
      <Execution id="b70ab993-56e4-4ebe-a7f4-48bbe547411e" />
      <TestMethod codeBase="/workspace/tests/FluentUIScaffold.Playwright.Tests/bin/Debug/net6.0/FluentUIScaffold.Playwright.Tests.dll" adapterTypeName="executor://nunit3testexecutor/" className="FluentUIScaffold.Playwright.Tests.PlaywrightExceptionsTests" name="PlaywrightNavigationException_WithNullUrl_ShouldSetUrlToNull" />
    </UnitTest>
    <UnitTest name="PlaywrightNavigationException_WithMessageAndUrl_ShouldSetProperties" storage="/workspace/tests/fluentuiscaffold.playwright.tests/bin/debug/net6.0/fluentuiscaffold.playwright.tests.dll" id="89d34624-71ad-44f5-abfd-0f410f0823b2">
      <Execution id="54712f17-632f-4250-909a-5322ebecdac1" />
      <TestMethod codeBase="/workspace/tests/FluentUIScaffold.Playwright.Tests/bin/Debug/net6.0/FluentUIScaffold.Playwright.Tests.dll" adapterTypeName="executor://nunit3testexecutor/" className="FluentUIScaffold.Playwright.Tests.PlaywrightExceptionsTests" name="PlaywrightNavigationException_WithMessageAndUrl_ShouldSetProperties" />
    </UnitTest>
    <UnitTest name="GetFrameworkDriver_WithUnsupportedType_ShouldThrowInvalidOperationException" storage="/workspace/tests/fluentuiscaffold.playwright.tests/bin/debug/net6.0/fluentuiscaffold.playwright.tests.dll" id="6a43d979-e903-e862-7ae2-248d09dea56d">
      <Execution id="e3d0f54e-6de1-47e0-99b6-5a7bca5f2b3f" />
      <TestMethod codeBase="/workspace/tests/FluentUIScaffold.Playwright.Tests/bin/Debug/net6.0/FluentUIScaffold.Playwright.Tests.dll" adapterTypeName="executor://nunit3testexecutor/" className="FluentUIScaffold.Playwright.Tests.PlaywrightDriverTests" name="GetFrameworkDriver_WithUnsupportedType_ShouldThrowInvalidOperationException" />
    </UnitTest>
    <UnitTest name="StartVideoRecordingAsync_WithEmptyPath_ShouldThrowArgumentException" storage="/workspace/tests/fluentuiscaffold.playwright.tests/bin/debug/net6.0/fluentuiscaffold.playwright.tests.dll" id="ce7ef0ae-30d6-cbcc-bdb4-d03420e984dd">
      <Execution id="dc2108d4-6cdb-46e4-929b-a0cd33e5c9dc" />
      <TestMethod codeBase="/workspace/tests/FluentUIScaffold.Playwright.Tests/bin/Debug/net6.0/FluentUIScaffold.Playwright.Tests.dll" adapterTypeName="executor://nunit3testexecutor/" className="FluentUIScaffold.Playwright.Tests.PlaywrightAdvancedFeaturesTests" name="StartVideoRecordingAsync_WithEmptyPath_ShouldThrowArgumentException" />
    </UnitTest>
    <UnitTest name="InterceptNetworkRequests_WithNullHandler_ShouldThrowArgumentNullException" storage="/workspace/tests/fluentuiscaffold.playwright.tests/bin/debug/net6.0/fluentuiscaffold.playwright.tests.dll" id="f18c7ad7-eb0f-06f7-7be6-b1c9e4fa00a2">
      <Execution id="6bbe9623-1294-4669-90a9-ff4df7cd51ed" />
      <TestMethod codeBase="/workspace/tests/FluentUIScaffold.Playwright.Tests/bin/Debug/net6.0/FluentUIScaffold.Playwright.Tests.dll" adapterTypeName="executor://nunit3testexecutor/" className="FluentUIScaffold.Playwright.Tests.PlaywrightAdvancedFeaturesTests" name="InterceptNetworkRequests_WithNullHandler_ShouldThrowArgumentNullException" />
    </UnitTest>
    <UnitTest name="GeneratePdfAsync_WithValidParameters_ShouldReturnByteArray" storage="/workspace/tests/fluentuiscaffold.playwright.tests/bin/debug/net6.0/fluentuiscaffold.playwright.tests.dll" id="45856250-19cb-ef6e-6149-9cc71288bcb7">
      <Execution id="0515a8ff-91aa-47b4-9c37-4c400b70ea34" />
      <TestMethod codeBase="/workspace/tests/FluentUIScaffold.Playwright.Tests/bin/Debug/net6.0/FluentUIScaffold.Playwright.Tests.dll" adapterTypeName="executor://nunit3testexecutor/" className="FluentUIScaffold.Playwright.Tests.PlaywrightAdvancedFeaturesTests" name="GeneratePdfAsync_WithValidParameters_ShouldReturnByteArray" />
    </UnitTest>
    <UnitTest name="WaitForNetworkRequestInitiatedAsync_WithNullUrlPattern_ShouldThrowArgumentException" storage="/workspace/tests/fluentuiscaffold.playwright.tests/bin/debug/net6.0/fluentuiscaffold.playwright.tests.dll" id="e5737d36-51a6-dc2d-8804-78bd59fa91a2">
      <Execution id="a76f305d-ed43-4429-aac3-45ad375562c4" />
      <TestMethod codeBase="/workspace/tests/FluentUIScaffold.Playwright.Tests/bin/Debug/net6.0/FluentUIScaffold.Playwright.Tests.dll" adapterTypeName="executor://nunit3testexecutor/" className="FluentUIScaffold.Playwright.Tests.PlaywrightAdvancedFeaturesTests" name="WaitForNetworkRequestInitiatedAsync_WithNullUrlPattern_ShouldThrowArgumentException" />
    </UnitTest>
    <UnitTest name="EvaluateJavaScriptAsync_WithNullScript_ShouldThrowArgumentException" storage="/workspace/tests/fluentuiscaffold.playwright.tests/bin/debug/net6.0/fluentuiscaffold.playwright.tests.dll" id="4c697dac-7fda-ed9a-8482-a66b241202c5">
      <Execution id="d9a2c61a-fced-46e0-8664-f74b5e7cbece" />
      <TestMethod codeBase="/workspace/tests/FluentUIScaffold.Playwright.Tests/bin/Debug/net6.0/FluentUIScaffold.Playwright.Tests.dll" adapterTypeName="executor://nunit3testexecutor/" className="FluentUIScaffold.Playwright.Tests.PlaywrightAdvancedFeaturesTests" name="EvaluateJavaScriptAsync_WithNullScript_ShouldThrowArgumentException" />
    </UnitTest>
    <UnitTest name="StopVideoRecordingAsync_ShouldNotThrowException" storage="/workspace/tests/fluentuiscaffold.playwright.tests/bin/debug/net6.0/fluentuiscaffold.playwright.tests.dll" id="9c4667d8-9f8a-fe5b-50bf-47a735c0cdb4">
      <Execution id="c79cfd9c-d100-4098-9138-cd570b03f589" />
      <TestMethod codeBase="/workspace/tests/FluentUIScaffold.Playwright.Tests/bin/Debug/net6.0/FluentUIScaffold.Playwright.Tests.dll" adapterTypeName="executor://nunit3testexecutor/" className="FluentUIScaffold.Playwright.Tests.PlaywrightAdvancedFeaturesTests" name="StopVideoRecordingAsync_ShouldNotThrowException" />
    </UnitTest>
    <UnitTest name="AddInitScriptAsync_WithEmptyScript_ShouldThrowArgumentException" storage="/workspace/tests/fluentuiscaffold.playwright.tests/bin/debug/net6.0/fluentuiscaffold.playwright.tests.dll" id="2b967a35-4f93-7672-b237-6aff698f6ce5">
      <Execution id="bb83df65-9318-4ed3-86f4-576a8d3bf095" />
      <TestMethod codeBase="/workspace/tests/FluentUIScaffold.Playwright.Tests/bin/Debug/net6.0/FluentUIScaffold.Playwright.Tests.dll" adapterTypeName="executor://nunit3testexecutor/" className="FluentUIScaffold.Playwright.Tests.PlaywrightAdvancedFeaturesTests" name="AddInitScriptAsync_WithEmptyScript_ShouldThrowArgumentException" />
    </UnitTest>
    <UnitTest name="EmulateMobileDeviceAsync_WithNullDeviceName_ShouldThrowArgumentException" storage="/workspace/tests/fluentuiscaffold.playwright.tests/bin/debug/net6.0/fluentuiscaffold.playwright.tests.dll" id="81987c09-bfbe-10db-7f52-1c7de4cb6a0e">
      <Execution id="3eef7d7c-124d-49e0-831b-f90fdd4c2125" />
      <TestMethod codeBase="/workspace/tests/FluentUIScaffold.Playwright.Tests/bin/Debug/net6.0/FluentUIScaffold.Playwright.Tests.dll" adapterTypeName="executor://nunit3testexecutor/" className="FluentUIScaffold.Playwright.Tests.PlaywrightAdvancedFeaturesTests" name="EmulateMobileDeviceAsync_WithNullDeviceName_ShouldThrowArgumentException" />
    </UnitTest>
    <UnitTest name="WaitForElement_WithTextPresentStrategy_ShouldNotThrowException" storage="/workspace/tests/fluentuiscaffold.playwright.tests/bin/debug/net6.0/fluentuiscaffold.playwright.tests.dll" id="ae12414c-2a3b-8fba-bfbc-5cc41bbf8493">
      <Execution id="a3d3cd8e-dee6-47e8-9f69-4a99040d0e8f" />
      <TestMethod codeBase="/workspace/tests/FluentUIScaffold.Playwright.Tests/bin/Debug/net6.0/FluentUIScaffold.Playwright.Tests.dll" adapterTypeName="executor://nunit3testexecutor/" className="FluentUIScaffold.Playwright.Tests.PlaywrightWaitStrategyTests" name="WaitForElement_WithTextPresentStrategy_ShouldNotThrowException" />
    </UnitTest>
    <UnitTest name="Click_WithNullSelector_ShouldThrowArgumentException" storage="/workspace/tests/fluentuiscaffold.playwright.tests/bin/debug/net6.0/fluentuiscaffold.playwright.tests.dll" id="c4dce798-f1a3-ea12-2f13-63b553ffaea1">
      <Execution id="1e7f5fee-4c66-40da-b912-165517951ada" />
      <TestMethod codeBase="/workspace/tests/FluentUIScaffold.Playwright.Tests/bin/Debug/net6.0/FluentUIScaffold.Playwright.Tests.dll" adapterTypeName="executor://nunit3testexecutor/" className="FluentUIScaffold.Playwright.Tests.PlaywrightDriverTests" name="Click_WithNullSelector_ShouldThrowArgumentException" />
    </UnitTest>
    <UnitTest name="SetGeolocationAsync_WithValidCoordinates_ShouldNotThrowException" storage="/workspace/tests/fluentuiscaffold.playwright.tests/bin/debug/net6.0/fluentuiscaffold.playwright.tests.dll" id="08024d7f-f5d4-70e2-2d00-1732d845efa4">
      <Execution id="e71413c8-4642-43c3-8bff-9b66c79f4ab1" />
      <TestMethod codeBase="/workspace/tests/FluentUIScaffold.Playwright.Tests/bin/Debug/net6.0/FluentUIScaffold.Playwright.Tests.dll" adapterTypeName="executor://nunit3testexecutor/" className="FluentUIScaffold.Playwright.Tests.PlaywrightAdvancedFeaturesTests" name="SetGeolocationAsync_WithValidCoordinates_ShouldNotThrowException" />
    </UnitTest>
    <UnitTest name="CreateDriver_WithNullOptions_ThrowsException" storage="/workspace/tests/fluentuiscaffold.playwright.tests/bin/debug/net6.0/fluentuiscaffold.playwright.tests.dll" id="f9eaa350-3407-dfbf-81e7-a2dcc8ed9569">
      <Execution id="39a0778c-f32a-4e6f-b963-2fe590b6d0f4" />
      <TestMethod codeBase="/workspace/tests/FluentUIScaffold.Playwright.Tests/bin/Debug/net6.0/FluentUIScaffold.Playwright.Tests.dll" adapterTypeName="executor://nunit3testexecutor/" className="FluentUIScaffold.Playwright.Tests.PlaywrightPluginTests" name="CreateDriver_WithNullOptions_ThrowsException" />
    </UnitTest>
    <UnitTest name="CanHandle_WithPlaywrightDriverType_ReturnsTrue" storage="/workspace/tests/fluentuiscaffold.playwright.tests/bin/debug/net6.0/fluentuiscaffold.playwright.tests.dll" id="c5ace3fd-819e-bba6-cdba-2401aa2b6b10">
      <Execution id="63ab0024-8537-4761-b42e-2bba3ac4b14e" />
      <TestMethod codeBase="/workspace/tests/FluentUIScaffold.Playwright.Tests/bin/Debug/net6.0/FluentUIScaffold.Playwright.Tests.dll" adapterTypeName="executor://nunit3testexecutor/" className="FluentUIScaffold.Playwright.Tests.PlaywrightPluginTests" name="CanHandle_WithPlaywrightDriverType_ReturnsTrue" />
    </UnitTest>
    <UnitTest name="WaitForElement_WithClickableStrategy_ShouldNotThrowException" storage="/workspace/tests/fluentuiscaffold.playwright.tests/bin/debug/net6.0/fluentuiscaffold.playwright.tests.dll" id="93632efa-74f1-63ac-ce85-01344d72df82">
      <Execution id="c197ee3f-f9bb-4d4a-9b51-0bedc0ab7909" />
      <TestMethod codeBase="/workspace/tests/FluentUIScaffold.Playwright.Tests/bin/Debug/net6.0/FluentUIScaffold.Playwright.Tests.dll" adapterTypeName="executor://nunit3testexecutor/" className="FluentUIScaffold.Playwright.Tests.PlaywrightWaitStrategyTests" name="WaitForElement_WithClickableStrategy_ShouldNotThrowException" />
    </UnitTest>
    <UnitTest name="Type_WithNullSelector_ShouldThrowArgumentException" storage="/workspace/tests/fluentuiscaffold.playwright.tests/bin/debug/net6.0/fluentuiscaffold.playwright.tests.dll" id="815098b5-efab-3788-b82b-7c2f40ad7411">
      <Execution id="9182cc77-d302-493e-b5cc-98fe26e5cf3f" />
      <TestMethod codeBase="/workspace/tests/FluentUIScaffold.Playwright.Tests/bin/Debug/net6.0/FluentUIScaffold.Playwright.Tests.dll" adapterTypeName="executor://nunit3testexecutor/" className="FluentUIScaffold.Playwright.Tests.PlaywrightDriverTests" name="Type_WithNullSelector_ShouldThrowArgumentException" />
    </UnitTest>
    <UnitTest name="WaitForElement_WithEnabledStrategy_ShouldNotThrowException" storage="/workspace/tests/fluentuiscaffold.playwright.tests/bin/debug/net6.0/fluentuiscaffold.playwright.tests.dll" id="eae310e3-db41-6fc8-d145-0be80a4f2556">
      <Execution id="0c25abd4-8717-4505-9792-2050c06492d6" />
      <TestMethod codeBase="/workspace/tests/FluentUIScaffold.Playwright.Tests/bin/Debug/net6.0/FluentUIScaffold.Playwright.Tests.dll" adapterTypeName="executor://nunit3testexecutor/" className="FluentUIScaffold.Playwright.Tests.PlaywrightWaitStrategyTests" name="WaitForElement_WithEnabledStrategy_ShouldNotThrowException" />
    </UnitTest>
    <UnitTest name="GetFrameworkDriver_WithIBrowserContextType_ShouldReturnContext" storage="/workspace/tests/fluentuiscaffold.playwright.tests/bin/debug/net6.0/fluentuiscaffold.playwright.tests.dll" id="34add508-2a70-84a8-717f-061411066a1d">
      <Execution id="eac9d7b3-8834-4d14-93e2-2804bb84ed96" />
      <TestMethod codeBase="/workspace/tests/FluentUIScaffold.Playwright.Tests/bin/Debug/net6.0/FluentUIScaffold.Playwright.Tests.dll" adapterTypeName="executor://nunit3testexecutor/" className="FluentUIScaffold.Playwright.Tests.PlaywrightDriverTests" name="GetFrameworkDriver_WithIBrowserContextType_ShouldReturnContext" />
    </UnitTest>
    <UnitTest name="AddInitScriptAsync_WithNullScript_ShouldThrowArgumentException" storage="/workspace/tests/fluentuiscaffold.playwright.tests/bin/debug/net6.0/fluentuiscaffold.playwright.tests.dll" id="e44936e1-43c5-f732-a194-48ac2203688b">
      <Execution id="3bbd2dcd-aba5-4565-8168-ce8ed15d75fb" />
      <TestMethod codeBase="/workspace/tests/FluentUIScaffold.Playwright.Tests/bin/Debug/net6.0/FluentUIScaffold.Playwright.Tests.dll" adapterTypeName="executor://nunit3testexecutor/" className="FluentUIScaffold.Playwright.Tests.PlaywrightAdvancedFeaturesTests" name="AddInitScriptAsync_WithNullScript_ShouldThrowArgumentException" />
    </UnitTest>
    <UnitTest name="WaitForNetworkRequestAsync_WithNullUrlPattern_ShouldThrowArgumentException" storage="/workspace/tests/fluentuiscaffold.playwright.tests/bin/debug/net6.0/fluentuiscaffold.playwright.tests.dll" id="babf245e-61e1-cd79-5730-5304e9bd7511">
      <Execution id="b5a80463-458d-4429-b0a5-61a495fe15a8" />
      <TestMethod codeBase="/workspace/tests/FluentUIScaffold.Playwright.Tests/bin/Debug/net6.0/FluentUIScaffold.Playwright.Tests.dll" adapterTypeName="executor://nunit3testexecutor/" className="FluentUIScaffold.Playwright.Tests.PlaywrightAdvancedFeaturesTests" name="WaitForNetworkRequestAsync_WithNullUrlPattern_ShouldThrowArgumentException" />
    </UnitTest>
    <UnitTest name="PlaywrightException_WithMessageAndSelector_ShouldSetProperties" storage="/workspace/tests/fluentuiscaffold.playwright.tests/bin/debug/net6.0/fluentuiscaffold.playwright.tests.dll" id="5d8f4898-8bd2-03b0-b2a9-5666b648c3a8">
      <Execution id="b096aefb-9a20-4145-b7eb-90fcb275cbc4" />
      <TestMethod codeBase="/workspace/tests/FluentUIScaffold.Playwright.Tests/bin/Debug/net6.0/FluentUIScaffold.Playwright.Tests.dll" adapterTypeName="executor://nunit3testexecutor/" className="FluentUIScaffold.Playwright.Tests.PlaywrightExceptionsTests" name="PlaywrightException_WithMessageAndSelector_ShouldSetProperties" />
    </UnitTest>
    <UnitTest name="WaitForElementAttribute_WithNullSelector_ShouldThrowArgumentException" storage="/workspace/tests/fluentuiscaffold.playwright.tests/bin/debug/net6.0/fluentuiscaffold.playwright.tests.dll" id="6e8c0812-e23c-e7a6-cbe8-62f734dab9f7">
      <Execution id="6186571b-616c-4408-8c19-ded5c543fc4f" />
      <TestMethod codeBase="/workspace/tests/FluentUIScaffold.Playwright.Tests/bin/Debug/net6.0/FluentUIScaffold.Playwright.Tests.dll" adapterTypeName="executor://nunit3testexecutor/" className="FluentUIScaffold.Playwright.Tests.PlaywrightWaitStrategyTests" name="WaitForElementAttribute_WithNullSelector_ShouldThrowArgumentException" />
    </UnitTest>
    <UnitTest name="CurrentUrl_ReturnsExpectedUrl" storage="/workspace/tests/fluentuiscaffold.playwright.tests/bin/debug/net6.0/fluentuiscaffold.playwright.tests.dll" id="7129b340-9055-6f76-82b2-850b838de151">
      <Execution id="82926e42-dc2b-428b-8989-b6e61ad40197" />
      <TestMethod codeBase="/workspace/tests/FluentUIScaffold.Playwright.Tests/bin/Debug/net6.0/FluentUIScaffold.Playwright.Tests.dll" adapterTypeName="executor://nunit3testexecutor/" className="FluentUIScaffold.Playwright.Tests.PlaywrightDriverTests" name="CurrentUrl_ReturnsExpectedUrl" />
    </UnitTest>
    <UnitTest name="Name_ReturnsPlaywright" storage="/workspace/tests/fluentuiscaffold.playwright.tests/bin/debug/net6.0/fluentuiscaffold.playwright.tests.dll" id="d35e5fdf-75d0-2f95-568c-44152552faab">
      <Execution id="98a2f1eb-6a05-47cc-bb68-055f864ad647" />
      <TestMethod codeBase="/workspace/tests/FluentUIScaffold.Playwright.Tests/bin/Debug/net6.0/FluentUIScaffold.Playwright.Tests.dll" adapterTypeName="executor://nunit3testexecutor/" className="FluentUIScaffold.Playwright.Tests.PlaywrightPluginTests" name="Name_ReturnsPlaywright" />
    </UnitTest>
    <UnitTest name="StartVideoRecordingAsync_WithValidPath_ShouldNotThrowException" storage="/workspace/tests/fluentuiscaffold.playwright.tests/bin/debug/net6.0/fluentuiscaffold.playwright.tests.dll" id="39a497ce-1c9b-21eb-4e39-bf1601ef01af">
      <Execution id="9b56beb5-7725-41e5-af67-738dfee818ee" />
      <TestMethod codeBase="/workspace/tests/FluentUIScaffold.Playwright.Tests/bin/Debug/net6.0/FluentUIScaffold.Playwright.Tests.dll" adapterTypeName="executor://nunit3testexecutor/" className="FluentUIScaffold.Playwright.Tests.PlaywrightAdvancedFeaturesTests" name="StartVideoRecordingAsync_WithValidPath_ShouldNotThrowException" />
    </UnitTest>
    <UnitTest name="GetFrameworkDriver_WithIBrowserType_ShouldReturnBrowser" storage="/workspace/tests/fluentuiscaffold.playwright.tests/bin/debug/net6.0/fluentuiscaffold.playwright.tests.dll" id="8bfbe005-5221-22b1-278d-cb9bd37053a6">
      <Execution id="0da66700-d06e-495e-baed-3f0fa0dc9f30" />
      <TestMethod codeBase="/workspace/tests/FluentUIScaffold.Playwright.Tests/bin/Debug/net6.0/FluentUIScaffold.Playwright.Tests.dll" adapterTypeName="executor://nunit3testexecutor/" className="FluentUIScaffold.Playwright.Tests.PlaywrightDriverTests" name="GetFrameworkDriver_WithIBrowserType_ShouldReturnBrowser" />
    </UnitTest>
    <UnitTest name="Version_ReturnsExpectedVersion" storage="/workspace/tests/fluentuiscaffold.playwright.tests/bin/debug/net6.0/fluentuiscaffold.playwright.tests.dll" id="e4684098-88e8-a927-a52a-bb65b5d5ba67">
      <Execution id="bff53bc8-007b-4edc-b666-c4967f36108f" />
      <TestMethod codeBase="/workspace/tests/FluentUIScaffold.Playwright.Tests/bin/Debug/net6.0/FluentUIScaffold.Playwright.Tests.dll" adapterTypeName="executor://nunit3testexecutor/" className="FluentUIScaffold.Playwright.Tests.PlaywrightPluginTests" name="Version_ReturnsExpectedVersion" />
    </UnitTest>
    <UnitTest name="PlaywrightNavigationException_WithMessageUrlAndInnerException_ShouldSetProperties" storage="/workspace/tests/fluentuiscaffold.playwright.tests/bin/debug/net6.0/fluentuiscaffold.playwright.tests.dll" id="b658b339-aeef-29fb-d21b-40e08f77927d">
      <Execution id="29d3b27e-5cc0-4c74-bcfc-2886778e30fa" />
      <TestMethod codeBase="/workspace/tests/FluentUIScaffold.Playwright.Tests/bin/Debug/net6.0/FluentUIScaffold.Playwright.Tests.dll" adapterTypeName="executor://nunit3testexecutor/" className="FluentUIScaffold.Playwright.Tests.PlaywrightExceptionsTests" name="PlaywrightNavigationException_WithMessageUrlAndInnerException_ShouldSetProperties" />
    </UnitTest>
    <UnitTest name="WaitForElementAttribute_WithEmptySelector_ShouldThrowArgumentException" storage="/workspace/tests/fluentuiscaffold.playwright.tests/bin/debug/net6.0/fluentuiscaffold.playwright.tests.dll" id="a040c7ad-7721-eef7-f7a3-3be656e62ca9">
      <Execution id="477f0311-d837-4322-bff9-5c23ccd2ed44" />
      <TestMethod codeBase="/workspace/tests/FluentUIScaffold.Playwright.Tests/bin/Debug/net6.0/FluentUIScaffold.Playwright.Tests.dll" adapterTypeName="executor://nunit3testexecutor/" className="FluentUIScaffold.Playwright.Tests.PlaywrightWaitStrategyTests" name="WaitForElementAttribute_WithEmptySelector_ShouldThrowArgumentException" />
    </UnitTest>
    <UnitTest name="PlaywrightTimeoutException_WithMessageAndSelector_ShouldSetProperties" storage="/workspace/tests/fluentuiscaffold.playwright.tests/bin/debug/net6.0/fluentuiscaffold.playwright.tests.dll" id="7c2b473a-b129-8a39-0f11-3dfd0ad70e94">
      <Execution id="44eb1c39-1bae-4b74-895b-ae58c41cab81" />
      <TestMethod codeBase="/workspace/tests/FluentUIScaffold.Playwright.Tests/bin/Debug/net6.0/FluentUIScaffold.Playwright.Tests.dll" adapterTypeName="executor://nunit3testexecutor/" className="FluentUIScaffold.Playwright.Tests.PlaywrightExceptionsTests" name="PlaywrightTimeoutException_WithMessageAndSelector_ShouldSetProperties" />
    </UnitTest>
    <UnitTest name="Constructor_WithNullOptions_ShouldThrowArgumentNullException" storage="/workspace/tests/fluentuiscaffold.playwright.tests/bin/debug/net6.0/fluentuiscaffold.playwright.tests.dll" id="ded617c3-d704-a2dc-89a2-9e07115fa2fd">
      <Execution id="450a0894-8598-4cf3-b01c-cdbf20a3465b" />
      <TestMethod codeBase="/workspace/tests/FluentUIScaffold.Playwright.Tests/bin/Debug/net6.0/FluentUIScaffold.Playwright.Tests.dll" adapterTypeName="executor://nunit3testexecutor/" className="FluentUIScaffold.Playwright.Tests.PlaywrightWaitStrategyTests" name="Constructor_WithNullOptions_ShouldThrowArgumentNullException" />
    </UnitTest>
    <UnitTest name="CreateDriver_WithValidOptions_ReturnsDriver" storage="/workspace/tests/fluentuiscaffold.playwright.tests/bin/debug/net6.0/fluentuiscaffold.playwright.tests.dll" id="ce9a076c-9acd-572b-8425-afddb1c89e02">
      <Execution id="19a50962-81eb-4dc1-8578-7ae2bae36d45" />
      <TestMethod codeBase="/workspace/tests/FluentUIScaffold.Playwright.Tests/bin/Debug/net6.0/FluentUIScaffold.Playwright.Tests.dll" adapterTypeName="executor://nunit3testexecutor/" className="FluentUIScaffold.Playwright.Tests.PlaywrightPluginTests" name="CreateDriver_WithValidOptions_ReturnsDriver" />
    </UnitTest>
    <UnitTest name="Constructor_WithValidOptions_CreatesInstance" storage="/workspace/tests/fluentuiscaffold.playwright.tests/bin/debug/net6.0/fluentuiscaffold.playwright.tests.dll" id="7bcdd09f-6609-1f20-233b-7512e4e6f7c1">
      <Execution id="b89abd07-eb2b-4173-bc48-e432e3747e3a" />
      <TestMethod codeBase="/workspace/tests/FluentUIScaffold.Playwright.Tests/bin/Debug/net6.0/FluentUIScaffold.Playwright.Tests.dll" adapterTypeName="executor://nunit3testexecutor/" className="FluentUIScaffold.Playwright.Tests.PlaywrightPluginTests" name="Constructor_WithValidOptions_CreatesInstance" />
    </UnitTest>
    <UnitTest name="WaitForElementToBeVisible_WithEmptySelector_ShouldThrowArgumentException" storage="/workspace/tests/fluentuiscaffold.playwright.tests/bin/debug/net6.0/fluentuiscaffold.playwright.tests.dll" id="6d764fe3-fd38-7c7c-3992-4f2ce7db3d78">
      <Execution id="c83404e6-20b3-43fb-a7d6-a715c1991a0b" />
      <TestMethod codeBase="/workspace/tests/FluentUIScaffold.Playwright.Tests/bin/Debug/net6.0/FluentUIScaffold.Playwright.Tests.dll" adapterTypeName="executor://nunit3testexecutor/" className="FluentUIScaffold.Playwright.Tests.PlaywrightDriverTests" name="WaitForElementToBeVisible_WithEmptySelector_ShouldThrowArgumentException" />
    </UnitTest>
    <UnitTest name="PlaywrightElementNotVisibleException_ShouldInheritFromPlaywrightException" storage="/workspace/tests/fluentuiscaffold.playwright.tests/bin/debug/net6.0/fluentuiscaffold.playwright.tests.dll" id="25abdc2d-45ef-3e74-73db-d094b04fac31">
      <Execution id="35db1473-74cd-47cd-be63-376aeefde988" />
      <TestMethod codeBase="/workspace/tests/FluentUIScaffold.Playwright.Tests/bin/Debug/net6.0/FluentUIScaffold.Playwright.Tests.dll" adapterTypeName="executor://nunit3testexecutor/" className="FluentUIScaffold.Playwright.Tests.PlaywrightExceptionsTests" name="PlaywrightElementNotVisibleException_ShouldInheritFromPlaywrightException" />
    </UnitTest>
    <UnitTest name="Constructor_WithValidParameters_ShouldCreateStrategy" storage="/workspace/tests/fluentuiscaffold.playwright.tests/bin/debug/net6.0/fluentuiscaffold.playwright.tests.dll" id="f7945da7-05fc-93b2-6c8b-30796e4537e2">
      <Execution id="da2482f3-ff67-4793-82df-4d14daa28739" />
      <TestMethod codeBase="/workspace/tests/FluentUIScaffold.Playwright.Tests/bin/Debug/net6.0/FluentUIScaffold.Playwright.Tests.dll" adapterTypeName="executor://nunit3testexecutor/" className="FluentUIScaffold.Playwright.Tests.PlaywrightWaitStrategyTests" name="Constructor_WithValidParameters_ShouldCreateStrategy" />
    </UnitTest>
    <UnitTest name="WaitForNetworkRequestInitiatedAsync_WithEmptyUrlPattern_ShouldThrowArgumentException" storage="/workspace/tests/fluentuiscaffold.playwright.tests/bin/debug/net6.0/fluentuiscaffold.playwright.tests.dll" id="ff27c3ee-967a-d5b0-28a4-0b2f2d102b00">
      <Execution id="16daec0e-5bbe-4340-9522-f477336cb0ac" />
      <TestMethod codeBase="/workspace/tests/FluentUIScaffold.Playwright.Tests/bin/Debug/net6.0/FluentUIScaffold.Playwright.Tests.dll" adapterTypeName="executor://nunit3testexecutor/" className="FluentUIScaffold.Playwright.Tests.PlaywrightAdvancedFeaturesTests" name="WaitForNetworkRequestInitiatedAsync_WithEmptyUrlPattern_ShouldThrowArgumentException" />
    </UnitTest>
    <UnitTest name="GetText_WithNullSelector_ShouldThrowArgumentException" storage="/workspace/tests/fluentuiscaffold.playwright.tests/bin/debug/net6.0/fluentuiscaffold.playwright.tests.dll" id="3b14417e-ad23-ef34-465a-8ff764684d0a">
      <Execution id="47bfbe0e-74eb-42ad-bb50-96733e3f851a" />
      <TestMethod codeBase="/workspace/tests/FluentUIScaffold.Playwright.Tests/bin/Debug/net6.0/FluentUIScaffold.Playwright.Tests.dll" adapterTypeName="executor://nunit3testexecutor/" className="FluentUIScaffold.Playwright.Tests.PlaywrightDriverTests" name="GetText_WithNullSelector_ShouldThrowArgumentException" />
    </UnitTest>
    <UnitTest name="PlaywrightElementNotEnabledException_WithSelector_ShouldSetMessageAndSelector" storage="/workspace/tests/fluentuiscaffold.playwright.tests/bin/debug/net6.0/fluentuiscaffold.playwright.tests.dll" id="4d512506-d61d-6e99-e5c8-886efba56d40">
      <Execution id="7fd37be3-1c95-426d-b2d8-b28730e1913c" />
      <TestMethod codeBase="/workspace/tests/FluentUIScaffold.Playwright.Tests/bin/Debug/net6.0/FluentUIScaffold.Playwright.Tests.dll" adapterTypeName="executor://nunit3testexecutor/" className="FluentUIScaffold.Playwright.Tests.PlaywrightExceptionsTests" name="PlaywrightElementNotEnabledException_WithSelector_ShouldSetMessageAndSelector" />
    </UnitTest>
    <UnitTest name="PlaywrightElementNotVisibleException_WithSelector_ShouldSetMessageAndSelector" storage="/workspace/tests/fluentuiscaffold.playwright.tests/bin/debug/net6.0/fluentuiscaffold.playwright.tests.dll" id="bf3e385b-dfdb-8f76-ab68-66223f8891f9">
      <Execution id="aabd8d2a-1b80-402a-991f-ebd54b5aebe6" />
      <TestMethod codeBase="/workspace/tests/FluentUIScaffold.Playwright.Tests/bin/Debug/net6.0/FluentUIScaffold.Playwright.Tests.dll" adapterTypeName="executor://nunit3testexecutor/" className="FluentUIScaffold.Playwright.Tests.PlaywrightExceptionsTests" name="PlaywrightElementNotVisibleException_WithSelector_ShouldSetMessageAndSelector" />
    </UnitTest>
    <UnitTest name="PlaywrightBrowserStartupException_ShouldInheritFromPlaywrightException" storage="/workspace/tests/fluentuiscaffold.playwright.tests/bin/debug/net6.0/fluentuiscaffold.playwright.tests.dll" id="a9901a4f-2a1e-0b93-d3e6-730637b0b658">
      <Execution id="9ace4d96-1431-4970-a5ae-33fb3afd5901" />
      <TestMethod codeBase="/workspace/tests/FluentUIScaffold.Playwright.Tests/bin/Debug/net6.0/FluentUIScaffold.Playwright.Tests.dll" adapterTypeName="executor://nunit3testexecutor/" className="FluentUIScaffold.Playwright.Tests.PlaywrightExceptionsTests" name="PlaywrightBrowserStartupException_ShouldInheritFromPlaywrightException" />
    </UnitTest>
    <UnitTest name="WaitForElement_WithVisibleStrategy_ShouldNotThrowException" storage="/workspace/tests/fluentuiscaffold.playwright.tests/bin/debug/net6.0/fluentuiscaffold.playwright.tests.dll" id="0bc0dd3d-4205-ff81-c8aa-57581549ca33">
      <Execution id="b44e4691-42f7-4737-85c9-3dd1cbaae6b2" />
      <TestMethod codeBase="/workspace/tests/FluentUIScaffold.Playwright.Tests/bin/Debug/net6.0/FluentUIScaffold.Playwright.Tests.dll" adapterTypeName="executor://nunit3testexecutor/" className="FluentUIScaffold.Playwright.Tests.PlaywrightWaitStrategyTests" name="WaitForElement_WithVisibleStrategy_ShouldNotThrowException" />
    </UnitTest>
    <UnitTest name="TakeScreenshotAsync_WithValidParameters_ShouldReturnByteArray" storage="/workspace/tests/fluentuiscaffold.playwright.tests/bin/debug/net6.0/fluentuiscaffold.playwright.tests.dll" id="2a52eb47-2f2b-89a4-1aaf-1041ed903d63">
      <Execution id="1ec11c89-9398-419f-b266-8b592e253b24" />
      <TestMethod codeBase="/workspace/tests/FluentUIScaffold.Playwright.Tests/bin/Debug/net6.0/FluentUIScaffold.Playwright.Tests.dll" adapterTypeName="executor://nunit3testexecutor/" className="FluentUIScaffold.Playwright.Tests.PlaywrightAdvancedFeaturesTests" name="TakeScreenshotAsync_WithValidParameters_ShouldReturnByteArray" />
    </UnitTest>
    <UnitTest name="Constructor_WithNullPage_ShouldThrowArgumentNullException" storage="/workspace/tests/fluentuiscaffold.playwright.tests/bin/debug/net6.0/fluentuiscaffold.playwright.tests.dll" id="f62e70a1-30d9-b0fc-8eea-390e512b56f9">
      <Execution id="37348d7f-06fc-461c-9d8c-9649ad25862a" />
      <TestMethod codeBase="/workspace/tests/FluentUIScaffold.Playwright.Tests/bin/Debug/net6.0/FluentUIScaffold.Playwright.Tests.dll" adapterTypeName="executor://nunit3testexecutor/" className="FluentUIScaffold.Playwright.Tests.PlaywrightWaitStrategyTests" name="Constructor_WithNullPage_ShouldThrowArgumentNullException" />
    </UnitTest>
    <UnitTest name="PlaywrightTimeoutException_ShouldInheritFromPlaywrightException" storage="/workspace/tests/fluentuiscaffold.playwright.tests/bin/debug/net6.0/fluentuiscaffold.playwright.tests.dll" id="8a988672-c520-f531-e937-e9bc3434963b">
      <Execution id="82f08d12-7c99-4d28-9d05-27696fae678e" />
      <TestMethod codeBase="/workspace/tests/FluentUIScaffold.Playwright.Tests/bin/Debug/net6.0/FluentUIScaffold.Playwright.Tests.dll" adapterTypeName="executor://nunit3testexecutor/" className="FluentUIScaffold.Playwright.Tests.PlaywrightExceptionsTests" name="PlaywrightTimeoutException_ShouldInheritFromPlaywrightException" />
    </UnitTest>
    <UnitTest name="InterceptNetworkRequests_WithEmptyUrlPattern_ShouldThrowArgumentException" storage="/workspace/tests/fluentuiscaffold.playwright.tests/bin/debug/net6.0/fluentuiscaffold.playwright.tests.dll" id="d8f4bef2-a3b9-084c-3bb4-021b9fe3d72e">
      <Execution id="110cbd42-6866-4578-a807-fd42188fa7b0" />
      <TestMethod codeBase="/workspace/tests/FluentUIScaffold.Playwright.Tests/bin/Debug/net6.0/FluentUIScaffold.Playwright.Tests.dll" adapterTypeName="executor://nunit3testexecutor/" className="FluentUIScaffold.Playwright.Tests.PlaywrightAdvancedFeaturesTests" name="InterceptNetworkRequests_WithEmptyUrlPattern_ShouldThrowArgumentException" />
    </UnitTest>
    <UnitTest name="NavigateToUrl_WithNullUrl_ShouldThrowArgumentNullException" storage="/workspace/tests/fluentuiscaffold.playwright.tests/bin/debug/net6.0/fluentuiscaffold.playwright.tests.dll" id="df4d6327-e7bc-643e-5619-c31e31143540">
      <Execution id="e6a9fdbd-b91a-45f4-ba24-527e0c3eeb67" />
      <TestMethod codeBase="/workspace/tests/FluentUIScaffold.Playwright.Tests/bin/Debug/net6.0/FluentUIScaffold.Playwright.Tests.dll" adapterTypeName="executor://nunit3testexecutor/" className="FluentUIScaffold.Playwright.Tests.PlaywrightDriverTests" name="NavigateToUrl_WithNullUrl_ShouldThrowArgumentNullException" />
    </UnitTest>
    <UnitTest name="EmulateMobileDeviceAsync_WithEmptyDeviceName_ShouldThrowArgumentException" storage="/workspace/tests/fluentuiscaffold.playwright.tests/bin/debug/net6.0/fluentuiscaffold.playwright.tests.dll" id="8b412a83-eed0-b405-9d7e-9460966d666b">
      <Execution id="5840fd98-1cd7-4006-be7a-8476bd912e3a" />
      <TestMethod codeBase="/workspace/tests/FluentUIScaffold.Playwright.Tests/bin/Debug/net6.0/FluentUIScaffold.Playwright.Tests.dll" adapterTypeName="executor://nunit3testexecutor/" className="FluentUIScaffold.Playwright.Tests.PlaywrightAdvancedFeaturesTests" name="EmulateMobileDeviceAsync_WithEmptyDeviceName_ShouldThrowArgumentException" />
    </UnitTest>
    <UnitTest name="CanHandle_WithOtherDriverType_ReturnsFalse" storage="/workspace/tests/fluentuiscaffold.playwright.tests/bin/debug/net6.0/fluentuiscaffold.playwright.tests.dll" id="4877fee6-7639-5a08-f7d7-8315d464aac4">
      <Execution id="3c5a2d94-26e7-49ff-9ed2-8cc2aeca0430" />
      <TestMethod codeBase="/workspace/tests/FluentUIScaffold.Playwright.Tests/bin/Debug/net6.0/FluentUIScaffold.Playwright.Tests.dll" adapterTypeName="executor://nunit3testexecutor/" className="FluentUIScaffold.Playwright.Tests.PlaywrightPluginTests" name="CanHandle_WithOtherDriverType_ReturnsFalse" />
    </UnitTest>
    <UnitTest name="PlaywrightBrowserStartupException_WithMessageAndBrowserType_ShouldSetProperties" storage="/workspace/tests/fluentuiscaffold.playwright.tests/bin/debug/net6.0/fluentuiscaffold.playwright.tests.dll" id="e2038e8d-a0ec-f93d-73e6-4ef1063fd72c">
      <Execution id="e27b7d44-37c7-4f64-9f4d-ca28f6a35347" />
      <TestMethod codeBase="/workspace/tests/FluentUIScaffold.Playwright.Tests/bin/Debug/net6.0/FluentUIScaffold.Playwright.Tests.dll" adapterTypeName="executor://nunit3testexecutor/" className="FluentUIScaffold.Playwright.Tests.PlaywrightExceptionsTests" name="PlaywrightBrowserStartupException_WithMessageAndBrowserType_ShouldSetProperties" />
    </UnitTest>
    <UnitTest name="WaitForElementText_WithEmptySelector_ShouldThrowArgumentException" storage="/workspace/tests/fluentuiscaffold.playwright.tests/bin/debug/net6.0/fluentuiscaffold.playwright.tests.dll" id="944f38ad-08f1-a287-da8c-959767d157ca">
      <Execution id="1f9036a0-255e-454e-b062-0d3845bcb80c" />
      <TestMethod codeBase="/workspace/tests/FluentUIScaffold.Playwright.Tests/bin/Debug/net6.0/FluentUIScaffold.Playwright.Tests.dll" adapterTypeName="executor://nunit3testexecutor/" className="FluentUIScaffold.Playwright.Tests.PlaywrightWaitStrategyTests" name="WaitForElementText_WithEmptySelector_ShouldThrowArgumentException" />
    </UnitTest>
    <UnitTest name="SelectOption_WithNullSelector_ShouldThrowArgumentException" storage="/workspace/tests/fluentuiscaffold.playwright.tests/bin/debug/net6.0/fluentuiscaffold.playwright.tests.dll" id="a17eff27-7a9d-3fe1-a994-0b42d6f3dc3a">
      <Execution id="1fb8355d-3d4a-4974-b3fd-b531023b780a" />
      <TestMethod codeBase="/workspace/tests/FluentUIScaffold.Playwright.Tests/bin/Debug/net6.0/FluentUIScaffold.Playwright.Tests.dll" adapterTypeName="executor://nunit3testexecutor/" className="FluentUIScaffold.Playwright.Tests.PlaywrightDriverTests" name="SelectOption_WithNullSelector_ShouldThrowArgumentException" />
    </UnitTest>
    <UnitTest name="Constructor_WithValidOptions_CreatesInstance" storage="/workspace/tests/fluentuiscaffold.playwright.tests/bin/debug/net6.0/fluentuiscaffold.playwright.tests.dll" id="9d8e977a-2daa-bc0b-9397-cfa6dd67da2e">
      <Execution id="7ebacdd7-d09f-4074-b37b-158fd88f8eba" />
      <TestMethod codeBase="/workspace/tests/FluentUIScaffold.Playwright.Tests/bin/Debug/net6.0/FluentUIScaffold.Playwright.Tests.dll" adapterTypeName="executor://nunit3testexecutor/" className="FluentUIScaffold.Playwright.Tests.PlaywrightDriverTests" name="Constructor_WithValidOptions_CreatesInstance" />
    </UnitTest>
    <UnitTest name="Constructor_WithNullOptions_ThrowsException" storage="/workspace/tests/fluentuiscaffold.playwright.tests/bin/debug/net6.0/fluentuiscaffold.playwright.tests.dll" id="76ff7f4d-9c8c-06e9-6eaf-d088e0e04505">
      <Execution id="67c39238-b662-4c1f-9476-453ed36aa8f7" />
      <TestMethod codeBase="/workspace/tests/FluentUIScaffold.Playwright.Tests/bin/Debug/net6.0/FluentUIScaffold.Playwright.Tests.dll" adapterTypeName="executor://nunit3testexecutor/" className="FluentUIScaffold.Playwright.Tests.PlaywrightDriverTests" name="Constructor_WithNullOptions_ThrowsException" />
    </UnitTest>
    <UnitTest name="SetPermissionsAsync_WithValidPermissions_ShouldNotThrowException" storage="/workspace/tests/fluentuiscaffold.playwright.tests/bin/debug/net6.0/fluentuiscaffold.playwright.tests.dll" id="29b927ce-f540-26d4-d1f1-a1b0b62c4d93">
      <Execution id="494b5090-8c95-448a-8db1-108319c6d518" />
      <TestMethod codeBase="/workspace/tests/FluentUIScaffold.Playwright.Tests/bin/Debug/net6.0/FluentUIScaffold.Playwright.Tests.dll" adapterTypeName="executor://nunit3testexecutor/" className="FluentUIScaffold.Playwright.Tests.PlaywrightAdvancedFeaturesTests" name="SetPermissionsAsync_WithValidPermissions_ShouldNotThrowException" />
    </UnitTest>
    <UnitTest name="WaitForNetworkRequestAsync_WithEmptyUrlPattern_ShouldThrowArgumentException" storage="/workspace/tests/fluentuiscaffold.playwright.tests/bin/debug/net6.0/fluentuiscaffold.playwright.tests.dll" id="7def36c3-84cc-de65-8474-fb3817dac248">
      <Execution id="93350b2c-4fba-424d-9dbd-b413c44205de" />
      <TestMethod codeBase="/workspace/tests/FluentUIScaffold.Playwright.Tests/bin/Debug/net6.0/FluentUIScaffold.Playwright.Tests.dll" adapterTypeName="executor://nunit3testexecutor/" className="FluentUIScaffold.Playwright.Tests.PlaywrightAdvancedFeaturesTests" name="WaitForNetworkRequestAsync_WithEmptyUrlPattern_ShouldThrowArgumentException" />
    </UnitTest>
    <UnitTest name="Click_WithEmptySelector_ShouldThrowArgumentException" storage="/workspace/tests/fluentuiscaffold.playwright.tests/bin/debug/net6.0/fluentuiscaffold.playwright.tests.dll" id="b5825f7a-1718-d5b8-d745-4d4cf3df9a9b">
      <Execution id="dcad4cbe-1638-4591-85c7-b371d3262f7f" />
      <TestMethod codeBase="/workspace/tests/FluentUIScaffold.Playwright.Tests/bin/Debug/net6.0/FluentUIScaffold.Playwright.Tests.dll" adapterTypeName="executor://nunit3testexecutor/" className="FluentUIScaffold.Playwright.Tests.PlaywrightDriverTests" name="Click_WithEmptySelector_ShouldThrowArgumentException" />
    </UnitTest>
    <UnitTest name="PlaywrightException_ShouldInheritFromFluentUIScaffoldException" storage="/workspace/tests/fluentuiscaffold.playwright.tests/bin/debug/net6.0/fluentuiscaffold.playwright.tests.dll" id="b08e593a-105a-8f9a-8a16-fc40973c941d">
      <Execution id="46cab9d8-696c-40f5-98ed-4563369c2b8d" />
      <TestMethod codeBase="/workspace/tests/FluentUIScaffold.Playwright.Tests/bin/Debug/net6.0/FluentUIScaffold.Playwright.Tests.dll" adapterTypeName="executor://nunit3testexecutor/" className="FluentUIScaffold.Playwright.Tests.PlaywrightExceptionsTests" name="PlaywrightException_ShouldInheritFromFluentUIScaffoldException" />
    </UnitTest>
    <UnitTest name="StartVideoRecordingAsync_WithNullPath_ShouldThrowArgumentException" storage="/workspace/tests/fluentuiscaffold.playwright.tests/bin/debug/net6.0/fluentuiscaffold.playwright.tests.dll" id="3ffb125b-102b-bde1-b8fc-5af3a8320f3e">
      <Execution id="47066d34-a372-4122-aecd-d8c78b90f149" />
      <TestMethod codeBase="/workspace/tests/FluentUIScaffold.Playwright.Tests/bin/Debug/net6.0/FluentUIScaffold.Playwright.Tests.dll" adapterTypeName="executor://nunit3testexecutor/" className="FluentUIScaffold.Playwright.Tests.PlaywrightAdvancedFeaturesTests" name="StartVideoRecordingAsync_WithNullPath_ShouldThrowArgumentException" />
    </UnitTest>
    <UnitTest name="Type_WithEmptySelector_ShouldThrowArgumentException" storage="/workspace/tests/fluentuiscaffold.playwright.tests/bin/debug/net6.0/fluentuiscaffold.playwright.tests.dll" id="c664cdab-350c-1fb1-39db-9c396900386f">
      <Execution id="2734f214-d2f2-4ffc-b2a2-fc8b5fd1bbb0" />
      <TestMethod codeBase="/workspace/tests/FluentUIScaffold.Playwright.Tests/bin/Debug/net6.0/FluentUIScaffold.Playwright.Tests.dll" adapterTypeName="executor://nunit3testexecutor/" className="FluentUIScaffold.Playwright.Tests.PlaywrightDriverTests" name="Type_WithEmptySelector_ShouldThrowArgumentException" />
    </UnitTest>
    <UnitTest name="PlaywrightElementNotFoundException_WithSelectorAndInnerException_ShouldSetProperties" storage="/workspace/tests/fluentuiscaffold.playwright.tests/bin/debug/net6.0/fluentuiscaffold.playwright.tests.dll" id="91fc287d-2917-073f-d019-a49cedb4c089">
      <Execution id="2d074fe4-00b5-4108-8792-a83ea64efb00" />
      <TestMethod codeBase="/workspace/tests/FluentUIScaffold.Playwright.Tests/bin/Debug/net6.0/FluentUIScaffold.Playwright.Tests.dll" adapterTypeName="executor://nunit3testexecutor/" className="FluentUIScaffold.Playwright.Tests.PlaywrightExceptionsTests" name="PlaywrightElementNotFoundException_WithSelectorAndInnerException_ShouldSetProperties" />
    </UnitTest>
    <UnitTest name="Constructor_WithNullPage_ShouldThrowArgumentNullException" storage="/workspace/tests/fluentuiscaffold.playwright.tests/bin/debug/net6.0/fluentuiscaffold.playwright.tests.dll" id="3498048a-05a3-5fab-e906-09acaee53433">
      <Execution id="3e5cbbbe-1848-465b-8934-dedb750b16b8" />
      <TestMethod codeBase="/workspace/tests/FluentUIScaffold.Playwright.Tests/bin/Debug/net6.0/FluentUIScaffold.Playwright.Tests.dll" adapterTypeName="executor://nunit3testexecutor/" className="FluentUIScaffold.Playwright.Tests.PlaywrightAdvancedFeaturesTests" name="Constructor_WithNullPage_ShouldThrowArgumentNullException" />
    </UnitTest>
    <UnitTest name="TakeElementScreenshotAsync_WithNullSelector_ShouldThrowArgumentException" storage="/workspace/tests/fluentuiscaffold.playwright.tests/bin/debug/net6.0/fluentuiscaffold.playwright.tests.dll" id="5637c2bc-4ff0-830b-afbc-8160de8eaeff">
      <Execution id="f8264d26-81b2-4ab9-bf5a-5edb5b978107" />
      <TestMethod codeBase="/workspace/tests/FluentUIScaffold.Playwright.Tests/bin/Debug/net6.0/FluentUIScaffold.Playwright.Tests.dll" adapterTypeName="executor://nunit3testexecutor/" className="FluentUIScaffold.Playwright.Tests.PlaywrightAdvancedFeaturesTests" name="TakeElementScreenshotAsync_WithNullSelector_ShouldThrowArgumentException" />
    </UnitTest>
    <UnitTest name="WaitForElementToBeHidden_WithNullSelector_ShouldThrowArgumentException" storage="/workspace/tests/fluentuiscaffold.playwright.tests/bin/debug/net6.0/fluentuiscaffold.playwright.tests.dll" id="13205d21-5396-0d73-194f-16064907002f">
      <Execution id="5377f7ab-7865-4a51-a5a7-b5ed9f0185a1" />
      <TestMethod codeBase="/workspace/tests/FluentUIScaffold.Playwright.Tests/bin/Debug/net6.0/FluentUIScaffold.Playwright.Tests.dll" adapterTypeName="executor://nunit3testexecutor/" className="FluentUIScaffold.Playwright.Tests.PlaywrightDriverTests" name="WaitForElementToBeHidden_WithNullSelector_ShouldThrowArgumentException" />
    </UnitTest>
    <UnitTest name="WaitForElement_WithNoneStrategy_ShouldNotThrowException" storage="/workspace/tests/fluentuiscaffold.playwright.tests/bin/debug/net6.0/fluentuiscaffold.playwright.tests.dll" id="1c19d2b9-0d7d-1341-0e1e-577e56b55133">
      <Execution id="da655923-4848-4080-89e7-ab4c631d2ab6" />
      <TestMethod codeBase="/workspace/tests/FluentUIScaffold.Playwright.Tests/bin/Debug/net6.0/FluentUIScaffold.Playwright.Tests.dll" adapterTypeName="executor://nunit3testexecutor/" className="FluentUIScaffold.Playwright.Tests.PlaywrightWaitStrategyTests" name="WaitForElement_WithNoneStrategy_ShouldNotThrowException" />
    </UnitTest>
    <UnitTest name="SetPermissionsAsync_WithNullPermissions_ShouldThrowArgumentException" storage="/workspace/tests/fluentuiscaffold.playwright.tests/bin/debug/net6.0/fluentuiscaffold.playwright.tests.dll" id="d8a94e68-473e-230d-959c-c6cb87f94d0d">
      <Execution id="528f5c8b-70b6-41e7-9ef7-e1ccfe24f904" />
      <TestMethod codeBase="/workspace/tests/FluentUIScaffold.Playwright.Tests/bin/Debug/net6.0/FluentUIScaffold.Playwright.Tests.dll" adapterTypeName="executor://nunit3testexecutor/" className="FluentUIScaffold.Playwright.Tests.PlaywrightAdvancedFeaturesTests" name="SetPermissionsAsync_WithNullPermissions_ShouldThrowArgumentException" />
    </UnitTest>
    <UnitTest name="GetText_WithEmptySelector_ShouldThrowArgumentException" storage="/workspace/tests/fluentuiscaffold.playwright.tests/bin/debug/net6.0/fluentuiscaffold.playwright.tests.dll" id="4ea4703d-971f-8d0f-9080-579d4df73c0e">
      <Execution id="9016d32f-25b7-44ca-9f40-d92f8672c75a" />
      <TestMethod codeBase="/workspace/tests/FluentUIScaffold.Playwright.Tests/bin/Debug/net6.0/FluentUIScaffold.Playwright.Tests.dll" adapterTypeName="executor://nunit3testexecutor/" className="FluentUIScaffold.Playwright.Tests.PlaywrightDriverTests" name="GetText_WithEmptySelector_ShouldThrowArgumentException" />
    </UnitTest>
    <UnitTest name="SelectOption_WithEmptySelector_ShouldThrowArgumentException" storage="/workspace/tests/fluentuiscaffold.playwright.tests/bin/debug/net6.0/fluentuiscaffold.playwright.tests.dll" id="11bf123b-4b49-9aad-cb04-3660819fe124">
      <Execution id="4d42d843-f9cb-447c-9358-b3691437a068" />
      <TestMethod codeBase="/workspace/tests/FluentUIScaffold.Playwright.Tests/bin/Debug/net6.0/FluentUIScaffold.Playwright.Tests.dll" adapterTypeName="executor://nunit3testexecutor/" className="FluentUIScaffold.Playwright.Tests.PlaywrightDriverTests" name="SelectOption_WithEmptySelector_ShouldThrowArgumentException" />
    </UnitTest>
    <UnitTest name="WaitForElement_WithDisabledStrategy_ShouldNotThrowException" storage="/workspace/tests/fluentuiscaffold.playwright.tests/bin/debug/net6.0/fluentuiscaffold.playwright.tests.dll" id="3c8cad92-46ed-0873-a4a3-5d20f77cde53">
      <Execution id="2c1276a1-9415-4aba-9134-54ba3d9d0cec" />
      <TestMethod codeBase="/workspace/tests/FluentUIScaffold.Playwright.Tests/bin/Debug/net6.0/FluentUIScaffold.Playwright.Tests.dll" adapterTypeName="executor://nunit3testexecutor/" className="FluentUIScaffold.Playwright.Tests.PlaywrightWaitStrategyTests" name="WaitForElement_WithDisabledStrategy_ShouldNotThrowException" />
    </UnitTest>
    <UnitTest name="PlaywrightElementNotEnabledException_WithSelectorAndInnerException_ShouldSetProperties" storage="/workspace/tests/fluentuiscaffold.playwright.tests/bin/debug/net6.0/fluentuiscaffold.playwright.tests.dll" id="3ad03a22-2777-d2d4-5f83-9fd05f5245af">
      <Execution id="f37373a3-12ce-4600-860a-4254cf56bcc5" />
      <TestMethod codeBase="/workspace/tests/FluentUIScaffold.Playwright.Tests/bin/Debug/net6.0/FluentUIScaffold.Playwright.Tests.dll" adapterTypeName="executor://nunit3testexecutor/" className="FluentUIScaffold.Playwright.Tests.PlaywrightExceptionsTests" name="PlaywrightElementNotEnabledException_WithSelectorAndInnerException_ShouldSetProperties" />
    </UnitTest>
    <UnitTest name="GetFrameworkDriver_WithIPageType_ShouldReturnPage" storage="/workspace/tests/fluentuiscaffold.playwright.tests/bin/debug/net6.0/fluentuiscaffold.playwright.tests.dll" id="77b8f1d6-b8c9-e577-da61-e76abc5e190a">
      <Execution id="0f790c44-ef09-4fd2-92d3-d725e2869b4f" />
      <TestMethod codeBase="/workspace/tests/FluentUIScaffold.Playwright.Tests/bin/Debug/net6.0/FluentUIScaffold.Playwright.Tests.dll" adapterTypeName="executor://nunit3testexecutor/" className="FluentUIScaffold.Playwright.Tests.PlaywrightDriverTests" name="GetFrameworkDriver_WithIPageType_ShouldReturnPage" />
    </UnitTest>
    <UnitTest name="IsEnabled_WithNullSelector_ShouldThrowArgumentException" storage="/workspace/tests/fluentuiscaffold.playwright.tests/bin/debug/net6.0/fluentuiscaffold.playwright.tests.dll" id="ceb91d2d-ad4f-bb50-563d-695574499def">
      <Execution id="0b8227ac-b49c-4088-864f-5cc91cd36068" />
      <TestMethod codeBase="/workspace/tests/FluentUIScaffold.Playwright.Tests/bin/Debug/net6.0/FluentUIScaffold.Playwright.Tests.dll" adapterTypeName="executor://nunit3testexecutor/" className="FluentUIScaffold.Playwright.Tests.PlaywrightDriverTests" name="IsEnabled_WithNullSelector_ShouldThrowArgumentException" />
    </UnitTest>
    <UnitTest name="TakeElementScreenshotAsync_WithEmptySelector_ShouldThrowArgumentException" storage="/workspace/tests/fluentuiscaffold.playwright.tests/bin/debug/net6.0/fluentuiscaffold.playwright.tests.dll" id="a0b42499-9aa5-d679-1ef3-7d05e5974b9e">
      <Execution id="e7bd2f6b-30a1-440f-8b81-74315b1ab58f" />
      <TestMethod codeBase="/workspace/tests/FluentUIScaffold.Playwright.Tests/bin/Debug/net6.0/FluentUIScaffold.Playwright.Tests.dll" adapterTypeName="executor://nunit3testexecutor/" className="FluentUIScaffold.Playwright.Tests.PlaywrightAdvancedFeaturesTests" name="TakeElementScreenshotAsync_WithEmptySelector_ShouldThrowArgumentException" />
    </UnitTest>
    <UnitTest name="SetPermissionsAsync_WithEmptyPermissions_ShouldThrowArgumentException" storage="/workspace/tests/fluentuiscaffold.playwright.tests/bin/debug/net6.0/fluentuiscaffold.playwright.tests.dll" id="f44ad0a1-0847-0f54-bff5-381243908744">
      <Execution id="a91bef93-ebd6-48a0-b531-7fa07a8c3174" />
      <TestMethod codeBase="/workspace/tests/FluentUIScaffold.Playwright.Tests/bin/Debug/net6.0/FluentUIScaffold.Playwright.Tests.dll" adapterTypeName="executor://nunit3testexecutor/" className="FluentUIScaffold.Playwright.Tests.PlaywrightAdvancedFeaturesTests" name="SetPermissionsAsync_WithEmptyPermissions_ShouldThrowArgumentException" />
    </UnitTest>
    <UnitTest name="PlaywrightElementNotVisibleException_WithSelectorAndInnerException_ShouldSetProperties" storage="/workspace/tests/fluentuiscaffold.playwright.tests/bin/debug/net6.0/fluentuiscaffold.playwright.tests.dll" id="cdf95cc8-e652-0533-8bc6-85dc81d809bd">
      <Execution id="12d7bfbe-631b-4300-a6d3-5403a4dcfdc5" />
      <TestMethod codeBase="/workspace/tests/FluentUIScaffold.Playwright.Tests/bin/Debug/net6.0/FluentUIScaffold.Playwright.Tests.dll" adapterTypeName="executor://nunit3testexecutor/" className="FluentUIScaffold.Playwright.Tests.PlaywrightExceptionsTests" name="PlaywrightElementNotVisibleException_WithSelectorAndInnerException_ShouldSetProperties" />
    </UnitTest>
    <UnitTest name="IsEnabled_WithEmptySelector_ShouldThrowArgumentException" storage="/workspace/tests/fluentuiscaffold.playwright.tests/bin/debug/net6.0/fluentuiscaffold.playwright.tests.dll" id="431f452d-c23f-9ca3-4bae-283bd4f22bb9">
      <Execution id="180c0aee-4622-43de-a35f-af809525eb74" />
      <TestMethod codeBase="/workspace/tests/FluentUIScaffold.Playwright.Tests/bin/Debug/net6.0/FluentUIScaffold.Playwright.Tests.dll" adapterTypeName="executor://nunit3testexecutor/" className="FluentUIScaffold.Playwright.Tests.PlaywrightDriverTests" name="IsEnabled_WithEmptySelector_ShouldThrowArgumentException" />
    </UnitTest>
    <UnitTest name="IsVisible_WithEmptySelector_ShouldThrowArgumentException" storage="/workspace/tests/fluentuiscaffold.playwright.tests/bin/debug/net6.0/fluentuiscaffold.playwright.tests.dll" id="e8d74a76-a6dc-3af0-710e-e305cc9a27a7">
      <Execution id="6afaaab3-c72f-44a5-97be-de99a7977a10" />
      <TestMethod codeBase="/workspace/tests/FluentUIScaffold.Playwright.Tests/bin/Debug/net6.0/FluentUIScaffold.Playwright.Tests.dll" adapterTypeName="executor://nunit3testexecutor/" className="FluentUIScaffold.Playwright.Tests.PlaywrightDriverTests" name="IsVisible_WithEmptySelector_ShouldThrowArgumentException" />
    </UnitTest>
    <UnitTest name="WaitForElementText_WithNullSelector_ShouldThrowArgumentException" storage="/workspace/tests/fluentuiscaffold.playwright.tests/bin/debug/net6.0/fluentuiscaffold.playwright.tests.dll" id="8213bc5b-42b0-75d7-a534-797053f7517b">
      <Execution id="f5a4474f-4bb5-4c6d-a6cc-28233f0e06c2" />
      <TestMethod codeBase="/workspace/tests/FluentUIScaffold.Playwright.Tests/bin/Debug/net6.0/FluentUIScaffold.Playwright.Tests.dll" adapterTypeName="executor://nunit3testexecutor/" className="FluentUIScaffold.Playwright.Tests.PlaywrightWaitStrategyTests" name="WaitForElementText_WithNullSelector_ShouldThrowArgumentException" />
    </UnitTest>
    <UnitTest name="WaitForElement_WithNullSelector_ShouldThrowArgumentException" storage="/workspace/tests/fluentuiscaffold.playwright.tests/bin/debug/net6.0/fluentuiscaffold.playwright.tests.dll" id="4dbe9558-da89-b0af-04d4-50fba6f3e664">
      <Execution id="85fc94df-d499-492e-8df7-13f545b9fdee" />
      <TestMethod codeBase="/workspace/tests/FluentUIScaffold.Playwright.Tests/bin/Debug/net6.0/FluentUIScaffold.Playwright.Tests.dll" adapterTypeName="executor://nunit3testexecutor/" className="FluentUIScaffold.Playwright.Tests.PlaywrightDriverTests" name="WaitForElement_WithNullSelector_ShouldThrowArgumentException" />
    </UnitTest>
    <UnitTest name="GetFrameworkDriver_WithIPlaywrightType_ShouldReturnPlaywright" storage="/workspace/tests/fluentuiscaffold.playwright.tests/bin/debug/net6.0/fluentuiscaffold.playwright.tests.dll" id="8ad984d6-7085-8350-03f6-84c69fb96b0b">
      <Execution id="db4fce7c-4586-48f8-aac9-14383cf02eb5" />
      <TestMethod codeBase="/workspace/tests/FluentUIScaffold.Playwright.Tests/bin/Debug/net6.0/FluentUIScaffold.Playwright.Tests.dll" adapterTypeName="executor://nunit3testexecutor/" className="FluentUIScaffold.Playwright.Tests.PlaywrightDriverTests" name="GetFrameworkDriver_WithIPlaywrightType_ShouldReturnPlaywright" />
    </UnitTest>
    <UnitTest name="PlaywrightElementNotFoundException_ShouldInheritFromPlaywrightException" storage="/workspace/tests/fluentuiscaffold.playwright.tests/bin/debug/net6.0/fluentuiscaffold.playwright.tests.dll" id="45134bbd-894d-df2d-e054-a81510231f3d">
      <Execution id="026c8390-d4b8-406e-aebd-fb081e6fe3cc" />
      <TestMethod codeBase="/workspace/tests/FluentUIScaffold.Playwright.Tests/bin/Debug/net6.0/FluentUIScaffold.Playwright.Tests.dll" adapterTypeName="executor://nunit3testexecutor/" className="FluentUIScaffold.Playwright.Tests.PlaywrightExceptionsTests" name="PlaywrightElementNotFoundException_ShouldInheritFromPlaywrightException" />
    </UnitTest>
    <UnitTest name="TakeElementScreenshotAsync_WithValidSelector_ShouldReturnByteArray" storage="/workspace/tests/fluentuiscaffold.playwright.tests/bin/debug/net6.0/fluentuiscaffold.playwright.tests.dll" id="471c48b8-3934-9ff4-83c3-85e85475d277">
      <Execution id="e2dbff2d-7935-430b-8239-bab6268dba38" />
      <TestMethod codeBase="/workspace/tests/FluentUIScaffold.Playwright.Tests/bin/Debug/net6.0/FluentUIScaffold.Playwright.Tests.dll" adapterTypeName="executor://nunit3testexecutor/" className="FluentUIScaffold.Playwright.Tests.PlaywrightAdvancedFeaturesTests" name="TakeElementScreenshotAsync_WithValidSelector_ShouldReturnByteArray" />
    </UnitTest>
    <UnitTest name="Constructor_WithLogger_ShouldCreateDriver" storage="/workspace/tests/fluentuiscaffold.playwright.tests/bin/debug/net6.0/fluentuiscaffold.playwright.tests.dll" id="3ff93f72-7ce5-5fab-8610-20cbfcaf06d2">
      <Execution id="47777bee-4b9d-4fc2-a429-2fe36577fd15" />
      <TestMethod codeBase="/workspace/tests/FluentUIScaffold.Playwright.Tests/bin/Debug/net6.0/FluentUIScaffold.Playwright.Tests.dll" adapterTypeName="executor://nunit3testexecutor/" className="FluentUIScaffold.Playwright.Tests.PlaywrightDriverTests" name="Constructor_WithLogger_ShouldCreateDriver" />
    </UnitTest>
    <UnitTest name="PlaywrightElementNotEnabledException_ShouldInheritFromPlaywrightException" storage="/workspace/tests/fluentuiscaffold.playwright.tests/bin/debug/net6.0/fluentuiscaffold.playwright.tests.dll" id="4037d24c-70f3-df4c-51c5-e323f0c729ef">
      <Execution id="5b1b867d-74be-4e6a-80fd-92e3ee7da3dd" />
      <TestMethod codeBase="/workspace/tests/FluentUIScaffold.Playwright.Tests/bin/Debug/net6.0/FluentUIScaffold.Playwright.Tests.dll" adapterTypeName="executor://nunit3testexecutor/" className="FluentUIScaffold.Playwright.Tests.PlaywrightExceptionsTests" name="PlaywrightElementNotEnabledException_ShouldInheritFromPlaywrightException" />
    </UnitTest>
    <UnitTest name="Dispose_ShouldBeCallableMultipleTimes" storage="/workspace/tests/fluentuiscaffold.playwright.tests/bin/debug/net6.0/fluentuiscaffold.playwright.tests.dll" id="b2ab8ddd-ea45-0e6e-e413-55319ef7b10b">
      <Execution id="39ebaada-5bab-433b-a18e-75c255f87218" />
      <TestMethod codeBase="/workspace/tests/FluentUIScaffold.Playwright.Tests/bin/Debug/net6.0/FluentUIScaffold.Playwright.Tests.dll" adapterTypeName="executor://nunit3testexecutor/" className="FluentUIScaffold.Playwright.Tests.PlaywrightDriverTests" name="Dispose_ShouldBeCallableMultipleTimes" />
    </UnitTest>
    <UnitTest name="PlaywrightTimeoutException_WithDefaultTimeout_ShouldSetDefaultTimeout" storage="/workspace/tests/fluentuiscaffold.playwright.tests/bin/debug/net6.0/fluentuiscaffold.playwright.tests.dll" id="705b3a66-7abb-be15-4d76-eeeccbd1e039">
      <Execution id="0c097669-e280-4321-9d67-f39a1958ac58" />
      <TestMethod codeBase="/workspace/tests/FluentUIScaffold.Playwright.Tests/bin/Debug/net6.0/FluentUIScaffold.Playwright.Tests.dll" adapterTypeName="executor://nunit3testexecutor/" className="FluentUIScaffold.Playwright.Tests.PlaywrightExceptionsTests" name="PlaywrightTimeoutException_WithDefaultTimeout_ShouldSetDefaultTimeout" />
    </UnitTest>
    <UnitTest name="PlaywrightBrowserStartupException_WithMessageBrowserTypeAndInnerException_ShouldSetProperties" storage="/workspace/tests/fluentuiscaffold.playwright.tests/bin/debug/net6.0/fluentuiscaffold.playwright.tests.dll" id="77166824-4ddf-283f-a4fc-781ad7e809a3">
      <Execution id="78a33b9a-cafd-4a14-968d-536165eab788" />
      <TestMethod codeBase="/workspace/tests/FluentUIScaffold.Playwright.Tests/bin/Debug/net6.0/FluentUIScaffold.Playwright.Tests.dll" adapterTypeName="executor://nunit3testexecutor/" className="FluentUIScaffold.Playwright.Tests.PlaywrightExceptionsTests" name="PlaywrightBrowserStartupException_WithMessageBrowserTypeAndInnerException_ShouldSetProperties" />
    </UnitTest>
    <UnitTest name="WaitForElement_WithHiddenStrategy_ShouldNotThrowException" storage="/workspace/tests/fluentuiscaffold.playwright.tests/bin/debug/net6.0/fluentuiscaffold.playwright.tests.dll" id="fa631617-c65d-b7c1-e160-e4d485baa491">
      <Execution id="91ea03d1-2354-49a7-befd-72786a824774" />
      <TestMethod codeBase="/workspace/tests/FluentUIScaffold.Playwright.Tests/bin/Debug/net6.0/FluentUIScaffold.Playwright.Tests.dll" adapterTypeName="executor://nunit3testexecutor/" className="FluentUIScaffold.Playwright.Tests.PlaywrightWaitStrategyTests" name="WaitForElement_WithHiddenStrategy_ShouldNotThrowException" />
    </UnitTest>
    <UnitTest name="PlaywrightNavigationException_ShouldInheritFromPlaywrightException" storage="/workspace/tests/fluentuiscaffold.playwright.tests/bin/debug/net6.0/fluentuiscaffold.playwright.tests.dll" id="42fb382d-1c8c-a4e5-48a8-bcf25cccc671">
      <Execution id="3030880c-7168-452e-9937-8deafae8f4a2" />
      <TestMethod codeBase="/workspace/tests/FluentUIScaffold.Playwright.Tests/bin/Debug/net6.0/FluentUIScaffold.Playwright.Tests.dll" adapterTypeName="executor://nunit3testexecutor/" className="FluentUIScaffold.Playwright.Tests.PlaywrightExceptionsTests" name="PlaywrightNavigationException_ShouldInheritFromPlaywrightException" />
    </UnitTest>
    <UnitTest name="PlaywrightException_WithMessageSelectorAndInnerException_ShouldSetProperties" storage="/workspace/tests/fluentuiscaffold.playwright.tests/bin/debug/net6.0/fluentuiscaffold.playwright.tests.dll" id="4f4ef7fd-36f7-ba05-36a3-7b3f66834768">
      <Execution id="e6295f54-9ad1-4d26-96af-be8f74f1be58" />
      <TestMethod codeBase="/workspace/tests/FluentUIScaffold.Playwright.Tests/bin/Debug/net6.0/FluentUIScaffold.Playwright.Tests.dll" adapterTypeName="executor://nunit3testexecutor/" className="FluentUIScaffold.Playwright.Tests.PlaywrightExceptionsTests" name="PlaywrightException_WithMessageSelectorAndInnerException_ShouldSetProperties" />
    </UnitTest>
    <UnitTest name="Dispose_DisposesCorrectly" storage="/workspace/tests/fluentuiscaffold.playwright.tests/bin/debug/net6.0/fluentuiscaffold.playwright.tests.dll" id="27a6b503-6d8a-6bf4-22e7-91fa4a9610ae">
      <Execution id="2905503e-63c6-4d09-b3d9-8e6d5aa8b0d4" />
      <TestMethod codeBase="/workspace/tests/FluentUIScaffold.Playwright.Tests/bin/Debug/net6.0/FluentUIScaffold.Playwright.Tests.dll" adapterTypeName="executor://nunit3testexecutor/" className="FluentUIScaffold.Playwright.Tests.PlaywrightDriverTests" name="Dispose_DisposesCorrectly" />
    </UnitTest>
    <UnitTest name="InterceptNetworkRequests_WithNullUrlPattern_ShouldThrowArgumentException" storage="/workspace/tests/fluentuiscaffold.playwright.tests/bin/debug/net6.0/fluentuiscaffold.playwright.tests.dll" id="29102099-3023-58e6-1b9e-94381bd37eb7">
      <Execution id="e0968aff-e1c3-4e31-9a39-1e3b75af1b9c" />
      <TestMethod codeBase="/workspace/tests/FluentUIScaffold.Playwright.Tests/bin/Debug/net6.0/FluentUIScaffold.Playwright.Tests.dll" adapterTypeName="executor://nunit3testexecutor/" className="FluentUIScaffold.Playwright.Tests.PlaywrightAdvancedFeaturesTests" name="InterceptNetworkRequests_WithNullUrlPattern_ShouldThrowArgumentException" />
    </UnitTest>
    <UnitTest name="PlaywrightBrowserStartupException_WithNullBrowserType_ShouldSetBrowserTypeToNull" storage="/workspace/tests/fluentuiscaffold.playwright.tests/bin/debug/net6.0/fluentuiscaffold.playwright.tests.dll" id="cd2fb9d4-c210-d572-239c-0d75835cfc5e">
      <Execution id="7ba6a037-86fb-4ad5-bcc4-50d8c0456dbe" />
      <TestMethod codeBase="/workspace/tests/FluentUIScaffold.Playwright.Tests/bin/Debug/net6.0/FluentUIScaffold.Playwright.Tests.dll" adapterTypeName="executor://nunit3testexecutor/" className="FluentUIScaffold.Playwright.Tests.PlaywrightExceptionsTests" name="PlaywrightBrowserStartupException_WithNullBrowserType_ShouldSetBrowserTypeToNull" />
    </UnitTest>
    <UnitTest name="Constructor_WithValidPage_ShouldCreateFeatures" storage="/workspace/tests/fluentuiscaffold.playwright.tests/bin/debug/net6.0/fluentuiscaffold.playwright.tests.dll" id="b4a2eecf-9a99-b799-a456-523f1eb6e158">
      <Execution id="0b3be792-53ed-47cf-a7ef-3ad1631ba62b" />
      <TestMethod codeBase="/workspace/tests/FluentUIScaffold.Playwright.Tests/bin/Debug/net6.0/FluentUIScaffold.Playwright.Tests.dll" adapterTypeName="executor://nunit3testexecutor/" className="FluentUIScaffold.Playwright.Tests.PlaywrightAdvancedFeaturesTests" name="Constructor_WithValidPage_ShouldCreateFeatures" />
    </UnitTest>
    <UnitTest name="EmulateMobileDeviceAsync_WithValidDeviceName_ShouldNotThrowException" storage="/workspace/tests/fluentuiscaffold.playwright.tests/bin/debug/net6.0/fluentuiscaffold.playwright.tests.dll" id="a7110f0d-1515-f79f-160d-c973adc19695">
      <Execution id="21526633-2df2-4581-9be5-83cf663f5c66" />
      <TestMethod codeBase="/workspace/tests/FluentUIScaffold.Playwright.Tests/bin/Debug/net6.0/FluentUIScaffold.Playwright.Tests.dll" adapterTypeName="executor://nunit3testexecutor/" className="FluentUIScaffold.Playwright.Tests.PlaywrightAdvancedFeaturesTests" name="EmulateMobileDeviceAsync_WithValidDeviceName_ShouldNotThrowException" />
    </UnitTest>
    <UnitTest name="WaitForElementToBeVisible_WithNullSelector_ShouldThrowArgumentException" storage="/workspace/tests/fluentuiscaffold.playwright.tests/bin/debug/net6.0/fluentuiscaffold.playwright.tests.dll" id="8b1d7b5e-1d6e-fbde-e6fa-a6405decaab9">
      <Execution id="a9fbffe3-a885-4b5f-9fb8-fed58d4fe358" />
      <TestMethod codeBase="/workspace/tests/FluentUIScaffold.Playwright.Tests/bin/Debug/net6.0/FluentUIScaffold.Playwright.Tests.dll" adapterTypeName="executor://nunit3testexecutor/" className="FluentUIScaffold.Playwright.Tests.PlaywrightDriverTests" name="WaitForElementToBeVisible_WithNullSelector_ShouldThrowArgumentException" />
    </UnitTest>
    <UnitTest name="AddInitScriptAsync_WithValidScript_ShouldNotThrowException" storage="/workspace/tests/fluentuiscaffold.playwright.tests/bin/debug/net6.0/fluentuiscaffold.playwright.tests.dll" id="ba32e0e1-6ed8-0e3a-e188-0c4b4bac2eae">
      <Execution id="ec70259d-923d-4668-835c-8b7eaa62c1d9" />
      <TestMethod codeBase="/workspace/tests/FluentUIScaffold.Playwright.Tests/bin/Debug/net6.0/FluentUIScaffold.Playwright.Tests.dll" adapterTypeName="executor://nunit3testexecutor/" className="FluentUIScaffold.Playwright.Tests.PlaywrightAdvancedFeaturesTests" name="AddInitScriptAsync_WithValidScript_ShouldNotThrowException" />
    </UnitTest>
    <UnitTest name="EvaluateJavaScriptAsync_WithValidScript_ShouldReturnResult" storage="/workspace/tests/fluentuiscaffold.playwright.tests/bin/debug/net6.0/fluentuiscaffold.playwright.tests.dll" id="362c113e-5702-d90c-7ecb-13bbbfd61463">
      <Execution id="eb6a5524-e4a3-4fa7-a39a-cdafa8e3668e" />
      <TestMethod codeBase="/workspace/tests/FluentUIScaffold.Playwright.Tests/bin/Debug/net6.0/FluentUIScaffold.Playwright.Tests.dll" adapterTypeName="executor://nunit3testexecutor/" className="FluentUIScaffold.Playwright.Tests.PlaywrightAdvancedFeaturesTests" name="EvaluateJavaScriptAsync_WithValidScript_ShouldReturnResult" />
    </UnitTest>
    <UnitTest name="WaitForElementToBeHidden_WithEmptySelector_ShouldThrowArgumentException" storage="/workspace/tests/fluentuiscaffold.playwright.tests/bin/debug/net6.0/fluentuiscaffold.playwright.tests.dll" id="93c9e350-5104-a6bd-9d83-106bac79dae7">
      <Execution id="c625a244-cfcf-445f-a9f2-d03aa438b5d0" />
      <TestMethod codeBase="/workspace/tests/FluentUIScaffold.Playwright.Tests/bin/Debug/net6.0/FluentUIScaffold.Playwright.Tests.dll" adapterTypeName="executor://nunit3testexecutor/" className="FluentUIScaffold.Playwright.Tests.PlaywrightDriverTests" name="WaitForElementToBeHidden_WithEmptySelector_ShouldThrowArgumentException" />
    </UnitTest>
  </TestDefinitions>
  <TestEntries>
    <TestEntry testId="ce7ef0ae-30d6-cbcc-bdb4-d03420e984dd" executionId="dc2108d4-6cdb-46e4-929b-a0cd33e5c9dc" testListId="8c84fa94-04c1-424b-9868-57a2d4851a1d" />
    <TestEntry testId="4d512506-d61d-6e99-e5c8-886efba56d40" executionId="7fd37be3-1c95-426d-b2d8-b28730e1913c" testListId="8c84fa94-04c1-424b-9868-57a2d4851a1d" />
    <TestEntry testId="77166824-4ddf-283f-a4fc-781ad7e809a3" executionId="78a33b9a-cafd-4a14-968d-536165eab788" testListId="8c84fa94-04c1-424b-9868-57a2d4851a1d" />
    <TestEntry testId="a7110f0d-1515-f79f-160d-c973adc19695" executionId="21526633-2df2-4581-9be5-83cf663f5c66" testListId="8c84fa94-04c1-424b-9868-57a2d4851a1d" />
    <TestEntry testId="25abdc2d-45ef-3e74-73db-d094b04fac31" executionId="35db1473-74cd-47cd-be63-376aeefde988" testListId="8c84fa94-04c1-424b-9868-57a2d4851a1d" />
    <TestEntry testId="6a43d979-e903-e862-7ae2-248d09dea56d" executionId="e3d0f54e-6de1-47e0-99b6-5a7bca5f2b3f" testListId="8c84fa94-04c1-424b-9868-57a2d4851a1d" />
    <TestEntry testId="4f4ef7fd-36f7-ba05-36a3-7b3f66834768" executionId="e6295f54-9ad1-4d26-96af-be8f74f1be58" testListId="8c84fa94-04c1-424b-9868-57a2d4851a1d" />
    <TestEntry testId="8e4e42a9-cbeb-2ffe-badb-66dcdda7de9a" executionId="66eef49c-5598-4048-be83-47ac08a6ea1b" testListId="8c84fa94-04c1-424b-9868-57a2d4851a1d" />
    <TestEntry testId="e44936e1-43c5-f732-a194-48ac2203688b" executionId="3bbd2dcd-aba5-4565-8168-ce8ed15d75fb" testListId="8c84fa94-04c1-424b-9868-57a2d4851a1d" />
    <TestEntry testId="6d764fe3-fd38-7c7c-3992-4f2ce7db3d78" executionId="c83404e6-20b3-43fb-a7d6-a715c1991a0b" testListId="8c84fa94-04c1-424b-9868-57a2d4851a1d" />
    <TestEntry testId="3ad03a22-2777-d2d4-5f83-9fd05f5245af" executionId="f37373a3-12ce-4600-860a-4254cf56bcc5" testListId="8c84fa94-04c1-424b-9868-57a2d4851a1d" />
    <TestEntry testId="ff27c3ee-967a-d5b0-28a4-0b2f2d102b00" executionId="16daec0e-5bbe-4340-9522-f477336cb0ac" testListId="8c84fa94-04c1-424b-9868-57a2d4851a1d" />
    <TestEntry testId="815098b5-efab-3788-b82b-7c2f40ad7411" executionId="9182cc77-d302-493e-b5cc-98fe26e5cf3f" testListId="8c84fa94-04c1-424b-9868-57a2d4851a1d" />
    <TestEntry testId="4877fee6-7639-5a08-f7d7-8315d464aac4" executionId="3c5a2d94-26e7-49ff-9ed2-8cc2aeca0430" testListId="8c84fa94-04c1-424b-9868-57a2d4851a1d" />
    <TestEntry testId="3b14417e-ad23-ef34-465a-8ff764684d0a" executionId="47bfbe0e-74eb-42ad-bb50-96733e3f851a" testListId="8c84fa94-04c1-424b-9868-57a2d4851a1d" />
    <TestEntry testId="27a6b503-6d8a-6bf4-22e7-91fa4a9610ae" executionId="2905503e-63c6-4d09-b3d9-8e6d5aa8b0d4" testListId="8c84fa94-04c1-424b-9868-57a2d4851a1d" />
    <TestEntry testId="df4d6327-e7bc-643e-5619-c31e31143540" executionId="e6a9fdbd-b91a-45f4-ba24-527e0c3eeb67" testListId="8c84fa94-04c1-424b-9868-57a2d4851a1d" />
    <TestEntry testId="c4dce798-f1a3-ea12-2f13-63b553ffaea1" executionId="1e7f5fee-4c66-40da-b912-165517951ada" testListId="8c84fa94-04c1-424b-9868-57a2d4851a1d" />
    <TestEntry testId="4ea4703d-971f-8d0f-9080-579d4df73c0e" executionId="9016d32f-25b7-44ca-9f40-d92f8672c75a" testListId="8c84fa94-04c1-424b-9868-57a2d4851a1d" />
    <TestEntry testId="a0b42499-9aa5-d679-1ef3-7d05e5974b9e" executionId="e7bd2f6b-30a1-440f-8b81-74315b1ab58f" testListId="8c84fa94-04c1-424b-9868-57a2d4851a1d" />
    <TestEntry testId="d35e5fdf-75d0-2f95-568c-44152552faab" executionId="98a2f1eb-6a05-47cc-bb68-055f864ad647" testListId="8c84fa94-04c1-424b-9868-57a2d4851a1d" />
    <TestEntry testId="a9901a4f-2a1e-0b93-d3e6-730637b0b658" executionId="9ace4d96-1431-4970-a5ae-33fb3afd5901" testListId="8c84fa94-04c1-424b-9868-57a2d4851a1d" />
    <TestEntry testId="ce9a076c-9acd-572b-8425-afddb1c89e02" executionId="19a50962-81eb-4dc1-8578-7ae2bae36d45" testListId="8c84fa94-04c1-424b-9868-57a2d4851a1d" />
    <TestEntry testId="29102099-3023-58e6-1b9e-94381bd37eb7" executionId="e0968aff-e1c3-4e31-9a39-1e3b75af1b9c" testListId="8c84fa94-04c1-424b-9868-57a2d4851a1d" />
    <TestEntry testId="45856250-19cb-ef6e-6149-9cc71288bcb7" executionId="0515a8ff-91aa-47b4-9c37-4c400b70ea34" testListId="8c84fa94-04c1-424b-9868-57a2d4851a1d" />
    <TestEntry testId="08024d7f-f5d4-70e2-2d00-1732d845efa4" executionId="e71413c8-4642-43c3-8bff-9b66c79f4ab1" testListId="8c84fa94-04c1-424b-9868-57a2d4851a1d" />
    <TestEntry testId="eae310e3-db41-6fc8-d145-0be80a4f2556" executionId="0c25abd4-8717-4505-9792-2050c06492d6" testListId="8c84fa94-04c1-424b-9868-57a2d4851a1d" />
    <TestEntry testId="a040c7ad-7721-eef7-f7a3-3be656e62ca9" executionId="477f0311-d837-4322-bff9-5c23ccd2ed44" testListId="8c84fa94-04c1-424b-9868-57a2d4851a1d" />
    <TestEntry testId="1c19d2b9-0d7d-1341-0e1e-577e56b55133" executionId="da655923-4848-4080-89e7-ab4c631d2ab6" testListId="8c84fa94-04c1-424b-9868-57a2d4851a1d" />
    <TestEntry testId="f62e70a1-30d9-b0fc-8eea-390e512b56f9" executionId="37348d7f-06fc-461c-9d8c-9649ad25862a" testListId="8c84fa94-04c1-424b-9868-57a2d4851a1d" />
    <TestEntry testId="76ff7f4d-9c8c-06e9-6eaf-d088e0e04505" executionId="67c39238-b662-4c1f-9476-453ed36aa8f7" testListId="8c84fa94-04c1-424b-9868-57a2d4851a1d" />
    <TestEntry testId="431f452d-c23f-9ca3-4bae-283bd4f22bb9" executionId="180c0aee-4622-43de-a35f-af809525eb74" testListId="8c84fa94-04c1-424b-9868-57a2d4851a1d" />
    <TestEntry testId="ab7fb356-7440-899e-cd01-0e36beaea533" executionId="c365a163-f022-4f30-9efc-ea8e7bb5a9a4" testListId="8c84fa94-04c1-424b-9868-57a2d4851a1d" />
    <TestEntry testId="8bfbe005-5221-22b1-278d-cb9bd37053a6" executionId="0da66700-d06e-495e-baed-3f0fa0dc9f30" testListId="8c84fa94-04c1-424b-9868-57a2d4851a1d" />
    <TestEntry testId="3ff93f72-7ce5-5fab-8610-20cbfcaf06d2" executionId="47777bee-4b9d-4fc2-a429-2fe36577fd15" testListId="8c84fa94-04c1-424b-9868-57a2d4851a1d" />
    <TestEntry testId="98ab0928-473a-f0b2-1c0f-979f2f5dd59d" executionId="d5ea3095-1398-4119-b851-fe8156dc5186" testListId="8c84fa94-04c1-424b-9868-57a2d4851a1d" />
    <TestEntry testId="ceb91d2d-ad4f-bb50-563d-695574499def" executionId="0b8227ac-b49c-4088-864f-5cc91cd36068" testListId="8c84fa94-04c1-424b-9868-57a2d4851a1d" />
    <TestEntry testId="fa631617-c65d-b7c1-e160-e4d485baa491" executionId="91ea03d1-2354-49a7-befd-72786a824774" testListId="8c84fa94-04c1-424b-9868-57a2d4851a1d" />
    <TestEntry testId="b08e593a-105a-8f9a-8a16-fc40973c941d" executionId="46cab9d8-696c-40f5-98ed-4563369c2b8d" testListId="8c84fa94-04c1-424b-9868-57a2d4851a1d" />
    <TestEntry testId="39a497ce-1c9b-21eb-4e39-bf1601ef01af" executionId="9b56beb5-7725-41e5-af67-738dfee818ee" testListId="8c84fa94-04c1-424b-9868-57a2d4851a1d" />
    <TestEntry testId="8b412a83-eed0-b405-9d7e-9460966d666b" executionId="5840fd98-1cd7-4006-be7a-8476bd912e3a" testListId="8c84fa94-04c1-424b-9868-57a2d4851a1d" />
    <TestEntry testId="34add508-2a70-84a8-717f-061411066a1d" executionId="eac9d7b3-8834-4d14-93e2-2804bb84ed96" testListId="8c84fa94-04c1-424b-9868-57a2d4851a1d" />
    <TestEntry testId="5d8f4898-8bd2-03b0-b2a9-5666b648c3a8" executionId="b096aefb-9a20-4145-b7eb-90fcb275cbc4" testListId="8c84fa94-04c1-424b-9868-57a2d4851a1d" />
    <TestEntry testId="a17eff27-7a9d-3fe1-a994-0b42d6f3dc3a" executionId="1fb8355d-3d4a-4974-b3fd-b531023b780a" testListId="8c84fa94-04c1-424b-9868-57a2d4851a1d" />
    <TestEntry testId="8ad984d6-7085-8350-03f6-84c69fb96b0b" executionId="db4fce7c-4586-48f8-aac9-14383cf02eb5" testListId="8c84fa94-04c1-424b-9868-57a2d4851a1d" />
    <TestEntry testId="0bc0dd3d-4205-ff81-c8aa-57581549ca33" executionId="b44e4691-42f7-4737-85c9-3dd1cbaae6b2" testListId="8c84fa94-04c1-424b-9868-57a2d4851a1d" />
    <TestEntry testId="471c48b8-3934-9ff4-83c3-85e85475d277" executionId="e2dbff2d-7935-430b-8239-bab6268dba38" testListId="8c84fa94-04c1-424b-9868-57a2d4851a1d" />
    <TestEntry testId="a5d32aa4-c3a6-e1da-183c-f4e414cd9910" executionId="558bc3fa-6fc0-4a91-8b48-4365312d0687" testListId="8c84fa94-04c1-424b-9868-57a2d4851a1d" />
    <TestEntry testId="f18c7ad7-eb0f-06f7-7be6-b1c9e4fa00a2" executionId="6bbe9623-1294-4669-90a9-ff4df7cd51ed" testListId="8c84fa94-04c1-424b-9868-57a2d4851a1d" />
    <TestEntry testId="5637c2bc-4ff0-830b-afbc-8160de8eaeff" executionId="f8264d26-81b2-4ab9-bf5a-5edb5b978107" testListId="8c84fa94-04c1-424b-9868-57a2d4851a1d" />
    <TestEntry testId="2a52eb47-2f2b-89a4-1aaf-1041ed903d63" executionId="1ec11c89-9398-419f-b266-8b592e253b24" testListId="8c84fa94-04c1-424b-9868-57a2d4851a1d" />
    <TestEntry testId="e8d74a76-a6dc-3af0-710e-e305cc9a27a7" executionId="6afaaab3-c72f-44a5-97be-de99a7977a10" testListId="8c84fa94-04c1-424b-9868-57a2d4851a1d" />
    <TestEntry testId="45134bbd-894d-df2d-e054-a81510231f3d" executionId="026c8390-d4b8-406e-aebd-fb081e6fe3cc" testListId="8c84fa94-04c1-424b-9868-57a2d4851a1d" />
    <TestEntry testId="b2ab8ddd-ea45-0e6e-e413-55319ef7b10b" executionId="39ebaada-5bab-433b-a18e-75c255f87218" testListId="8c84fa94-04c1-424b-9868-57a2d4851a1d" />
    <TestEntry testId="ded617c3-d704-a2dc-89a2-9e07115fa2fd" executionId="450a0894-8598-4cf3-b01c-cdbf20a3465b" testListId="8c84fa94-04c1-424b-9868-57a2d4851a1d" />
    <TestEntry testId="236ebad8-d8a1-9190-7cc9-fc41c258d7ec" executionId="b80be2ff-a7bb-474d-a5b9-f5efa6f1f5ec" testListId="8c84fa94-04c1-424b-9868-57a2d4851a1d" />
    <TestEntry testId="e2038e8d-a0ec-f93d-73e6-4ef1063fd72c" executionId="e27b7d44-37c7-4f64-9f4d-ca28f6a35347" testListId="8c84fa94-04c1-424b-9868-57a2d4851a1d" />
    <TestEntry testId="ef42b422-8ac9-4685-b465-5741dfd4e276" executionId="b70ab993-56e4-4ebe-a7f4-48bbe547411e" testListId="8c84fa94-04c1-424b-9868-57a2d4851a1d" />
    <TestEntry testId="95496f37-19bd-a3f6-2a2c-3d627f1301ea" executionId="8f92a707-458b-427c-9ee4-336cf4841484" testListId="8c84fa94-04c1-424b-9868-57a2d4851a1d" />
    <TestEntry testId="c5ace3fd-819e-bba6-cdba-2401aa2b6b10" executionId="63ab0024-8537-4761-b42e-2bba3ac4b14e" testListId="8c84fa94-04c1-424b-9868-57a2d4851a1d" />
    <TestEntry testId="f9eaa350-3407-dfbf-81e7-a2dcc8ed9569" executionId="39a0778c-f32a-4e6f-b963-2fe590b6d0f4" testListId="8c84fa94-04c1-424b-9868-57a2d4851a1d" />
    <TestEntry testId="f44ad0a1-0847-0f54-bff5-381243908744" executionId="a91bef93-ebd6-48a0-b531-7fa07a8c3174" testListId="8c84fa94-04c1-424b-9868-57a2d4851a1d" />
    <TestEntry testId="7c2b473a-b129-8a39-0f11-3dfd0ad70e94" executionId="44eb1c39-1bae-4b74-895b-ae58c41cab81" testListId="8c84fa94-04c1-424b-9868-57a2d4851a1d" />
    <TestEntry testId="cd2fb9d4-c210-d572-239c-0d75835cfc5e" executionId="7ba6a037-86fb-4ad5-bcc4-50d8c0456dbe" testListId="8c84fa94-04c1-424b-9868-57a2d4851a1d" />
    <TestEntry testId="9c4667d8-9f8a-fe5b-50bf-47a735c0cdb4" executionId="c79cfd9c-d100-4098-9138-cd570b03f589" testListId="8c84fa94-04c1-424b-9868-57a2d4851a1d" />
    <TestEntry testId="13205d21-5396-0d73-194f-16064907002f" executionId="5377f7ab-7865-4a51-a5a7-b5ed9f0185a1" testListId="8c84fa94-04c1-424b-9868-57a2d4851a1d" />
    <TestEntry testId="29b927ce-f540-26d4-d1f1-a1b0b62c4d93" executionId="494b5090-8c95-448a-8db1-108319c6d518" testListId="8c84fa94-04c1-424b-9868-57a2d4851a1d" />
    <TestEntry testId="f7945da7-05fc-93b2-6c8b-30796e4537e2" executionId="da2482f3-ff67-4793-82df-4d14daa28739" testListId="8c84fa94-04c1-424b-9868-57a2d4851a1d" />
    <TestEntry testId="ba32e0e1-6ed8-0e3a-e188-0c4b4bac2eae" executionId="ec70259d-923d-4668-835c-8b7eaa62c1d9" testListId="8c84fa94-04c1-424b-9868-57a2d4851a1d" />
    <TestEntry testId="d8a94e68-473e-230d-959c-c6cb87f94d0d" executionId="528f5c8b-70b6-41e7-9ef7-e1ccfe24f904" testListId="8c84fa94-04c1-424b-9868-57a2d4851a1d" />
    <TestEntry testId="b658b339-aeef-29fb-d21b-40e08f77927d" executionId="29d3b27e-5cc0-4c74-bcfc-2886778e30fa" testListId="8c84fa94-04c1-424b-9868-57a2d4851a1d" />
    <TestEntry testId="8b1d7b5e-1d6e-fbde-e6fa-a6405decaab9" executionId="a9fbffe3-a885-4b5f-9fb8-fed58d4fe358" testListId="8c84fa94-04c1-424b-9868-57a2d4851a1d" />
    <TestEntry testId="bf3e385b-dfdb-8f76-ab68-66223f8891f9" executionId="aabd8d2a-1b80-402a-991f-ebd54b5aebe6" testListId="8c84fa94-04c1-424b-9868-57a2d4851a1d" />
    <TestEntry testId="d004b151-1a2b-5307-b77d-2f9884eee910" executionId="02febe2b-cbd0-44f9-9f39-75a731e7858b" testListId="8c84fa94-04c1-424b-9868-57a2d4851a1d" />
    <TestEntry testId="4c697dac-7fda-ed9a-8482-a66b241202c5" executionId="d9a2c61a-fced-46e0-8664-f74b5e7cbece" testListId="8c84fa94-04c1-424b-9868-57a2d4851a1d" />
    <TestEntry testId="705b3a66-7abb-be15-4d76-eeeccbd1e039" executionId="0c097669-e280-4321-9d67-f39a1958ac58" testListId="8c84fa94-04c1-424b-9868-57a2d4851a1d" />
    <TestEntry testId="7def36c3-84cc-de65-8474-fb3817dac248" executionId="93350b2c-4fba-424d-9dbd-b413c44205de" testListId="8c84fa94-04c1-424b-9868-57a2d4851a1d" />
    <TestEntry testId="2b967a35-4f93-7672-b237-6aff698f6ce5" executionId="bb83df65-9318-4ed3-86f4-576a8d3bf095" testListId="8c84fa94-04c1-424b-9868-57a2d4851a1d" />
    <TestEntry testId="e5737d36-51a6-dc2d-8804-78bd59fa91a2" executionId="a76f305d-ed43-4429-aac3-45ad375562c4" testListId="8c84fa94-04c1-424b-9868-57a2d4851a1d" />
    <TestEntry testId="6e8c0812-e23c-e7a6-cbe8-62f734dab9f7" executionId="6186571b-616c-4408-8c19-ded5c543fc4f" testListId="8c84fa94-04c1-424b-9868-57a2d4851a1d" />
    <TestEntry testId="4dbe9558-da89-b0af-04d4-50fba6f3e664" executionId="85fc94df-d499-492e-8df7-13f545b9fdee" testListId="8c84fa94-04c1-424b-9868-57a2d4851a1d" />
    <TestEntry testId="3ffb125b-102b-bde1-b8fc-5af3a8320f3e" executionId="47066d34-a372-4122-aecd-d8c78b90f149" testListId="8c84fa94-04c1-424b-9868-57a2d4851a1d" />
    <TestEntry testId="8a988672-c520-f531-e937-e9bc3434963b" executionId="82f08d12-7c99-4d28-9d05-27696fae678e" testListId="8c84fa94-04c1-424b-9868-57a2d4851a1d" />
    <TestEntry testId="b5825f7a-1718-d5b8-d745-4d4cf3df9a9b" executionId="dcad4cbe-1638-4591-85c7-b371d3262f7f" testListId="8c84fa94-04c1-424b-9868-57a2d4851a1d" />
    <TestEntry testId="944f38ad-08f1-a287-da8c-959767d157ca" executionId="1f9036a0-255e-454e-b062-0d3845bcb80c" testListId="8c84fa94-04c1-424b-9868-57a2d4851a1d" />
    <TestEntry testId="7129b340-9055-6f76-82b2-850b838de151" executionId="82926e42-dc2b-428b-8989-b6e61ad40197" testListId="8c84fa94-04c1-424b-9868-57a2d4851a1d" />
    <TestEntry testId="9d8e977a-2daa-bc0b-9397-cfa6dd67da2e" executionId="7ebacdd7-d09f-4074-b37b-158fd88f8eba" testListId="8c84fa94-04c1-424b-9868-57a2d4851a1d" />
    <TestEntry testId="93632efa-74f1-63ac-ce85-01344d72df82" executionId="c197ee3f-f9bb-4d4a-9b51-0bedc0ab7909" testListId="8c84fa94-04c1-424b-9868-57a2d4851a1d" />
    <TestEntry testId="b4a2eecf-9a99-b799-a456-523f1eb6e158" executionId="0b3be792-53ed-47cf-a7ef-3ad1631ba62b" testListId="8c84fa94-04c1-424b-9868-57a2d4851a1d" />
    <TestEntry testId="4037d24c-70f3-df4c-51c5-e323f0c729ef" executionId="5b1b867d-74be-4e6a-80fd-92e3ee7da3dd" testListId="8c84fa94-04c1-424b-9868-57a2d4851a1d" />
    <TestEntry testId="babf245e-61e1-cd79-5730-5304e9bd7511" executionId="b5a80463-458d-4429-b0a5-61a495fe15a8" testListId="8c84fa94-04c1-424b-9868-57a2d4851a1d" />
    <TestEntry testId="7bcdd09f-6609-1f20-233b-7512e4e6f7c1" executionId="b89abd07-eb2b-4173-bc48-e432e3747e3a" testListId="8c84fa94-04c1-424b-9868-57a2d4851a1d" />
    <TestEntry testId="e4684098-88e8-a927-a52a-bb65b5d5ba67" executionId="bff53bc8-007b-4edc-b666-c4967f36108f" testListId="8c84fa94-04c1-424b-9868-57a2d4851a1d" />
    <TestEntry testId="362c113e-5702-d90c-7ecb-13bbbfd61463" executionId="eb6a5524-e4a3-4fa7-a39a-cdafa8e3668e" testListId="8c84fa94-04c1-424b-9868-57a2d4851a1d" />
    <TestEntry testId="11bf123b-4b49-9aad-cb04-3660819fe124" executionId="4d42d843-f9cb-447c-9358-b3691437a068" testListId="8c84fa94-04c1-424b-9868-57a2d4851a1d" />
    <TestEntry testId="89d34624-71ad-44f5-abfd-0f410f0823b2" executionId="54712f17-632f-4250-909a-5322ebecdac1" testListId="8c84fa94-04c1-424b-9868-57a2d4851a1d" />
    <TestEntry testId="3498048a-05a3-5fab-e906-09acaee53433" executionId="3e5cbbbe-1848-465b-8934-dedb750b16b8" testListId="8c84fa94-04c1-424b-9868-57a2d4851a1d" />
    <TestEntry testId="8213bc5b-42b0-75d7-a534-797053f7517b" executionId="f5a4474f-4bb5-4c6d-a6cc-28233f0e06c2" testListId="8c84fa94-04c1-424b-9868-57a2d4851a1d" />
    <TestEntry testId="93c9e350-5104-a6bd-9d83-106bac79dae7" executionId="c625a244-cfcf-445f-a9f2-d03aa438b5d0" testListId="8c84fa94-04c1-424b-9868-57a2d4851a1d" />
    <TestEntry testId="d8f4bef2-a3b9-084c-3bb4-021b9fe3d72e" executionId="110cbd42-6866-4578-a807-fd42188fa7b0" testListId="8c84fa94-04c1-424b-9868-57a2d4851a1d" />
    <TestEntry testId="6e3418a6-0523-597c-afc0-6f63762ec308" executionId="ca0cb0f7-7c86-483c-bf46-080f61a26624" testListId="8c84fa94-04c1-424b-9868-57a2d4851a1d" />
    <TestEntry testId="bcd1ca03-417a-4076-e596-5bfcbb44e0e2" executionId="2ef423ca-de2d-419d-a7be-9c4e2ecc2512" testListId="8c84fa94-04c1-424b-9868-57a2d4851a1d" />
    <TestEntry testId="42fb382d-1c8c-a4e5-48a8-bcf25cccc671" executionId="3030880c-7168-452e-9937-8deafae8f4a2" testListId="8c84fa94-04c1-424b-9868-57a2d4851a1d" />
    <TestEntry testId="91fc287d-2917-073f-d019-a49cedb4c089" executionId="2d074fe4-00b5-4108-8792-a83ea64efb00" testListId="8c84fa94-04c1-424b-9868-57a2d4851a1d" />
    <TestEntry testId="cdf95cc8-e652-0533-8bc6-85dc81d809bd" executionId="12d7bfbe-631b-4300-a6d3-5403a4dcfdc5" testListId="8c84fa94-04c1-424b-9868-57a2d4851a1d" />
    <TestEntry testId="ae12414c-2a3b-8fba-bfbc-5cc41bbf8493" executionId="a3d3cd8e-dee6-47e8-9f69-4a99040d0e8f" testListId="8c84fa94-04c1-424b-9868-57a2d4851a1d" />
    <TestEntry testId="81987c09-bfbe-10db-7f52-1c7de4cb6a0e" executionId="3eef7d7c-124d-49e0-831b-f90fdd4c2125" testListId="8c84fa94-04c1-424b-9868-57a2d4851a1d" />
    <TestEntry testId="c664cdab-350c-1fb1-39db-9c396900386f" executionId="2734f214-d2f2-4ffc-b2a2-fc8b5fd1bbb0" testListId="8c84fa94-04c1-424b-9868-57a2d4851a1d" />
    <TestEntry testId="3c8cad92-46ed-0873-a4a3-5d20f77cde53" executionId="2c1276a1-9415-4aba-9134-54ba3d9d0cec" testListId="8c84fa94-04c1-424b-9868-57a2d4851a1d" />
    <TestEntry testId="77b8f1d6-b8c9-e577-da61-e76abc5e190a" executionId="0f790c44-ef09-4fd2-92d3-d725e2869b4f" testListId="8c84fa94-04c1-424b-9868-57a2d4851a1d" />
  </TestEntries>
  <TestLists>
    <TestList name="Results Not in a List" id="8c84fa94-04c1-424b-9868-57a2d4851a1d" />
    <TestList name="All Loaded Results" id="19431567-8539-422a-85d7-44ee4e166bda" />
  </TestLists>
  <ResultSummary outcome="Completed">
    <Counters total="110" executed="110" passed="110" failed="0" error="0" timeout="0" aborted="0" inconclusive="0" passedButRunAborted="0" notRunnable="0" notExecuted="0" disconnected="0" warning="0" completed="0" inProgress="0" pending="0" />
    <Output>
      <StdOut>NUnit Adapter 4.5.0.0: Test execution started
Running all tests in /workspace/tests/FluentUIScaffold.Playwright.Tests/bin/Debug/net6.0/FluentUIScaffold.Playwright.Tests.dll
   NUnit3TestExecutor discovered 110 of 110 NUnit test cases using Current Discovery mode, Non-Explicit run
NUnit Adapter 4.5.0.0: Test execution complete
</StdOut>
    </Output>
    <CollectorDataEntries>
      <Collector agentName="cursor" uri="datacollector://microsoft/CoverletCodeCoverage/1.0" collectorDisplayName="XPlat code coverage">
        <UriAttachments>
          <UriAttachment>
            <A href="cursor/coverage.cobertura.xml"></A>
          </UriAttachment>
        </UriAttachments>
      </Collector>
    </CollectorDataEntries>
  </ResultSummary>
</TestRun>