<?xml version="1.0" encoding="utf-8"?>
<TestRun id="9546c6fb-d217-479d-b341-b398d991af53" name="@cursor 2025-08-11 08:40:00" xmlns="http://microsoft.com/schemas/VisualStudio/TeamTest/2010">
  <Times creation="2025-08-11T08:40:00.6977054+00:00" queuing="2025-08-11T08:40:00.6977054+00:00" start="2025-08-11T08:39:59.5890014+00:00" finish="2025-08-11T08:40:09.4786000+00:00" />
  <TestSettings name="default" id="83776d16-2415-494a-b4a9-75fc4b612ab7">
    <Deployment runDeploymentRoot="_cursor_2025-08-11_08_40_00" />
  </TestSettings>
  <Results>
    <UnitTestResult executionId="6304c662-5cda-4857-bcb7-37a70971aed0" testId="a0b42499-9aa5-d679-1ef3-7d05e5974b9e" testName="TakeElementScreenshotAsync_WithEmptySelector_ShouldThrowArgumentException" computerName="cursor" duration="00:00:00.0015720" startTime="2025-08-11T08:40:00.6789139+00:00" endTime="2025-08-11T08:40:00.6804855+00:00" testType="13cdc9d9-ddb5-4fa4-a97d-d965ccfc6d4b" outcome="Passed" testListId="8c84fa94-04c1-424b-9868-57a2d4851a1d" relativeResultsDirectory="6304c662-5cda-4857-bcb7-37a70971aed0" />
    <UnitTestResult executionId="320ae531-9137-4f89-86f0-fcf12bed8d24" testId="98ab0928-473a-f0b2-1c0f-979f2f5dd59d" testName="WaitForElement_WithSmartStrategy_ShouldNotThrowException" computerName="cursor" duration="00:00:00.0010169" startTime="2025-08-11T08:40:09.0725910+00:00" endTime="2025-08-11T08:40:09.0736081+00:00" testType="13cdc9d9-ddb5-4fa4-a97d-d965ccfc6d4b" outcome="Passed" testListId="8c84fa94-04c1-424b-9868-57a2d4851a1d" relativeResultsDirectory="320ae531-9137-4f89-86f0-fcf12bed8d24" />
    <UnitTestResult executionId="591a91c2-1a28-423c-bd16-1b7164cfd1bc" testId="d35e5fdf-75d0-2f95-568c-44152552faab" testName="Name_ReturnsPlaywright" computerName="cursor" duration="00:00:00.0003180" startTime="2025-08-11T08:40:09.0559020+00:00" endTime="2025-08-11T08:40:09.0562203+00:00" testType="13cdc9d9-ddb5-4fa4-a97d-d965ccfc6d4b" outcome="Passed" testListId="8c84fa94-04c1-424b-9868-57a2d4851a1d" relativeResultsDirectory="591a91c2-1a28-423c-bd16-1b7164cfd1bc" />
    <UnitTestResult executionId="d01b6973-31ad-4696-9454-aa5ce03897de" testId="4877fee6-7639-5a08-f7d7-8315d464aac4" testName="CanHandle_WithOtherDriverType_ReturnsFalse" computerName="cursor" duration="00:00:00.0006130" startTime="2025-08-11T08:40:08.8045642+00:00" endTime="2025-08-11T08:40:08.8051772+00:00" testType="13cdc9d9-ddb5-4fa4-a97d-d965ccfc6d4b" outcome="Passed" testListId="8c84fa94-04c1-424b-9868-57a2d4851a1d" relativeResultsDirectory="d01b6973-31ad-4696-9454-aa5ce03897de" />
    <UnitTestResult executionId="92726211-c5fa-499e-a3eb-c96872a134d5" testId="39a497ce-1c9b-21eb-4e39-bf1601ef01af" testName="StartVideoRecordingAsync_WithValidPath_ShouldNotThrowException" computerName="cursor" duration="00:00:00.0013670" startTime="2025-08-11T08:40:00.6762954+00:00" endTime="2025-08-11T08:40:00.6776618+00:00" testType="13cdc9d9-ddb5-4fa4-a97d-d965ccfc6d4b" outcome="Passed" testListId="8c84fa94-04c1-424b-9868-57a2d4851a1d" relativeResultsDirectory="92726211-c5fa-499e-a3eb-c96872a134d5" />
    <UnitTestResult executionId="e60f8d04-e5c1-463b-9f6a-c4194cb45f9d" testId="b08e593a-105a-8f9a-8a16-fc40973c941d" testName="PlaywrightException_ShouldInheritFromFluentUIScaffoldException" computerName="cursor" duration="00:00:00.0000970" startTime="2025-08-11T08:40:08.7994628+00:00" endTime="2025-08-11T08:40:08.7995599+00:00" testType="13cdc9d9-ddb5-4fa4-a97d-d965ccfc6d4b" outcome="Passed" testListId="8c84fa94-04c1-424b-9868-57a2d4851a1d" relativeResultsDirectory="e60f8d04-e5c1-463b-9f6a-c4194cb45f9d" />
    <UnitTestResult executionId="426e0bc1-5dc5-4eaf-8a6d-0a5c134b2fd7" testId="7def36c3-84cc-de65-8474-fb3817dac248" testName="WaitForNetworkRequestAsync_WithEmptyUrlPattern_ShouldThrowArgumentException" computerName="cursor" duration="00:00:00.0024589" startTime="2025-08-11T08:40:00.6850757+00:00" endTime="2025-08-11T08:40:00.6875341+00:00" testType="13cdc9d9-ddb5-4fa4-a97d-d965ccfc6d4b" outcome="Passed" testListId="8c84fa94-04c1-424b-9868-57a2d4851a1d" relativeResultsDirectory="426e0bc1-5dc5-4eaf-8a6d-0a5c134b2fd7" />
    <UnitTestResult executionId="2e1c3382-d9fa-4a02-ba00-7fac17028dd3" testId="d004b151-1a2b-5307-b77d-2f9884eee910" testName="WaitForElement_WithEmptySelector_ShouldThrowArgumentException" computerName="cursor" duration="00:00:00.0007610" startTime="2025-08-11T08:40:09.0685889+00:00" endTime="2025-08-11T08:40:09.0693494+00:00" testType="13cdc9d9-ddb5-4fa4-a97d-d965ccfc6d4b" outcome="Passed" testListId="8c84fa94-04c1-424b-9868-57a2d4851a1d" relativeResultsDirectory="2e1c3382-d9fa-4a02-ba00-7fac17028dd3" />
    <UnitTestResult executionId="efa31e6c-9ea7-4a84-9793-c075d900e0d2" testId="4f4ef7fd-36f7-ba05-36a3-7b3f66834768" testName="PlaywrightException_WithMessageSelectorAndInnerException_ShouldSetProperties" computerName="cursor" duration="00:00:00.0001260" startTime="2025-08-11T08:40:08.7997615+00:00" endTime="2025-08-11T08:40:08.7998877+00:00" testType="13cdc9d9-ddb5-4fa4-a97d-d965ccfc6d4b" outcome="Passed" testListId="8c84fa94-04c1-424b-9868-57a2d4851a1d" relativeResultsDirectory="efa31e6c-9ea7-4a84-9793-c075d900e0d2" />
    <UnitTestResult executionId="f0dfa540-628a-4f01-a19f-52495a38a4fc" testId="42fb382d-1c8c-a4e5-48a8-bcf25cccc671" testName="PlaywrightNavigationException_ShouldInheritFromPlaywrightException" computerName="cursor" duration="00:00:00.0001710" startTime="2025-08-11T08:40:08.7999956+00:00" endTime="2025-08-11T08:40:08.8001664+00:00" testType="13cdc9d9-ddb5-4fa4-a97d-d965ccfc6d4b" outcome="Passed" testListId="8c84fa94-04c1-424b-9868-57a2d4851a1d" relativeResultsDirectory="f0dfa540-628a-4f01-a19f-52495a38a4fc" />
    <UnitTestResult executionId="27705f0d-df33-4961-85ff-a86b49e269e1" testId="9d8e977a-2daa-bc0b-9397-cfa6dd67da2e" testName="Constructor_WithValidOptions_CreatesInstance" computerName="cursor" duration="00:00:00.2685380" startTime="2025-08-11T08:40:01.7679730+00:00" endTime="2025-08-11T08:40:02.0365103+00:00" testType="13cdc9d9-ddb5-4fa4-a97d-d965ccfc6d4b" outcome="Passed" testListId="8c84fa94-04c1-424b-9868-57a2d4851a1d" relativeResultsDirectory="27705f0d-df33-4961-85ff-a86b49e269e1" />
    <UnitTestResult executionId="d372c9b6-1804-4b52-a3c9-4bce0b3fae96" testId="ab7fb356-7440-899e-cd01-0e36beaea533" testName="WaitForElement_WithNullSelector_ShouldThrowArgumentException" computerName="cursor" duration="00:00:00.0007400" startTime="2025-08-11T08:40:09.0718313+00:00" endTime="2025-08-11T08:40:09.0725714+00:00" testType="13cdc9d9-ddb5-4fa4-a97d-d965ccfc6d4b" outcome="Passed" testListId="8c84fa94-04c1-424b-9868-57a2d4851a1d" relativeResultsDirectory="d372c9b6-1804-4b52-a3c9-4bce0b3fae96" />
    <UnitTestResult executionId="657f5aef-7013-44d5-9537-655ef7e7adcf" testId="f7945da7-05fc-93b2-6c8b-30796e4537e2" testName="Constructor_WithValidParameters_ShouldCreateStrategy" computerName="cursor" duration="00:00:00.0007040" startTime="2025-08-11T08:40:09.0610819+00:00" endTime="2025-08-11T08:40:09.0617862+00:00" testType="13cdc9d9-ddb5-4fa4-a97d-d965ccfc6d4b" outcome="Passed" testListId="8c84fa94-04c1-424b-9868-57a2d4851a1d" relativeResultsDirectory="657f5aef-7013-44d5-9537-655ef7e7adcf" />
    <UnitTestResult executionId="e6907c3d-6fc2-4703-a140-26a5b98e3497" testId="4dbe9558-da89-b0af-04d4-50fba6f3e664" testName="WaitForElement_WithNullSelector_ShouldThrowArgumentException" computerName="cursor" duration="00:00:00.2633800" startTime="2025-08-11T08:40:07.4654009+00:00" endTime="2025-08-11T08:40:07.7287807+00:00" testType="13cdc9d9-ddb5-4fa4-a97d-d965ccfc6d4b" outcome="Passed" testListId="8c84fa94-04c1-424b-9868-57a2d4851a1d" relativeResultsDirectory="e6907c3d-6fc2-4703-a140-26a5b98e3497" />
    <UnitTestResult executionId="682e253c-e2f3-42c3-8772-6e10f23fe913" testId="b2ab8ddd-ea45-0e6e-e413-55319ef7b10b" testName="Dispose_ShouldBeCallableMultipleTimes" computerName="cursor" duration="00:00:00.2677460" startTime="2025-08-11T08:40:02.6836835+00:00" endTime="2025-08-11T08:40:02.9514285+00:00" testType="13cdc9d9-ddb5-4fa4-a97d-d965ccfc6d4b" outcome="Passed" testListId="8c84fa94-04c1-424b-9868-57a2d4851a1d" relativeResultsDirectory="682e253c-e2f3-42c3-8772-6e10f23fe913" />
    <UnitTestResult executionId="d6b637ca-78c1-4365-a9ee-87d82ef1c547" testId="f9eaa350-3407-dfbf-81e7-a2dcc8ed9569" testName="CreateDriver_WithNullOptions_ThrowsException" computerName="cursor" duration="00:00:00.0002690" startTime="2025-08-11T08:40:08.8055343+00:00" endTime="2025-08-11T08:40:08.8058030+00:00" testType="13cdc9d9-ddb5-4fa4-a97d-d965ccfc6d4b" outcome="Passed" testListId="8c84fa94-04c1-424b-9868-57a2d4851a1d" relativeResultsDirectory="d6b637ca-78c1-4365-a9ee-87d82ef1c547" />
    <UnitTestResult executionId="1504bd4c-cbc9-4903-a8a8-0a7786e0c354" testId="8a988672-c520-f531-e937-e9bc3434963b" testName="PlaywrightTimeoutException_ShouldInheritFromPlaywrightException" computerName="cursor" duration="00:00:00.0001499" startTime="2025-08-11T08:40:08.8006495+00:00" endTime="2025-08-11T08:40:08.8007993+00:00" testType="13cdc9d9-ddb5-4fa4-a97d-d965ccfc6d4b" outcome="Passed" testListId="8c84fa94-04c1-424b-9868-57a2d4851a1d" relativeResultsDirectory="1504bd4c-cbc9-4903-a8a8-0a7786e0c354" />
    <UnitTestResult executionId="7827f3b5-ac04-4cf7-8a11-da110ff98bcd" testId="91fc287d-2917-073f-d019-a49cedb4c089" testName="PlaywrightElementNotFoundException_WithSelectorAndInnerException_ShouldSetProperties" computerName="cursor" duration="00:00:00.0001380" startTime="2025-08-11T08:40:08.7986922+00:00" endTime="2025-08-11T08:40:08.7988305+00:00" testType="13cdc9d9-ddb5-4fa4-a97d-d965ccfc6d4b" outcome="Passed" testListId="8c84fa94-04c1-424b-9868-57a2d4851a1d" relativeResultsDirectory="7827f3b5-ac04-4cf7-8a11-da110ff98bcd" />
    <UnitTestResult executionId="ac0227a0-6e81-4647-9521-688fd1d84b77" testId="4ea4703d-971f-8d0f-9080-579d4df73c0e" testName="GetText_WithEmptySelector_ShouldThrowArgumentException" computerName="cursor" duration="00:00:00.2833220" startTime="2025-08-11T08:40:04.2923157+00:00" endTime="2025-08-11T08:40:04.5756369+00:00" testType="13cdc9d9-ddb5-4fa4-a97d-d965ccfc6d4b" outcome="Passed" testListId="8c84fa94-04c1-424b-9868-57a2d4851a1d" relativeResultsDirectory="ac0227a0-6e81-4647-9521-688fd1d84b77" />
    <UnitTestResult executionId="aa8ea554-fe98-4cdc-842c-c4f8d516f7c0" testId="7129b340-9055-6f76-82b2-850b838de151" testName="CurrentUrl_ReturnsExpectedUrl" computerName="cursor" duration="00:00:00.3213390" startTime="2025-08-11T08:40:02.0365345+00:00" endTime="2025-08-11T08:40:02.3578734+00:00" testType="13cdc9d9-ddb5-4fa4-a97d-d965ccfc6d4b" outcome="Passed" testListId="8c84fa94-04c1-424b-9868-57a2d4851a1d" relativeResultsDirectory="aa8ea554-fe98-4cdc-842c-c4f8d516f7c0" />
    <UnitTestResult executionId="18a3d54b-5b6f-4611-8e33-4a7187396833" testId="25abdc2d-45ef-3e74-73db-d094b04fac31" testName="PlaywrightElementNotVisibleException_ShouldInheritFromPlaywrightException" computerName="cursor" duration="00:00:00.0002799" startTime="2025-08-11T08:40:08.7988357+00:00" endTime="2025-08-11T08:40:08.7991155+00:00" testType="13cdc9d9-ddb5-4fa4-a97d-d965ccfc6d4b" outcome="Passed" testListId="8c84fa94-04c1-424b-9868-57a2d4851a1d" relativeResultsDirectory="18a3d54b-5b6f-4611-8e33-4a7187396833" />
    <UnitTestResult executionId="1fdfee1a-cca7-4749-9d44-c9a223b38abb" testId="815098b5-efab-3788-b82b-7c2f40ad7411" testName="Type_WithNullSelector_ShouldThrowArgumentException" computerName="cursor" duration="00:00:00.2543019" startTime="2025-08-11T08:40:06.9532377+00:00" endTime="2025-08-11T08:40:07.2075393+00:00" testType="13cdc9d9-ddb5-4fa4-a97d-d965ccfc6d4b" outcome="Passed" testListId="8c84fa94-04c1-424b-9868-57a2d4851a1d" relativeResultsDirectory="1fdfee1a-cca7-4749-9d44-c9a223b38abb" />
    <UnitTestResult executionId="daf1f96b-0add-487c-b583-a30186c86910" testId="8e4e42a9-cbeb-2ffe-badb-66dcdda7de9a" testName="WaitForElement_WithUnsupportedStrategy_ShouldThrowArgumentException" computerName="cursor" duration="00:00:00.0009920" startTime="2025-08-11T08:40:09.0744016+00:00" endTime="2025-08-11T08:40:09.0753935+00:00" testType="13cdc9d9-ddb5-4fa4-a97d-d965ccfc6d4b" outcome="Passed" testListId="8c84fa94-04c1-424b-9868-57a2d4851a1d" relativeResultsDirectory="daf1f96b-0add-487c-b583-a30186c86910" />
    <UnitTestResult executionId="8f61cf70-e1fa-41b2-9748-3b4ce28c7636" testId="362c113e-5702-d90c-7ecb-13bbbfd61463" testName="EvaluateJavaScriptAsync_WithValidScript_ShouldReturnResult" computerName="cursor" duration="00:00:00.0024840" startTime="2025-08-11T08:40:00.6531124+00:00" endTime="2025-08-11T08:40:00.6555965+00:00" testType="13cdc9d9-ddb5-4fa4-a97d-d965ccfc6d4b" outcome="Passed" testListId="8c84fa94-04c1-424b-9868-57a2d4851a1d" relativeResultsDirectory="8f61cf70-e1fa-41b2-9748-3b4ce28c7636" />
    <UnitTestResult executionId="80de89cb-aa20-45e7-8bc8-af5e0920b04a" testId="236ebad8-d8a1-9190-7cc9-fc41c258d7ec" testName="PlaywrightElementNotFoundException_WithSelector_ShouldSetMessageAndSelector" computerName="cursor" duration="00:00:00.0001979" startTime="2025-08-11T08:40:08.7984855+00:00" endTime="2025-08-11T08:40:08.7986839+00:00" testType="13cdc9d9-ddb5-4fa4-a97d-d965ccfc6d4b" outcome="Passed" testListId="8c84fa94-04c1-424b-9868-57a2d4851a1d" relativeResultsDirectory="80de89cb-aa20-45e7-8bc8-af5e0920b04a" />
    <UnitTestResult executionId="0faf1fbc-d4d0-4510-b581-52b7a40e1596" testId="93c9e350-5104-a6bd-9d83-106bac79dae7" testName="WaitForElementToBeHidden_WithEmptySelector_ShouldThrowArgumentException" computerName="cursor" duration="00:00:00.2846580" startTime="2025-08-11T08:40:07.7288084+00:00" endTime="2025-08-11T08:40:08.0134665+00:00" testType="13cdc9d9-ddb5-4fa4-a97d-d965ccfc6d4b" outcome="Passed" testListId="8c84fa94-04c1-424b-9868-57a2d4851a1d" relativeResultsDirectory="0faf1fbc-d4d0-4510-b581-52b7a40e1596" />
    <UnitTestResult executionId="162ccb6a-0bd9-4faf-b5ed-37ef79e2fda2" testId="3c8cad92-46ed-0873-a4a3-5d20f77cde53" testName="WaitForElement_WithDisabledStrategy_ShouldNotThrowException" computerName="cursor" duration="00:00:00.0012950" startTime="2025-08-11T08:40:09.0672789+00:00" endTime="2025-08-11T08:40:09.0685737+00:00" testType="13cdc9d9-ddb5-4fa4-a97d-d965ccfc6d4b" outcome="Passed" testListId="8c84fa94-04c1-424b-9868-57a2d4851a1d" relativeResultsDirectory="162ccb6a-0bd9-4faf-b5ed-37ef79e2fda2" />
    <UnitTestResult executionId="95ffb956-1c52-43dd-b3c0-0d0712cfa40f" testId="ba32e0e1-6ed8-0e3a-e188-0c4b4bac2eae" testName="AddInitScriptAsync_WithValidScript_ShouldNotThrowException" computerName="cursor" duration="00:00:00.0130590" startTime="2025-08-11T08:40:00.6267873+00:00" endTime="2025-08-11T08:40:00.6398463+00:00" testType="13cdc9d9-ddb5-4fa4-a97d-d965ccfc6d4b" outcome="Passed" testListId="8c84fa94-04c1-424b-9868-57a2d4851a1d" relativeResultsDirectory="95ffb956-1c52-43dd-b3c0-0d0712cfa40f" />
    <UnitTestResult executionId="533d109d-7409-4a55-808b-0c4ac6d6e9c8" testId="27a6b503-6d8a-6bf4-22e7-91fa4a9610ae" testName="Dispose_DisposesCorrectly" computerName="cursor" duration="00:00:00.3257190" startTime="2025-08-11T08:40:02.3579077+00:00" endTime="2025-08-11T08:40:02.6836261+00:00" testType="13cdc9d9-ddb5-4fa4-a97d-d965ccfc6d4b" outcome="Passed" testListId="8c84fa94-04c1-424b-9868-57a2d4851a1d" relativeResultsDirectory="533d109d-7409-4a55-808b-0c4ac6d6e9c8" />
    <UnitTestResult executionId="d614cc4f-4b6f-4803-84f0-fb1e9637dcc1" testId="2a52eb47-2f2b-89a4-1aaf-1041ed903d63" testName="TakeScreenshotAsync_WithValidParameters_ShouldReturnByteArray" computerName="cursor" duration="00:00:00.0013750" startTime="2025-08-11T08:40:00.6836844+00:00" endTime="2025-08-11T08:40:00.6850593+00:00" testType="13cdc9d9-ddb5-4fa4-a97d-d965ccfc6d4b" outcome="Passed" testListId="8c84fa94-04c1-424b-9868-57a2d4851a1d" relativeResultsDirectory="d614cc4f-4b6f-4803-84f0-fb1e9637dcc1" />
    <UnitTestResult executionId="a96792ec-9cad-4476-9e42-d1112aa5302d" testId="6d764fe3-fd38-7c7c-3992-4f2ce7db3d78" testName="WaitForElementToBeVisible_WithEmptySelector_ShouldThrowArgumentException" computerName="cursor" duration="00:00:00.2525830" startTime="2025-08-11T08:40:08.2769859+00:00" endTime="2025-08-11T08:40:08.5295683+00:00" testType="13cdc9d9-ddb5-4fa4-a97d-d965ccfc6d4b" outcome="Passed" testListId="8c84fa94-04c1-424b-9868-57a2d4851a1d" relativeResultsDirectory="a96792ec-9cad-4476-9e42-d1112aa5302d" />
    <UnitTestResult executionId="57308f84-ced1-4b2a-9313-1e1b5c275284" testId="6e3418a6-0523-597c-afc0-6f63762ec308" testName="PlaywrightException_WithNullSelector_ShouldSetSelectorToNull" computerName="cursor" duration="00:00:00.0000989" startTime="2025-08-11T08:40:08.7998916+00:00" endTime="2025-08-11T08:40:08.7999903+00:00" testType="13cdc9d9-ddb5-4fa4-a97d-d965ccfc6d4b" outcome="Passed" testListId="8c84fa94-04c1-424b-9868-57a2d4851a1d" relativeResultsDirectory="57308f84-ced1-4b2a-9313-1e1b5c275284" />
    <UnitTestResult executionId="6455b396-37e8-4585-9063-4df0f6ded493" testId="ef42b422-8ac9-4685-b465-5741dfd4e276" testName="PlaywrightNavigationException_WithNullUrl_ShouldSetUrlToNull" computerName="cursor" duration="00:00:00.0001080" startTime="2025-08-11T08:40:08.8005361+00:00" endTime="2025-08-11T08:40:08.8006443+00:00" testType="13cdc9d9-ddb5-4fa4-a97d-d965ccfc6d4b" outcome="Passed" testListId="8c84fa94-04c1-424b-9868-57a2d4851a1d" relativeResultsDirectory="6455b396-37e8-4585-9063-4df0f6ded493" />
    <UnitTestResult executionId="1708aec7-b5d0-47e2-88a3-ea94ca3ec7fd" testId="df4d6327-e7bc-643e-5619-c31e31143540" testName="NavigateToUrl_WithNullUrl_ShouldThrowArgumentNullException" computerName="cursor" duration="00:00:00.2547530" startTime="2025-08-11T08:40:05.9099874+00:00" endTime="2025-08-11T08:40:06.1647408+00:00" testType="13cdc9d9-ddb5-4fa4-a97d-d965ccfc6d4b" outcome="Passed" testListId="8c84fa94-04c1-424b-9868-57a2d4851a1d" relativeResultsDirectory="1708aec7-b5d0-47e2-88a3-ea94ca3ec7fd" />
    <UnitTestResult executionId="52884783-f7aa-4135-ad55-cfc5f15e7767" testId="c5ace3fd-819e-bba6-cdba-2401aa2b6b10" testName="CanHandle_WithPlaywrightDriverType_ReturnsTrue" computerName="cursor" duration="00:00:00.0001720" startTime="2025-08-11T08:40:08.8051985+00:00" endTime="2025-08-11T08:40:08.8053702+00:00" testType="13cdc9d9-ddb5-4fa4-a97d-d965ccfc6d4b" outcome="Passed" testListId="8c84fa94-04c1-424b-9868-57a2d4851a1d" relativeResultsDirectory="52884783-f7aa-4135-ad55-cfc5f15e7767" />
    <UnitTestResult executionId="25358720-1618-4a41-8190-7d5a32d10022" testId="7c2b473a-b129-8a39-0f11-3dfd0ad70e94" testName="PlaywrightTimeoutException_WithMessageAndSelector_ShouldSetProperties" computerName="cursor" duration="00:00:00.0004960" startTime="2025-08-11T08:40:08.8038847+00:00" endTime="2025-08-11T08:40:08.8043807+00:00" testType="13cdc9d9-ddb5-4fa4-a97d-d965ccfc6d4b" outcome="Passed" testListId="8c84fa94-04c1-424b-9868-57a2d4851a1d" relativeResultsDirectory="25358720-1618-4a41-8190-7d5a32d10022" />
    <UnitTestResult executionId="14646b00-acb7-4206-97c7-658efdb568e8" testId="b4a2eecf-9a99-b799-a456-523f1eb6e158" testName="Constructor_WithValidPage_ShouldCreateFeatures" computerName="cursor" duration="00:00:00.0018660" startTime="2025-08-11T08:40:00.6404682+00:00" endTime="2025-08-11T08:40:00.6423334+00:00" testType="13cdc9d9-ddb5-4fa4-a97d-d965ccfc6d4b" outcome="Passed" testListId="8c84fa94-04c1-424b-9868-57a2d4851a1d" relativeResultsDirectory="14646b00-acb7-4206-97c7-658efdb568e8" />
    <UnitTestResult executionId="a8303731-83a2-440c-9016-47f2308a75b2" testId="4c697dac-7fda-ed9a-8482-a66b241202c5" testName="EvaluateJavaScriptAsync_WithNullScript_ShouldThrowArgumentException" computerName="cursor" duration="00:00:00.0023620" startTime="2025-08-11T08:40:00.6507351+00:00" endTime="2025-08-11T08:40:00.6530972+00:00" testType="13cdc9d9-ddb5-4fa4-a97d-d965ccfc6d4b" outcome="Passed" testListId="8c84fa94-04c1-424b-9868-57a2d4851a1d" relativeResultsDirectory="a8303731-83a2-440c-9016-47f2308a75b2" />
    <UnitTestResult executionId="0359bb86-6032-47ee-b1c5-1835f9437925" testId="e5737d36-51a6-dc2d-8804-78bd59fa91a2" testName="WaitForNetworkRequestInitiatedAsync_WithNullUrlPattern_ShouldThrowArgumentException" computerName="cursor" duration="00:00:00.0016170" startTime="2025-08-11T08:40:00.6907107+00:00" endTime="2025-08-11T08:40:00.6923270+00:00" testType="13cdc9d9-ddb5-4fa4-a97d-d965ccfc6d4b" outcome="Passed" testListId="8c84fa94-04c1-424b-9868-57a2d4851a1d" relativeResultsDirectory="0359bb86-6032-47ee-b1c5-1835f9437925" />
    <UnitTestResult executionId="4a2870b2-fdbb-4a08-853a-c8b5ab1739da" testId="fa631617-c65d-b7c1-e160-e4d485baa491" testName="WaitForElement_WithHiddenStrategy_ShouldNotThrowException" computerName="cursor" duration="00:00:00.0007480" startTime="2025-08-11T08:40:09.0702853+00:00" endTime="2025-08-11T08:40:09.0710330+00:00" testType="13cdc9d9-ddb5-4fa4-a97d-d965ccfc6d4b" outcome="Passed" testListId="8c84fa94-04c1-424b-9868-57a2d4851a1d" relativeResultsDirectory="4a2870b2-fdbb-4a08-853a-c8b5ab1739da" />
    <UnitTestResult executionId="20b74d48-50c0-42aa-b14f-ee6ce850222d" testId="e2038e8d-a0ec-f93d-73e6-4ef1063fd72c" testName="PlaywrightBrowserStartupException_WithMessageAndBrowserType_ShouldSetProperties" computerName="cursor" duration="00:00:00.0008760" startTime="2025-08-11T08:40:08.7945741+00:00" endTime="2025-08-11T08:40:08.7954503+00:00" testType="13cdc9d9-ddb5-4fa4-a97d-d965ccfc6d4b" outcome="Passed" testListId="8c84fa94-04c1-424b-9868-57a2d4851a1d" relativeResultsDirectory="20b74d48-50c0-42aa-b14f-ee6ce850222d" />
    <UnitTestResult executionId="98f2d67d-c342-4ab6-b1cb-8a5fb0cc68c7" testId="f62e70a1-30d9-b0fc-8eea-390e512b56f9" testName="Constructor_WithNullPage_ShouldThrowArgumentNullException" computerName="cursor" duration="00:00:00.0004180" startTime="2025-08-11T08:40:09.0606497+00:00" endTime="2025-08-11T08:40:09.0610679+00:00" testType="13cdc9d9-ddb5-4fa4-a97d-d965ccfc6d4b" outcome="Passed" testListId="8c84fa94-04c1-424b-9868-57a2d4851a1d" relativeResultsDirectory="98f2d67d-c342-4ab6-b1cb-8a5fb0cc68c7" />
    <UnitTestResult executionId="53394f10-d8de-4e82-9031-8768bbeeeb76" testId="1c19d2b9-0d7d-1341-0e1e-577e56b55133" testName="WaitForElement_WithNoneStrategy_ShouldNotThrowException" computerName="cursor" duration="00:00:00.0007690" startTime="2025-08-11T08:40:09.0710487+00:00" endTime="2025-08-11T08:40:09.0718174+00:00" testType="13cdc9d9-ddb5-4fa4-a97d-d965ccfc6d4b" outcome="Passed" testListId="8c84fa94-04c1-424b-9868-57a2d4851a1d" relativeResultsDirectory="53394f10-d8de-4e82-9031-8768bbeeeb76" />
    <UnitTestResult executionId="2c345152-7a23-4d45-9bef-9a0f2aa00b26" testId="c4dce798-f1a3-ea12-2f13-63b553ffaea1" testName="Click_WithNullSelector_ShouldThrowArgumentException" computerName="cursor" duration="00:00:00.3024830" startTime="2025-08-11T08:40:01.1855145+00:00" endTime="2025-08-11T08:40:01.4879965+00:00" testType="13cdc9d9-ddb5-4fa4-a97d-d965ccfc6d4b" outcome="Passed" testListId="8c84fa94-04c1-424b-9868-57a2d4851a1d" relativeResultsDirectory="2c345152-7a23-4d45-9bef-9a0f2aa00b26" />
    <UnitTestResult executionId="96af1666-89d2-4a1b-8f55-ff3435089bc1" testId="5637c2bc-4ff0-830b-afbc-8160de8eaeff" testName="TakeElementScreenshotAsync_WithNullSelector_ShouldThrowArgumentException" computerName="cursor" duration="00:00:00.0015969" startTime="2025-08-11T08:40:00.6805011+00:00" endTime="2025-08-11T08:40:00.6820982+00:00" testType="13cdc9d9-ddb5-4fa4-a97d-d965ccfc6d4b" outcome="Passed" testListId="8c84fa94-04c1-424b-9868-57a2d4851a1d" relativeResultsDirectory="96af1666-89d2-4a1b-8f55-ff3435089bc1" />
    <UnitTestResult executionId="9442e36e-274a-4d78-902f-01ca4bd64ba3" testId="d8f4bef2-a3b9-084c-3bb4-021b9fe3d72e" testName="InterceptNetworkRequests_WithEmptyUrlPattern_ShouldThrowArgumentException" computerName="cursor" duration="00:00:00.0017400" startTime="2025-08-11T08:40:00.6616913+00:00" endTime="2025-08-11T08:40:00.6634313+00:00" testType="13cdc9d9-ddb5-4fa4-a97d-d965ccfc6d4b" outcome="Passed" testListId="8c84fa94-04c1-424b-9868-57a2d4851a1d" relativeResultsDirectory="9442e36e-274a-4d78-902f-01ca4bd64ba3" />
    <UnitTestResult executionId="991a1a25-c5bf-4e3a-a280-7e09d9d70902" testId="b658b339-aeef-29fb-d21b-40e08f77927d" testName="PlaywrightNavigationException_WithMessageUrlAndInnerException_ShouldSetProperties" computerName="cursor" duration="00:00:00.0001540" startTime="2025-08-11T08:40:08.8003764+00:00" endTime="2025-08-11T08:40:08.8005307+00:00" testType="13cdc9d9-ddb5-4fa4-a97d-d965ccfc6d4b" outcome="Passed" testListId="8c84fa94-04c1-424b-9868-57a2d4851a1d" relativeResultsDirectory="991a1a25-c5bf-4e3a-a280-7e09d9d70902" />
    <UnitTestResult executionId="c64ba18d-bf49-478a-bba6-25101ff4847f" testId="471c48b8-3934-9ff4-83c3-85e85475d277" testName="TakeElementScreenshotAsync_WithValidSelector_ShouldReturnByteArray" computerName="cursor" duration="00:00:00.0015370" startTime="2025-08-11T08:40:00.6821129+00:00" endTime="2025-08-11T08:40:00.6836499+00:00" testType="13cdc9d9-ddb5-4fa4-a97d-d965ccfc6d4b" outcome="Passed" testListId="8c84fa94-04c1-424b-9868-57a2d4851a1d" relativeResultsDirectory="c64ba18d-bf49-478a-bba6-25101ff4847f" />
    <UnitTestResult executionId="21a305ad-6665-41a0-8bd9-ee00bed5d971" testId="c664cdab-350c-1fb1-39db-9c396900386f" testName="Type_WithEmptySelector_ShouldThrowArgumentException" computerName="cursor" duration="00:00:00.2487530" startTime="2025-08-11T08:40:06.7044540+00:00" endTime="2025-08-11T08:40:06.9532065+00:00" testType="13cdc9d9-ddb5-4fa4-a97d-d965ccfc6d4b" outcome="Passed" testListId="8c84fa94-04c1-424b-9868-57a2d4851a1d" relativeResultsDirectory="21a305ad-6665-41a0-8bd9-ee00bed5d971" />
    <UnitTestResult executionId="81666db0-a3c7-4c5f-a248-934229d5ceeb" testId="3ff93f72-7ce5-5fab-8610-20cbfcaf06d2" testName="Constructor_WithLogger_ShouldCreateDriver" computerName="cursor" duration="00:00:00.2794010" startTime="2025-08-11T08:40:01.4880433+00:00" endTime="2025-08-11T08:40:01.7674438+00:00" testType="13cdc9d9-ddb5-4fa4-a97d-d965ccfc6d4b" outcome="Passed" testListId="8c84fa94-04c1-424b-9868-57a2d4851a1d" relativeResultsDirectory="81666db0-a3c7-4c5f-a248-934229d5ceeb" />
    <UnitTestResult executionId="b63beab6-faa9-46ed-8f68-8934252b694c" testId="2b967a35-4f93-7672-b237-6aff698f6ce5" testName="AddInitScriptAsync_WithEmptyScript_ShouldThrowArgumentException" computerName="cursor" duration="00:00:00.1045590" startTime="2025-08-11T08:40:00.5183367+00:00" endTime="2025-08-11T08:40:00.6228673+00:00" testType="13cdc9d9-ddb5-4fa4-a97d-d965ccfc6d4b" outcome="Passed" testListId="8c84fa94-04c1-424b-9868-57a2d4851a1d" relativeResultsDirectory="b63beab6-faa9-46ed-8f68-8934252b694c" />
    <UnitTestResult executionId="ea4b1a22-acee-4f1a-83ca-fc2a62c01eb3" testId="cdf95cc8-e652-0533-8bc6-85dc81d809bd" testName="PlaywrightElementNotVisibleException_WithSelectorAndInnerException_ShouldSetProperties" computerName="cursor" duration="00:00:00.0001420" startTime="2025-08-11T08:40:08.7993145+00:00" endTime="2025-08-11T08:40:08.7994567+00:00" testType="13cdc9d9-ddb5-4fa4-a97d-d965ccfc6d4b" outcome="Passed" testListId="8c84fa94-04c1-424b-9868-57a2d4851a1d" relativeResultsDirectory="ea4b1a22-acee-4f1a-83ca-fc2a62c01eb3" />
    <UnitTestResult executionId="f5e523b5-3e59-4cd8-b443-133847b207ff" testId="8bfbe005-5221-22b1-278d-cb9bd37053a6" testName="GetFrameworkDriver_WithIBrowserType_ShouldReturnBrowser" computerName="cursor" duration="00:00:00.2688540" startTime="2025-08-11T08:40:03.2199857+00:00" endTime="2025-08-11T08:40:03.4888394+00:00" testType="13cdc9d9-ddb5-4fa4-a97d-d965ccfc6d4b" outcome="Passed" testListId="8c84fa94-04c1-424b-9868-57a2d4851a1d" relativeResultsDirectory="f5e523b5-3e59-4cd8-b443-133847b207ff" />
    <UnitTestResult executionId="a28ae700-fa83-414e-9122-47c4c08df113" testId="7bcdd09f-6609-1f20-233b-7512e4e6f7c1" testName="Constructor_WithValidOptions_CreatesInstance" computerName="cursor" duration="00:00:00.0001499" startTime="2025-08-11T08:40:08.8053783+00:00" endTime="2025-08-11T08:40:08.8055287+00:00" testType="13cdc9d9-ddb5-4fa4-a97d-d965ccfc6d4b" outcome="Passed" testListId="8c84fa94-04c1-424b-9868-57a2d4851a1d" relativeResultsDirectory="a28ae700-fa83-414e-9122-47c4c08df113" />
    <UnitTestResult executionId="dafc779a-f2be-4b55-930b-fa316dcf590d" testId="5d8f4898-8bd2-03b0-b2a9-5666b648c3a8" testName="PlaywrightException_WithMessageAndSelector_ShouldSetProperties" computerName="cursor" duration="00:00:00.0001880" startTime="2025-08-11T08:40:08.7995670+00:00" endTime="2025-08-11T08:40:08.7997553+00:00" testType="13cdc9d9-ddb5-4fa4-a97d-d965ccfc6d4b" outcome="Passed" testListId="8c84fa94-04c1-424b-9868-57a2d4851a1d" relativeResultsDirectory="dafc779a-f2be-4b55-930b-fa316dcf590d" />
    <UnitTestResult executionId="3996c67c-6a9b-4582-b050-70ac9c6f142e" testId="ff27c3ee-967a-d5b0-28a4-0b2f2d102b00" testName="WaitForNetworkRequestInitiatedAsync_WithEmptyUrlPattern_ShouldThrowArgumentException" computerName="cursor" duration="00:00:00.0018470" startTime="2025-08-11T08:40:00.6888493+00:00" endTime="2025-08-11T08:40:00.6906958+00:00" testType="13cdc9d9-ddb5-4fa4-a97d-d965ccfc6d4b" outcome="Passed" testListId="8c84fa94-04c1-424b-9868-57a2d4851a1d" relativeResultsDirectory="3996c67c-6a9b-4582-b050-70ac9c6f142e" />
    <UnitTestResult executionId="82b222fe-0ef9-4323-9fcc-698e44d81c3b" testId="a9901a4f-2a1e-0b93-d3e6-730637b0b658" testName="PlaywrightBrowserStartupException_ShouldInheritFromPlaywrightException" computerName="cursor" duration="00:00:00.0006990" startTime="2025-08-11T08:40:08.7938361+00:00" endTime="2025-08-11T08:40:08.7945356+00:00" testType="13cdc9d9-ddb5-4fa4-a97d-d965ccfc6d4b" outcome="Passed" testListId="8c84fa94-04c1-424b-9868-57a2d4851a1d" relativeResultsDirectory="82b222fe-0ef9-4323-9fcc-698e44d81c3b" />
    <UnitTestResult executionId="2ee80b12-d2a4-4aad-b9cd-cacc5e35c6db" testId="3ffb125b-102b-bde1-b8fc-5af3a8320f3e" testName="StartVideoRecordingAsync_WithNullPath_ShouldThrowArgumentException" computerName="cursor" duration="00:00:00.0014710" startTime="2025-08-11T08:40:00.6748095+00:00" endTime="2025-08-11T08:40:00.6762798+00:00" testType="13cdc9d9-ddb5-4fa4-a97d-d965ccfc6d4b" outcome="Passed" testListId="8c84fa94-04c1-424b-9868-57a2d4851a1d" relativeResultsDirectory="2ee80b12-d2a4-4aad-b9cd-cacc5e35c6db" />
    <UnitTestResult executionId="8ef05e55-ea7a-4777-a47d-6d032dae843c" testId="89d34624-71ad-44f5-abfd-0f410f0823b2" testName="PlaywrightNavigationException_WithMessageAndUrl_ShouldSetProperties" computerName="cursor" duration="00:00:00.0001960" startTime="2025-08-11T08:40:08.8001751+00:00" endTime="2025-08-11T08:40:08.8003707+00:00" testType="13cdc9d9-ddb5-4fa4-a97d-d965ccfc6d4b" outcome="Passed" testListId="8c84fa94-04c1-424b-9868-57a2d4851a1d" relativeResultsDirectory="8ef05e55-ea7a-4777-a47d-6d032dae843c" />
    <UnitTestResult executionId="9aec1e2e-d970-4421-b845-3d8d7139ac0d" testId="ce7ef0ae-30d6-cbcc-bdb4-d03420e984dd" testName="StartVideoRecordingAsync_WithEmptyPath_ShouldThrowArgumentException" computerName="cursor" duration="00:00:00.0019150" startTime="2025-08-11T08:40:00.6728772+00:00" endTime="2025-08-11T08:40:00.6747920+00:00" testType="13cdc9d9-ddb5-4fa4-a97d-d965ccfc6d4b" outcome="Passed" testListId="8c84fa94-04c1-424b-9868-57a2d4851a1d" relativeResultsDirectory="9aec1e2e-d970-4421-b845-3d8d7139ac0d" />
    <UnitTestResult executionId="e43398fe-b6d5-477d-a23f-282332aae11c" testId="bf3e385b-dfdb-8f76-ab68-66223f8891f9" testName="PlaywrightElementNotVisibleException_WithSelector_ShouldSetMessageAndSelector" computerName="cursor" duration="00:00:00.0001840" startTime="2025-08-11T08:40:08.7991250+00:00" endTime="2025-08-11T08:40:08.7993091+00:00" testType="13cdc9d9-ddb5-4fa4-a97d-d965ccfc6d4b" outcome="Passed" testListId="8c84fa94-04c1-424b-9868-57a2d4851a1d" relativeResultsDirectory="e43398fe-b6d5-477d-a23f-282332aae11c" />
    <UnitTestResult executionId="a9c6fa48-e5bc-42e1-8594-e1b04dfb1042" testId="ae12414c-2a3b-8fba-bfbc-5cc41bbf8493" testName="WaitForElement_WithTextPresentStrategy_ShouldNotThrowException" computerName="cursor" duration="00:00:00.0007630" startTime="2025-08-11T08:40:09.0736235+00:00" endTime="2025-08-11T08:40:09.0743870+00:00" testType="13cdc9d9-ddb5-4fa4-a97d-d965ccfc6d4b" outcome="Passed" testListId="8c84fa94-04c1-424b-9868-57a2d4851a1d" relativeResultsDirectory="a9c6fa48-e5bc-42e1-8594-e1b04dfb1042" />
    <UnitTestResult executionId="e6694c6b-8595-43bc-bfc0-285538c32afc" testId="a040c7ad-7721-eef7-f7a3-3be656e62ca9" testName="WaitForElementAttribute_WithEmptySelector_ShouldThrowArgumentException" computerName="cursor" duration="00:00:00.0010910" startTime="2025-08-11T08:40:09.0762128+00:00" endTime="2025-08-11T08:40:09.0773037+00:00" testType="13cdc9d9-ddb5-4fa4-a97d-d965ccfc6d4b" outcome="Passed" testListId="8c84fa94-04c1-424b-9868-57a2d4851a1d" relativeResultsDirectory="e6694c6b-8595-43bc-bfc0-285538c32afc" />
    <UnitTestResult executionId="2ed03d8b-1346-4a31-9d34-fa36e9812322" testId="11bf123b-4b49-9aad-cb04-3660819fe124" testName="SelectOption_WithEmptySelector_ShouldThrowArgumentException" computerName="cursor" duration="00:00:00.2759280" startTime="2025-08-11T08:40:06.1647776+00:00" endTime="2025-08-11T08:40:06.4407051+00:00" testType="13cdc9d9-ddb5-4fa4-a97d-d965ccfc6d4b" outcome="Passed" testListId="8c84fa94-04c1-424b-9868-57a2d4851a1d" relativeResultsDirectory="2ed03d8b-1346-4a31-9d34-fa36e9812322" />
    <UnitTestResult executionId="a2e57bc7-b6d2-476d-8383-fb80086a00f3" testId="8213bc5b-42b0-75d7-a534-797053f7517b" testName="WaitForElementText_WithNullSelector_ShouldThrowArgumentException" computerName="cursor" duration="00:00:00.0009120" startTime="2025-08-11T08:40:09.0791976+00:00" endTime="2025-08-11T08:40:09.0801099+00:00" testType="13cdc9d9-ddb5-4fa4-a97d-d965ccfc6d4b" outcome="Passed" testListId="8c84fa94-04c1-424b-9868-57a2d4851a1d" relativeResultsDirectory="a2e57bc7-b6d2-476d-8383-fb80086a00f3" />
    <UnitTestResult executionId="70c10a77-a221-4d7d-9233-a0eeddcf87e8" testId="77166824-4ddf-283f-a4fc-781ad7e809a3" testName="PlaywrightBrowserStartupException_WithMessageBrowserTypeAndInnerException_ShouldSetProperties" computerName="cursor" duration="00:00:00.0002780" startTime="2025-08-11T08:40:08.7954704+00:00" endTime="2025-08-11T08:40:08.7957487+00:00" testType="13cdc9d9-ddb5-4fa4-a97d-d965ccfc6d4b" outcome="Passed" testListId="8c84fa94-04c1-424b-9868-57a2d4851a1d" relativeResultsDirectory="70c10a77-a221-4d7d-9233-a0eeddcf87e8" />
    <UnitTestResult executionId="0a878602-dfdb-4c61-bd53-c750e7aa2f35" testId="29102099-3023-58e6-1b9e-94381bd37eb7" testName="InterceptNetworkRequests_WithNullUrlPattern_ShouldThrowArgumentException" computerName="cursor" duration="00:00:00.0012030" startTime="2025-08-11T08:40:00.6648058+00:00" endTime="2025-08-11T08:40:00.6660085+00:00" testType="13cdc9d9-ddb5-4fa4-a97d-d965ccfc6d4b" outcome="Passed" testListId="8c84fa94-04c1-424b-9868-57a2d4851a1d" relativeResultsDirectory="0a878602-dfdb-4c61-bd53-c750e7aa2f35" />
    <UnitTestResult executionId="5270020d-a79c-4b4d-a68f-cbbb03dcfb50" testId="705b3a66-7abb-be15-4d76-eeeccbd1e039" testName="PlaywrightTimeoutException_WithDefaultTimeout_ShouldSetDefaultTimeout" computerName="cursor" duration="00:00:00.0030480" startTime="2025-08-11T08:40:08.8008068+00:00" endTime="2025-08-11T08:40:08.8038544+00:00" testType="13cdc9d9-ddb5-4fa4-a97d-d965ccfc6d4b" outcome="Passed" testListId="8c84fa94-04c1-424b-9868-57a2d4851a1d" relativeResultsDirectory="5270020d-a79c-4b4d-a68f-cbbb03dcfb50" />
    <UnitTestResult executionId="125615d0-1249-4ccf-ad25-bb03701a13d3" testId="45134bbd-894d-df2d-e054-a81510231f3d" testName="PlaywrightElementNotFoundException_ShouldInheritFromPlaywrightException" computerName="cursor" duration="00:00:00.0002350" startTime="2025-08-11T08:40:08.7982428+00:00" endTime="2025-08-11T08:40:08.7984773+00:00" testType="13cdc9d9-ddb5-4fa4-a97d-d965ccfc6d4b" outcome="Passed" testListId="8c84fa94-04c1-424b-9868-57a2d4851a1d" relativeResultsDirectory="125615d0-1249-4ccf-ad25-bb03701a13d3" />
    <UnitTestResult executionId="9d247351-c816-4945-b1cc-bf19ac0d24de" testId="ceb91d2d-ad4f-bb50-563d-695574499def" testName="IsEnabled_WithNullSelector_ShouldThrowArgumentException" computerName="cursor" duration="00:00:00.2512100" startTime="2025-08-11T08:40:05.1575722+00:00" endTime="2025-08-11T08:40:05.4087827+00:00" testType="13cdc9d9-ddb5-4fa4-a97d-d965ccfc6d4b" outcome="Passed" testListId="8c84fa94-04c1-424b-9868-57a2d4851a1d" relativeResultsDirectory="9d247351-c816-4945-b1cc-bf19ac0d24de" />
    <UnitTestResult executionId="9b5f3c1f-0f8d-4185-b451-5366028c3ec7" testId="76ff7f4d-9c8c-06e9-6eaf-d088e0e04505" testName="Constructor_WithNullOptions_ThrowsException" computerName="cursor" duration="00:00:00.0004740" startTime="2025-08-11T08:40:01.7674815+00:00" endTime="2025-08-11T08:40:01.7679548+00:00" testType="13cdc9d9-ddb5-4fa4-a97d-d965ccfc6d4b" outcome="Passed" testListId="8c84fa94-04c1-424b-9868-57a2d4851a1d" relativeResultsDirectory="9b5f3c1f-0f8d-4185-b451-5366028c3ec7" />
    <UnitTestResult executionId="5391bd77-3e22-423e-aa22-de314b524aa6" testId="3b14417e-ad23-ef34-465a-8ff764684d0a" testName="GetText_WithNullSelector_ShouldThrowArgumentException" computerName="cursor" duration="00:00:00.3090720" startTime="2025-08-11T08:40:04.5756636+00:00" endTime="2025-08-11T08:40:04.8847355+00:00" testType="13cdc9d9-ddb5-4fa4-a97d-d965ccfc6d4b" outcome="Passed" testListId="8c84fa94-04c1-424b-9868-57a2d4851a1d" relativeResultsDirectory="5391bd77-3e22-423e-aa22-de314b524aa6" />
    <UnitTestResult executionId="bada0618-4dbc-4821-9748-76d4f60fccc2" testId="93632efa-74f1-63ac-ce85-01344d72df82" testName="WaitForElement_WithClickableStrategy_ShouldNotThrowException" computerName="cursor" duration="00:00:00.0054510" startTime="2025-08-11T08:40:09.0618029+00:00" endTime="2025-08-11T08:40:09.0672533+00:00" testType="13cdc9d9-ddb5-4fa4-a97d-d965ccfc6d4b" outcome="Passed" testListId="8c84fa94-04c1-424b-9868-57a2d4851a1d" relativeResultsDirectory="bada0618-4dbc-4821-9748-76d4f60fccc2" />
    <UnitTestResult executionId="758c8c85-451d-4170-a7fd-657e778ff5fe" testId="29b927ce-f540-26d4-d1f1-a1b0b62c4d93" testName="SetPermissionsAsync_WithValidPermissions_ShouldNotThrowException" computerName="cursor" duration="00:00:00.0017030" startTime="2025-08-11T08:40:00.6711590+00:00" endTime="2025-08-11T08:40:00.6728619+00:00" testType="13cdc9d9-ddb5-4fa4-a97d-d965ccfc6d4b" outcome="Passed" testListId="8c84fa94-04c1-424b-9868-57a2d4851a1d" relativeResultsDirectory="758c8c85-451d-4170-a7fd-657e778ff5fe" />
    <UnitTestResult executionId="a9e997c7-8982-4977-a503-835156f2c7fe" testId="8ad984d6-7085-8350-03f6-84c69fb96b0b" testName="GetFrameworkDriver_WithIPlaywrightType_ShouldReturnPlaywright" computerName="cursor" duration="00:00:00.2739780" startTime="2025-08-11T08:40:03.7570794+00:00" endTime="2025-08-11T08:40:04.0310571+00:00" testType="13cdc9d9-ddb5-4fa4-a97d-d965ccfc6d4b" outcome="Passed" testListId="8c84fa94-04c1-424b-9868-57a2d4851a1d" relativeResultsDirectory="a9e997c7-8982-4977-a503-835156f2c7fe" />
    <UnitTestResult executionId="d29fbfba-f88f-4d3b-a7bc-5c382577511e" testId="3ad03a22-2777-d2d4-5f83-9fd05f5245af" testName="PlaywrightElementNotEnabledException_WithSelectorAndInnerException_ShouldSetProperties" computerName="cursor" duration="00:00:00.0005350" startTime="2025-08-11T08:40:08.7976975+00:00" endTime="2025-08-11T08:40:08.7982326+00:00" testType="13cdc9d9-ddb5-4fa4-a97d-d965ccfc6d4b" outcome="Passed" testListId="8c84fa94-04c1-424b-9868-57a2d4851a1d" relativeResultsDirectory="d29fbfba-f88f-4d3b-a7bc-5c382577511e" />
    <UnitTestResult executionId="a7baebc5-e2b5-4a4b-916b-8fb9e770ff7d" testId="77b8f1d6-b8c9-e577-da61-e76abc5e190a" testName="GetFrameworkDriver_WithIPageType_ShouldReturnPage" computerName="cursor" duration="00:00:00.2675660" startTime="2025-08-11T08:40:03.4888956+00:00" endTime="2025-08-11T08:40:03.7564603+00:00" testType="13cdc9d9-ddb5-4fa4-a97d-d965ccfc6d4b" outcome="Passed" testListId="8c84fa94-04c1-424b-9868-57a2d4851a1d" relativeResultsDirectory="a7baebc5-e2b5-4a4b-916b-8fb9e770ff7d" />
    <UnitTestResult executionId="2a194697-2e21-41d7-8ecb-62b087ab2e30" testId="3498048a-05a3-5fab-e906-09acaee53433" testName="Constructor_WithNullPage_ShouldThrowArgumentNullException" computerName="cursor" duration="00:00:00.0005940" startTime="2025-08-11T08:40:00.6398621+00:00" endTime="2025-08-11T08:40:00.6404561+00:00" testType="13cdc9d9-ddb5-4fa4-a97d-d965ccfc6d4b" outcome="Passed" testListId="8c84fa94-04c1-424b-9868-57a2d4851a1d" relativeResultsDirectory="2a194697-2e21-41d7-8ecb-62b087ab2e30" />
    <UnitTestResult executionId="a295f225-b5d3-400e-864d-76ad7ba35f92" testId="a7110f0d-1515-f79f-160d-c973adc19695" testName="EmulateMobileDeviceAsync_WithValidDeviceName_ShouldNotThrowException" computerName="cursor" duration="00:00:00.0014130" startTime="2025-08-11T08:40:00.6456113+00:00" endTime="2025-08-11T08:40:00.6470245+00:00" testType="13cdc9d9-ddb5-4fa4-a97d-d965ccfc6d4b" outcome="Passed" testListId="8c84fa94-04c1-424b-9868-57a2d4851a1d" relativeResultsDirectory="a295f225-b5d3-400e-864d-76ad7ba35f92" />
    <UnitTestResult executionId="e2886633-eb2d-44cd-aa0e-70dec3691b09" testId="4d512506-d61d-6e99-e5c8-886efba56d40" testName="PlaywrightElementNotEnabledException_WithSelector_ShouldSetMessageAndSelector" computerName="cursor" duration="00:00:00.0015530" startTime="2025-08-11T08:40:08.7961125+00:00" endTime="2025-08-11T08:40:08.7976658+00:00" testType="13cdc9d9-ddb5-4fa4-a97d-d965ccfc6d4b" outcome="Passed" testListId="8c84fa94-04c1-424b-9868-57a2d4851a1d" relativeResultsDirectory="e2886633-eb2d-44cd-aa0e-70dec3691b09" />
    <UnitTestResult executionId="cc151384-2b78-4c41-b23d-dbbbab43efaa" testId="f18c7ad7-eb0f-06f7-7be6-b1c9e4fa00a2" testName="InterceptNetworkRequests_WithNullHandler_ShouldThrowArgumentNullException" computerName="cursor" duration="00:00:00.0013470" startTime="2025-08-11T08:40:00.6634460+00:00" endTime="2025-08-11T08:40:00.6647925+00:00" testType="13cdc9d9-ddb5-4fa4-a97d-d965ccfc6d4b" outcome="Passed" testListId="8c84fa94-04c1-424b-9868-57a2d4851a1d" relativeResultsDirectory="cc151384-2b78-4c41-b23d-dbbbab43efaa" />
    <UnitTestResult executionId="90ddceb4-6fa6-4f7d-8325-44f897ca7842" testId="944f38ad-08f1-a287-da8c-959767d157ca" testName="WaitForElementText_WithEmptySelector_ShouldThrowArgumentException" computerName="cursor" duration="00:00:00.0010620" startTime="2025-08-11T08:40:09.0781194+00:00" endTime="2025-08-11T08:40:09.0791812+00:00" testType="13cdc9d9-ddb5-4fa4-a97d-d965ccfc6d4b" outcome="Passed" testListId="8c84fa94-04c1-424b-9868-57a2d4851a1d" relativeResultsDirectory="90ddceb4-6fa6-4f7d-8325-44f897ca7842" />
    <UnitTestResult executionId="7b0b0c05-34d7-4f18-bf6d-27ebb6ec38ca" testId="cd2fb9d4-c210-d572-239c-0d75835cfc5e" testName="PlaywrightBrowserStartupException_WithNullBrowserType_ShouldSetBrowserTypeToNull" computerName="cursor" duration="00:00:00.0001650" startTime="2025-08-11T08:40:08.7957590+00:00" endTime="2025-08-11T08:40:08.7959235+00:00" testType="13cdc9d9-ddb5-4fa4-a97d-d965ccfc6d4b" outcome="Passed" testListId="8c84fa94-04c1-424b-9868-57a2d4851a1d" relativeResultsDirectory="7b0b0c05-34d7-4f18-bf6d-27ebb6ec38ca" />
    <UnitTestResult executionId="502dfcc2-762f-4a8f-9298-7650eadf4468" testId="8b412a83-eed0-b405-9d7e-9460966d666b" testName="EmulateMobileDeviceAsync_WithEmptyDeviceName_ShouldThrowArgumentException" computerName="cursor" duration="00:00:00.0014120" startTime="2025-08-11T08:40:00.6423491+00:00" endTime="2025-08-11T08:40:00.6437606+00:00" testType="13cdc9d9-ddb5-4fa4-a97d-d965ccfc6d4b" outcome="Passed" testListId="8c84fa94-04c1-424b-9868-57a2d4851a1d" relativeResultsDirectory="502dfcc2-762f-4a8f-9298-7650eadf4468" />
    <UnitTestResult executionId="c6e61a9f-12fe-4b4a-9d74-94027b1feec2" testId="13205d21-5396-0d73-194f-16064907002f" testName="WaitForElementToBeHidden_WithNullSelector_ShouldThrowArgumentException" computerName="cursor" duration="00:00:00.2634710" startTime="2025-08-11T08:40:08.0134920+00:00" endTime="2025-08-11T08:40:08.2769629+00:00" testType="13cdc9d9-ddb5-4fa4-a97d-d965ccfc6d4b" outcome="Passed" testListId="8c84fa94-04c1-424b-9868-57a2d4851a1d" relativeResultsDirectory="c6e61a9f-12fe-4b4a-9d74-94027b1feec2" />
    <UnitTestResult executionId="aad9528a-b2d2-4a90-bfc3-b8e74d69834f" testId="6a43d979-e903-e862-7ae2-248d09dea56d" testName="GetFrameworkDriver_WithUnsupportedType_ShouldThrowInvalidOperationException" computerName="cursor" duration="00:00:00.2611920" startTime="2025-08-11T08:40:04.0310934+00:00" endTime="2025-08-11T08:40:04.2922851+00:00" testType="13cdc9d9-ddb5-4fa4-a97d-d965ccfc6d4b" outcome="Passed" testListId="8c84fa94-04c1-424b-9868-57a2d4851a1d" relativeResultsDirectory="aad9528a-b2d2-4a90-bfc3-b8e74d69834f" />
    <UnitTestResult executionId="63a977fa-cefd-4cd4-9352-61a5b5fd9c82" testId="e8d74a76-a6dc-3af0-710e-e305cc9a27a7" testName="IsVisible_WithEmptySelector_ShouldThrowArgumentException" computerName="cursor" duration="00:00:00.2497580" startTime="2025-08-11T08:40:05.4092481+00:00" endTime="2025-08-11T08:40:05.6590065+00:00" testType="13cdc9d9-ddb5-4fa4-a97d-d965ccfc6d4b" outcome="Passed" testListId="8c84fa94-04c1-424b-9868-57a2d4851a1d" relativeResultsDirectory="63a977fa-cefd-4cd4-9352-61a5b5fd9c82" />
    <UnitTestResult executionId="73625209-1a60-4ed9-b0a8-6d0799aeb275" testId="08024d7f-f5d4-70e2-2d00-1732d845efa4" testName="SetGeolocationAsync_WithValidCoordinates_ShouldNotThrowException" computerName="cursor" duration="00:00:00.0017950" startTime="2025-08-11T08:40:00.6660218+00:00" endTime="2025-08-11T08:40:00.6678161+00:00" testType="13cdc9d9-ddb5-4fa4-a97d-d965ccfc6d4b" outcome="Passed" testListId="8c84fa94-04c1-424b-9868-57a2d4851a1d" relativeResultsDirectory="73625209-1a60-4ed9-b0a8-6d0799aeb275" />
    <UnitTestResult executionId="069680f6-ce6e-441c-a3ab-6767264bfa21" testId="4037d24c-70f3-df4c-51c5-e323f0c729ef" testName="PlaywrightElementNotEnabledException_ShouldInheritFromPlaywrightException" computerName="cursor" duration="00:00:00.0001740" startTime="2025-08-11T08:40:08.7959308+00:00" endTime="2025-08-11T08:40:08.7961052+00:00" testType="13cdc9d9-ddb5-4fa4-a97d-d965ccfc6d4b" outcome="Passed" testListId="8c84fa94-04c1-424b-9868-57a2d4851a1d" relativeResultsDirectory="069680f6-ce6e-441c-a3ab-6767264bfa21" />
    <UnitTestResult executionId="6e3a75f1-d45e-47f0-b0ba-fa455e4b7d61" testId="a5d32aa4-c3a6-e1da-183c-f4e414cd9910" testName="IsVisible_WithNullSelector_ShouldThrowArgumentException" computerName="cursor" duration="00:00:00.2509250" startTime="2025-08-11T08:40:05.6590359+00:00" endTime="2025-08-11T08:40:05.9099605+00:00" testType="13cdc9d9-ddb5-4fa4-a97d-d965ccfc6d4b" outcome="Passed" testListId="8c84fa94-04c1-424b-9868-57a2d4851a1d" relativeResultsDirectory="6e3a75f1-d45e-47f0-b0ba-fa455e4b7d61" />
    <UnitTestResult executionId="3f010b7f-fb8f-4c11-a6fa-2acb1fd1f4cc" testId="d8a94e68-473e-230d-959c-c6cb87f94d0d" testName="SetPermissionsAsync_WithNullPermissions_ShouldThrowArgumentException" computerName="cursor" duration="00:00:00.0015340" startTime="2025-08-11T08:40:00.6696100+00:00" endTime="2025-08-11T08:40:00.6711433+00:00" testType="13cdc9d9-ddb5-4fa4-a97d-d965ccfc6d4b" outcome="Passed" testListId="8c84fa94-04c1-424b-9868-57a2d4851a1d" relativeResultsDirectory="3f010b7f-fb8f-4c11-a6fa-2acb1fd1f4cc" />
    <UnitTestResult executionId="a9bef9fd-e288-427c-8b6f-2260a7d906b0" testId="34add508-2a70-84a8-717f-061411066a1d" testName="GetFrameworkDriver_WithIBrowserContextType_ShouldReturnContext" computerName="cursor" duration="00:00:00.2684800" startTime="2025-08-11T08:40:02.9514629+00:00" endTime="2025-08-11T08:40:03.2199421+00:00" testType="13cdc9d9-ddb5-4fa4-a97d-d965ccfc6d4b" outcome="Passed" testListId="8c84fa94-04c1-424b-9868-57a2d4851a1d" relativeResultsDirectory="a9bef9fd-e288-427c-8b6f-2260a7d906b0" />
    <UnitTestResult executionId="680c8a16-9337-4690-ab26-fddfe04649e6" testId="bcd1ca03-417a-4076-e596-5bfcbb44e0e2" testName="EvaluateJavaScriptAsync_WithEmptyScript_ShouldThrowArgumentException" computerName="cursor" duration="00:00:00.0036740" startTime="2025-08-11T08:40:00.6470451+00:00" endTime="2025-08-11T08:40:00.6507193+00:00" testType="13cdc9d9-ddb5-4fa4-a97d-d965ccfc6d4b" outcome="Passed" testListId="8c84fa94-04c1-424b-9868-57a2d4851a1d" relativeResultsDirectory="680c8a16-9337-4690-ab26-fddfe04649e6" />
    <UnitTestResult executionId="b5a25e69-6fd6-4cdd-ac37-29ebc0080a1f" testId="431f452d-c23f-9ca3-4bae-283bd4f22bb9" testName="IsEnabled_WithEmptySelector_ShouldThrowArgumentException" computerName="cursor" duration="00:00:00.2726740" startTime="2025-08-11T08:40:04.8847614+00:00" endTime="2025-08-11T08:40:05.1574351+00:00" testType="13cdc9d9-ddb5-4fa4-a97d-d965ccfc6d4b" outcome="Passed" testListId="8c84fa94-04c1-424b-9868-57a2d4851a1d" relativeResultsDirectory="b5a25e69-6fd6-4cdd-ac37-29ebc0080a1f" />
    <UnitTestResult executionId="a6ec38bf-9a19-441a-b26d-a152bf0787e2" testId="9c4667d8-9f8a-fe5b-50bf-47a735c0cdb4" testName="StopVideoRecordingAsync_ShouldNotThrowException" computerName="cursor" duration="00:00:00.0012210" startTime="2025-08-11T08:40:00.6776778+00:00" endTime="2025-08-11T08:40:00.6788981+00:00" testType="13cdc9d9-ddb5-4fa4-a97d-d965ccfc6d4b" outcome="Passed" testListId="8c84fa94-04c1-424b-9868-57a2d4851a1d" relativeResultsDirectory="a6ec38bf-9a19-441a-b26d-a152bf0787e2" />
    <UnitTestResult executionId="cbc9d4b0-43f2-40db-a5dc-cc5b072f4c64" testId="e4684098-88e8-a927-a52a-bb65b5d5ba67" testName="Version_ReturnsExpectedVersion" computerName="cursor" duration="00:00:00.0001330" startTime="2025-08-11T08:40:09.0562288+00:00" endTime="2025-08-11T08:40:09.0563622+00:00" testType="13cdc9d9-ddb5-4fa4-a97d-d965ccfc6d4b" outcome="Passed" testListId="8c84fa94-04c1-424b-9868-57a2d4851a1d" relativeResultsDirectory="cbc9d4b0-43f2-40db-a5dc-cc5b072f4c64" />
    <UnitTestResult executionId="21cffcae-508a-42d9-ba84-5211d19474a6" testId="eae310e3-db41-6fc8-d145-0be80a4f2556" testName="WaitForElement_WithEnabledStrategy_ShouldNotThrowException" computerName="cursor" duration="00:00:00.0009070" startTime="2025-08-11T08:40:09.0693648+00:00" endTime="2025-08-11T08:40:09.0702713+00:00" testType="13cdc9d9-ddb5-4fa4-a97d-d965ccfc6d4b" outcome="Passed" testListId="8c84fa94-04c1-424b-9868-57a2d4851a1d" relativeResultsDirectory="21cffcae-508a-42d9-ba84-5211d19474a6" />
    <UnitTestResult executionId="9e4f6390-9c9a-442f-a459-2dc3eaec9a6a" testId="8b1d7b5e-1d6e-fbde-e6fa-a6405decaab9" testName="WaitForElementToBeVisible_WithNullSelector_ShouldThrowArgumentException" computerName="cursor" duration="00:00:00.2634390" startTime="2025-08-11T08:40:08.5295998+00:00" endTime="2025-08-11T08:40:08.7930390+00:00" testType="13cdc9d9-ddb5-4fa4-a97d-d965ccfc6d4b" outcome="Passed" testListId="8c84fa94-04c1-424b-9868-57a2d4851a1d" relativeResultsDirectory="9e4f6390-9c9a-442f-a459-2dc3eaec9a6a" />
    <UnitTestResult executionId="4a123e66-a444-4de5-ba92-6af2098d974c" testId="81987c09-bfbe-10db-7f52-1c7de4cb6a0e" testName="EmulateMobileDeviceAsync_WithNullDeviceName_ShouldThrowArgumentException" computerName="cursor" duration="00:00:00.0018200" startTime="2025-08-11T08:40:00.6437766+00:00" endTime="2025-08-11T08:40:00.6455964+00:00" testType="13cdc9d9-ddb5-4fa4-a97d-d965ccfc6d4b" outcome="Passed" testListId="8c84fa94-04c1-424b-9868-57a2d4851a1d" relativeResultsDirectory="4a123e66-a444-4de5-ba92-6af2098d974c" />
    <UnitTestResult executionId="20a50e33-6726-4f4e-8b91-91d8bcc8d3e9" testId="f44ad0a1-0847-0f54-bff5-381243908744" testName="SetPermissionsAsync_WithEmptyPermissions_ShouldThrowArgumentException" computerName="cursor" duration="00:00:00.0017640" startTime="2025-08-11T08:40:00.6678317+00:00" endTime="2025-08-11T08:40:00.6695950+00:00" testType="13cdc9d9-ddb5-4fa4-a97d-d965ccfc6d4b" outcome="Passed" testListId="8c84fa94-04c1-424b-9868-57a2d4851a1d" relativeResultsDirectory="20a50e33-6726-4f4e-8b91-91d8bcc8d3e9" />
    <UnitTestResult executionId="15f74eca-6935-4f59-a4cc-f44b52f29a52" testId="95496f37-19bd-a3f6-2a2c-3d627f1301ea" testName="WaitForElement_WithEmptySelector_ShouldThrowArgumentException" computerName="cursor" duration="00:00:00.2573490" startTime="2025-08-11T08:40:07.2080203+00:00" endTime="2025-08-11T08:40:07.4653692+00:00" testType="13cdc9d9-ddb5-4fa4-a97d-d965ccfc6d4b" outcome="Passed" testListId="8c84fa94-04c1-424b-9868-57a2d4851a1d" relativeResultsDirectory="15f74eca-6935-4f59-a4cc-f44b52f29a52" />
    <UnitTestResult executionId="7e10a055-abad-4a5a-94a2-f1364907dd24" testId="babf245e-61e1-cd79-5730-5304e9bd7511" testName="WaitForNetworkRequestAsync_WithNullUrlPattern_ShouldThrowArgumentException" computerName="cursor" duration="00:00:00.0012760" startTime="2025-08-11T08:40:00.6875573+00:00" endTime="2025-08-11T08:40:00.6888334+00:00" testType="13cdc9d9-ddb5-4fa4-a97d-d965ccfc6d4b" outcome="Passed" testListId="8c84fa94-04c1-424b-9868-57a2d4851a1d" relativeResultsDirectory="7e10a055-abad-4a5a-94a2-f1364907dd24" />
    <UnitTestResult executionId="ed8e4142-ef4f-4b0e-a7ba-cfea0a48779a" testId="0bc0dd3d-4205-ff81-c8aa-57581549ca33" testName="WaitForElement_WithVisibleStrategy_ShouldNotThrowException" computerName="cursor" duration="00:00:00.0007770" startTime="2025-08-11T08:40:09.0754099+00:00" endTime="2025-08-11T08:40:09.0761869+00:00" testType="13cdc9d9-ddb5-4fa4-a97d-d965ccfc6d4b" outcome="Passed" testListId="8c84fa94-04c1-424b-9868-57a2d4851a1d" relativeResultsDirectory="ed8e4142-ef4f-4b0e-a7ba-cfea0a48779a" />
    <UnitTestResult executionId="93b67882-1c32-4c80-8d49-a85552e025d8" testId="ded617c3-d704-a2dc-89a2-9e07115fa2fd" testName="Constructor_WithNullOptions_ShouldThrowArgumentNullException" computerName="cursor" duration="00:00:00.0037540" startTime="2025-08-11T08:40:09.0565818+00:00" endTime="2025-08-11T08:40:09.0603353+00:00" testType="13cdc9d9-ddb5-4fa4-a97d-d965ccfc6d4b" outcome="Passed" testListId="8c84fa94-04c1-424b-9868-57a2d4851a1d" relativeResultsDirectory="93b67882-1c32-4c80-8d49-a85552e025d8" />
    <UnitTestResult executionId="683e4c9a-3538-42a6-a03e-d674c080e25a" testId="ce9a076c-9acd-572b-8425-afddb1c89e02" testName="CreateDriver_WithValidOptions_ReturnsDriver" computerName="cursor" duration="00:00:00.2497090" startTime="2025-08-11T08:40:08.8058112+00:00" endTime="2025-08-11T08:40:09.0555197+00:00" testType="13cdc9d9-ddb5-4fa4-a97d-d965ccfc6d4b" outcome="Passed" testListId="8c84fa94-04c1-424b-9868-57a2d4851a1d" relativeResultsDirectory="683e4c9a-3538-42a6-a03e-d674c080e25a" />
    <UnitTestResult executionId="3052de30-e17c-4d9d-a860-21fbbe39e38e" testId="6e8c0812-e23c-e7a6-cbe8-62f734dab9f7" testName="WaitForElementAttribute_WithNullSelector_ShouldThrowArgumentException" computerName="cursor" duration="00:00:00.0007850" startTime="2025-08-11T08:40:09.0773214+00:00" endTime="2025-08-11T08:40:09.0781061+00:00" testType="13cdc9d9-ddb5-4fa4-a97d-d965ccfc6d4b" outcome="Passed" testListId="8c84fa94-04c1-424b-9868-57a2d4851a1d" relativeResultsDirectory="3052de30-e17c-4d9d-a860-21fbbe39e38e" />
    <UnitTestResult executionId="d4350824-1ad3-4981-805d-563521f6386f" testId="b5825f7a-1718-d5b8-d745-4d4cf3df9a9b" testName="Click_WithEmptySelector_ShouldThrowArgumentException" computerName="cursor" duration="00:00:00.4909520" startTime="2025-08-11T08:40:00.6945262+00:00" endTime="2025-08-11T08:40:01.1854784+00:00" testType="13cdc9d9-ddb5-4fa4-a97d-d965ccfc6d4b" outcome="Passed" testListId="8c84fa94-04c1-424b-9868-57a2d4851a1d" relativeResultsDirectory="d4350824-1ad3-4981-805d-563521f6386f" />
    <UnitTestResult executionId="38a7fa65-a8f2-4b6c-871f-b96d191430c8" testId="a17eff27-7a9d-3fe1-a994-0b42d6f3dc3a" testName="SelectOption_WithNullSelector_ShouldThrowArgumentException" computerName="cursor" duration="00:00:00.2637020" startTime="2025-08-11T08:40:06.4407283+00:00" endTime="2025-08-11T08:40:06.7044303+00:00" testType="13cdc9d9-ddb5-4fa4-a97d-d965ccfc6d4b" outcome="Passed" testListId="8c84fa94-04c1-424b-9868-57a2d4851a1d" relativeResultsDirectory="38a7fa65-a8f2-4b6c-871f-b96d191430c8" />
    <UnitTestResult executionId="4536da8c-129a-461f-9f9c-71ef55c18f05" testId="45856250-19cb-ef6e-6149-9cc71288bcb7" testName="GeneratePdfAsync_WithValidParameters_ShouldReturnByteArray" computerName="cursor" duration="00:00:00.0060640" startTime="2025-08-11T08:40:00.6556130+00:00" endTime="2025-08-11T08:40:00.6616768+00:00" testType="13cdc9d9-ddb5-4fa4-a97d-d965ccfc6d4b" outcome="Passed" testListId="8c84fa94-04c1-424b-9868-57a2d4851a1d" relativeResultsDirectory="4536da8c-129a-461f-9f9c-71ef55c18f05" />
    <UnitTestResult executionId="6b507503-9f57-4d4e-ba3b-374ed076c472" testId="e44936e1-43c5-f732-a194-48ac2203688b" testName="AddInitScriptAsync_WithNullScript_ShouldThrowArgumentException" computerName="cursor" duration="00:00:00.0028220" startTime="2025-08-11T08:40:00.6239220+00:00" endTime="2025-08-11T08:40:00.6267435+00:00" testType="13cdc9d9-ddb5-4fa4-a97d-d965ccfc6d4b" outcome="Passed" testListId="8c84fa94-04c1-424b-9868-57a2d4851a1d" relativeResultsDirectory="6b507503-9f57-4d4e-ba3b-374ed076c472" />
  </Results>
  <TestDefinitions>
    <UnitTest name="WaitForElement_WithEmptySelector_ShouldThrowArgumentException" storage="/workspace/tests/fluentuiscaffold.playwright.tests/bin/debug/net7.0/fluentuiscaffold.playwright.tests.dll" id="d004b151-1a2b-5307-b77d-2f9884eee910">
      <Execution id="2e1c3382-d9fa-4a02-ba00-7fac17028dd3" />
      <TestMethod codeBase="/workspace/tests/FluentUIScaffold.Playwright.Tests/bin/Debug/net7.0/FluentUIScaffold.Playwright.Tests.dll" adapterTypeName="executor://nunit3testexecutor/" className="FluentUIScaffold.Playwright.Tests.PlaywrightWaitStrategyTests" name="WaitForElement_WithEmptySelector_ShouldThrowArgumentException" />
    </UnitTest>
    <UnitTest name="WaitForElement_WithSmartStrategy_ShouldNotThrowException" storage="/workspace/tests/fluentuiscaffold.playwright.tests/bin/debug/net7.0/fluentuiscaffold.playwright.tests.dll" id="98ab0928-473a-f0b2-1c0f-979f2f5dd59d">
      <Execution id="320ae531-9137-4f89-86f0-fcf12bed8d24" />
      <TestMethod codeBase="/workspace/tests/FluentUIScaffold.Playwright.Tests/bin/Debug/net7.0/FluentUIScaffold.Playwright.Tests.dll" adapterTypeName="executor://nunit3testexecutor/" className="FluentUIScaffold.Playwright.Tests.PlaywrightWaitStrategyTests" name="WaitForElement_WithSmartStrategy_ShouldNotThrowException" />
    </UnitTest>
    <UnitTest name="WaitForElement_WithNullSelector_ShouldThrowArgumentException" storage="/workspace/tests/fluentuiscaffold.playwright.tests/bin/debug/net7.0/fluentuiscaffold.playwright.tests.dll" id="ab7fb356-7440-899e-cd01-0e36beaea533">
      <Execution id="d372c9b6-1804-4b52-a3c9-4bce0b3fae96" />
      <TestMethod codeBase="/workspace/tests/FluentUIScaffold.Playwright.Tests/bin/Debug/net7.0/FluentUIScaffold.Playwright.Tests.dll" adapterTypeName="executor://nunit3testexecutor/" className="FluentUIScaffold.Playwright.Tests.PlaywrightWaitStrategyTests" name="WaitForElement_WithNullSelector_ShouldThrowArgumentException" />
    </UnitTest>
    <UnitTest name="PlaywrightElementNotFoundException_WithSelector_ShouldSetMessageAndSelector" storage="/workspace/tests/fluentuiscaffold.playwright.tests/bin/debug/net7.0/fluentuiscaffold.playwright.tests.dll" id="236ebad8-d8a1-9190-7cc9-fc41c258d7ec">
      <Execution id="80de89cb-aa20-45e7-8bc8-af5e0920b04a" />
      <TestMethod codeBase="/workspace/tests/FluentUIScaffold.Playwright.Tests/bin/Debug/net7.0/FluentUIScaffold.Playwright.Tests.dll" adapterTypeName="executor://nunit3testexecutor/" className="FluentUIScaffold.Playwright.Tests.PlaywrightExceptionsTests" name="PlaywrightElementNotFoundException_WithSelector_ShouldSetMessageAndSelector" />
    </UnitTest>
    <UnitTest name="WaitForElement_WithEmptySelector_ShouldThrowArgumentException" storage="/workspace/tests/fluentuiscaffold.playwright.tests/bin/debug/net7.0/fluentuiscaffold.playwright.tests.dll" id="95496f37-19bd-a3f6-2a2c-3d627f1301ea">
      <Execution id="15f74eca-6935-4f59-a4cc-f44b52f29a52" />
      <TestMethod codeBase="/workspace/tests/FluentUIScaffold.Playwright.Tests/bin/Debug/net7.0/FluentUIScaffold.Playwright.Tests.dll" adapterTypeName="executor://nunit3testexecutor/" className="FluentUIScaffold.Playwright.Tests.PlaywrightDriverTests" name="WaitForElement_WithEmptySelector_ShouldThrowArgumentException" />
    </UnitTest>
    <UnitTest name="WaitForElement_WithUnsupportedStrategy_ShouldThrowArgumentException" storage="/workspace/tests/fluentuiscaffold.playwright.tests/bin/debug/net7.0/fluentuiscaffold.playwright.tests.dll" id="8e4e42a9-cbeb-2ffe-badb-66dcdda7de9a">
      <Execution id="daf1f96b-0add-487c-b583-a30186c86910" />
      <TestMethod codeBase="/workspace/tests/FluentUIScaffold.Playwright.Tests/bin/Debug/net7.0/FluentUIScaffold.Playwright.Tests.dll" adapterTypeName="executor://nunit3testexecutor/" className="FluentUIScaffold.Playwright.Tests.PlaywrightWaitStrategyTests" name="WaitForElement_WithUnsupportedStrategy_ShouldThrowArgumentException" />
    </UnitTest>
    <UnitTest name="PlaywrightException_WithNullSelector_ShouldSetSelectorToNull" storage="/workspace/tests/fluentuiscaffold.playwright.tests/bin/debug/net7.0/fluentuiscaffold.playwright.tests.dll" id="6e3418a6-0523-597c-afc0-6f63762ec308">
      <Execution id="57308f84-ced1-4b2a-9313-1e1b5c275284" />
      <TestMethod codeBase="/workspace/tests/FluentUIScaffold.Playwright.Tests/bin/Debug/net7.0/FluentUIScaffold.Playwright.Tests.dll" adapterTypeName="executor://nunit3testexecutor/" className="FluentUIScaffold.Playwright.Tests.PlaywrightExceptionsTests" name="PlaywrightException_WithNullSelector_ShouldSetSelectorToNull" />
    </UnitTest>
    <UnitTest name="EvaluateJavaScriptAsync_WithEmptyScript_ShouldThrowArgumentException" storage="/workspace/tests/fluentuiscaffold.playwright.tests/bin/debug/net7.0/fluentuiscaffold.playwright.tests.dll" id="bcd1ca03-417a-4076-e596-5bfcbb44e0e2">
      <Execution id="680c8a16-9337-4690-ab26-fddfe04649e6" />
      <TestMethod codeBase="/workspace/tests/FluentUIScaffold.Playwright.Tests/bin/Debug/net7.0/FluentUIScaffold.Playwright.Tests.dll" adapterTypeName="executor://nunit3testexecutor/" className="FluentUIScaffold.Playwright.Tests.PlaywrightAdvancedFeaturesTests" name="EvaluateJavaScriptAsync_WithEmptyScript_ShouldThrowArgumentException" />
    </UnitTest>
    <UnitTest name="IsVisible_WithNullSelector_ShouldThrowArgumentException" storage="/workspace/tests/fluentuiscaffold.playwright.tests/bin/debug/net7.0/fluentuiscaffold.playwright.tests.dll" id="a5d32aa4-c3a6-e1da-183c-f4e414cd9910">
      <Execution id="6e3a75f1-d45e-47f0-b0ba-fa455e4b7d61" />
      <TestMethod codeBase="/workspace/tests/FluentUIScaffold.Playwright.Tests/bin/Debug/net7.0/FluentUIScaffold.Playwright.Tests.dll" adapterTypeName="executor://nunit3testexecutor/" className="FluentUIScaffold.Playwright.Tests.PlaywrightDriverTests" name="IsVisible_WithNullSelector_ShouldThrowArgumentException" />
    </UnitTest>
    <UnitTest name="PlaywrightNavigationException_WithNullUrl_ShouldSetUrlToNull" storage="/workspace/tests/fluentuiscaffold.playwright.tests/bin/debug/net7.0/fluentuiscaffold.playwright.tests.dll" id="ef42b422-8ac9-4685-b465-5741dfd4e276">
      <Execution id="6455b396-37e8-4585-9063-4df0f6ded493" />
      <TestMethod codeBase="/workspace/tests/FluentUIScaffold.Playwright.Tests/bin/Debug/net7.0/FluentUIScaffold.Playwright.Tests.dll" adapterTypeName="executor://nunit3testexecutor/" className="FluentUIScaffold.Playwright.Tests.PlaywrightExceptionsTests" name="PlaywrightNavigationException_WithNullUrl_ShouldSetUrlToNull" />
    </UnitTest>
    <UnitTest name="PlaywrightNavigationException_WithMessageAndUrl_ShouldSetProperties" storage="/workspace/tests/fluentuiscaffold.playwright.tests/bin/debug/net7.0/fluentuiscaffold.playwright.tests.dll" id="89d34624-71ad-44f5-abfd-0f410f0823b2">
      <Execution id="8ef05e55-ea7a-4777-a47d-6d032dae843c" />
      <TestMethod codeBase="/workspace/tests/FluentUIScaffold.Playwright.Tests/bin/Debug/net7.0/FluentUIScaffold.Playwright.Tests.dll" adapterTypeName="executor://nunit3testexecutor/" className="FluentUIScaffold.Playwright.Tests.PlaywrightExceptionsTests" name="PlaywrightNavigationException_WithMessageAndUrl_ShouldSetProperties" />
    </UnitTest>
    <UnitTest name="GetFrameworkDriver_WithUnsupportedType_ShouldThrowInvalidOperationException" storage="/workspace/tests/fluentuiscaffold.playwright.tests/bin/debug/net7.0/fluentuiscaffold.playwright.tests.dll" id="6a43d979-e903-e862-7ae2-248d09dea56d">
      <Execution id="aad9528a-b2d2-4a90-bfc3-b8e74d69834f" />
      <TestMethod codeBase="/workspace/tests/FluentUIScaffold.Playwright.Tests/bin/Debug/net7.0/FluentUIScaffold.Playwright.Tests.dll" adapterTypeName="executor://nunit3testexecutor/" className="FluentUIScaffold.Playwright.Tests.PlaywrightDriverTests" name="GetFrameworkDriver_WithUnsupportedType_ShouldThrowInvalidOperationException" />
    </UnitTest>
    <UnitTest name="StartVideoRecordingAsync_WithEmptyPath_ShouldThrowArgumentException" storage="/workspace/tests/fluentuiscaffold.playwright.tests/bin/debug/net7.0/fluentuiscaffold.playwright.tests.dll" id="ce7ef0ae-30d6-cbcc-bdb4-d03420e984dd">
      <Execution id="9aec1e2e-d970-4421-b845-3d8d7139ac0d" />
      <TestMethod codeBase="/workspace/tests/FluentUIScaffold.Playwright.Tests/bin/Debug/net7.0/FluentUIScaffold.Playwright.Tests.dll" adapterTypeName="executor://nunit3testexecutor/" className="FluentUIScaffold.Playwright.Tests.PlaywrightAdvancedFeaturesTests" name="StartVideoRecordingAsync_WithEmptyPath_ShouldThrowArgumentException" />
    </UnitTest>
    <UnitTest name="InterceptNetworkRequests_WithNullHandler_ShouldThrowArgumentNullException" storage="/workspace/tests/fluentuiscaffold.playwright.tests/bin/debug/net7.0/fluentuiscaffold.playwright.tests.dll" id="f18c7ad7-eb0f-06f7-7be6-b1c9e4fa00a2">
      <Execution id="cc151384-2b78-4c41-b23d-dbbbab43efaa" />
      <TestMethod codeBase="/workspace/tests/FluentUIScaffold.Playwright.Tests/bin/Debug/net7.0/FluentUIScaffold.Playwright.Tests.dll" adapterTypeName="executor://nunit3testexecutor/" className="FluentUIScaffold.Playwright.Tests.PlaywrightAdvancedFeaturesTests" name="InterceptNetworkRequests_WithNullHandler_ShouldThrowArgumentNullException" />
    </UnitTest>
    <UnitTest name="GeneratePdfAsync_WithValidParameters_ShouldReturnByteArray" storage="/workspace/tests/fluentuiscaffold.playwright.tests/bin/debug/net7.0/fluentuiscaffold.playwright.tests.dll" id="45856250-19cb-ef6e-6149-9cc71288bcb7">
      <Execution id="4536da8c-129a-461f-9f9c-71ef55c18f05" />
      <TestMethod codeBase="/workspace/tests/FluentUIScaffold.Playwright.Tests/bin/Debug/net7.0/FluentUIScaffold.Playwright.Tests.dll" adapterTypeName="executor://nunit3testexecutor/" className="FluentUIScaffold.Playwright.Tests.PlaywrightAdvancedFeaturesTests" name="GeneratePdfAsync_WithValidParameters_ShouldReturnByteArray" />
    </UnitTest>
    <UnitTest name="WaitForNetworkRequestInitiatedAsync_WithNullUrlPattern_ShouldThrowArgumentException" storage="/workspace/tests/fluentuiscaffold.playwright.tests/bin/debug/net7.0/fluentuiscaffold.playwright.tests.dll" id="e5737d36-51a6-dc2d-8804-78bd59fa91a2">
      <Execution id="0359bb86-6032-47ee-b1c5-1835f9437925" />
      <TestMethod codeBase="/workspace/tests/FluentUIScaffold.Playwright.Tests/bin/Debug/net7.0/FluentUIScaffold.Playwright.Tests.dll" adapterTypeName="executor://nunit3testexecutor/" className="FluentUIScaffold.Playwright.Tests.PlaywrightAdvancedFeaturesTests" name="WaitForNetworkRequestInitiatedAsync_WithNullUrlPattern_ShouldThrowArgumentException" />
    </UnitTest>
    <UnitTest name="EvaluateJavaScriptAsync_WithNullScript_ShouldThrowArgumentException" storage="/workspace/tests/fluentuiscaffold.playwright.tests/bin/debug/net7.0/fluentuiscaffold.playwright.tests.dll" id="4c697dac-7fda-ed9a-8482-a66b241202c5">
      <Execution id="a8303731-83a2-440c-9016-47f2308a75b2" />
      <TestMethod codeBase="/workspace/tests/FluentUIScaffold.Playwright.Tests/bin/Debug/net7.0/FluentUIScaffold.Playwright.Tests.dll" adapterTypeName="executor://nunit3testexecutor/" className="FluentUIScaffold.Playwright.Tests.PlaywrightAdvancedFeaturesTests" name="EvaluateJavaScriptAsync_WithNullScript_ShouldThrowArgumentException" />
    </UnitTest>
    <UnitTest name="StopVideoRecordingAsync_ShouldNotThrowException" storage="/workspace/tests/fluentuiscaffold.playwright.tests/bin/debug/net7.0/fluentuiscaffold.playwright.tests.dll" id="9c4667d8-9f8a-fe5b-50bf-47a735c0cdb4">
      <Execution id="a6ec38bf-9a19-441a-b26d-a152bf0787e2" />
      <TestMethod codeBase="/workspace/tests/FluentUIScaffold.Playwright.Tests/bin/Debug/net7.0/FluentUIScaffold.Playwright.Tests.dll" adapterTypeName="executor://nunit3testexecutor/" className="FluentUIScaffold.Playwright.Tests.PlaywrightAdvancedFeaturesTests" name="StopVideoRecordingAsync_ShouldNotThrowException" />
    </UnitTest>
    <UnitTest name="AddInitScriptAsync_WithEmptyScript_ShouldThrowArgumentException" storage="/workspace/tests/fluentuiscaffold.playwright.tests/bin/debug/net7.0/fluentuiscaffold.playwright.tests.dll" id="2b967a35-4f93-7672-b237-6aff698f6ce5">
      <Execution id="b63beab6-faa9-46ed-8f68-8934252b694c" />
      <TestMethod codeBase="/workspace/tests/FluentUIScaffold.Playwright.Tests/bin/Debug/net7.0/FluentUIScaffold.Playwright.Tests.dll" adapterTypeName="executor://nunit3testexecutor/" className="FluentUIScaffold.Playwright.Tests.PlaywrightAdvancedFeaturesTests" name="AddInitScriptAsync_WithEmptyScript_ShouldThrowArgumentException" />
    </UnitTest>
    <UnitTest name="EmulateMobileDeviceAsync_WithNullDeviceName_ShouldThrowArgumentException" storage="/workspace/tests/fluentuiscaffold.playwright.tests/bin/debug/net7.0/fluentuiscaffold.playwright.tests.dll" id="81987c09-bfbe-10db-7f52-1c7de4cb6a0e">
      <Execution id="4a123e66-a444-4de5-ba92-6af2098d974c" />
      <TestMethod codeBase="/workspace/tests/FluentUIScaffold.Playwright.Tests/bin/Debug/net7.0/FluentUIScaffold.Playwright.Tests.dll" adapterTypeName="executor://nunit3testexecutor/" className="FluentUIScaffold.Playwright.Tests.PlaywrightAdvancedFeaturesTests" name="EmulateMobileDeviceAsync_WithNullDeviceName_ShouldThrowArgumentException" />
    </UnitTest>
    <UnitTest name="WaitForElement_WithTextPresentStrategy_ShouldNotThrowException" storage="/workspace/tests/fluentuiscaffold.playwright.tests/bin/debug/net7.0/fluentuiscaffold.playwright.tests.dll" id="ae12414c-2a3b-8fba-bfbc-5cc41bbf8493">
      <Execution id="a9c6fa48-e5bc-42e1-8594-e1b04dfb1042" />
      <TestMethod codeBase="/workspace/tests/FluentUIScaffold.Playwright.Tests/bin/Debug/net7.0/FluentUIScaffold.Playwright.Tests.dll" adapterTypeName="executor://nunit3testexecutor/" className="FluentUIScaffold.Playwright.Tests.PlaywrightWaitStrategyTests" name="WaitForElement_WithTextPresentStrategy_ShouldNotThrowException" />
    </UnitTest>
    <UnitTest name="Click_WithNullSelector_ShouldThrowArgumentException" storage="/workspace/tests/fluentuiscaffold.playwright.tests/bin/debug/net7.0/fluentuiscaffold.playwright.tests.dll" id="c4dce798-f1a3-ea12-2f13-63b553ffaea1">
      <Execution id="2c345152-7a23-4d45-9bef-9a0f2aa00b26" />
      <TestMethod codeBase="/workspace/tests/FluentUIScaffold.Playwright.Tests/bin/Debug/net7.0/FluentUIScaffold.Playwright.Tests.dll" adapterTypeName="executor://nunit3testexecutor/" className="FluentUIScaffold.Playwright.Tests.PlaywrightDriverTests" name="Click_WithNullSelector_ShouldThrowArgumentException" />
    </UnitTest>
    <UnitTest name="SetGeolocationAsync_WithValidCoordinates_ShouldNotThrowException" storage="/workspace/tests/fluentuiscaffold.playwright.tests/bin/debug/net7.0/fluentuiscaffold.playwright.tests.dll" id="08024d7f-f5d4-70e2-2d00-1732d845efa4">
      <Execution id="73625209-1a60-4ed9-b0a8-6d0799aeb275" />
      <TestMethod codeBase="/workspace/tests/FluentUIScaffold.Playwright.Tests/bin/Debug/net7.0/FluentUIScaffold.Playwright.Tests.dll" adapterTypeName="executor://nunit3testexecutor/" className="FluentUIScaffold.Playwright.Tests.PlaywrightAdvancedFeaturesTests" name="SetGeolocationAsync_WithValidCoordinates_ShouldNotThrowException" />
    </UnitTest>
    <UnitTest name="CreateDriver_WithNullOptions_ThrowsException" storage="/workspace/tests/fluentuiscaffold.playwright.tests/bin/debug/net7.0/fluentuiscaffold.playwright.tests.dll" id="f9eaa350-3407-dfbf-81e7-a2dcc8ed9569">
      <Execution id="d6b637ca-78c1-4365-a9ee-87d82ef1c547" />
      <TestMethod codeBase="/workspace/tests/FluentUIScaffold.Playwright.Tests/bin/Debug/net7.0/FluentUIScaffold.Playwright.Tests.dll" adapterTypeName="executor://nunit3testexecutor/" className="FluentUIScaffold.Playwright.Tests.PlaywrightPluginTests" name="CreateDriver_WithNullOptions_ThrowsException" />
    </UnitTest>
    <UnitTest name="CanHandle_WithPlaywrightDriverType_ReturnsTrue" storage="/workspace/tests/fluentuiscaffold.playwright.tests/bin/debug/net7.0/fluentuiscaffold.playwright.tests.dll" id="c5ace3fd-819e-bba6-cdba-2401aa2b6b10">
      <Execution id="52884783-f7aa-4135-ad55-cfc5f15e7767" />
      <TestMethod codeBase="/workspace/tests/FluentUIScaffold.Playwright.Tests/bin/Debug/net7.0/FluentUIScaffold.Playwright.Tests.dll" adapterTypeName="executor://nunit3testexecutor/" className="FluentUIScaffold.Playwright.Tests.PlaywrightPluginTests" name="CanHandle_WithPlaywrightDriverType_ReturnsTrue" />
    </UnitTest>
    <UnitTest name="WaitForElement_WithClickableStrategy_ShouldNotThrowException" storage="/workspace/tests/fluentuiscaffold.playwright.tests/bin/debug/net7.0/fluentuiscaffold.playwright.tests.dll" id="93632efa-74f1-63ac-ce85-01344d72df82">
      <Execution id="bada0618-4dbc-4821-9748-76d4f60fccc2" />
      <TestMethod codeBase="/workspace/tests/FluentUIScaffold.Playwright.Tests/bin/Debug/net7.0/FluentUIScaffold.Playwright.Tests.dll" adapterTypeName="executor://nunit3testexecutor/" className="FluentUIScaffold.Playwright.Tests.PlaywrightWaitStrategyTests" name="WaitForElement_WithClickableStrategy_ShouldNotThrowException" />
    </UnitTest>
    <UnitTest name="Type_WithNullSelector_ShouldThrowArgumentException" storage="/workspace/tests/fluentuiscaffold.playwright.tests/bin/debug/net7.0/fluentuiscaffold.playwright.tests.dll" id="815098b5-efab-3788-b82b-7c2f40ad7411">
      <Execution id="1fdfee1a-cca7-4749-9d44-c9a223b38abb" />
      <TestMethod codeBase="/workspace/tests/FluentUIScaffold.Playwright.Tests/bin/Debug/net7.0/FluentUIScaffold.Playwright.Tests.dll" adapterTypeName="executor://nunit3testexecutor/" className="FluentUIScaffold.Playwright.Tests.PlaywrightDriverTests" name="Type_WithNullSelector_ShouldThrowArgumentException" />
    </UnitTest>
    <UnitTest name="WaitForElement_WithEnabledStrategy_ShouldNotThrowException" storage="/workspace/tests/fluentuiscaffold.playwright.tests/bin/debug/net7.0/fluentuiscaffold.playwright.tests.dll" id="eae310e3-db41-6fc8-d145-0be80a4f2556">
      <Execution id="21cffcae-508a-42d9-ba84-5211d19474a6" />
      <TestMethod codeBase="/workspace/tests/FluentUIScaffold.Playwright.Tests/bin/Debug/net7.0/FluentUIScaffold.Playwright.Tests.dll" adapterTypeName="executor://nunit3testexecutor/" className="FluentUIScaffold.Playwright.Tests.PlaywrightWaitStrategyTests" name="WaitForElement_WithEnabledStrategy_ShouldNotThrowException" />
    </UnitTest>
    <UnitTest name="GetFrameworkDriver_WithIBrowserContextType_ShouldReturnContext" storage="/workspace/tests/fluentuiscaffold.playwright.tests/bin/debug/net7.0/fluentuiscaffold.playwright.tests.dll" id="34add508-2a70-84a8-717f-061411066a1d">
      <Execution id="a9bef9fd-e288-427c-8b6f-2260a7d906b0" />
      <TestMethod codeBase="/workspace/tests/FluentUIScaffold.Playwright.Tests/bin/Debug/net7.0/FluentUIScaffold.Playwright.Tests.dll" adapterTypeName="executor://nunit3testexecutor/" className="FluentUIScaffold.Playwright.Tests.PlaywrightDriverTests" name="GetFrameworkDriver_WithIBrowserContextType_ShouldReturnContext" />
    </UnitTest>
    <UnitTest name="AddInitScriptAsync_WithNullScript_ShouldThrowArgumentException" storage="/workspace/tests/fluentuiscaffold.playwright.tests/bin/debug/net7.0/fluentuiscaffold.playwright.tests.dll" id="e44936e1-43c5-f732-a194-48ac2203688b">
      <Execution id="6b507503-9f57-4d4e-ba3b-374ed076c472" />
      <TestMethod codeBase="/workspace/tests/FluentUIScaffold.Playwright.Tests/bin/Debug/net7.0/FluentUIScaffold.Playwright.Tests.dll" adapterTypeName="executor://nunit3testexecutor/" className="FluentUIScaffold.Playwright.Tests.PlaywrightAdvancedFeaturesTests" name="AddInitScriptAsync_WithNullScript_ShouldThrowArgumentException" />
    </UnitTest>
    <UnitTest name="WaitForNetworkRequestAsync_WithNullUrlPattern_ShouldThrowArgumentException" storage="/workspace/tests/fluentuiscaffold.playwright.tests/bin/debug/net7.0/fluentuiscaffold.playwright.tests.dll" id="babf245e-61e1-cd79-5730-5304e9bd7511">
      <Execution id="7e10a055-abad-4a5a-94a2-f1364907dd24" />
      <TestMethod codeBase="/workspace/tests/FluentUIScaffold.Playwright.Tests/bin/Debug/net7.0/FluentUIScaffold.Playwright.Tests.dll" adapterTypeName="executor://nunit3testexecutor/" className="FluentUIScaffold.Playwright.Tests.PlaywrightAdvancedFeaturesTests" name="WaitForNetworkRequestAsync_WithNullUrlPattern_ShouldThrowArgumentException" />
    </UnitTest>
    <UnitTest name="PlaywrightException_WithMessageAndSelector_ShouldSetProperties" storage="/workspace/tests/fluentuiscaffold.playwright.tests/bin/debug/net7.0/fluentuiscaffold.playwright.tests.dll" id="5d8f4898-8bd2-03b0-b2a9-5666b648c3a8">
      <Execution id="dafc779a-f2be-4b55-930b-fa316dcf590d" />
      <TestMethod codeBase="/workspace/tests/FluentUIScaffold.Playwright.Tests/bin/Debug/net7.0/FluentUIScaffold.Playwright.Tests.dll" adapterTypeName="executor://nunit3testexecutor/" className="FluentUIScaffold.Playwright.Tests.PlaywrightExceptionsTests" name="PlaywrightException_WithMessageAndSelector_ShouldSetProperties" />
    </UnitTest>
    <UnitTest name="WaitForElementAttribute_WithNullSelector_ShouldThrowArgumentException" storage="/workspace/tests/fluentuiscaffold.playwright.tests/bin/debug/net7.0/fluentuiscaffold.playwright.tests.dll" id="6e8c0812-e23c-e7a6-cbe8-62f734dab9f7">
      <Execution id="3052de30-e17c-4d9d-a860-21fbbe39e38e" />
      <TestMethod codeBase="/workspace/tests/FluentUIScaffold.Playwright.Tests/bin/Debug/net7.0/FluentUIScaffold.Playwright.Tests.dll" adapterTypeName="executor://nunit3testexecutor/" className="FluentUIScaffold.Playwright.Tests.PlaywrightWaitStrategyTests" name="WaitForElementAttribute_WithNullSelector_ShouldThrowArgumentException" />
    </UnitTest>
    <UnitTest name="CurrentUrl_ReturnsExpectedUrl" storage="/workspace/tests/fluentuiscaffold.playwright.tests/bin/debug/net7.0/fluentuiscaffold.playwright.tests.dll" id="7129b340-9055-6f76-82b2-850b838de151">
      <Execution id="aa8ea554-fe98-4cdc-842c-c4f8d516f7c0" />
      <TestMethod codeBase="/workspace/tests/FluentUIScaffold.Playwright.Tests/bin/Debug/net7.0/FluentUIScaffold.Playwright.Tests.dll" adapterTypeName="executor://nunit3testexecutor/" className="FluentUIScaffold.Playwright.Tests.PlaywrightDriverTests" name="CurrentUrl_ReturnsExpectedUrl" />
    </UnitTest>
    <UnitTest name="Name_ReturnsPlaywright" storage="/workspace/tests/fluentuiscaffold.playwright.tests/bin/debug/net7.0/fluentuiscaffold.playwright.tests.dll" id="d35e5fdf-75d0-2f95-568c-44152552faab">
      <Execution id="591a91c2-1a28-423c-bd16-1b7164cfd1bc" />
      <TestMethod codeBase="/workspace/tests/FluentUIScaffold.Playwright.Tests/bin/Debug/net7.0/FluentUIScaffold.Playwright.Tests.dll" adapterTypeName="executor://nunit3testexecutor/" className="FluentUIScaffold.Playwright.Tests.PlaywrightPluginTests" name="Name_ReturnsPlaywright" />
    </UnitTest>
    <UnitTest name="StartVideoRecordingAsync_WithValidPath_ShouldNotThrowException" storage="/workspace/tests/fluentuiscaffold.playwright.tests/bin/debug/net7.0/fluentuiscaffold.playwright.tests.dll" id="39a497ce-1c9b-21eb-4e39-bf1601ef01af">
      <Execution id="92726211-c5fa-499e-a3eb-c96872a134d5" />
      <TestMethod codeBase="/workspace/tests/FluentUIScaffold.Playwright.Tests/bin/Debug/net7.0/FluentUIScaffold.Playwright.Tests.dll" adapterTypeName="executor://nunit3testexecutor/" className="FluentUIScaffold.Playwright.Tests.PlaywrightAdvancedFeaturesTests" name="StartVideoRecordingAsync_WithValidPath_ShouldNotThrowException" />
    </UnitTest>
    <UnitTest name="GetFrameworkDriver_WithIBrowserType_ShouldReturnBrowser" storage="/workspace/tests/fluentuiscaffold.playwright.tests/bin/debug/net7.0/fluentuiscaffold.playwright.tests.dll" id="8bfbe005-5221-22b1-278d-cb9bd37053a6">
      <Execution id="f5e523b5-3e59-4cd8-b443-133847b207ff" />
      <TestMethod codeBase="/workspace/tests/FluentUIScaffold.Playwright.Tests/bin/Debug/net7.0/FluentUIScaffold.Playwright.Tests.dll" adapterTypeName="executor://nunit3testexecutor/" className="FluentUIScaffold.Playwright.Tests.PlaywrightDriverTests" name="GetFrameworkDriver_WithIBrowserType_ShouldReturnBrowser" />
    </UnitTest>
    <UnitTest name="Version_ReturnsExpectedVersion" storage="/workspace/tests/fluentuiscaffold.playwright.tests/bin/debug/net7.0/fluentuiscaffold.playwright.tests.dll" id="e4684098-88e8-a927-a52a-bb65b5d5ba67">
      <Execution id="cbc9d4b0-43f2-40db-a5dc-cc5b072f4c64" />
      <TestMethod codeBase="/workspace/tests/FluentUIScaffold.Playwright.Tests/bin/Debug/net7.0/FluentUIScaffold.Playwright.Tests.dll" adapterTypeName="executor://nunit3testexecutor/" className="FluentUIScaffold.Playwright.Tests.PlaywrightPluginTests" name="Version_ReturnsExpectedVersion" />
    </UnitTest>
    <UnitTest name="PlaywrightNavigationException_WithMessageUrlAndInnerException_ShouldSetProperties" storage="/workspace/tests/fluentuiscaffold.playwright.tests/bin/debug/net7.0/fluentuiscaffold.playwright.tests.dll" id="b658b339-aeef-29fb-d21b-40e08f77927d">
      <Execution id="991a1a25-c5bf-4e3a-a280-7e09d9d70902" />
      <TestMethod codeBase="/workspace/tests/FluentUIScaffold.Playwright.Tests/bin/Debug/net7.0/FluentUIScaffold.Playwright.Tests.dll" adapterTypeName="executor://nunit3testexecutor/" className="FluentUIScaffold.Playwright.Tests.PlaywrightExceptionsTests" name="PlaywrightNavigationException_WithMessageUrlAndInnerException_ShouldSetProperties" />
    </UnitTest>
    <UnitTest name="WaitForElementAttribute_WithEmptySelector_ShouldThrowArgumentException" storage="/workspace/tests/fluentuiscaffold.playwright.tests/bin/debug/net7.0/fluentuiscaffold.playwright.tests.dll" id="a040c7ad-7721-eef7-f7a3-3be656e62ca9">
      <Execution id="e6694c6b-8595-43bc-bfc0-285538c32afc" />
      <TestMethod codeBase="/workspace/tests/FluentUIScaffold.Playwright.Tests/bin/Debug/net7.0/FluentUIScaffold.Playwright.Tests.dll" adapterTypeName="executor://nunit3testexecutor/" className="FluentUIScaffold.Playwright.Tests.PlaywrightWaitStrategyTests" name="WaitForElementAttribute_WithEmptySelector_ShouldThrowArgumentException" />
    </UnitTest>
    <UnitTest name="PlaywrightTimeoutException_WithMessageAndSelector_ShouldSetProperties" storage="/workspace/tests/fluentuiscaffold.playwright.tests/bin/debug/net7.0/fluentuiscaffold.playwright.tests.dll" id="7c2b473a-b129-8a39-0f11-3dfd0ad70e94">
      <Execution id="25358720-1618-4a41-8190-7d5a32d10022" />
      <TestMethod codeBase="/workspace/tests/FluentUIScaffold.Playwright.Tests/bin/Debug/net7.0/FluentUIScaffold.Playwright.Tests.dll" adapterTypeName="executor://nunit3testexecutor/" className="FluentUIScaffold.Playwright.Tests.PlaywrightExceptionsTests" name="PlaywrightTimeoutException_WithMessageAndSelector_ShouldSetProperties" />
    </UnitTest>
    <UnitTest name="Constructor_WithNullOptions_ShouldThrowArgumentNullException" storage="/workspace/tests/fluentuiscaffold.playwright.tests/bin/debug/net7.0/fluentuiscaffold.playwright.tests.dll" id="ded617c3-d704-a2dc-89a2-9e07115fa2fd">
      <Execution id="93b67882-1c32-4c80-8d49-a85552e025d8" />
      <TestMethod codeBase="/workspace/tests/FluentUIScaffold.Playwright.Tests/bin/Debug/net7.0/FluentUIScaffold.Playwright.Tests.dll" adapterTypeName="executor://nunit3testexecutor/" className="FluentUIScaffold.Playwright.Tests.PlaywrightWaitStrategyTests" name="Constructor_WithNullOptions_ShouldThrowArgumentNullException" />
    </UnitTest>
    <UnitTest name="CreateDriver_WithValidOptions_ReturnsDriver" storage="/workspace/tests/fluentuiscaffold.playwright.tests/bin/debug/net7.0/fluentuiscaffold.playwright.tests.dll" id="ce9a076c-9acd-572b-8425-afddb1c89e02">
      <Execution id="683e4c9a-3538-42a6-a03e-d674c080e25a" />
      <TestMethod codeBase="/workspace/tests/FluentUIScaffold.Playwright.Tests/bin/Debug/net7.0/FluentUIScaffold.Playwright.Tests.dll" adapterTypeName="executor://nunit3testexecutor/" className="FluentUIScaffold.Playwright.Tests.PlaywrightPluginTests" name="CreateDriver_WithValidOptions_ReturnsDriver" />
    </UnitTest>
    <UnitTest name="Constructor_WithValidOptions_CreatesInstance" storage="/workspace/tests/fluentuiscaffold.playwright.tests/bin/debug/net7.0/fluentuiscaffold.playwright.tests.dll" id="7bcdd09f-6609-1f20-233b-7512e4e6f7c1">
      <Execution id="a28ae700-fa83-414e-9122-47c4c08df113" />
      <TestMethod codeBase="/workspace/tests/FluentUIScaffold.Playwright.Tests/bin/Debug/net7.0/FluentUIScaffold.Playwright.Tests.dll" adapterTypeName="executor://nunit3testexecutor/" className="FluentUIScaffold.Playwright.Tests.PlaywrightPluginTests" name="Constructor_WithValidOptions_CreatesInstance" />
    </UnitTest>
    <UnitTest name="WaitForElementToBeVisible_WithEmptySelector_ShouldThrowArgumentException" storage="/workspace/tests/fluentuiscaffold.playwright.tests/bin/debug/net7.0/fluentuiscaffold.playwright.tests.dll" id="6d764fe3-fd38-7c7c-3992-4f2ce7db3d78">
      <Execution id="a96792ec-9cad-4476-9e42-d1112aa5302d" />
      <TestMethod codeBase="/workspace/tests/FluentUIScaffold.Playwright.Tests/bin/Debug/net7.0/FluentUIScaffold.Playwright.Tests.dll" adapterTypeName="executor://nunit3testexecutor/" className="FluentUIScaffold.Playwright.Tests.PlaywrightDriverTests" name="WaitForElementToBeVisible_WithEmptySelector_ShouldThrowArgumentException" />
    </UnitTest>
    <UnitTest name="PlaywrightElementNotVisibleException_ShouldInheritFromPlaywrightException" storage="/workspace/tests/fluentuiscaffold.playwright.tests/bin/debug/net7.0/fluentuiscaffold.playwright.tests.dll" id="25abdc2d-45ef-3e74-73db-d094b04fac31">
      <Execution id="18a3d54b-5b6f-4611-8e33-4a7187396833" />
      <TestMethod codeBase="/workspace/tests/FluentUIScaffold.Playwright.Tests/bin/Debug/net7.0/FluentUIScaffold.Playwright.Tests.dll" adapterTypeName="executor://nunit3testexecutor/" className="FluentUIScaffold.Playwright.Tests.PlaywrightExceptionsTests" name="PlaywrightElementNotVisibleException_ShouldInheritFromPlaywrightException" />
    </UnitTest>
    <UnitTest name="Constructor_WithValidParameters_ShouldCreateStrategy" storage="/workspace/tests/fluentuiscaffold.playwright.tests/bin/debug/net7.0/fluentuiscaffold.playwright.tests.dll" id="f7945da7-05fc-93b2-6c8b-30796e4537e2">
      <Execution id="657f5aef-7013-44d5-9537-655ef7e7adcf" />
      <TestMethod codeBase="/workspace/tests/FluentUIScaffold.Playwright.Tests/bin/Debug/net7.0/FluentUIScaffold.Playwright.Tests.dll" adapterTypeName="executor://nunit3testexecutor/" className="FluentUIScaffold.Playwright.Tests.PlaywrightWaitStrategyTests" name="Constructor_WithValidParameters_ShouldCreateStrategy" />
    </UnitTest>
    <UnitTest name="WaitForNetworkRequestInitiatedAsync_WithEmptyUrlPattern_ShouldThrowArgumentException" storage="/workspace/tests/fluentuiscaffold.playwright.tests/bin/debug/net7.0/fluentuiscaffold.playwright.tests.dll" id="ff27c3ee-967a-d5b0-28a4-0b2f2d102b00">
      <Execution id="3996c67c-6a9b-4582-b050-70ac9c6f142e" />
      <TestMethod codeBase="/workspace/tests/FluentUIScaffold.Playwright.Tests/bin/Debug/net7.0/FluentUIScaffold.Playwright.Tests.dll" adapterTypeName="executor://nunit3testexecutor/" className="FluentUIScaffold.Playwright.Tests.PlaywrightAdvancedFeaturesTests" name="WaitForNetworkRequestInitiatedAsync_WithEmptyUrlPattern_ShouldThrowArgumentException" />
    </UnitTest>
    <UnitTest name="GetText_WithNullSelector_ShouldThrowArgumentException" storage="/workspace/tests/fluentuiscaffold.playwright.tests/bin/debug/net7.0/fluentuiscaffold.playwright.tests.dll" id="3b14417e-ad23-ef34-465a-8ff764684d0a">
      <Execution id="5391bd77-3e22-423e-aa22-de314b524aa6" />
      <TestMethod codeBase="/workspace/tests/FluentUIScaffold.Playwright.Tests/bin/Debug/net7.0/FluentUIScaffold.Playwright.Tests.dll" adapterTypeName="executor://nunit3testexecutor/" className="FluentUIScaffold.Playwright.Tests.PlaywrightDriverTests" name="GetText_WithNullSelector_ShouldThrowArgumentException" />
    </UnitTest>
    <UnitTest name="PlaywrightElementNotEnabledException_WithSelector_ShouldSetMessageAndSelector" storage="/workspace/tests/fluentuiscaffold.playwright.tests/bin/debug/net7.0/fluentuiscaffold.playwright.tests.dll" id="4d512506-d61d-6e99-e5c8-886efba56d40">
      <Execution id="e2886633-eb2d-44cd-aa0e-70dec3691b09" />
      <TestMethod codeBase="/workspace/tests/FluentUIScaffold.Playwright.Tests/bin/Debug/net7.0/FluentUIScaffold.Playwright.Tests.dll" adapterTypeName="executor://nunit3testexecutor/" className="FluentUIScaffold.Playwright.Tests.PlaywrightExceptionsTests" name="PlaywrightElementNotEnabledException_WithSelector_ShouldSetMessageAndSelector" />
    </UnitTest>
    <UnitTest name="PlaywrightElementNotVisibleException_WithSelector_ShouldSetMessageAndSelector" storage="/workspace/tests/fluentuiscaffold.playwright.tests/bin/debug/net7.0/fluentuiscaffold.playwright.tests.dll" id="bf3e385b-dfdb-8f76-ab68-66223f8891f9">
      <Execution id="e43398fe-b6d5-477d-a23f-282332aae11c" />
      <TestMethod codeBase="/workspace/tests/FluentUIScaffold.Playwright.Tests/bin/Debug/net7.0/FluentUIScaffold.Playwright.Tests.dll" adapterTypeName="executor://nunit3testexecutor/" className="FluentUIScaffold.Playwright.Tests.PlaywrightExceptionsTests" name="PlaywrightElementNotVisibleException_WithSelector_ShouldSetMessageAndSelector" />
    </UnitTest>
    <UnitTest name="PlaywrightBrowserStartupException_ShouldInheritFromPlaywrightException" storage="/workspace/tests/fluentuiscaffold.playwright.tests/bin/debug/net7.0/fluentuiscaffold.playwright.tests.dll" id="a9901a4f-2a1e-0b93-d3e6-730637b0b658">
      <Execution id="82b222fe-0ef9-4323-9fcc-698e44d81c3b" />
      <TestMethod codeBase="/workspace/tests/FluentUIScaffold.Playwright.Tests/bin/Debug/net7.0/FluentUIScaffold.Playwright.Tests.dll" adapterTypeName="executor://nunit3testexecutor/" className="FluentUIScaffold.Playwright.Tests.PlaywrightExceptionsTests" name="PlaywrightBrowserStartupException_ShouldInheritFromPlaywrightException" />
    </UnitTest>
    <UnitTest name="WaitForElement_WithVisibleStrategy_ShouldNotThrowException" storage="/workspace/tests/fluentuiscaffold.playwright.tests/bin/debug/net7.0/fluentuiscaffold.playwright.tests.dll" id="0bc0dd3d-4205-ff81-c8aa-57581549ca33">
      <Execution id="ed8e4142-ef4f-4b0e-a7ba-cfea0a48779a" />
      <TestMethod codeBase="/workspace/tests/FluentUIScaffold.Playwright.Tests/bin/Debug/net7.0/FluentUIScaffold.Playwright.Tests.dll" adapterTypeName="executor://nunit3testexecutor/" className="FluentUIScaffold.Playwright.Tests.PlaywrightWaitStrategyTests" name="WaitForElement_WithVisibleStrategy_ShouldNotThrowException" />
    </UnitTest>
    <UnitTest name="TakeScreenshotAsync_WithValidParameters_ShouldReturnByteArray" storage="/workspace/tests/fluentuiscaffold.playwright.tests/bin/debug/net7.0/fluentuiscaffold.playwright.tests.dll" id="2a52eb47-2f2b-89a4-1aaf-1041ed903d63">
      <Execution id="d614cc4f-4b6f-4803-84f0-fb1e9637dcc1" />
      <TestMethod codeBase="/workspace/tests/FluentUIScaffold.Playwright.Tests/bin/Debug/net7.0/FluentUIScaffold.Playwright.Tests.dll" adapterTypeName="executor://nunit3testexecutor/" className="FluentUIScaffold.Playwright.Tests.PlaywrightAdvancedFeaturesTests" name="TakeScreenshotAsync_WithValidParameters_ShouldReturnByteArray" />
    </UnitTest>
    <UnitTest name="Constructor_WithNullPage_ShouldThrowArgumentNullException" storage="/workspace/tests/fluentuiscaffold.playwright.tests/bin/debug/net7.0/fluentuiscaffold.playwright.tests.dll" id="f62e70a1-30d9-b0fc-8eea-390e512b56f9">
      <Execution id="98f2d67d-c342-4ab6-b1cb-8a5fb0cc68c7" />
      <TestMethod codeBase="/workspace/tests/FluentUIScaffold.Playwright.Tests/bin/Debug/net7.0/FluentUIScaffold.Playwright.Tests.dll" adapterTypeName="executor://nunit3testexecutor/" className="FluentUIScaffold.Playwright.Tests.PlaywrightWaitStrategyTests" name="Constructor_WithNullPage_ShouldThrowArgumentNullException" />
    </UnitTest>
    <UnitTest name="PlaywrightTimeoutException_ShouldInheritFromPlaywrightException" storage="/workspace/tests/fluentuiscaffold.playwright.tests/bin/debug/net7.0/fluentuiscaffold.playwright.tests.dll" id="8a988672-c520-f531-e937-e9bc3434963b">
      <Execution id="1504bd4c-cbc9-4903-a8a8-0a7786e0c354" />
      <TestMethod codeBase="/workspace/tests/FluentUIScaffold.Playwright.Tests/bin/Debug/net7.0/FluentUIScaffold.Playwright.Tests.dll" adapterTypeName="executor://nunit3testexecutor/" className="FluentUIScaffold.Playwright.Tests.PlaywrightExceptionsTests" name="PlaywrightTimeoutException_ShouldInheritFromPlaywrightException" />
    </UnitTest>
    <UnitTest name="InterceptNetworkRequests_WithEmptyUrlPattern_ShouldThrowArgumentException" storage="/workspace/tests/fluentuiscaffold.playwright.tests/bin/debug/net7.0/fluentuiscaffold.playwright.tests.dll" id="d8f4bef2-a3b9-084c-3bb4-021b9fe3d72e">
      <Execution id="9442e36e-274a-4d78-902f-01ca4bd64ba3" />
      <TestMethod codeBase="/workspace/tests/FluentUIScaffold.Playwright.Tests/bin/Debug/net7.0/FluentUIScaffold.Playwright.Tests.dll" adapterTypeName="executor://nunit3testexecutor/" className="FluentUIScaffold.Playwright.Tests.PlaywrightAdvancedFeaturesTests" name="InterceptNetworkRequests_WithEmptyUrlPattern_ShouldThrowArgumentException" />
    </UnitTest>
    <UnitTest name="NavigateToUrl_WithNullUrl_ShouldThrowArgumentNullException" storage="/workspace/tests/fluentuiscaffold.playwright.tests/bin/debug/net7.0/fluentuiscaffold.playwright.tests.dll" id="df4d6327-e7bc-643e-5619-c31e31143540">
      <Execution id="1708aec7-b5d0-47e2-88a3-ea94ca3ec7fd" />
      <TestMethod codeBase="/workspace/tests/FluentUIScaffold.Playwright.Tests/bin/Debug/net7.0/FluentUIScaffold.Playwright.Tests.dll" adapterTypeName="executor://nunit3testexecutor/" className="FluentUIScaffold.Playwright.Tests.PlaywrightDriverTests" name="NavigateToUrl_WithNullUrl_ShouldThrowArgumentNullException" />
    </UnitTest>
    <UnitTest name="EmulateMobileDeviceAsync_WithEmptyDeviceName_ShouldThrowArgumentException" storage="/workspace/tests/fluentuiscaffold.playwright.tests/bin/debug/net7.0/fluentuiscaffold.playwright.tests.dll" id="8b412a83-eed0-b405-9d7e-9460966d666b">
      <Execution id="502dfcc2-762f-4a8f-9298-7650eadf4468" />
      <TestMethod codeBase="/workspace/tests/FluentUIScaffold.Playwright.Tests/bin/Debug/net7.0/FluentUIScaffold.Playwright.Tests.dll" adapterTypeName="executor://nunit3testexecutor/" className="FluentUIScaffold.Playwright.Tests.PlaywrightAdvancedFeaturesTests" name="EmulateMobileDeviceAsync_WithEmptyDeviceName_ShouldThrowArgumentException" />
    </UnitTest>
    <UnitTest name="CanHandle_WithOtherDriverType_ReturnsFalse" storage="/workspace/tests/fluentuiscaffold.playwright.tests/bin/debug/net7.0/fluentuiscaffold.playwright.tests.dll" id="4877fee6-7639-5a08-f7d7-8315d464aac4">
      <Execution id="d01b6973-31ad-4696-9454-aa5ce03897de" />
      <TestMethod codeBase="/workspace/tests/FluentUIScaffold.Playwright.Tests/bin/Debug/net7.0/FluentUIScaffold.Playwright.Tests.dll" adapterTypeName="executor://nunit3testexecutor/" className="FluentUIScaffold.Playwright.Tests.PlaywrightPluginTests" name="CanHandle_WithOtherDriverType_ReturnsFalse" />
    </UnitTest>
    <UnitTest name="PlaywrightBrowserStartupException_WithMessageAndBrowserType_ShouldSetProperties" storage="/workspace/tests/fluentuiscaffold.playwright.tests/bin/debug/net7.0/fluentuiscaffold.playwright.tests.dll" id="e2038e8d-a0ec-f93d-73e6-4ef1063fd72c">
      <Execution id="20b74d48-50c0-42aa-b14f-ee6ce850222d" />
      <TestMethod codeBase="/workspace/tests/FluentUIScaffold.Playwright.Tests/bin/Debug/net7.0/FluentUIScaffold.Playwright.Tests.dll" adapterTypeName="executor://nunit3testexecutor/" className="FluentUIScaffold.Playwright.Tests.PlaywrightExceptionsTests" name="PlaywrightBrowserStartupException_WithMessageAndBrowserType_ShouldSetProperties" />
    </UnitTest>
    <UnitTest name="WaitForElementText_WithEmptySelector_ShouldThrowArgumentException" storage="/workspace/tests/fluentuiscaffold.playwright.tests/bin/debug/net7.0/fluentuiscaffold.playwright.tests.dll" id="944f38ad-08f1-a287-da8c-959767d157ca">
      <Execution id="90ddceb4-6fa6-4f7d-8325-44f897ca7842" />
      <TestMethod codeBase="/workspace/tests/FluentUIScaffold.Playwright.Tests/bin/Debug/net7.0/FluentUIScaffold.Playwright.Tests.dll" adapterTypeName="executor://nunit3testexecutor/" className="FluentUIScaffold.Playwright.Tests.PlaywrightWaitStrategyTests" name="WaitForElementText_WithEmptySelector_ShouldThrowArgumentException" />
    </UnitTest>
    <UnitTest name="SelectOption_WithNullSelector_ShouldThrowArgumentException" storage="/workspace/tests/fluentuiscaffold.playwright.tests/bin/debug/net7.0/fluentuiscaffold.playwright.tests.dll" id="a17eff27-7a9d-3fe1-a994-0b42d6f3dc3a">
      <Execution id="38a7fa65-a8f2-4b6c-871f-b96d191430c8" />
      <TestMethod codeBase="/workspace/tests/FluentUIScaffold.Playwright.Tests/bin/Debug/net7.0/FluentUIScaffold.Playwright.Tests.dll" adapterTypeName="executor://nunit3testexecutor/" className="FluentUIScaffold.Playwright.Tests.PlaywrightDriverTests" name="SelectOption_WithNullSelector_ShouldThrowArgumentException" />
    </UnitTest>
    <UnitTest name="Constructor_WithValidOptions_CreatesInstance" storage="/workspace/tests/fluentuiscaffold.playwright.tests/bin/debug/net7.0/fluentuiscaffold.playwright.tests.dll" id="9d8e977a-2daa-bc0b-9397-cfa6dd67da2e">
      <Execution id="27705f0d-df33-4961-85ff-a86b49e269e1" />
      <TestMethod codeBase="/workspace/tests/FluentUIScaffold.Playwright.Tests/bin/Debug/net7.0/FluentUIScaffold.Playwright.Tests.dll" adapterTypeName="executor://nunit3testexecutor/" className="FluentUIScaffold.Playwright.Tests.PlaywrightDriverTests" name="Constructor_WithValidOptions_CreatesInstance" />
    </UnitTest>
    <UnitTest name="Constructor_WithNullOptions_ThrowsException" storage="/workspace/tests/fluentuiscaffold.playwright.tests/bin/debug/net7.0/fluentuiscaffold.playwright.tests.dll" id="76ff7f4d-9c8c-06e9-6eaf-d088e0e04505">
      <Execution id="9b5f3c1f-0f8d-4185-b451-5366028c3ec7" />
      <TestMethod codeBase="/workspace/tests/FluentUIScaffold.Playwright.Tests/bin/Debug/net7.0/FluentUIScaffold.Playwright.Tests.dll" adapterTypeName="executor://nunit3testexecutor/" className="FluentUIScaffold.Playwright.Tests.PlaywrightDriverTests" name="Constructor_WithNullOptions_ThrowsException" />
    </UnitTest>
    <UnitTest name="SetPermissionsAsync_WithValidPermissions_ShouldNotThrowException" storage="/workspace/tests/fluentuiscaffold.playwright.tests/bin/debug/net7.0/fluentuiscaffold.playwright.tests.dll" id="29b927ce-f540-26d4-d1f1-a1b0b62c4d93">
      <Execution id="758c8c85-451d-4170-a7fd-657e778ff5fe" />
      <TestMethod codeBase="/workspace/tests/FluentUIScaffold.Playwright.Tests/bin/Debug/net7.0/FluentUIScaffold.Playwright.Tests.dll" adapterTypeName="executor://nunit3testexecutor/" className="FluentUIScaffold.Playwright.Tests.PlaywrightAdvancedFeaturesTests" name="SetPermissionsAsync_WithValidPermissions_ShouldNotThrowException" />
    </UnitTest>
    <UnitTest name="WaitForNetworkRequestAsync_WithEmptyUrlPattern_ShouldThrowArgumentException" storage="/workspace/tests/fluentuiscaffold.playwright.tests/bin/debug/net7.0/fluentuiscaffold.playwright.tests.dll" id="7def36c3-84cc-de65-8474-fb3817dac248">
      <Execution id="426e0bc1-5dc5-4eaf-8a6d-0a5c134b2fd7" />
      <TestMethod codeBase="/workspace/tests/FluentUIScaffold.Playwright.Tests/bin/Debug/net7.0/FluentUIScaffold.Playwright.Tests.dll" adapterTypeName="executor://nunit3testexecutor/" className="FluentUIScaffold.Playwright.Tests.PlaywrightAdvancedFeaturesTests" name="WaitForNetworkRequestAsync_WithEmptyUrlPattern_ShouldThrowArgumentException" />
    </UnitTest>
    <UnitTest name="Click_WithEmptySelector_ShouldThrowArgumentException" storage="/workspace/tests/fluentuiscaffold.playwright.tests/bin/debug/net7.0/fluentuiscaffold.playwright.tests.dll" id="b5825f7a-1718-d5b8-d745-4d4cf3df9a9b">
      <Execution id="d4350824-1ad3-4981-805d-563521f6386f" />
      <TestMethod codeBase="/workspace/tests/FluentUIScaffold.Playwright.Tests/bin/Debug/net7.0/FluentUIScaffold.Playwright.Tests.dll" adapterTypeName="executor://nunit3testexecutor/" className="FluentUIScaffold.Playwright.Tests.PlaywrightDriverTests" name="Click_WithEmptySelector_ShouldThrowArgumentException" />
    </UnitTest>
    <UnitTest name="PlaywrightException_ShouldInheritFromFluentUIScaffoldException" storage="/workspace/tests/fluentuiscaffold.playwright.tests/bin/debug/net7.0/fluentuiscaffold.playwright.tests.dll" id="b08e593a-105a-8f9a-8a16-fc40973c941d">
      <Execution id="e60f8d04-e5c1-463b-9f6a-c4194cb45f9d" />
      <TestMethod codeBase="/workspace/tests/FluentUIScaffold.Playwright.Tests/bin/Debug/net7.0/FluentUIScaffold.Playwright.Tests.dll" adapterTypeName="executor://nunit3testexecutor/" className="FluentUIScaffold.Playwright.Tests.PlaywrightExceptionsTests" name="PlaywrightException_ShouldInheritFromFluentUIScaffoldException" />
    </UnitTest>
    <UnitTest name="StartVideoRecordingAsync_WithNullPath_ShouldThrowArgumentException" storage="/workspace/tests/fluentuiscaffold.playwright.tests/bin/debug/net7.0/fluentuiscaffold.playwright.tests.dll" id="3ffb125b-102b-bde1-b8fc-5af3a8320f3e">
      <Execution id="2ee80b12-d2a4-4aad-b9cd-cacc5e35c6db" />
      <TestMethod codeBase="/workspace/tests/FluentUIScaffold.Playwright.Tests/bin/Debug/net7.0/FluentUIScaffold.Playwright.Tests.dll" adapterTypeName="executor://nunit3testexecutor/" className="FluentUIScaffold.Playwright.Tests.PlaywrightAdvancedFeaturesTests" name="StartVideoRecordingAsync_WithNullPath_ShouldThrowArgumentException" />
    </UnitTest>
    <UnitTest name="Type_WithEmptySelector_ShouldThrowArgumentException" storage="/workspace/tests/fluentuiscaffold.playwright.tests/bin/debug/net7.0/fluentuiscaffold.playwright.tests.dll" id="c664cdab-350c-1fb1-39db-9c396900386f">
      <Execution id="21a305ad-6665-41a0-8bd9-ee00bed5d971" />
      <TestMethod codeBase="/workspace/tests/FluentUIScaffold.Playwright.Tests/bin/Debug/net7.0/FluentUIScaffold.Playwright.Tests.dll" adapterTypeName="executor://nunit3testexecutor/" className="FluentUIScaffold.Playwright.Tests.PlaywrightDriverTests" name="Type_WithEmptySelector_ShouldThrowArgumentException" />
    </UnitTest>
    <UnitTest name="PlaywrightElementNotFoundException_WithSelectorAndInnerException_ShouldSetProperties" storage="/workspace/tests/fluentuiscaffold.playwright.tests/bin/debug/net7.0/fluentuiscaffold.playwright.tests.dll" id="91fc287d-2917-073f-d019-a49cedb4c089">
      <Execution id="7827f3b5-ac04-4cf7-8a11-da110ff98bcd" />
      <TestMethod codeBase="/workspace/tests/FluentUIScaffold.Playwright.Tests/bin/Debug/net7.0/FluentUIScaffold.Playwright.Tests.dll" adapterTypeName="executor://nunit3testexecutor/" className="FluentUIScaffold.Playwright.Tests.PlaywrightExceptionsTests" name="PlaywrightElementNotFoundException_WithSelectorAndInnerException_ShouldSetProperties" />
    </UnitTest>
    <UnitTest name="Constructor_WithNullPage_ShouldThrowArgumentNullException" storage="/workspace/tests/fluentuiscaffold.playwright.tests/bin/debug/net7.0/fluentuiscaffold.playwright.tests.dll" id="3498048a-05a3-5fab-e906-09acaee53433">
      <Execution id="2a194697-2e21-41d7-8ecb-62b087ab2e30" />
      <TestMethod codeBase="/workspace/tests/FluentUIScaffold.Playwright.Tests/bin/Debug/net7.0/FluentUIScaffold.Playwright.Tests.dll" adapterTypeName="executor://nunit3testexecutor/" className="FluentUIScaffold.Playwright.Tests.PlaywrightAdvancedFeaturesTests" name="Constructor_WithNullPage_ShouldThrowArgumentNullException" />
    </UnitTest>
    <UnitTest name="TakeElementScreenshotAsync_WithNullSelector_ShouldThrowArgumentException" storage="/workspace/tests/fluentuiscaffold.playwright.tests/bin/debug/net7.0/fluentuiscaffold.playwright.tests.dll" id="5637c2bc-4ff0-830b-afbc-8160de8eaeff">
      <Execution id="96af1666-89d2-4a1b-8f55-ff3435089bc1" />
      <TestMethod codeBase="/workspace/tests/FluentUIScaffold.Playwright.Tests/bin/Debug/net7.0/FluentUIScaffold.Playwright.Tests.dll" adapterTypeName="executor://nunit3testexecutor/" className="FluentUIScaffold.Playwright.Tests.PlaywrightAdvancedFeaturesTests" name="TakeElementScreenshotAsync_WithNullSelector_ShouldThrowArgumentException" />
    </UnitTest>
    <UnitTest name="WaitForElementToBeHidden_WithNullSelector_ShouldThrowArgumentException" storage="/workspace/tests/fluentuiscaffold.playwright.tests/bin/debug/net7.0/fluentuiscaffold.playwright.tests.dll" id="13205d21-5396-0d73-194f-16064907002f">
      <Execution id="c6e61a9f-12fe-4b4a-9d74-94027b1feec2" />
      <TestMethod codeBase="/workspace/tests/FluentUIScaffold.Playwright.Tests/bin/Debug/net7.0/FluentUIScaffold.Playwright.Tests.dll" adapterTypeName="executor://nunit3testexecutor/" className="FluentUIScaffold.Playwright.Tests.PlaywrightDriverTests" name="WaitForElementToBeHidden_WithNullSelector_ShouldThrowArgumentException" />
    </UnitTest>
    <UnitTest name="WaitForElement_WithNoneStrategy_ShouldNotThrowException" storage="/workspace/tests/fluentuiscaffold.playwright.tests/bin/debug/net7.0/fluentuiscaffold.playwright.tests.dll" id="1c19d2b9-0d7d-1341-0e1e-577e56b55133">
      <Execution id="53394f10-d8de-4e82-9031-8768bbeeeb76" />
      <TestMethod codeBase="/workspace/tests/FluentUIScaffold.Playwright.Tests/bin/Debug/net7.0/FluentUIScaffold.Playwright.Tests.dll" adapterTypeName="executor://nunit3testexecutor/" className="FluentUIScaffold.Playwright.Tests.PlaywrightWaitStrategyTests" name="WaitForElement_WithNoneStrategy_ShouldNotThrowException" />
    </UnitTest>
    <UnitTest name="SetPermissionsAsync_WithNullPermissions_ShouldThrowArgumentException" storage="/workspace/tests/fluentuiscaffold.playwright.tests/bin/debug/net7.0/fluentuiscaffold.playwright.tests.dll" id="d8a94e68-473e-230d-959c-c6cb87f94d0d">
      <Execution id="3f010b7f-fb8f-4c11-a6fa-2acb1fd1f4cc" />
      <TestMethod codeBase="/workspace/tests/FluentUIScaffold.Playwright.Tests/bin/Debug/net7.0/FluentUIScaffold.Playwright.Tests.dll" adapterTypeName="executor://nunit3testexecutor/" className="FluentUIScaffold.Playwright.Tests.PlaywrightAdvancedFeaturesTests" name="SetPermissionsAsync_WithNullPermissions_ShouldThrowArgumentException" />
    </UnitTest>
    <UnitTest name="GetText_WithEmptySelector_ShouldThrowArgumentException" storage="/workspace/tests/fluentuiscaffold.playwright.tests/bin/debug/net7.0/fluentuiscaffold.playwright.tests.dll" id="4ea4703d-971f-8d0f-9080-579d4df73c0e">
      <Execution id="ac0227a0-6e81-4647-9521-688fd1d84b77" />
      <TestMethod codeBase="/workspace/tests/FluentUIScaffold.Playwright.Tests/bin/Debug/net7.0/FluentUIScaffold.Playwright.Tests.dll" adapterTypeName="executor://nunit3testexecutor/" className="FluentUIScaffold.Playwright.Tests.PlaywrightDriverTests" name="GetText_WithEmptySelector_ShouldThrowArgumentException" />
    </UnitTest>
    <UnitTest name="SelectOption_WithEmptySelector_ShouldThrowArgumentException" storage="/workspace/tests/fluentuiscaffold.playwright.tests/bin/debug/net7.0/fluentuiscaffold.playwright.tests.dll" id="11bf123b-4b49-9aad-cb04-3660819fe124">
      <Execution id="2ed03d8b-1346-4a31-9d34-fa36e9812322" />
      <TestMethod codeBase="/workspace/tests/FluentUIScaffold.Playwright.Tests/bin/Debug/net7.0/FluentUIScaffold.Playwright.Tests.dll" adapterTypeName="executor://nunit3testexecutor/" className="FluentUIScaffold.Playwright.Tests.PlaywrightDriverTests" name="SelectOption_WithEmptySelector_ShouldThrowArgumentException" />
    </UnitTest>
    <UnitTest name="WaitForElement_WithDisabledStrategy_ShouldNotThrowException" storage="/workspace/tests/fluentuiscaffold.playwright.tests/bin/debug/net7.0/fluentuiscaffold.playwright.tests.dll" id="3c8cad92-46ed-0873-a4a3-5d20f77cde53">
      <Execution id="162ccb6a-0bd9-4faf-b5ed-37ef79e2fda2" />
      <TestMethod codeBase="/workspace/tests/FluentUIScaffold.Playwright.Tests/bin/Debug/net7.0/FluentUIScaffold.Playwright.Tests.dll" adapterTypeName="executor://nunit3testexecutor/" className="FluentUIScaffold.Playwright.Tests.PlaywrightWaitStrategyTests" name="WaitForElement_WithDisabledStrategy_ShouldNotThrowException" />
    </UnitTest>
    <UnitTest name="PlaywrightElementNotEnabledException_WithSelectorAndInnerException_ShouldSetProperties" storage="/workspace/tests/fluentuiscaffold.playwright.tests/bin/debug/net7.0/fluentuiscaffold.playwright.tests.dll" id="3ad03a22-2777-d2d4-5f83-9fd05f5245af">
      <Execution id="d29fbfba-f88f-4d3b-a7bc-5c382577511e" />
      <TestMethod codeBase="/workspace/tests/FluentUIScaffold.Playwright.Tests/bin/Debug/net7.0/FluentUIScaffold.Playwright.Tests.dll" adapterTypeName="executor://nunit3testexecutor/" className="FluentUIScaffold.Playwright.Tests.PlaywrightExceptionsTests" name="PlaywrightElementNotEnabledException_WithSelectorAndInnerException_ShouldSetProperties" />
    </UnitTest>
    <UnitTest name="GetFrameworkDriver_WithIPageType_ShouldReturnPage" storage="/workspace/tests/fluentuiscaffold.playwright.tests/bin/debug/net7.0/fluentuiscaffold.playwright.tests.dll" id="77b8f1d6-b8c9-e577-da61-e76abc5e190a">
      <Execution id="a7baebc5-e2b5-4a4b-916b-8fb9e770ff7d" />
      <TestMethod codeBase="/workspace/tests/FluentUIScaffold.Playwright.Tests/bin/Debug/net7.0/FluentUIScaffold.Playwright.Tests.dll" adapterTypeName="executor://nunit3testexecutor/" className="FluentUIScaffold.Playwright.Tests.PlaywrightDriverTests" name="GetFrameworkDriver_WithIPageType_ShouldReturnPage" />
    </UnitTest>
    <UnitTest name="IsEnabled_WithNullSelector_ShouldThrowArgumentException" storage="/workspace/tests/fluentuiscaffold.playwright.tests/bin/debug/net7.0/fluentuiscaffold.playwright.tests.dll" id="ceb91d2d-ad4f-bb50-563d-695574499def">
      <Execution id="9d247351-c816-4945-b1cc-bf19ac0d24de" />
      <TestMethod codeBase="/workspace/tests/FluentUIScaffold.Playwright.Tests/bin/Debug/net7.0/FluentUIScaffold.Playwright.Tests.dll" adapterTypeName="executor://nunit3testexecutor/" className="FluentUIScaffold.Playwright.Tests.PlaywrightDriverTests" name="IsEnabled_WithNullSelector_ShouldThrowArgumentException" />
    </UnitTest>
    <UnitTest name="TakeElementScreenshotAsync_WithEmptySelector_ShouldThrowArgumentException" storage="/workspace/tests/fluentuiscaffold.playwright.tests/bin/debug/net7.0/fluentuiscaffold.playwright.tests.dll" id="a0b42499-9aa5-d679-1ef3-7d05e5974b9e">
      <Execution id="6304c662-5cda-4857-bcb7-37a70971aed0" />
      <TestMethod codeBase="/workspace/tests/FluentUIScaffold.Playwright.Tests/bin/Debug/net7.0/FluentUIScaffold.Playwright.Tests.dll" adapterTypeName="executor://nunit3testexecutor/" className="FluentUIScaffold.Playwright.Tests.PlaywrightAdvancedFeaturesTests" name="TakeElementScreenshotAsync_WithEmptySelector_ShouldThrowArgumentException" />
    </UnitTest>
    <UnitTest name="SetPermissionsAsync_WithEmptyPermissions_ShouldThrowArgumentException" storage="/workspace/tests/fluentuiscaffold.playwright.tests/bin/debug/net7.0/fluentuiscaffold.playwright.tests.dll" id="f44ad0a1-0847-0f54-bff5-381243908744">
      <Execution id="20a50e33-6726-4f4e-8b91-91d8bcc8d3e9" />
      <TestMethod codeBase="/workspace/tests/FluentUIScaffold.Playwright.Tests/bin/Debug/net7.0/FluentUIScaffold.Playwright.Tests.dll" adapterTypeName="executor://nunit3testexecutor/" className="FluentUIScaffold.Playwright.Tests.PlaywrightAdvancedFeaturesTests" name="SetPermissionsAsync_WithEmptyPermissions_ShouldThrowArgumentException" />
    </UnitTest>
    <UnitTest name="PlaywrightElementNotVisibleException_WithSelectorAndInnerException_ShouldSetProperties" storage="/workspace/tests/fluentuiscaffold.playwright.tests/bin/debug/net7.0/fluentuiscaffold.playwright.tests.dll" id="cdf95cc8-e652-0533-8bc6-85dc81d809bd">
      <Execution id="ea4b1a22-acee-4f1a-83ca-fc2a62c01eb3" />
      <TestMethod codeBase="/workspace/tests/FluentUIScaffold.Playwright.Tests/bin/Debug/net7.0/FluentUIScaffold.Playwright.Tests.dll" adapterTypeName="executor://nunit3testexecutor/" className="FluentUIScaffold.Playwright.Tests.PlaywrightExceptionsTests" name="PlaywrightElementNotVisibleException_WithSelectorAndInnerException_ShouldSetProperties" />
    </UnitTest>
    <UnitTest name="IsEnabled_WithEmptySelector_ShouldThrowArgumentException" storage="/workspace/tests/fluentuiscaffold.playwright.tests/bin/debug/net7.0/fluentuiscaffold.playwright.tests.dll" id="431f452d-c23f-9ca3-4bae-283bd4f22bb9">
      <Execution id="b5a25e69-6fd6-4cdd-ac37-29ebc0080a1f" />
      <TestMethod codeBase="/workspace/tests/FluentUIScaffold.Playwright.Tests/bin/Debug/net7.0/FluentUIScaffold.Playwright.Tests.dll" adapterTypeName="executor://nunit3testexecutor/" className="FluentUIScaffold.Playwright.Tests.PlaywrightDriverTests" name="IsEnabled_WithEmptySelector_ShouldThrowArgumentException" />
    </UnitTest>
    <UnitTest name="IsVisible_WithEmptySelector_ShouldThrowArgumentException" storage="/workspace/tests/fluentuiscaffold.playwright.tests/bin/debug/net7.0/fluentuiscaffold.playwright.tests.dll" id="e8d74a76-a6dc-3af0-710e-e305cc9a27a7">
      <Execution id="63a977fa-cefd-4cd4-9352-61a5b5fd9c82" />
      <TestMethod codeBase="/workspace/tests/FluentUIScaffold.Playwright.Tests/bin/Debug/net7.0/FluentUIScaffold.Playwright.Tests.dll" adapterTypeName="executor://nunit3testexecutor/" className="FluentUIScaffold.Playwright.Tests.PlaywrightDriverTests" name="IsVisible_WithEmptySelector_ShouldThrowArgumentException" />
    </UnitTest>
    <UnitTest name="WaitForElementText_WithNullSelector_ShouldThrowArgumentException" storage="/workspace/tests/fluentuiscaffold.playwright.tests/bin/debug/net7.0/fluentuiscaffold.playwright.tests.dll" id="8213bc5b-42b0-75d7-a534-797053f7517b">
      <Execution id="a2e57bc7-b6d2-476d-8383-fb80086a00f3" />
      <TestMethod codeBase="/workspace/tests/FluentUIScaffold.Playwright.Tests/bin/Debug/net7.0/FluentUIScaffold.Playwright.Tests.dll" adapterTypeName="executor://nunit3testexecutor/" className="FluentUIScaffold.Playwright.Tests.PlaywrightWaitStrategyTests" name="WaitForElementText_WithNullSelector_ShouldThrowArgumentException" />
    </UnitTest>
    <UnitTest name="WaitForElement_WithNullSelector_ShouldThrowArgumentException" storage="/workspace/tests/fluentuiscaffold.playwright.tests/bin/debug/net7.0/fluentuiscaffold.playwright.tests.dll" id="4dbe9558-da89-b0af-04d4-50fba6f3e664">
      <Execution id="e6907c3d-6fc2-4703-a140-26a5b98e3497" />
      <TestMethod codeBase="/workspace/tests/FluentUIScaffold.Playwright.Tests/bin/Debug/net7.0/FluentUIScaffold.Playwright.Tests.dll" adapterTypeName="executor://nunit3testexecutor/" className="FluentUIScaffold.Playwright.Tests.PlaywrightDriverTests" name="WaitForElement_WithNullSelector_ShouldThrowArgumentException" />
    </UnitTest>
    <UnitTest name="GetFrameworkDriver_WithIPlaywrightType_ShouldReturnPlaywright" storage="/workspace/tests/fluentuiscaffold.playwright.tests/bin/debug/net7.0/fluentuiscaffold.playwright.tests.dll" id="8ad984d6-7085-8350-03f6-84c69fb96b0b">
      <Execution id="a9e997c7-8982-4977-a503-835156f2c7fe" />
      <TestMethod codeBase="/workspace/tests/FluentUIScaffold.Playwright.Tests/bin/Debug/net7.0/FluentUIScaffold.Playwright.Tests.dll" adapterTypeName="executor://nunit3testexecutor/" className="FluentUIScaffold.Playwright.Tests.PlaywrightDriverTests" name="GetFrameworkDriver_WithIPlaywrightType_ShouldReturnPlaywright" />
    </UnitTest>
    <UnitTest name="PlaywrightElementNotFoundException_ShouldInheritFromPlaywrightException" storage="/workspace/tests/fluentuiscaffold.playwright.tests/bin/debug/net7.0/fluentuiscaffold.playwright.tests.dll" id="45134bbd-894d-df2d-e054-a81510231f3d">
      <Execution id="125615d0-1249-4ccf-ad25-bb03701a13d3" />
      <TestMethod codeBase="/workspace/tests/FluentUIScaffold.Playwright.Tests/bin/Debug/net7.0/FluentUIScaffold.Playwright.Tests.dll" adapterTypeName="executor://nunit3testexecutor/" className="FluentUIScaffold.Playwright.Tests.PlaywrightExceptionsTests" name="PlaywrightElementNotFoundException_ShouldInheritFromPlaywrightException" />
    </UnitTest>
    <UnitTest name="TakeElementScreenshotAsync_WithValidSelector_ShouldReturnByteArray" storage="/workspace/tests/fluentuiscaffold.playwright.tests/bin/debug/net7.0/fluentuiscaffold.playwright.tests.dll" id="471c48b8-3934-9ff4-83c3-85e85475d277">
      <Execution id="c64ba18d-bf49-478a-bba6-25101ff4847f" />
      <TestMethod codeBase="/workspace/tests/FluentUIScaffold.Playwright.Tests/bin/Debug/net7.0/FluentUIScaffold.Playwright.Tests.dll" adapterTypeName="executor://nunit3testexecutor/" className="FluentUIScaffold.Playwright.Tests.PlaywrightAdvancedFeaturesTests" name="TakeElementScreenshotAsync_WithValidSelector_ShouldReturnByteArray" />
    </UnitTest>
    <UnitTest name="Constructor_WithLogger_ShouldCreateDriver" storage="/workspace/tests/fluentuiscaffold.playwright.tests/bin/debug/net7.0/fluentuiscaffold.playwright.tests.dll" id="3ff93f72-7ce5-5fab-8610-20cbfcaf06d2">
      <Execution id="81666db0-a3c7-4c5f-a248-934229d5ceeb" />
      <TestMethod codeBase="/workspace/tests/FluentUIScaffold.Playwright.Tests/bin/Debug/net7.0/FluentUIScaffold.Playwright.Tests.dll" adapterTypeName="executor://nunit3testexecutor/" className="FluentUIScaffold.Playwright.Tests.PlaywrightDriverTests" name="Constructor_WithLogger_ShouldCreateDriver" />
    </UnitTest>
    <UnitTest name="PlaywrightElementNotEnabledException_ShouldInheritFromPlaywrightException" storage="/workspace/tests/fluentuiscaffold.playwright.tests/bin/debug/net7.0/fluentuiscaffold.playwright.tests.dll" id="4037d24c-70f3-df4c-51c5-e323f0c729ef">
      <Execution id="069680f6-ce6e-441c-a3ab-6767264bfa21" />
      <TestMethod codeBase="/workspace/tests/FluentUIScaffold.Playwright.Tests/bin/Debug/net7.0/FluentUIScaffold.Playwright.Tests.dll" adapterTypeName="executor://nunit3testexecutor/" className="FluentUIScaffold.Playwright.Tests.PlaywrightExceptionsTests" name="PlaywrightElementNotEnabledException_ShouldInheritFromPlaywrightException" />
    </UnitTest>
    <UnitTest name="Dispose_ShouldBeCallableMultipleTimes" storage="/workspace/tests/fluentuiscaffold.playwright.tests/bin/debug/net7.0/fluentuiscaffold.playwright.tests.dll" id="b2ab8ddd-ea45-0e6e-e413-55319ef7b10b">
      <Execution id="682e253c-e2f3-42c3-8772-6e10f23fe913" />
      <TestMethod codeBase="/workspace/tests/FluentUIScaffold.Playwright.Tests/bin/Debug/net7.0/FluentUIScaffold.Playwright.Tests.dll" adapterTypeName="executor://nunit3testexecutor/" className="FluentUIScaffold.Playwright.Tests.PlaywrightDriverTests" name="Dispose_ShouldBeCallableMultipleTimes" />
    </UnitTest>
    <UnitTest name="PlaywrightTimeoutException_WithDefaultTimeout_ShouldSetDefaultTimeout" storage="/workspace/tests/fluentuiscaffold.playwright.tests/bin/debug/net7.0/fluentuiscaffold.playwright.tests.dll" id="705b3a66-7abb-be15-4d76-eeeccbd1e039">
      <Execution id="5270020d-a79c-4b4d-a68f-cbbb03dcfb50" />
      <TestMethod codeBase="/workspace/tests/FluentUIScaffold.Playwright.Tests/bin/Debug/net7.0/FluentUIScaffold.Playwright.Tests.dll" adapterTypeName="executor://nunit3testexecutor/" className="FluentUIScaffold.Playwright.Tests.PlaywrightExceptionsTests" name="PlaywrightTimeoutException_WithDefaultTimeout_ShouldSetDefaultTimeout" />
    </UnitTest>
    <UnitTest name="PlaywrightBrowserStartupException_WithMessageBrowserTypeAndInnerException_ShouldSetProperties" storage="/workspace/tests/fluentuiscaffold.playwright.tests/bin/debug/net7.0/fluentuiscaffold.playwright.tests.dll" id="77166824-4ddf-283f-a4fc-781ad7e809a3">
      <Execution id="70c10a77-a221-4d7d-9233-a0eeddcf87e8" />
      <TestMethod codeBase="/workspace/tests/FluentUIScaffold.Playwright.Tests/bin/Debug/net7.0/FluentUIScaffold.Playwright.Tests.dll" adapterTypeName="executor://nunit3testexecutor/" className="FluentUIScaffold.Playwright.Tests.PlaywrightExceptionsTests" name="PlaywrightBrowserStartupException_WithMessageBrowserTypeAndInnerException_ShouldSetProperties" />
    </UnitTest>
    <UnitTest name="WaitForElement_WithHiddenStrategy_ShouldNotThrowException" storage="/workspace/tests/fluentuiscaffold.playwright.tests/bin/debug/net7.0/fluentuiscaffold.playwright.tests.dll" id="fa631617-c65d-b7c1-e160-e4d485baa491">
      <Execution id="4a2870b2-fdbb-4a08-853a-c8b5ab1739da" />
      <TestMethod codeBase="/workspace/tests/FluentUIScaffold.Playwright.Tests/bin/Debug/net7.0/FluentUIScaffold.Playwright.Tests.dll" adapterTypeName="executor://nunit3testexecutor/" className="FluentUIScaffold.Playwright.Tests.PlaywrightWaitStrategyTests" name="WaitForElement_WithHiddenStrategy_ShouldNotThrowException" />
    </UnitTest>
    <UnitTest name="PlaywrightNavigationException_ShouldInheritFromPlaywrightException" storage="/workspace/tests/fluentuiscaffold.playwright.tests/bin/debug/net7.0/fluentuiscaffold.playwright.tests.dll" id="42fb382d-1c8c-a4e5-48a8-bcf25cccc671">
      <Execution id="f0dfa540-628a-4f01-a19f-52495a38a4fc" />
      <TestMethod codeBase="/workspace/tests/FluentUIScaffold.Playwright.Tests/bin/Debug/net7.0/FluentUIScaffold.Playwright.Tests.dll" adapterTypeName="executor://nunit3testexecutor/" className="FluentUIScaffold.Playwright.Tests.PlaywrightExceptionsTests" name="PlaywrightNavigationException_ShouldInheritFromPlaywrightException" />
    </UnitTest>
    <UnitTest name="PlaywrightException_WithMessageSelectorAndInnerException_ShouldSetProperties" storage="/workspace/tests/fluentuiscaffold.playwright.tests/bin/debug/net7.0/fluentuiscaffold.playwright.tests.dll" id="4f4ef7fd-36f7-ba05-36a3-7b3f66834768">
      <Execution id="efa31e6c-9ea7-4a84-9793-c075d900e0d2" />
      <TestMethod codeBase="/workspace/tests/FluentUIScaffold.Playwright.Tests/bin/Debug/net7.0/FluentUIScaffold.Playwright.Tests.dll" adapterTypeName="executor://nunit3testexecutor/" className="FluentUIScaffold.Playwright.Tests.PlaywrightExceptionsTests" name="PlaywrightException_WithMessageSelectorAndInnerException_ShouldSetProperties" />
    </UnitTest>
    <UnitTest name="Dispose_DisposesCorrectly" storage="/workspace/tests/fluentuiscaffold.playwright.tests/bin/debug/net7.0/fluentuiscaffold.playwright.tests.dll" id="27a6b503-6d8a-6bf4-22e7-91fa4a9610ae">
      <Execution id="533d109d-7409-4a55-808b-0c4ac6d6e9c8" />
      <TestMethod codeBase="/workspace/tests/FluentUIScaffold.Playwright.Tests/bin/Debug/net7.0/FluentUIScaffold.Playwright.Tests.dll" adapterTypeName="executor://nunit3testexecutor/" className="FluentUIScaffold.Playwright.Tests.PlaywrightDriverTests" name="Dispose_DisposesCorrectly" />
    </UnitTest>
    <UnitTest name="InterceptNetworkRequests_WithNullUrlPattern_ShouldThrowArgumentException" storage="/workspace/tests/fluentuiscaffold.playwright.tests/bin/debug/net7.0/fluentuiscaffold.playwright.tests.dll" id="29102099-3023-58e6-1b9e-94381bd37eb7">
      <Execution id="0a878602-dfdb-4c61-bd53-c750e7aa2f35" />
      <TestMethod codeBase="/workspace/tests/FluentUIScaffold.Playwright.Tests/bin/Debug/net7.0/FluentUIScaffold.Playwright.Tests.dll" adapterTypeName="executor://nunit3testexecutor/" className="FluentUIScaffold.Playwright.Tests.PlaywrightAdvancedFeaturesTests" name="InterceptNetworkRequests_WithNullUrlPattern_ShouldThrowArgumentException" />
    </UnitTest>
    <UnitTest name="PlaywrightBrowserStartupException_WithNullBrowserType_ShouldSetBrowserTypeToNull" storage="/workspace/tests/fluentuiscaffold.playwright.tests/bin/debug/net7.0/fluentuiscaffold.playwright.tests.dll" id="cd2fb9d4-c210-d572-239c-0d75835cfc5e">
      <Execution id="7b0b0c05-34d7-4f18-bf6d-27ebb6ec38ca" />
      <TestMethod codeBase="/workspace/tests/FluentUIScaffold.Playwright.Tests/bin/Debug/net7.0/FluentUIScaffold.Playwright.Tests.dll" adapterTypeName="executor://nunit3testexecutor/" className="FluentUIScaffold.Playwright.Tests.PlaywrightExceptionsTests" name="PlaywrightBrowserStartupException_WithNullBrowserType_ShouldSetBrowserTypeToNull" />
    </UnitTest>
    <UnitTest name="Constructor_WithValidPage_ShouldCreateFeatures" storage="/workspace/tests/fluentuiscaffold.playwright.tests/bin/debug/net7.0/fluentuiscaffold.playwright.tests.dll" id="b4a2eecf-9a99-b799-a456-523f1eb6e158">
      <Execution id="14646b00-acb7-4206-97c7-658efdb568e8" />
      <TestMethod codeBase="/workspace/tests/FluentUIScaffold.Playwright.Tests/bin/Debug/net7.0/FluentUIScaffold.Playwright.Tests.dll" adapterTypeName="executor://nunit3testexecutor/" className="FluentUIScaffold.Playwright.Tests.PlaywrightAdvancedFeaturesTests" name="Constructor_WithValidPage_ShouldCreateFeatures" />
    </UnitTest>
    <UnitTest name="EmulateMobileDeviceAsync_WithValidDeviceName_ShouldNotThrowException" storage="/workspace/tests/fluentuiscaffold.playwright.tests/bin/debug/net7.0/fluentuiscaffold.playwright.tests.dll" id="a7110f0d-1515-f79f-160d-c973adc19695">
      <Execution id="a295f225-b5d3-400e-864d-76ad7ba35f92" />
      <TestMethod codeBase="/workspace/tests/FluentUIScaffold.Playwright.Tests/bin/Debug/net7.0/FluentUIScaffold.Playwright.Tests.dll" adapterTypeName="executor://nunit3testexecutor/" className="FluentUIScaffold.Playwright.Tests.PlaywrightAdvancedFeaturesTests" name="EmulateMobileDeviceAsync_WithValidDeviceName_ShouldNotThrowException" />
    </UnitTest>
    <UnitTest name="WaitForElementToBeVisible_WithNullSelector_ShouldThrowArgumentException" storage="/workspace/tests/fluentuiscaffold.playwright.tests/bin/debug/net7.0/fluentuiscaffold.playwright.tests.dll" id="8b1d7b5e-1d6e-fbde-e6fa-a6405decaab9">
      <Execution id="9e4f6390-9c9a-442f-a459-2dc3eaec9a6a" />
      <TestMethod codeBase="/workspace/tests/FluentUIScaffold.Playwright.Tests/bin/Debug/net7.0/FluentUIScaffold.Playwright.Tests.dll" adapterTypeName="executor://nunit3testexecutor/" className="FluentUIScaffold.Playwright.Tests.PlaywrightDriverTests" name="WaitForElementToBeVisible_WithNullSelector_ShouldThrowArgumentException" />
    </UnitTest>
    <UnitTest name="AddInitScriptAsync_WithValidScript_ShouldNotThrowException" storage="/workspace/tests/fluentuiscaffold.playwright.tests/bin/debug/net7.0/fluentuiscaffold.playwright.tests.dll" id="ba32e0e1-6ed8-0e3a-e188-0c4b4bac2eae">
      <Execution id="95ffb956-1c52-43dd-b3c0-0d0712cfa40f" />
      <TestMethod codeBase="/workspace/tests/FluentUIScaffold.Playwright.Tests/bin/Debug/net7.0/FluentUIScaffold.Playwright.Tests.dll" adapterTypeName="executor://nunit3testexecutor/" className="FluentUIScaffold.Playwright.Tests.PlaywrightAdvancedFeaturesTests" name="AddInitScriptAsync_WithValidScript_ShouldNotThrowException" />
    </UnitTest>
    <UnitTest name="EvaluateJavaScriptAsync_WithValidScript_ShouldReturnResult" storage="/workspace/tests/fluentuiscaffold.playwright.tests/bin/debug/net7.0/fluentuiscaffold.playwright.tests.dll" id="362c113e-5702-d90c-7ecb-13bbbfd61463">
      <Execution id="8f61cf70-e1fa-41b2-9748-3b4ce28c7636" />
      <TestMethod codeBase="/workspace/tests/FluentUIScaffold.Playwright.Tests/bin/Debug/net7.0/FluentUIScaffold.Playwright.Tests.dll" adapterTypeName="executor://nunit3testexecutor/" className="FluentUIScaffold.Playwright.Tests.PlaywrightAdvancedFeaturesTests" name="EvaluateJavaScriptAsync_WithValidScript_ShouldReturnResult" />
    </UnitTest>
    <UnitTest name="WaitForElementToBeHidden_WithEmptySelector_ShouldThrowArgumentException" storage="/workspace/tests/fluentuiscaffold.playwright.tests/bin/debug/net7.0/fluentuiscaffold.playwright.tests.dll" id="93c9e350-5104-a6bd-9d83-106bac79dae7">
      <Execution id="0faf1fbc-d4d0-4510-b581-52b7a40e1596" />
      <TestMethod codeBase="/workspace/tests/FluentUIScaffold.Playwright.Tests/bin/Debug/net7.0/FluentUIScaffold.Playwright.Tests.dll" adapterTypeName="executor://nunit3testexecutor/" className="FluentUIScaffold.Playwright.Tests.PlaywrightDriverTests" name="WaitForElementToBeHidden_WithEmptySelector_ShouldThrowArgumentException" />
    </UnitTest>
  </TestDefinitions>
  <TestEntries>
    <TestEntry testId="a0b42499-9aa5-d679-1ef3-7d05e5974b9e" executionId="6304c662-5cda-4857-bcb7-37a70971aed0" testListId="8c84fa94-04c1-424b-9868-57a2d4851a1d" />
    <TestEntry testId="98ab0928-473a-f0b2-1c0f-979f2f5dd59d" executionId="320ae531-9137-4f89-86f0-fcf12bed8d24" testListId="8c84fa94-04c1-424b-9868-57a2d4851a1d" />
    <TestEntry testId="d35e5fdf-75d0-2f95-568c-44152552faab" executionId="591a91c2-1a28-423c-bd16-1b7164cfd1bc" testListId="8c84fa94-04c1-424b-9868-57a2d4851a1d" />
    <TestEntry testId="4877fee6-7639-5a08-f7d7-8315d464aac4" executionId="d01b6973-31ad-4696-9454-aa5ce03897de" testListId="8c84fa94-04c1-424b-9868-57a2d4851a1d" />
    <TestEntry testId="39a497ce-1c9b-21eb-4e39-bf1601ef01af" executionId="92726211-c5fa-499e-a3eb-c96872a134d5" testListId="8c84fa94-04c1-424b-9868-57a2d4851a1d" />
    <TestEntry testId="b08e593a-105a-8f9a-8a16-fc40973c941d" executionId="e60f8d04-e5c1-463b-9f6a-c4194cb45f9d" testListId="8c84fa94-04c1-424b-9868-57a2d4851a1d" />
    <TestEntry testId="7def36c3-84cc-de65-8474-fb3817dac248" executionId="426e0bc1-5dc5-4eaf-8a6d-0a5c134b2fd7" testListId="8c84fa94-04c1-424b-9868-57a2d4851a1d" />
    <TestEntry testId="d004b151-1a2b-5307-b77d-2f9884eee910" executionId="2e1c3382-d9fa-4a02-ba00-7fac17028dd3" testListId="8c84fa94-04c1-424b-9868-57a2d4851a1d" />
    <TestEntry testId="4f4ef7fd-36f7-ba05-36a3-7b3f66834768" executionId="efa31e6c-9ea7-4a84-9793-c075d900e0d2" testListId="8c84fa94-04c1-424b-9868-57a2d4851a1d" />
    <TestEntry testId="42fb382d-1c8c-a4e5-48a8-bcf25cccc671" executionId="f0dfa540-628a-4f01-a19f-52495a38a4fc" testListId="8c84fa94-04c1-424b-9868-57a2d4851a1d" />
    <TestEntry testId="9d8e977a-2daa-bc0b-9397-cfa6dd67da2e" executionId="27705f0d-df33-4961-85ff-a86b49e269e1" testListId="8c84fa94-04c1-424b-9868-57a2d4851a1d" />
    <TestEntry testId="ab7fb356-7440-899e-cd01-0e36beaea533" executionId="d372c9b6-1804-4b52-a3c9-4bce0b3fae96" testListId="8c84fa94-04c1-424b-9868-57a2d4851a1d" />
    <TestEntry testId="f7945da7-05fc-93b2-6c8b-30796e4537e2" executionId="657f5aef-7013-44d5-9537-655ef7e7adcf" testListId="8c84fa94-04c1-424b-9868-57a2d4851a1d" />
    <TestEntry testId="4dbe9558-da89-b0af-04d4-50fba6f3e664" executionId="e6907c3d-6fc2-4703-a140-26a5b98e3497" testListId="8c84fa94-04c1-424b-9868-57a2d4851a1d" />
    <TestEntry testId="b2ab8ddd-ea45-0e6e-e413-55319ef7b10b" executionId="682e253c-e2f3-42c3-8772-6e10f23fe913" testListId="8c84fa94-04c1-424b-9868-57a2d4851a1d" />
    <TestEntry testId="f9eaa350-3407-dfbf-81e7-a2dcc8ed9569" executionId="d6b637ca-78c1-4365-a9ee-87d82ef1c547" testListId="8c84fa94-04c1-424b-9868-57a2d4851a1d" />
    <TestEntry testId="8a988672-c520-f531-e937-e9bc3434963b" executionId="1504bd4c-cbc9-4903-a8a8-0a7786e0c354" testListId="8c84fa94-04c1-424b-9868-57a2d4851a1d" />
    <TestEntry testId="91fc287d-2917-073f-d019-a49cedb4c089" executionId="7827f3b5-ac04-4cf7-8a11-da110ff98bcd" testListId="8c84fa94-04c1-424b-9868-57a2d4851a1d" />
    <TestEntry testId="4ea4703d-971f-8d0f-9080-579d4df73c0e" executionId="ac0227a0-6e81-4647-9521-688fd1d84b77" testListId="8c84fa94-04c1-424b-9868-57a2d4851a1d" />
    <TestEntry testId="7129b340-9055-6f76-82b2-850b838de151" executionId="aa8ea554-fe98-4cdc-842c-c4f8d516f7c0" testListId="8c84fa94-04c1-424b-9868-57a2d4851a1d" />
    <TestEntry testId="25abdc2d-45ef-3e74-73db-d094b04fac31" executionId="18a3d54b-5b6f-4611-8e33-4a7187396833" testListId="8c84fa94-04c1-424b-9868-57a2d4851a1d" />
    <TestEntry testId="815098b5-efab-3788-b82b-7c2f40ad7411" executionId="1fdfee1a-cca7-4749-9d44-c9a223b38abb" testListId="8c84fa94-04c1-424b-9868-57a2d4851a1d" />
    <TestEntry testId="8e4e42a9-cbeb-2ffe-badb-66dcdda7de9a" executionId="daf1f96b-0add-487c-b583-a30186c86910" testListId="8c84fa94-04c1-424b-9868-57a2d4851a1d" />
    <TestEntry testId="362c113e-5702-d90c-7ecb-13bbbfd61463" executionId="8f61cf70-e1fa-41b2-9748-3b4ce28c7636" testListId="8c84fa94-04c1-424b-9868-57a2d4851a1d" />
    <TestEntry testId="236ebad8-d8a1-9190-7cc9-fc41c258d7ec" executionId="80de89cb-aa20-45e7-8bc8-af5e0920b04a" testListId="8c84fa94-04c1-424b-9868-57a2d4851a1d" />
    <TestEntry testId="93c9e350-5104-a6bd-9d83-106bac79dae7" executionId="0faf1fbc-d4d0-4510-b581-52b7a40e1596" testListId="8c84fa94-04c1-424b-9868-57a2d4851a1d" />
    <TestEntry testId="3c8cad92-46ed-0873-a4a3-5d20f77cde53" executionId="162ccb6a-0bd9-4faf-b5ed-37ef79e2fda2" testListId="8c84fa94-04c1-424b-9868-57a2d4851a1d" />
    <TestEntry testId="ba32e0e1-6ed8-0e3a-e188-0c4b4bac2eae" executionId="95ffb956-1c52-43dd-b3c0-0d0712cfa40f" testListId="8c84fa94-04c1-424b-9868-57a2d4851a1d" />
    <TestEntry testId="27a6b503-6d8a-6bf4-22e7-91fa4a9610ae" executionId="533d109d-7409-4a55-808b-0c4ac6d6e9c8" testListId="8c84fa94-04c1-424b-9868-57a2d4851a1d" />
    <TestEntry testId="2a52eb47-2f2b-89a4-1aaf-1041ed903d63" executionId="d614cc4f-4b6f-4803-84f0-fb1e9637dcc1" testListId="8c84fa94-04c1-424b-9868-57a2d4851a1d" />
    <TestEntry testId="6d764fe3-fd38-7c7c-3992-4f2ce7db3d78" executionId="a96792ec-9cad-4476-9e42-d1112aa5302d" testListId="8c84fa94-04c1-424b-9868-57a2d4851a1d" />
    <TestEntry testId="6e3418a6-0523-597c-afc0-6f63762ec308" executionId="57308f84-ced1-4b2a-9313-1e1b5c275284" testListId="8c84fa94-04c1-424b-9868-57a2d4851a1d" />
    <TestEntry testId="ef42b422-8ac9-4685-b465-5741dfd4e276" executionId="6455b396-37e8-4585-9063-4df0f6ded493" testListId="8c84fa94-04c1-424b-9868-57a2d4851a1d" />
    <TestEntry testId="df4d6327-e7bc-643e-5619-c31e31143540" executionId="1708aec7-b5d0-47e2-88a3-ea94ca3ec7fd" testListId="8c84fa94-04c1-424b-9868-57a2d4851a1d" />
    <TestEntry testId="c5ace3fd-819e-bba6-cdba-2401aa2b6b10" executionId="52884783-f7aa-4135-ad55-cfc5f15e7767" testListId="8c84fa94-04c1-424b-9868-57a2d4851a1d" />
    <TestEntry testId="7c2b473a-b129-8a39-0f11-3dfd0ad70e94" executionId="25358720-1618-4a41-8190-7d5a32d10022" testListId="8c84fa94-04c1-424b-9868-57a2d4851a1d" />
    <TestEntry testId="b4a2eecf-9a99-b799-a456-523f1eb6e158" executionId="14646b00-acb7-4206-97c7-658efdb568e8" testListId="8c84fa94-04c1-424b-9868-57a2d4851a1d" />
    <TestEntry testId="4c697dac-7fda-ed9a-8482-a66b241202c5" executionId="a8303731-83a2-440c-9016-47f2308a75b2" testListId="8c84fa94-04c1-424b-9868-57a2d4851a1d" />
    <TestEntry testId="e5737d36-51a6-dc2d-8804-78bd59fa91a2" executionId="0359bb86-6032-47ee-b1c5-1835f9437925" testListId="8c84fa94-04c1-424b-9868-57a2d4851a1d" />
    <TestEntry testId="fa631617-c65d-b7c1-e160-e4d485baa491" executionId="4a2870b2-fdbb-4a08-853a-c8b5ab1739da" testListId="8c84fa94-04c1-424b-9868-57a2d4851a1d" />
    <TestEntry testId="e2038e8d-a0ec-f93d-73e6-4ef1063fd72c" executionId="20b74d48-50c0-42aa-b14f-ee6ce850222d" testListId="8c84fa94-04c1-424b-9868-57a2d4851a1d" />
    <TestEntry testId="f62e70a1-30d9-b0fc-8eea-390e512b56f9" executionId="98f2d67d-c342-4ab6-b1cb-8a5fb0cc68c7" testListId="8c84fa94-04c1-424b-9868-57a2d4851a1d" />
    <TestEntry testId="1c19d2b9-0d7d-1341-0e1e-577e56b55133" executionId="53394f10-d8de-4e82-9031-8768bbeeeb76" testListId="8c84fa94-04c1-424b-9868-57a2d4851a1d" />
    <TestEntry testId="c4dce798-f1a3-ea12-2f13-63b553ffaea1" executionId="2c345152-7a23-4d45-9bef-9a0f2aa00b26" testListId="8c84fa94-04c1-424b-9868-57a2d4851a1d" />
    <TestEntry testId="5637c2bc-4ff0-830b-afbc-8160de8eaeff" executionId="96af1666-89d2-4a1b-8f55-ff3435089bc1" testListId="8c84fa94-04c1-424b-9868-57a2d4851a1d" />
    <TestEntry testId="d8f4bef2-a3b9-084c-3bb4-021b9fe3d72e" executionId="9442e36e-274a-4d78-902f-01ca4bd64ba3" testListId="8c84fa94-04c1-424b-9868-57a2d4851a1d" />
    <TestEntry testId="b658b339-aeef-29fb-d21b-40e08f77927d" executionId="991a1a25-c5bf-4e3a-a280-7e09d9d70902" testListId="8c84fa94-04c1-424b-9868-57a2d4851a1d" />
    <TestEntry testId="471c48b8-3934-9ff4-83c3-85e85475d277" executionId="c64ba18d-bf49-478a-bba6-25101ff4847f" testListId="8c84fa94-04c1-424b-9868-57a2d4851a1d" />
    <TestEntry testId="c664cdab-350c-1fb1-39db-9c396900386f" executionId="21a305ad-6665-41a0-8bd9-ee00bed5d971" testListId="8c84fa94-04c1-424b-9868-57a2d4851a1d" />
    <TestEntry testId="3ff93f72-7ce5-5fab-8610-20cbfcaf06d2" executionId="81666db0-a3c7-4c5f-a248-934229d5ceeb" testListId="8c84fa94-04c1-424b-9868-57a2d4851a1d" />
    <TestEntry testId="2b967a35-4f93-7672-b237-6aff698f6ce5" executionId="b63beab6-faa9-46ed-8f68-8934252b694c" testListId="8c84fa94-04c1-424b-9868-57a2d4851a1d" />
    <TestEntry testId="cdf95cc8-e652-0533-8bc6-85dc81d809bd" executionId="ea4b1a22-acee-4f1a-83ca-fc2a62c01eb3" testListId="8c84fa94-04c1-424b-9868-57a2d4851a1d" />
    <TestEntry testId="8bfbe005-5221-22b1-278d-cb9bd37053a6" executionId="f5e523b5-3e59-4cd8-b443-133847b207ff" testListId="8c84fa94-04c1-424b-9868-57a2d4851a1d" />
    <TestEntry testId="7bcdd09f-6609-1f20-233b-7512e4e6f7c1" executionId="a28ae700-fa83-414e-9122-47c4c08df113" testListId="8c84fa94-04c1-424b-9868-57a2d4851a1d" />
    <TestEntry testId="5d8f4898-8bd2-03b0-b2a9-5666b648c3a8" executionId="dafc779a-f2be-4b55-930b-fa316dcf590d" testListId="8c84fa94-04c1-424b-9868-57a2d4851a1d" />
    <TestEntry testId="ff27c3ee-967a-d5b0-28a4-0b2f2d102b00" executionId="3996c67c-6a9b-4582-b050-70ac9c6f142e" testListId="8c84fa94-04c1-424b-9868-57a2d4851a1d" />
    <TestEntry testId="a9901a4f-2a1e-0b93-d3e6-730637b0b658" executionId="82b222fe-0ef9-4323-9fcc-698e44d81c3b" testListId="8c84fa94-04c1-424b-9868-57a2d4851a1d" />
    <TestEntry testId="3ffb125b-102b-bde1-b8fc-5af3a8320f3e" executionId="2ee80b12-d2a4-4aad-b9cd-cacc5e35c6db" testListId="8c84fa94-04c1-424b-9868-57a2d4851a1d" />
    <TestEntry testId="89d34624-71ad-44f5-abfd-0f410f0823b2" executionId="8ef05e55-ea7a-4777-a47d-6d032dae843c" testListId="8c84fa94-04c1-424b-9868-57a2d4851a1d" />
    <TestEntry testId="ce7ef0ae-30d6-cbcc-bdb4-d03420e984dd" executionId="9aec1e2e-d970-4421-b845-3d8d7139ac0d" testListId="8c84fa94-04c1-424b-9868-57a2d4851a1d" />
    <TestEntry testId="bf3e385b-dfdb-8f76-ab68-66223f8891f9" executionId="e43398fe-b6d5-477d-a23f-282332aae11c" testListId="8c84fa94-04c1-424b-9868-57a2d4851a1d" />
    <TestEntry testId="ae12414c-2a3b-8fba-bfbc-5cc41bbf8493" executionId="a9c6fa48-e5bc-42e1-8594-e1b04dfb1042" testListId="8c84fa94-04c1-424b-9868-57a2d4851a1d" />
    <TestEntry testId="a040c7ad-7721-eef7-f7a3-3be656e62ca9" executionId="e6694c6b-8595-43bc-bfc0-285538c32afc" testListId="8c84fa94-04c1-424b-9868-57a2d4851a1d" />
    <TestEntry testId="11bf123b-4b49-9aad-cb04-3660819fe124" executionId="2ed03d8b-1346-4a31-9d34-fa36e9812322" testListId="8c84fa94-04c1-424b-9868-57a2d4851a1d" />
    <TestEntry testId="8213bc5b-42b0-75d7-a534-797053f7517b" executionId="a2e57bc7-b6d2-476d-8383-fb80086a00f3" testListId="8c84fa94-04c1-424b-9868-57a2d4851a1d" />
    <TestEntry testId="77166824-4ddf-283f-a4fc-781ad7e809a3" executionId="70c10a77-a221-4d7d-9233-a0eeddcf87e8" testListId="8c84fa94-04c1-424b-9868-57a2d4851a1d" />
    <TestEntry testId="29102099-3023-58e6-1b9e-94381bd37eb7" executionId="0a878602-dfdb-4c61-bd53-c750e7aa2f35" testListId="8c84fa94-04c1-424b-9868-57a2d4851a1d" />
    <TestEntry testId="705b3a66-7abb-be15-4d76-eeeccbd1e039" executionId="5270020d-a79c-4b4d-a68f-cbbb03dcfb50" testListId="8c84fa94-04c1-424b-9868-57a2d4851a1d" />
    <TestEntry testId="45134bbd-894d-df2d-e054-a81510231f3d" executionId="125615d0-1249-4ccf-ad25-bb03701a13d3" testListId="8c84fa94-04c1-424b-9868-57a2d4851a1d" />
    <TestEntry testId="ceb91d2d-ad4f-bb50-563d-695574499def" executionId="9d247351-c816-4945-b1cc-bf19ac0d24de" testListId="8c84fa94-04c1-424b-9868-57a2d4851a1d" />
    <TestEntry testId="76ff7f4d-9c8c-06e9-6eaf-d088e0e04505" executionId="9b5f3c1f-0f8d-4185-b451-5366028c3ec7" testListId="8c84fa94-04c1-424b-9868-57a2d4851a1d" />
    <TestEntry testId="3b14417e-ad23-ef34-465a-8ff764684d0a" executionId="5391bd77-3e22-423e-aa22-de314b524aa6" testListId="8c84fa94-04c1-424b-9868-57a2d4851a1d" />
    <TestEntry testId="93632efa-74f1-63ac-ce85-01344d72df82" executionId="bada0618-4dbc-4821-9748-76d4f60fccc2" testListId="8c84fa94-04c1-424b-9868-57a2d4851a1d" />
    <TestEntry testId="29b927ce-f540-26d4-d1f1-a1b0b62c4d93" executionId="758c8c85-451d-4170-a7fd-657e778ff5fe" testListId="8c84fa94-04c1-424b-9868-57a2d4851a1d" />
    <TestEntry testId="8ad984d6-7085-8350-03f6-84c69fb96b0b" executionId="a9e997c7-8982-4977-a503-835156f2c7fe" testListId="8c84fa94-04c1-424b-9868-57a2d4851a1d" />
    <TestEntry testId="3ad03a22-2777-d2d4-5f83-9fd05f5245af" executionId="d29fbfba-f88f-4d3b-a7bc-5c382577511e" testListId="8c84fa94-04c1-424b-9868-57a2d4851a1d" />
    <TestEntry testId="77b8f1d6-b8c9-e577-da61-e76abc5e190a" executionId="a7baebc5-e2b5-4a4b-916b-8fb9e770ff7d" testListId="8c84fa94-04c1-424b-9868-57a2d4851a1d" />
    <TestEntry testId="3498048a-05a3-5fab-e906-09acaee53433" executionId="2a194697-2e21-41d7-8ecb-62b087ab2e30" testListId="8c84fa94-04c1-424b-9868-57a2d4851a1d" />
    <TestEntry testId="a7110f0d-1515-f79f-160d-c973adc19695" executionId="a295f225-b5d3-400e-864d-76ad7ba35f92" testListId="8c84fa94-04c1-424b-9868-57a2d4851a1d" />
    <TestEntry testId="4d512506-d61d-6e99-e5c8-886efba56d40" executionId="e2886633-eb2d-44cd-aa0e-70dec3691b09" testListId="8c84fa94-04c1-424b-9868-57a2d4851a1d" />
    <TestEntry testId="f18c7ad7-eb0f-06f7-7be6-b1c9e4fa00a2" executionId="cc151384-2b78-4c41-b23d-dbbbab43efaa" testListId="8c84fa94-04c1-424b-9868-57a2d4851a1d" />
    <TestEntry testId="944f38ad-08f1-a287-da8c-959767d157ca" executionId="90ddceb4-6fa6-4f7d-8325-44f897ca7842" testListId="8c84fa94-04c1-424b-9868-57a2d4851a1d" />
    <TestEntry testId="cd2fb9d4-c210-d572-239c-0d75835cfc5e" executionId="7b0b0c05-34d7-4f18-bf6d-27ebb6ec38ca" testListId="8c84fa94-04c1-424b-9868-57a2d4851a1d" />
    <TestEntry testId="8b412a83-eed0-b405-9d7e-9460966d666b" executionId="502dfcc2-762f-4a8f-9298-7650eadf4468" testListId="8c84fa94-04c1-424b-9868-57a2d4851a1d" />
    <TestEntry testId="13205d21-5396-0d73-194f-16064907002f" executionId="c6e61a9f-12fe-4b4a-9d74-94027b1feec2" testListId="8c84fa94-04c1-424b-9868-57a2d4851a1d" />
    <TestEntry testId="6a43d979-e903-e862-7ae2-248d09dea56d" executionId="aad9528a-b2d2-4a90-bfc3-b8e74d69834f" testListId="8c84fa94-04c1-424b-9868-57a2d4851a1d" />
    <TestEntry testId="e8d74a76-a6dc-3af0-710e-e305cc9a27a7" executionId="63a977fa-cefd-4cd4-9352-61a5b5fd9c82" testListId="8c84fa94-04c1-424b-9868-57a2d4851a1d" />
    <TestEntry testId="08024d7f-f5d4-70e2-2d00-1732d845efa4" executionId="73625209-1a60-4ed9-b0a8-6d0799aeb275" testListId="8c84fa94-04c1-424b-9868-57a2d4851a1d" />
    <TestEntry testId="4037d24c-70f3-df4c-51c5-e323f0c729ef" executionId="069680f6-ce6e-441c-a3ab-6767264bfa21" testListId="8c84fa94-04c1-424b-9868-57a2d4851a1d" />
    <TestEntry testId="a5d32aa4-c3a6-e1da-183c-f4e414cd9910" executionId="6e3a75f1-d45e-47f0-b0ba-fa455e4b7d61" testListId="8c84fa94-04c1-424b-9868-57a2d4851a1d" />
    <TestEntry testId="d8a94e68-473e-230d-959c-c6cb87f94d0d" executionId="3f010b7f-fb8f-4c11-a6fa-2acb1fd1f4cc" testListId="8c84fa94-04c1-424b-9868-57a2d4851a1d" />
    <TestEntry testId="34add508-2a70-84a8-717f-061411066a1d" executionId="a9bef9fd-e288-427c-8b6f-2260a7d906b0" testListId="8c84fa94-04c1-424b-9868-57a2d4851a1d" />
    <TestEntry testId="bcd1ca03-417a-4076-e596-5bfcbb44e0e2" executionId="680c8a16-9337-4690-ab26-fddfe04649e6" testListId="8c84fa94-04c1-424b-9868-57a2d4851a1d" />
    <TestEntry testId="431f452d-c23f-9ca3-4bae-283bd4f22bb9" executionId="b5a25e69-6fd6-4cdd-ac37-29ebc0080a1f" testListId="8c84fa94-04c1-424b-9868-57a2d4851a1d" />
    <TestEntry testId="9c4667d8-9f8a-fe5b-50bf-47a735c0cdb4" executionId="a6ec38bf-9a19-441a-b26d-a152bf0787e2" testListId="8c84fa94-04c1-424b-9868-57a2d4851a1d" />
    <TestEntry testId="e4684098-88e8-a927-a52a-bb65b5d5ba67" executionId="cbc9d4b0-43f2-40db-a5dc-cc5b072f4c64" testListId="8c84fa94-04c1-424b-9868-57a2d4851a1d" />
    <TestEntry testId="eae310e3-db41-6fc8-d145-0be80a4f2556" executionId="21cffcae-508a-42d9-ba84-5211d19474a6" testListId="8c84fa94-04c1-424b-9868-57a2d4851a1d" />
    <TestEntry testId="8b1d7b5e-1d6e-fbde-e6fa-a6405decaab9" executionId="9e4f6390-9c9a-442f-a459-2dc3eaec9a6a" testListId="8c84fa94-04c1-424b-9868-57a2d4851a1d" />
    <TestEntry testId="81987c09-bfbe-10db-7f52-1c7de4cb6a0e" executionId="4a123e66-a444-4de5-ba92-6af2098d974c" testListId="8c84fa94-04c1-424b-9868-57a2d4851a1d" />
    <TestEntry testId="f44ad0a1-0847-0f54-bff5-381243908744" executionId="20a50e33-6726-4f4e-8b91-91d8bcc8d3e9" testListId="8c84fa94-04c1-424b-9868-57a2d4851a1d" />
    <TestEntry testId="95496f37-19bd-a3f6-2a2c-3d627f1301ea" executionId="15f74eca-6935-4f59-a4cc-f44b52f29a52" testListId="8c84fa94-04c1-424b-9868-57a2d4851a1d" />
    <TestEntry testId="babf245e-61e1-cd79-5730-5304e9bd7511" executionId="7e10a055-abad-4a5a-94a2-f1364907dd24" testListId="8c84fa94-04c1-424b-9868-57a2d4851a1d" />
    <TestEntry testId="0bc0dd3d-4205-ff81-c8aa-57581549ca33" executionId="ed8e4142-ef4f-4b0e-a7ba-cfea0a48779a" testListId="8c84fa94-04c1-424b-9868-57a2d4851a1d" />
    <TestEntry testId="ded617c3-d704-a2dc-89a2-9e07115fa2fd" executionId="93b67882-1c32-4c80-8d49-a85552e025d8" testListId="8c84fa94-04c1-424b-9868-57a2d4851a1d" />
    <TestEntry testId="ce9a076c-9acd-572b-8425-afddb1c89e02" executionId="683e4c9a-3538-42a6-a03e-d674c080e25a" testListId="8c84fa94-04c1-424b-9868-57a2d4851a1d" />
    <TestEntry testId="6e8c0812-e23c-e7a6-cbe8-62f734dab9f7" executionId="3052de30-e17c-4d9d-a860-21fbbe39e38e" testListId="8c84fa94-04c1-424b-9868-57a2d4851a1d" />
    <TestEntry testId="b5825f7a-1718-d5b8-d745-4d4cf3df9a9b" executionId="d4350824-1ad3-4981-805d-563521f6386f" testListId="8c84fa94-04c1-424b-9868-57a2d4851a1d" />
    <TestEntry testId="a17eff27-7a9d-3fe1-a994-0b42d6f3dc3a" executionId="38a7fa65-a8f2-4b6c-871f-b96d191430c8" testListId="8c84fa94-04c1-424b-9868-57a2d4851a1d" />
    <TestEntry testId="45856250-19cb-ef6e-6149-9cc71288bcb7" executionId="4536da8c-129a-461f-9f9c-71ef55c18f05" testListId="8c84fa94-04c1-424b-9868-57a2d4851a1d" />
    <TestEntry testId="e44936e1-43c5-f732-a194-48ac2203688b" executionId="6b507503-9f57-4d4e-ba3b-374ed076c472" testListId="8c84fa94-04c1-424b-9868-57a2d4851a1d" />
  </TestEntries>
  <TestLists>
    <TestList name="Results Not in a List" id="8c84fa94-04c1-424b-9868-57a2d4851a1d" />
    <TestList name="All Loaded Results" id="19431567-8539-422a-85d7-44ee4e166bda" />
  </TestLists>
  <ResultSummary outcome="Completed">
    <Counters total="110" executed="110" passed="110" failed="0" error="0" timeout="0" aborted="0" inconclusive="0" passedButRunAborted="0" notRunnable="0" notExecuted="0" disconnected="0" warning="0" completed="0" inProgress="0" pending="0" />
    <Output>
      <StdOut>NUnit Adapter 4.5.0.0: Test execution started
Running all tests in /workspace/tests/FluentUIScaffold.Playwright.Tests/bin/Debug/net7.0/FluentUIScaffold.Playwright.Tests.dll
   NUnit3TestExecutor discovered 110 of 110 NUnit test cases using Current Discovery mode, Non-Explicit run
NUnit Adapter 4.5.0.0: Test execution complete
</StdOut>
    </Output>
    <CollectorDataEntries>
      <Collector agentName="cursor" uri="datacollector://microsoft/CoverletCodeCoverage/1.0" collectorDisplayName="XPlat code coverage">
        <UriAttachments>
          <UriAttachment>
            <A href="cursor/coverage.cobertura.xml"></A>
          </UriAttachment>
        </UriAttachments>
      </Collector>
    </CollectorDataEntries>
  </ResultSummary>
</TestRun>